   #Iter             <M>           <M^2>           <M^4>      U_{Binder}            \chi        C_v(tot)             <E>       <E_{exc}>       <E_{lsf}>
       1  1.26080428E-01  1.64085347E-02  3.00242375E-04  6.28284104E-01  3.21016315E-04  2.50140175E-01 -1.78341469E+00 -1.78341469E+00  0.00000000E+00
      11  1.13583954E-01  1.51254920E-02  3.75543975E-04  4.52832209E-01  1.39381707E-03  3.27138875E-01 -1.97019495E+00 -1.97019495E+00  0.00000000E+00
      21  1.12197223E-01  1.50735538E-02  3.85777649E-04  4.34041615E-01  1.55747691E-03  3.69992541E-01 -1.95021780E+00 -1.95021780E+00  0.00000000E+00
      31  1.18503249E-01  1.69888606E-02  4.94872996E-04  4.28463467E-01  1.84605906E-03  3.83448164E-01 -1.96528988E+00 -1.96528988E+00  0.00000000E+00
      41  1.16076317E-01  1.64283226E-02  4.65868227E-04  4.24619166E-01  1.85155539E-03  4.09196837E-01 -1.95322586E+00 -1.95322586E+00  0.00000000E+00
      51  1.10644771E-01  1.48588175E-02  3.86571368E-04  4.16366877E-01  1.63970520E-03  4.82228246E-01 -1.93008940E+00 -1.93008940E+00  0.00000000E+00
      61  1.09773578E-01  1.45776119E-02  3.77803635E-04  4.07385726E-01  1.58381990E-03  5.18914387E-01 -1.94125026E+00 -1.94125026E+00  0.00000000E+00
      71  1.14112456E-01  1.56819369E-02  4.38578722E-04  4.05534165E-01  1.66711050E-03  4.76778829E-01 -1.94771593E+00 -1.94771593E+00  0.00000000E+00
      81  1.14084536E-01  1.55623021E-02  4.18630806E-04  4.23814603E-01  1.59613207E-03  4.46680276E-01 -1.94581936E+00 -1.94581936E+00  0.00000000E+00
      91  1.13238882E-01  1.52071240E-02  3.91210216E-04  4.36109526E-01  1.49402239E-03  4.47800111E-01 -1.95874167E+00 -1.95874167E+00  0.00000000E+00
     101  1.14738179E-01  1.55595880E-02  4.02605808E-04  4.45677389E-01  1.50070182E-03  4.45137679E-01 -1.95727316E+00 -1.95727316E+00  0.00000000E+00
     111  1.14004600E-01  1.54481303E-02  4.01990053E-04  4.38509767E-01  1.53601018E-03  4.41864314E-01 -1.96425746E+00 -1.96425746E+00  0.00000000E+00
     121  1.15183265E-01  1.58820587E-02  4.31846069E-04  4.29318067E-01  1.63865359E-03  4.49756201E-01 -1.96557025E+00 -1.96557025E+00  0.00000000E+00
     131  1.14488258E-01  1.56311929E-02  4.12500888E-04  4.37244969E-01  1.58147508E-03  4.58271118E-01 -1.95859640E+00 -1.95859640E+00  0.00000000E+00
     141  1.13635731E-01  1.53202987E-02  3.92500030E-04  4.42578167E-01  1.50852323E-03  4.51845886E-01 -1.96256955E+00 -1.96256955E+00  0.00000000E+00
     151  1.15125068E-01  1.56429686E-02  3.97571231E-04  4.58429062E-01  1.49722322E-03  4.58577099E-01 -1.96008979E+00 -1.96008979E+00  0.00000000E+00
     161  1.13077939E-01  1.51574387E-02  3.78022541E-04  4.51540200E-01  1.48571212E-03  4.66498838E-01 -1.96147748E+00 -1.96147748E+00  0.00000000E+00
     171  1.14095459E-01  1.53711456E-02  3.86237016E-04  4.55095787E-01  1.47477894E-03  4.55632370E-01 -1.96295726E+00 -1.96295726E+00  0.00000000E+00
     181  1.14107067E-01  1.52609083E-02  3.74204667E-04  4.64416510E-01  1.40403679E-03  4.84683239E-01 -1.95812338E+00 -1.95812338E+00  0.00000000E+00
     191  1.14166694E-01  1.52265959E-02  3.69230435E-04  4.69151502E-01  1.37400476E-03  4.69892334E-01 -1.95378701E+00 -1.95378701E+00  0.00000000E+00
     201  1.14298476E-01  1.52607622E-02  3.71321689E-04  4.68532625E-01  1.37654825E-03  4.78280911E-01 -1.95407647E+00 -1.95407647E+00  0.00000000E+00
     211  1.14230090E-01  1.54004162E-02  3.94776402E-04  4.45163514E-01  1.47385823E-03  4.77725621E-01 -1.95377746E+00 -1.95377746E+00  0.00000000E+00
     221  1.14475061E-01  1.54393683E-02  3.95174186E-04  4.47403340E-01  1.46315856E-03  4.71547954E-01 -1.94662941E+00 -1.94662941E+00  0.00000000E+00
     231  1.14100884E-01  1.52937167E-02  3.85226468E-04  4.51004506E-01  1.42548098E-03  4.70189117E-01 -1.94771616E+00 -1.94771616E+00  0.00000000E+00
     241  1.14833986E-01  1.54782173E-02  3.93095314E-04  4.53066240E-01  1.43592625E-03  4.65744336E-01 -1.94997814E+00 -1.94997814E+00  0.00000000E+00
     251  1.15454413E-01  1.56074174E-02  3.96311368E-04  4.57683038E-01  1.42735528E-03  4.59781225E-01 -1.95002712E+00 -1.95002712E+00  0.00000000E+00
     261  1.16038173E-01  1.57844210E-02  4.06395939E-04  4.56285654E-01  1.45359235E-03  4.56530980E-01 -1.95030844E+00 -1.95030844E+00  0.00000000E+00
     271  1.15198997E-01  1.55880646E-02  3.98905549E-04  4.52776892E-01  1.45214605E-03  4.50387589E-01 -1.94818768E+00 -1.94818768E+00  0.00000000E+00
     281  1.14909571E-01  1.55770079E-02  4.00089584E-04  4.50373188E-01  1.48695292E-03  4.48462899E-01 -1.94608789E+00 -1.94608789E+00  0.00000000E+00
     291  1.15694970E-01  1.58417506E-02  4.19577756E-04  4.42705374E-01  1.53935853E-03  4.40882498E-01 -1.94682760E+00 -1.94682760E+00  0.00000000E+00
     301  1.15492748E-01  1.57877749E-02  4.15215515E-04  4.44721999E-01  1.53483117E-03  4.31681612E-01 -1.94764538E+00 -1.94764538E+00  0.00000000E+00
     311  1.15360562E-01  1.57396804E-02  4.12846959E-04  4.44510290E-01  1.52381505E-03  4.19002286E-01 -1.94726734E+00 -1.94726734E+00  0.00000000E+00
     321  1.14740071E-01  1.55455266E-02  4.01833586E-04  4.45739277E-01  1.49161800E-03  4.18126694E-01 -1.94640694E+00 -1.94640694E+00  0.00000000E+00
     331  1.14246889E-01  1.54353208E-02  3.97967893E-04  4.43204827E-01  1.49332648E-03  4.05696879E-01 -1.94627240E+00 -1.94627240E+00  0.00000000E+00
     341  1.13514395E-01  1.52536014E-02  3.89468909E-04  4.42035264E-01  1.48399822E-03  4.02485792E-01 -1.94485493E+00 -1.94485493E+00  0.00000000E+00
     351  1.13781602E-01  1.53433953E-02  3.96270653E-04  4.38916225E-01  1.50220835E-03  4.13769873E-01 -1.94535541E+00 -1.94535541E+00  0.00000000E+00
     361  1.13177603E-01  1.51937690E-02  3.90308094E-04  4.36420397E-01  1.49434795E-03  4.14501309E-01 -1.94309802E+00 -1.94309802E+00  0.00000000E+00
     371  1.12884949E-01  1.51146984E-02  3.85598793E-04  4.37379647E-01  1.48625623E-03  4.09364862E-01 -1.94218921E+00 -1.94218921E+00  0.00000000E+00
     381  1.12360073E-01  1.49757744E-02  3.78066501E-04  4.38087921E-01  1.47328519E-03  4.10184061E-01 -1.94271889E+00 -1.94271889E+00  0.00000000E+00
     391  1.13355273E-01  1.52264716E-02  3.89152509E-04  4.40500080E-01  1.48961953E-03  4.24484940E-01 -1.94460593E+00 -1.94460593E+00  0.00000000E+00
     401  1.13240908E-01  1.51921334E-02  3.86490241E-04  4.41812964E-01  1.48434071E-03  4.27407226E-01 -1.94849994E+00 -1.94849994E+00  0.00000000E+00
     411  1.13758563E-01  1.53182029E-02  3.91519021E-04  4.43819218E-01  1.48970626E-03  4.24081968E-01 -1.94781249E+00 -1.94781249E+00  0.00000000E+00
     421  1.13685493E-01  1.52695452E-02  3.87294946E-04  4.46307842E-01  1.46962891E-03  4.19721346E-01 -1.94613732E+00 -1.94613732E+00  0.00000000E+00
     431  1.13852371E-01  1.53007457E-02  3.87766552E-04  4.47892186E-01  1.46538616E-03  4.30612710E-01 -1.94330442E+00 -1.94330442E+00  0.00000000E+00
     441  1.14308793E-01  1.53779910E-02  3.88459418E-04  4.52448216E-01  1.44853347E-03  4.33664269E-01 -1.94172299E+00 -1.94172299E+00  0.00000000E+00
     451  1.14448276E-01  1.54361792E-02  3.91320725E-04  4.52565744E-01  1.46500258E-03  4.34503846E-01 -1.94073637E+00 -1.94073637E+00  0.00000000E+00
     461  1.14168705E-01  1.53455640E-02  3.86446984E-04  4.52980312E-01  1.44827027E-03  4.28974067E-01 -1.94159492E+00 -1.94159492E+00  0.00000000E+00
     471  1.13910987E-01  1.52522680E-02  3.80526414E-04  4.54751225E-01  1.42664040E-03  4.28154321E-01 -1.94155740E+00 -1.94155740E+00  0.00000000E+00
     481  1.13803351E-01  1.52337329E-02  3.79059010E-04  4.55531329E-01  1.43038479E-03  4.26925579E-01 -1.94095573E+00 -1.94095573E+00  0.00000000E+00
     491  1.14188305E-01  1.53736730E-02  3.89565721E-04  4.50580332E-01  1.46308035E-03  4.35099786E-01 -1.94269084E+00 -1.94269084E+00  0.00000000E+00
     501  1.13719781E-01  1.52506649E-02  3.84279410E-04  4.49257862E-01  1.45291101E-03  4.31388173E-01 -1.94282594E+00 -1.94282594E+00  0.00000000E+00
     511  1.13414834E-01  1.51604049E-02  3.79808554E-04  4.49164549E-01  1.43975358E-03  4.25984883E-01 -1.94221487E+00 -1.94221487E+00  0.00000000E+00
     521  1.13056920E-01  1.50817660E-02  3.76335970E-04  4.48494208E-01  1.44126911E-03  4.26596388E-01 -1.94199594E+00 -1.94199594E+00  0.00000000E+00
     531  1.12870771E-01  1.50481820E-02  3.76149943E-04  4.46303632E-01  1.44657846E-03  4.27359692E-01 -1.94254856E+00 -1.94254856E+00  0.00000000E+00
     541  1.13309079E-01  1.51409623E-02  3.78343885E-04  4.49878644E-01  1.44259530E-03  4.22562064E-01 -1.94180860E+00 -1.94180860E+00  0.00000000E+00
     551  1.13596706E-01  1.52114927E-02  3.80446108E-04  4.51939849E-01  1.44589541E-03  4.31359288E-01 -1.94353804E+00 -1.94353804E+00  0.00000000E+00
     561  1.14441241E-01  1.54445294E-02  3.93556424E-04  4.50033301E-01  1.47124443E-03  4.28605908E-01 -1.94294261E+00 -1.94294261E+00  0.00000000E+00
     571  1.14295017E-01  1.53966340E-02  3.90298406E-04  4.51187554E-01  1.46218989E-03  4.29392132E-01 -1.94407262E+00 -1.94407262E+00  0.00000000E+00
     581  1.13820443E-01  1.52852810E-02  3.86039588E-04  4.49238295E-01  1.46025022E-03  4.28581500E-01 -1.94457149E+00 -1.94457149E+00  0.00000000E+00
     591  1.13901900E-01  1.52990947E-02  3.85625644E-04  4.50821929E-01  1.45728243E-03  4.31854514E-01 -1.94295219E+00 -1.94295219E+00  0.00000000E+00
     601  1.13431869E-01  1.51871727E-02  3.80526125E-04  4.50067531E-01  1.45410635E-03  4.29568629E-01 -1.94392762E+00 -1.94392762E+00  0.00000000E+00
     611  1.13247391E-01  1.51349075E-02  3.77341048E-04  4.50897710E-01  1.44755905E-03  4.27974084E-01 -1.94360856E+00 -1.94360856E+00  0.00000000E+00
     621  1.12954338E-01  1.50795175E-02  3.76092051E-04  4.48687282E-01  1.45438912E-03  4.29189239E-01 -1.94315188E+00 -1.94315188E+00  0.00000000E+00
     631  1.13039372E-01  1.51077674E-02  3.77439296E-04  4.48779604E-01  1.46004974E-03  4.31294106E-01 -1.94529841E+00 -1.94529841E+00  0.00000000E+00
     641  1.13159132E-01  1.51308639E-02  3.77780797E-04  4.49963928E-01  1.45754739E-03  4.34312589E-01 -1.94668044E+00 -1.94668044E+00  0.00000000E+00
     651  1.13310539E-01  1.51851334E-02  3.81844426E-04  4.48014110E-01  1.47006846E-03  4.34290936E-01 -1.94550330E+00 -1.94550330E+00  0.00000000E+00
     661  1.13283071E-01  1.51793132E-02  3.81906304E-04  4.47501210E-01  1.47032153E-03  4.32924940E-01 -1.94642624E+00 -1.94642624E+00  0.00000000E+00
     671  1.13083785E-01  1.51211758E-02  3.78509976E-04  4.48195866E-01  1.46215885E-03  4.30549481E-01 -1.94511171E+00 -1.94511171E+00  0.00000000E+00
     681  1.13499470E-01  1.52087292E-02  3.80672169E-04  4.51414884E-01  1.45800153E-03  4.31116842E-01 -1.94614906E+00 -1.94614906E+00  0.00000000E+00
     691  1.13783126E-01  1.52932817E-02  3.85500398E-04  4.50582863E-01  1.47058648E-03  4.27376748E-01 -1.94587299E+00 -1.94587299E+00  0.00000000E+00
     701  1.13728394E-01  1.52756353E-02  3.84540355E-04  4.50684179E-01  1.46733149E-03  4.22490819E-01 -1.94685848E+00 -1.94685848E+00  0.00000000E+00
     711  1.13722003E-01  1.52616858E-02  3.82667741E-04  4.52359469E-01  1.45950072E-03  4.20307110E-01 -1.94566788E+00 -1.94566788E+00  0.00000000E+00
     721  1.13942526E-01  1.53075908E-02  3.83832373E-04  4.53982381E-01  1.45680600E-03  4.17555276E-01 -1.94561542E+00 -1.94561542E+00  0.00000000E+00
     731  1.13561412E-01  1.52051284E-02  3.79080391E-04  4.53450022E-01  1.44693123E-03  4.13883824E-01 -1.94465331E+00 -1.94465331E+00  0.00000000E+00
     741  1.13701241E-01  1.52480546E-02  3.80917353E-04  4.53889377E-01  1.45391752E-03  4.11424001E-01 -1.94533393E+00 -1.94533393E+00  0.00000000E+00
     751  1.13625151E-01  1.52241708E-02  3.79762154E-04  4.53835920E-01  1.44978990E-03  4.12358555E-01 -1.94467290E+00 -1.94467290E+00  0.00000000E+00
     761  1.13501338E-01  1.51976603E-02  3.78585445E-04  4.53627049E-01  1.45079933E-03  4.11837095E-01 -1.94565501E+00 -1.94565501E+00  0.00000000E+00
     771  1.13152410E-01  1.51138778E-02  3.74735712E-04  4.53170402E-01  1.44785606E-03  4.08504627E-01 -1.94594888E+00 -1.94594888E+00  0.00000000E+00
     781  1.13120506E-01  1.50881913E-02  3.72371145E-04  4.54769171E-01  1.43628308E-03  4.05803993E-01 -1.94640919E+00 -1.94640919E+00  0.00000000E+00
     791  1.12635290E-01  1.49846381E-02  3.69573798E-04  4.51360085E-01  1.44003508E-03  4.04207665E-01 -1.94682770E+00 -1.94682770E+00  0.00000000E+00
