   #Iter             <M>           <M^2>           <M^4>      U_{Binder}            \chi        C_v(tot)             <E>       <E_{exc}>       <E_{lsf}>
       1  1.45799279E-01  2.23124586E-02  5.98038619E-04  5.99582436E-01  8.20739256E-04  2.46526312E-01 -2.74251205E+00 -2.74251205E+00  0.00000000E+00
      11  1.66160542E-01  3.23651277E-02  1.73160303E-03  4.48973564E-01  3.69968402E-03  7.87360156E-01 -2.75490893E+00 -2.75490893E+00  0.00000000E+00
      21  1.66731160E-01  3.28518046E-02  1.74969740E-03  4.59590180E-01  3.93051370E-03  5.44997076E-01 -2.77275103E+00 -2.77275103E+00  0.00000000E+00
      31  1.80652847E-01  3.83916017E-02  2.36333580E-03  4.65519684E-01  4.47788570E-03  5.83916660E-01 -2.78212693E+00 -2.78212693E+00  0.00000000E+00
      41  1.69432394E-01  3.38492416E-02  1.89277321E-03  4.49345187E-01  4.00004555E-03  6.71565001E-01 -2.74806182E+00 -2.74806182E+00  0.00000000E+00
      51  1.69939563E-01  3.40721227E-02  1.92486929E-03  4.47310002E-01  4.03953516E-03  6.60798487E-01 -2.75164905E+00 -2.75164905E+00  0.00000000E+00
      61  1.65992418E-01  3.23681977E-02  1.71560710E-03  4.54167307E-01  3.74551399E-03  7.01265439E-01 -2.75777691E+00 -2.75777691E+00  0.00000000E+00
      71  1.68922164E-01  3.33636633E-02  1.79466078E-03  4.62580208E-01  3.75660040E-03  6.97022906E-01 -2.74138130E+00 -2.74138130E+00  0.00000000E+00
      81  1.66683637E-01  3.25621184E-02  1.70291096E-03  4.64640660E-01  3.71748412E-03  6.42320028E-01 -2.74249794E+00 -2.74249794E+00  0.00000000E+00
      91  1.62661101E-01  3.14637198E-02  1.66280790E-03  4.40112601E-01  3.89360963E-03  6.45422767E-01 -2.74064759E+00 -2.74064759E+00  0.00000000E+00
     101  1.63735602E-01  3.16972346E-02  1.64489655E-03  4.54274074E-01  3.80243726E-03  7.16728659E-01 -2.74913381E+00 -2.74913381E+00  0.00000000E+00
     111  1.64032633E-01  3.18363135E-02  1.65241320E-03  4.56559682E-01  3.83489365E-03  6.99760294E-01 -2.75171081E+00 -2.75171081E+00  0.00000000E+00
     121  1.60832753E-01  3.08275046E-02  1.58664011E-03  4.43480440E-01  3.85879263E-03  7.06125572E-01 -2.74735152E+00 -2.74735152E+00  0.00000000E+00
     131  1.61186898E-01  3.08877321E-02  1.57770102E-03  4.48771823E-01  3.81692897E-03  7.25299060E-01 -2.75031907E+00 -2.75031907E+00  0.00000000E+00
     141  1.61163954E-01  3.09589202E-02  1.60583304E-03  4.41520127E-01  3.87806207E-03  7.36026556E-01 -2.75858737E+00 -2.75858737E+00  0.00000000E+00
     151  1.61170451E-01  3.09396789E-02  1.60335547E-03  4.41688007E-01  3.86146447E-03  7.74697863E-01 -2.75561939E+00 -2.75561939E+00  0.00000000E+00
     161  1.62030148E-01  3.13745850E-02  1.65604393E-03  4.39217288E-01  3.98363976E-03  7.60455817E-01 -2.75760101E+00 -2.75760101E+00  0.00000000E+00
     171  1.59875929E-01  3.05052543E-02  1.57569348E-03  4.35581570E-01  3.84682152E-03  7.54517961E-01 -2.75581190E+00 -2.75581190E+00  0.00000000E+00
     181  1.59835911E-01  3.05255161E-02  1.63203475E-03  4.16175768E-01  3.87253684E-03  7.38718056E-01 -2.75805582E+00 -2.75805582E+00  0.00000000E+00
     191  1.60082660E-01  3.07507694E-02  1.67385763E-03  4.09954791E-01  3.98635874E-03  7.54178625E-01 -2.75976035E+00 -2.75976035E+00  0.00000000E+00
     201  1.61816321E-01  3.13563338E-02  1.72567948E-03  4.14956278E-01  4.02331098E-03  7.62859691E-01 -2.76210179E+00 -2.76210179E+00  0.00000000E+00
     211  1.63814575E-01  3.20181751E-02  1.76599211E-03  4.25785238E-01  4.03198325E-03  7.50933058E-01 -2.76205466E+00 -2.76205466E+00  0.00000000E+00
     221  1.63589766E-01  3.19146319E-02  1.75131773E-03  4.26855657E-01  4.00869219E-03  7.40846334E-01 -2.76207151E+00 -2.76207151E+00  0.00000000E+00
     231  1.62777006E-01  3.15452628E-02  1.70826389E-03  4.27776871E-01  3.92770086E-03  7.74803981E-01 -2.76375193E+00 -2.76375193E+00  0.00000000E+00
     241  1.62757682E-01  3.13738265E-02  1.66772260E-03  4.35235256E-01  3.79922913E-03  7.76436464E-01 -2.76187392E+00 -2.76187392E+00  0.00000000E+00
     251  1.63959901E-01  3.18903158E-02  1.73756100E-03  4.30490246E-01  3.89546167E-03  7.87962627E-01 -2.76466497E+00 -2.76466497E+00  0.00000000E+00
     261  1.62541286E-01  3.13132283E-02  1.67750348E-03  4.29722175E-01  3.80684912E-03  7.91747396E-01 -2.76545094E+00 -2.76545094E+00  0.00000000E+00
     271  1.64220416E-01  3.18337851E-02  1.70495993E-03  4.39189208E-01  3.78497485E-03  7.82953062E-01 -2.76777175E+00 -2.76777175E+00  0.00000000E+00
     281  1.66287207E-01  3.25322092E-02  1.76012587E-03  4.45635567E-01  3.79690355E-03  7.85445886E-01 -2.77052303E+00 -2.77052303E+00  0.00000000E+00
     291  1.65828731E-01  3.24222854E-02  1.76091566E-03  4.41619746E-01  3.82984383E-03  7.89680876E-01 -2.76705461E+00 -2.76705461E+00  0.00000000E+00
     301  1.66938411E-01  3.28413345E-02  1.80542507E-03  4.42022584E-01  3.86857228E-03  8.30298050E-01 -2.76965254E+00 -2.76965254E+00  0.00000000E+00
     311  1.67124350E-01  3.28127182E-02  1.78430159E-03  4.47588651E-01  3.79798922E-03  8.19222139E-01 -2.76889452E+00 -2.76889452E+00  0.00000000E+00
     321  1.65900478E-01  3.25099958E-02  1.77517661E-03  4.40130917E-01  3.87956117E-03  8.16288402E-01 -2.76647409E+00 -2.76647409E+00  0.00000000E+00
     331  1.65869489E-01  3.25322944E-02  1.78409673E-03  4.38088716E-01  3.90490609E-03  8.11854865E-01 -2.76638752E+00 -2.76638752E+00  0.00000000E+00
     341  1.66093322E-01  3.25330526E-02  1.77082937E-03  4.42293339E-01  3.84769212E-03  8.37303595E-01 -2.76938913E+00 -2.76938913E+00  0.00000000E+00
     351  1.66462940E-01  3.26899634E-02  1.78236553E-03  4.44036023E-01  3.87413569E-03  8.20252687E-01 -2.76692004E+00 -2.76692004E+00  0.00000000E+00
     361  1.66917672E-01  3.28667152E-02  1.79819554E-03  4.45114906E-01  3.89370294E-03  8.22919487E-01 -2.76841333E+00 -2.76841333E+00  0.00000000E+00
     371  1.66509693E-01  3.26047320E-02  1.75878043E-03  4.48520846E-01  3.79572117E-03  8.08506028E-01 -2.76983944E+00 -2.76983944E+00  0.00000000E+00
     381  1.65715920E-01  3.23238264E-02  1.74944468E-03  4.41872492E-01  3.78234553E-03  7.98216398E-01 -2.77130274E+00 -2.77130274E+00  0.00000000E+00
     391  1.65140016E-01  3.21153924E-02  1.72455869E-03  4.42647108E-01  3.76842618E-03  7.79116741E-01 -2.77016019E+00 -2.77016019E+00  0.00000000E+00
     401  1.64963088E-01  3.20428466E-02  1.71023350E-03  4.44771218E-01  3.75742530E-03  7.80260398E-01 -2.76852557E+00 -2.76852557E+00  0.00000000E+00
     411  1.65075105E-01  3.20388134E-02  1.69959505E-03  4.48086069E-01  3.72552767E-03  7.73870637E-01 -2.76786333E+00 -2.76786333E+00  0.00000000E+00
     421  1.64523253E-01  3.18146817E-02  1.67421704E-03  4.48639896E-01  3.69266623E-03  7.70042957E-01 -2.76663561E+00 -2.76663561E+00  0.00000000E+00
     431  1.65139741E-01  3.20685447E-02  1.70328817E-03  4.47911917E-01  3.73205261E-03  7.66378646E-01 -2.76551835E+00 -2.76551835E+00  0.00000000E+00
     441  1.65265676E-01  3.20824379E-02  1.70144945E-03  4.48985446E-01  3.71049110E-03  7.60330938E-01 -2.76851184E+00 -2.76851184E+00  0.00000000E+00
     451  1.65948460E-01  3.23441201E-02  1.73212241E-03  4.48092060E-01  3.73813457E-03  7.54795243E-01 -2.76687084E+00 -2.76687084E+00  0.00000000E+00
     461  1.66146678E-01  3.23928004E-02  1.72954249E-03  4.50569214E-01  3.72479548E-03  7.50559582E-01 -2.76549521E+00 -2.76549521E+00  0.00000000E+00
     471  1.65563734E-01  3.22067907E-02  1.71264610E-03  4.49634154E-01  3.73052009E-03  7.48695586E-01 -2.76683739E+00 -2.76683739E+00  0.00000000E+00
     481  1.64926712E-01  3.19715486E-02  1.69341261E-03  4.47777383E-01  3.71129564E-03  7.55945875E-01 -2.76694394E+00 -2.76694394E+00  0.00000000E+00
     491  1.64939823E-01  3.20078608E-02  1.70046176E-03  4.46736121E-01  3.73617946E-03  7.58299542E-01 -2.76504554E+00 -2.76504554E+00  0.00000000E+00
     501  1.64396777E-01  3.18703962E-02  1.68695025E-03  4.46387235E-01  3.76837049E-03  7.82988333E-01 -2.76293052E+00 -2.76293052E+00  0.00000000E+00
     511  1.63689264E-01  3.16076130E-02  1.65988979E-03  4.46172391E-01  3.74452063E-03  7.85384664E-01 -2.76063805E+00 -2.76063805E+00  0.00000000E+00
     521  1.63669385E-01  3.15917500E-02  1.65985277E-03  4.45628438E-01  3.73724282E-03  7.78342485E-01 -2.76008570E+00 -2.76008570E+00  0.00000000E+00
     531  1.64501408E-01  3.18964498E-02  1.68897478E-03  4.46627954E-01  3.76186753E-03  7.80006193E-01 -2.76032951E+00 -2.76032951E+00  0.00000000E+00
     541  1.64124648E-01  3.17813625E-02  1.67948119E-03  4.45745962E-01  3.76865568E-03  7.76544463E-01 -2.75832445E+00 -2.75832445E+00  0.00000000E+00
     551  1.64943869E-01  3.20690892E-02  1.70436630E-03  4.47581223E-01  3.78277253E-03  7.73923206E-01 -2.75792399E+00 -2.75792399E+00  0.00000000E+00
     561  1.64844436E-01  3.20399216E-02  1.70324520E-03  4.46939006E-01  3.78559207E-03  7.80979825E-01 -2.75696501E+00 -2.75696501E+00  0.00000000E+00
     571  1.64643578E-01  3.19618351E-02  1.69344458E-03  4.47431250E-01  3.77632990E-03  7.92370564E-01 -2.75724883E+00 -2.75724883E+00  0.00000000E+00
     581  1.65573635E-01  3.22866342E-02  1.72806204E-03  4.47423352E-01  3.79008236E-03  7.96155562E-01 -2.75732805E+00 -2.75732805E+00  0.00000000E+00
     591  1.65802558E-01  3.23209368E-02  1.72115504E-03  4.50799584E-01  3.75775372E-03  7.89145126E-01 -2.75774675E+00 -2.75774675E+00  0.00000000E+00
     601  1.66430956E-01  3.26337378E-02  1.76932160E-03  4.46201361E-01  3.83867902E-03  7.99080918E-01 -2.75653395E+00 -2.75653395E+00  0.00000000E+00
     611  1.67405688E-01  3.30082430E-02  1.80691428E-03  4.47195616E-01  3.87687851E-03  8.12308178E-01 -2.75660583E+00 -2.75660583E+00  0.00000000E+00
     621  1.66777889E-01  3.27924883E-02  1.78808775E-03  4.45733247E-01  3.87224610E-03  8.05049871E-01 -2.75517086E+00 -2.75517086E+00  0.00000000E+00
     631  1.66820141E-01  3.28140461E-02  1.79243301E-03  4.45116117E-01  3.87805160E-03  8.15115499E-01 -2.75616194E+00 -2.75616194E+00  0.00000000E+00
     641  1.66442499E-01  3.26733786E-02  1.77849529E-03  4.44679923E-01  3.86652750E-03  8.16645552E-01 -2.75601009E+00 -2.75601009E+00  0.00000000E+00
     651  1.66352673E-01  3.26239540E-02  1.77025430E-03  4.45577035E-01  3.85133377E-03  8.08942144E-01 -2.75657636E+00 -2.75657636E+00  0.00000000E+00
     661  1.66678785E-01  3.27258226E-02  1.77693317E-03  4.46944528E-01  3.84609295E-03  8.07412047E-01 -2.75812714E+00 -2.75812714E+00  0.00000000E+00
     671  1.66035684E-01  3.24910761E-02  1.75840546E-03  4.44774279E-01  3.82992965E-03  8.15136714E-01 -2.75771211E+00 -2.75771211E+00  0.00000000E+00
     681  1.65377273E-01  3.22773724E-02  1.74156472E-03  4.42786000E-01  3.83343192E-03  8.15368704E-01 -2.75518873E+00 -2.75518873E+00  0.00000000E+00
     691  1.64865982E-01  3.20723469E-02  1.71985068E-03  4.42675666E-01  3.80529041E-03  8.19061531E-01 -2.75643675E+00 -2.75643675E+00  0.00000000E+00
     701  1.64413929E-01  3.19113202E-02  1.70304763E-03  4.42537069E-01  3.79581913E-03  8.19572630E-01 -2.75608561E+00 -2.75608561E+00  0.00000000E+00
     711  1.64443888E-01  3.18817127E-02  1.69339443E-03  4.44666869E-01  3.76512219E-03  8.15228957E-01 -2.75663085E+00 -2.75663085E+00  0.00000000E+00
     721  1.64492648E-01  3.19063398E-02  1.69609808E-03  4.44638543E-01  3.77180337E-03  8.15715695E-01 -2.75593438E+00 -2.75593438E+00  0.00000000E+00
     731  1.64564856E-01  3.19214901E-02  1.69580357E-03  4.45261921E-01  3.76510496E-03  8.18487778E-01 -2.75583816E+00 -2.75583816E+00  0.00000000E+00
     741  1.64968421E-01  3.20792869E-02  1.71020699E-03  4.46040505E-01  3.78440438E-03  8.20442490E-01 -2.75665993E+00 -2.75665993E+00  0.00000000E+00
     751  1.64920213E-01  3.20494518E-02  1.70407859E-03  4.46997422E-01  3.77356647E-03  8.27765267E-01 -2.75632802E+00 -2.75632802E+00  0.00000000E+00
     761  1.64711481E-01  3.19347294E-02  1.68770685E-03  4.48368221E-01  3.73784568E-03  8.29997054E-01 -2.75548740E+00 -2.75548740E+00  0.00000000E+00
     771  1.64037162E-01  3.16872755E-02  1.66485762E-03  4.47304354E-01  3.71779650E-03  8.30683696E-01 -2.75370631E+00 -2.75370631E+00  0.00000000E+00
     781  1.64729866E-01  3.19275662E-02  1.68465487E-03  4.49118664E-01  3.72756149E-03  8.29428760E-01 -2.75415998E+00 -2.75415998E+00  0.00000000E+00
     791  1.64815391E-01  3.19218820E-02  1.67850991E-03  4.50932575E-01  3.70121410E-03  8.23768354E-01 -2.75357192E+00 -2.75357192E+00  0.00000000E+00
