   #Iter           <M>_x           <M>_y           <M>_z             <M>        M_{stdv}
       0  5.82390750E-01  9.88775100E-01 -5.06746200E-01  2.05408556E+00  1.16487989E-02
      50  5.89051396E-01  1.00174870E+00 -5.10110485E-01  2.04911078E+00  1.23001621E-02
     100  5.71257475E-01  9.88556525E-01 -4.89293779E-01  2.05108093E+00  9.35719105E-03
     150  5.60444588E-01  9.83789380E-01 -4.85171276E-01  2.05533215E+00  7.49545174E-03
     200  5.45720083E-01  9.76230562E-01 -4.81776786E-01  2.05320972E+00  8.80141678E-03
     250  5.48611279E-01  9.71348561E-01 -4.70308274E-01  2.05293689E+00  9.42800882E-03
     300  5.35862550E-01  9.82042710E-01 -4.55162660E-01  2.04974824E+00  6.33873670E-03
     350  5.61431842E-01  9.87754584E-01 -4.52855484E-01  2.05293680E+00  3.76453366E-03
     400  5.47158991E-01  9.91868718E-01 -4.60807872E-01  2.05210394E+00  6.52461917E-03
     450  5.40605808E-01  9.99879013E-01 -4.80064744E-01  2.05256355E+00  3.43476638E-03
     500  5.40928588E-01  9.98824724E-01 -4.51486246E-01  2.06130728E+00  5.71573206E-03
     550  5.42362339E-01  9.99553509E-01 -4.28778872E-01  2.05878751E+00  7.90199055E-03
     600  5.23417209E-01  1.00373643E+00 -4.06274288E-01  2.04745365E+00  7.93251195E-03
     650  5.06995842E-01  9.87583095E-01 -4.02812874E-01  2.04494852E+00  4.69421140E-03
     700  4.88059656E-01  9.75855385E-01 -4.22980952E-01  2.05396331E+00  7.20113668E-03
     750  4.75592744E-01  9.68515593E-01 -4.41465730E-01  2.04938249E+00  9.22514230E-03
     800  4.70120589E-01  9.70362556E-01 -4.68862504E-01  2.05614217E+00  1.10579087E-02
     850  4.51151312E-01  9.75557166E-01 -4.56608397E-01  2.05122377E+00  8.21033838E-03
     900  4.56772822E-01  9.69939617E-01 -4.56322754E-01  2.05340462E+00  1.04759802E-02
     950  4.80350289E-01  9.55773650E-01 -4.51704595E-01  2.05670861E+00  9.78106326E-03
    1000  4.61705030E-01  9.39766890E-01 -4.54030931E-01  2.05353582E+00  7.95758350E-03
    1050  4.45885690E-01  9.41432424E-01 -4.50847542E-01  2.05405150E+00  4.60070134E-03
    1100  4.48760446E-01  9.35040575E-01 -4.64700351E-01  2.05501288E+00  7.65659975E-03
    1150  4.63578590E-01  9.55978183E-01 -4.56648102E-01  2.05328497E+00  7.00412006E-03
    1200  4.61694781E-01  9.58014162E-01 -4.81941112E-01  2.05466463E+00  7.04713829E-03
    1250  4.53822800E-01  9.70654861E-01 -4.91636144E-01  2.05575454E+00  1.10289567E-02
    1300  4.30942441E-01  9.53455457E-01 -5.07740664E-01  2.05858880E+00  5.22497030E-03
    1350  4.18070723E-01  9.57978219E-01 -4.76145052E-01  2.05029013E+00  8.95474387E-03
    1400  4.21329320E-01  9.76222149E-01 -4.88490451E-01  2.05423712E+00  7.10387509E-03
    1450  4.18114675E-01  9.83806868E-01 -5.15073782E-01  2.04696185E+00  1.00025773E-02
    1500  4.23106826E-01  9.97859076E-01 -5.28610054E-01  2.04947412E+00  4.71333083E-03
    1550  4.22513724E-01  9.84397559E-01 -5.34939738E-01  2.05093295E+00  6.04453561E-03
    1600  4.06465655E-01  9.79501992E-01 -5.33574029E-01  2.05097185E+00  4.32998306E-03
    1650  4.24616762E-01  9.89366490E-01 -5.32747075E-01  2.05236997E+00  6.49339817E-03
    1700  4.01953194E-01  9.93156964E-01 -5.20619877E-01  2.05119817E+00  5.05955950E-03
    1750  4.04093984E-01  9.68135547E-01 -5.35491122E-01  2.05548436E+00  8.90234220E-03
    1800  3.84015481E-01  9.73285636E-01 -5.15497326E-01  2.05493916E+00  6.91151104E-03
    1850  3.78115198E-01  9.80527823E-01 -5.23520170E-01  2.05383320E+00  8.96246094E-03
    1900  3.92204551E-01  9.80793448E-01 -5.43798851E-01  2.05388809E+00  5.43270339E-03
    1950  3.82102507E-01  9.52401230E-01 -5.32263386E-01  2.05149788E+00  8.73408253E-03
    2000  3.85532788E-01  9.67512989E-01 -5.23118320E-01  2.05366026E+00  6.21071926E-03
    2050  3.88460989E-01  9.75986408E-01 -5.19921957E-01  2.04596554E+00  5.35154041E-03
    2100  3.95463435E-01  9.93331594E-01 -5.14166404E-01  2.05328729E+00  3.88785766E-03
    2150  3.97092740E-01  9.73922243E-01 -4.83232145E-01  2.05197622E+00  3.34733860E-03
    2200  4.31815113E-01  9.78063557E-01 -4.70340391E-01  2.05278202E+00  3.25799691E-03
    2250  4.34998355E-01  9.91596120E-01 -4.52171299E-01  2.05317526E+00  3.35504779E-03
    2300  4.43897642E-01  9.96476058E-01 -4.55752504E-01  2.05442995E+00  2.12978955E-03
    2350  4.33501478E-01  1.00279339E+00 -4.39605237E-01  2.05610177E+00  9.39554747E-03
    2400  4.35247019E-01  1.00012879E+00 -4.48614333E-01  2.05181324E+00  9.96388291E-03
    2450  4.61435570E-01  1.02259653E+00 -4.38074268E-01  2.05258212E+00  1.11465167E-02
    2500  4.58901500E-01  1.01696960E+00 -4.55059598E-01  2.05685680E+00  5.49358004E-03
    2550  4.54844962E-01  9.98919879E-01 -4.69141995E-01  2.04850730E+00  5.00636666E-03
    2600  4.63980895E-01  1.00755573E+00 -4.59547931E-01  2.05706298E+00  9.04008364E-03
    2650  4.66728287E-01  1.02583266E+00 -4.72072605E-01  2.05586626E+00  4.70109804E-03
    2700  4.21677138E-01  1.01590713E+00 -4.75052301E-01  2.05673317E+00  8.50465723E-03
    2750  4.20523077E-01  1.04110480E+00 -4.77337390E-01  2.05695006E+00  8.39206923E-03
    2800  4.24974142E-01  1.04716546E+00 -4.61635008E-01  2.05948706E+00  5.64219114E-03
    2850  4.12235896E-01  1.03710189E+00 -4.58206194E-01  2.05105506E+00  1.08469564E-02
    2900  4.15539642E-01  1.02509241E+00 -4.47229562E-01  2.05355187E+00  7.67416271E-03
    2950  4.16319504E-01  1.05094432E+00 -4.20383055E-01  2.05491512E+00  1.23662556E-02
    3000  4.11523337E-01  1.03998133E+00 -4.30797874E-01  2.05200008E+00  4.12657626E-03
    3050  4.06961740E-01  1.04624541E+00 -4.55587042E-01  2.05701798E+00  9.03394788E-03
    3100  3.98759730E-01  1.04865832E+00 -4.46849926E-01  2.05921941E+00  6.84638734E-03
    3150  3.95616268E-01  1.04987132E+00 -4.38168874E-01  2.05743966E+00  2.35824250E-03
    3200  3.66862589E-01  1.03912538E+00 -4.62544638E-01  2.05098978E+00  3.41625699E-03
    3250  3.49574480E-01  1.03605115E+00 -4.72405927E-01  2.05199954E+00  6.36632048E-03
    3300  3.58727683E-01  1.05076269E+00 -4.93119778E-01  2.05429683E+00  1.15509028E-03
    3350  3.43199811E-01  1.03873762E+00 -5.11540130E-01  2.04677610E+00  5.42753754E-03
    3400  3.59490605E-01  1.04060141E+00 -5.03449580E-01  2.04884374E+00  6.65499818E-03
    3450  3.47564837E-01  1.03414972E+00 -5.12979735E-01  2.05547746E+00  3.07817364E-03
    3500  3.67700363E-01  1.04680511E+00 -5.01752262E-01  2.05287706E+00  7.45191146E-03
    3550  3.93796487E-01  1.02571170E+00 -5.16479367E-01  2.04852013E+00  3.41899822E-03
    3600  3.81473959E-01  1.00973987E+00 -5.36800062E-01  2.05441515E+00  6.08276079E-03
    3650  3.65318084E-01  1.00699700E+00 -5.48400977E-01  2.05604722E+00  5.43320764E-03
    3700  3.59740877E-01  9.76284042E-01 -5.46599662E-01  2.05385336E+00  6.32788118E-03
    3750  3.43254605E-01  9.78860236E-01 -5.77041351E-01  2.05837188E+00  8.47745241E-03
    3800  3.25262339E-01  9.70190321E-01 -6.04909150E-01  2.05070390E+00  7.49637428E-03
    3850  3.38014639E-01  9.73581121E-01 -6.12145608E-01  2.05635792E+00  8.06661076E-03
    3900  3.30293655E-01  9.74977618E-01 -6.20097022E-01  2.04683279E+00  6.98226667E-03
    3950  3.39889511E-01  9.72776151E-01 -6.06808295E-01  2.05092124E+00  4.76184363E-03
    4000  3.40967689E-01  9.60993734E-01 -6.22511260E-01  2.05276671E+00  9.66772615E-03
    4050  3.33406274E-01  9.26109410E-01 -6.43283711E-01  2.05343601E+00  9.91637693E-03
    4100  3.37538339E-01  9.26353376E-01 -6.21866677E-01  2.05152381E+00  7.99982154E-03
    4150  3.45377236E-01  9.34411347E-01 -6.24579762E-01  2.05501373E+00  3.96271749E-03
    4200  3.69047318E-01  9.52291565E-01 -6.26712351E-01  2.05612392E+00  1.13272077E-02
    4250  3.61461522E-01  9.30437226E-01 -6.15317363E-01  2.05419426E+00  8.82287318E-03
    4300  3.66421610E-01  9.14629762E-01 -6.35822281E-01  2.05100329E+00  9.61879647E-03
    4350  3.41342382E-01  8.99218843E-01 -6.45838393E-01  2.04975327E+00  8.80917184E-03
    4400  3.39053092E-01  8.88429816E-01 -6.40544088E-01  2.04791007E+00  5.45890746E-03
    4450  3.40521102E-01  8.62858945E-01 -6.55978323E-01  2.05012627E+00  5.26342360E-03
    4500  3.32661458E-01  8.67269875E-01 -6.64178655E-01  2.05229565E+00  8.34136895E-03
    4550  3.40711106E-01  8.70797436E-01 -6.71386110E-01  2.05637412E+00  1.04323396E-02
    4600  3.19446085E-01  8.45487165E-01 -6.67487202E-01  2.05664980E+00  2.76299644E-03
    4650  3.25793677E-01  8.49533745E-01 -6.65344572E-01  2.05638952E+00  4.05717994E-03
    4700  3.40804707E-01  8.38947059E-01 -6.48680937E-01  2.05538378E+00  6.58277479E-03
    4750  3.29889223E-01  8.20718129E-01 -6.54031555E-01  2.06031543E+00  3.84810411E-03
    4800  3.27457864E-01  8.10375459E-01 -6.65762041E-01  2.05809915E+00  5.75927524E-03
    4850  3.25189183E-01  8.12629525E-01 -6.61824815E-01  2.05459418E+00  8.01226317E-03
    4900  3.25044739E-01  8.03744304E-01 -6.37704873E-01  2.05434300E+00  2.87319017E-03
    4950  3.51396926E-01  8.10077015E-01 -6.48293686E-01  2.04803744E+00  7.79169311E-03
    5000  3.51398549E-01  7.90265498E-01 -6.62413440E-01  2.05457810E+00  6.69588888E-03
    5050  3.46029573E-01  7.83080135E-01 -6.71436493E-01  2.04943825E+00  8.83516352E-03
    5100  3.31243726E-01  7.80698222E-01 -6.69759145E-01  2.04499675E+00  3.71511127E-03
    5150  3.26599246E-01  7.65171121E-01 -6.52229722E-01  2.04493644E+00  9.41357950E-03
    5200  3.08884408E-01  7.42470799E-01 -6.64947322E-01  2.05491877E+00  4.15901153E-03
    5250  2.91118284E-01  7.15825972E-01 -6.64169413E-01  2.04841101E+00  2.77630996E-03
    5300  3.09684791E-01  7.28322849E-01 -6.77375868E-01  2.04837123E+00  8.41826819E-03
    5350  2.82702996E-01  7.10752577E-01 -6.88672104E-01  2.05056343E+00  3.06858956E-03
    5400  2.63713960E-01  7.11666101E-01 -6.69272190E-01  2.04701109E+00  7.66786981E-03
    5450  2.71356628E-01  6.99999625E-01 -6.58251321E-01  2.04454533E+00  5.98236434E-03
    5500  2.50707078E-01  6.96216899E-01 -6.57253668E-01  2.04407889E+00  7.89121315E-03
    5550  2.45788159E-01  7.36658526E-01 -6.50347588E-01  2.05401724E+00  8.75475744E-03
    5600  2.37491403E-01  7.37220400E-01 -6.40781879E-01  2.05234883E+00  9.39091749E-03
    5650  2.52065144E-01  7.34659099E-01 -6.63659324E-01  2.05017355E+00  8.74233212E-03
    5700  2.32797068E-01  7.08078845E-01 -6.50212221E-01  2.05417825E+00  7.57229111E-03
    5750  2.49100979E-01  7.04209360E-01 -6.76474835E-01  2.05178292E+00  6.38018219E-03
    5800  2.54429796E-01  7.10305854E-01 -6.65456520E-01  2.05710487E+00  8.81982524E-03
    5850  2.49365261E-01  7.03086300E-01 -6.41987595E-01  2.05188019E+00  6.70740832E-03
    5900  2.48389480E-01  7.03771239E-01 -6.53236205E-01  2.05131841E+00  3.47635489E-03
    5950  2.58593307E-01  7.06582271E-01 -6.75846313E-01  2.05551006E+00  5.57612278E-03
    6000  2.55859567E-01  6.93693983E-01 -6.54924793E-01  2.05772102E+00  6.41817392E-03
    6050  2.51546125E-01  6.81562796E-01 -6.66944012E-01  2.05612899E+00  5.45841774E-03
    6100  2.52111073E-01  6.77234475E-01 -6.39591982E-01  2.05178652E+00  3.28710790E-03
    6150  2.58887040E-01  6.91412256E-01 -6.35859227E-01  2.04716028E+00  6.06343660E-03
    6200  2.55712489E-01  6.79119957E-01 -6.28557856E-01  2.05166155E+00  5.51859337E-03
    6250  2.36393972E-01  6.84041063E-01 -6.30304597E-01  2.04477961E+00  1.13459113E-02
    6300  2.37304590E-01  6.75475368E-01 -6.32649562E-01  2.04730912E+00  4.13732458E-03
    6350  2.12060692E-01  6.64178123E-01 -6.38219867E-01  2.04973239E+00  1.15074036E-02
    6400  2.09100647E-01  6.43954680E-01 -6.49488927E-01  2.04420062E+00  1.00484317E-02
    6450  2.12773429E-01  6.31066201E-01 -6.47722333E-01  2.04114993E+00  8.61466887E-03
    6500  2.17157450E-01  6.45242569E-01 -6.59200421E-01  2.04438514E+00  9.18332738E-03
    6550  2.10170076E-01  6.20664859E-01 -6.58386089E-01  2.04565995E+00  1.02919679E-02
    6600  2.11065033E-01  6.19131984E-01 -6.60878333E-01  2.04842969E+00  1.56310039E-02
    6650  1.97565056E-01  6.31380553E-01 -6.49124362E-01  2.05048530E+00  9.04359072E-03
    6700  2.07669039E-01  6.47079809E-01 -6.70185692E-01  2.05110322E+00  4.79478352E-03
    6750  2.02071998E-01  6.42059986E-01 -6.68520697E-01  2.05062576E+00  1.68401541E-03
    6800  1.84383347E-01  6.33276804E-01 -6.63436216E-01  2.05410350E+00  4.88537909E-03
    6850  1.58684821E-01  6.17216916E-01 -6.50483561E-01  2.05171748E+00  5.14757613E-03
    6900  1.72352510E-01  6.22853765E-01 -6.54751401E-01  2.05028407E+00  5.99324373E-03
    6950  1.81903075E-01  6.62436003E-01 -6.40535007E-01  2.04203731E+00  2.69788021E-03
    7000  1.64202531E-01  6.60192777E-01 -6.37596246E-01  2.05469144E+00  7.42099681E-03
    7050  1.47326902E-01  6.42061203E-01 -6.29181324E-01  2.04593295E+00  5.18192588E-03
    7100  1.56688806E-01  6.41520865E-01 -6.24257792E-01  2.05160866E+00  8.11437178E-03
    7150  1.65682271E-01  6.55000045E-01 -6.63105159E-01  2.05222114E+00  4.16088556E-03
    7200  1.64143601E-01  6.49970699E-01 -6.50226989E-01  2.05572876E+00  5.26039839E-03
    7250  1.73004094E-01  6.44735154E-01 -6.40635048E-01  2.05323585E+00  6.23276235E-03
    7300  1.77605109E-01  6.46744806E-01 -6.39255807E-01  2.05568932E+00  5.45943211E-03
    7350  1.60043382E-01  6.29359465E-01 -6.45363580E-01  2.05123831E+00  5.40613352E-03
    7400  1.55001407E-01  6.50985274E-01 -6.37182224E-01  2.05142318E+00  5.96293499E-03
    7450  1.57106386E-01  6.45140791E-01 -6.44154612E-01  2.05353223E+00  5.31019384E-03
    7500  1.65456530E-01  6.82612993E-01 -6.42947392E-01  2.06061610E+00  4.99492559E-03
    7550  1.63397399E-01  6.77655880E-01 -6.42814760E-01  2.05214906E+00  9.24688227E-03
    7600  1.54120269E-01  6.77407530E-01 -6.55771970E-01  2.05124891E+00  1.18409627E-02
    7650  1.27031877E-01  6.76763301E-01 -6.48281167E-01  2.05256387E+00  3.83886324E-03
    7700  1.26997648E-01  6.80166982E-01 -6.50957643E-01  2.05148256E+00  3.91587019E-03
    7750  1.26908483E-01  6.82346004E-01 -6.25565160E-01  2.04990625E+00  1.13807043E-02
    7800  1.36563797E-01  6.82712701E-01 -6.31892956E-01  2.05299994E+00  9.89015444E-03
    7850  1.28134275E-01  6.82885409E-01 -6.41759395E-01  2.05573393E+00  9.44521839E-03
    7900  1.35226809E-01  6.78667930E-01 -6.41235772E-01  2.04927385E+00  1.34417329E-02
    7950  1.32285838E-01  6.78964136E-01 -6.45140378E-01  2.05465325E+00  8.71577838E-03
    8000  1.41340939E-01  6.88805498E-01 -6.26120989E-01  2.05738645E+00  9.94475943E-03
    8050  1.53247279E-01  7.09980091E-01 -6.32657877E-01  2.05741359E+00  1.11058312E-02
    8100  1.56653239E-01  7.22155554E-01 -6.37595711E-01  2.05305186E+00  5.77943277E-03
    8150  1.69796821E-01  7.21261654E-01 -6.47605292E-01  2.05061117E+00  5.40351395E-03
    8200  1.82796582E-01  7.28027835E-01 -6.77951548E-01  2.04539063E+00  9.20290025E-03
    8250  1.72365029E-01  7.16278973E-01 -6.95429461E-01  2.04946720E+00  8.22651052E-03
    8300  1.43522894E-01  7.13409566E-01 -7.05355401E-01  2.04668582E+00  6.86800095E-03
    8350  1.50200619E-01  7.33737828E-01 -7.13815793E-01  2.05484842E+00  7.88235531E-03
    8400  1.30239366E-01  7.39221486E-01 -7.24419755E-01  2.05782324E+00  6.00079266E-03
    8450  1.41948601E-01  7.35375939E-01 -7.38688378E-01  2.05539102E+00  8.23132704E-03
    8500  1.40462910E-01  7.19577525E-01 -7.52143935E-01  2.05436410E+00  4.48020900E-03
    8550  1.27380537E-01  6.98086799E-01 -7.40728351E-01  2.05501121E+00  5.18200964E-03
    8600  1.34518374E-01  7.06965473E-01 -7.38173820E-01  2.05642946E+00  4.22986917E-03
    8650  1.17672690E-01  7.11977277E-01 -7.64662786E-01  2.05640887E+00  6.76333963E-03
    8700  1.24171256E-01  7.26338176E-01 -7.49754931E-01  2.05481552E+00  7.62314935E-03
    8750  1.17263930E-01  7.22931231E-01 -7.62407031E-01  2.05556973E+00  7.93399917E-03
    8800  1.03854271E-01  7.26948640E-01 -7.72938978E-01  2.05500509E+00  5.80629707E-03
    8850  9.92938486E-02  7.38355686E-01 -7.94038150E-01  2.05451884E+00  5.33298980E-03
    8900  9.83011699E-02  7.39633461E-01 -7.82674180E-01  2.05172182E+00  5.25547779E-03
    8950  9.54172579E-02  7.54597476E-01 -7.63780853E-01  2.05786968E+00  9.42361266E-03
    9000  1.03209772E-01  7.61894273E-01 -7.58746548E-01  2.05587070E+00  4.35694917E-03
    9050  1.16746372E-01  7.81154872E-01 -7.52661440E-01  2.05626070E+00  3.84985102E-03
    9100  1.11988898E-01  7.78873170E-01 -7.14075523E-01  2.05500086E+00  2.54784521E-03
    9150  1.09615590E-01  7.81712408E-01 -7.22130229E-01  2.05336336E+00  5.23860975E-03
    9200  1.09359432E-01  7.91234512E-01 -7.41649206E-01  2.05249509E+00  7.78115894E-03
    9250  1.04007723E-01  8.03381416E-01 -7.22224107E-01  2.05378345E+00  6.56562517E-03
    9300  1.04072979E-01  7.92352164E-01 -7.16086284E-01  2.05239206E+00  8.64165843E-03
    9350  1.21844845E-01  7.71890335E-01 -7.35871846E-01  2.05296834E+00  4.28074501E-03
    9400  1.25507736E-01  7.62280320E-01 -7.46912992E-01  2.05237030E+00  5.59555249E-03
    9450  1.32279093E-01  7.78011534E-01 -7.35645819E-01  2.05537845E+00  1.83765970E-03
    9500  1.33413277E-01  7.64174241E-01 -7.28363517E-01  2.05469977E+00  3.71246062E-03
    9550  1.16666659E-01  7.45581794E-01 -7.35586199E-01  2.05711590E+00  3.27484256E-03
    9600  1.16480916E-01  7.22110773E-01 -7.45448298E-01  2.05368425E+00  3.75825939E-03
    9650  1.38813813E-01  7.33859225E-01 -7.37694069E-01  2.05482876E+00  5.80064719E-03
    9700  1.30638630E-01  7.33870283E-01 -7.48742531E-01  2.04959688E+00  5.58809643E-03
    9750  1.29422320E-01  7.63470719E-01 -7.42109805E-01  2.05164090E+00  4.52049128E-03
    9800  1.18884710E-01  7.48138690E-01 -7.52828529E-01  2.05164225E+00  7.32000825E-03
    9850  1.33498449E-01  7.43344433E-01 -7.56288726E-01  2.05081729E+00  5.42911427E-03
    9900  1.47332584E-01  7.59611970E-01 -7.53592785E-01  2.04789678E+00  8.77086898E-03
    9950  1.46685888E-01  7.71972882E-01 -7.47897715E-01  2.05400783E+00  7.33928845E-03
   10000  1.50338026E-01  8.00734242E-01 -7.39244790E-01  2.05246755E+00  6.74610644E-03
   10050  1.49739914E-01  8.16579119E-01 -7.17667990E-01  2.05151971E+00  7.61815938E-03
   10100  1.38758587E-01  8.26148196E-01 -6.94831241E-01  2.05661474E+00  7.17464177E-03
   10150  1.15689710E-01  8.26361009E-01 -6.89313227E-01  2.04890599E+00  1.24348804E-02
   10200  1.08493062E-01  8.42051894E-01 -7.07535563E-01  2.04842083E+00  3.30299181E-03
   10250  1.18366249E-01  8.59868087E-01 -7.13774955E-01  2.05228338E+00  4.77973521E-03
   10300  1.31093926E-01  8.59485448E-01 -7.08230625E-01  2.04830379E+00  5.14287317E-03
   10350  1.10655371E-01  8.55616949E-01 -7.12343864E-01  2.04538939E+00  5.02572850E-03
   10400  1.38385262E-01  8.55020674E-01 -7.32048064E-01  2.04795172E+00  5.53704071E-03
   10450  1.52917783E-01  8.43156687E-01 -7.33296283E-01  2.04791903E+00  9.46074141E-03
   10500  1.56841852E-01  8.37533774E-01 -7.40035218E-01  2.04734213E+00  6.64605262E-03
   10550  1.40099787E-01  8.59555202E-01 -7.39195345E-01  2.05194134E+00  5.32119329E-03
   10600  1.26436255E-01  8.90201173E-01 -7.24297805E-01  2.04804822E+00  5.57399002E-03
   10650  1.16518707E-01  8.81100779E-01 -7.05692313E-01  2.05124054E+00  7.34726070E-03
   10700  1.28567460E-01  8.95583520E-01 -7.01262348E-01  2.05100295E+00  5.24535064E-03
   10750  1.24823087E-01  8.75004182E-01 -6.73447340E-01  2.05454605E+00  2.85114771E-03
   10800  1.25346485E-01  8.88994981E-01 -6.72871404E-01  2.05318285E+00  6.09558279E-03
   10850  1.27631769E-01  8.90956090E-01 -6.72083648E-01  2.05459228E+00  2.59364582E-03
   10900  1.43562467E-01  8.76327333E-01 -6.77777117E-01  2.05358323E+00  7.10068023E-03
   10950  1.52213943E-01  8.76724359E-01 -6.80214657E-01  2.05704178E+00  7.64636935E-03
   11000  1.50386622E-01  8.78771272E-01 -6.77453871E-01  2.05527599E+00  1.09818621E-02
   11050  1.46824382E-01  8.87160031E-01 -6.67398996E-01  2.05081473E+00  1.00011118E-02
   11100  1.44984720E-01  8.67342548E-01 -6.64857461E-01  2.05217601E+00  7.74949452E-03
   11150  1.32423883E-01  8.68091417E-01 -6.61493599E-01  2.05229840E+00  7.24499886E-03
   11200  1.40698758E-01  8.47214382E-01 -6.70799443E-01  2.05179599E+00  5.97695234E-03
   11250  1.44036961E-01  8.45914012E-01 -6.78556410E-01  2.05307767E+00  5.51846628E-03
   11300  1.43459791E-01  8.56688326E-01 -6.43748986E-01  2.05359597E+00  5.44265012E-03
   11350  1.37930881E-01  8.51672220E-01 -6.59206908E-01  2.05413688E+00  5.65649234E-03
   11400  1.02769652E-01  8.44944845E-01 -6.77363817E-01  2.05284750E+00  4.51455775E-03
   11450  9.66728207E-02  8.22625360E-01 -6.82750489E-01  2.05322259E+00  8.97239915E-03
   11500  1.10602790E-01  8.18064783E-01 -6.93859024E-01  2.05641414E+00  3.59026228E-03
   11550  1.22988161E-01  8.17261852E-01 -7.02783964E-01  2.05346244E+00  7.87357240E-03
   11600  1.06695572E-01  8.37106755E-01 -6.93237006E-01  2.05500176E+00  8.69246080E-03
   11650  1.16979486E-01  8.66025094E-01 -6.83407020E-01  2.05760819E+00  5.16216176E-03
   11700  1.22178525E-01  8.81174108E-01 -6.58518106E-01  2.05262029E+00  6.06367166E-03
   11750  1.29711109E-01  8.90014573E-01 -6.45818798E-01  2.05921247E+00  4.60903092E-03
   11800  1.03723742E-01  9.15722663E-01 -6.10499740E-01  2.06053688E+00  6.76369812E-03
   11850  1.12215706E-01  9.32857474E-01 -6.27065275E-01  2.05660508E+00  6.31573728E-03
   11900  1.04662998E-01  9.35929328E-01 -6.13060115E-01  2.05484372E+00  5.41227455E-03
   11950  9.95814225E-02  9.25839862E-01 -6.00847555E-01  2.05308723E+00  6.78777600E-03
   12000  1.20410284E-01  9.21710061E-01 -5.88367362E-01  2.05405792E+00  4.89172808E-03
   12050  1.24303281E-01  9.37215957E-01 -5.77524484E-01  2.05389313E+00  5.82902024E-03
   12100  1.58537122E-01  9.42104508E-01 -5.67267809E-01  2.05525392E+00  7.33995614E-03
   12150  1.50227694E-01  9.37824036E-01 -5.49885464E-01  2.05943071E+00  3.84196012E-03
   12200  1.27932831E-01  9.52166582E-01 -5.45493689E-01  2.06007339E+00  7.95684786E-03
   12250  1.24047445E-01  9.54521961E-01 -5.35423373E-01  2.06195208E+00  6.68203174E-03
   12300  9.27854888E-02  9.54513781E-01 -5.37818198E-01  2.05480459E+00  3.22722223E-03
   12350  8.20471573E-02  9.54875673E-01 -5.32348207E-01  2.05596727E+00  5.10223031E-03
   12400  7.51312772E-02  9.48092630E-01 -5.27501262E-01  2.05933165E+00  2.47512083E-03
   12450  7.48909142E-02  9.43579043E-01 -5.21799560E-01  2.05204374E+00  7.03085653E-03
   12500  6.39785495E-02  9.51116070E-01 -5.65462563E-01  2.05196245E+00  9.09534760E-03
   12550  5.96516608E-02  9.45362368E-01 -5.88980506E-01  2.05694538E+00  1.04393384E-02
   12600  5.87847691E-02  9.31049404E-01 -5.74045169E-01  2.05493992E+00  3.71998444E-03
   12650  5.93744462E-02  9.41713366E-01 -5.83928345E-01  2.05014306E+00  4.70644406E-03
   12700  6.80990600E-02  9.36167697E-01 -5.95817493E-01  2.05559962E+00  6.18536001E-03
   12750  7.24820359E-02  9.34858619E-01 -5.72594254E-01  2.05887200E+00  3.15356162E-03
   12800  4.11374895E-02  9.20797117E-01 -5.49827828E-01  2.04813021E+00  1.19359145E-02
   12850  2.75138619E-02  9.13157726E-01 -5.58462184E-01  2.05078020E+00  4.75994068E-03
   12900  1.59852746E-03  9.11566151E-01 -5.65241936E-01  2.05541492E+00  9.55871075E-03
   12950 -4.94316569E-03  8.99427103E-01 -5.62997606E-01  2.05069581E+00  8.46029426E-03
   13000 -2.70610139E-03  9.34953725E-01 -5.73044669E-01  2.05080963E+00  9.50107825E-03
   13050 -3.37927734E-03  9.36907202E-01 -5.25847787E-01  2.05049001E+00  7.99380956E-03
   13100 -1.37419017E-02  9.15210193E-01 -5.36720208E-01  2.05459347E+00  8.89954748E-03
   13150 -1.64451215E-02  9.18614535E-01 -5.58575163E-01  2.05130824E+00  5.85928976E-03
   13200 -8.93659176E-03  9.41486423E-01 -5.46132298E-01  2.05611199E+00  9.22956928E-03
   13250 -1.38602606E-02  9.38739163E-01 -5.20773073E-01  2.04983435E+00  6.94601260E-03
   13300 -2.23057883E-02  9.18880450E-01 -5.40891322E-01  2.05355828E+00  3.97315663E-03
   13350 -5.57478684E-03  9.23189903E-01 -5.14697166E-01  2.04539673E+00  7.82415761E-03
   13400 -8.60130064E-03  9.13496697E-01 -5.39904519E-01  2.05501379E+00  7.84868132E-03
   13450 -7.35576458E-04  9.30484461E-01 -5.50218502E-01  2.04888802E+00  8.12913748E-03
   13500  7.91368595E-04  9.25078237E-01 -5.61490465E-01  2.04772466E+00  5.77132020E-03
   13550  3.69155669E-03  9.35534687E-01 -5.60605117E-01  2.04794107E+00  8.37752464E-03
   13600  2.72301197E-02  9.50596347E-01 -5.51184844E-01  2.04811748E+00  4.54302863E-03
   13650  2.33462644E-02  9.31087657E-01 -5.59046852E-01  2.03957901E+00  1.14313656E-02
   13700  3.49532821E-02  9.36010846E-01 -5.74754532E-01  2.04938160E+00  1.24450889E-02
   13750  4.39355321E-02  9.19220352E-01 -5.67065530E-01  2.05522746E+00  4.26194656E-03
   13800  6.63267203E-02  9.17319856E-01 -5.52068539E-01  2.04849179E+00  6.67199549E-03
   13850  6.32313231E-02  9.26569255E-01 -5.65742844E-01  2.05488778E+00  8.50173146E-03
   13900  8.27693971E-02  9.09894855E-01 -5.50051224E-01  2.04595916E+00  7.44883465E-03
   13950  6.05757143E-02  9.04871200E-01 -5.61101270E-01  2.05123037E+00  6.19231924E-03
   14000  6.21446334E-02  9.01863443E-01 -5.55340421E-01  2.05368729E+00  5.80014306E-03
   14050  5.91402435E-02  9.04951473E-01 -5.37691985E-01  2.05148467E+00  9.99478350E-03
   14100  5.99132333E-02  9.14205923E-01 -5.40726868E-01  2.05180002E+00  4.87266914E-03
   14150  6.06753040E-02  9.13768977E-01 -5.45335497E-01  2.05603630E+00  4.65382820E-03
   14200  7.35490664E-02  9.27983268E-01 -5.35998022E-01  2.05651418E+00  5.29256421E-03
   14250  7.81266292E-02  9.32726510E-01 -5.39783565E-01  2.05327636E+00  1.05159771E-02
   14300  6.08702287E-02  9.04891306E-01 -5.31771505E-01  2.05067143E+00  7.13490189E-03
   14350  5.50156992E-02  9.16584123E-01 -5.44057944E-01  2.05463971E+00  4.19419179E-03
   14400  5.23811493E-02  9.08387712E-01 -5.49505867E-01  2.05177124E+00  6.98690224E-03
   14450  3.30683444E-02  8.77776671E-01 -5.65637897E-01  2.05561754E+00  4.00566911E-03
   14500  5.16098420E-02  8.76595492E-01 -5.65630317E-01  2.04588789E+00  7.38766698E-03
   14550  3.82033386E-02  8.83694690E-01 -5.68316302E-01  2.04608633E+00  6.62315122E-03
   14600  4.76803083E-02  8.70556311E-01 -6.15988684E-01  2.04825019E+00  7.85436025E-03
   14650  5.86283155E-02  8.76053808E-01 -6.21331385E-01  2.05339558E+00  6.37402611E-03
   14700  5.70364412E-02  8.74643222E-01 -6.08101108E-01  2.04854480E+00  5.05726328E-03
   14750  3.30609830E-02  8.78595068E-01 -6.01865918E-01  2.05618601E+00  6.95392137E-03
   14800  3.18549524E-02  8.63467561E-01 -5.91831092E-01  2.05248889E+00  9.22967147E-03
   14850  4.89376830E-02  8.45181532E-01 -5.68530777E-01  2.04991442E+00  1.34541615E-02
   14900  4.71105437E-02  8.58638155E-01 -5.69582534E-01  2.04984349E+00  9.27917055E-03
   14950  2.95642698E-02  8.60039921E-01 -5.52442095E-01  2.05148143E+00  4.36843196E-03
   15000  3.80909210E-02  8.66625403E-01 -5.54674745E-01  2.05199293E+00  7.00781559E-03
   15050  4.73765394E-02  8.47969921E-01 -5.53058736E-01  2.05005394E+00  5.77692838E-03
   15100  5.03614440E-02  8.66448380E-01 -5.46917752E-01  2.04959674E+00  4.39341934E-03
   15150  4.76913831E-02  8.77634559E-01 -5.51838112E-01  2.04931175E+00  7.37116855E-03
   15200  3.68585535E-02  8.61367487E-01 -5.54830402E-01  2.04728535E+00  8.77721588E-03
   15250  3.77097369E-02  8.52306418E-01 -5.16969520E-01  2.04685915E+00  9.48653224E-03
   15300  5.07163250E-02  8.72588155E-01 -5.26059979E-01  2.05475200E+00  6.20643908E-03
   15350  3.13016597E-02  8.75042599E-01 -5.24813603E-01  2.05240465E+00  7.20073915E-03
   15400  6.60643107E-02  8.94446805E-01 -5.31529771E-01  2.05051544E+00  6.29468714E-03
   15450  6.25964876E-02  9.09178914E-01 -5.17730676E-01  2.05010054E+00  6.03928885E-03
   15500  5.04510050E-02  9.12714606E-01 -4.91009728E-01  2.05277961E+00  6.24717398E-03
   15550  6.36464763E-02  9.23249431E-01 -4.68840872E-01  2.05748852E+00  2.87866624E-03
   15600  4.31271636E-02  9.05950677E-01 -4.77140798E-01  2.05315105E+00  8.24333250E-03
   15650  4.65511247E-02  9.21669294E-01 -4.94626333E-01  2.05487384E+00  7.93857962E-03
   15700  6.23662753E-02  9.22533598E-01 -5.12115336E-01  2.05589294E+00  9.57729670E-03
   15750  7.52489857E-02  9.14076790E-01 -5.11514013E-01  2.05278022E+00  8.43434469E-03
   15800  9.24224725E-02  9.14433609E-01 -5.26988837E-01  2.05298575E+00  7.69548739E-03
   15850  1.01147232E-01  9.24985210E-01 -5.28979712E-01  2.05870216E+00  4.99907950E-03
   15900  1.15221795E-01  9.33887258E-01 -5.23089895E-01  2.06055434E+00  6.24376659E-03
   15950  1.20659834E-01  9.47816352E-01 -5.38817742E-01  2.05523381E+00  6.35945194E-03
   16000  1.31640621E-01  9.41356193E-01 -5.42509471E-01  2.05556107E+00  8.50946769E-03
   16050  1.23773733E-01  9.42166531E-01 -5.74196731E-01  2.05026426E+00  9.68246850E-03
   16100  1.28819540E-01  9.50313481E-01 -5.73219564E-01  2.05292892E+00  8.04412756E-03
   16150  1.28319766E-01  9.63595741E-01 -5.73261378E-01  2.05495059E+00  8.18048545E-03
   16200  1.32666687E-01  9.72815357E-01 -5.55792934E-01  2.04870806E+00  9.04345829E-03
   16250  1.56217558E-01  9.66061835E-01 -5.72246600E-01  2.05356459E+00  1.19657169E-02
   16300  1.57489568E-01  9.69713914E-01 -5.54694370E-01  2.05019350E+00  9.82605607E-03
   16350  1.55616744E-01  9.58543728E-01 -5.63397831E-01  2.05319819E+00  9.55217048E-03
   16400  1.65628400E-01  9.61691472E-01 -5.34409810E-01  2.05529915E+00  8.99348086E-03
   16450  1.68368173E-01  9.62399193E-01 -5.51830699E-01  2.05347826E+00  6.52700077E-03
   16500  1.76996280E-01  9.65297094E-01 -5.81345137E-01  2.04979119E+00  4.77191983E-03
   16550  1.75944431E-01  9.65987715E-01 -5.77950992E-01  2.04973723E+00  9.72533509E-03
   16600  1.58469603E-01  9.56241885E-01 -5.78911238E-01  2.05105231E+00  8.19193033E-03
   16650  1.54854823E-01  9.60383759E-01 -5.61196119E-01  2.05230713E+00  4.00559634E-03
   16700  1.49006523E-01  9.60283336E-01 -5.63511275E-01  2.05586700E+00  2.85034694E-03
   16750  1.35403132E-01  9.49666824E-01 -5.80619859E-01  2.05904977E+00  5.02760091E-03
   16800  1.26598749E-01  9.62744779E-01 -5.91625501E-01  2.05647344E+00  9.92860184E-03
   16850  1.28287979E-01  9.73959434E-01 -5.80206288E-01  2.05413218E+00  7.36945486E-03
   16900  1.14448979E-01  9.66990049E-01 -5.70080055E-01  2.05673119E+00  8.18510477E-03
   16950  1.23042408E-01  9.45155502E-01 -5.68418983E-01  2.05883498E+00  1.03693150E-02
   17000  1.23180723E-01  9.29613994E-01 -5.50566114E-01  2.05842846E+00  1.18907377E-02
   17050  1.34686792E-01  9.10683137E-01 -5.56463027E-01  2.05538495E+00  8.21729300E-03
   17100  1.34797530E-01  9.17157519E-01 -5.48440879E-01  2.05488469E+00  4.70233691E-03
   17150  1.43125607E-01  9.13330011E-01 -5.46343617E-01  2.05086335E+00  8.35684223E-03
   17200  1.52543375E-01  8.99350994E-01 -5.39500618E-01  2.05058821E+00  5.46513552E-03
   17250  1.53083334E-01  8.96655562E-01 -5.26247248E-01  2.05369970E+00  7.29592046E-03
   17300  1.61870623E-01  9.01403162E-01 -5.30614736E-01  2.04965403E+00  7.05205321E-03
   17350  1.66634653E-01  9.04249856E-01 -5.19813431E-01  2.04951890E+00  6.21722033E-03
   17400  1.63802950E-01  9.22584471E-01 -5.01496750E-01  2.05415392E+00  7.54321033E-03
   17450  1.49507431E-01  9.04337489E-01 -5.00671781E-01  2.05215700E+00  1.10636575E-02
   17500  1.40933717E-01  8.99568530E-01 -5.02747747E-01  2.04728590E+00  7.90267613E-03
   17550  1.77058146E-01  8.88717819E-01 -5.20247931E-01  2.05224353E+00  8.32583017E-03
   17600  1.69787142E-01  8.72153384E-01 -5.29040186E-01  2.05186241E+00  7.20280025E-03
   17650  1.79223321E-01  8.97420034E-01 -5.33149689E-01  2.05030376E+00  5.88095887E-03
   17700  1.86855577E-01  9.05753932E-01 -5.30148886E-01  2.05479277E+00  4.03473283E-03
   17750  1.82830429E-01  9.01823738E-01 -5.42210086E-01  2.05778474E+00  7.53649615E-03
   17800  1.89927503E-01  8.93869564E-01 -5.24652238E-01  2.05070330E+00  8.72421238E-03
   17850  1.95369966E-01  9.08379280E-01 -5.55250236E-01  2.05258661E+00  5.24552370E-03
   17900  2.02884953E-01  9.26098897E-01 -5.43060028E-01  2.04865899E+00  3.83061151E-03
   17950  1.90975932E-01  9.22010309E-01 -5.33148891E-01  2.05411987E+00  4.99568231E-03
   18000  1.81483441E-01  9.61220677E-01 -5.38214743E-01  2.05757021E+00  5.92539672E-03
   18050  1.71987787E-01  9.55673888E-01 -5.48187933E-01  2.05449135E+00  4.63692906E-03
   18100  1.68441209E-01  9.55674941E-01 -5.66843100E-01  2.05934872E+00  5.45240388E-03
   18150  1.60507797E-01  9.64290070E-01 -5.63589997E-01  2.06151073E+00  3.76085431E-03
   18200  1.26124274E-01  9.62158769E-01 -5.52434632E-01  2.05485055E+00  8.56174598E-03
   18250  1.19184924E-01  9.73801057E-01 -5.38511275E-01  2.05529261E+00  3.03400144E-03
   18300  1.25191542E-01  9.81958258E-01 -5.42940314E-01  2.05431791E+00  1.07194110E-02
   18350  1.47117088E-01  9.67738845E-01 -5.46112907E-01  2.05149869E+00  9.58884141E-03
   18400  1.44726178E-01  9.64162723E-01 -5.42933988E-01  2.05233576E+00  1.06483493E-02
   18450  1.29912513E-01  9.57073420E-01 -5.47823118E-01  2.04646729E+00  7.83410266E-03
   18500  1.21877358E-01  9.68325740E-01 -5.47635248E-01  2.05153988E+00  6.06972579E-03
   18550  1.10187880E-01  9.72426375E-01 -5.38560173E-01  2.04835604E+00  5.12586877E-03
   18600  9.73429540E-02  9.74339690E-01 -5.46548554E-01  2.04703157E+00  3.59912808E-03
   18650  1.22796984E-01  9.79377353E-01 -5.49815955E-01  2.05041152E+00  8.72186064E-03
   18700  1.12211566E-01  9.93874031E-01 -5.55535854E-01  2.05040190E+00  1.04548525E-02
   18750  1.10517539E-01  1.01013304E+00 -5.68180396E-01  2.04982477E+00  6.26464766E-03
   18800  1.22134825E-01  1.01253025E+00 -5.76393602E-01  2.04608370E+00  8.15657512E-03
   18850  1.29629527E-01  1.00681667E+00 -5.92302755E-01  2.05196474E+00  7.66233240E-03
   18900  1.09548538E-01  1.02471657E+00 -5.81980493E-01  2.05268181E+00  7.68947961E-03
   18950  1.14302513E-01  1.00037963E+00 -5.82232914E-01  2.04937547E+00  7.58164182E-03
   19000  1.03772399E-01  9.93089723E-01 -5.73220427E-01  2.05708067E+00  5.96304791E-03
   19050  1.17360612E-01  1.01343549E+00 -5.61433724E-01  2.05171466E+00  3.81530059E-03
   19100  1.08958792E-01  9.99150910E-01 -5.58465477E-01  2.04907322E+00  7.16145775E-03
   19150  8.91149090E-02  9.73745009E-01 -5.76493723E-01  2.05135079E+00  9.26402760E-03
   19200  7.97901730E-02  9.86320169E-01 -5.77699219E-01  2.04879537E+00  8.47468068E-03
   19250  7.15085561E-02  9.64810946E-01 -5.70314211E-01  2.04546940E+00  9.73122446E-03
   19300  6.64854131E-02  9.72781593E-01 -5.56528734E-01  2.04776495E+00  1.30281311E-02
   19350  4.59019382E-02  9.67777395E-01 -5.78771127E-01  2.04991889E+00  9.64650414E-03
   19400  3.34862787E-02  9.84096487E-01 -5.53699952E-01  2.05301089E+00  8.43764329E-03
   19450  1.05990599E-02  1.00795278E+00 -5.47438730E-01  2.05144906E+00  4.46979123E-03
   19500  5.19636409E-03  1.00776029E+00 -5.61652809E-01  2.04793360E+00  1.62589427E-03
   19550  1.72689623E-02  1.01410074E+00 -5.67961701E-01  2.05488054E+00  7.47968437E-03
   19600  8.43192592E-03  1.01835088E+00 -5.59561049E-01  2.05484017E+00  9.00599388E-03
   19650  1.69249163E-02  1.02044861E+00 -5.55958146E-01  2.05295207E+00  6.52377568E-03
   19700  2.26138516E-02  1.01317500E+00 -5.39993370E-01  2.05159670E+00  4.89257131E-03
   19750  1.72110392E-02  1.00160448E+00 -5.35018617E-01  2.04793090E+00  6.27694285E-03
   19800  9.20838161E-03  9.79211379E-01 -5.41938214E-01  2.04317593E+00  8.58953560E-03
   19850  1.76529977E-02  9.67381986E-01 -5.50034019E-01  2.05091268E+00  6.26902277E-03
   19900  3.24218993E-02  9.51070296E-01 -5.29994926E-01  2.04788106E+00  1.13972881E-02
   19950  3.48659128E-02  9.67743349E-01 -5.21254909E-01  2.04928914E+00  4.21204749E-03
   20000  2.27232670E-02  9.57648769E-01 -5.27909173E-01  2.05350715E+00  3.62612534E-03
   20050  4.37846952E-06  9.44038167E-01 -5.27992359E-01  2.05775259E+00  6.85999975E-03
   20100  1.56543889E-02  9.37037532E-01 -5.31190383E-01  2.05593665E+00  4.85472381E-03
   20150  3.69040902E-02  9.30155113E-01 -5.22195703E-01  2.05643632E+00  6.37317363E-03
   20200  2.90335325E-02  9.18796320E-01 -5.41681422E-01  2.05650012E+00  6.25885608E-03
   20250  2.81106316E-02  9.05598935E-01 -5.31049929E-01  2.04855976E+00  3.98983161E-03
   20300  6.19738806E-02  9.18972901E-01 -5.23747892E-01  2.05124996E+00  7.44460471E-03
   20350  5.69801613E-02  9.03185659E-01 -5.31364737E-01  2.05069403E+00  8.57289697E-03
   20400  3.44544086E-02  9.10128183E-01 -5.22133873E-01  2.04952211E+00  7.42424094E-03
   20450  2.61209747E-02  9.11982653E-01 -5.04469997E-01  2.05292305E+00  5.80731240E-03
   20500  2.50990155E-02  9.04224752E-01 -5.04345734E-01  2.05401444E+00  6.95994963E-03
   20550  3.33254598E-02  9.04070764E-01 -5.19345110E-01  2.04895914E+00  1.11817394E-02
   20600  2.51662935E-02  9.04174665E-01 -5.06909826E-01  2.05530564E+00  6.51051711E-03
   20650  7.76400559E-03  9.08553643E-01 -5.00145355E-01  2.05409145E+00  3.87953461E-03
   20700  1.21960842E-02  9.00890882E-01 -4.98969072E-01  2.05425846E+00  4.33577468E-03
   20750  1.24988526E-02  8.99521152E-01 -4.87974697E-01  2.05073033E+00  8.40621329E-03
   20800  8.80421017E-03  8.85438452E-01 -4.79105554E-01  2.04626479E+00  8.41798174E-03
   20850  2.19366424E-02  9.03915213E-01 -4.71444669E-01  2.05182404E+00  2.80605951E-03
   20900  2.41052492E-02  9.12620060E-01 -4.72802188E-01  2.05158512E+00  4.15017026E-03
   20950  1.99848539E-02  9.30986097E-01 -4.60652448E-01  2.05867161E+00  1.01276912E-02
   21000  3.06121286E-02  9.33997887E-01 -4.76633667E-01  2.05898325E+00  7.56358928E-03
   21050  2.49870291E-02  9.39136946E-01 -4.73931210E-01  2.05224393E+00  2.90479534E-03
   21100  1.84330525E-02  9.53775013E-01 -4.83019258E-01  2.04758728E+00  8.43791188E-03
   21150  1.66415495E-02  9.33412953E-01 -4.92890665E-01  2.04754529E+00  7.22102940E-03
   21200  3.13444913E-02  9.48327908E-01 -4.93042449E-01  2.05274999E+00  6.09227725E-03
   21250  4.17163148E-02  9.34194806E-01 -5.12199699E-01  2.05664125E+00  1.01882867E-02
   21300  3.54847443E-02  9.15341210E-01 -5.07346815E-01  2.04616709E+00  3.75969126E-03
   21350  2.69960504E-02  9.20844813E-01 -5.03403939E-01  2.04692593E+00  3.40917505E-03
   21400  3.22650070E-02  9.02247135E-01 -5.11587340E-01  2.05366630E+00  7.40683904E-03
   21450  2.58356847E-02  9.04418093E-01 -5.15932312E-01  2.05403087E+00  1.01177898E-02
   21500  1.58970685E-02  9.08205605E-01 -5.14017084E-01  2.04835473E+00  5.51220677E-03
   21550 -5.10492317E-03  9.13201937E-01 -4.84772290E-01  2.05891005E+00  6.27158120E-03
   21600 -3.32737032E-05  9.18789835E-01 -4.74602964E-01  2.05555888E+00  9.42718793E-03
   21650 -1.18733674E-02  9.12726367E-01 -4.55194774E-01  2.05138650E+00  5.00399797E-03
   21700 -1.02594132E-02  9.10043921E-01 -4.76923110E-01  2.04559504E+00  5.91353202E-03
   21750 -1.31927084E-02  9.01770002E-01 -4.72482700E-01  2.05291768E+00  5.57421974E-03
   21800 -1.43567954E-02  9.12846405E-01 -4.77488328E-01  2.05266164E+00  3.34696572E-03
   21850 -1.23178978E-02  9.17513698E-01 -4.86695691E-01  2.05004445E+00  7.83022915E-03
   21900 -1.65127844E-02  9.09035433E-01 -4.86738200E-01  2.04990779E+00  6.08534255E-03
   21950 -1.77808074E-02  8.94482881E-01 -5.02725848E-01  2.04938578E+00  8.71319498E-03
   22000 -1.67816056E-02  8.89259643E-01 -4.93411618E-01  2.05044991E+00  3.54104841E-03
   22050 -1.34244606E-03  8.90083852E-01 -5.12238139E-01  2.05272374E+00  6.45537693E-03
   22100 -3.39182076E-03  8.97932434E-01 -4.94681678E-01  2.05082385E+00  1.14502002E-02
   22150  1.02529636E-02  9.08853967E-01 -5.19699058E-01  2.05683236E+00  1.11729574E-02
   22200  2.17460981E-03  9.17493714E-01 -5.08003964E-01  2.05620400E+00  9.09435672E-03
   22250 -6.79451931E-03  9.08414896E-01 -5.01363512E-01  2.05120241E+00  7.31315290E-03
   22300  5.11686442E-03  8.84034646E-01 -5.21365743E-01  2.05804118E+00  5.73363642E-03
   22350 -4.23057995E-03  8.88803374E-01 -5.10515176E-01  2.05606276E+00  4.46618119E-03
   22400 -1.04412601E-02  8.93566708E-01 -4.94879446E-01  2.05557258E+00  6.79321946E-03
   22450  2.28407574E-02  9.00607551E-01 -5.04093307E-01  2.05359012E+00  5.59554629E-03
   22500  2.84150597E-02  9.12151197E-01 -5.17463369E-01  2.05975311E+00  6.84071844E-03
   22550  4.02678999E-02  9.10702115E-01 -5.01424970E-01  2.05689955E+00  2.87611034E-03
   22600  2.98084402E-02  9.13116304E-01 -4.87940317E-01  2.05146983E+00  6.89318270E-03
   22650  1.26433738E-02  9.24659589E-01 -4.81299946E-01  2.05305788E+00  4.82793755E-03
   22700  3.86865583E-02  9.44364642E-01 -5.06564717E-01  2.05103843E+00  9.47568628E-03
   22750  5.33998586E-02  9.42517647E-01 -5.12277857E-01  2.05291834E+00  3.23773456E-03
   22800  5.86507260E-02  9.22798074E-01 -5.08655958E-01  2.04828153E+00  4.42626685E-03
   22850  6.31997524E-02  9.21679415E-01 -4.76791425E-01  2.05220405E+00  4.94014181E-03
   22900  6.40743479E-02  8.71674289E-01 -4.72735133E-01  2.05076997E+00  6.59746583E-03
   22950  7.37026110E-02  8.59764143E-01 -4.68767214E-01  2.05201799E+00  6.06498432E-03
   23000  6.38396028E-02  8.76263015E-01 -4.58760890E-01  2.05859016E+00  5.15403184E-03
   23050  7.05316450E-02  8.74318310E-01 -4.64289686E-01  2.05572508E+00  3.83968415E-03
   23100  6.26999687E-02  8.44739753E-01 -4.62120681E-01  2.05319235E+00  4.49371675E-03
   23150  6.39038597E-02  8.56671966E-01 -4.45553496E-01  2.05579282E+00  5.37185355E-03
   23200  5.14222507E-02  8.61431604E-01 -4.44633155E-01  2.05198447E+00  7.58671263E-03
   23250  6.58211056E-02  8.68055074E-01 -4.48416927E-01  2.06141222E+00  7.40083155E-03
   23300  5.60733713E-02  8.61837220E-01 -4.47355462E-01  2.06017147E+00  7.41303747E-03
   23350  5.44048840E-02  8.52626694E-01 -4.44111683E-01  2.06029023E+00  8.12592428E-03
   23400  4.12171557E-02  8.58119665E-01 -4.24501208E-01  2.05389057E+00  3.43665481E-03
   23450  7.08353808E-02  8.35963804E-01 -4.28063287E-01  2.05720935E+00  4.25505031E-03
   23500  7.52875152E-02  8.58319869E-01 -4.23821740E-01  2.05888098E+00  3.19901048E-03
   23550  6.24624932E-02  8.44653825E-01 -4.14955414E-01  2.05375367E+00  3.03418116E-03
   23600  5.84063832E-02  8.38040533E-01 -3.93555125E-01  2.05510863E+00  4.76661182E-03
   23650  5.62984106E-02  8.28418904E-01 -3.74439015E-01  2.05725157E+00  7.95412090E-03
   23700  7.36283816E-02  8.37967936E-01 -3.69732140E-01  2.05709752E+00  5.28704151E-03
   23750  7.99455357E-02  8.40184740E-01 -3.65640203E-01  2.05237079E+00  4.93413283E-03
   23800  9.42035064E-02  8.55634511E-01 -3.43337988E-01  2.05396006E+00  6.82477340E-03
   23850  8.78200524E-02  8.51662866E-01 -3.24779152E-01  2.05337602E+00  5.03028805E-03
   23900  9.58433057E-02  8.35613368E-01 -3.37124151E-01  2.05337184E+00  4.18305371E-03
   23950  9.02247797E-02  8.22348290E-01 -3.25298435E-01  2.05139895E+00  7.75136027E-03
   24000  8.52501236E-02  8.16087493E-01 -3.22639886E-01  2.05446420E+00  7.49160428E-03
   24050  1.00974461E-01  8.13655062E-01 -3.07637733E-01  2.06486393E+00  2.01488808E-03
   24100  1.22242584E-01  7.95654269E-01 -2.98236115E-01  2.05413443E+00  5.56401610E-03
   24150  1.15138537E-01  7.82262399E-01 -3.02089653E-01  2.05787747E+00  5.50791492E-03
   24200  1.23688287E-01  7.80449287E-01 -2.91981913E-01  2.05221602E+00  9.10750389E-03
   24250  1.08789863E-01  7.80549450E-01 -3.10166995E-01  2.05538877E+00  4.99634732E-03
   24300  1.37136057E-01  7.64053428E-01 -3.05360493E-01  2.05872156E+00  8.63990924E-03
   24350  1.60129465E-01  7.64673920E-01 -2.83708607E-01  2.05945649E+00  2.03616454E-03
   24400  1.47647880E-01  7.40756011E-01 -2.89274785E-01  2.06101522E+00  4.54534942E-03
   24450  1.36779977E-01  7.47096805E-01 -2.98315731E-01  2.05319985E+00  3.79832008E-03
   24500  1.27131290E-01  7.45784587E-01 -3.03294691E-01  2.04982990E+00  5.22449668E-03
   24550  1.33916673E-01  7.54243184E-01 -3.12805496E-01  2.04907336E+00  6.51179535E-03
   24600  1.19025104E-01  7.50500111E-01 -3.07742104E-01  2.05004845E+00  7.41043150E-03
   24650  9.99338563E-02  7.65805135E-01 -3.01472000E-01  2.04671851E+00  4.74516694E-03
   24700  7.67814430E-02  7.55931882E-01 -3.15313519E-01  2.04674673E+00  6.10739667E-03
   24750  5.71896233E-02  7.58989454E-01 -3.20684887E-01  2.05046426E+00  6.89191240E-03
   24800  8.07865089E-02  7.73366610E-01 -3.30145652E-01  2.04935017E+00  5.26194874E-03
   24850  9.23222702E-02  7.57941639E-01 -3.54121394E-01  2.05385579E+00  4.66181401E-03
   24900  9.92262578E-02  7.53336554E-01 -3.57482832E-01  2.05888282E+00  6.28810456E-03
   24950  9.42872104E-02  7.78259241E-01 -3.55795418E-01  2.05402541E+00  5.63833032E-03
   25000  8.79991448E-02  7.71104304E-01 -3.72604338E-01  2.06297031E+00  3.17109860E-03
   25050  8.53054213E-02  7.63427355E-01 -3.76930437E-01  2.05316001E+00  1.01843290E-02
   25100  8.57007978E-02  7.38316124E-01 -3.58832782E-01  2.05336181E+00  6.75235261E-03
   25150  8.97434302E-02  7.34588481E-01 -3.49704266E-01  2.05133968E+00  8.06076526E-03
   25200  9.14404764E-02  7.56548522E-01 -3.45035103E-01  2.05571367E+00  9.03932779E-03
   25250  1.04292100E-01  7.53862978E-01 -3.71544805E-01  2.05318591E+00  9.19680501E-03
   25300  1.04868325E-01  7.35111199E-01 -3.78190032E-01  2.04861707E+00  6.99543450E-03
   25350  1.07201018E-01  7.44703602E-01 -3.85754446E-01  2.05259362E+00  3.99413911E-03
   25400  8.18410077E-02  7.44143712E-01 -3.78578096E-01  2.05785495E+00  8.22594441E-03
   25450  7.06486592E-02  7.20805010E-01 -3.61539173E-01  2.05474981E+00  7.19627750E-03
   25500  6.67655225E-02  7.24656044E-01 -3.39612941E-01  2.05149470E+00  7.09518569E-03
   25550  8.03029652E-02  7.03722826E-01 -3.12650866E-01  2.05613193E+00  5.06481671E-03
   25600  8.28952943E-02  7.02865802E-01 -3.41863408E-01  2.05017185E+00  7.29777884E-03
   25650  9.22873236E-02  6.96642801E-01 -3.58126229E-01  2.05232616E+00  8.00671223E-03
   25700  1.16774603E-01  7.14770708E-01 -3.49217488E-01  2.04799010E+00  9.53239386E-03
   25750  1.17777565E-01  7.07500369E-01 -3.61171831E-01  2.05167131E+00  6.15642587E-03
   25800  1.15368383E-01  7.02472808E-01 -3.49416260E-01  2.04958511E+00  9.11370843E-03
   25850  1.20920509E-01  7.06837116E-01 -3.49953218E-01  2.05157793E+00  8.07275603E-03
   25900  1.32148196E-01  7.29249157E-01 -3.43433031E-01  2.05043708E+00  4.72176773E-03
   25950  1.44316292E-01  7.33111914E-01 -3.39496129E-01  2.05280938E+00  4.57583630E-03
   26000  1.58333163E-01  7.56732497E-01 -3.29855074E-01  2.05385419E+00  6.03566567E-03
   26050  1.32512032E-01  7.60790126E-01 -3.11180714E-01  2.05265936E+00  8.97107171E-03
   26100  1.40136980E-01  7.69792095E-01 -2.96649319E-01  2.05511848E+00  9.89044224E-03
   26150  1.29060528E-01  7.79365900E-01 -2.96349460E-01  2.05145948E+00  9.14013920E-03
   26200  1.35137997E-01  7.53632757E-01 -3.06124318E-01  2.05004253E+00  7.76668366E-03
   26250  1.24328691E-01  7.83467870E-01 -3.10486508E-01  2.05051090E+00  3.68593058E-03
   26300  9.44966621E-02  8.10895616E-01 -3.18823132E-01  2.05655215E+00  4.01853077E-03
   26350  9.65494571E-02  8.26634134E-01 -3.09935828E-01  2.05405854E+00  3.39707015E-03
   26400  9.14417131E-02  8.39316151E-01 -2.89255341E-01  2.05327962E+00  6.00657402E-03
   26450  7.95404349E-02  8.32847662E-01 -2.73171787E-01  2.04983505E+00  7.41871953E-03
   26500  1.08470248E-01  8.25375078E-01 -2.85866418E-01  2.05214822E+00  1.07631441E-02
   26550  8.26072673E-02  8.48121018E-01 -2.70363577E-01  2.05247992E+00  4.31575389E-03
   26600  8.34610079E-02  8.33774814E-01 -2.69405321E-01  2.04686275E+00  5.46079066E-03
   26650  7.21686041E-02  8.52555315E-01 -2.81321004E-01  2.04712526E+00  7.82086025E-03
   26700  6.61448596E-02  8.37629487E-01 -2.81055718E-01  2.04893858E+00  3.09229347E-03
   26750  3.39215743E-02  8.39338322E-01 -2.67201151E-01  2.05306909E+00  4.10554292E-03
   26800  3.63841581E-02  8.30457266E-01 -2.68658492E-01  2.05630267E+00  7.20019297E-03
   26850  4.44029878E-02  8.23948820E-01 -2.58605088E-01  2.05586620E+00  6.74015630E-03
   26900  4.79542174E-02  8.26502580E-01 -2.45965599E-01  2.05484269E+00  3.74060391E-03
   26950  4.83167293E-02  8.22298894E-01 -2.41381870E-01  2.04648043E+00  6.15272228E-03
   27000  7.90394667E-02  8.37822512E-01 -2.45312811E-01  2.05704538E+00  2.86510649E-03
   27050  7.44565278E-02  8.42867921E-01 -2.48168389E-01  2.05118886E+00  7.90161904E-03
   27100  6.36221962E-02  9.00148190E-01 -2.47062985E-01  2.05391921E+00  8.45527376E-03
   27150  6.70378265E-02  9.26334230E-01 -2.46374589E-01  2.05409280E+00  4.59614933E-03
   27200  4.41123655E-02  9.35277196E-01 -2.46127495E-01  2.05238404E+00  7.98928421E-04
   27250  4.47902215E-02  9.30316512E-01 -2.22466552E-01  2.04549674E+00  9.35961917E-03
   27300  4.75595862E-02  9.44240762E-01 -2.37602133E-01  2.04922332E+00  8.74009232E-03
   27350  3.88586828E-02  9.52664735E-01 -2.44512055E-01  2.05723036E+00  5.34479904E-03
   27400  2.41225295E-02  9.60500684E-01 -2.19662711E-01  2.05512592E+00  4.04661098E-03
   27450  3.04921581E-03  9.44916566E-01 -2.27034978E-01  2.05551221E+00  6.30862149E-03
   27500 -7.99260557E-04  9.40572173E-01 -2.13713035E-01  2.05189541E+00  7.08119222E-03
   27550 -5.74046346E-03  9.59051243E-01 -2.31052906E-01  2.05304424E+00  6.36098499E-03
   27600  1.21622980E-03  9.41737094E-01 -2.36037998E-01  2.05815254E+00  7.46549012E-03
   27650  1.73102776E-02  9.66352492E-01 -2.33846280E-01  2.05665808E+00  2.46136473E-03
   27700  2.37314260E-02  9.62597826E-01 -2.59444888E-01  2.05369161E+00  9.41635233E-03
   27750 -4.29945613E-04  9.71517390E-01 -2.66172979E-01  2.06207414E+00  6.40034788E-03
   27800 -3.55681133E-02  9.69043878E-01 -2.36544693E-01  2.05516467E+00  3.55380072E-03
   27850 -2.38901119E-02  9.61991150E-01 -2.68661619E-01  2.05264668E+00  5.12181062E-03
   27900 -1.73490352E-02  9.59249128E-01 -2.85235409E-01  2.04972986E+00  6.32788435E-03
   27950 -1.02700903E-02  9.75411486E-01 -2.67476513E-01  2.05042512E+00  6.32762291E-03
   28000 -3.67586307E-03  9.52124256E-01 -2.66284541E-01  2.05025837E+00  6.96109449E-03
   28050  6.43019068E-03  9.48949180E-01 -2.67805317E-01  2.05829404E+00  7.08821937E-03
   28100  3.15495182E-02  9.33232051E-01 -2.34087015E-01  2.05466378E+00  3.00793769E-03
   28150  3.67111300E-02  9.15132008E-01 -2.17735508E-01  2.05277654E+00  3.46419661E-03
   28200  3.42332225E-02  9.24399819E-01 -2.29404151E-01  2.05083649E+00  5.07672943E-03
   28250  4.03497158E-02  9.26605613E-01 -2.51607911E-01  2.05078860E+00  8.80683803E-03
   28300  3.28336793E-02  9.29956084E-01 -2.41915270E-01  2.05309091E+00  1.00823358E-02
   28350  2.35359236E-02  9.36090414E-01 -2.36303059E-01  2.05712027E+00  7.50396768E-03
   28400  1.83205168E-02  9.52242298E-01 -2.57788644E-01  2.05045983E+00  7.80214212E-03
   28450  3.12897601E-02  9.43364347E-01 -2.59784054E-01  2.05221544E+00  6.59991675E-03
   28500  3.57660064E-02  9.43329663E-01 -2.67354934E-01  2.05226163E+00  7.02160223E-03
   28550  3.39358851E-02  9.28154419E-01 -2.37222468E-01  2.05076115E+00  5.93980465E-03
   28600  3.12429805E-02  9.34753846E-01 -2.31571181E-01  2.05659289E+00  6.92628767E-03
   28650  3.21746364E-02  9.18623499E-01 -2.18049268E-01  2.05133433E+00  9.48766253E-03
   28700  1.71427078E-02  9.05014325E-01 -2.19213203E-01  2.05080596E+00  5.76138766E-03
   28750 -7.87547780E-03  8.82260421E-01 -2.11302484E-01  2.05435555E+00  8.14156983E-03
   28800 -1.11298227E-02  8.68376413E-01 -2.08141130E-01  2.05637930E+00  4.54338370E-03
   28850  1.71934911E-02  8.82714819E-01 -2.25151768E-01  2.05044308E+00  8.03829202E-03
   28900  2.04310338E-02  8.74897632E-01 -2.37414429E-01  2.05620301E+00  7.34800505E-03
   28950  1.93590140E-02  8.95150793E-01 -2.35215733E-01  2.06163453E+00  9.67422931E-03
   29000  1.52701834E-02  8.78298796E-01 -2.36033759E-01  2.05875698E+00  4.43562534E-03
   29050  1.49768770E-02  8.99107908E-01 -2.27650914E-01  2.05288102E+00  4.92066654E-03
   29100  1.56107823E-02  9.04419867E-01 -2.33129499E-01  2.05128074E+00  7.43300476E-03
   29150 -5.05621237E-03  8.98908622E-01 -2.19426087E-01  2.05547026E+00  6.01085637E-03
   29200  1.43374634E-02  9.03216611E-01 -2.43602128E-01  2.05801304E+00  5.38178484E-03
   29250  1.00336077E-02  8.86778781E-01 -2.68377424E-01  2.06077596E+00  5.60363120E-03
   29300  2.48126557E-02  8.83508836E-01 -2.71432927E-01  2.05815847E+00  5.35749619E-03
   29350  3.28679072E-02  8.78774318E-01 -2.59736320E-01  2.05782897E+00  4.57685028E-03
   29400  4.15678222E-02  8.87706645E-01 -2.45914420E-01  2.05278659E+00  7.57639604E-03
   29450  2.57089137E-02  8.63383212E-01 -2.39840366E-01  2.05352214E+00  8.08326707E-03
   29500  4.75553059E-02  8.38636808E-01 -2.52972592E-01  2.05808153E+00  8.94417581E-03
   29550  3.87599708E-02  8.41673626E-01 -2.58031412E-01  2.05482030E+00  1.07661376E-02
   29600  4.71946916E-02  8.41850097E-01 -2.34803454E-01  2.05479445E+00  1.08667295E-02
   29650  4.26794148E-02  8.45875955E-01 -2.30717812E-01  2.05639900E+00  9.71963000E-03
   29700  3.35166960E-02  8.41272737E-01 -2.12540198E-01  2.05149614E+00  5.82033394E-03
   29750  3.54336640E-02  8.14359942E-01 -2.23580785E-01  2.05515715E+00  5.83040397E-03
   29800  5.10205415E-02  8.13842070E-01 -2.16467844E-01  2.04755555E+00  1.12614944E-02
   29850  5.99883429E-02  8.40471033E-01 -2.31222530E-01  2.04933129E+00  4.42618722E-03
   29900  5.79531660E-02  8.32044656E-01 -2.11247538E-01  2.05440938E+00  7.36005498E-03
   29950  6.57140417E-02  8.11341729E-01 -2.10008591E-01  2.04719483E+00  8.28315032E-03
   30000  7.19553762E-02  8.19529527E-01 -1.98621687E-01  2.04616566E+00  8.84029142E-03
   30050  8.02070391E-02  8.13111256E-01 -1.72069752E-01  2.04775959E+00  7.09025672E-03
   30100  9.71335593E-02  8.04299646E-01 -1.42117189E-01  2.04695765E+00  5.58846598E-03
   30150  9.58691582E-02  7.98391839E-01 -1.27940083E-01  2.04891619E+00  5.42427464E-03
   30200  8.14641613E-02  8.00993063E-01 -1.18974405E-01  2.04991519E+00  7.00480265E-03
   30250  7.74911389E-02  7.93153219E-01 -1.04234604E-01  2.05968940E+00  8.35081980E-03
   30300  8.15421687E-02  8.05474489E-01 -1.02114646E-01  2.05953777E+00  7.10450529E-03
   30350  9.99689231E-02  7.97257445E-01 -1.15624170E-01  2.05426509E+00  9.05991169E-03
   30400  1.02589861E-01  8.08448556E-01 -1.32529174E-01  2.05494425E+00  3.84294200E-03
   30450  8.99117861E-02  7.98910515E-01 -1.35988897E-01  2.05431612E+00  1.21710307E-02
   30500  6.04473710E-02  8.05128163E-01 -1.26890217E-01  2.05601818E+00  7.08174167E-03
   30550  7.27048321E-02  8.23996699E-01 -1.27036271E-01  2.05521810E+00  6.26292301E-03
   30600  8.92701760E-02  7.96461801E-01 -1.30964304E-01  2.04792622E+00  8.18986967E-03
   30650  8.99345053E-02  8.03253493E-01 -1.48898170E-01  2.04436611E+00  2.94047719E-03
   30700  1.05030020E-01  8.09639126E-01 -1.48136026E-01  2.04411185E+00  9.35393947E-03
   30750  8.95945506E-02  8.03198533E-01 -1.37945945E-01  2.04992643E+00  1.20670116E-02
   30800  8.48895247E-02  8.19454223E-01 -1.34173046E-01  2.05122542E+00  1.30937508E-02
   30850  8.89778811E-02  8.31353645E-01 -1.47114410E-01  2.04665202E+00  1.23819025E-02
   30900  9.52781688E-02  8.25089346E-01 -1.41154286E-01  2.04626543E+00  1.43249712E-02
   30950  9.91496028E-02  8.28031731E-01 -1.47372040E-01  2.04931612E+00  8.56572571E-03
   31000  1.03758386E-01  8.42908914E-01 -1.52918492E-01  2.04675995E+00  8.51324140E-03
   31050  1.04987703E-01  8.24287931E-01 -1.48134199E-01  2.04866658E+00  8.29889263E-03
   31100  1.11121426E-01  8.22283977E-01 -1.60208557E-01  2.05661172E+00  3.19783115E-03
   31150  9.84089872E-02  8.24214997E-01 -1.67613977E-01  2.05617477E+00  4.32214438E-03
   31200  1.23291051E-01  8.26639822E-01 -1.74160012E-01  2.05416367E+00  1.00524218E-02
   31250  1.54381845E-01  8.29134083E-01 -1.90257704E-01  2.04976587E+00  7.69145005E-03
   31300  1.53309716E-01  8.29957883E-01 -1.91060227E-01  2.05045317E+00  7.60357264E-03
   31350  1.50808817E-01  8.34857328E-01 -1.78916186E-01  2.04450802E+00  5.12735230E-03
   31400  1.43831191E-01  8.20497300E-01 -1.71689884E-01  2.04607053E+00  7.91619534E-03
   31450  1.26179792E-01  8.20246849E-01 -1.88132548E-01  2.05213507E+00  7.11372775E-03
   31500  1.33519668E-01  8.07547875E-01 -1.69265591E-01  2.05366831E+00  1.03164500E-02
   31550  1.05085062E-01  8.20271369E-01 -1.62367567E-01  2.05593187E+00  6.02505094E-03
   31600  9.95362703E-02  8.27119931E-01 -1.43149295E-01  2.05475424E+00  8.39394964E-03
   31650  1.02749644E-01  8.29607802E-01 -1.72529902E-01  2.05700322E+00  6.85640661E-03
   31700  1.12389002E-01  8.46187224E-01 -1.83120531E-01  2.05548195E+00  6.71497392E-03
   31750  1.15361725E-01  8.36475223E-01 -2.01619162E-01  2.05290692E+00  3.64899912E-03
   31800  1.06258339E-01  8.26524521E-01 -1.88667869E-01  2.05383615E+00  4.93521482E-03
   31850  9.21298694E-02  8.15125157E-01 -2.04526062E-01  2.04734742E+00  6.03175259E-03
   31900  7.99856783E-02  8.03031325E-01 -1.97064954E-01  2.05358200E+00  1.00721401E-02
   31950  6.50473663E-02  8.13248493E-01 -2.02932849E-01  2.05437157E+00  7.40997583E-03
   32000  4.18580033E-02  8.34402372E-01 -2.24902553E-01  2.05049697E+00  4.46772212E-03
   32050  3.57951512E-02  8.18246208E-01 -2.22535485E-01  2.04911996E+00  3.97667165E-03
   32100  2.84935655E-02  8.11086467E-01 -2.06016695E-01  2.05193747E+00  6.59083874E-03
   32150  4.31953621E-02  8.09978742E-01 -2.22896336E-01  2.05755494E+00  5.18179319E-03
   32200  4.72532126E-02  8.01030472E-01 -2.20594779E-01  2.05277222E+00  4.03287851E-03
   32250  7.27792270E-02  8.09094958E-01 -2.22020430E-01  2.04865178E+00  7.08130573E-03
   32300  5.22733933E-02  8.12721776E-01 -2.07320258E-01  2.04774848E+00  4.27380651E-03
   32350  5.43612780E-02  7.92199884E-01 -1.86443918E-01  2.04325969E+00  9.28695526E-03
   32400  4.03878938E-02  8.02619385E-01 -2.27262801E-01  2.04540618E+00  3.74903577E-03
   32450  3.77095927E-02  7.97540169E-01 -2.30398199E-01  2.04774777E+00  3.49825408E-03
   32500  4.82549137E-02  8.09798361E-01 -2.50308872E-01  2.05446323E+00  2.24440144E-03
   32550  2.81534387E-02  8.06189585E-01 -2.37511675E-01  2.05232685E+00  7.60094047E-03
   32600  3.42056771E-02  8.20812820E-01 -2.45202262E-01  2.05240653E+00  8.39555960E-03
   32650  4.43185388E-02  8.03144107E-01 -2.81548316E-01  2.05026161E+00  8.88816926E-03
   32700  4.78099463E-02  8.14423600E-01 -2.83601875E-01  2.05338866E+00  4.13690017E-03
   32750  2.79205762E-02  8.04094691E-01 -2.70954180E-01  2.04602365E+00  4.78002511E-03
   32800  1.90803969E-02  8.04792017E-01 -2.71067292E-01  2.05136353E+00  9.73113384E-03
   32850  2.31032624E-02  7.90144843E-01 -2.55637109E-01  2.04671931E+00  5.92236137E-03
   32900  3.90566328E-02  7.86153243E-01 -2.46793774E-01  2.04961000E+00  5.68490163E-03
   32950  2.84954130E-02  7.96510113E-01 -2.66574703E-01  2.05040062E+00  1.93109879E-03
   33000  5.12484656E-02  7.87527152E-01 -2.45998296E-01  2.05015269E+00  6.07560847E-03
   33050  3.60745276E-02  7.78751038E-01 -2.53038420E-01  2.05201367E+00  1.06034741E-02
   33100  3.36799432E-02  7.67454892E-01 -2.49568979E-01  2.04844597E+00  8.48057245E-03
   33150  8.60861862E-03  7.84268219E-01 -2.52266638E-01  2.05444998E+00  6.43103506E-03
   33200  3.34325682E-02  7.93898334E-01 -2.65474995E-01  2.04824346E+00  7.37320742E-03
   33250  2.79589308E-02  7.87372295E-01 -2.44289704E-01  2.04469706E+00  6.31580298E-03
   33300  6.64330161E-03  7.77873271E-01 -2.59960168E-01  2.05203083E+00  6.73103705E-03
   33350  8.77973807E-03  7.71864211E-01 -2.81378074E-01  2.05052944E+00  7.95013750E-03
   33400  1.75756875E-03  7.99079694E-01 -2.80858664E-01  2.05333711E+00  9.01164586E-03
   33450 -1.12299117E-03  7.96581259E-01 -2.87401973E-01  2.05422431E+00  6.84103577E-03
   33500 -1.47233234E-02  8.25460585E-01 -2.97895958E-01  2.04820975E+00  8.53583167E-03
   33550 -4.51822036E-03  8.35993291E-01 -2.89591322E-01  2.05139784E+00  1.08015774E-02
   33600  1.02079026E-02  8.42027021E-01 -2.99357937E-01  2.04888359E+00  8.79556055E-03
   33650 -4.25763574E-03  8.33181588E-01 -3.08021756E-01  2.05196526E+00  4.54723136E-03
   33700 -6.25976591E-03  8.14900713E-01 -3.04591539E-01  2.05604575E+00  8.62936536E-03
   33750  1.79836663E-02  8.18573487E-01 -2.98106897E-01  2.04841617E+00  7.01198115E-03
   33800  2.16665188E-02  8.21571403E-01 -2.95721705E-01  2.04874084E+00  7.65045315E-03
   33850  2.36406416E-02  8.15700369E-01 -3.20491174E-01  2.04968205E+00  5.33894170E-03
   33900  2.87774574E-02  8.02091987E-01 -3.15972762E-01  2.05073108E+00  3.66339735E-03
   33950  2.80830729E-02  8.16552938E-01 -3.28703869E-01  2.05387826E+00  7.03509253E-03
   34000  4.01400565E-02  8.20256053E-01 -3.27662840E-01  2.05021632E+00  5.56048918E-03
   34050  2.32043384E-02  8.31589872E-01 -3.20603261E-01  2.05596638E+00  7.57669220E-03
   34100 -2.34101470E-03  8.32093107E-01 -3.01674486E-01  2.05812232E+00  6.06714565E-03
   34150 -1.52101899E-02  8.20977208E-01 -2.92346573E-01  2.05604701E+00  4.14404499E-03
   34200 -1.46670518E-02  8.17311179E-01 -2.80733422E-01  2.05611085E+00  5.02422227E-03
   34250  1.41318007E-02  8.03888569E-01 -2.78372722E-01  2.05095140E+00  6.77768313E-03
   34300  2.48001735E-02  8.10265199E-01 -2.96938695E-01  2.05297596E+00  3.22017798E-03
   34350  1.25447495E-02  7.94555003E-01 -2.96950239E-01  2.05279579E+00  5.39148250E-03
   34400  1.60791113E-02  8.07555392E-01 -3.05130473E-01  2.04756210E+00  6.96414376E-03
   34450  9.09761860E-03  8.25241896E-01 -3.20416751E-01  2.05423062E+00  6.82201343E-03
   34500  4.05035251E-02  8.20282921E-01 -3.04407392E-01  2.05590669E+00  5.75538277E-03
   34550  2.73204307E-02  7.92330967E-01 -3.13865472E-01  2.05575055E+00  5.91114071E-03
   34600  2.25030542E-02  7.81571213E-01 -3.08202752E-01  2.05032029E+00  4.65445170E-03
   34650  3.64317068E-02  7.83818986E-01 -2.86495277E-01  2.05276270E+00  6.07614334E-03
   34700  3.95193088E-02  7.95847763E-01 -2.80200346E-01  2.05290350E+00  4.97768439E-03
   34750  3.56740261E-02  7.83907709E-01 -2.86086802E-01  2.05104966E+00  6.77292121E-03
   34800  5.91390182E-02  8.17019220E-01 -2.98863266E-01  2.04969343E+00  7.06924833E-03
   34850  5.55429741E-02  8.12939278E-01 -2.87941307E-01  2.04402570E+00  1.35542634E-02
   34900  6.67375099E-02  7.86906057E-01 -3.04142066E-01  2.04393914E+00  9.37708448E-03
   34950  6.44367895E-02  7.68963538E-01 -2.97077408E-01  2.04547037E+00  7.35693165E-03
   35000  6.67368490E-02  7.65267067E-01 -3.09214016E-01  2.05192536E+00  1.12573120E-02
   35050  7.35621941E-02  7.61555899E-01 -3.01522587E-01  2.05303444E+00  3.24488121E-03
   35100  7.12692384E-02  7.61606845E-01 -3.09649292E-01  2.05196373E+00  6.58739193E-03
   35150  7.00764299E-02  7.61556312E-01 -2.96561511E-01  2.05319853E+00  6.64178754E-03
   35200  5.70359659E-02  7.49765957E-01 -3.00502834E-01  2.05340207E+00  7.04343163E-03
   35250  4.78583644E-02  7.21945589E-01 -2.87130376E-01  2.05415121E+00  1.28528191E-02
   35300  3.84484324E-02  7.33770792E-01 -2.84918067E-01  2.04938060E+00  6.40103912E-03
   35350  3.63020895E-02  7.43280613E-01 -2.99032061E-01  2.05393018E+00  8.59553439E-03
   35400  2.34127760E-02  7.57878583E-01 -3.04894771E-01  2.05793391E+00  6.70950386E-03
   35450  8.07702935E-03  7.47492662E-01 -2.87171942E-01  2.05247175E+00  8.72147038E-03
   35500 -1.46185091E-03  7.38447990E-01 -3.02522659E-01  2.06081828E+00  5.85858384E-03
   35550  6.08400068E-03  7.31417465E-01 -3.18422136E-01  2.06211918E+00  5.62612402E-03
   35600 -1.70744842E-02  7.39758363E-01 -3.19427031E-01  2.05289845E+00  4.47943344E-03
   35650 -1.61604860E-02  7.29536528E-01 -3.30529234E-01  2.04927446E+00  5.93472513E-03
   35700 -1.52984262E-02  7.21787675E-01 -3.25731754E-01  2.05044936E+00  3.59354992E-03
   35750 -2.67635652E-02  7.32894892E-01 -3.26024600E-01  2.05115867E+00  5.31545295E-03
   35800 -1.89343272E-02  7.25648219E-01 -3.20962979E-01  2.05256377E+00  4.05576465E-03
   35850  8.00831328E-03  7.29850494E-01 -3.25042912E-01  2.05843619E+00  8.27668173E-03
   35900  1.69268021E-02  6.98540004E-01 -3.14880498E-01  2.05339856E+00  9.81649578E-03
   35950  3.16946878E-02  6.92867244E-01 -3.10931255E-01  2.04872420E+00  3.02774483E-03
   36000  3.08441296E-02  6.97393718E-01 -3.32323930E-01  2.05237801E+00  6.04966743E-03
   36050  3.04988468E-02  6.95725300E-01 -3.56688357E-01  2.05239484E+00  2.05397895E-03
   36100  2.81294329E-02  6.78837754E-01 -3.52313274E-01  2.05835786E+00  4.65346086E-03
   36150  2.15192298E-02  6.84163846E-01 -3.46319550E-01  2.05622971E+00  5.47979254E-03
   36200  2.82959751E-02  6.93460688E-01 -3.52549549E-01  2.05233961E+00  1.00604000E-02
   36250  2.27673723E-03  6.95365620E-01 -3.40902832E-01  2.05246151E+00  8.02162820E-03
   36300  5.94508957E-03  6.97872481E-01 -3.57207752E-01  2.05582194E+00  9.37871235E-03
   36350  1.22874341E-02  6.86455128E-01 -3.46712531E-01  2.05155972E+00  5.95728983E-03
   36400  2.95607996E-02  6.77977754E-01 -3.62422811E-01  2.05385744E+00  4.05709774E-03
   36450  4.06272924E-02  6.74693212E-01 -3.57561761E-01  2.04784216E+00  7.64003520E-03
   36500  4.75428095E-02  6.96833583E-01 -3.50494088E-01  2.04706324E+00  6.19667506E-03
   36550  3.79085174E-02  7.00081286E-01 -3.53286104E-01  2.04462058E+00  1.25181951E-02
   36600  3.20501376E-02  6.95623972E-01 -3.48083991E-01  2.05081324E+00  7.32022841E-03
   36650  3.04814124E-02  7.09154214E-01 -3.61188193E-01  2.05107985E+00  8.94970579E-03
   36700  3.75021531E-02  7.08134425E-01 -3.68065913E-01  2.04717204E+00  2.80674296E-03
   36750  4.43091977E-02  7.02105192E-01 -3.77319919E-01  2.05136429E+00  9.25760593E-03
   36800  7.37261737E-02  7.04483881E-01 -3.74158447E-01  2.04776522E+00  6.80696088E-03
   36850  6.87302463E-02  7.25787701E-01 -3.84870778E-01  2.05435348E+00  1.13957279E-02
   36900  8.91076544E-02  7.08568838E-01 -3.76360852E-01  2.05271777E+00  5.13029088E-03
   36950  9.74110058E-02  6.95611191E-01 -3.65934034E-01  2.05233707E+00  4.26891962E-03
   37000  1.11810632E-01  7.12493890E-01 -3.69077345E-01  2.05531099E+00  3.04495851E-03
   37050  1.13057289E-01  7.30737563E-01 -3.75018433E-01  2.05337994E+00  8.06263274E-03
   37100  9.20618265E-02  7.50723466E-01 -3.64617140E-01  2.05367243E+00  6.72698404E-03
   37150  8.02663623E-02  7.85127726E-01 -3.66139072E-01  2.05224411E+00  4.25666180E-03
   37200  4.50499093E-02  7.72376350E-01 -3.77026248E-01  2.04901242E+00  5.22860191E-03
   37250  6.72132985E-02  7.80035660E-01 -3.78846799E-01  2.05240724E+00  7.00636565E-03
   37300  9.26562512E-02  7.74865655E-01 -3.86071325E-01  2.05154632E+00  7.29798319E-03
   37350  8.48468688E-02  7.67568918E-01 -3.67039668E-01  2.05225886E+00  1.11437114E-02
   37400  1.14074314E-01  7.71006794E-01 -3.83032799E-01  2.04484546E+00  8.65752295E-03
   37450  1.24006860E-01  7.60213971E-01 -3.66189678E-01  2.04995593E+00  7.25108987E-03
   37500  1.17515025E-01  7.73839435E-01 -3.71021321E-01  2.05163458E+00  5.11116966E-03
   37550  9.55122568E-02  7.75959204E-01 -3.96613140E-01  2.05396755E+00  5.10697111E-03
   37600  1.08922332E-01  7.87741710E-01 -3.88004421E-01  2.05476649E+00  7.37605202E-03
   37650  1.07035078E-01  7.82809997E-01 -3.71972200E-01  2.05327863E+00  5.04161814E-03
   37700  9.80989110E-02  7.68558490E-01 -3.66442890E-01  2.05095455E+00  7.44745142E-03
   37750  1.02040161E-01  7.75617172E-01 -3.69241173E-01  2.05706224E+00  7.42890673E-03
   37800  9.63854518E-02  7.66784936E-01 -3.79113158E-01  2.05156759E+00  4.98392791E-03
   37850  1.04836581E-01  7.51543885E-01 -3.74069593E-01  2.04812265E+00  8.86450887E-03
   37900  1.17792175E-01  7.50640280E-01 -3.74349964E-01  2.04894907E+00  3.76255295E-03
   37950  1.24712010E-01  7.56106381E-01 -3.69608832E-01  2.05115791E+00  4.18354374E-03
   38000  1.13715245E-01  7.49150416E-01 -3.54185534E-01  2.05628922E+00  5.44123274E-03
   38050  9.98039660E-02  7.36391047E-01 -3.51880139E-01  2.06277638E+00  5.24471853E-03
   38100  8.30000079E-02  7.20610954E-01 -3.25804754E-01  2.05593199E+00  4.58959602E-03
   38150  7.47121324E-02  7.41110876E-01 -3.30807936E-01  2.05222347E+00  9.06761250E-03
   38200  6.72194594E-02  7.20702625E-01 -3.36227904E-01  2.05167864E+00  1.30183567E-02
   38250  6.04469053E-02  7.42484985E-01 -3.33917445E-01  2.05555177E+00  6.68118572E-03
   38300  5.30176570E-02  7.37895386E-01 -3.32111718E-01  2.05424880E+00  2.66809608E-03
   38350  4.62928615E-02  7.66926176E-01 -3.18694842E-01  2.05319478E+00  7.08816159E-03
   38400  3.47477292E-02  7.49220948E-01 -3.16700833E-01  2.05147539E+00  2.61884583E-03
   38450  5.77352449E-02  7.25037085E-01 -3.03139316E-01  2.05409758E+00  4.02096336E-03
   38500  1.24771231E-02  7.54699113E-01 -2.99181909E-01  2.05507431E+00  3.13372030E-03
   38550  3.63204441E-03  7.52868195E-01 -2.84908575E-01  2.06080970E+00  6.31172849E-03
   38600 -2.13169004E-02  7.46438299E-01 -2.83717351E-01  2.05747879E+00  3.32811929E-03
   38650 -2.44170323E-02  7.47695744E-01 -2.85527573E-01  2.05414560E+00  3.66735567E-03
   38700 -3.27965326E-02  7.39430207E-01 -2.90797722E-01  2.05671513E+00  6.99495769E-03
   38750 -6.23119042E-02  7.36167715E-01 -2.83888383E-01  2.04713064E+00  5.79986659E-03
   38800 -7.29086446E-02  7.53252702E-01 -3.04567976E-01  2.04816580E+00  1.03324676E-02
   38850 -8.13356351E-02  7.35963634E-01 -2.93707393E-01  2.04235129E+00  1.04558654E-02
   38900 -6.90341430E-02  7.35303648E-01 -2.89975465E-01  2.05139646E+00  3.72783832E-03
   38950 -5.47785441E-02  7.34510092E-01 -2.83819035E-01  2.05286083E+00  3.34543622E-03
   39000 -3.71079786E-02  7.22564994E-01 -2.72911313E-01  2.05195699E+00  4.30928061E-03
   39050 -2.72554569E-02  7.24416861E-01 -2.60522726E-01  2.05044898E+00  5.42338994E-03
   39100 -3.88252210E-02  7.21121065E-01 -2.29336538E-01  2.05402281E+00  6.77618017E-03
   39150 -4.10089704E-02  7.37446049E-01 -2.36957854E-01  2.05596658E+00  5.24676680E-03
   39200 -1.51210098E-02  7.47558829E-01 -2.39485090E-01  2.05681543E+00  4.37586217E-03
   39250 -7.61985419E-03  7.24535902E-01 -2.03642733E-01  2.05048018E+00  3.73417251E-03
   39300 -2.36713405E-03  7.01228405E-01 -2.06028466E-01  2.05152167E+00  1.00845288E-02
   39350 -1.02195579E-02  7.27576510E-01 -2.20497892E-01  2.04902947E+00  9.23984910E-03
   39400  4.67214457E-03  7.36580217E-01 -2.11807162E-01  2.05086922E+00  7.22934890E-03
   39450  1.01982533E-02  7.39147710E-01 -2.15538116E-01  2.05553848E+00  2.86986398E-03
   39500  8.01515990E-03  7.47477433E-01 -2.26519274E-01  2.05004893E+00  4.65144015E-03
   39550  4.73432176E-03  7.49216967E-01 -2.29884899E-01  2.05109678E+00  6.61783198E-03
   39600  1.18469289E-02  7.55617704E-01 -2.31750045E-01  2.05097589E+00  6.63209010E-03
   39650  1.14369542E-02  7.48697114E-01 -2.14671895E-01  2.04765600E+00  7.69762130E-03
   39700  2.80515842E-03  7.37779532E-01 -2.27948978E-01  2.05158732E+00  1.13675882E-02
   39750  1.55882619E-02  7.45227211E-01 -2.28165654E-01  2.05033390E+00  7.11764126E-03
   39800  1.13512164E-03  7.49593008E-01 -2.29215643E-01  2.05193426E+00  9.31076723E-04
   39850 -1.18142882E-02  7.57276973E-01 -2.19568395E-01  2.04798844E+00  4.09701299E-03
   39900 -2.26256302E-02  7.57164130E-01 -2.08209429E-01  2.05022205E+00  3.45284137E-03
   39950 -1.74334188E-02  7.53343618E-01 -2.07893912E-01  2.05550417E+00  5.38981685E-03
