   #Iter             <M>           <M^2>           <M^4>      U_{Binder}            \chi        C_v(tot)             <E>       <E_{exc}>       <E_{lsf}>
       1  2.05329709E+00  4.21611001E+00  1.77769459E+01  6.66641121E-01  3.65803968E-04  1.69815040E+00 -1.11421000E+01 -1.11421000E+01  0.00000000E+00
      11  2.05474392E+00  4.22203738E+00  1.78266941E+01  6.66646202E-01  2.92326406E-04  1.01091535E+00 -1.11123322E+01 -1.11123322E+01  0.00000000E+00
      21  2.05308941E+00  4.21525249E+00  1.77696392E+01  6.66642547E-01  3.44547925E-04  1.09541395E+00 -1.11091086E+01 -1.11091086E+01  0.00000000E+00
      31  2.05312318E+00  4.21538562E+00  1.77706687E+01  6.66644290E-01  3.19468712E-04  1.16852043E+00 -1.11061853E+01 -1.11061853E+01  0.00000000E+00
      41  2.05261866E+00  4.21330743E+00  1.77530398E+01  6.66646382E-01  2.89160278E-04  1.29295667E+00 -1.11138423E+01 -1.11138423E+01  0.00000000E+00
      51  2.05276246E+00  4.21389405E+00  1.77579202E+01  6.66647573E-01  2.72148779E-04  1.26824583E+00 -1.11119957E+01 -1.11119957E+01  0.00000000E+00
      61  2.05357340E+00  4.21722958E+00  1.77861364E+01  6.66645843E-01  2.97171542E-04  1.28479305E+00 -1.11112376E+01 -1.11112376E+01  0.00000000E+00
      71  2.05328655E+00  4.21604471E+00  1.77760292E+01  6.66647986E-01  2.66513610E-04  1.26096417E+00 -1.11096390E+01 -1.11096390E+01  0.00000000E+00
      81  2.05328900E+00  4.21605617E+00  1.77761490E+01  6.66647549E-01  2.72774513E-04  1.26494622E+00 -1.11081393E+01 -1.11081393E+01  0.00000000E+00
      91  2.05310855E+00  4.21531863E+00  1.77699891E+01  6.66646445E-01  2.88438538E-04  1.22598324E+00 -1.11071191E+01 -1.11071191E+01  0.00000000E+00
     101  2.05339527E+00  4.21649330E+00  1.77798471E+01  6.66647331E-01  2.76025857E-04  1.20083277E+00 -1.11086896E+01 -1.11086896E+01  0.00000000E+00
     111  2.05256140E+00  4.21307263E+00  1.77510647E+01  6.66646316E-01  2.90310663E-04  1.32205038E+00 -1.11069540E+01 -1.11069540E+01  0.00000000E+00
     121  2.05266424E+00  4.21349395E+00  1.77546003E+01  6.66646595E-01  2.86390985E-04  1.32276014E+00 -1.11077900E+01 -1.11077900E+01  0.00000000E+00
     131  2.05184644E+00  4.21014500E+00  1.77265180E+01  6.66644155E-01  3.21260883E-04  1.31637320E+00 -1.11069974E+01 -1.11069974E+01  0.00000000E+00
     141  2.05159657E+00  4.20911973E+00  1.77178867E+01  6.66644131E-01  3.21412888E-04  1.32258006E+00 -1.11056145E+01 -1.11056145E+01  0.00000000E+00
     151  2.05190190E+00  4.21037025E+00  1.77283752E+01  6.66644900E-01  3.10542612E-04  1.29533545E+00 -1.11061276E+01 -1.11061276E+01  0.00000000E+00
     161  2.05205645E+00  4.21100837E+00  1.77338148E+01  6.66643671E-01  3.28097210E-04  1.29842311E+00 -1.11066639E+01 -1.11066639E+01  0.00000000E+00
     171  2.05203539E+00  4.21092029E+00  1.77330453E+01  6.66644192E-01  3.20656680E-04  1.31259752E+00 -1.11078364E+01 -1.11078364E+01  0.00000000E+00
     181  2.05240343E+00  4.21242837E+00  1.77457058E+01  6.66645007E-01  3.09184425E-04  1.36327367E+00 -1.11086787E+01 -1.11086787E+01  0.00000000E+00
     191  2.05257368E+00  4.21312383E+00  1.77515079E+01  6.66646095E-01  2.93742329E-04  1.31763092E+00 -1.11084308E+01 -1.11084308E+01  0.00000000E+00
     201  2.05253910E+00  4.21298033E+00  1.77502729E+01  6.66646579E-01  2.86830923E-04  1.27311055E+00 -1.11075979E+01 -1.11075979E+01  0.00000000E+00
     211  2.05221489E+00  4.21164986E+00  1.77390697E+01  6.66646463E-01  2.88328676E-04  1.26011030E+00 -1.11078906E+01 -1.11078906E+01  0.00000000E+00
     221  2.05224140E+00  4.21175773E+00  1.77399626E+01  6.66646759E-01  2.84090660E-04  1.25173787E+00 -1.11081829E+01 -1.11081829E+01  0.00000000E+00
     231  2.05238077E+00  4.21232821E+00  1.77447417E+01  6.66647265E-01  2.76939545E-04  1.24478428E+00 -1.11079330E+01 -1.11079330E+01  0.00000000E+00
     241  2.05265854E+00  4.21346792E+00  1.77543362E+01  6.66647436E-01  2.74568998E-04  1.21585692E+00 -1.11084644E+01 -1.11084644E+01  0.00000000E+00
     251  2.05297354E+00  4.21476239E+00  1.77652664E+01  6.66647070E-01  2.79823203E-04  1.19769609E+00 -1.11087613E+01 -1.11087613E+01  0.00000000E+00
     261  2.05294639E+00  4.21465091E+00  1.77643268E+01  6.66647065E-01  2.79886503E-04  1.19434426E+00 -1.11089756E+01 -1.11089756E+01  0.00000000E+00
     271  2.05282282E+00  4.21414344E+00  1.77600471E+01  6.66647104E-01  2.79283714E-04  1.17790212E+00 -1.11087265E+01 -1.11087265E+01  0.00000000E+00
     281  2.05262765E+00  4.21334409E+00  1.77533424E+01  6.66646501E-01  2.87901872E-04  1.18042839E+00 -1.11087491E+01 -1.11087491E+01  0.00000000E+00
     291  2.05257468E+00  4.21312616E+00  1.77514980E+01  6.66646650E-01  2.85761998E-04  1.16917056E+00 -1.11087861E+01 -1.11087861E+01  0.00000000E+00
     301  2.05248157E+00  4.21274443E+00  1.77482899E+01  6.66646489E-01  2.88026571E-04  1.16578175E+00 -1.11089435E+01 -1.11089435E+01  0.00000000E+00
     311  2.05238934E+00  4.21236576E+00  1.77450977E+01  6.66646520E-01  2.87567380E-04  1.15627894E+00 -1.11084506E+01 -1.11084506E+01  0.00000000E+00
     321  2.05253178E+00  4.21295115E+00  1.77500419E+01  6.66646299E-01  2.90743155E-04  1.15072907E+00 -1.11086708E+01 -1.11086708E+01  0.00000000E+00
     331  2.05250984E+00  4.21286195E+00  1.77493053E+01  6.66646017E-01  2.94763567E-04  1.15996193E+00 -1.11085184E+01 -1.11085184E+01  0.00000000E+00
     341  2.05266711E+00  4.21350862E+00  1.77547719E+01  6.66645695E-01  2.99387232E-04  1.17537655E+00 -1.11085532E+01 -1.11085532E+01  0.00000000E+00
     351  2.05261537E+00  4.21329616E+00  1.77529807E+01  6.66645708E-01  2.99155810E-04  1.18429054E+00 -1.11082038E+01 -1.11082038E+01  0.00000000E+00
     361  2.05266528E+00  4.21349987E+00  1.77546776E+01  6.66646081E-01  2.93823143E-04  1.18390132E+00 -1.11080637E+01 -1.11080637E+01  0.00000000E+00
     371  2.05273118E+00  4.21377123E+00  1.77569780E+01  6.66645828E-01  2.97439436E-04  1.17894422E+00 -1.11079043E+01 -1.11079043E+01  0.00000000E+00
     381  2.05262871E+00  4.21335052E+00  1.77534318E+01  6.66645838E-01  2.97235481E-04  1.17443547E+00 -1.11080081E+01 -1.11080081E+01  0.00000000E+00
     391  2.05250422E+00  4.21284046E+00  1.77491507E+01  6.66645519E-01  3.01795533E-04  1.18787786E+00 -1.11078372E+01 -1.11078372E+01  0.00000000E+00
     401  2.05242661E+00  4.21252207E+00  1.77464715E+01  6.66645453E-01  3.02722675E-04  1.18656364E+00 -1.11077360E+01 -1.11077360E+01  0.00000000E+00
     411  2.05242411E+00  4.21251165E+00  1.77463807E+01  6.66645509E-01  3.01953982E-04  1.18772352E+00 -1.11078619E+01 -1.11078619E+01  0.00000000E+00
     421  2.05245779E+00  4.21264945E+00  1.77475343E+01  6.66645650E-01  2.99920861E-04  1.19405941E+00 -1.11078180E+01 -1.11078180E+01  0.00000000E+00
     431  2.05240488E+00  4.21243264E+00  1.77457139E+01  6.66645531E-01  3.01589861E-04  1.19677653E+00 -1.11072494E+01 -1.11072494E+01  0.00000000E+00
     441  2.05234349E+00  4.21217995E+00  1.77435732E+01  6.66645752E-01  2.98394879E-04  1.19188236E+00 -1.11073692E+01 -1.11073692E+01  0.00000000E+00
     451  2.05248140E+00  4.21274648E+00  1.77483539E+01  6.66645612E-01  3.00472729E-04  1.19740839E+00 -1.11072265E+01 -1.11072265E+01  0.00000000E+00
     461  2.05248430E+00  4.21275748E+00  1.77484309E+01  6.66645907E-01  2.96259809E-04  1.19057901E+00 -1.11069207E+01 -1.11069207E+01  0.00000000E+00
     471  2.05265221E+00  4.21344663E+00  1.77542358E+01  6.66645952E-01  2.95654634E-04  1.18609105E+00 -1.11070832E+01 -1.11070832E+01  0.00000000E+00
     481  2.05275870E+00  4.21388327E+00  1.77579062E+01  6.66646130E-01  2.93146172E-04  1.18245494E+00 -1.11073470E+01 -1.11073470E+01  0.00000000E+00
     491  2.05287358E+00  4.21435469E+00  1.77618758E+01  6.66646204E-01  2.92122342E-04  1.18713136E+00 -1.11074281E+01 -1.11074281E+01  0.00000000E+00
     501  2.05285973E+00  4.21429762E+00  1.77613916E+01  6.66646262E-01  2.91285195E-04  1.21382502E+00 -1.11074154E+01 -1.11074154E+01  0.00000000E+00
     511  2.05289609E+00  4.21444703E+00  1.77626526E+01  6.66646232E-01  2.91700591E-04  1.20587787E+00 -1.11073638E+01 -1.11073638E+01  0.00000000E+00
     521  2.05283589E+00  4.21419969E+00  1.77605654E+01  6.66646277E-01  2.91050214E-04  1.19297012E+00 -1.11072357E+01 -1.11072357E+01  0.00000000E+00
     531  2.05283183E+00  4.21418270E+00  1.77604167E+01  6.66646379E-01  2.89605293E-04  1.20088251E+00 -1.11071923E+01 -1.11071923E+01  0.00000000E+00
     541  2.05278709E+00  4.21399850E+00  1.77588555E+01  6.66646543E-01  2.87256763E-04  1.20005173E+00 -1.11070902E+01 -1.11070902E+01  0.00000000E+00
     551  2.05279067E+00  4.21401287E+00  1.77589709E+01  6.66646649E-01  2.85739642E-04  1.20367240E+00 -1.11073147E+01 -1.11073147E+01  0.00000000E+00
     561  2.05285205E+00  4.21426478E+00  1.77610924E+01  6.66646682E-01  2.85281128E-04  1.18584365E+00 -1.11072978E+01 -1.11072978E+01  0.00000000E+00
     571  2.05286445E+00  4.21431511E+00  1.77615072E+01  6.66646859E-01  2.82760346E-04  1.18809762E+00 -1.11076060E+01 -1.11076060E+01  0.00000000E+00
     581  2.05292931E+00  4.21458165E+00  1.77637575E+01  6.66646792E-01  2.83735548E-04  1.18025865E+00 -1.11076865E+01 -1.11076865E+01  0.00000000E+00
     591  2.05303848E+00  4.21503021E+00  1.77675440E+01  6.66646698E-01  2.85116612E-04  1.17025964E+00 -1.11080846E+01 -1.11080846E+01  0.00000000E+00
     601  2.05297757E+00  4.21478083E+00  1.77654538E+01  6.66646470E-01  2.88352515E-04  1.17975386E+00 -1.11079352E+01 -1.11079352E+01  0.00000000E+00
     611  2.05301384E+00  4.21493004E+00  1.77667165E+01  6.66646379E-01  2.89649818E-04  1.18023320E+00 -1.11080315E+01 -1.11080315E+01  0.00000000E+00
     621  2.05283897E+00  4.21421476E+00  1.77607326E+01  6.66645522E-01  3.01937833E-04  1.17626573E+00 -1.11079505E+01 -1.11079505E+01  0.00000000E+00
     631  2.05281215E+00  4.21410463E+00  1.77598039E+01  6.66645530E-01  3.01831666E-04  1.18395515E+00 -1.11081154E+01 -1.11081154E+01  0.00000000E+00
     641  2.05281596E+00  4.21411983E+00  1.77599249E+01  6.66645663E-01  2.99902387E-04  1.19408995E+00 -1.11082965E+01 -1.11082965E+01  0.00000000E+00
     651  2.05273766E+00  4.21379818E+00  1.77572110E+01  6.66645718E-01  2.99101250E-04  1.18015720E+00 -1.11081583E+01 -1.11081583E+01  0.00000000E+00
     661  2.05266658E+00  4.21350600E+00  1.77547425E+01  6.66645831E-01  2.97438647E-04  1.17307633E+00 -1.11080680E+01 -1.11080680E+01  0.00000000E+00
     671  2.05260065E+00  4.21323572E+00  1.77524710E+01  6.66645714E-01  2.99081666E-04  1.18562204E+00 -1.11079334E+01 -1.11079334E+01  0.00000000E+00
     681  2.05256495E+00  4.21308889E+00  1.77512291E+01  6.66645800E-01  2.97845010E-04  1.18202176E+00 -1.11078227E+01 -1.11078227E+01  0.00000000E+00
     691  2.05261531E+00  4.21329502E+00  1.77529559E+01  6.66645994E-01  2.95088357E-04  1.17057289E+00 -1.11076902E+01 -1.11076902E+01  0.00000000E+00
     701  2.05253402E+00  4.21296167E+00  1.77501530E+01  6.66645877E-01  2.96768544E-04  1.16752292E+00 -1.11076397E+01 -1.11076397E+01  0.00000000E+00
     711  2.05260995E+00  4.21327364E+00  1.77527864E+01  6.66645792E-01  2.97989044E-04  1.18204093E+00 -1.11076538E+01 -1.11076538E+01  0.00000000E+00
     721  2.05259513E+00  4.21321221E+00  1.77522587E+01  6.66645981E-01  2.95284491E-04  1.17587506E+00 -1.11076631E+01 -1.11076631E+01  0.00000000E+00
     731  2.05257658E+00  4.21313646E+00  1.77516269E+01  6.66645860E-01  2.97015884E-04  1.17298915E+00 -1.11075434E+01 -1.11075434E+01  0.00000000E+00
     741  2.05255103E+00  4.21303126E+00  1.77507353E+01  6.66645954E-01  2.95670929E-04  1.17837603E+00 -1.11074333E+01 -1.11074333E+01  0.00000000E+00
     751  2.05251753E+00  4.21289355E+00  1.77495715E+01  6.66646017E-01  2.94749231E-04  1.18600736E+00 -1.11071738E+01 -1.11071738E+01  0.00000000E+00
     761  2.05254173E+00  4.21299265E+00  1.77504025E+01  6.66646094E-01  2.93651993E-04  1.18561458E+00 -1.11072171E+01 -1.11072171E+01  0.00000000E+00
     771  2.05259540E+00  4.21321277E+00  1.77522540E+01  6.66646159E-01  2.92761147E-04  1.18555154E+00 -1.11071250E+01 -1.11071250E+01  0.00000000E+00
     781  2.05255075E+00  4.21302941E+00  1.77507081E+01  6.66646173E-01  2.92566389E-04  1.18553007E+00 -1.11072490E+01 -1.11072490E+01  0.00000000E+00
     791  2.05254914E+00  4.21302245E+00  1.77506432E+01  6.66646289E-01  2.90902309E-04  1.18075859E+00 -1.11070764E+01 -1.11070764E+01  0.00000000E+00
