   #Iter             <M>           <M^2>           <M^4>      U_{Binder}            \chi        C_v(tot)             <E>       <E_{exc}>       <E_{lsf}>
       1  2.16706530E+00  4.69617200E+00  2.20540314E+01  6.66666667E-01  0.00000000E+00  0.00000000E+00 -1.62760478E+01 -1.62760478E+01  0.00000000E+00
      11  2.17010990E+00  4.70938477E+00  2.21784518E+01  6.66664458E-01  1.52032809E-05  8.38169800E-01 -1.62522176E+01 -1.62522176E+01  0.00000000E+00
      21  2.16850696E+00  4.70243329E+00  2.21130829E+01  6.66663592E-01  2.11344650E-05  8.97004302E-01 -1.62228899E+01 -1.62228899E+01  0.00000000E+00
      31  2.16758838E+00  4.69844914E+00  2.20756079E+01  6.66663895E-01  1.90432444E-05  1.26053415E+00 -1.61954754E+01 -1.61954754E+01  0.00000000E+00
      41  2.16845181E+00  4.70220080E+00  2.21110229E+01  6.66661683E-01  3.42293676E-05  1.56664988E+00 -1.61823853E+01 -1.61823853E+01  0.00000000E+00
      51  2.16899784E+00  4.70456554E+00  2.21331989E+01  6.66662722E-01  2.71294105E-05  1.44535297E+00 -1.61943877E+01 -1.61943877E+01  0.00000000E+00
      61  2.16886454E+00  4.70398677E+00  2.21277435E+01  6.66662871E-01  2.61047601E-05  1.94007271E+00 -1.62131400E+01 -1.62131400E+01  0.00000000E+00
      71  2.16996261E+00  4.70875247E+00  2.21726277E+01  6.66662489E-01  2.87744248E-05  1.94025354E+00 -1.62229678E+01 -1.62229678E+01  0.00000000E+00
      81  2.16939149E+00  4.70627684E+00  2.21493691E+01  6.66661739E-01  3.39331327E-05  1.65366662E+00 -1.62269240E+01 -1.62269240E+01  0.00000000E+00
      91  2.16898305E+00  4.70450340E+00  2.21326515E+01  6.66662159E-01  3.10158081E-05  2.02675088E+00 -1.62164392E+01 -1.62164392E+01  0.00000000E+00
     101  2.16848508E+00  4.70234402E+00  2.21123488E+01  6.66662000E-01  3.20878882E-05  2.93135665E+00 -1.62069454E+01 -1.62069454E+01  0.00000000E+00
     111  2.16771978E+00  4.69902759E+00  2.20812088E+01  6.66661406E-01  3.61416119E-05  2.47925674E+00 -1.62095344E+01 -1.62095344E+01  0.00000000E+00
     121  2.16816832E+00  4.70097194E+00  2.20994769E+01  6.66661543E-01  3.52253057E-05  3.30781560E+00 -1.62197288E+01 -1.62197288E+01  0.00000000E+00
     131  2.16827909E+00  4.70145262E+00  2.21040031E+01  6.66661444E-01  3.59094237E-05  3.11151437E+00 -1.62214994E+01 -1.62214994E+01  0.00000000E+00
     141  2.16832605E+00  4.70165504E+00  2.21058831E+01  6.66661797E-01  3.34812017E-05  2.85015144E+00 -1.62243055E+01 -1.62243055E+01  0.00000000E+00
     151  2.16879065E+00  4.70367038E+00  2.21248437E+01  6.66661714E-01  3.40714440E-05  2.81095997E+00 -1.62287954E+01 -1.62287954E+01  0.00000000E+00
     161  2.16907453E+00  4.70490099E+00  2.21364067E+01  6.66661947E-01  3.24842488E-05  2.60837305E+00 -1.62283571E+01 -1.62283571E+01  0.00000000E+00
     171  2.16933242E+00  4.70601964E+00  2.21469314E+01  6.66661992E-01  3.21771843E-05  2.35479869E+00 -1.62263950E+01 -1.62263950E+01  0.00000000E+00
     181  2.16929138E+00  4.70584057E+00  2.21452272E+01  6.66662277E-01  3.02168831E-05  2.12287684E+00 -1.62256786E+01 -1.62256786E+01  0.00000000E+00
     191  2.16920425E+00  4.70546155E+00  2.21416402E+01  6.66662574E-01  2.81649703E-05  1.95285345E+00 -1.62247810E+01 -1.62247810E+01  0.00000000E+00
     201  2.16933476E+00  4.70602810E+00  2.21469790E+01  6.66662474E-01  2.88524849E-05  1.95591622E+00 -1.62213588E+01 -1.62213588E+01  0.00000000E+00
     211  2.16913695E+00  4.70516970E+00  2.21388962E+01  6.66662536E-01  2.84202553E-05  1.92964590E+00 -1.62201471E+01 -1.62201471E+01  0.00000000E+00
     221  2.16935368E+00  4.70610972E+00  2.21477388E+01  6.66662601E-01  2.79794529E-05  1.85341960E+00 -1.62176967E+01 -1.62176967E+01  0.00000000E+00
     231  2.16951450E+00  4.70680827E+00  2.21543287E+01  6.66662386E-01  2.94646946E-05  1.98878939E+00 -1.62211297E+01 -1.62211297E+01  0.00000000E+00
     241  2.16953338E+00  4.70688958E+00  2.21550823E+01  6.66662561E-01  2.82553028E-05  1.84665943E+00 -1.62199362E+01 -1.62199362E+01  0.00000000E+00
