   #IterProj             <M>        M_{stdv}           <M>_x           <M>_y           <M>_z
       0       1  2.66087003E+00  0.00000000E+00  3.00881867E-01  1.37147955E+00  2.26025292E+00
       0       2  1.68856818E+00  0.00000000E+00  2.00171106E-01  8.50166221E-01  1.44513370E+00
     100       1  2.65896510E+00  0.00000000E+00  4.79792003E-01  1.32589437E+00  2.25430680E+00
     100       2  1.68652597E+00  0.00000000E+00  2.73333739E-01  8.49044304E-01  1.43135680E+00
     200       1  2.65723633E+00  0.00000000E+00  5.47209996E-01  1.38728064E+00  2.19929957E+00
     200       2  1.68242236E+00  0.00000000E+00  3.28859760E-01  8.74937972E-01  1.39888520E+00
     300       1  2.64511250E+00  0.00000000E+00  5.48009198E-01  1.34223504E+00  2.21239941E+00
     300       2  1.68428897E+00  0.00000000E+00  3.57165582E-01  8.52364211E-01  1.40809706E+00
     400       1  2.64666134E+00  0.00000000E+00  6.00275942E-01  1.23612365E+00  2.26196449E+00
     400       2  1.67936059E+00  0.00000000E+00  3.72595920E-01  7.78210128E-01  1.44076830E+00
     500       1  2.65207687E+00  0.00000000E+00  8.21021893E-01  1.15020693E+00  2.24420560E+00
     500       2  1.67845330E+00  0.00000000E+00  5.13387485E-01  7.26715943E-01  1.42320860E+00
     600       1  2.65460444E+00  0.00000000E+00  7.46039583E-01  1.12150549E+00  2.28748227E+00
     600       2  1.67820981E+00  0.00000000E+00  4.54084883E-01  6.91374038E-01  1.46020444E+00
     700       1  2.64840616E+00  0.00000000E+00  7.44147731E-01  1.27154201E+00  2.20079083E+00
     700       2  1.68046600E+00  0.00000000E+00  4.82896795E-01  7.84018267E-01  1.40573540E+00
     800       1  2.66221777E+00  0.00000000E+00  8.37412301E-01  1.12020184E+00  2.26523552E+00
     800       2  1.68525314E+00  0.00000000E+00  5.14629310E-01  7.30552624E-01  1.42882038E+00
     900       1  2.65701345E+00  0.00000000E+00  7.80003429E-01  1.19908235E+00  2.23908835E+00
     900       2  1.68419286E+00  0.00000000E+00  5.37939076E-01  7.86849571E-01  1.38852255E+00
    1000       1  2.65880180E+00  0.00000000E+00  7.47948986E-01  1.19621918E+00  2.25363240E+00
    1000       2  1.68504226E+00  0.00000000E+00  4.68842693E-01  7.66720568E-01  1.42537487E+00
    1100       1  2.65339596E+00  0.00000000E+00  7.73577898E-01  1.23008274E+00  2.22013149E+00
    1100       2  1.68258302E+00  0.00000000E+00  5.15602008E-01  7.60752398E-01  1.40943108E+00
    1200       1  2.66316993E+00  0.00000000E+00  8.38802494E-01  1.17760232E+00  2.23654583E+00
    1200       2  1.68537597E+00  0.00000000E+00  5.09282173E-01  7.50564211E-01  1.42048484E+00
    1300       1  2.65635937E+00  0.00000000E+00  9.25938015E-01  1.24052342E+00  2.15869997E+00
    1300       2  1.68826998E+00  0.00000000E+00  5.88134491E-01  7.57425641E-01  1.38948183E+00
    1400       1  2.65591021E+00  0.00000000E+00  9.59654764E-01  1.08606928E+00  2.22561796E+00
    1400       2  1.68521936E+00  0.00000000E+00  6.19590882E-01  6.88472789E-01  1.40786244E+00
    1500       1  2.66017220E+00  0.00000000E+00  9.38379099E-01  1.15269466E+00  2.20618581E+00
    1500       2  1.68529863E+00  0.00000000E+00  5.94001538E-01  7.39422608E-01  1.39307138E+00
    1600       1  2.64511768E+00  0.00000000E+00  8.81497867E-01  1.16922269E+00  2.20284528E+00
    1600       2  1.68303873E+00  0.00000000E+00  5.88387824E-01  7.40992419E-01  1.39188699E+00
    1700       1  2.65006647E+00  0.00000000E+00  1.05438675E+00  9.72577487E-01  2.22827600E+00
    1700       2  1.68117701E+00  0.00000000E+00  6.76917555E-01  6.15879378E-01  1.41025932E+00
    1800       1  2.64869746E+00  0.00000000E+00  1.12217722E+00  1.02992713E+00  2.16692562E+00
    1800       2  1.68335977E+00  0.00000000E+00  6.86717842E-01  6.52585462E-01  1.39149234E+00
    1900       1  2.64024128E+00  0.00000000E+00  1.18166412E+00  1.17344175E+00  2.04879926E+00
    1900       2  1.67482209E+00  0.00000000E+00  7.23406645E-01  7.50070312E-01  1.31114698E+00
    2000       1  2.65320190E+00  0.00000000E+00  1.25649080E+00  1.02636457E+00  2.09935394E+00
    2000       2  1.68558032E+00  0.00000000E+00  8.06856910E-01  6.68042407E-01  1.32056135E+00
    2100       1  2.64976622E+00  0.00000000E+00  1.22875768E+00  1.07152968E+00  2.08883694E+00
    2100       2  1.68470985E+00  0.00000000E+00  7.85965053E-01  6.60265741E-01  1.33587251E+00
    2200       1  2.65275957E+00  0.00000000E+00  1.20819175E+00  1.18630374E+00  2.04207969E+00
    2200       2  1.68130843E+00  0.00000000E+00  7.68198027E-01  7.63073563E-01  1.28623037E+00
    2300       1  2.66416398E+00  0.00000000E+00  1.11223459E+00  1.27827789E+00  2.05589630E+00
    2300       2  1.68945924E+00  0.00000000E+00  6.93768285E-01  8.01717484E-01  1.31537340E+00
    2400       1  2.65311073E+00  0.00000000E+00  1.21174061E+00  1.22921817E+00  2.01487070E+00
    2400       2  1.68259726E+00  0.00000000E+00  7.65230739E-01  7.80658885E-01  1.27911187E+00
    2500       1  2.66317369E+00  0.00000000E+00  1.17991301E+00  1.38215425E+00  1.94677914E+00
    2500       2  1.68719803E+00  0.00000000E+00  7.52167498E-01  8.50117172E-01  1.24827162E+00
    2600       1  2.65570036E+00  0.00000000E+00  1.19603892E+00  1.28874607E+00  1.99031878E+00
    2600       2  1.68281295E+00  0.00000000E+00  7.16576023E-01  8.25981022E-01  1.27911437E+00
    2700       1  2.65891269E+00  0.00000000E+00  1.06567738E+00  1.39610759E+00  1.99625450E+00
    2700       2  1.68744132E+00  0.00000000E+00  6.48704679E-01  9.15212849E-01  1.26056570E+00
    2800       1  2.66204295E+00  0.00000000E+00  1.11876246E+00  1.31724631E+00  2.02477292E+00
    2800       2  1.68450664E+00  0.00000000E+00  7.07569772E-01  8.31944343E-01  1.28248830E+00
    2900       1  2.65921045E+00  0.00000000E+00  1.18111494E+00  1.37839106E+00  1.94329766E+00
    2900       2  1.69115413E+00  0.00000000E+00  7.60393181E-01  8.71234946E-01  1.23399925E+00
    3000       1  2.65570568E+00  0.00000000E+00  1.08666004E+00  1.31907720E+00  2.03272673E+00
    3000       2  1.68445158E+00  0.00000000E+00  6.95322273E-01  8.15018999E-01  1.29986465E+00
    3100       1  2.65756510E+00  0.00000000E+00  1.08731038E+00  1.28505097E+00  2.05646600E+00
    3100       2  1.68747400E+00  0.00000000E+00  7.02226308E-01  7.91332801E-01  1.31462508E+00
    3200       1  2.65120244E+00  0.00000000E+00  1.18614283E+00  1.29405471E+00  1.98679691E+00
    3200       2  1.68745311E+00  0.00000000E+00  7.72016518E-01  8.03743543E-01  1.26707727E+00
    3300       1  2.66269221E+00  0.00000000E+00  1.17365326E+00  1.36281093E+00  1.96346994E+00
    3300       2  1.68197596E+00  0.00000000E+00  7.41080770E-01  8.77739336E-01  1.22858295E+00
    3400       1  2.65759593E+00  0.00000000E+00  1.17600319E+00  1.37019092E+00  1.94997679E+00
    3400       2  1.68151274E+00  0.00000000E+00  7.52357995E-01  8.45440960E-01  1.24365273E+00
    3500       1  2.65408835E+00  0.00000000E+00  1.11719240E+00  1.37387470E+00  1.97700137E+00
    3500       2  1.67944400E+00  0.00000000E+00  7.10963587E-01  8.70649035E-01  1.24781136E+00
    3600       1  2.65292956E+00  0.00000000E+00  1.18504210E+00  1.35477504E+00  1.94892150E+00
    3600       2  1.68169920E+00  0.00000000E+00  7.54367559E-01  8.67712623E-01  1.22723941E+00
    3700       1  2.65516223E+00  0.00000000E+00  1.16851614E+00  1.42108205E+00  1.91441435E+00
    3700       2  1.68338249E+00  0.00000000E+00  7.55359933E-01  8.93245369E-01  1.21050432E+00
    3800       1  2.64577725E+00  0.00000000E+00  1.15617043E+00  1.31912865E+00  1.98073391E+00
    3800       2  1.68219407E+00  0.00000000E+00  7.25744577E-01  8.64694020E-01  1.24714713E+00
    3900       1  2.64690531E+00  0.00000000E+00  1.06756017E+00  1.33655791E+00  2.01990989E+00
    3900       2  1.68342400E+00  0.00000000E+00  6.94297423E-01  8.29283141E-01  1.29002206E+00
    4000       1  2.65942468E+00  0.00000000E+00  1.02544462E+00  1.18348106E+00  2.14950589E+00
    4000       2  1.68564276E+00  0.00000000E+00  6.65549145E-01  7.39522670E-01  1.36071381E+00
    4100       1  2.65624311E+00  0.00000000E+00  1.01378635E+00  1.21701222E+00  2.13231000E+00
    4100       2  1.67664790E+00  0.00000000E+00  6.31029193E-01  7.67900506E-01  1.35028855E+00
    4200       1  2.65519773E+00  0.00000000E+00  1.03220999E+00  1.12227900E+00  2.17373121E+00
    4200       2  1.68271612E+00  0.00000000E+00  6.68134014E-01  7.04139397E-01  1.37452472E+00
    4300       1  2.65265474E+00  0.00000000E+00  9.57493945E-01  1.15374024E+00  2.18830207E+00
    4300       2  1.68228759E+00  0.00000000E+00  6.21081574E-01  7.36458681E-01  1.37912212E+00
    4400       1  2.66092953E+00  0.00000000E+00  1.02214586E+00  1.23871112E+00  2.12164053E+00
    4400       2  1.68316144E+00  0.00000000E+00  6.30635022E-01  7.63957193E-01  1.36077232E+00
    4500       1  2.66459873E+00  0.00000000E+00  8.90648173E-01  1.38548052E+00  2.09458253E+00
    4500       2  1.69195210E+00  0.00000000E+00  5.68918922E-01  8.64385905E-01  1.33860755E+00
    4600       1  2.64794851E+00  0.00000000E+00  1.04108276E+00  1.26024486E+00  2.08316128E+00
    4600       2  1.68158711E+00  0.00000000E+00  6.47396775E-01  8.07495664E-01  1.32535406E+00
    4700       1  2.65788301E+00  0.00000000E+00  1.11546550E+00  1.07315841E+00  2.16065032E+00
    4700       2  1.68393737E+00  0.00000000E+00  6.93370766E-01  6.72533880E-01  1.37934050E+00
    4800       1  2.65188790E+00  0.00000000E+00  1.07272379E+00  1.19530300E+00  2.11021891E+00
    4800       2  1.68189045E+00  0.00000000E+00  6.79825837E-01  7.61999925E-01  1.33639381E+00
    4900       1  2.65260323E+00  0.00000000E+00  9.02499679E-01  1.27075702E+00  2.14638645E+00
    4900       2  1.68177065E+00  0.00000000E+00  5.64980325E-01  7.85897478E-01  1.37532356E+00
