################################################################################
# File type: R
# Simulation type: M
# Number of atoms:       432
# Number of ensembles:         1
################################################################################
  # iter     ens   iatom           |Mom|             M_x             M_y             M_z
      -1       1       1    2.72070000E+00  3.22257369E-01  5.03824994E-01  8.01442801E-01
      -1       1       2    1.72020000E+00  3.24196628E-01  4.69592342E-01  8.21206173E-01
      -1       1       3    2.72070000E+00  2.97024644E-01  5.09624781E-01  8.07501668E-01
      -1       1       4    1.72020000E+00  1.48119436E-01  4.76422798E-01  8.66649843E-01
      -1       1       5    2.72070000E+00  3.78006570E-01  5.70610664E-01  7.29050412E-01
      -1       1       6    1.72020000E+00  3.12939865E-01  4.31587532E-01  8.46050142E-01
      -1       1       7    2.72070000E+00  3.33201132E-01  4.58016850E-01  8.24134438E-01
      -1       1       8    1.72020000E+00  4.22695652E-01  5.22779195E-01  7.40290686E-01
      -1       1       9    2.72070000E+00  1.95769273E-01  4.19560475E-01  8.86365274E-01
      -1       1      10    1.72020000E+00  4.64226033E-01  5.51973554E-01  6.92689964E-01
      -1       1      11    2.72070000E+00  4.03684424E-01  4.21210080E-01  8.12170520E-01
      -1       1      12    1.72020000E+00  3.73134763E-01  4.02574964E-01  8.35885068E-01
      -1       1      13    2.72070000E+00  3.53668071E-01  3.54855730E-01  8.65445727E-01
      -1       1      14    1.72020000E+00  4.52448375E-01  4.30379955E-01  7.81065659E-01
      -1       1      15    2.72070000E+00  3.56187263E-03  5.50160324E-01  8.35051454E-01
      -1       1      16    1.72020000E+00  3.55156972E-01  6.66823618E-01  6.55141044E-01
      -1       1      17    2.72070000E+00  3.62832911E-01  3.96123295E-01  8.43468206E-01
      -1       1      18    1.72020000E+00  3.48356625E-01  5.98063517E-01  7.21780916E-01
      -1       1      19    2.72070000E+00  4.77573761E-01  4.30158258E-01  7.66085619E-01
      -1       1      20    1.72020000E+00  3.69811552E-01  4.66477856E-01  8.03515915E-01
      -1       1      21    2.72070000E+00  9.78438256E-02  4.65043017E-01  8.79864522E-01
      -1       1      22    1.72020000E+00  3.24603709E-01  5.73636745E-01  7.52046087E-01
      -1       1      23    2.72070000E+00  5.72451594E-01  3.35032183E-01  7.48366627E-01
      -1       1      24    1.72020000E+00  4.20544199E-01  6.39770593E-01  6.43300991E-01
      -1       1      25    2.72070000E+00  1.72376115E-01  6.20041953E-01  7.65398231E-01
      -1       1      26    1.72020000E+00  3.38175469E-01  4.42479113E-01  8.30571843E-01
      -1       1      27    2.72070000E+00  3.54842775E-01  4.59477987E-01  8.14227600E-01
      -1       1      28    1.72020000E+00  2.93003888E-01  3.61834562E-01  8.84999701E-01
      -1       1      29    2.72070000E+00  4.21616512E-01  4.79131302E-01  7.69852396E-01
      -1       1      30    1.72020000E+00  2.30931064E-01  5.24825654E-01  8.19285589E-01
      -1       1      31    2.72070000E+00  5.50821553E-01  5.76721586E-01  6.03314039E-01
      -1       1      32    1.72020000E+00  2.47561608E-01  5.51229696E-01  7.96780442E-01
      -1       1      33    2.72070000E+00  2.45077094E-01  5.22263096E-01  8.16809939E-01
      -1       1      34    1.72020000E+00  3.55986531E-01  4.93431764E-01  7.93598566E-01
      -1       1      35    2.72070000E+00  1.58690193E-01  7.15585626E-01  6.80260710E-01
      -1       1      36    1.72020000E+00  2.15924377E-01  2.32118034E-01  9.48418622E-01
      -1       1      37    2.72070000E+00  2.69707341E-01  2.77916698E-01  9.21965433E-01
      -1       1      38    1.72020000E+00  2.68878576E-01  4.89229410E-01  8.29673970E-01
      -1       1      39    2.72070000E+00  2.28349288E-01  5.57953737E-01  7.97837221E-01
      -1       1      40    1.72020000E+00  2.46574116E-01  4.76507122E-01  8.43885163E-01
      -1       1      41    2.72070000E+00  6.12797742E-01  4.21842719E-01  6.68227243E-01
      -1       1      42    1.72020000E+00  3.00609368E-01  5.75587596E-01  7.60482036E-01
      -1       1      43    2.72070000E+00 -8.94860988E-02  6.07368096E-01  7.89364449E-01
      -1       1      44    1.72020000E+00  2.42391084E-01  6.08075936E-01  7.55969720E-01
      -1       1      45    2.72070000E+00  2.83291974E-01  5.98300057E-01  7.49521647E-01
      -1       1      46    1.72020000E+00  2.82155917E-01  4.52530872E-01  8.45933714E-01
      -1       1      47    2.72070000E+00  4.02114009E-01  5.59165488E-01  7.25009159E-01
      -1       1      48    1.72020000E+00  2.51387558E-01  4.39375285E-01  8.62411534E-01
      -1       1      49    2.72070000E+00  2.82919866E-01  3.10260326E-01  9.07576376E-01
      -1       1      50    1.72020000E+00  2.79875312E-01  3.09078364E-01  9.08922645E-01
      -1       1      51    2.72070000E+00  3.01464852E-01  5.36089952E-01  7.88496358E-01
      -1       1      52    1.72020000E+00  2.34728414E-01  5.48493755E-01  8.02531727E-01
      -1       1      53    2.72070000E+00  4.31456010E-01  5.65361219E-01  7.03002421E-01
      -1       1      54    1.72020000E+00  3.92482755E-01  4.03788918E-01  8.26384775E-01
      -1       1      55    2.72070000E+00  2.02782397E-01  5.11664140E-01  8.34912634E-01
      -1       1      56    1.72020000E+00  3.84290565E-02  4.65005390E-01  8.84473400E-01
      -1       1      57    2.72070000E+00  2.59342411E-01  4.75333721E-01  8.40713606E-01
      -1       1      58    1.72020000E+00  3.08438756E-01  3.56031589E-01  8.82103759E-01
      -1       1      59    2.72070000E+00  2.20771818E-01  4.80644485E-01  8.48669950E-01
      -1       1      60    1.72020000E+00  3.80708531E-01  4.18910144E-01  8.24363576E-01
      -1       1      61    2.72070000E+00  2.50468395E-01  5.42782811E-01  8.01656038E-01
      -1       1      62    1.72020000E+00  3.90482816E-01  5.19584322E-01  7.59970593E-01
      -1       1      63    2.72070000E+00  4.25034060E-01  4.95845627E-01  7.57286710E-01
      -1       1      64    1.72020000E+00  3.49906167E-01  6.83375377E-01  6.40752501E-01
      -1       1      65    2.72070000E+00  4.13404057E-01  6.45322002E-01  6.42383530E-01
      -1       1      66    1.72020000E+00  4.34461610E-01  5.42353209E-01  7.19093948E-01
      -1       1      67    2.72070000E+00  2.37647409E-01  4.98451620E-01  8.33708397E-01
      -1       1      68    1.72020000E+00  1.78144066E-01  4.88925304E-01  8.53941883E-01
      -1       1      69    2.72070000E+00  1.51451739E-01  5.09073652E-01  8.47293566E-01
      -1       1      70    1.72020000E+00  4.95653711E-01  3.09631109E-01  8.11453003E-01
      -1       1      71    2.72070000E+00  3.09524727E-01  3.56780008E-01  8.81420711E-01
      -1       1      72    1.72020000E+00  3.08146884E-01  5.65517193E-01  7.65007061E-01
      -1       1      73    2.72070000E+00  3.55600845E-01  3.89277777E-01  8.49712217E-01
      -1       1      74    1.72020000E+00  4.38170208E-01  2.59811212E-01  8.60526004E-01
      -1       1      75    2.72070000E+00  1.19710174E-01  4.51363492E-01  8.84273980E-01
      -1       1      76    1.72020000E+00  2.61891107E-01  5.30353747E-01  8.06311324E-01
      -1       1      77    2.72070000E+00  3.50002614E-01  5.01492742E-01  7.91203640E-01
      -1       1      78    1.72020000E+00  5.85216827E-01  3.34547994E-01  7.38646671E-01
      -1       1      79    2.72070000E+00  2.57836233E-01  6.46907802E-01  7.17656444E-01
      -1       1      80    1.72020000E+00  2.39102565E-01  5.48243591E-01  8.01410587E-01
      -1       1      81    2.72070000E+00  2.83528968E-01  5.26989020E-01  8.01182811E-01
      -1       1      82    1.72020000E+00  3.31281197E-01  4.13005822E-01  8.48338941E-01
      -1       1      83    2.72070000E+00  4.25213432E-01  4.32002931E-01  7.95340811E-01
      -1       1      84    1.72020000E+00  3.23826475E-01  3.86561040E-01  8.63543268E-01
      -1       1      85    2.72070000E+00  4.38447680E-01  4.86274906E-01  7.55844129E-01
      -1       1      86    1.72020000E+00  1.76551032E-01  6.50376966E-01  7.38809539E-01
      -1       1      87    2.72070000E+00  2.98735188E-01  3.94916372E-01  8.68791314E-01
      -1       1      88    1.72020000E+00  3.92605673E-01  5.85841711E-01  7.08978332E-01
      -1       1      89    2.72070000E+00  3.25872996E-01  6.76345381E-01  6.60578319E-01
      -1       1      90    1.72020000E+00  6.11048747E-01  3.89956768E-01  6.88878180E-01
      -1       1      91    2.72070000E+00  5.49551374E-01  2.54719963E-01  7.95682743E-01
      -1       1      92    1.72020000E+00  3.32163925E-01  4.10970830E-01  8.48981804E-01
      -1       1      93    2.72070000E+00  1.73373333E-01  4.11415684E-01  8.94806584E-01
      -1       1      94    1.72020000E+00  2.52013588E-01  9.83204043E-02  9.62716079E-01
      -1       1      95    2.72070000E+00  2.15404450E-01  3.46243649E-01  9.13080642E-01
      -1       1      96    1.72020000E+00  3.59543286E-01  6.80873367E-01  6.38075296E-01
      -1       1      97    2.72070000E+00  4.33421546E-01  5.42898589E-01  7.19310006E-01
      -1       1      98    1.72020000E+00  4.76669852E-01  3.21375518E-01  8.18232014E-01
      -1       1      99    2.72070000E+00  2.17299642E-01  6.27001847E-01  7.48097286E-01
      -1       1     100    1.72020000E+00  4.66339238E-01  4.02722289E-01  7.87618228E-01
      -1       1     101    2.72070000E+00  3.12503292E-01  5.41843572E-01  7.80222555E-01
      -1       1     102    1.72020000E+00  3.03632103E-01  5.13702595E-01  8.02444509E-01
      -1       1     103    2.72070000E+00  4.55885446E-01  4.26226810E-01  7.81344461E-01
      -1       1     104    1.72020000E+00  5.06285515E-01  3.75978135E-01  7.76089827E-01
      -1       1     105    2.72070000E+00  2.21444664E-01  4.20752535E-01  8.79732667E-01
      -1       1     106    1.72020000E+00  3.76427580E-01  2.53448132E-01  8.91103990E-01
      -1       1     107    2.72070000E+00  3.16385455E-01  4.93432525E-01  8.10200337E-01
      -1       1     108    1.72020000E+00  4.82588923E-01  5.49692992E-01  6.81869156E-01
      -1       1     109    2.72070000E+00  2.25864353E-01  3.79601702E-01  8.97155417E-01
      -1       1     110    1.72020000E+00  4.19988573E-01  3.33991471E-01  8.43836060E-01
      -1       1     111    2.72070000E+00  1.25675925E-01  2.35702862E-01  9.63664736E-01
      -1       1     112    1.72020000E+00  2.24462164E-01  4.26079469E-01  8.76397754E-01
      -1       1     113    2.72070000E+00  3.65346623E-01  4.37824797E-01  8.21481157E-01
      -1       1     114    1.72020000E+00  2.81138048E-01  4.02366285E-01  8.71242085E-01
      -1       1     115    2.72070000E+00  3.55986531E-01  4.93431764E-01  7.93598566E-01
      -1       1     116    1.72020000E+00  2.19178313E-01  5.08094261E-01  8.32947231E-01
      -1       1     117    2.72070000E+00  1.59651982E-01  3.54155831E-01  9.21458025E-01
      -1       1     118    1.72020000E+00  1.88272720E-02  3.66523195E-01  9.30218405E-01
      -1       1     119    2.72070000E+00  2.93901591E-01  3.90070081E-01  8.72620872E-01
      -1       1     120    1.72020000E+00  3.40409509E-01  3.11862920E-01  8.87052921E-01
      -1       1     121    2.72070000E+00  2.70286415E-01  2.22713480E-01  9.36666408E-01
      -1       1     122    1.72020000E+00  3.50966466E-01  5.57264208E-01  7.52515210E-01
      -1       1     123    2.72070000E+00  2.14379244E-01  3.41611746E-01  9.15064454E-01
      -1       1     124    1.72020000E+00  2.55422078E-01  7.45004879E-01  6.16220166E-01
      -1       1     125    2.72070000E+00  1.98047807E-01  3.99145095E-01  8.95243129E-01
      -1       1     126    1.72020000E+00  4.44350402E-01  5.65425296E-01  6.94871898E-01
      -1       1     127    2.72070000E+00  8.30922078E-02  4.94829400E-01  8.65008411E-01
      -1       1     128    1.72020000E+00  1.22273221E-01  4.78010260E-01  8.69801961E-01
      -1       1     129    2.72070000E+00  2.05357792E-01  5.69412381E-01  7.95988516E-01
      -1       1     130    1.72020000E+00  2.53859085E-01  3.72148978E-01  8.92782562E-01
      -1       1     131    2.72070000E+00  4.06417531E-01  4.73092746E-01  7.81670035E-01
      -1       1     132    1.72020000E+00  3.16365834E-01  4.35546605E-01  8.42740657E-01
      -1       1     133    2.72070000E+00  3.74091074E-01  5.23820495E-01  7.65289459E-01
      -1       1     134    1.72020000E+00  7.30026016E-02  4.88256343E-01  8.69641515E-01
      -1       1     135    2.72070000E+00  1.09079799E-01  5.55608794E-01  8.24257524E-01
      -1       1     136    1.72020000E+00  3.19222588E-01  7.62891643E-01  5.62221736E-01
      -1       1     137    2.72070000E+00  2.73355280E-01  7.19936995E-01  6.37940133E-01
      -1       1     138    1.72020000E+00  2.50001331E-01  6.14500437E-01  7.48257006E-01
      -1       1     139    2.72070000E+00  2.65855051E-01  4.35570434E-01  8.59999703E-01
      -1       1     140    1.72020000E+00  3.31468992E-01  2.89249068E-01  8.98033008E-01
      -1       1     141    2.72070000E+00  4.31313206E-01  4.31208002E-01  7.92482541E-01
      -1       1     142    1.72020000E+00  3.55986531E-01  4.93431764E-01  7.93598566E-01
      -1       1     143    2.72070000E+00  2.95430201E-01  6.33980801E-01  7.14695278E-01
      -1       1     144    1.72020000E+00  4.04840231E-01  2.72020569E-01  8.72988658E-01
      -1       1     145    2.72070000E+00  2.60017215E-01  3.82494519E-01  8.86616598E-01
      -1       1     146    1.72020000E+00  4.20332713E-01  3.79189928E-01  8.24339377E-01
      -1       1     147    2.72070000E+00  4.82061496E-01  5.37393704E-01  6.91971618E-01
      -1       1     148    1.72020000E+00  3.88938380E-01  3.77148779E-01  8.40527058E-01
      -1       1     149    2.72070000E+00  4.45330892E-01  5.22662370E-01  7.26983111E-01
      -1       1     150    1.72020000E+00  4.33514603E-01  4.07961959E-01  8.03512370E-01
      -1       1     151    2.72070000E+00  4.55918902E-01  4.32065674E-01  7.78111308E-01
      -1       1     152    1.72020000E+00  4.04414551E-01  4.35300022E-01  8.04339954E-01
      -1       1     153    2.72070000E+00  2.75706863E-01  6.62414473E-01  6.96557817E-01
      -1       1     154    1.72020000E+00  6.70866598E-01  4.64444459E-01  5.78125723E-01
      -1       1     155    2.72070000E+00  5.02353416E-01  4.46933440E-01  7.40196965E-01
      -1       1     156    1.72020000E+00  2.90069583E-01  4.48439114E-01  8.45435981E-01
      -1       1     157    2.72070000E+00  2.53913393E-01  5.81948830E-01  7.72569445E-01
      -1       1     158    1.72020000E+00  4.38254119E-01  4.00325862E-01  8.04781046E-01
      -1       1     159    2.72070000E+00  3.73936734E-01  5.32813945E-01  7.59131490E-01
      -1       1     160    1.72020000E+00  3.99670809E-01  5.34529288E-01  7.44675557E-01
      -1       1     161    2.72070000E+00  5.10352478E-01  4.58178809E-01  7.27744823E-01
      -1       1     162    1.72020000E+00  1.90344183E-01  3.37520815E-01  9.21872438E-01
      -1       1     163    2.72070000E+00  6.08193993E-01  5.83548799E-01  5.38117892E-01
      -1       1     164    1.72020000E+00  4.98218567E-01  4.51169796E-01  7.40421552E-01
      -1       1     165    2.72070000E+00  4.46709419E-01  2.99935583E-01  8.42905298E-01
      -1       1     166    1.72020000E+00  2.03897077E-01  3.91906562E-01  8.97126094E-01
      -1       1     167    2.72070000E+00  2.27570191E-01  5.14466674E-01  8.26762269E-01
      -1       1     168    1.72020000E+00  4.99039024E-01  3.08051158E-01  8.09978108E-01
      -1       1     169    2.72070000E+00  5.77777912E-01  4.23196184E-01  6.97909503E-01
      -1       1     170    1.72020000E+00  5.73413075E-01  2.98406826E-01  7.62988081E-01
      -1       1     171    2.72070000E+00  1.37638752E-01  3.84657271E-01  9.12740027E-01
      -1       1     172    1.72020000E+00  1.79224222E-01  4.44118150E-01  8.77859753E-01
      -1       1     173    2.72070000E+00  4.26827256E-01  4.55956754E-01  7.80974988E-01
      -1       1     174    1.72020000E+00  1.05171616E-01  4.21113161E-01  9.00889914E-01
      -1       1     175    2.72070000E+00  5.38802256E-01  4.14683689E-01  7.33300461E-01
      -1       1     176    1.72020000E+00  1.66316799E-01  5.27022960E-01  8.33417976E-01
      -1       1     177    2.72070000E+00  2.34446095E-01  6.61506329E-01  7.12351322E-01
      -1       1     178    1.72020000E+00  3.92786170E-01  1.11336233E-01  9.12865416E-01
      -1       1     179    2.72070000E+00  2.32978869E-01  4.01116183E-01  8.85904427E-01
      -1       1     180    1.72020000E+00  3.80323902E-01  2.98558327E-01  8.75338023E-01
      -1       1     181    2.72070000E+00  2.47620811E-01  3.32284515E-01  9.10093916E-01
      -1       1     182    1.72020000E+00  3.64487032E-01  4.84572188E-01  7.95197459E-01
      -1       1     183    2.72070000E+00  3.48409755E-01  5.23957976E-01  7.77224988E-01
      -1       1     184    1.72020000E+00  2.08133846E-01  6.45328603E-01  7.35004283E-01
      -1       1     185    2.72070000E+00  4.01610938E-01  4.57607205E-01  7.93287023E-01
      -1       1     186    1.72020000E+00  1.43592243E-01  6.21596425E-01  7.70064382E-01
      -1       1     187    2.72070000E+00  2.73255922E-01  4.34239948E-01  8.58351250E-01
      -1       1     188    1.72020000E+00  3.24210787E-01  3.91663381E-01  8.61096488E-01
      -1       1     189    2.72070000E+00  3.48368518E-01  4.42156896E-01  8.26520813E-01
      -1       1     190    1.72020000E+00  7.41798091E-02  2.99265676E-01  9.51281983E-01
      -1       1     191    2.72070000E+00  1.59671571E-01  4.90387231E-01  8.56752796E-01
      -1       1     192    1.72020000E+00  3.29248928E-01  1.86464239E-01  9.25649086E-01
      -1       1     193    2.72070000E+00  3.29863732E-01  1.45491530E-01  9.32749770E-01
      -1       1     194    1.72020000E+00  2.96629063E-01  6.39347113E-01  7.09398667E-01
      -1       1     195    2.72070000E+00  4.37323953E-01  1.36201668E-01  8.88930181E-01
      -1       1     196    1.72020000E+00  3.55986531E-01  4.93431764E-01  7.93598566E-01
      -1       1     197    2.72070000E+00  4.06958021E-01  5.90708973E-01  6.96741041E-01
      -1       1     198    1.72020000E+00  5.12760675E-01  5.48879436E-01  6.60157447E-01
      -1       1     199    2.72070000E+00  4.62741181E-01  4.57447344E-01  7.59350069E-01
      -1       1     200    1.72020000E+00  5.21069430E-01  5.34963325E-01  6.65057058E-01
      -1       1     201    2.72070000E+00  1.95453740E-02  5.23669587E-01  8.51697213E-01
      -1       1     202    1.72020000E+00  1.13912327E-01  3.80175657E-01  9.17872786E-01
      -1       1     203    2.72070000E+00  3.03579820E-01  4.52364205E-01  8.38573741E-01
      -1       1     204    1.72020000E+00  3.56269708E-01  4.68704312E-01  8.08324293E-01
      -1       1     205    2.72070000E+00  7.21199236E-01  2.33748587E-01  6.52099119E-01
      -1       1     206    1.72020000E+00  1.60395167E-01  5.08282559E-01  8.46121877E-01
      -1       1     207    2.72070000E+00  2.75706863E-01  6.62414473E-01  6.96557817E-01
      -1       1     208    1.72020000E+00  4.94883852E-01  5.37111436E-01  6.83082190E-01
      -1       1     209    2.72070000E+00  2.18385384E-01  7.50544753E-01  6.23690947E-01
      -1       1     210    1.72020000E+00  3.96748211E-01  3.98340869E-01  8.26991783E-01
      -1       1     211    2.72070000E+00  2.96414344E-01  2.89650207E-01  9.10077631E-01
      -1       1     212    1.72020000E+00  4.85976840E-01  5.05516124E-01  7.12937556E-01
      -1       1     213    2.72070000E+00  1.81367626E-01  5.89170420E-01  7.87390628E-01
      -1       1     214    1.72020000E+00  3.99670809E-01  5.34529288E-01  7.44675557E-01
      -1       1     215    2.72070000E+00  3.58955370E-01  3.38734778E-01  8.69718226E-01
      -1       1     216    1.72020000E+00  1.50340981E-01  5.98787875E-01  7.86670623E-01
      -1       1     217    2.72070000E+00  2.30858242E-01  5.12186319E-01  8.27266369E-01
      -1       1     218    1.72020000E+00  2.98392429E-01  2.44640565E-01  9.22557831E-01
      -1       1     219    2.72070000E+00  3.16432971E-01  2.50838920E-01  9.14849720E-01
      -1       1     220    1.72020000E+00  5.07287077E-01  3.78300389E-01  7.74305261E-01
      -1       1     221    2.72070000E+00  3.04026861E-01  5.39967006E-01  7.84858777E-01
      -1       1     222    1.72020000E+00  6.42637148E-01  5.64609576E-01  5.17912659E-01
      -1       1     223    2.72070000E+00  5.08076381E-01  3.76890879E-01  7.74475084E-01
      -1       1     224    1.72020000E+00  5.49475858E-01  4.27302194E-01  7.17975707E-01
      -1       1     225    2.72070000E+00  5.60042910E-01  3.22199461E-01  7.63242718E-01
      -1       1     226    1.72020000E+00  5.49551374E-01  2.54719963E-01  7.95682743E-01
      -1       1     227    2.72070000E+00  4.97783200E-01  4.42036420E-01  7.46200837E-01
      -1       1     228    1.72020000E+00  3.64003421E-01  4.74731722E-01  8.01330956E-01
      -1       1     229    2.72070000E+00  6.18576905E-01  3.15953547E-01  7.19399728E-01
      -1       1     230    1.72020000E+00  2.15411670E-01  6.94192491E-01  6.86800261E-01
      -1       1     231    2.72070000E+00  4.56805814E-01  3.59754491E-01  8.13575537E-01
      -1       1     232    1.72020000E+00  2.97633511E-01  6.55805403E-01  6.93782075E-01
      -1       1     233    2.72070000E+00  5.30843440E-01  4.43155311E-01  7.22370135E-01
      -1       1     234    1.72020000E+00  2.75706863E-01  6.62414473E-01  6.96557817E-01
      -1       1     235    2.72070000E+00  4.99460744E-01  4.60519363E-01  7.33798938E-01
      -1       1     236    1.72020000E+00  5.37946987E-01  3.63850043E-01  7.60411852E-01
      -1       1     237    2.72070000E+00  3.79771342E-01  6.30335494E-01  6.77090019E-01
      -1       1     238    1.72020000E+00  6.15115547E-01  5.06839948E-01  6.03942159E-01
      -1       1     239    2.72070000E+00  4.64890861E-01  3.72278682E-01  8.03296378E-01
      -1       1     240    1.72020000E+00  3.44598039E-01  5.51056937E-01  7.59992397E-01
      -1       1     241    2.72070000E+00  3.87387853E-01  4.18984082E-01  8.21208251E-01
      -1       1     242    1.72020000E+00  6.96140384E-02  4.39421475E-01  8.95579507E-01
      -1       1     243    2.72070000E+00  4.98543619E-01  4.20756089E-01  7.57904066E-01
      -1       1     244    1.72020000E+00  3.18040632E-01  4.93170921E-01  8.09711430E-01
      -1       1     245    2.72070000E+00  2.17371947E-01  6.35487639E-01  7.40881163E-01
      -1       1     246    1.72020000E+00  1.22256927E-01  5.28324256E-01  8.40194456E-01
      -1       1     247    2.72070000E+00  2.55520567E-01  4.57736302E-01  8.51578956E-01
      -1       1     248    1.72020000E+00  3.73535857E-01  3.33754005E-01  8.65493632E-01
      -1       1     249    2.72070000E+00  3.27228141E-01  3.71541742E-01  8.68837429E-01
      -1       1     250    1.72020000E+00  3.55986531E-01  4.93431764E-01  7.93598566E-01
      -1       1     251    2.72070000E+00  4.05396544E-01  4.67610239E-01  7.85489852E-01
      -1       1     252    1.72020000E+00  1.53201583E-01  4.81978842E-01  8.62685152E-01
      -1       1     253    2.72070000E+00  3.11476894E-01  5.95592462E-01  7.40440250E-01
      -1       1     254    1.72020000E+00  2.73423515E-01  6.36631468E-01  7.21068621E-01
      -1       1     255    2.72070000E+00  4.41346471E-01  4.54087803E-01  7.73962247E-01
      -1       1     256    1.72020000E+00  2.91790703E-01  4.02929830E-01  8.67470886E-01
      -1       1     257    2.72070000E+00  1.66775192E-01  5.29790233E-01  8.31569807E-01
      -1       1     258    1.72020000E+00  2.72617302E-01  4.73929809E-01  8.37299434E-01
      -1       1     259    2.72070000E+00  2.03314273E-01  3.43924974E-01  9.16721833E-01
      -1       1     260    1.72020000E+00  5.62939593E-02  5.30364654E-01  8.45898531E-01
      -1       1     261    2.72070000E+00  2.87401316E-01  4.26057156E-01  8.57832025E-01
      -1       1     262    1.72020000E+00  4.08393276E-01  3.46070253E-01  8.44659879E-01
      -1       1     263    2.72070000E+00  1.20426050E-01  2.48856429E-01  9.61024476E-01
      -1       1     264    1.72020000E+00  2.89616388E-01  5.74735441E-01  7.65376718E-01
      -1       1     265    2.72070000E+00  3.34119969E-01  5.66162260E-01  7.53541069E-01
      -1       1     266    1.72020000E+00  2.86566143E-01  5.86806057E-01  7.57323245E-01
      -1       1     267    2.72070000E+00  9.48110894E-03  7.29974897E-01  6.83408193E-01
      -1       1     268    1.72020000E+00  3.33232745E-01  5.61021766E-01  7.57766795E-01
      -1       1     269    2.72070000E+00  4.30021793E-01  5.99859001E-01  6.74722489E-01
      -1       1     270    1.72020000E+00  1.83525193E-01  5.25492813E-01  8.30768203E-01
      -1       1     271    2.72070000E+00  2.62190872E-01  4.79758198E-01  8.37309989E-01
      -1       1     272    1.72020000E+00  4.24101032E-01  6.17234344E-01  6.62691541E-01
      -1       1     273    2.72070000E+00  2.26518417E-01  4.03089279E-01  8.86683957E-01
      -1       1     274    1.72020000E+00  2.24462164E-01  4.26079469E-01  8.76397754E-01
      -1       1     275    2.72070000E+00  3.78559164E-01  4.27402106E-01  8.20987454E-01
      -1       1     276    1.72020000E+00  2.32596288E-01  6.47919803E-01  7.25326751E-01
      -1       1     277    2.72070000E+00  2.10441393E-01  5.86350455E-01  7.82245207E-01
      -1       1     278    1.72020000E+00  4.08796777E-01  4.28727910E-01  8.05653508E-01
      -1       1     279    2.72070000E+00  3.65831258E-01  5.94597967E-01  7.15975382E-01
      -1       1     280    1.72020000E+00  2.85335068E-01  3.66434865E-01  8.85612437E-01
      -1       1     281    2.72070000E+00  3.24667839E-01  6.75205359E-01  6.62335653E-01
      -1       1     282    1.72020000E+00  4.60749134E-01  5.08961690E-01  7.27095753E-01
      -1       1     283    2.72070000E+00  5.42368171E-01  5.09098140E-01  6.68323163E-01
      -1       1     284    1.72020000E+00  2.20806250E-01  3.77366755E-01  8.99354731E-01
      -1       1     285    2.72070000E+00  2.06040513E-01  4.88579323E-01  8.47842882E-01
      -1       1     286    1.72020000E+00  3.72133550E-01  4.81193892E-01  7.93705902E-01
      -1       1     287    2.72070000E+00  4.47052136E-01  4.26002972E-01  7.86553149E-01
      -1       1     288    1.72020000E+00  5.42684428E-01  3.08862575E-01  7.81087397E-01
      -1       1     289    2.72070000E+00  4.68301687E-01  4.25116787E-01  7.74576819E-01
      -1       1     290    1.72020000E+00  5.62906908E-01  4.00881032E-01  7.22793340E-01
      -1       1     291    2.72070000E+00  2.25282509E-01  3.92075817E-01  8.91921715E-01
      -1       1     292    1.72020000E+00  4.61924852E-01  5.03239720E-01  7.30325417E-01
      -1       1     293    2.72070000E+00  4.50511594E-01  4.05451769E-01  7.95391832E-01
      -1       1     294    1.72020000E+00  3.85591215E-01  1.54643640E-01  9.09617920E-01
      -1       1     295    2.72070000E+00  3.99670809E-01  5.34529288E-01  7.44675557E-01
      -1       1     296    1.72020000E+00  5.29580671E-01  4.58949484E-01  7.13379061E-01
      -1       1     297    2.72070000E+00  4.65882419E-01  9.74801111E-02  8.79460744E-01
      -1       1     298    1.72020000E+00  3.76066199E-01  4.95522762E-01  7.82963222E-01
      -1       1     299    2.72070000E+00 -9.12806154E-02  5.77304921E-01  8.11410424E-01
      -1       1     300    1.72020000E+00  3.00993521E-01  4.72583747E-01  8.28291918E-01
      -1       1     301    2.72070000E+00  5.10015198E-01  1.84720577E-01  8.40096903E-01
      -1       1     302    1.72020000E+00  4.24282730E-01  6.13355087E-01  6.66167924E-01
      -1       1     303    2.72070000E+00  4.50971256E-01  3.82754415E-01  8.06302663E-01
      -1       1     304    1.72020000E+00  4.95921118E-01  5.22530480E-01  6.93559040E-01
      -1       1     305    2.72070000E+00  4.59524338E-01  6.35141605E-01  6.20832122E-01
      -1       1     306    1.72020000E+00  3.31488093E-01  6.33836406E-01  6.98832637E-01
      -1       1     307    2.72070000E+00  5.04572394E-01  5.47311957E-01  6.67724735E-01
      -1       1     308    1.72020000E+00  1.01150402E-01  7.61185134E-01  6.40597992E-01
      -1       1     309    2.72070000E+00  6.59018823E-01  4.26605604E-01  6.19436720E-01
      -1       1     310    1.72020000E+00  2.31312611E-01  6.01739972E-01  7.64462871E-01
      -1       1     311    2.72070000E+00  2.09176467E-01  5.92303432E-01  7.78088588E-01
      -1       1     312    1.72020000E+00  3.53382130E-01  4.32741466E-01  8.29370782E-01
      -1       1     313    2.72070000E+00  3.35567625E-01  5.34658525E-01  7.75586637E-01
      -1       1     314    1.72020000E+00  4.63608086E-01  6.88596464E-01  5.57586274E-01
      -1       1     315    2.72070000E+00  2.75706863E-01  6.62414473E-01  6.96557817E-01
      -1       1     316    1.72020000E+00  6.14173313E-02  5.24879760E-01  8.48957684E-01
      -1       1     317    2.72070000E+00  3.75282009E-01  4.12704518E-01  8.29962887E-01
      -1       1     318    1.72020000E+00  2.05357792E-01  5.69412381E-01  7.95988516E-01
      -1       1     319    2.72070000E+00  2.17479968E-01  3.65482011E-01  9.05055448E-01
      -1       1     320    1.72020000E+00  5.20602641E-01  3.56785389E-01  7.75678462E-01
      -1       1     321    2.72070000E+00  6.10425379E-01  4.25228937E-01  6.68252354E-01
      -1       1     322    1.72020000E+00  4.42003324E-01  3.31067419E-01  8.33683048E-01
      -1       1     323    2.72070000E+00  3.15444866E-01  3.38989381E-01  8.86329925E-01
      -1       1     324    1.72020000E+00  4.48994465E-01  4.64768162E-01  7.63147775E-01
      -1       1     325    2.72070000E+00  5.09884520E-01  3.09502669E-01  8.02636826E-01
      -1       1     326    1.72020000E+00  5.38664200E-01  6.17932535E-01  5.72713072E-01
      -1       1     327    2.72070000E+00  2.25357580E-01  5.59644688E-01  7.97503470E-01
      -1       1     328    1.72020000E+00  4.30763084E-01  5.75469144E-01  6.95182300E-01
      -1       1     329    2.72070000E+00  4.49082829E-01  5.38920111E-01  7.12663824E-01
      -1       1     330    1.72020000E+00  2.61732695E-01  2.72187735E-01  9.25964272E-01
      -1       1     331    2.72070000E+00  3.55986531E-01  4.93431764E-01  7.93598566E-01
      -1       1     332    1.72020000E+00  3.35881117E-01  4.63967824E-01  8.19705882E-01
      -1       1     333    2.72070000E+00  4.14902278E-01  6.36406855E-01  6.50263343E-01
      -1       1     334    1.72020000E+00  2.95850619E-01  4.95561295E-01  8.16634198E-01
      -1       1     335    2.72070000E+00  3.35220862E-01  4.27055837E-01  8.39791811E-01
      -1       1     336    1.72020000E+00  3.92505600E-01  5.12851623E-01  7.63493659E-01
      -1       1     337    2.72070000E+00  3.03142944E-01  7.10874845E-01  6.34634785E-01
      -1       1     338    1.72020000E+00  2.56407782E-01  3.36501426E-01  9.06102555E-01
      -1       1     339    2.72070000E+00  4.61346690E-01  5.54049026E-01  6.92956643E-01
      -1       1     340    1.72020000E+00  2.69090622E-01  6.91184048E-01  6.70712195E-01
      -1       1     341    2.72070000E+00  3.24817862E-01  5.17775327E-01  7.91455664E-01
      -1       1     342    1.72020000E+00  2.75706863E-01  6.62414473E-01  6.96557817E-01
      -1       1     343    2.72070000E+00  8.05739202E-02  4.16321720E-01  9.05640143E-01
      -1       1     344    1.72020000E+00  3.62239130E-01  5.52050181E-01  7.51014920E-01
      -1       1     345    2.72070000E+00  2.05357792E-01  5.69412381E-01  7.95988516E-01
      -1       1     346    1.72020000E+00  3.42584678E-01  6.07383363E-01  7.16743461E-01
      -1       1     347    2.72070000E+00  3.80616553E-01  5.80833562E-01  7.19557790E-01
      -1       1     348    1.72020000E+00  2.35227911E-01  6.78694275E-01  6.95731206E-01
      -1       1     349    2.72070000E+00  2.79994806E-01  5.67436305E-01  7.74350663E-01
      -1       1     350    1.72020000E+00  4.63853985E-01  2.65076673E-01  8.45324694E-01
      -1       1     351    2.72070000E+00  3.31366367E-01  3.70813537E-01  8.67579190E-01
      -1       1     352    1.72020000E+00  5.83369690E-01  4.58759207E-01  6.70238611E-01
      -1       1     353    2.72070000E+00  3.77257663E-01  7.04875448E-01  6.00688986E-01
      -1       1     354    1.72020000E+00  4.67517537E-01  4.42097848E-01  7.65491245E-01
      -1       1     355    2.72070000E+00  3.65153114E-01  4.09876585E-01  8.35861465E-01
      -1       1     356    1.72020000E+00  4.28830646E-01  2.64931953E-01  8.63663903E-01
      -1       1     357    2.72070000E+00  2.35213397E-01  5.39511307E-01  8.08456683E-01
      -1       1     358    1.72020000E+00  3.55986531E-01  4.93431764E-01  7.93598566E-01
      -1       1     359    2.72070000E+00  4.43202176E-01  5.02856500E-01  7.42096471E-01
      -1       1     360    1.72020000E+00  3.56457903E-01  3.78148848E-01  8.54365971E-01
      -1       1     361    2.72070000E+00  5.49551374E-01  2.54719963E-01  7.95682743E-01
      -1       1     362    1.72020000E+00  1.78704756E-01  2.09932469E-01  9.61245530E-01
      -1       1     363    2.72070000E+00  5.98379203E-01  2.53609023E-01  7.60016311E-01
      -1       1     364    1.72020000E+00  3.58873897E-01  7.69567803E-01  5.28180768E-01
      -1       1     365    2.72070000E+00  4.55887708E-01  5.02428344E-01  7.34664657E-01
      -1       1     366    1.72020000E+00  4.58770583E-01  5.27380267E-01  7.15122092E-01
      -1       1     367    2.72070000E+00  3.96845128E-01  5.27109261E-01  7.51445122E-01
      -1       1     368    1.72020000E+00  3.82496137E-01  5.68841669E-01  7.28090558E-01
      -1       1     369    2.72070000E+00  4.35020261E-01  4.94826038E-01  7.52266285E-01
      -1       1     370    1.72020000E+00  2.38771068E-01  5.41123000E-01  8.06333849E-01
      -1       1     371    2.72070000E+00  2.11438686E-01  6.77394652E-01  7.04578007E-01
      -1       1     372    1.72020000E+00  2.05357792E-01  5.69412381E-01  7.95988516E-01
      -1       1     373    2.72070000E+00  3.98442439E-01  5.59982645E-01  7.26404199E-01
      -1       1     374    1.72020000E+00  2.86734791E-01  3.86369056E-01  8.76642523E-01
      -1       1     375    2.72070000E+00  4.92242540E-01  6.32244494E-01  5.98301080E-01
      -1       1     376    1.72020000E+00  2.75854034E-01  4.11548314E-01  8.68638323E-01
      -1       1     377    2.72070000E+00  1.74153935E-01  5.49686000E-01  8.17016345E-01
      -1       1     378    1.72020000E+00  4.11507038E-01  4.90018337E-01  7.68468598E-01
      -1       1     379    2.72070000E+00  3.15263942E-01  6.77119201E-01  6.64919720E-01
      -1       1     380    1.72020000E+00  5.64240949E-01  5.72718678E-01  5.94664164E-01
      -1       1     381    2.72070000E+00  4.50350243E-01  4.68982398E-01  7.59763232E-01
      -1       1     382    1.72020000E+00  4.46148646E-01  4.95087496E-01  7.45546616E-01
      -1       1     383    2.72070000E+00  1.94940521E-01  5.16475466E-01  8.33817298E-01
      -1       1     384    1.72020000E+00 -2.26717022E-02  4.34199753E-01  9.00531270E-01
      -1       1     385    2.72070000E+00  3.55986531E-01  4.93431764E-01  7.93598566E-01
      -1       1     386    1.72020000E+00  4.94405306E-01  4.77909496E-01  7.26061917E-01
      -1       1     387    2.72070000E+00  4.06472719E-01  4.69458726E-01  7.83829339E-01
      -1       1     388    1.72020000E+00  2.77063948E-01  4.92771946E-01  8.24870522E-01
      -1       1     389    2.72070000E+00  2.76645285E-01  4.14547667E-01  8.66958833E-01
      -1       1     390    1.72020000E+00  1.80379634E-01  5.22988120E-01  8.33034582E-01
      -1       1     391    2.72070000E+00 -6.94891740E-02  5.38130294E-01  8.39992286E-01
      -1       1     392    1.72020000E+00  3.38055525E-01  4.62672702E-01  8.19544040E-01
      -1       1     393    2.72070000E+00  4.23565716E-01  6.64892708E-01  6.15231478E-01
      -1       1     394    1.72020000E+00  3.49086925E-01  4.18761427E-01  8.38318069E-01
      -1       1     395    2.72070000E+00  3.98231023E-01  2.17010429E-01  8.91245492E-01
      -1       1     396    1.72020000E+00  3.77568748E-01  4.10762902E-01  8.29888955E-01
      -1       1     397    2.72070000E+00  4.92795717E-01  5.25281090E-01  6.93708986E-01
      -1       1     398    1.72020000E+00 -4.92491487E-02  5.69263703E-01  8.20678596E-01
      -1       1     399    2.72070000E+00  2.05357792E-01  5.69412381E-01  7.95988516E-01
      -1       1     400    1.72020000E+00  5.69820381E-01  4.26618367E-01  7.02354257E-01
      -1       1     401    2.72070000E+00  2.73716472E-01  5.91112801E-01  7.58725873E-01
      -1       1     402    1.72020000E+00  1.55269002E-01  5.26589853E-01  8.35819756E-01
      -1       1     403    2.72070000E+00  1.10342552E-01  5.37367170E-01  8.36098706E-01
      -1       1     404    1.72020000E+00  2.03991337E-01  5.07144746E-01  8.37371925E-01
      -1       1     405    2.72070000E+00  4.02887696E-01  4.74595518E-01  7.82585841E-01
      -1       1     406    1.72020000E+00  2.47457042E-01  6.32188256E-01  7.34236352E-01
      -1       1     407    2.72070000E+00  5.06738726E-01  3.65500727E-01  7.80784914E-01
      -1       1     408    1.72020000E+00  2.39672627E-01  5.47141092E-01  8.01993552E-01
      -1       1     409    2.72070000E+00  3.83389223E-01  4.08125303E-01  8.28520634E-01
      -1       1     410    1.72020000E+00  3.13126263E-01  5.61024785E-01  7.66291808E-01
      -1       1     411    2.72070000E+00  6.65626979E-01  5.70008338E-01  4.81696191E-01
      -1       1     412    1.72020000E+00  3.55986531E-01  4.93431764E-01  7.93598566E-01
      -1       1     413    2.72070000E+00  2.39033058E-01  6.20307228E-01  7.47048954E-01
      -1       1     414    1.72020000E+00  3.50009614E-01  4.53236757E-01  8.19798581E-01
      -1       1     415    2.72070000E+00  8.71790589E-02  5.83760385E-01  8.07232076E-01
      -1       1     416    1.72020000E+00 -4.27114622E-02  4.96570973E-01  8.66944635E-01
      -1       1     417    2.72070000E+00  1.80353164E-01  5.08860405E-01  8.41744513E-01
      -1       1     418    1.72020000E+00  3.43492591E-01  5.82499629E-01  7.36686516E-01
      -1       1     419    2.72070000E+00  3.48868725E-01  4.54101373E-01  8.19806414E-01
      -1       1     420    1.72020000E+00  3.23899575E-01  4.79742354E-01  8.15436288E-01
      -1       1     421    2.72070000E+00  3.27561493E-01  5.06683863E-01  7.97480364E-01
      -1       1     422    1.72020000E+00  4.53437310E-01  4.17376566E-01  7.87522323E-01
      -1       1     423    2.72070000E+00  3.58495221E-01  3.64389210E-01  8.59477562E-01
      -1       1     424    1.72020000E+00  3.25691236E-01  4.57938830E-01  8.27174254E-01
      -1       1     425    2.72070000E+00  3.20866763E-01  6.17877736E-01  7.17824229E-01
      -1       1     426    1.72020000E+00  2.05357792E-01  5.69412381E-01  7.95988516E-01
      -1       1     427    2.72070000E+00  2.35272401E-01  5.15391949E-01  8.24025507E-01
      -1       1     428    1.72020000E+00  3.44767893E-01  3.01537976E-01  8.88937539E-01
      -1       1     429    2.72070000E+00  3.86541768E-01  5.77304864E-01  7.19238873E-01
      -1       1     430    1.72020000E+00  3.67875099E-01  4.63502529E-01  8.06122396E-01
      -1       1     431    2.72070000E+00  2.29287559E-01  4.81187965E-01  8.46100087E-01
      -1       1     432    1.72020000E+00  1.98436724E-01  5.49272476E-01  8.11740484E-01
