   #Iter             <M>           <M^2>           <M^4>      U_{Binder}            \chi        C_v(tot)             <E>       <E_{exc}>       <E_{lsf}>
       1  1.52170751E+00  2.31607033E+00  5.36857989E+00  6.66393365E-01  6.51605633E-04  3.14347249E+00 -7.69916556E+00 -7.69916556E+00  0.00000000E+00
      11  1.50845733E+00  2.27649022E+00  5.19189645E+00  6.66056352E-01  1.43111661E-03  1.77610532E+00 -7.60363483E+00 -7.60363483E+00  0.00000000E+00
      21  1.51489852E+00  2.29606292E+00  5.28241048E+00  6.66002418E-01  1.56605034E-03  1.45849649E+00 -7.61610020E+00 -7.61610020E+00  0.00000000E+00
      31  1.51707134E+00  2.30239893E+00  5.30925273E+00  6.66150296E-01  1.22161234E-03  1.53169944E+00 -7.63124511E+00 -7.63124511E+00  0.00000000E+00
      41  1.51732975E+00  2.30324559E+00  5.31380329E+00  6.66109763E-01  1.30713973E-03  1.40049042E+00 -7.63124461E+00 -7.63124461E+00  0.00000000E+00
      51  1.51723149E+00  2.30302840E+00  5.31346319E+00  6.66068159E-01  1.41787537E-03  1.62272384E+00 -7.62348801E+00 -7.62348801E+00  0.00000000E+00
      61  1.51933852E+00  2.30958225E+00  5.34509086E+00  6.65984232E-01  1.63076935E-03  1.92205560E+00 -7.63309757E+00 -7.63309757E+00  0.00000000E+00
      71  1.51783320E+00  2.30495116E+00  5.32317373E+00  6.66015794E-01  1.54984814E-03  1.71460113E+00 -7.63110995E+00 -7.63110995E+00  0.00000000E+00
      81  1.51704701E+00  2.30258923E+00  5.31251318E+00  6.66000492E-01  1.58273890E-03  1.70352065E+00 -7.62345824E+00 -7.62345824E+00  0.00000000E+00
      91  1.51477528E+00  2.29572130E+00  5.28108622E+00  6.65986765E-01  1.60948172E-03  1.85811907E+00 -7.62258674E+00 -7.62258674E+00  0.00000000E+00
     101  1.51397311E+00  2.29331143E+00  5.27020020E+00  6.65974373E-01  1.63640573E-03  1.77695798E+00 -7.62321067E+00 -7.62321067E+00  0.00000000E+00
     111  1.51321512E+00  2.29101483E+00  5.25963980E+00  6.65975020E-01  1.63365896E-03  1.84070214E+00 -7.61767390E+00 -7.61767390E+00  0.00000000E+00
     121  1.51346718E+00  2.29173948E+00  5.26263362E+00  6.65996214E-01  1.58136797E-03  1.84266582E+00 -7.61412534E+00 -7.61412534E+00  0.00000000E+00
     131  1.51333212E+00  2.29139740E+00  5.26164310E+00  6.65959367E-01  1.67256630E-03  1.90323535E+00 -7.61375064E+00 -7.61375064E+00  0.00000000E+00
     141  1.51270941E+00  2.28950488E+00  5.25288903E+00  6.65963578E-01  1.66138639E-03  1.84322725E+00 -7.61299974E+00 -7.61299974E+00  0.00000000E+00
     151  1.51372204E+00  2.29262172E+00  5.26763095E+00  6.65936305E-01  1.73273626E-03  1.80816368E+00 -7.61247948E+00 -7.61247948E+00  0.00000000E+00
     161  1.51330235E+00  2.29137979E+00  5.26220675E+00  6.65918447E-01  1.77168285E-03  1.80666632E+00 -7.61545900E+00 -7.61545900E+00  0.00000000E+00
     171  1.51399538E+00  2.29346029E+00  5.27159294E+00  6.65929473E-01  1.74777635E-03  1.80587434E+00 -7.61879977E+00 -7.61879977E+00  0.00000000E+00
     181  1.51313278E+00  2.29084491E+00  5.25954888E+00  6.65931242E-01  1.74206325E-03  1.76905604E+00 -7.61923583E+00 -7.61923583E+00  0.00000000E+00
     191  1.51158497E+00  2.28623585E+00  5.23906083E+00  6.65889498E-01  1.84134279E-03  1.74077683E+00 -7.61881407E+00 -7.61881407E+00  0.00000000E+00
     201  1.51176506E+00  2.28680008E+00  5.24184039E+00  6.65877178E-01  1.86833524E-03  1.82571523E+00 -7.61404481E+00 -7.61404481E+00  0.00000000E+00
     211  1.51173190E+00  2.28664481E+00  5.24063313E+00  6.65908765E-01  1.79314013E-03  1.80750255E+00 -7.61292388E+00 -7.61292388E+00  0.00000000E+00
     221  1.51271657E+00  2.28962033E+00  5.25425231E+00  6.65910579E-01  1.78964976E-03  1.76022834E+00 -7.61528294E+00 -7.61528294E+00  0.00000000E+00
     231  1.51320230E+00  2.29107572E+00  5.26079957E+00  6.65919125E-01  1.76996797E-03  1.73765847E+00 -7.61776595E+00 -7.61776595E+00  0.00000000E+00
     241  1.51324686E+00  2.29116923E+00  5.26085670E+00  6.65942766E-01  1.71344445E-03  1.66604500E+00 -7.61783886E+00 -7.61783886E+00  0.00000000E+00
     251  1.51123724E+00  2.28517259E+00  5.23411215E+00  6.65894399E-01  1.82476717E-03  1.64643782E+00 -7.61571869E+00 -7.61571869E+00  0.00000000E+00
     261  1.51028675E+00  2.28229907E+00  5.22096669E+00  6.65893779E-01  1.82256051E-03  1.65106097E+00 -7.61367583E+00 -7.61367583E+00  0.00000000E+00
     271  1.51124215E+00  2.28516637E+00  5.23389895E+00  6.65906188E-01  1.79595008E-03  1.67266417E+00 -7.61760404E+00 -7.61760404E+00  0.00000000E+00
     281  1.51179060E+00  2.28682865E+00  5.24155573E+00  6.65903672E-01  1.80184475E-03  1.69410534E+00 -7.61658674E+00 -7.61658674E+00  0.00000000E+00
     291  1.51224114E+00  2.28818135E+00  5.24765822E+00  6.65910056E-01  1.78852087E-03  1.68970158E+00 -7.61791008E+00 -7.61791008E+00  0.00000000E+00
     301  1.51246105E+00  2.28882571E+00  5.25042359E+00  6.65922182E-01  1.76008711E-03  1.68121051E+00 -7.61863683E+00 -7.61863683E+00  0.00000000E+00
     311  1.51249304E+00  2.28888906E+00  5.25041481E+00  6.65941231E-01  1.71437701E-03  1.69490615E+00 -7.61823330E+00 -7.61823330E+00  0.00000000E+00
     321  1.51292686E+00  2.29022839E+00  5.25679001E+00  6.65926684E-01  1.75106705E-03  1.73622163E+00 -7.61924161E+00 -7.61924161E+00  0.00000000E+00
     331  1.51243841E+00  2.28877249E+00  5.25031756E+00  6.65913391E-01  1.78093193E-03  1.73190588E+00 -7.61876032E+00 -7.61876032E+00  0.00000000E+00
     341  1.51279514E+00  2.28983400E+00  5.25502636E+00  6.65923718E-01  1.75677216E-03  1.70607117E+00 -7.61804657E+00 -7.61804657E+00  0.00000000E+00
     351  1.51257626E+00  2.28916832E+00  5.25194355E+00  6.65925491E-01  1.75201176E-03  1.71643204E+00 -7.61489360E+00 -7.61489360E+00  0.00000000E+00
     361  1.51252917E+00  2.28902841E+00  5.25132081E+00  6.65924267E-01  1.75544954E-03  1.73713020E+00 -7.61390931E+00 -7.61390931E+00  0.00000000E+00
     371  1.51222627E+00  2.28813665E+00  5.24745955E+00  6.65909652E-01  1.78886678E-03  1.76996027E+00 -7.61235167E+00 -7.61235167E+00  0.00000000E+00
     381  1.51222151E+00  2.28809195E+00  5.24698017E+00  6.65927120E-01  1.74746561E-03  1.74261126E+00 -7.61135942E+00 -7.61135942E+00  0.00000000E+00
     391  1.51250773E+00  2.28894435E+00  5.25076719E+00  6.65934951E-01  1.72919072E-03  1.71586945E+00 -7.61113105E+00 -7.61113105E+00  0.00000000E+00
     401  1.51262594E+00  2.28932239E+00  5.25268297E+00  6.65923426E-01  1.75716951E-03  1.71568484E+00 -7.61183294E+00 -7.61183294E+00  0.00000000E+00
     411  1.51333104E+00  2.29144772E+00  5.26235477E+00  6.65928858E-01  1.74586199E-03  1.71239484E+00 -7.61461231E+00 -7.61461231E+00  0.00000000E+00
     421  1.51363751E+00  2.29237756E+00  5.26664506E+00  6.65927675E-01  1.74878996E-03  1.70006657E+00 -7.61508508E+00 -7.61508508E+00  0.00000000E+00
     431  1.51435074E+00  2.29452685E+00  5.27641680E+00  6.65934558E-01  1.73464802E-03  1.69975899E+00 -7.61666037E+00 -7.61666037E+00  0.00000000E+00
     441  1.51410699E+00  2.29379724E+00  5.27314578E+00  6.65929236E-01  1.74635021E-03  1.70958566E+00 -7.61669339E+00 -7.61669339E+00  0.00000000E+00
     451  1.51410915E+00  2.29379297E+00  5.27302922E+00  6.65935374E-01  1.73156342E-03  1.70622561E+00 -7.61754295E+00 -7.61754295E+00  0.00000000E+00
     461  1.51410878E+00  2.29379832E+00  5.27310655E+00  6.65932036E-01  1.74041721E-03  1.70938491E+00 -7.61755610E+00 -7.61755610E+00  0.00000000E+00
     471  1.51438163E+00  2.29462827E+00  5.27694684E+00  6.65930532E-01  1.74538469E-03  1.71795510E+00 -7.61694307E+00 -7.61694307E+00  0.00000000E+00
     481  1.51393700E+00  2.29327132E+00  5.27062385E+00  6.65935838E-01  1.73106558E-03  1.71539072E+00 -7.61555230E+00 -7.61555230E+00  0.00000000E+00
     491  1.51298793E+00  2.29043901E+00  5.25798065E+00  6.65912472E-01  1.78639485E-03  1.72071854E+00 -7.61443984E+00 -7.61443984E+00  0.00000000E+00
     501  1.51202700E+00  2.28758347E+00  5.24535708E+00  6.65881977E-01  1.85650349E-03  1.70478448E+00 -7.61378794E+00 -7.61378794E+00  0.00000000E+00
     511  1.51197093E+00  2.28741524E+00  5.24460232E+00  6.65880912E-01  1.85832670E-03  1.71780493E+00 -7.61463325E+00 -7.61463325E+00  0.00000000E+00
     521  1.51202691E+00  2.28757653E+00  5.24527301E+00  6.65885304E-01  1.84740644E-03  1.71835706E+00 -7.61503806E+00 -7.61503806E+00  0.00000000E+00
     531  1.51194932E+00  2.28732513E+00  5.24397028E+00  6.65894854E-01  1.82446391E-03  1.72048970E+00 -7.61543776E+00 -7.61543776E+00  0.00000000E+00
     541  1.51176840E+00  2.28676558E+00  5.24129882E+00  6.65901619E-01  1.80737203E-03  1.72925264E+00 -7.61660005E+00 -7.61660005E+00  0.00000000E+00
     551  1.51218029E+00  2.28800688E+00  5.24694591E+00  6.65904457E-01  1.80158869E-03  1.72525927E+00 -7.61837443E+00 -7.61837443E+00  0.00000000E+00
     561  1.51204190E+00  2.28761465E+00  5.24537897E+00  6.65889689E-01  1.83753368E-03  1.73654131E+00 -7.61898986E+00 -7.61898986E+00  0.00000000E+00
     571  1.51254836E+00  2.28915415E+00  5.25250980E+00  6.65885335E-01  1.84802383E-03  1.74649547E+00 -7.61974698E+00 -7.61974698E+00  0.00000000E+00
     581  1.51286771E+00  2.29011301E+00  5.25683898E+00  6.65889909E-01  1.83803557E-03  1.74435261E+00 -7.61975273E+00 -7.61975273E+00  0.00000000E+00
     591  1.51266412E+00  2.28950381E+00  5.25410423E+00  6.65885989E-01  1.84727725E-03  1.73843928E+00 -7.61907060E+00 -7.61907060E+00  0.00000000E+00
     601  1.51302305E+00  2.29058694E+00  5.25904247E+00  6.65888164E-01  1.84334006E-03  1.73348329E+00 -7.62004548E+00 -7.62004548E+00  0.00000000E+00
     611  1.51289798E+00  2.29019104E+00  5.25707105E+00  6.65897928E-01  1.81949064E-03  1.72815237E+00 -7.61933067E+00 -7.61933067E+00  0.00000000E+00
     621  1.51365996E+00  2.29249966E+00  5.26768438E+00  6.65897343E-01  1.82281502E-03  1.73831192E+00 -7.62046490E+00 -7.62046490E+00  0.00000000E+00
     631  1.51425233E+00  2.29428519E+00  5.27580476E+00  6.65902939E-01  1.81172035E-03  1.72225452E+00 -7.62082433E+00 -7.62082433E+00  0.00000000E+00
     641  1.51454666E+00  2.29517316E+00  5.27985323E+00  6.65905226E-01  1.80693803E-03  1.71835764E+00 -7.62202913E+00 -7.62202913E+00  0.00000000E+00
     651  1.51381663E+00  2.29297577E+00  5.26988518E+00  6.65896544E-01  1.82529560E-03  1.71177915E+00 -7.62102869E+00 -7.62102869E+00  0.00000000E+00
     661  1.51354762E+00  2.29217863E+00  5.26638472E+00  6.65886205E-01  1.84887760E-03  1.73319873E+00 -7.62068238E+00 -7.62068238E+00  0.00000000E+00
     671  1.51400656E+00  2.29356444E+00  5.27271271E+00  6.65888856E-01  1.84386810E-03  1.73644160E+00 -7.62078774E+00 -7.62078774E+00  0.00000000E+00
     681  1.51351418E+00  2.29211159E+00  5.26637695E+00  6.65867152E-01  1.89561767E-03  1.73073639E+00 -7.62066543E+00 -7.62066543E+00  0.00000000E+00
     691  1.51336205E+00  2.29165727E+00  5.26434848E+00  6.65863404E-01  1.90403995E-03  1.74351730E+00 -7.61999189E+00 -7.61999189E+00  0.00000000E+00
     701  1.51326217E+00  2.29134766E+00  5.26286150E+00  6.65867508E-01  1.89404901E-03  1.73489182E+00 -7.62008988E+00 -7.62008988E+00  0.00000000E+00
     711  1.51336183E+00  2.29164701E+00  5.26421552E+00  6.65868853E-01  1.89092686E-03  1.74626683E+00 -7.61977151E+00 -7.61977151E+00  0.00000000E+00
     721  1.51328218E+00  2.29139108E+00  5.26290797E+00  6.65877220E-01  1.87057420E-03  1.75563900E+00 -7.61784688E+00 -7.61784688E+00  0.00000000E+00
     731  1.51354090E+00  2.29216132E+00  5.26632249E+00  6.65885106E-01  1.85300196E-03  1.75042624E+00 -7.61737403E+00 -7.61737403E+00  0.00000000E+00
     741  1.51353493E+00  2.29215197E+00  5.26635838E+00  6.65880104E-01  1.86494311E-03  1.75060960E+00 -7.61722988E+00 -7.61722988E+00  0.00000000E+00
     751  1.51357204E+00  2.29224532E+00  5.26661463E+00  6.65891060E-01  1.83897365E-03  1.73810863E+00 -7.61780325E+00 -7.61780325E+00  0.00000000E+00
     761  1.51352058E+00  2.29208325E+00  5.26581735E+00  6.65894396E-01  1.83036952E-03  1.72821967E+00 -7.61762106E+00 -7.61762106E+00  0.00000000E+00
     771  1.51401509E+00  2.29357765E+00  5.27265191E+00  6.65896558E-01  1.82662475E-03  1.73620240E+00 -7.61873864E+00 -7.61873864E+00  0.00000000E+00
     781  1.51417687E+00  2.29406159E+00  5.27481556E+00  6.65900460E-01  1.81844565E-03  1.73300858E+00 -7.61951770E+00 -7.61951770E+00  0.00000000E+00
     791  1.51467329E+00  2.29556689E+00  5.28174819E+00  6.65899955E-01  1.82082427E-03  1.74085119E+00 -7.62015792E+00 -7.62015792E+00  0.00000000E+00
