   #Iter             <M>           <M^2>           <M^4>      U_{Binder}            \chi        C_v(tot)             <E>       <E_{exc}>       <E_{lsf}>
       1  2.03625013E-01  5.14670822E-02  4.47525561E-03  4.36832614E-01  8.06031009E-03  5.61327248E-01 -3.08153337E+00 -3.08153337E+00  0.00000000E+00
      11  2.11301904E-01  5.13758489E-02  4.02235237E-03  4.92026756E-01  5.42032251E-03  9.13758517E-01 -2.99039376E+00 -2.99039376E+00  0.00000000E+00
      21  1.83513374E-01  3.97644748E-02  2.61428855E-03  4.48885594E-01  4.90463505E-03  1.08075965E+00 -2.96235627E+00 -2.96235627E+00  0.00000000E+00
      31  1.88693319E-01  4.24141008E-02  2.96743122E-03  4.50156773E-01  5.48605100E-03  9.58565795E-01 -2.97186361E+00 -2.97186361E+00  0.00000000E+00
      41  1.86738662E-01  4.09334715E-02  2.64121900E-03  4.74556526E-01  4.88435293E-03  1.02695785E+00 -2.94495794E+00 -2.94495794E+00  0.00000000E+00
      51  1.80841114E-01  3.79406895E-02  2.24561341E-03  4.80000050E-01  4.21966934E-03  9.14826535E-01 -2.94209847E+00 -2.94209847E+00  0.00000000E+00
      61  1.76455106E-01  3.63091694E-02  2.07908622E-03  4.74323434E-01  4.16776825E-03  8.45547358E-01 -2.94247558E+00 -2.94247558E+00  0.00000000E+00
      71  1.77335683E-01  3.70476337E-02  2.20375173E-03  4.64794628E-01  4.51174711E-03  9.20342492E-01 -2.95190172E+00 -2.95190172E+00  0.00000000E+00
      81  1.83193650E-01  3.93679215E-02  2.48167114E-03  4.66249860E-01  4.67959271E-03  9.90346705E-01 -2.96694711E+00 -2.96694711E+00  0.00000000E+00
      91  1.79286216E-01  3.81987465E-02  2.41733049E-03  4.47774381E-01  4.87875781E-03  1.09831063E+00 -2.95289766E+00 -2.95289766E+00  0.00000000E+00
     101  1.80405871E-01  3.86163370E-02  2.43845675E-03  4.54930789E-01  4.89073049E-03  1.05337711E+00 -2.94774302E+00 -2.94774302E+00  0.00000000E+00
     111  1.78779307E-01  3.76500800E-02  2.28731186E-03  4.62136194E-01  4.58293220E-03  1.09730918E+00 -2.94003019E+00 -2.94003019E+00  0.00000000E+00
     121  1.77904319E-01  3.74672952E-02  2.27886263E-03  4.58881716E-01  4.68711818E-03  1.05697548E+00 -2.93745915E+00 -2.93745915E+00  0.00000000E+00
     131  1.77704051E-01  3.74226241E-02  2.28212028E-03  4.56813708E-01  4.70850651E-03  1.03766766E+00 -2.93414396E+00 -2.93414396E+00  0.00000000E+00
     141  1.79787887E-01  3.82344085E-02  2.39007900E-03  4.55017886E-01  4.76235246E-03  9.85600225E-01 -2.92874052E+00 -2.92874052E+00  0.00000000E+00
     151  1.79950439E-01  3.80441816E-02  2.33500052E-03  4.62239084E-01  4.56196890E-03  9.83962530E-01 -2.93652881E+00 -2.93652881E+00  0.00000000E+00
     161  1.79728928E-01  3.80289503E-02  2.34666451E-03  4.59119810E-01  4.61389026E-03  9.54286436E-01 -2.93307244E+00 -2.93307244E+00  0.00000000E+00
     171  1.78202381E-01  3.74802899E-02  2.29612675E-03  4.55160331E-01  4.61206843E-03  9.23855399E-01 -2.93527050E+00 -2.93527050E+00  0.00000000E+00
     181  1.78326321E-01  3.76041084E-02  2.31299918E-03  4.54765120E-01  4.67622742E-03  9.20714345E-01 -2.93540040E+00 -2.93540040E+00  0.00000000E+00
     191  1.79182598E-01  3.78461870E-02  2.31921886E-03  4.60270425E-01  4.62462327E-03  9.29800473E-01 -2.93123716E+00 -2.93123716E+00  0.00000000E+00
     201  1.79558079E-01  3.79781081E-02  2.32329810E-03  4.63070790E-01  4.62238392E-03  9.68078357E-01 -2.93226660E+00 -2.93226660E+00  0.00000000E+00
     211  1.77435599E-01  3.72087346E-02  2.25001964E-03  4.58279524E-01  4.61298811E-03  9.54367828E-01 -2.93525977E+00 -2.93525977E+00  0.00000000E+00
     221  1.77290384E-01  3.70553371E-02  2.22653457E-03  4.59486369E-01  4.53089693E-03  9.68752905E-01 -2.94050718E+00 -2.94050718E+00  0.00000000E+00
     231  1.75889778E-01  3.65501233E-02  2.18850422E-03  4.53929845E-01  4.52239866E-03  9.80925616E-01 -2.93916871E+00 -2.93916871E+00  0.00000000E+00
     241  1.75907579E-01  3.65271431E-02  2.18340443E-03  4.54516625E-01  4.49883780E-03  9.73396160E-01 -2.93895471E+00 -2.93895471E+00  0.00000000E+00
     251  1.75995174E-01  3.64125173E-02  2.14978206E-03  4.59529777E-01  4.38164611E-03  9.68381034E-01 -2.93324615E+00 -2.93324615E+00  0.00000000E+00
     261  1.76478737E-01  3.66434107E-02  2.18342546E-03  4.57967491E-01  4.43035159E-03  9.71554905E-01 -2.93107866E+00 -2.93107866E+00  0.00000000E+00
     271  1.76999879E-01  3.68582840E-02  2.20654356E-03  4.58596542E-01  4.45505521E-03  9.47334447E-01 -2.93046047E+00 -2.93046047E+00  0.00000000E+00
     281  1.77266113E-01  3.69211931E-02  2.20544367E-03  4.60708888E-01  4.42974874E-03  9.56059442E-01 -2.92998977E+00 -2.92998977E+00  0.00000000E+00
     291  1.78718421E-01  3.74719044E-02  2.28197324E-03  4.58276392E-01  4.45691111E-03  9.58653201E-01 -2.93520365E+00 -2.93520365E+00  0.00000000E+00
     301  1.80284461E-01  3.80863437E-02  2.34428985E-03  4.61294402E-01  4.49899088E-03  9.52910620E-01 -2.93576189E+00 -2.93576189E+00  0.00000000E+00
     311  1.79444739E-01  3.77196729E-02  2.29387495E-03  4.62581455E-01  4.44694306E-03  9.42454327E-01 -2.93680590E+00 -2.93680590E+00  0.00000000E+00
     321  1.78930796E-01  3.75503665E-02  2.27276774E-03  4.62714103E-01  4.45893074E-03  9.29148664E-01 -2.93362253E+00 -2.93362253E+00  0.00000000E+00
     331  1.79538718E-01  3.77037082E-02  2.27938031E-03  4.65524987E-01  4.40689777E-03  9.16690292E-01 -2.93291469E+00 -2.93291469E+00  0.00000000E+00
     341  1.78918710E-01  3.74036423E-02  2.23842863E-03  4.66672219E-01  4.34419771E-03  9.09217244E-01 -2.93204833E+00 -2.93204833E+00  0.00000000E+00
     351  1.79574928E-01  3.78298465E-02  2.30846418E-03  4.62309049E-01  4.49805200E-03  9.14811852E-01 -2.93089223E+00 -2.93089223E+00  0.00000000E+00
     361  1.79556187E-01  3.78649867E-02  2.32116118E-03  4.60354665E-01  4.53178786E-03  9.15888378E-01 -2.93148773E+00 -2.93148773E+00  0.00000000E+00
     371  1.79496439E-01  3.78152883E-02  2.30883570E-03  4.61808367E-01  4.50903000E-03  9.04585494E-01 -2.93350640E+00 -2.93350640E+00  0.00000000E+00
     381  1.79166653E-01  3.76380258E-02  2.27649626E-03  4.64336548E-01  4.46150851E-03  8.87368542E-01 -2.93293608E+00 -2.93293608E+00  0.00000000E+00
     391  1.78533716E-01  3.74000476E-02  2.24981167E-03  4.63857050E-01  4.45218127E-03  8.96787625E-01 -2.93203765E+00 -2.93203765E+00  0.00000000E+00
     401  1.79077426E-01  3.76113459E-02  2.26670154E-03  4.65884311E-01  4.46576690E-03  8.91385071E-01 -2.93144741E+00 -2.93144741E+00  0.00000000E+00
     411  1.79841334E-01  3.79139080E-02  2.29693137E-03  4.67365050E-01  4.48863388E-03  8.91791741E-01 -2.93047483E+00 -2.93047483E+00  0.00000000E+00
     421  1.80791083E-01  3.82510949E-02  2.33866165E-03  4.67207139E-01  4.48434478E-03  8.91177067E-01 -2.93331453E+00 -2.93331453E+00  0.00000000E+00
     431  1.80772317E-01  3.81882633E-02  2.32520071E-03  4.68529239E-01  4.43918741E-03  8.86171710E-01 -2.93388087E+00 -2.93388087E+00  0.00000000E+00
     441  1.81595067E-01  3.85429267E-02  2.37244144E-03  4.67665188E-01  4.48473101E-03  9.03254190E-01 -2.93419309E+00 -2.93419309E+00  0.00000000E+00
     451  1.81366856E-01  3.84771348E-02  2.36976898E-03  4.66444861E-01  4.49846021E-03  8.97028039E-01 -2.93523534E+00 -2.93523534E+00  0.00000000E+00
     461  1.81711654E-01  3.86646080E-02  2.41459224E-03  4.61612060E-01  4.54864373E-03  8.86141698E-01 -2.93544485E+00 -2.93544485E+00  0.00000000E+00
     471  1.82286066E-01  3.88494728E-02  2.42555421E-03  4.64302682E-01  4.52912927E-03  8.81362703E-01 -2.93431300E+00 -2.93431300E+00  0.00000000E+00
     481  1.82857980E-01  3.91055777E-02  2.45730289E-03  4.64376006E-01  4.56721874E-03  8.93444827E-01 -2.93422752E+00 -2.93422752E+00  0.00000000E+00
     491  1.82985171E-01  3.91934444E-02  2.47375289E-03  4.63205328E-01  4.60052265E-03  8.88141098E-01 -2.93618516E+00 -2.93618516E+00  0.00000000E+00
     501  1.83117666E-01  3.91940440E-02  2.46263981E-03  4.65633174E-01  4.56192307E-03  8.90257715E-01 -2.93424934E+00 -2.93424934E+00  0.00000000E+00
     511  1.82737201E-01  3.90115138E-02  2.43486281E-03  4.66704849E-01  4.52700746E-03  8.81236937E-01 -2.93113289E+00 -2.93113289E+00  0.00000000E+00
     521  1.83063833E-01  3.91278222E-02  2.44216384E-03  4.68280987E-01  4.52445021E-03  8.78792465E-01 -2.93066145E+00 -2.93066145E+00  0.00000000E+00
     531  1.83093250E-01  3.91147120E-02  2.43713313E-03  4.69020536E-01  4.50520828E-03  8.67429386E-01 -2.93066843E+00 -2.93066843E+00  0.00000000E+00
     541  1.82302116E-01  3.87734710E-02  2.39681433E-03  4.68572802E-01  4.46317906E-03  8.61072423E-01 -2.93162762E+00 -2.93162762E+00  0.00000000E+00
     551  1.83104192E-01  3.90832497E-02  2.43022476E-03  4.69672862E-01  4.47663037E-03  8.61327290E-01 -2.93104142E+00 -2.93104142E+00  0.00000000E+00
     561  1.83006550E-01  3.90034601E-02  2.41345768E-03  4.71174776E-01  4.44114529E-03  8.57516643E-01 -2.93076534E+00 -2.93076534E+00  0.00000000E+00
     571  1.82670704E-01  3.89180393E-02  2.40514372E-03  4.70680525E-01  4.47127133E-03  8.66613929E-01 -2.93154538E+00 -2.93154538E+00  0.00000000E+00
     581  1.82768732E-01  3.89575567E-02  2.41012771E-03  4.70659190E-01  4.47424779E-03  8.66939228E-01 -2.93094821E+00 -2.93094821E+00  0.00000000E+00
     591  1.82636872E-01  3.89116334E-02  2.40431680E-03  4.70688277E-01  4.47606779E-03  8.62889101E-01 -2.93165319E+00 -2.93165319E+00  0.00000000E+00
     601  1.83047675E-01  3.90166042E-02  2.40571162E-03  4.73227161E-01  4.43960657E-03  8.65628378E-01 -2.93089406E+00 -2.93089406E+00  0.00000000E+00
     611  1.82947039E-01  3.89610463E-02  2.39325424E-03  4.74459295E-01  4.42451893E-03  8.71286961E-01 -2.93152786E+00 -2.93152786E+00  0.00000000E+00
     621  1.82535040E-01  3.88532154E-02  2.38727896E-03  4.72857558E-01  4.45896110E-03  8.67977057E-01 -2.93229755E+00 -2.93229755E+00  0.00000000E+00
     631  1.82418611E-01  3.87440758E-02  2.36582162E-03  4.74648315E-01  4.40526146E-03  8.74856824E-01 -2.93126805E+00 -2.93126805E+00  0.00000000E+00
     641  1.82179269E-01  3.86659203E-02  2.36683593E-03  4.72296230E-01  4.41259996E-03  8.73899309E-01 -2.93227093E+00 -2.93227093E+00  0.00000000E+00
     651  1.81810622E-01  3.85270482E-02  2.35303502E-03  4.71584358E-01  4.40882272E-03  8.64236949E-01 -2.93274525E+00 -2.93274525E+00  0.00000000E+00
     661  1.81248690E-01  3.83520351E-02  2.33829359E-03  4.70091415E-01  4.43218963E-03  8.65404178E-01 -2.93291398E+00 -2.93291398E+00  0.00000000E+00
     671  1.81951572E-01  3.86686543E-02  2.39157129E-03  4.66856695E-01  4.48160577E-03  8.64343371E-01 -2.93424965E+00 -2.93424965E+00  0.00000000E+00
     681  1.81981546E-01  3.86573311E-02  2.38933967E-03  4.67042100E-01  4.46369353E-03  8.58256384E-01 -2.93415484E+00 -2.93415484E+00  0.00000000E+00
     691  1.81664045E-01  3.85908524E-02  2.38599527E-03  4.65952877E-01  4.50315649E-03  8.54685129E-01 -2.93421235E+00 -2.93421235E+00  0.00000000E+00
     701  1.81656959E-01  3.85542697E-02  2.37458861E-03  4.67496872E-01  4.47575573E-03  8.53887860E-01 -2.93446259E+00 -2.93446259E+00  0.00000000E+00
     711  1.82407684E-01  3.89146097E-02  2.42406183E-03  4.66423023E-01  4.54587511E-03  8.57269950E-01 -2.93358866E+00 -2.93358866E+00  0.00000000E+00
     721  1.82535479E-01  3.89446921E-02  2.42279545E-03  4.67525339E-01  4.53253592E-03  8.61411540E-01 -2.93224861E+00 -2.93224861E+00  0.00000000E+00
     731  1.82714166E-01  3.90717009E-02  2.44927004E-03  4.65200763E-01  4.58228373E-03  8.74758707E-01 -2.93306603E+00 -2.93306603E+00  0.00000000E+00
     741  1.82525298E-01  3.89471940E-02  2.42797976E-03  4.66454501E-01  4.53754625E-03  8.77857961E-01 -2.93340889E+00 -2.93340889E+00  0.00000000E+00
     751  1.82861519E-01  3.90580060E-02  2.43476957E-03  4.67994068E-01  4.52784680E-03  8.81733814E-01 -2.93329898E+00 -2.93329898E+00  0.00000000E+00
     761  1.82667236E-01  3.89836652E-02  2.42706981E-03  4.67651938E-01  4.52516774E-03  8.96362044E-01 -2.93089065E+00 -2.93089065E+00  0.00000000E+00
     771  1.82959407E-01  3.90989637E-02  2.43897517E-03  4.68191064E-01  4.53199471E-03  8.97162757E-01 -2.93096002E+00 -2.93096002E+00  0.00000000E+00
     781  1.83100392E-01  3.91494642E-02  2.44741917E-03  4.67725749E-01  4.53110152E-03  8.95652528E-01 -2.93170817E+00 -2.93170817E+00  0.00000000E+00
     791  1.83393311E-01  3.92902550E-02  2.47118964E-03  4.66400855E-01  4.55804294E-03  8.88019150E-01 -2.93158002E+00 -2.93158002E+00  0.00000000E+00
