   #Iter             <M>           <M^2>           <M^4>      U_{Binder}            \chi        C_v(tot)             <E>       <E_{exc}>       <E_{lsf}>
       1  2.58806856E-01  7.98496114E-02  1.29288164E-02  3.24085286E-01  1.16126386E-02  6.31195853E-01 -3.66918868E+00 -3.66918868E+00  0.00000000E+00
      11  2.73927017E-01  8.86398502E-02  1.31906577E-02  4.40387807E-01  1.22760982E-02  1.59802685E+00 -3.65908589E+00 -3.65908589E+00  0.00000000E+00
      21  3.17888154E-01  1.18657151E-01  2.39291923E-02  4.33475163E-01  1.58860866E-02  1.83901017E+00 -3.64390253E+00 -3.64390253E+00  0.00000000E+00
      31  3.17298977E-01  1.17364399E-01  2.19655217E-02  4.68445853E-01  1.50572201E-02  2.05759998E+00 -3.63932227E+00 -3.63932227E+00  0.00000000E+00
      41  3.26771841E-01  1.23186565E-01  2.34660752E-02  4.84542916E-01  1.48054246E-02  1.78834132E+00 -3.65267529E+00 -3.65267529E+00  0.00000000E+00
      51  3.14733248E-01  1.14905657E-01  2.06028633E-02  4.79856108E-01  1.43018053E-02  1.71450975E+00 -3.65419138E+00 -3.65419138E+00  0.00000000E+00
      61  3.15868169E-01  1.16264306E-01  2.10966269E-02  4.79765729E-01  1.48820173E-02  1.66138398E+00 -3.66152457E+00 -3.66152457E+00  0.00000000E+00
      71  3.07564057E-01  1.11161046E-01  1.95714133E-02  4.72046490E-01  1.49486066E-02  1.68366054E+00 -3.65474971E+00 -3.65474971E+00  0.00000000E+00
      81  3.23304997E-01  1.22500418E-01  2.34596948E-02  4.78894133E-01  1.62199970E-02  1.93529906E+00 -3.67400371E+00 -3.67400371E+00  0.00000000E+00
      91  3.23937578E-01  1.22927739E-01  2.35705827E-02  4.80064735E-01  1.62361385E-02  1.79144442E+00 -3.66705923E+00 -3.66705923E+00  0.00000000E+00
     101  3.31577894E-01  1.27525276E-01  2.49604035E-02  4.88391439E-01  1.58654250E-02  1.81281198E+00 -3.67014985E+00 -3.67014985E+00  0.00000000E+00
     111  3.27362212E-01  1.24046983E-01  2.35173264E-02  4.90558546E-01  1.52333744E-02  1.77919914E+00 -3.66987176E+00 -3.66987176E+00  0.00000000E+00
     121  3.23612655E-01  1.20992560E-01  2.23825024E-02  4.90352316E-01  1.46797024E-02  1.65792656E+00 -3.66514017E+00 -3.66514017E+00  0.00000000E+00
     131  3.25154304E-01  1.21351075E-01  2.21966145E-02  4.97566917E-01  1.41006726E-02  1.63070989E+00 -3.66953995E+00 -3.66953995E+00  0.00000000E+00
     141  3.24253890E-01  1.20161288E-01  2.16187147E-02  5.00909316E-01  1.35546749E-02  1.58836545E+00 -3.67470571E+00 -3.67470571E+00  0.00000000E+00
     151  3.24555351E-01  1.20358071E-01  2.18023422E-02  4.98314601E-01  1.35557509E-02  1.55664558E+00 -3.67377065E+00 -3.67377065E+00  0.00000000E+00
     161  3.23503575E-01  1.19542385E-01  2.13925080E-02  5.01004513E-01  1.34347631E-02  1.57355563E+00 -3.67497834E+00 -3.67497834E+00  0.00000000E+00
     171  3.24718802E-01  1.21058503E-01  2.22291039E-02  4.94396461E-01  1.40920531E-02  1.64128869E+00 -3.67114067E+00 -3.67114067E+00  0.00000000E+00
     181  3.24910714E-01  1.21259456E-01  2.22815132E-02  4.94882758E-01  1.41608899E-02  1.62682164E+00 -3.67155418E+00 -3.67155418E+00  0.00000000E+00
     191  3.25983869E-01  1.22393031E-01  2.28706594E-02  4.91086408E-01  1.45534919E-02  1.63756643E+00 -3.67900150E+00 -3.67900150E+00  0.00000000E+00
     201  3.27617153E-01  1.23313863E-01  2.30484726E-02  4.94760741E-01  1.44211238E-02  1.62518889E+00 -3.68037952E+00 -3.68037952E+00  0.00000000E+00
     211  3.28067337E-01  1.23402044E-01  2.30003125E-02  4.96536752E-01  1.42343295E-02  1.63525915E+00 -3.67990793E+00 -3.67990793E+00  0.00000000E+00
     221  3.27674398E-01  1.23288372E-01  2.29531092E-02  4.96643096E-01  1.43642702E-02  1.64680026E+00 -3.67812221E+00 -3.67812221E+00  0.00000000E+00
     231  3.30240627E-01  1.25109306E-01  2.36355870E-02  4.96654825E-01  1.44839038E-02  1.67200385E+00 -3.67828482E+00 -3.67828482E+00  0.00000000E+00
     241  3.33726097E-01  1.27591492E-01  2.44191998E-02  5.00003758E-01  1.46354623E-02  1.63089951E+00 -3.67763922E+00 -3.67763922E+00  0.00000000E+00
     251  3.31726474E-01  1.26360375E-01  2.40878944E-02  4.97129948E-01  1.47252845E-02  1.64763920E+00 -3.67470672E+00 -3.67470672E+00  0.00000000E+00
     261  3.27271235E-01  1.23616115E-01  2.33705571E-02  4.90202583E-01  1.48983033E-02  1.61838383E+00 -3.67469288E+00 -3.67469288E+00  0.00000000E+00
     271  3.24866715E-01  1.22328509E-01  2.31165357E-02  4.85072444E-01  1.51514018E-02  1.62879741E+00 -3.67418888E+00 -3.67418888E+00  0.00000000E+00
     281  3.26961826E-01  1.23811193E-01  2.36990633E-02  4.84664441E-01  1.52570103E-02  1.67109426E+00 -3.67486495E+00 -3.67486495E+00  0.00000000E+00
     291  3.29889304E-01  1.25744216E-01  2.42267850E-02  4.89261620E-01  1.52661304E-02  1.68340016E+00 -3.67815794E+00 -3.67815794E+00  0.00000000E+00
     301  3.27134472E-01  1.24050813E-01  2.40232598E-02  4.79630957E-01  1.53713386E-02  1.66596873E+00 -3.67847998E+00 -3.67847998E+00  0.00000000E+00
     311  3.25998265E-01  1.23585530E-01  2.40215135E-02  4.75743451E-01  1.56211321E-02  1.64194069E+00 -3.67611682E+00 -3.67611682E+00  0.00000000E+00
     321  3.24016023E-01  1.22327018E-01  2.36910454E-02  4.72262209E-01  1.56481798E-02  1.63028674E+00 -3.67631185E+00 -3.67631185E+00  0.00000000E+00
     331  3.20195822E-01  1.19894277E-01  2.30155741E-02  4.66292080E-01  1.56736986E-02  1.61608527E+00 -3.67295993E+00 -3.67295993E+00  0.00000000E+00
     341  3.20882977E-01  1.20271180E-01  2.30431174E-02  4.68997168E-01  1.56162894E-02  1.59970501E+00 -3.67326155E+00 -3.67326155E+00  0.00000000E+00
     351  3.17922822E-01  1.18251968E-01  2.23976341E-02  4.66094821E-01  1.55005595E-02  1.59024143E+00 -3.67224747E+00 -3.67224747E+00  0.00000000E+00
     361  3.16149600E-01  1.16856165E-01  2.18800174E-02  4.65899294E-01  1.52556009E-02  1.58220380E+00 -3.67223361E+00 -3.67223361E+00  0.00000000E+00
     371  3.17342546E-01  1.17675498E-01  2.21561272E-02  4.66664488E-01  1.53130039E-02  1.55623708E+00 -3.66940451E+00 -3.66940451E+00  0.00000000E+00
     381  3.18579256E-01  1.18388397E-01  2.22556938E-02  4.70700354E-01  1.52466305E-02  1.59118368E+00 -3.67183100E+00 -3.67183100E+00  0.00000000E+00
     391  3.17808737E-01  1.17830506E-01  2.20988740E-02  4.69441345E-01  1.51856808E-02  1.61387900E+00 -3.67340380E+00 -3.67340380E+00  0.00000000E+00
     401  3.17818044E-01  1.17693992E-01  2.19684491E-02  4.71348389E-01  1.50571517E-02  1.61595982E+00 -3.67485925E+00 -3.67485925E+00  0.00000000E+00
     411  3.17444953E-01  1.17214508E-01  2.17218067E-02  4.72998373E-01  1.48383439E-02  1.64480749E+00 -3.67443669E+00 -3.67443669E+00  0.00000000E+00
     421  3.18407131E-01  1.17982573E-01  2.20078219E-02  4.72988513E-01  1.49793551E-02  1.64893724E+00 -3.67542211E+00 -3.67542211E+00  0.00000000E+00
     431  3.19887930E-01  1.19001829E-01  2.23078820E-02  4.74914763E-01  1.50461957E-02  1.65536828E+00 -3.67585078E+00 -3.67585078E+00  0.00000000E+00
     441  3.19229710E-01  1.18453603E-01  2.20697667E-02  4.75699905E-01  1.49310980E-02  1.67016757E+00 -3.67219109E+00 -3.67219109E+00  0.00000000E+00
     451  3.20024838E-01  1.19194701E-01  2.24693046E-02  4.72825395E-01  1.51411843E-02  1.65134829E+00 -3.67284949E+00 -3.67284949E+00  0.00000000E+00
     461  3.19380158E-01  1.18562682E-01  2.21574348E-02  4.74585324E-01  1.49428301E-02  1.64030324E+00 -3.67293739E+00 -3.67293739E+00  0.00000000E+00
     471  3.18629153E-01  1.17932156E-01  2.18932999E-02  4.75282569E-01  1.48062277E-02  1.64752066E+00 -3.67165085E+00 -3.67165085E+00  0.00000000E+00
     481  3.18681324E-01  1.17906035E-01  2.18590092E-02  4.75872260E-01  1.47526521E-02  1.66375707E+00 -3.66922501E+00 -3.66922501E+00  0.00000000E+00
     491  3.16135514E-01  1.16264410E-01  2.13687069E-02  4.73057284E-01  1.47296387E-02  1.64388161E+00 -3.66873098E+00 -3.66873098E+00  0.00000000E+00
     501  3.14078682E-01  1.14872132E-01  2.09297044E-02  4.71296151E-01  1.46429790E-02  1.65527309E+00 -3.66620161E+00 -3.66620161E+00  0.00000000E+00
     511  3.13534363E-01  1.14575886E-01  2.08196129E-02  4.71354000E-01  1.46839252E-02  1.63532263E+00 -3.66559750E+00 -3.66559750E+00  0.00000000E+00
     521  3.17365814E-01  1.17523756E-01  2.19909895E-02  4.69271765E-01  1.51627443E-02  1.64162648E+00 -3.66777057E+00 -3.66777057E+00  0.00000000E+00
     531  3.18095194E-01  1.18070485E-01  2.21189368E-02  4.71116156E-01  1.52378569E-02  1.63879157E+00 -3.66933810E+00 -3.66933810E+00  0.00000000E+00
     541  3.17102298E-01  1.17334886E-01  2.18562173E-02  4.70824861E-01  1.51431832E-02  1.64363463E+00 -3.66765393E+00 -3.66765393E+00  0.00000000E+00
     551  3.16762095E-01  1.17026565E-01  2.17038237E-02  4.71742005E-01  1.50595506E-02  1.63879409E+00 -3.66544329E+00 -3.66544329E+00  0.00000000E+00
     561  3.16587608E-01  1.16740856E-01  2.15302771E-02  4.73397863E-01  1.49014520E-02  1.63292313E+00 -3.66534234E+00 -3.66534234E+00  0.00000000E+00
     571  3.16054561E-01  1.16346911E-01  2.13610504E-02  4.73992863E-01  1.48502702E-02  1.62881317E+00 -3.66524964E+00 -3.66524964E+00  0.00000000E+00
     581  3.14248920E-01  1.15217557E-01  2.10156271E-02  4.72304035E-01  1.48581643E-02  1.62917309E+00 -3.66335015E+00 -3.66335015E+00  0.00000000E+00
     591  3.12412589E-01  1.14137415E-01  2.07724333E-02  4.68491696E-01  1.49218878E-02  1.61554862E+00 -3.66201381E+00 -3.66201381E+00  0.00000000E+00
     601  3.12172099E-01  1.13886606E-01  2.06526616E-02  4.69226207E-01  1.48311044E-02  1.61791224E+00 -3.66311656E+00 -3.66311656E+00  0.00000000E+00
     611  3.11761102E-01  1.13676843E-01  2.06235307E-02  4.68017001E-01  1.48732209E-02  1.60569658E+00 -3.66172162E+00 -3.66172162E+00  0.00000000E+00
     621  3.12396555E-01  1.13984011E-01  2.06426092E-02  4.70390872E-01  1.47924972E-02  1.60928202E+00 -3.66234816E+00 -3.66234816E+00  0.00000000E+00
     631  3.12618030E-01  1.13991132E-01  2.05813205E-02  4.72029271E-01  1.46740083E-02  1.59846946E+00 -3.66231755E+00 -3.66231755E+00  0.00000000E+00
     641  3.11760658E-01  1.13547569E-01  2.05047743E-02  4.69875277E-01  1.47568137E-02  1.60122964E+00 -3.66034462E+00 -3.66034462E+00  0.00000000E+00
     651  3.10828786E-01  1.12912154E-01  2.03096520E-02  4.68993491E-01  1.47069639E-02  1.60718319E+00 -3.66040655E+00 -3.66040655E+00  0.00000000E+00
     661  3.11529028E-01  1.13189674E-01  2.02818524E-02  4.72317437E-01  1.45641315E-02  1.60618774E+00 -3.66073788E+00 -3.66073788E+00  0.00000000E+00
     671  3.12190723E-01  1.13582277E-01  2.03706496E-02  4.73664717E-01  1.45459848E-02  1.59655655E+00 -3.66055302E+00 -3.66055302E+00  0.00000000E+00
     681  3.13604554E-01  1.14584959E-01  2.06907660E-02  4.74708841E-01  1.46523891E-02  1.59657833E+00 -3.66215451E+00 -3.66215451E+00  0.00000000E+00
     691  3.14542434E-01  1.15294874E-01  2.09696659E-02  4.74164073E-01  1.47613895E-02  1.59015341E+00 -3.66145990E+00 -3.66145990E+00  0.00000000E+00
     701  3.14552791E-01  1.15357226E-01  2.10170377E-02  4.73545749E-01  1.48117761E-02  1.60600620E+00 -3.66179312E+00 -3.66179312E+00  0.00000000E+00
     711  3.14780198E-01  1.15613028E-01  2.11269471E-02  4.73131858E-01  1.49134648E-02  1.60633484E+00 -3.66380016E+00 -3.66380016E+00  0.00000000E+00
     721  3.15467238E-01  1.16109000E-01  2.13144315E-02  4.72987728E-01  1.49702862E-02  1.61150607E+00 -3.66433450E+00 -3.66433450E+00  0.00000000E+00
     731  3.15402721E-01  1.16075986E-01  2.12952315E-02  4.73162901E-01  1.49772233E-02  1.60372317E+00 -3.66545826E+00 -3.66545826E+00  0.00000000E+00
     741  3.16445604E-01  1.16667426E-01  2.14406642E-02  4.74929341E-01  1.49163075E-02  1.61750342E+00 -3.66677780E+00 -3.66677780E+00  0.00000000E+00
     751  3.15528698E-01  1.15978647E-01  2.11987114E-02  4.74670088E-01  1.48176599E-02  1.61456760E+00 -3.66553303E+00 -3.66553303E+00  0.00000000E+00
     761  3.15253177E-01  1.15627151E-01  2.10162836E-02  4.76019631E-01  1.46573011E-02  1.61670307E+00 -3.66513014E+00 -3.66513014E+00  0.00000000E+00
     771  3.15220682E-01  1.15660582E-01  2.10466965E-02  4.75564675E-01  1.47059568E-02  1.63215923E+00 -3.66529570E+00 -3.66529570E+00  0.00000000E+00
     781  3.15835874E-01  1.16131183E-01  2.11982378E-02  4.76060908E-01  1.47802968E-02  1.62796086E+00 -3.66626683E+00 -3.66626683E+00  0.00000000E+00
     791  3.16255327E-01  1.16346828E-01  2.12127688E-02  4.77643491E-01  1.47356390E-02  1.63221064E+00 -3.66634158E+00 -3.66634158E+00  0.00000000E+00
