   #Iter             <M>           <M^2>           <M^4>      U_{Binder}            \chi        C_v(tot)             <E>       <E_{exc}>       <E_{lsf}>
       1  1.35018974E+00  1.82474497E+00  3.34197699E+00  6.65437047E-01  2.11288236E-03  2.75820980E+00 -6.85170961E+00 -6.85170961E+00  0.00000000E+00
      11  1.37669231E+00  1.89752455E+00  3.61729654E+00  6.65120895E-01  2.73505053E-03  1.41910828E+00 -6.84482441E+00 -6.84482441E+00  0.00000000E+00
      21  1.36555721E+00  1.86618232E+00  3.49329260E+00  6.65646735E-01  1.75094363E-03  1.69509403E+00 -6.81850495E+00 -6.81850495E+00  0.00000000E+00
      31  1.37158423E+00  1.88298093E+00  3.55867639E+00  6.65438934E-01  2.11895854E-03  2.27411713E+00 -6.84714512E+00 -6.84714512E+00  0.00000000E+00
      41  1.36695880E+00  1.87073585E+00  3.51558580E+00  6.65149069E-01  2.63339337E-03  2.17337731E+00 -6.82580738E+00 -6.82580738E+00  0.00000000E+00
      51  1.36685914E+00  1.87022414E+00  3.51195909E+00  6.65311435E-01  2.34165630E-03  1.96381903E+00 -6.84061710E+00 -6.84061710E+00  0.00000000E+00
      61  1.36329374E+00  1.86064001E+00  3.47709026E+00  6.65211911E-01  2.52451630E-03  1.95307308E+00 -6.84538817E+00 -6.84538817E+00  0.00000000E+00
      71  1.36496540E+00  1.86508917E+00  3.49295772E+00  6.65286772E-01  2.38844986E-03  1.97556418E+00 -6.84826308E+00 -6.84826308E+00  0.00000000E+00
      81  1.36946814E+00  1.87748677E+00  3.54007716E+00  6.65236805E-01  2.49230679E-03  2.11430304E+00 -6.85316430E+00 -6.85316430E+00  0.00000000E+00
      91  1.37146949E+00  1.88282793E+00  3.55911488E+00  6.65343328E-01  2.31619119E-03  2.18007084E+00 -6.86471400E+00 -6.86471400E+00  0.00000000E+00
     101  1.37053880E+00  1.88030844E+00  3.54993261E+00  6.65311597E-01  2.35578689E-03  2.13302620E+00 -6.86546176E+00 -6.86546176E+00  0.00000000E+00
     111  1.36946077E+00  1.87749503E+00  3.54031379E+00  6.65217375E-01  2.52699374E-03  2.21616738E+00 -6.85670717E+00 -6.85670717E+00  0.00000000E+00
     121  1.37291048E+00  1.88698305E+00  3.57634917E+00  6.65202149E-01  2.56067923E-03  2.16333746E+00 -6.85789918E+00 -6.85789918E+00  0.00000000E+00
     131  1.37472985E+00  1.89193119E+00  3.59472855E+00  6.65239526E-01  2.49870605E-03  2.16207490E+00 -6.86481192E+00 -6.86481192E+00  0.00000000E+00
     141  1.37193659E+00  1.88428912E+00  3.56601543E+00  6.65214315E-01  2.53539849E-03  2.12708764E+00 -6.85980812E+00 -6.85980812E+00  0.00000000E+00
     151  1.37200850E+00  1.88446163E+00  3.56649278E+00  6.65230800E-01  2.50515377E-03  2.04438472E+00 -6.85828031E+00 -6.85828031E+00  0.00000000E+00
     161  1.37376384E+00  1.88924938E+00  3.58435244E+00  6.65257484E-01  2.46611197E-03  1.96601155E+00 -6.86494309E+00 -6.86494309E+00  0.00000000E+00
     171  1.37334812E+00  1.88818426E+00  3.58089182E+00  6.65203277E-01  2.55990810E-03  1.90251771E+00 -6.86276976E+00 -6.86276976E+00  0.00000000E+00
     181  1.37254590E+00  1.88599012E+00  3.57267457E+00  6.65193887E-01  2.57045299E-03  1.89493305E+00 -6.85839035E+00 -6.85839035E+00  0.00000000E+00
     191  1.37111627E+00  1.88203615E+00  3.55751150E+00  6.65212577E-01  2.53200355E-03  1.84390501E+00 -6.85535106E+00 -6.85535106E+00  0.00000000E+00
     201  1.37067923E+00  1.88088724E+00  3.55354017E+00  6.65177641E-01  2.59219294E-03  1.89048596E+00 -6.85730492E+00 -6.85730492E+00  0.00000000E+00
     211  1.36939127E+00  1.87732663E+00  3.53989368E+00  6.65197047E-01  2.55376803E-03  1.91804195E+00 -6.85471710E+00 -6.85471710E+00  0.00000000E+00
     221  1.36960393E+00  1.87788670E+00  3.54183945E+00  6.65212801E-01  2.52643329E-03  1.93278856E+00 -6.85225240E+00 -6.85225240E+00  0.00000000E+00
     231  1.36991374E+00  1.87870603E+00  3.54471004E+00  6.65233647E-01  2.49058913E-03  1.89092030E+00 -6.85344105E+00 -6.85344105E+00  0.00000000E+00
     241  1.37134075E+00  1.88259703E+00  3.55922306E+00  6.65251058E-01  2.46524474E-03  1.88208842E+00 -6.85386082E+00 -6.85386082E+00  0.00000000E+00
     251  1.37324146E+00  1.88784464E+00  3.57928995E+00  6.65232626E-01  2.50297270E-03  2.02149473E+00 -6.85795463E+00 -6.85795463E+00  0.00000000E+00
     261  1.37276391E+00  1.88647799E+00  3.57371213E+00  6.65269856E-01  2.43554893E-03  1.98402990E+00 -6.85760979E+00 -6.85760979E+00  0.00000000E+00
     271  1.37213622E+00  1.88473372E+00  3.56696964E+00  6.65282701E-01  2.40955379E-03  1.96279920E+00 -6.85611367E+00 -6.85611367E+00  0.00000000E+00
     281  1.37219137E+00  1.88490208E+00  3.56773293E+00  6.65270880E-01  2.43028487E-03  1.98152015E+00 -6.85686663E+00 -6.85686663E+00  0.00000000E+00
     291  1.37099109E+00  1.88166168E+00  3.55587587E+00  6.65233295E-01  2.49393486E-03  1.95766356E+00 -6.85411081E+00 -6.85411081E+00  0.00000000E+00
     301  1.37001631E+00  1.87902822E+00  3.54621988E+00  6.65205899E-01  2.54079648E-03  2.01508013E+00 -6.85188105E+00 -6.85188105E+00  0.00000000E+00
     311  1.36842195E+00  1.87468289E+00  3.53003533E+00  6.65187113E-01  2.56606911E-03  1.98070299E+00 -6.85155036E+00 -6.85155036E+00  0.00000000E+00
     321  1.36907263E+00  1.87648096E+00  3.53693934E+00  6.65174879E-01  2.58657467E-03  1.97980411E+00 -6.85032209E+00 -6.85032209E+00  0.00000000E+00
     331  1.36907965E+00  1.87647845E+00  3.53676832E+00  6.65190173E-01  2.56007358E-03  1.94064314E+00 -6.84944968E+00 -6.84944968E+00  0.00000000E+00
     341  1.36885870E+00  1.87584011E+00  3.53411563E+00  6.65213556E-01  2.51937379E-03  1.91263639E+00 -6.84922214E+00 -6.84922214E+00  0.00000000E+00
     351  1.36847229E+00  1.87479248E+00  3.53025564E+00  6.65205360E-01  2.53169531E-03  1.96603558E+00 -6.84969377E+00 -6.84969377E+00  0.00000000E+00
     361  1.36892580E+00  1.87601294E+00  3.53468036E+00  6.65221752E-01  2.50611542E-03  1.95137572E+00 -6.84999474E+00 -6.84999474E+00  0.00000000E+00
     371  1.36871493E+00  1.87540934E+00  3.53222052E+00  6.65239346E-01  2.47401479E-03  1.92854947E+00 -6.85027753E+00 -6.85027753E+00  0.00000000E+00
     381  1.36815312E+00  1.87389408E+00  3.52670447E+00  6.65221365E-01  2.50127090E-03  1.92071026E+00 -6.84730595E+00 -6.84730595E+00  0.00000000E+00
     391  1.36678088E+00  1.87017775E+00  3.51302277E+00  6.65193455E-01  2.54595560E-03  1.93088885E+00 -6.84538526E+00 -6.84538526E+00  0.00000000E+00
     401  1.36673294E+00  1.87007923E+00  3.51290210E+00  6.65169678E-01  2.58560162E-03  1.92869937E+00 -6.84556651E+00 -6.84556651E+00  0.00000000E+00
     411  1.36680519E+00  1.87024195E+00  3.51326571E+00  6.65193289E-01  2.54321060E-03  1.93901309E+00 -6.84261083E+00 -6.84261083E+00  0.00000000E+00
     421  1.36741180E+00  1.87192932E+00  3.51981176E+00  6.65173912E-01  2.57829859E-03  1.95634889E+00 -6.84505424E+00 -6.84505424E+00  0.00000000E+00
     431  1.36715099E+00  1.87123814E+00  3.51738221E+00  6.65157799E-01  2.60513527E-03  2.02468369E+00 -6.84393445E+00 -6.84393445E+00  0.00000000E+00
     441  1.36757425E+00  1.87236663E+00  3.52139867E+00  6.65179412E-01  2.56978274E-03  1.99640630E+00 -6.84385034E+00 -6.84385034E+00  0.00000000E+00
     451  1.36828306E+00  1.87428180E+00  3.52840818E+00  6.65198195E-01  2.54044315E-03  1.96866228E+00 -6.84394843E+00 -6.84394843E+00  0.00000000E+00
     461  1.36719915E+00  1.87134840E+00  3.51762530E+00  6.65174117E-01  2.57901572E-03  1.97860107E+00 -6.84132053E+00 -6.84132053E+00  0.00000000E+00
     471  1.36737928E+00  1.87183447E+00  3.51940748E+00  6.65178439E-01  2.57105974E-03  1.97988669E+00 -6.84191254E+00 -6.84191254E+00  0.00000000E+00
     481  1.36672649E+00  1.87010746E+00  3.51332088E+00  6.65139872E-01  2.64155762E-03  2.04279711E+00 -6.84103015E+00 -6.84103015E+00  0.00000000E+00
     491  1.36717188E+00  1.87130128E+00  3.51761756E+00  6.65157994E-01  2.61248169E-03  2.04384327E+00 -6.84227244E+00 -6.84227244E+00  0.00000000E+00
     501  1.36743658E+00  1.87201427E+00  3.52021900E+00  6.65165563E-01  2.59925361E-03  2.05260079E+00 -6.84337791E+00 -6.84337791E+00  0.00000000E+00
     511  1.36783961E+00  1.87312498E+00  3.52444419E+00  6.65161127E-01  2.60939022E-03  2.06777567E+00 -6.84433345E+00 -6.84433345E+00  0.00000000E+00
     521  1.36743692E+00  1.87203644E+00  3.52044688E+00  6.65151818E-01  2.62514685E-03  2.06392300E+00 -6.84474198E+00 -6.84474198E+00  0.00000000E+00
     531  1.36716869E+00  1.87131926E+00  3.51787786E+00  6.65139650E-01  2.64504171E-03  2.04930589E+00 -6.84532442E+00 -6.84532442E+00  0.00000000E+00
     541  1.36667226E+00  1.86997877E+00  3.51296498E+00  6.65127709E-01  2.66536773E-03  2.04947780E+00 -6.84588703E+00 -6.84588703E+00  0.00000000E+00
     551  1.36643657E+00  1.86936050E+00  3.51083039E+00  6.65109774E-01  2.69695495E-03  2.06033906E+00 -6.84625064E+00 -6.84625064E+00  0.00000000E+00
     561  1.36668447E+00  1.87003336E+00  3.51331827E+00  6.65113585E-01  2.69123925E-03  2.06116325E+00 -6.84554767E+00 -6.84554767E+00  0.00000000E+00
     571  1.36653000E+00  1.86961313E+00  3.51175580E+00  6.65112025E-01  2.69364289E-03  2.03826529E+00 -6.84410177E+00 -6.84410177E+00  0.00000000E+00
     581  1.36664185E+00  1.86989183E+00  3.51260210E+00  6.65131161E-01  2.66069731E-03  2.03533467E+00 -6.84532685E+00 -6.84532685E+00  0.00000000E+00
     591  1.36626424E+00  1.86885680E+00  3.50870848E+00  6.65131743E-01  2.65698277E-03  2.02311361E+00 -6.84540994E+00 -6.84540994E+00  0.00000000E+00
     601  1.36631005E+00  1.86898506E+00  3.50921295E+00  6.65129561E-01  2.66073733E-03  2.03919845E+00 -6.84486776E+00 -6.84486776E+00  0.00000000E+00
     611  1.36614120E+00  1.86852239E+00  3.50747636E+00  6.65129502E-01  2.65917687E-03  2.04821105E+00 -6.84510550E+00 -6.84510550E+00  0.00000000E+00
     621  1.36649325E+00  1.86945650E+00  3.51077018E+00  6.65149911E-01  2.62512087E-03  2.03402042E+00 -6.84507761E+00 -6.84507761E+00  0.00000000E+00
     631  1.36666199E+00  1.86989716E+00  3.51226960E+00  6.65164771E-01  2.60009340E-03  2.02499420E+00 -6.84615551E+00 -6.84615551E+00  0.00000000E+00
     641  1.36635438E+00  1.86907065E+00  3.50927064E+00  6.65154725E-01  2.61737530E-03  2.01177111E+00 -6.84586685E+00 -6.84586685E+00  0.00000000E+00
     651  1.36592134E+00  1.86791537E+00  3.50514919E+00  6.65134148E-01  2.65143222E-03  2.06815230E+00 -6.84312060E+00 -6.84312060E+00  0.00000000E+00
     661  1.36591170E+00  1.86791027E+00  3.50528649E+00  6.65119203E-01  2.67730782E-03  2.06733980E+00 -6.84382971E+00 -6.84382971E+00  0.00000000E+00
     671  1.36578719E+00  1.86758394E+00  3.50415528E+00  6.65110271E-01  2.69415103E-03  2.09014883E+00 -6.84371782E+00 -6.84371782E+00  0.00000000E+00
     681  1.36591802E+00  1.86792437E+00  3.50531112E+00  6.65121906E-01  2.67345453E-03  2.07608237E+00 -6.84375405E+00 -6.84375405E+00  0.00000000E+00
     691  1.36630882E+00  1.86896962E+00  3.50905756E+00  6.65138858E-01  2.64600454E-03  2.06696550E+00 -6.84324970E+00 -6.84324970E+00  0.00000000E+00
     701  1.36634599E+00  1.86908603E+00  3.50960001E+00  6.65128811E-01  2.66412640E-03  2.07053818E+00 -6.84403901E+00 -6.84403901E+00  0.00000000E+00
     711  1.36642096E+00  1.86930209E+00  3.51049798E+00  6.65120556E-01  2.67775557E-03  2.08267532E+00 -6.84483272E+00 -6.84483272E+00  0.00000000E+00
     721  1.36645068E+00  1.86937462E+00  3.51070774E+00  6.65126532E-01  2.66714783E-03  2.08927494E+00 -6.84510961E+00 -6.84510961E+00  0.00000000E+00
     731  1.36652097E+00  1.86957046E+00  3.51147250E+00  6.65123754E-01  2.67172139E-03  2.07348177E+00 -6.84401679E+00 -6.84401679E+00  0.00000000E+00
     741  1.36711932E+00  1.87119905E+00  3.51752097E+00  6.65130602E-01  2.66307441E-03  2.05407363E+00 -6.84464678E+00 -6.84464678E+00  0.00000000E+00
     751  1.36726225E+00  1.87157436E+00  3.51881729E+00  6.65141529E-01  2.64416137E-03  2.06265399E+00 -6.84538836E+00 -6.84538836E+00  0.00000000E+00
     761  1.36758696E+00  1.87244458E+00  3.52195233E+00  6.65154650E-01  2.62243059E-03  2.05967932E+00 -6.84669099E+00 -6.84669099E+00  0.00000000E+00
     771  1.36744053E+00  1.87207268E+00  3.52075652E+00  6.65135332E-01  2.65729166E-03  2.08537583E+00 -6.84663562E+00 -6.84663562E+00  0.00000000E+00
     781  1.36745717E+00  1.87211248E+00  3.52086279E+00  6.65139464E-01  2.65032067E-03  2.09208259E+00 -6.84579557E+00 -6.84579557E+00  0.00000000E+00
     791  1.36732602E+00  1.87175501E+00  3.51953207E+00  6.65138156E-01  2.65177803E-03  2.08235901E+00 -6.84598072E+00 -6.84598072E+00  0.00000000E+00
