   #Iter             <M>           <M^2>           <M^4>      U_{Binder}            \chi        C_v(tot)             <E>       <E_{exc}>       <E_{lsf}>
       1  1.80752358E-01  3.95265161E-02  2.33670040E-03  5.01454612E-01  4.41859998E-03  1.45910878E-01 -2.01762960E+00 -2.01762960E+00  0.00000000E+00
      11  1.12747500E-01  1.48350422E-02  3.48068791E-04  4.72811097E-01  1.36845237E-03  5.49043493E-01 -1.97537518E+00 -1.97537518E+00  0.00000000E+00
      21  1.22681988E-01  1.85024745E-02  6.09835037E-04  4.06211903E-01  2.22480440E-03  3.84786574E-01 -2.00556557E+00 -2.00556557E+00  0.00000000E+00
      31  1.04871664E-01  1.37299659E-02  3.69654513E-04  3.46364182E-01  1.76090373E-03  4.07897554E-01 -2.01163981E+00 -2.01163981E+00  0.00000000E+00
      41  1.08035279E-01  1.42946566E-02  3.92388094E-04  3.59901054E-01  1.69073259E-03  4.82495369E-01 -2.04397978E+00 -2.04397978E+00  0.00000000E+00
      51  1.11151593E-01  1.50821958E-02  4.28639559E-04  3.71881118E-01  1.75807988E-03  5.59354232E-01 -2.03948725E+00 -2.03948725E+00  0.00000000E+00
      61  1.15049950E-01  1.61767525E-02  4.84905276E-04  3.82335028E-01  1.89520747E-03  4.99187772E-01 -2.04430774E+00 -2.04430774E+00  0.00000000E+00
      71  1.12981811E-01  1.56950460E-02  4.64637399E-04  3.71264878E-01  1.88869411E-03  4.71103577E-01 -2.03861738E+00 -2.03861738E+00  0.00000000E+00
      81  1.14013431E-01  1.57155202E-02  4.45271465E-04  3.99039282E-01  1.75095009E-03  4.68617064E-01 -2.04063345E+00 -2.04063345E+00  0.00000000E+00
      91  1.11015256E-01  1.49590305E-02  4.11075736E-04  3.87658503E-01  1.69821491E-03  4.95862302E-01 -2.03684541E+00 -2.03684541E+00  0.00000000E+00
     101  1.13314617E-01  1.55266606E-02  4.32532585E-04  4.01944546E-01  1.73161330E-03  4.69718851E-01 -2.03351176E+00 -2.03351176E+00  0.00000000E+00
     111  1.12453281E-01  1.51390320E-02  4.02562779E-04  4.14514494E-01  1.60710361E-03  4.75841781E-01 -2.03689353E+00 -2.03689353E+00  0.00000000E+00
     121  1.13752294E-01  1.54227852E-02  4.10105364E-04  4.25290240E-01  1.60059951E-03  4.75907993E-01 -2.03790474E+00 -2.03790474E+00  0.00000000E+00
     131  1.14961640E-01  1.56416038E-02  4.12539360E-04  4.37941433E-01  1.56335888E-03  4.38568887E-01 -2.04183658E+00 -2.04183658E+00  0.00000000E+00
     141  1.15291701E-01  1.57168945E-02  4.13127871E-04  4.42519395E-01  1.56290324E-03  4.61254452E-01 -2.05025006E+00 -2.05025006E+00  0.00000000E+00
     151  1.16870299E-01  1.60493743E-02  4.28577795E-04  4.45384245E-01  1.54098082E-03  4.42785092E-01 -2.05047282E+00 -2.05047282E+00  0.00000000E+00
     161  1.19269925E-01  1.67522180E-02  4.72138145E-04  4.39206200E-01  1.62876865E-03  4.65418297E-01 -2.05070440E+00 -2.05070440E+00  0.00000000E+00
     171  1.17953810E-01  1.64653585E-02  4.63262993E-04  4.30407882E-01  1.64511115E-03  4.69204703E-01 -2.04926332E+00 -2.04926332E+00  0.00000000E+00
     181  1.18820961E-01  1.66673253E-02  4.74535431E-04  4.30602485E-01  1.64295010E-03  4.61891845E-01 -2.04988548E+00 -2.04988548E+00  0.00000000E+00
     191  1.19560579E-01  1.68344632E-02  4.78408108E-04  4.37297650E-01  1.63703723E-03  4.55611545E-01 -2.04566980E+00 -2.04566980E+00  0.00000000E+00
     201  1.19667430E-01  1.69234486E-02  4.88218296E-04  4.31781903E-01  1.67791826E-03  4.52197298E-01 -2.04764318E+00 -2.04764318E+00  0.00000000E+00
     211  1.18761690E-01  1.66570093E-02  4.72096624E-04  4.32826955E-01  1.64537741E-03  4.48205802E-01 -2.04223421E+00 -2.04223421E+00  0.00000000E+00
     221  1.18602541E-01  1.66428764E-02  4.69870235E-04  4.34542587E-01  1.66061726E-03  4.44067729E-01 -2.03981823E+00 -2.03981823E+00  0.00000000E+00
     231  1.18906953E-01  1.66864554E-02  4.68676231E-04  4.38921679E-01  1.64210410E-03  4.37658460E-01 -2.03627969E+00 -2.03627969E+00  0.00000000E+00
     241  1.18558907E-01  1.66097828E-02  4.64825029E-04  4.38382876E-01  1.64595640E-03  4.43027771E-01 -2.03203669E+00 -2.03203669E+00  0.00000000E+00
     251  1.17760617E-01  1.63667131E-02  4.50022083E-04  4.39997932E-01  1.61088000E-03  4.38976457E-01 -2.03038715E+00 -2.03038715E+00  0.00000000E+00
     261  1.17342520E-01  1.62615597E-02  4.43980512E-04  4.40347746E-01  1.60645975E-03  4.46847843E-01 -2.02891537E+00 -2.02891537E+00  0.00000000E+00
     271  1.17411471E-01  1.63366242E-02  4.50480676E-04  4.37360432E-01  1.64441080E-03  4.43152978E-01 -2.03051380E+00 -2.03051380E+00  0.00000000E+00
     281  1.17916420E-01  1.64852980E-02  4.59429987E-04  4.36486299E-01  1.66364819E-03  4.59995640E-01 -2.03263936E+00 -2.03263936E+00  0.00000000E+00
     291  1.16563788E-01  1.61517768E-02  4.44507320E-04  4.32040912E-01  1.65310570E-03  4.69217398E-01 -2.03314119E+00 -2.03314119E+00  0.00000000E+00
     301  1.17575200E-01  1.64014289E-02  4.53903008E-04  4.37557105E-01  1.66138277E-03  4.68067846E-01 -2.03254973E+00 -2.03254973E+00  0.00000000E+00
     311  1.17022266E-01  1.62708388E-02  4.51264154E-04  4.31815088E-01  1.66081987E-03  4.63700775E-01 -2.03146154E+00 -2.03146154E+00  0.00000000E+00
     321  1.16425356E-01  1.61123376E-02  4.44538422E-04  4.29217111E-01  1.64847382E-03  4.64171296E-01 -2.03253163E+00 -2.03253163E+00  0.00000000E+00
     331  1.16781248E-01  1.62130037E-02  4.51750926E-04  4.27136920E-01  1.65986326E-03  4.53824294E-01 -2.03161125E+00 -2.03161125E+00  0.00000000E+00
     341  1.17448989E-01  1.63668724E-02  4.56861365E-04  4.31498281E-01  1.65822828E-03  4.50191441E-01 -2.02941330E+00 -2.02941330E+00  0.00000000E+00
     351  1.17320764E-01  1.63425077E-02  4.55936749E-04  4.30955868E-01  1.66192723E-03  4.34409130E-01 -2.02978080E+00 -2.02978080E+00  0.00000000E+00
     361  1.17387615E-01  1.63849931E-02  4.58596158E-04  4.30601092E-01  1.67919850E-03  4.41634455E-01 -2.02691727E+00 -2.02691727E+00  0.00000000E+00
     371  1.17886622E-01  1.65182640E-02  4.67027529E-04  4.29451694E-01  1.68942623E-03  4.38230327E-01 -2.02644803E+00 -2.02644803E+00  0.00000000E+00
     381  1.17353383E-01  1.63898160E-02  4.61121984E-04  4.27801893E-01  1.68748673E-03  4.33497648E-01 -2.02788185E+00 -2.02788185E+00  0.00000000E+00
     391  1.17405220E-01  1.63751818E-02  4.57324212E-04  4.31499727E-01  1.67021013E-03  4.27826523E-01 -2.02827870E+00 -2.02827870E+00  0.00000000E+00
     401  1.17346995E-01  1.63494153E-02  4.54569604E-04  4.33141471E-01  1.66241199E-03  4.22109782E-01 -2.02899345E+00 -2.02899345E+00  0.00000000E+00
     411  1.16881396E-01  1.62276875E-02  4.50735284E-04  4.29458773E-01  1.65424440E-03  4.31743965E-01 -2.03000923E+00 -2.03000923E+00  0.00000000E+00
     421  1.17030536E-01  1.62299826E-02  4.47180814E-04  4.34118106E-01  1.63323760E-03  4.38030450E-01 -2.02814413E+00 -2.02814413E+00  0.00000000E+00
     431  1.16568380E-01  1.61030798E-02  4.40139547E-04  4.34215237E-01  1.62102708E-03  4.33549446E-01 -2.03024859E+00 -2.03024859E+00  0.00000000E+00
     441  1.16591059E-01  1.60919923E-02  4.37594816E-04  4.36710985E-01  1.61047190E-03  4.28869017E-01 -2.03089499E+00 -2.03089499E+00  0.00000000E+00
     451  1.17676813E-01  1.63932877E-02  4.56019949E-04  4.34372568E-01  1.64072698E-03  4.26564731E-01 -2.02999275E+00 -2.02999275E+00  0.00000000E+00
     461  1.17645282E-01  1.64642437E-02  4.70529460E-04  4.21395252E-01  1.69124587E-03  4.29383616E-01 -2.03001099E+00 -2.03001099E+00  0.00000000E+00
     471  1.17355404E-01  1.63469948E-02  4.62421891E-04  4.23178711E-01  1.65957969E-03  4.30620139E-01 -2.03029005E+00 -2.03029005E+00  0.00000000E+00
     481  1.17153831E-01  1.62868631E-02  4.59664887E-04  4.22376065E-01  1.65128994E-03  4.24307811E-01 -2.03048268E+00 -2.03048268E+00  0.00000000E+00
     491  1.16669843E-01  1.61441487E-02  4.50767299E-04  4.23497959E-01  1.63224509E-03  4.29884648E-01 -2.02970124E+00 -2.02970124E+00  0.00000000E+00
     501  1.16448182E-01  1.60797388E-02  4.46608402E-04  4.24231823E-01  1.62403529E-03  4.28641778E-01 -2.03028374E+00 -2.03028374E+00  0.00000000E+00
     511  1.17222989E-01  1.62925596E-02  4.57548095E-04  4.25438054E-01  1.64451383E-03  4.35157803E-01 -2.03124568E+00 -2.03124568E+00  0.00000000E+00
     521  1.17199197E-01  1.63179269E-02  4.59830166E-04  4.24366267E-01  1.66445980E-03  4.31150313E-01 -2.03041865E+00 -2.03041865E+00  0.00000000E+00
     531  1.17298146E-01  1.63343004E-02  4.59604597E-04  4.25801529E-01  1.66005762E-03  4.30542466E-01 -2.03025875E+00 -2.03025875E+00  0.00000000E+00
     541  1.17058555E-01  1.62898740E-02  4.58968059E-04  4.23464891E-01  1.66761413E-03  4.36761803E-01 -2.02865349E+00 -2.02865349E+00  0.00000000E+00
     551  1.17380137E-01  1.63744163E-02  4.62622433E-04  4.24859726E-01  1.67351254E-03  4.38080144E-01 -2.02808249E+00 -2.02808249E+00  0.00000000E+00
     561  1.17336627E-01  1.63589018E-02  4.60818924E-04  4.26014711E-01  1.67009511E-03  4.44049246E-01 -2.02567058E+00 -2.02567058E+00  0.00000000E+00
     571  1.17199033E-01  1.63173445E-02  4.58708650E-04  4.25729234E-01  1.66410922E-03  4.41270384E-01 -2.02629883E+00 -2.02629883E+00  0.00000000E+00
     581  1.17386084E-01  1.63518420E-02  4.58461858E-04  4.28457419E-01  1.65806197E-03  4.37619954E-01 -2.02646681E+00 -2.02646681E+00  0.00000000E+00
     591  1.17453233E-01  1.63667161E-02  4.59108897E-04  4.28690615E-01  1.65748500E-03  4.39449114E-01 -2.02645103E+00 -2.02645103E+00  0.00000000E+00
     601  1.17820670E-01  1.64608110E-02  4.62623336E-04  4.30880033E-01  1.66241376E-03  4.35792294E-01 -2.02645214E+00 -2.02645214E+00  0.00000000E+00
     611  1.17739291E-01  1.64289652E-02  4.60963333E-04  4.30721598E-01  1.65424305E-03  4.35348754E-01 -2.02687896E+00 -2.02687896E+00  0.00000000E+00
     621  1.17551355E-01  1.63681668E-02  4.56569979E-04  4.31950717E-01  1.64355675E-03  4.34502589E-01 -2.02515713E+00 -2.02515713E+00  0.00000000E+00
     631  1.17757413E-01  1.64042378E-02  4.56685781E-04  4.34302677E-01  1.63555362E-03  4.39118150E-01 -2.02621870E+00 -2.02621870E+00  0.00000000E+00
     641  1.17255457E-01  1.62834583E-02  4.51186899E-04  4.32792543E-01  1.63374029E-03  4.41567934E-01 -2.02590406E+00 -2.02590406E+00  0.00000000E+00
     651  1.17524582E-01  1.63671572E-02  4.56041095E-04  4.32538743E-01  1.64696276E-03  4.42767973E-01 -2.02695249E+00 -2.02695249E+00  0.00000000E+00
     661  1.17849466E-01  1.64376411E-02  4.58268461E-04  4.34646968E-01  1.64310482E-03  4.41378667E-01 -2.02615057E+00 -2.02615057E+00  0.00000000E+00
     671  1.17734410E-01  1.64133509E-02  4.57421578E-04  4.34020261E-01  1.64491936E-03  4.46501427E-01 -2.02554332E+00 -2.02554332E+00  0.00000000E+00
     681  1.17848358E-01  1.64837403E-02  4.65099729E-04  4.29424259E-01  1.67298741E-03  4.42513340E-01 -2.02452342E+00 -2.02452342E+00  0.00000000E+00
     691  1.17616864E-01  1.64262812E-02  4.63365531E-04  4.27567925E-01  1.67108563E-03  4.42504833E-01 -2.02391949E+00 -2.02391949E+00  0.00000000E+00
     701  1.17861461E-01  1.64558904E-02  4.61868848E-04  4.31468356E-01  1.65304534E-03  4.41920450E-01 -2.02405690E+00 -2.02405690E+00  0.00000000E+00
     711  1.18242434E-01  1.65801704E-02  4.69438239E-04  4.30781209E-01  1.67517403E-03  4.41640558E-01 -2.02479707E+00 -2.02479707E+00  0.00000000E+00
     721  1.18150793E-01  1.65524280E-02  4.67688859E-04  4.30999882E-01  1.67125555E-03  4.44013088E-01 -2.02555608E+00 -2.02555608E+00  0.00000000E+00
     731  1.18228229E-01  1.65761272E-02  4.68226534E-04  4.31973463E-01  1.67473298E-03  4.44301006E-01 -2.02616112E+00 -2.02616112E+00  0.00000000E+00
     741  1.18256488E-01  1.65669251E-02  4.66177800E-04  4.33830443E-01  1.66449408E-03  4.44052674E-01 -2.02570566E+00 -2.02570566E+00  0.00000000E+00
     751  1.18370476E-01  1.65843080E-02  4.65669410E-04  4.35632828E-01  1.65831280E-03  4.42377225E-01 -2.02480662E+00 -2.02480662E+00  0.00000000E+00
     761  1.18588427E-01  1.66400901E-02  4.68655331E-04  4.35815745E-01  1.66097909E-03  4.41418234E-01 -2.02528294E+00 -2.02528294E+00  0.00000000E+00
     771  1.19020107E-01  1.67749320E-02  4.79128433E-04  4.32443435E-01  1.68178013E-03  4.39930929E-01 -2.02623065E+00 -2.02623065E+00  0.00000000E+00
     781  1.18959902E-01  1.67349146E-02  4.75225542E-04  4.34371192E-01  1.66522127E-03  4.44809699E-01 -2.02751942E+00 -2.02751942E+00  0.00000000E+00
     791  1.19225259E-01  1.68397624E-02  4.84556845E-04  4.30424164E-01  1.69206356E-03  4.42860355E-01 -2.02830531E+00 -2.02830531E+00  0.00000000E+00
