   #Iter           <M>_x           <M>_y           <M>_z             <M>        M_{stdv}
       0  2.02675154E-01 -2.67140551E-01 -1.69581964E-01  1.17233811E+00  3.15323195E-02
      50  2.07369135E-01 -3.13329341E-01 -2.13349451E-01  1.19529075E+00  7.33851144E-02
     100  1.85012505E-01 -3.51526849E-01 -2.13454267E-01  1.15999928E+00  4.74223386E-02
     150  1.98422148E-01 -3.54125038E-01 -1.90361960E-01  1.15636327E+00  2.96576952E-02
     200  2.28984342E-01 -3.56038059E-01 -2.18465361E-01  1.19883316E+00  3.46237624E-02
     250  1.81346097E-01 -4.62875596E-01 -2.11079928E-01  1.15286956E+00  1.07199911E-01
     300  3.28843274E-01 -5.12579925E-01 -2.25535138E-01  1.23923991E+00  5.63334529E-02
     350  3.09814018E-01 -4.53381517E-01 -2.00706793E-01  1.20440035E+00  3.19076910E-02
     400  3.92020072E-01 -5.13898139E-01 -2.44763290E-01  1.22191485E+00  4.48138470E-02
     450  2.94022137E-01 -4.36545703E-01 -3.19543353E-01  1.13966087E+00  2.41074522E-02
     500  3.00919791E-01 -4.66162644E-01 -3.39197401E-01  1.17086454E+00  3.08278867E-02
     550  2.23128885E-01 -4.47025552E-01 -2.85958690E-01  1.15874004E+00  4.81187995E-02
     600  2.36892965E-01 -4.40033835E-01 -3.06288953E-01  1.19871495E+00  3.98025281E-02
     650  1.52256238E-01 -4.16482779E-01 -3.42364777E-01  1.11720832E+00  3.26110852E-02
     700  1.63330530E-01 -4.28159425E-01 -4.33853956E-01  1.16625492E+00  8.86223314E-02
     750  1.60500707E-01 -4.59263122E-01 -4.58109471E-01  1.16891241E+00  6.79826917E-02
     800  1.69127401E-01 -4.80089916E-01 -4.97977600E-01  1.20787547E+00  4.61161698E-02
     850  1.37865669E-01 -2.90195152E-01 -4.65963328E-01  1.16185079E+00  9.77060781E-02
     900  1.81182802E-01 -2.53567284E-01 -5.51922895E-01  1.13667365E+00  4.99012337E-02
     950  1.51646247E-01 -2.74461147E-01 -6.21902568E-01  1.21288608E+00  6.62188517E-02
    1000  1.68616150E-01 -2.13216729E-01 -4.73478070E-01  1.19498588E+00  7.81990607E-02
    1050  1.13668933E-01 -1.56392342E-01 -4.33739427E-01  1.17556551E+00  8.96731057E-02
    1100  1.71201915E-01 -1.78389761E-01 -4.12197588E-01  1.16513047E+00  5.23944394E-02
    1150  2.11951481E-01 -8.45526837E-02 -4.09090692E-01  1.14478623E+00  6.95332922E-02
    1200  1.86949348E-01 -1.64721204E-01 -4.01894465E-01  1.19010729E+00  5.63996859E-02
    1250  1.43617625E-01 -2.75113086E-01 -3.71574763E-01  1.16191563E+00  6.66124681E-02
    1300  1.50013422E-01 -1.78855040E-01 -3.72764908E-01  1.14711110E+00  3.45061839E-02
    1350  1.35048770E-01 -1.71918035E-01 -3.17057419E-01  1.12305667E+00  6.50663877E-02
    1400  1.55721464E-01 -2.25364733E-01 -2.40334857E-01  1.13633745E+00  8.83140318E-02
    1450  1.68216016E-01 -2.01052075E-01 -2.70628328E-01  1.11994710E+00  3.10566662E-02
    1500  1.96292697E-01 -1.04567862E-01 -2.77089791E-01  1.18524402E+00  3.04885913E-02
    1550  2.69252939E-01 -1.57125416E-01 -2.44114626E-01  1.21326778E+00  3.30106299E-02
    1600  2.97875187E-01 -2.16484208E-01 -1.75237988E-01  1.20335843E+00  5.15324460E-02
    1650  1.94450788E-01 -2.55689459E-01 -1.78938114E-01  1.16721954E+00  5.73041626E-02
    1700  1.34570768E-01 -2.39019955E-01 -1.17326860E-01  1.14079917E+00  7.75995744E-02
    1750  1.95178093E-01 -2.27198720E-01 -1.72852299E-01  1.16301159E+00  5.62542049E-02
    1800  2.02521357E-01 -2.47276016E-01 -3.01527686E-01  1.15749592E+00  7.73748405E-02
    1850  2.52663773E-01 -2.58089010E-01 -3.05755767E-01  1.18936627E+00  7.36736625E-02
    1900  3.16361311E-01 -2.20173776E-01 -2.29209434E-01  1.17175130E+00  4.74851556E-02
    1950  2.88788230E-01 -1.54992736E-01 -2.44128061E-01  1.18273717E+00  5.71458609E-02
