   #Iter             <M>           <M^2>           <M^4>      U_{Binder}            \chi        C_v(tot)             <E>       <E_{exc}>       <E_{lsf}>
       1  1.02175646E-01  1.21228155E-02  2.38449006E-04  4.59161910E-01  9.99142036E-04  1.08193302E-01 -1.66349623E+00 -1.66349623E+00  0.00000000E+00
      11  1.02900111E-01  1.17661485E-02  2.00027580E-04  5.18385034E-01  6.99190844E-04  2.14943272E-01 -1.78765326E+00 -1.78765326E+00  0.00000000E+00
      21  9.67429910E-02  1.13061298E-02  2.31256377E-04  3.96962211E-01  1.15585712E-03  2.39568010E-01 -1.76312457E+00 -1.76312457E+00  0.00000000E+00
      31  9.66235862E-02  1.16225718E-02  2.66025375E-04  3.43556525E-01  1.35743112E-03  2.39432615E-01 -1.79090921E+00 -1.79090921E+00  0.00000000E+00
      41  1.00793676E-01  1.23041644E-02  2.78073880E-04  3.87741682E-01  1.27333282E-03  2.71015689E-01 -1.79384286E+00 -1.79384286E+00  0.00000000E+00
      51  1.02386230E-01  1.24909256E-02  2.71762683E-04  4.19396934E-01  1.19210861E-03  2.56151734E-01 -1.81148459E+00 -1.81148459E+00  0.00000000E+00
      61  1.03200649E-01  1.27999970E-02  2.83573416E-04  4.23068139E-01  1.27619653E-03  3.41679028E-01 -1.81418080E+00 -1.81418080E+00  0.00000000E+00
      71  1.04299485E-01  1.29952028E-02  2.89056399E-04  4.29448024E-01  1.25672204E-03  3.16685643E-01 -1.81245448E+00 -1.81245448E+00  0.00000000E+00
      81  1.01624605E-01  1.22284556E-02  2.53263852E-04  4.35441787E-01  1.12853093E-03  3.27182098E-01 -1.80823686E+00 -1.80823686E+00  0.00000000E+00
      91  1.05041569E-01  1.30149266E-02  2.86609438E-04  4.35991325E-01  1.17620380E-03  3.02689714E-01 -1.81036136E+00 -1.81036136E+00  0.00000000E+00
     101  1.05649957E-01  1.30244513E-02  2.78713624E-04  4.52331109E-01  1.10575869E-03  3.02835077E-01 -1.80877440E+00 -1.80877440E+00  0.00000000E+00
     111  1.09428341E-01  1.41723376E-02  3.48486550E-04  4.21661922E-01  1.30478414E-03  2.94323405E-01 -1.80551658E+00 -1.80551658E+00  0.00000000E+00
     121  1.07920078E-01  1.37710147E-02  3.27805220E-04  4.23813967E-01  1.26114572E-03  3.20941981E-01 -1.81104049E+00 -1.81104049E+00  0.00000000E+00
     131  1.07310941E-01  1.36190618E-02  3.19877021E-04  4.25132963E-01  1.24876877E-03  3.26775009E-01 -1.80208175E+00 -1.80208175E+00  0.00000000E+00
     141  1.06960838E-01  1.34895603E-02  3.08468507E-04  4.34940748E-01  1.21642226E-03  3.15983058E-01 -1.79978666E+00 -1.79978666E+00  0.00000000E+00
     151  1.06857503E-01  1.35096905E-02  3.12359942E-04  4.29516245E-01  1.24149064E-03  3.38376160E-01 -1.80130246E+00 -1.80130246E+00  0.00000000E+00
     161  1.07032750E-01  1.35175596E-02  3.09244829E-04  4.35862973E-01  1.22390907E-03  3.33356382E-01 -1.79557085E+00 -1.79557085E+00  0.00000000E+00
     171  1.08116342E-01  1.37431542E-02  3.13615361E-04  4.46518340E-01  1.21943316E-03  3.50034791E-01 -1.79399981E+00 -1.79399981E+00  0.00000000E+00
     181  1.07899584E-01  1.36468685E-02  3.06330081E-04  4.51720033E-01  1.19006803E-03  3.61712389E-01 -1.79178994E+00 -1.79178994E+00  0.00000000E+00
     191  1.08905834E-01  1.39022065E-02  3.18532094E-04  4.50630593E-01  1.21213979E-03  3.58097822E-01 -1.79111600E+00 -1.79111600E+00  0.00000000E+00
     201  1.08200895E-01  1.37204057E-02  3.09787690E-04  4.51459122E-01  1.19506900E-03  3.67762207E-01 -1.78768622E+00 -1.78768622E+00  0.00000000E+00
     211  1.07450508E-01  1.35394919E-02  3.02337778E-04  4.50248491E-01  1.18373454E-03  3.62849198E-01 -1.78249869E+00 -1.78249869E+00  0.00000000E+00
     221  1.06941379E-01  1.34034387E-02  2.96000163E-04  4.50790257E-01  1.16776437E-03  3.57875123E-01 -1.78184129E+00 -1.78184129E+00  0.00000000E+00
     231  1.07365021E-01  1.34896793E-02  2.96657086E-04  4.56586756E-01  1.16506403E-03  3.64255531E-01 -1.78287682E+00 -1.78287682E+00  0.00000000E+00
     241  1.08806564E-01  1.39310308E-02  3.24293879E-04  4.43005391E-01  1.24208313E-03  3.59217893E-01 -1.78539571E+00 -1.78539571E+00  0.00000000E+00
     251  1.08489193E-01  1.37933303E-02  3.14610311E-04  4.48794649E-01  1.20127504E-03  3.49614871E-01 -1.78477040E+00 -1.78477040E+00  0.00000000E+00
     261  1.09520437E-01  1.40598090E-02  3.25664523E-04  4.50850798E-01  1.22600646E-03  3.48285076E-01 -1.78539573E+00 -1.78539573E+00  0.00000000E+00
     271  1.08764984E-01  1.38548523E-02  3.14988493E-04  4.53022283E-01  1.20222803E-03  3.50932795E-01 -1.78864765E+00 -1.78864765E+00  0.00000000E+00
     281  1.08588836E-01  1.38433363E-02  3.14758211E-04  4.52512412E-01  1.21812119E-03  3.51926480E-01 -1.79189362E+00 -1.79189362E+00  0.00000000E+00
     291  1.08647072E-01  1.38093760E-02  3.10857030E-04  4.56635415E-01  1.19044891E-03  3.49024455E-01 -1.79196705E+00 -1.79196705E+00  0.00000000E+00
     301  1.08023318E-01  1.36424421E-02  3.03116195E-04  4.57120246E-01  1.17157866E-03  3.41786832E-01 -1.79338807E+00 -1.79338807E+00  0.00000000E+00
     311  1.08446763E-01  1.37544851E-02  3.07396031E-04  4.58387942E-01  1.18367788E-03  3.39704083E-01 -1.79404387E+00 -1.79404387E+00  0.00000000E+00
     321  1.09067445E-01  1.39262948E-02  3.16917615E-04  4.55304289E-01  1.20552698E-03  3.45743011E-01 -1.79410582E+00 -1.79410582E+00  0.00000000E+00
     331  1.08743701E-01  1.38847570E-02  3.17052315E-04  4.51807476E-01  1.22273022E-03  3.42227103E-01 -1.79711975E+00 -1.79711975E+00  0.00000000E+00
     341  1.08795659E-01  1.39107292E-02  3.18664791E-04  4.51074970E-01  1.23143923E-03  3.39438628E-01 -1.79803297E+00 -1.79803297E+00  0.00000000E+00
     351  1.09217585E-01  1.40009284E-02  3.21870859E-04  4.52673175E-01  1.23037869E-03  3.47569176E-01 -1.79902464E+00 -1.79902464E+00  0.00000000E+00
     361  1.08763163E-01  1.38889959E-02  3.16799135E-04  4.52579530E-01  1.22273366E-03  3.48899757E-01 -1.79729271E+00 -1.79729271E+00  0.00000000E+00
     371  1.08953156E-01  1.39451728E-02  3.20735432E-04  4.50233994E-01  1.23152751E-03  3.50172766E-01 -1.79931157E+00 -1.79931157E+00  0.00000000E+00
     381  1.08612492E-01  1.38952944E-02  3.21568348E-04  4.44842091E-01  1.24591748E-03  3.60071559E-01 -1.80084170E+00 -1.80084170E+00  0.00000000E+00
     391  1.08609068E-01  1.38962842E-02  3.20737476E-04  4.46355387E-01  1.24694669E-03  3.56746275E-01 -1.80018976E+00 -1.80018976E+00  0.00000000E+00
     401  1.09408100E-01  1.41237272E-02  3.34913632E-04  4.40354608E-01  1.27855459E-03  3.60019305E-01 -1.80225363E+00 -1.80225363E+00  0.00000000E+00
     411  1.09492396E-01  1.41208692E-02  3.33410512E-04  4.42640797E-01  1.26590286E-03  3.54602266E-01 -1.80251577E+00 -1.80251577E+00  0.00000000E+00
     421  1.09389004E-01  1.40916409E-02  3.32865385E-04  4.41241370E-01  1.26198600E-03  3.52759489E-01 -1.80056566E+00 -1.80056566E+00  0.00000000E+00
     431  1.09261029E-01  1.40530009E-02  3.30304671E-04  4.42486595E-01  1.25565832E-03  3.52917502E-01 -1.79983384E+00 -1.79983384E+00  0.00000000E+00
     441  1.09256100E-01  1.40768573E-02  3.33937630E-04  4.38263439E-01  1.27046088E-03  3.52850296E-01 -1.79996899E+00 -1.79996899E+00  0.00000000E+00
     451  1.10085492E-01  1.43037356E-02  3.46137035E-04  4.36066533E-01  1.29715187E-03  3.47257018E-01 -1.79945365E+00 -1.79945365E+00  0.00000000E+00
     461  1.09848968E-01  1.42741342E-02  3.47155688E-04  4.32058667E-01  1.31046131E-03  3.49355102E-01 -1.79955498E+00 -1.79955498E+00  0.00000000E+00
     471  1.09763034E-01  1.42532892E-02  3.46931859E-04  4.30763505E-01  1.30929001E-03  3.50409055E-01 -1.79974598E+00 -1.79974598E+00  0.00000000E+00
     481  1.09546644E-01  1.41893004E-02  3.42935300E-04  4.32234536E-01  1.29947501E-03  3.49425293E-01 -1.79909625E+00 -1.79909625E+00  0.00000000E+00
     491  1.09610316E-01  1.42031024E-02  3.43032482E-04  4.33176885E-01  1.29938475E-03  3.54121527E-01 -1.79849378E+00 -1.79849378E+00  0.00000000E+00
     501  1.09228686E-01  1.41387436E-02  3.41646353E-04  4.30316162E-01  1.31075772E-03  3.50988238E-01 -1.79761833E+00 -1.79761833E+00  0.00000000E+00
     511  1.09331446E-01  1.41703711E-02  3.45604407E-04  4.26285844E-01  1.31620085E-03  3.46084042E-01 -1.79711637E+00 -1.79711637E+00  0.00000000E+00
     521  1.09892929E-01  1.43194960E-02  3.51794313E-04  4.28110535E-01  1.33165674E-03  3.54322114E-01 -1.79748411E+00 -1.79748411E+00  0.00000000E+00
     531  1.09679048E-01  1.42535770E-02  3.47876353E-04  4.29236858E-01  1.32040258E-03  3.53052738E-01 -1.79763362E+00 -1.79763362E+00  0.00000000E+00
     541  1.09694805E-01  1.42728466E-02  3.49251305E-04  4.28527169E-01  1.32979038E-03  3.51828343E-01 -1.79705929E+00 -1.79705929E+00  0.00000000E+00
     551  1.10023347E-01  1.43561784E-02  3.52744903E-04  4.29491919E-01  1.33640704E-03  3.51251629E-01 -1.79862056E+00 -1.79862056E+00  0.00000000E+00
     561  1.09786190E-01  1.43143955E-02  3.51650401E-04  4.27937026E-01  1.34254965E-03  3.49125559E-01 -1.79817043E+00 -1.79817043E+00  0.00000000E+00
     571  1.09353530E-01  1.42111860E-02  3.46656115E-04  4.27840695E-01  1.33756468E-03  3.45608840E-01 -1.79911042E+00 -1.79911042E+00  0.00000000E+00
     581  1.09243036E-01  1.42272756E-02  3.52758344E-04  4.19085049E-01  1.36145647E-03  3.48271456E-01 -1.79887663E+00 -1.79887663E+00  0.00000000E+00
     591  1.09043022E-01  1.41806742E-02  3.50783455E-04  4.18534318E-01  1.35971039E-03  3.44649450E-01 -1.79851056E+00 -1.79851056E+00  0.00000000E+00
     601  1.09077371E-01  1.41802438E-02  3.51018636E-04  4.18109152E-01  1.35500684E-03  3.41844902E-01 -1.79826449E+00 -1.79826449E+00  0.00000000E+00
     611  1.09367251E-01  1.42619196E-02  3.56021417E-04  4.16556371E-01  1.36590278E-03  3.42973559E-01 -1.79893037E+00 -1.79893037E+00  0.00000000E+00
     621  1.09035682E-01  1.41656491E-02  3.50889661E-04  4.17123754E-01  1.35174056E-03  3.40263403E-01 -1.79944644E+00 -1.79944644E+00  0.00000000E+00
     631  1.09530177E-01  1.42933317E-02  3.57117700E-04  4.17329304E-01  1.36337843E-03  3.40087211E-01 -1.79965350E+00 -1.79965350E+00  0.00000000E+00
     641  1.09399892E-01  1.42606253E-02  3.55101867E-04  4.17957680E-01  1.36089503E-03  3.38014047E-01 -1.79933942E+00 -1.79933942E+00  0.00000000E+00
     651  1.08960766E-01  1.41583173E-02  3.50825762E-04  4.16626174E-01  1.35708348E-03  3.39343479E-01 -1.79884657E+00 -1.79884657E+00  0.00000000E+00
     661  1.09273917E-01  1.42442737E-02  3.54399024E-04  4.17775282E-01  1.36754178E-03  3.40547909E-01 -1.79797240E+00 -1.79797240E+00  0.00000000E+00
     671  1.09370993E-01  1.42476244E-02  3.53106350E-04  4.20171766E-01  1.35692994E-03  3.42632213E-01 -1.79841149E+00 -1.79841149E+00  0.00000000E+00
     681  1.09544451E-01  1.42799903E-02  3.53475405E-04  4.22193905E-01  1.35360143E-03  3.41656638E-01 -1.79900999E+00 -1.79900999E+00  0.00000000E+00
     691  1.09229295E-01  1.42050676E-02  3.49960155E-04  4.21889663E-01  1.35005416E-03  3.39509258E-01 -1.79813645E+00 -1.79813645E+00  0.00000000E+00
     701  1.09598970E-01  1.43066590E-02  3.54869581E-04  4.22075553E-01  1.36234108E-03  3.38055027E-01 -1.79800244E+00 -1.79800244E+00  0.00000000E+00
     711  1.09544268E-01  1.42871084E-02  3.53277225E-04  4.23093133E-01  1.35785103E-03  3.38624018E-01 -1.79801447E+00 -1.79801447E+00  0.00000000E+00
     721  1.09661108E-01  1.42903834E-02  3.51814091E-04  4.25745752E-01  1.34458997E-03  3.39845129E-01 -1.79851217E+00 -1.79851217E+00  0.00000000E+00
     731  1.09384429E-01  1.42229573E-02  3.49460739E-04  4.24165976E-01  1.34054066E-03  3.40504556E-01 -1.79949028E+00 -1.79949028E+00  0.00000000E+00
     741  1.09352464E-01  1.41997015E-02  3.47455733E-04  4.25592903E-01  1.33088499E-03  3.42169984E-01 -1.79832226E+00 -1.79832226E+00  0.00000000E+00
     751  1.09315575E-01  1.41799724E-02  3.45929685E-04  4.26523261E-01  1.32396103E-03  3.46700383E-01 -1.79781039E+00 -1.79781039E+00  0.00000000E+00
     761  1.09717377E-01  1.42753268E-02  3.49561599E-04  4.28218179E-01  1.32832252E-03  3.48493167E-01 -1.79819386E+00 -1.79819386E+00  0.00000000E+00
     771  1.09636263E-01  1.42526546E-02  3.48309374E-04  4.28452421E-01  1.32542561E-03  3.47568473E-01 -1.79754371E+00 -1.79754371E+00  0.00000000E+00
     781  1.09784955E-01  1.42762145E-02  3.47962666E-04  4.30904353E-01  1.32004324E-03  3.49139510E-01 -1.79733678E+00 -1.79733678E+00  0.00000000E+00
     791  1.09721982E-01  1.42532392E-02  3.46482108E-04  4.31497459E-01  1.31460964E-03  3.46308825E-01 -1.79822965E+00 -1.79822965E+00  0.00000000E+00
