   #Iter           <M>_x           <M>_y           <M>_z             <M>        M_{stdv}
       0 -2.25391422E-04  9.11100491E-02 -4.77125808E-01  1.97042865E+00  6.93040279E-03
      50  1.11028667E-02  9.48092870E-02 -4.84329010E-01  1.98159045E+00  9.54067087E-03
     100  2.41930937E-03  7.42154427E-02 -5.00196789E-01  1.97424590E+00  8.78080146E-03
     150  1.64998796E-02  3.43164652E-02 -4.97809909E-01  1.98117259E+00  6.86592780E-03
     200  7.20792939E-03  1.68451175E-02 -5.16267514E-01  1.98527236E+00  4.60088761E-03
     250 -1.65349643E-02  1.88724952E-02 -5.21945880E-01  1.98646959E+00  2.76934810E-03
     300 -2.28978460E-02  6.16643985E-03 -5.36391361E-01  1.98019755E+00  1.35307518E-02
     350  5.00338058E-03 -7.81892789E-04 -5.53793499E-01  1.96976389E+00  1.21522262E-02
     400  2.33550928E-02 -4.24322498E-02 -5.83038956E-01  1.97743896E+00  7.11382590E-03
     450  9.15374560E-03 -3.73720048E-02 -5.68815057E-01  1.97395069E+00  1.40479976E-02
     500  2.74002856E-02 -5.87023137E-02 -5.01229786E-01  1.97458237E+00  6.04488306E-03
     550  1.79584236E-02 -7.08143517E-02 -5.07773359E-01  1.97068036E+00  8.24460554E-03
     600  3.83960579E-02 -8.16888412E-02 -5.43700949E-01  1.97061375E+00  1.26369394E-02
     650  4.79536878E-02 -8.63086126E-02 -5.33149108E-01  1.97591539E+00  5.35625305E-03
     700  2.27834494E-02 -9.39156410E-02 -5.49698013E-01  1.98147102E+00  8.75663874E-03
     750  2.93019540E-02 -9.78054711E-02 -5.46016398E-01  1.97576295E+00  1.72432692E-02
     800  2.61899822E-02 -9.25925439E-02 -5.43854125E-01  1.98235936E+00  9.46970878E-03
     850  2.39663008E-02 -7.11731071E-02 -5.35442669E-01  1.97881291E+00  4.77866511E-03
     900  2.52579853E-02 -6.03010755E-02 -5.24476198E-01  1.97866481E+00  7.86954972E-03
     950  2.87255380E-02 -4.24745399E-02 -5.11708621E-01  1.97141245E+00  3.94465369E-03
    1000  6.31740732E-02 -4.42322319E-02 -4.90473183E-01  1.98133677E+00  8.97132434E-03
    1050  6.39996975E-02 -4.84083981E-02 -5.01817614E-01  1.97705743E+00  9.62632803E-03
    1100  6.97552388E-02 -5.17520416E-02 -5.11068107E-01  1.98070346E+00  1.02040154E-02
    1150  3.85968419E-02 -3.73951126E-02 -5.02022607E-01  1.97601497E+00  4.34078844E-03
    1200  6.36772895E-03 -2.05008431E-02 -5.09865792E-01  1.97469065E+00  5.30719755E-03
    1250 -2.39452163E-03 -4.75265037E-02 -5.05177737E-01  1.97811772E+00  9.54622624E-03
    1300 -1.10283027E-02 -5.20522004E-02 -5.09353269E-01  1.98019301E+00  7.26450390E-03
    1350 -2.50676746E-03 -4.76898406E-02 -5.16318146E-01  1.97817494E+00  1.24490067E-02
    1400 -3.05918986E-02 -9.32952288E-03 -4.73456449E-01  1.98099998E+00  1.04914825E-02
    1450 -3.59589294E-02 -1.04871602E-02 -4.73975336E-01  1.97953389E+00  6.71794947E-03
    1500 -2.50439602E-02 -5.86070826E-04 -4.84386625E-01  1.97485173E+00  7.01683183E-03
    1550 -1.61219500E-02  7.13805535E-03 -4.76031134E-01  1.97254246E+00  1.03531243E-02
    1600 -2.59027189E-02  2.56035001E-02 -4.73613669E-01  1.97509685E+00  9.81451917E-03
    1650 -2.43308064E-02  1.22625743E-02 -4.80992819E-01  1.97626748E+00  1.33715665E-02
    1700  1.07108577E-02  8.96552887E-03 -4.93966249E-01  1.97447539E+00  1.35909733E-02
    1750  4.21083679E-02  4.64165691E-02 -4.93475401E-01  1.97657976E+00  1.16138647E-02
    1800  6.27354540E-02  4.64882654E-02 -5.18764245E-01  1.97422828E+00  6.61709946E-03
    1850  9.10759184E-02  5.80111406E-02 -5.24633236E-01  1.98149002E+00  1.11531787E-02
    1900  9.76637433E-02  6.15799164E-02 -5.33809809E-01  1.97086639E+00  3.70041428E-03
    1950  1.02486967E-01  6.98953593E-02 -5.25557072E-01  1.97412384E+00  1.04769319E-02
    2000  9.19746244E-02  7.86804039E-02 -5.26268337E-01  1.97846539E+00  1.54318303E-02
    2050  9.63059277E-02  8.20359845E-02 -5.20358107E-01  1.97546607E+00  1.25507426E-02
    2100  7.68369167E-02  6.92864612E-02 -5.28426985E-01  1.97854210E+00  7.78894213E-03
    2150  6.02509256E-02  7.51122961E-02 -5.39632437E-01  1.98543261E+00  9.02177576E-03
    2200  3.77427745E-02  8.32367068E-02 -5.20601973E-01  1.97833630E+00  2.67854600E-03
    2250  4.14075128E-02  9.04748538E-02 -5.20475521E-01  1.98066233E+00  5.45314988E-03
    2300 -3.73544402E-03  9.49298036E-02 -5.11576832E-01  1.98238325E+00  1.10194809E-02
    2350 -2.18215120E-02  7.94067050E-02 -5.21721272E-01  1.98128662E+00  4.89974097E-03
    2400 -7.91006047E-04  4.93274620E-02 -5.41820081E-01  1.97894157E+00  1.18904766E-02
    2450 -2.60527095E-02  5.34513606E-02 -5.23853756E-01  1.98649396E+00  1.00781937E-02
    2500 -2.44481692E-02  8.26141519E-02 -4.92884174E-01  1.97548996E+00  9.80375421E-03
    2550 -7.14778930E-03  1.07931001E-01 -4.45840608E-01  1.97347784E+00  1.00312245E-02
    2600 -2.03768809E-03  1.01866962E-01 -4.58207115E-01  1.97758428E+00  5.84106211E-03
    2650 -1.06288411E-02  9.05365113E-02 -4.76695175E-01  1.96968076E+00  1.26890724E-02
    2700 -2.17976282E-02  9.38720964E-02 -4.95635877E-01  1.97800247E+00  6.83132744E-03
    2750 -2.09246171E-02  1.12762192E-01 -4.80627535E-01  1.97935948E+00  1.18961539E-02
    2800  2.01006427E-02  9.84289449E-02 -4.57795446E-01  1.97784604E+00  2.71091055E-03
    2850  3.78281923E-03  1.04105353E-01 -4.51972243E-01  1.97681443E+00  9.67933150E-03
    2900  3.05102810E-02  1.18526547E-01 -4.36641711E-01  1.97318900E+00  1.29622051E-02
    2950  6.54603989E-02  1.09865495E-01 -4.59103012E-01  1.96152213E+00  1.46526122E-02
    3000  8.91385590E-02  1.01555591E-01 -4.69732321E-01  1.98253325E+00  6.53643094E-03
    3050  8.48027296E-02  9.98270089E-02 -4.81055502E-01  1.98084388E+00  7.55310327E-03
    3100  1.02744603E-01  8.80082793E-02 -4.79618689E-01  1.97938627E+00  1.74931622E-02
    3150  1.09306869E-01  9.08466156E-02 -4.84953883E-01  1.97714597E+00  1.55449515E-02
    3200  8.02809591E-02  8.68881262E-02 -4.98355214E-01  1.97297094E+00  1.57714188E-02
    3250  8.91735506E-02  6.98145028E-02 -5.13795541E-01  1.97486642E+00  1.34226821E-02
    3300  1.07302359E-01  5.94128161E-02 -5.37783627E-01  1.97986196E+00  1.04885913E-02
    3350  9.27974512E-02  8.95990734E-02 -5.33857524E-01  1.97917775E+00  1.02653243E-02
    3400  9.54483933E-02  7.57822680E-02 -5.24701326E-01  1.97529356E+00  6.46830393E-03
    3450  1.01608058E-01  6.58321120E-02 -5.25731659E-01  1.97159469E+00  7.97017025E-03
    3500  7.02454012E-02  8.64023807E-02 -4.68873040E-01  1.97064549E+00  1.22038038E-02
    3550  6.89044742E-02  7.92204926E-02 -4.72827264E-01  1.97226485E+00  6.39651034E-03
    3600  8.86539734E-02  1.04337193E-01 -4.57396305E-01  1.97081475E+00  4.10573812E-03
    3650  9.14139268E-02  9.32068171E-02 -4.88199676E-01  1.98054859E+00  4.09588959E-03
    3700  9.92939175E-02  1.18116329E-01 -4.66932372E-01  1.97974806E+00  8.68774810E-03
    3750  8.29252231E-02  1.22577610E-01 -4.67237487E-01  1.97526516E+00  7.59221648E-03
    3800  8.34827905E-02  1.32206744E-01 -4.60673254E-01  1.98015718E+00  5.65819414E-03
    3850  8.77745922E-02  1.27389815E-01 -4.55588616E-01  1.98213924E+00  6.05471825E-03
    3900  8.80171844E-02  9.57106786E-02 -4.63597680E-01  1.97816455E+00  1.06774185E-02
    3950  8.82176572E-02  9.35517560E-02 -4.81982996E-01  1.98731953E+00  1.11769960E-02
    4000  8.37450830E-02  1.03764606E-01 -5.04257631E-01  1.98863724E+00  7.84117429E-03
    4050  6.85294416E-02  1.01164596E-01 -4.88714002E-01  1.97277530E+00  5.43187066E-03
    4100  5.19155974E-02  9.22134640E-02 -5.07750327E-01  1.98304815E+00  1.22603960E-02
    4150  6.55999100E-02  9.85569232E-02 -5.00686799E-01  1.98627202E+00  9.85687849E-03
    4200  6.19217088E-02  1.07206985E-01 -4.90810384E-01  1.97985653E+00  8.69570108E-03
    4250  3.12480750E-02  8.22725263E-02 -5.23885903E-01  1.97964009E+00  9.01040778E-03
    4300  2.21028776E-02  7.33367716E-02 -5.26400535E-01  1.98363635E+00  1.08888445E-02
    4350  2.65614719E-02  9.90296524E-02 -5.06787219E-01  1.98234677E+00  8.12476513E-03
    4400 -3.25071107E-02  9.27516291E-02 -5.44896896E-01  1.98146588E+00  5.99319330E-03
    4450 -3.94259040E-02  7.59522305E-02 -5.47675129E-01  1.98156156E+00  1.00486718E-02
    4500 -3.83762865E-02  6.91110488E-02 -5.70826528E-01  1.97417563E+00  1.11425567E-02
    4550 -4.11644637E-02  8.22759161E-02 -5.59790970E-01  1.96819583E+00  5.35053457E-03
    4600 -5.21376124E-02  7.43165214E-02 -5.69978671E-01  1.97555399E+00  1.20435781E-02
    4650 -1.83730552E-02  1.03053501E-01 -5.39877006E-01  1.97190987E+00  7.66706747E-03
    4700 -3.85462677E-02  1.33205154E-01 -5.39811930E-01  1.97065239E+00  1.11381755E-02
    4750 -3.88581097E-02  9.24891524E-02 -5.32350609E-01  1.97701415E+00  1.00310234E-02
    4800 -1.76144572E-02  1.05278999E-01 -5.40925726E-01  1.96871349E+00  7.26501849E-03
    4850 -3.34486707E-02  1.11239339E-01 -5.53417316E-01  1.97159962E+00  8.66884109E-03
    4900 -1.21799338E-02  1.16673890E-01 -5.50259792E-01  1.96669605E+00  7.35383239E-03
    4950 -2.53201852E-02  1.27910579E-01 -5.64541145E-01  1.97410222E+00  1.36461572E-02
    5000 -2.42365616E-02  1.26598984E-01 -5.61584247E-01  1.96864010E+00  7.70629999E-03
    5050  3.87582766E-03  1.18971562E-01 -5.49469151E-01  1.96770785E+00  1.06981757E-02
    5100 -5.87366164E-03  1.44101393E-01 -5.56142965E-01  1.96505162E+00  1.14134823E-02
    5150 -2.47605193E-02  1.31903279E-01 -5.40999893E-01  1.97722815E+00  4.64332918E-03
    5200  1.55535117E-02  1.27685895E-01 -5.41864893E-01  1.98072238E+00  1.25548096E-02
    5250  1.76247019E-02  1.06883347E-01 -5.69220481E-01  1.97344414E+00  8.30587953E-03
    5300  4.83582628E-02  1.16605326E-01 -5.47507776E-01  1.97627981E+00  4.95535491E-03
    5350 -7.69913427E-03  1.15468725E-01 -5.64293081E-01  1.97155645E+00  7.34150620E-03
    5400 -9.64210329E-03  1.18981810E-01 -5.68623610E-01  1.97178349E+00  9.07581244E-03
    5450 -2.22523679E-02  1.13544841E-01 -5.53325874E-01  1.96339496E+00  1.10136344E-02
    5500 -2.52743761E-02  1.40784526E-01 -5.80058407E-01  1.96764221E+00  1.83109377E-02
    5550 -5.09752309E-02  1.45413222E-01 -5.88978478E-01  1.97585846E+00  1.17288362E-02
    5600 -6.07266666E-02  1.60915552E-01 -5.81465330E-01  1.96834682E+00  3.37137745E-03
    5650 -4.08407275E-02  1.65397949E-01 -5.74837804E-01  1.97140986E+00  1.15146126E-02
    5700 -4.12607541E-02  1.80591187E-01 -5.78060209E-01  1.96865330E+00  6.42459285E-03
    5750 -6.50451014E-02  2.14688950E-01 -5.81307016E-01  1.96577779E+00  9.98985592E-03
    5800 -4.59174083E-02  2.04068409E-01 -6.03655197E-01  1.97272923E+00  1.35465926E-02
    5850 -5.46354747E-02  2.00449982E-01 -6.39169791E-01  1.97135323E+00  1.50630131E-02
    5900 -8.12592783E-02  1.81942400E-01 -6.30693376E-01  1.97389685E+00  9.20199336E-03
    5950 -1.00847291E-01  1.86498686E-01 -6.43490436E-01  1.97605577E+00  6.78805161E-03
    6000 -9.42126315E-02  1.72442551E-01 -6.42224924E-01  1.97419329E+00  1.26035429E-02
    6050 -9.35702653E-02  1.44537670E-01 -6.24443063E-01  1.96981956E+00  1.60895841E-02
    6100 -9.19583997E-02  1.35499786E-01 -6.23688430E-01  1.97681457E+00  1.20144167E-02
    6150 -1.08199728E-01  1.18292827E-01 -6.13669371E-01  1.98228897E+00  1.28396194E-02
    6200 -1.43846963E-01  1.26621513E-01 -5.94896268E-01  1.97650770E+00  1.09999751E-02
    6250 -1.27507750E-01  1.42001990E-01 -5.93010443E-01  1.97424650E+00  1.11018000E-02
    6300 -1.49681970E-01  1.24507061E-01 -6.04962818E-01  1.98024395E+00  3.94227015E-03
    6350 -1.80538371E-01  1.34660051E-01 -6.09517716E-01  1.97494506E+00  7.81124823E-03
    6400 -1.71584623E-01  1.38376120E-01 -6.18387264E-01  1.96974051E+00  1.02097041E-02
    6450 -1.55963363E-01  1.32868564E-01 -6.21529489E-01  1.97091052E+00  1.44637596E-02
    6500 -1.07807306E-01  1.10429891E-01 -6.16203093E-01  1.97018961E+00  8.39440745E-03
    6550 -1.07836010E-01  9.74807598E-02 -5.96920499E-01  1.96986250E+00  6.09390161E-03
    6600 -1.24825556E-01  8.79801078E-02 -6.14445007E-01  1.97606524E+00  7.63016393E-03
    6650 -1.37324534E-01  1.06481653E-01 -6.20532754E-01  1.98006044E+00  1.25741129E-02
    6700 -1.72433776E-01  1.31270338E-01 -5.91726944E-01  1.97105075E+00  1.24087099E-02
    6750 -2.12309569E-01  1.42635653E-01 -5.83434227E-01  1.97053611E+00  7.86272020E-03
    6800 -2.14732045E-01  1.48847760E-01 -5.88494360E-01  1.97361655E+00  9.50500382E-03
    6850 -2.02049080E-01  1.63523627E-01 -5.81420407E-01  1.97055253E+00  5.94178323E-03
    6900 -1.97460269E-01  1.37482014E-01 -5.85701594E-01  1.98014781E+00  6.86146507E-03
    6950 -1.97490399E-01  1.45117848E-01 -5.92080779E-01  1.97220429E+00  1.00574311E-02
    7000 -1.93213171E-01  1.45704178E-01 -5.74622222E-01  1.97298506E+00  1.37513145E-02
    7050 -1.69566310E-01  1.40885035E-01 -5.84773157E-01  1.97380580E+00  1.02290595E-02
    7100 -1.58060060E-01  1.48556031E-01 -5.83823011E-01  1.97408362E+00  1.14625288E-02
    7150 -1.64047889E-01  1.53547507E-01 -5.69623302E-01  1.97440143E+00  1.11046140E-02
    7200 -1.57348354E-01  1.80999952E-01 -5.81432619E-01  1.96859770E+00  9.75916326E-03
    7250 -1.81238667E-01  1.71903864E-01 -5.60298667E-01  1.97213465E+00  1.26150256E-02
    7300 -1.70115582E-01  1.78923210E-01 -5.52012288E-01  1.97331029E+00  1.37119466E-02
    7350 -1.57324471E-01  1.85199299E-01 -5.64433451E-01  1.97582780E+00  7.37809208E-03
    7400 -1.54613077E-01  1.71874021E-01 -5.84384088E-01  1.96794545E+00  8.69821494E-03
    7450 -1.61584808E-01  1.36501255E-01 -6.16090100E-01  1.96380024E+00  1.07398772E-02
    7500 -1.29656798E-01  1.31136561E-01 -6.00042947E-01  1.97221991E+00  1.25626768E-02
    7550 -1.37127752E-01  1.41898143E-01 -5.86318281E-01  1.97290266E+00  7.20937941E-03
    7600 -1.32794299E-01  1.29901461E-01 -5.71482360E-01  1.96151236E+00  1.34958830E-02
    7650 -1.23454025E-01  1.44967695E-01 -5.69603974E-01  1.97586741E+00  1.06955396E-02
    7700 -1.20349970E-01  1.51625071E-01 -5.91539610E-01  1.97117555E+00  5.87844524E-03
    7750 -1.11021990E-01  1.45211189E-01 -6.06585509E-01  1.96817983E+00  1.36783005E-02
    7800 -1.14984538E-01  1.47347448E-01 -5.82948001E-01  1.97011176E+00  1.27480114E-02
    7850 -1.24793663E-01  1.15155015E-01 -6.02058531E-01  1.98032945E+00  1.23753085E-02
    7900 -1.25170346E-01  9.69993767E-02 -5.90193209E-01  1.97233642E+00  1.31453659E-02
    7950 -1.28552372E-01  9.85583328E-02 -5.99884434E-01  1.96554696E+00  9.20280661E-03
    8000 -1.17491803E-01  7.88183784E-02 -5.76638607E-01  1.96001296E+00  5.66643564E-03
    8050 -1.34072369E-01  8.43744792E-02 -5.89776810E-01  1.96720961E+00  9.71257151E-03
    8100 -1.20656724E-01  7.88680804E-02 -5.92031979E-01  1.97510115E+00  1.37151544E-02
    8150 -1.52213725E-01  9.22047930E-02 -6.01359346E-01  1.98042387E+00  1.40507877E-02
    8200 -1.43435684E-01  9.47171666E-02 -5.99611031E-01  1.97737629E+00  1.11385936E-02
    8250 -1.40521736E-01  1.21988641E-01 -6.00424201E-01  1.97678017E+00  8.91057186E-03
    8300 -1.63940397E-01  1.24928289E-01 -6.03204352E-01  1.98033965E+00  5.51999075E-03
    8350 -1.71577023E-01  1.40672090E-01 -6.04384880E-01  1.98371404E+00  7.72750725E-03
    8400 -1.92050510E-01  1.07519738E-01 -6.43856212E-01  1.98313936E+00  4.82290239E-03
    8450 -1.90905485E-01  1.06423473E-01 -6.61344482E-01  1.97992013E+00  4.13977618E-03
    8500 -2.06001777E-01  9.80388645E-02 -6.52920908E-01  1.96834841E+00  3.69678114E-03
    8550 -2.06882518E-01  9.06607555E-02 -6.73458551E-01  1.97447304E+00  9.50887703E-03
    8600 -2.23284372E-01  9.72958710E-02 -6.38702949E-01  1.98084746E+00  8.85584640E-03
    8650 -2.20655900E-01  6.93639678E-02 -6.46431905E-01  1.97275004E+00  1.37863459E-02
    8700 -2.22319418E-01  8.41663526E-02 -6.61457074E-01  1.97936606E+00  1.09854474E-02
    8750 -2.10518051E-01  8.15394146E-02 -6.54399698E-01  1.97633793E+00  1.33369401E-02
    8800 -2.25594585E-01  8.21087356E-02 -6.46663683E-01  1.97716411E+00  9.40054442E-03
    8850 -2.18151045E-01  7.90129754E-02 -6.28512272E-01  1.97739284E+00  1.06633240E-02
    8900 -2.15191488E-01  6.47347800E-02 -6.54689819E-01  1.97915379E+00  5.76158529E-03
    8950 -2.19203650E-01  7.00192826E-02 -6.48553802E-01  1.97857143E+00  8.42431513E-03
    9000 -2.28493458E-01  4.74499842E-02 -6.28712672E-01  1.97588018E+00  1.02528524E-02
    9050 -2.28485807E-01  4.21708653E-02 -6.00046669E-01  1.97726956E+00  1.07100111E-02
    9100 -2.05370835E-01  4.35688074E-02 -6.22270326E-01  1.97419645E+00  7.30012164E-03
    9150 -2.15666831E-01  5.89578030E-02 -6.12224442E-01  1.97180726E+00  1.19576037E-02
    9200 -2.20360665E-01  6.13873413E-02 -6.14657978E-01  1.97643425E+00  6.69332900E-03
    9250 -2.26655558E-01  9.05304853E-02 -6.08308585E-01  1.97114428E+00  6.55610619E-03
    9300 -2.22959600E-01  9.16183001E-02 -6.19394257E-01  1.97095713E+00  1.08729716E-02
    9350 -2.47502502E-01  7.07773834E-02 -6.15671648E-01  1.98211757E+00  5.00033784E-03
    9400 -2.50971179E-01  6.04111190E-02 -6.26258609E-01  1.98112564E+00  5.55749758E-03
    9450 -2.41955234E-01  8.05891518E-02 -6.43417950E-01  1.98194685E+00  6.48539152E-03
    9500 -2.65571070E-01  6.24380528E-02 -6.43038022E-01  1.97873404E+00  1.16272794E-02
    9550 -2.52333591E-01  7.98877745E-02 -6.56968146E-01  1.98309524E+00  5.16218223E-03
    9600 -2.55611621E-01  6.50603625E-02 -6.48142195E-01  1.97844801E+00  9.10684437E-03
    9650 -2.36898828E-01  3.15322885E-02 -6.81048325E-01  1.97418350E+00  4.60722919E-03
    9700 -2.34937298E-01  1.50267286E-02 -7.02836584E-01  1.97958456E+00  6.84331350E-03
    9750 -2.27485932E-01  3.30078767E-02 -6.89239670E-01  1.97804859E+00  8.48192795E-03
    9800 -2.27681228E-01  5.99603323E-03 -6.69735061E-01  1.97909301E+00  1.10463660E-02
    9850 -2.04163277E-01 -9.51483762E-03 -6.74152235E-01  1.96188040E+00  5.23877152E-03
    9900 -1.87192587E-01 -2.63319816E-02 -6.85238347E-01  1.97153039E+00  5.66370344E-03
    9950 -1.74644115E-01 -4.81251414E-02 -6.74673042E-01  1.97714040E+00  1.09463173E-02
   10000 -1.94021467E-01 -5.33232982E-02 -7.05983215E-01  1.97775218E+00  6.96678869E-03
   10050 -1.97341572E-01 -6.08078941E-02 -7.04418898E-01  1.97757419E+00  1.22112514E-02
   10100 -2.29139056E-01 -5.68378998E-02 -7.03389225E-01  1.97551535E+00  1.06467410E-02
   10150 -2.48670771E-01 -3.13488389E-02 -6.87681325E-01  1.97918232E+00  4.72770789E-03
   10200 -2.31879987E-01 -3.98538114E-02 -6.93012065E-01  1.97812349E+00  5.50413019E-03
   10250 -2.26808608E-01 -3.92253200E-02 -7.13807914E-01  1.97858023E+00  8.03451132E-03
   10300 -2.11735147E-01 -6.07304601E-02 -7.53370677E-01  1.97151435E+00  7.33347041E-03
   10350 -2.18538676E-01 -6.11557641E-02 -7.34871101E-01  1.97198569E+00  1.05515864E-02
   10400 -2.09738087E-01 -7.32683045E-02 -7.25865696E-01  1.97533606E+00  1.02643081E-02
   10450 -2.00088735E-01 -8.14922245E-02 -7.47716618E-01  1.97227350E+00  4.98482320E-03
   10500 -2.19180582E-01 -8.03508985E-02 -7.49505319E-01  1.97419950E+00  8.37096907E-03
   10550 -2.35729223E-01 -9.21794881E-02 -7.69539431E-01  1.97679098E+00  1.05875581E-02
   10600 -2.07923508E-01 -1.02793331E-01 -7.90880274E-01  1.97965765E+00  7.29198461E-03
   10650 -2.38320912E-01 -8.15359938E-02 -7.93769591E-01  1.97906975E+00  5.20203316E-03
   10700 -2.31327838E-01 -8.39217660E-02 -7.71899270E-01  1.97235273E+00  1.01097130E-02
   10750 -2.12376587E-01 -1.04549278E-01 -8.00394638E-01  1.97580603E+00  5.52304914E-03
   10800 -2.14124529E-01 -1.01821082E-01 -8.04619653E-01  1.97865670E+00  4.44951912E-03
   10850 -1.95355471E-01 -9.89083610E-02 -7.92813392E-01  1.98365198E+00  7.55049887E-03
   10900 -2.10020309E-01 -9.97668907E-02 -7.75884957E-01  1.98310031E+00  2.80836336E-03
   10950 -2.13575122E-01 -9.19802066E-02 -7.75489138E-01  1.98188397E+00  1.05464994E-02
   11000 -2.14822357E-01 -8.44654651E-02 -7.73764208E-01  1.97104035E+00  4.96040281E-03
   11050 -2.33730480E-01 -1.01624738E-01 -7.81866317E-01  1.97018208E+00  1.55581834E-02
   11100 -2.54945857E-01 -8.67803228E-02 -7.81726703E-01  1.96595347E+00  8.31014244E-03
   11150 -2.68478736E-01 -5.59723796E-02 -7.74049548E-01  1.98051107E+00  5.89663028E-03
   11200 -2.69404514E-01 -5.42643489E-02 -7.81685057E-01  1.97229704E+00  5.93012531E-03
   11250 -2.69431779E-01 -3.31756872E-02 -7.86697051E-01  1.97163887E+00  1.61584684E-02
   11300 -2.56724123E-01 -2.22853646E-02 -7.67163454E-01  1.96253713E+00  1.29405493E-02
   11350 -2.10435383E-01 -5.52728297E-02 -7.65194392E-01  1.96869637E+00  1.61023557E-02
   11400 -1.97617957E-01 -5.77601111E-02 -7.65786493E-01  1.97546888E+00  6.64385032E-03
   11450 -1.71679315E-01 -7.36267752E-02 -7.88484419E-01  1.97819503E+00  1.09122609E-02
   11500 -2.00562419E-01 -8.65992800E-02 -7.62072693E-01  1.97790115E+00  1.54894557E-02
   11550 -2.09818003E-01 -4.08585909E-02 -7.53942655E-01  1.98241840E+00  3.15795317E-03
   11600 -1.95746444E-01 -4.85749262E-02 -7.59283982E-01  1.98805208E+00  6.30027063E-03
   11650 -1.87054219E-01 -3.42248720E-02 -7.45453741E-01  1.98231427E+00  4.39199859E-03
   11700 -1.75704705E-01 -5.38748941E-03 -7.35950765E-01  1.98214262E+00  4.22407135E-03
   11750 -1.95630746E-01  1.43543424E-02 -7.42643304E-01  1.97667257E+00  6.93656779E-03
   11800 -2.03539022E-01  6.45525545E-03 -7.49700590E-01  1.96775840E+00  9.48450144E-03
   11850 -2.14339728E-01  5.94152813E-03 -7.60013965E-01  1.98056597E+00  9.84429588E-03
   11900 -1.91104527E-01 -1.38652987E-03 -7.48177663E-01  1.98409997E+00  9.53494693E-03
   11950 -1.87163141E-01 -2.83533778E-02 -7.78611394E-01  1.98389973E+00  8.09004395E-03
   12000 -1.86278551E-01 -3.19509346E-02 -7.77169274E-01  1.97856349E+00  4.41380848E-03
   12050 -1.54546816E-01 -1.16003562E-02 -7.71464136E-01  1.98245106E+00  1.05686264E-02
   12100 -1.51121246E-01 -4.60136064E-02 -7.72953677E-01  1.98074633E+00  6.91370370E-03
   12150 -1.24498642E-01 -8.64938971E-02 -8.04371332E-01  1.98836462E+00  9.61419590E-03
   12200 -1.05378746E-01 -7.18317554E-02 -8.03177779E-01  1.98490148E+00  8.89760656E-03
   12250 -1.10229787E-01 -5.11620998E-02 -7.88307923E-01  1.98437742E+00  8.81014111E-03
   12300 -7.15903262E-02 -6.53602677E-02 -7.90239494E-01  1.97801765E+00  1.65698735E-02
   12350 -6.68577607E-02 -1.00189802E-01 -8.14871823E-01  1.97848851E+00  1.47942884E-02
   12400 -6.77639557E-02 -1.00055855E-01 -7.85955878E-01  1.96505501E+00  8.30787444E-03
   12450 -8.13087616E-02 -1.01939895E-01 -7.76258172E-01  1.97037243E+00  1.23502133E-02
   12500 -1.02971714E-01 -1.26888074E-01 -7.86359043E-01  1.96716339E+00  1.23875723E-02
   12550 -1.07636543E-01 -1.21558102E-01 -7.87532420E-01  1.97273718E+00  1.36687144E-02
   12600 -1.01554555E-01 -1.49120008E-01 -7.68902054E-01  1.97271825E+00  7.74358238E-03
   12650 -8.56816204E-02 -1.24033448E-01 -7.50475581E-01  1.97455314E+00  9.32721759E-03
   12700 -8.01854251E-02 -1.26852405E-01 -7.41290278E-01  1.96717717E+00  1.00352037E-02
   12750 -8.49901470E-02 -1.23295650E-01 -7.28842409E-01  1.97287776E+00  3.49530417E-03
   12800 -8.70798381E-02 -1.22810398E-01 -7.17969867E-01  1.97297265E+00  5.83351695E-03
   12850 -1.09189840E-01 -1.21831457E-01 -7.21545005E-01  1.98244408E+00  6.85777657E-03
   12900 -1.22450510E-01 -1.16071283E-01 -7.16224725E-01  1.98108707E+00  1.81492708E-02
   12950 -1.04131019E-01 -1.15209563E-01 -7.14521132E-01  1.97904305E+00  1.71765113E-02
   13000 -1.15329148E-01 -1.49491177E-01 -7.03023147E-01  1.97851414E+00  1.64916255E-02
   13050 -1.24567004E-01 -1.50655348E-01 -7.28889381E-01  1.98153749E+00  1.05931453E-02
   13100 -1.21311922E-01 -1.49689343E-01 -7.30861549E-01  1.97546378E+00  8.71928714E-03
   13150 -1.15519702E-01 -1.24885196E-01 -7.15110412E-01  1.97880330E+00  9.46780047E-03
   13200 -8.90501935E-02 -1.19638987E-01 -7.15667774E-01  1.98761054E+00  5.13730211E-03
   13250 -7.34727252E-02 -1.21172629E-01 -7.27752491E-01  1.98547041E+00  8.11295926E-03
   13300 -8.15389159E-02 -1.22276351E-01 -7.17222720E-01  1.97923279E+00  9.00936048E-03
   13350 -9.31697624E-02 -1.31594695E-01 -7.28748412E-01  1.97308152E+00  8.83619786E-03
   13400 -1.10854648E-01 -1.57634505E-01 -7.21117641E-01  1.96608370E+00  1.63918680E-02
   13450 -1.12972120E-01 -1.33196097E-01 -7.36119501E-01  1.98134235E+00  1.03406778E-02
   13500 -9.36050926E-02 -1.31511231E-01 -7.21590370E-01  1.97686825E+00  7.07043395E-03
   13550 -1.18945777E-01 -1.26710930E-01 -7.38668902E-01  1.97899299E+00  5.36142424E-03
   13600 -1.37783595E-01 -1.28927729E-01 -7.33807900E-01  1.97880965E+00  8.63160311E-03
   13650 -1.44510040E-01 -1.17128040E-01 -7.36757628E-01  1.98450432E+00  9.25237879E-03
   13700 -1.64386387E-01 -8.38106464E-02 -7.32118399E-01  1.97791437E+00  5.28083544E-03
   13750 -1.58318080E-01 -8.42973313E-02 -7.30915880E-01  1.98025654E+00  6.03071944E-03
   13800 -1.42424599E-01 -6.97566709E-02 -7.41427040E-01  1.97884380E+00  1.39898295E-02
   13850 -1.53050295E-01 -8.32812215E-02 -7.30452488E-01  1.97111409E+00  1.08649717E-02
   13900 -1.30591038E-01 -7.34340484E-02 -7.30099622E-01  1.97172536E+00  8.97745727E-03
   13950 -9.19291717E-02 -9.74666523E-02 -7.46945658E-01  1.96539018E+00  1.96393277E-02
   14000 -9.24695819E-02 -8.87021387E-02 -7.63274563E-01  1.96439253E+00  1.38264519E-02
   14050 -1.21395468E-01 -5.54234629E-02 -7.53699355E-01  1.96587571E+00  1.93219615E-02
   14100 -1.30222267E-01 -7.68290349E-02 -7.83846930E-01  1.96219471E+00  1.76366848E-02
   14150 -1.10881577E-01 -4.27188167E-02 -7.78857888E-01  1.96790612E+00  1.11513917E-02
   14200 -1.08895094E-01 -4.67546151E-02 -7.88352846E-01  1.97677212E+00  1.07329286E-02
   14250 -1.08847062E-01 -3.68541994E-02 -7.86341255E-01  1.97581258E+00  1.57064980E-02
   14300 -9.01247315E-02 -4.06600890E-02 -7.61917850E-01  1.97402966E+00  7.12237954E-03
   14350 -1.17416887E-01 -4.54959478E-02 -7.50886674E-01  1.98312904E+00  1.33740053E-02
   14400 -1.29631110E-01 -3.97921667E-02 -7.61975888E-01  1.98390829E+00  8.15753607E-03
   14450 -1.13075203E-01 -5.87661796E-02 -7.85953136E-01  1.97978654E+00  4.40828313E-03
   14500 -1.11210113E-01 -6.80456836E-02 -8.15904722E-01  1.98618718E+00  3.44245368E-03
   14550 -1.16218289E-01 -6.12403561E-02 -7.81679094E-01  1.97604009E+00  3.54318809E-03
   14600 -1.45409797E-01 -3.74656963E-02 -7.80404415E-01  1.96530973E+00  6.87801822E-03
   14650 -1.34949188E-01 -3.76388504E-02 -7.69248123E-01  1.97452080E+00  6.38035646E-03
   14700 -1.33392062E-01 -3.06004162E-02 -7.71486528E-01  1.97163200E+00  7.92958391E-03
   14750 -1.19357038E-01 -3.97130295E-02 -7.89914478E-01  1.97630457E+00  1.02613820E-02
   14800 -1.17643437E-01 -4.18838278E-02 -7.84611227E-01  1.97350097E+00  7.09386551E-03
   14850 -1.19621806E-01 -3.97846319E-02 -7.73174544E-01  1.97480167E+00  6.66092457E-03
   14900 -1.27491023E-01 -3.21281345E-02 -7.71342755E-01  1.96842698E+00  5.15675132E-03
   14950 -1.44907144E-01 -7.18288570E-02 -7.80077675E-01  1.97353712E+00  8.61500952E-03
   15000 -1.46351033E-01 -5.34328239E-02 -7.95111894E-01  1.97388957E+00  4.44227218E-03
   15050 -1.97856257E-01 -3.46828137E-02 -7.92045647E-01  1.97889289E+00  9.30758146E-03
   15100 -1.78333625E-01 -4.10026579E-02 -7.99152053E-01  1.97872172E+00  1.28542514E-02
   15150 -2.03088771E-01 -4.80582283E-02 -7.94214324E-01  1.97802225E+00  6.23455628E-03
   15200 -1.83610195E-01 -4.64289557E-02 -7.87810845E-01  1.96525335E+00  1.05241552E-02
   15250 -2.04995692E-01 -6.01536122E-02 -7.77148520E-01  1.96397018E+00  1.12929194E-02
   15300 -2.24635018E-01 -1.46697671E-02 -7.53212290E-01  1.97346837E+00  8.15614297E-03
   15350 -2.42148935E-01 -3.19302757E-02 -7.52071939E-01  1.96666111E+00  1.10301240E-02
   15400 -2.30939495E-01 -1.48217382E-02 -7.38541835E-01  1.97325124E+00  8.19740934E-03
   15450 -2.45713741E-01 -2.55850567E-02 -7.19476197E-01  1.97490947E+00  1.00965480E-02
   15500 -2.61055517E-01 -2.27645362E-02 -7.24311803E-01  1.96962353E+00  5.70732504E-03
   15550 -2.17193984E-01 -4.11120273E-02 -7.23053388E-01  1.97418653E+00  8.47156071E-03
   15600 -2.11673957E-01 -4.52260051E-02 -7.30778139E-01  1.97739558E+00  6.51836424E-03
   15650 -2.08272006E-01 -6.37332884E-02 -7.33582718E-01  1.97914460E+00  1.16017008E-02
   15700 -2.37708444E-01 -7.57938284E-02 -7.38639346E-01  1.98265281E+00  1.04811712E-02
   15750 -2.18554858E-01 -7.16227246E-02 -7.44235010E-01  1.98283636E+00  1.13245267E-02
   15800 -1.98582192E-01 -5.73064319E-02 -7.35199460E-01  1.98188585E+00  1.11652085E-02
   15850 -2.00405322E-01 -5.38052245E-02 -7.64246894E-01  1.97924115E+00  8.62465153E-03
   15900 -2.12456113E-01 -5.97268255E-02 -7.65718375E-01  1.98055221E+00  9.21925594E-03
   15950 -1.92571918E-01 -6.65355099E-02 -7.50532202E-01  1.98030936E+00  9.59981276E-03
   16000 -2.08824123E-01 -6.08427998E-02 -7.29237574E-01  1.97298305E+00  8.53158590E-03
   16050 -1.92274968E-01 -3.52031141E-02 -7.22758645E-01  1.97281258E+00  5.96868507E-03
   16100 -2.05923221E-01 -6.61028818E-02 -7.25512528E-01  1.97085331E+00  8.49264122E-03
   16150 -2.37176483E-01 -6.79249428E-02 -6.88549512E-01  1.97271493E+00  2.23743774E-02
   16200 -2.47334792E-01 -5.03334818E-02 -6.80518621E-01  1.96777786E+00  8.44427993E-03
   16250 -3.00150480E-01 -2.94788920E-02 -6.67152929E-01  1.97390774E+00  1.12575414E-02
   16300 -3.12469744E-01 -4.24441795E-02 -6.78059462E-01  1.96568884E+00  1.20933896E-02
   16350 -2.82498160E-01 -3.16857435E-02 -6.90219775E-01  1.95876742E+00  1.03363890E-02
   16400 -2.84559299E-01 -8.83734578E-03 -6.73828637E-01  1.97044661E+00  1.39668571E-02
   16450 -2.73975205E-01  1.75926740E-02 -6.63548406E-01  1.97588647E+00  6.80290216E-03
   16500 -2.63797443E-01  3.67063881E-02 -6.76452856E-01  1.96918710E+00  4.84403207E-03
   16550 -2.62781856E-01  3.41767128E-02 -6.79658268E-01  1.97651843E+00  9.83194438E-03
   16600 -2.75913842E-01  1.61724971E-02 -6.84177024E-01  1.97445699E+00  1.85430925E-02
   16650 -2.75299321E-01  5.35218470E-03 -6.79154273E-01  1.97314244E+00  1.15885935E-02
   16700 -2.75931922E-01 -1.26323236E-02 -6.89324605E-01  1.98108707E+00  7.78769262E-03
   16750 -2.83582657E-01 -1.44986144E-02 -7.17663685E-01  1.97156007E+00  9.41780760E-03
   16800 -2.86904025E-01  8.22527057E-03 -7.08179698E-01  1.97748577E+00  7.64698273E-03
   16850 -2.87459221E-01  4.74067386E-02 -7.02445614E-01  1.97641782E+00  7.51786145E-03
   16900 -3.12584079E-01  4.18041185E-02 -7.21774608E-01  1.98205991E+00  8.69615338E-03
   16950 -3.12197023E-01  6.90823255E-02 -7.10897141E-01  1.97744903E+00  9.67267866E-03
   17000 -3.24367750E-01  6.09897073E-02 -6.87079397E-01  1.97492553E+00  1.21746139E-02
   17050 -3.26538461E-01  8.68486436E-02 -6.63301971E-01  1.97192949E+00  1.10296317E-02
   17100 -3.33174699E-01  1.10736051E-01 -6.50065587E-01  1.98213164E+00  9.22853394E-03
   17150 -3.61917317E-01  1.10647114E-01 -6.22014630E-01  1.97319463E+00  1.06461599E-02
   17200 -3.64964101E-01  1.22166360E-01 -6.27608011E-01  1.97491002E+00  4.26132795E-03
   17250 -4.01852216E-01  9.53095329E-02 -6.26162567E-01  1.97741688E+00  8.41271661E-03
   17300 -4.18193734E-01  6.05348212E-02 -6.16958693E-01  1.97815202E+00  1.44135588E-02
   17350 -4.30827569E-01  4.61931304E-02 -6.05933405E-01  1.98013024E+00  1.32054254E-02
   17400 -4.46601156E-01  2.07276355E-02 -6.19326325E-01  1.96907926E+00  1.26557311E-02
   17450 -4.48008167E-01  1.15102435E-02 -6.30953184E-01  1.97176393E+00  1.38723968E-02
   17500 -4.40878833E-01  2.38206513E-04 -6.55763953E-01  1.97871971E+00  8.00845910E-03
   17550 -4.17677487E-01  1.02420729E-02 -6.58071021E-01  1.97738073E+00  7.26001429E-03
   17600 -4.19722461E-01  3.95345022E-02 -6.63717205E-01  1.97880581E+00  1.16522690E-02
   17650 -4.35107202E-01  1.04147872E-02 -6.44803821E-01  1.97811590E+00  9.68064666E-03
   17700 -4.39258813E-01  1.49186554E-03 -6.59867703E-01  1.97599689E+00  8.46273298E-03
   17750 -4.38176981E-01  3.23799445E-02 -6.39189920E-01  1.97792734E+00  6.36244861E-03
   17800 -4.30029861E-01  1.20253916E-02 -6.45364920E-01  1.98288871E+00  3.22505564E-03
   17850 -4.29721720E-01  2.40698156E-02 -6.22966547E-01  1.97723155E+00  1.31264832E-02
   17900 -4.10163370E-01  3.60136475E-02 -6.17754199E-01  1.96718810E+00  1.85209225E-02
   17950 -3.97110314E-01  5.35296379E-02 -6.07298500E-01  1.97151976E+00  1.70021930E-02
   18000 -3.88368174E-01  6.29653612E-02 -5.83441801E-01  1.98447187E+00  9.05399045E-03
   18050 -3.61685545E-01  5.58016834E-02 -5.90626702E-01  1.99026170E+00  8.14229488E-03
   18100 -3.63662888E-01  2.50356903E-02 -5.99355993E-01  1.98405894E+00  1.32373240E-03
   18150 -3.55550728E-01 -4.04077882E-04 -6.16579959E-01  1.97611659E+00  1.16072038E-02
   18200 -3.42325738E-01 -4.98340992E-03 -6.32013746E-01  1.97443288E+00  1.09139586E-02
   18250 -3.83013785E-01 -8.56914099E-03 -6.19658259E-01  1.97294826E+00  6.87199367E-03
   18300 -3.70635893E-01  1.64024588E-03 -5.82691871E-01  1.97765223E+00  9.83019761E-03
   18350 -3.68168482E-01  1.94217748E-02 -5.80589921E-01  1.97976678E+00  1.17918715E-02
   18400 -3.64882435E-01  8.66197611E-03 -5.61126092E-01  1.97334305E+00  1.77671840E-02
   18450 -3.67105213E-01  1.42673414E-02 -5.52411530E-01  1.98004760E+00  1.55402861E-02
   18500 -3.62181723E-01  9.76571088E-03 -5.79741563E-01  1.97619753E+00  9.94917745E-03
   18550 -3.78881749E-01  2.80763789E-02 -5.65570137E-01  1.98011770E+00  1.77482227E-02
   18600 -3.77206405E-01  2.91717470E-02 -5.65948840E-01  1.97993386E+00  1.57525299E-02
   18650 -3.65412055E-01  6.28656123E-02 -5.54845945E-01  1.97371059E+00  1.68406024E-02
   18700 -3.63706436E-01  2.48709317E-02 -5.45838515E-01  1.98045589E+00  1.37820793E-02
   18750 -3.82935963E-01  3.67074258E-02 -5.25743768E-01  1.97101329E+00  1.52236631E-02
   18800 -3.94433388E-01  4.54528074E-02 -5.03479227E-01  1.97136828E+00  1.62801636E-02
   18850 -3.99864574E-01  2.81922618E-02 -4.98198013E-01  1.97306740E+00  1.18137790E-02
   18900 -4.14372164E-01  5.54655704E-02 -5.11183205E-01  1.97383007E+00  1.05660691E-02
   18950 -4.11377951E-01  4.03743363E-02 -5.34822173E-01  1.97549534E+00  1.62574281E-02
   19000 -4.18473659E-01  2.77897140E-02 -5.29995357E-01  1.97339190E+00  9.63976914E-03
   19050 -3.89455080E-01  5.18419225E-02 -5.09459402E-01  1.97491838E+00  1.46506364E-02
   19100 -4.12469395E-01  5.05766464E-02 -5.14980354E-01  1.97749721E+00  1.99819678E-02
   19150 -4.36974228E-01  3.81337948E-02 -4.88222424E-01  1.96306858E+00  8.47081213E-03
   19200 -4.49196615E-01  4.45131812E-02 -5.04552491E-01  1.96857367E+00  1.28674099E-02
   19250 -4.23576079E-01  4.23877934E-02 -5.22634170E-01  1.96851016E+00  1.87048960E-02
   19300 -4.21524207E-01  8.62593541E-03 -5.32757808E-01  1.97419842E+00  6.85835358E-03
   19350 -3.97608172E-01 -9.96410421E-03 -5.45016829E-01  1.97382727E+00  9.87726513E-03
   19400 -3.95646108E-01 -1.42272276E-02 -5.36046262E-01  1.98184322E+00  8.11266281E-03
   19450 -3.46864128E-01 -2.13786735E-02 -5.23836932E-01  1.97310960E+00  4.57077539E-03
   19500 -3.51369877E-01 -4.64581980E-02 -5.42976006E-01  1.97483151E+00  3.74005452E-03
   19550 -3.42958662E-01 -3.48032260E-02 -5.32965024E-01  1.98035628E+00  7.88931804E-03
   19600 -3.28464869E-01 -4.04165564E-02 -5.25530316E-01  1.97659889E+00  1.37980868E-02
   19650 -3.07982539E-01 -3.43158706E-02 -5.37491424E-01  1.98073854E+00  1.37863166E-02
   19700 -3.25643541E-01 -7.12673893E-02 -5.60402505E-01  1.97361210E+00  7.74389448E-03
   19750 -2.99199830E-01 -5.73638747E-02 -5.49864713E-01  1.97938468E+00  4.15343815E-03
   19800 -2.97955693E-01 -4.40643485E-02 -5.21229821E-01  1.97621544E+00  3.59479957E-03
   19850 -3.14223299E-01 -5.57637551E-02 -5.14963675E-01  1.97176946E+00  1.47053926E-02
   19900 -3.12215165E-01 -5.26967478E-02 -5.16734541E-01  1.96620391E+00  1.43452594E-02
   19950 -2.87186280E-01 -4.46727267E-02 -5.07127159E-01  1.97134643E+00  1.53194286E-02
   20000 -2.96301619E-01 -2.91574334E-02 -4.89510024E-01  1.97444537E+00  7.13429292E-03
   20050 -3.26867293E-01 -1.13494546E-02 -4.86152577E-01  1.98195112E+00  2.81066377E-03
   20100 -3.19757595E-01 -3.28514111E-02 -4.91155793E-01  1.97974715E+00  9.74229456E-03
   20150 -2.93371769E-01 -3.41694066E-02 -4.98005671E-01  1.97630492E+00  1.05664337E-02
   20200 -3.06232773E-01 -1.21191614E-02 -4.82321813E-01  1.97835569E+00  9.66549453E-03
   20250 -3.14922540E-01 -3.80586168E-02 -4.80074508E-01  1.98588717E+00  4.48071860E-03
   20300 -3.21462975E-01 -3.57589866E-02 -4.89165803E-01  1.98081614E+00  7.63141350E-03
   20350 -2.87783085E-01 -2.98639685E-02 -4.93347451E-01  1.97357217E+00  1.60676423E-02
   20400 -2.99873547E-01 -1.95556345E-02 -4.92076886E-01  1.97486236E+00  1.40904784E-02
   20450 -3.38888180E-01 -3.90160106E-02 -5.10319734E-01  1.97280296E+00  7.96716060E-03
   20500 -3.52633554E-01 -3.15463447E-02 -5.30036960E-01  1.97790642E+00  1.17296507E-02
   20550 -3.21769193E-01 -4.40194173E-02 -5.32549387E-01  1.97939036E+00  8.75426341E-03
   20600 -3.25975381E-01 -5.57762565E-02 -5.37809629E-01  1.97938327E+00  1.43815484E-02
   20650 -3.30319224E-01 -5.28355101E-02 -5.08239057E-01  1.97328371E+00  7.82647177E-03
   20700 -3.19268205E-01 -6.01177845E-02 -5.15304157E-01  1.97330803E+00  5.35841265E-03
   20750 -3.32022754E-01 -3.34892837E-02 -5.05731506E-01  1.96998584E+00  1.06789533E-02
   20800 -3.54446328E-01 -6.87985703E-02 -5.11244536E-01  1.97226259E+00  8.07773066E-03
   20850 -3.67368654E-01 -9.46991780E-02 -5.34493111E-01  1.96650858E+00  1.32609994E-02
   20900 -3.60435346E-01 -1.03248611E-01 -5.29258486E-01  1.96451517E+00  1.13113895E-02
   20950 -3.54761988E-01 -7.99179561E-02 -5.05939093E-01  1.97432377E+00  8.72470050E-03
   21000 -3.33402261E-01 -7.45698678E-02 -4.73043958E-01  1.97772629E+00  3.77213457E-03
   21050 -3.38193189E-01 -6.53445116E-02 -4.75591590E-01  1.97700690E+00  4.88201886E-03
   21100 -3.65818325E-01 -6.38691286E-02 -4.76729876E-01  1.97586440E+00  9.47101050E-03
   21150 -3.48869820E-01 -5.13833176E-02 -4.45619929E-01  1.98041706E+00  8.70191186E-03
   21200 -3.14010494E-01 -3.86875115E-02 -4.57722908E-01  1.96995598E+00  7.17117693E-03
   21250 -2.77646544E-01 -4.83011144E-02 -4.54842920E-01  1.97272493E+00  4.82822801E-03
   21300 -2.71705055E-01 -7.89148006E-02 -4.66333672E-01  1.97248243E+00  1.17772203E-02
   21350 -2.78533929E-01 -7.37892554E-02 -4.61252303E-01  1.96800595E+00  9.65342379E-03
   21400 -2.63725188E-01 -9.14752564E-02 -4.66639983E-01  1.97076196E+00  1.13270261E-02
   21450 -2.88453893E-01 -8.53741729E-02 -4.86587624E-01  1.97386921E+00  7.56937064E-03
   21500 -3.04414712E-01 -7.28808619E-02 -4.84697017E-01  1.97489144E+00  5.10684728E-03
   21550 -3.14679696E-01 -6.49016295E-02 -4.88353735E-01  1.98458216E+00  5.29559072E-03
   21600 -3.53873708E-01 -5.67054330E-02 -4.77578736E-01  1.97080405E+00  5.66024933E-03
   21650 -3.44579867E-01 -4.71838864E-02 -4.83753815E-01  1.97944555E+00  7.63745920E-03
   21700 -3.53450766E-01 -1.66445231E-02 -4.69467005E-01  1.97754492E+00  7.95582115E-03
   21750 -3.41491756E-01 -5.30082352E-02 -4.85228261E-01  1.97992383E+00  3.73316642E-03
   21800 -3.44989139E-01 -4.46181402E-02 -5.09288725E-01  1.97980961E+00  1.52436707E-02
   21850 -3.22877212E-01 -6.01020128E-02 -5.21014874E-01  1.98055265E+00  8.21956032E-03
   21900 -3.01303025E-01 -5.44976550E-02 -5.04102643E-01  1.97840624E+00  9.42693745E-03
   21950 -2.93649160E-01 -6.25964345E-02 -4.96181233E-01  1.97553670E+00  6.01044749E-03
   22000 -3.17395901E-01 -3.48756182E-02 -4.73009294E-01  1.97963262E+00  9.05497338E-03
   22050 -3.13646398E-01 -4.25705251E-02 -4.94017435E-01  1.97432770E+00  1.24753463E-02
   22100 -3.04543606E-01 -3.37186811E-02 -5.21453243E-01  1.98081760E+00  5.46505869E-03
   22150 -3.08561392E-01 -3.91992648E-02 -5.18127690E-01  1.98282163E+00  1.02115021E-02
   22200 -3.19188858E-01 -4.19741723E-02 -5.42681516E-01  1.97927310E+00  4.84174142E-03
   22250 -3.13151616E-01 -3.31670943E-02 -5.41548855E-01  1.97168832E+00  1.54896162E-02
   22300 -3.02258799E-01 -2.91657434E-02 -5.18856029E-01  1.97637030E+00  1.16583616E-02
   22350 -3.07065187E-01 -3.37224940E-02 -5.16235335E-01  1.97035110E+00  1.00954357E-02
   22400 -3.27061082E-01 -7.24367360E-02 -5.12742555E-01  1.97297890E+00  1.33412839E-02
   22450 -3.50033193E-01 -8.83688373E-02 -5.19066568E-01  1.97795875E+00  6.79879849E-03
   22500 -3.46952940E-01 -1.07295949E-01 -5.45151975E-01  1.97897417E+00  1.16951562E-02
   22550 -3.72242226E-01 -8.76151992E-02 -5.61367228E-01  1.97093392E+00  9.35099120E-03
   22600 -3.60093455E-01 -7.62089757E-02 -5.63613007E-01  1.96705003E+00  1.71611253E-02
   22650 -3.59831716E-01 -7.87181109E-02 -5.67572431E-01  1.96922535E+00  1.03781662E-02
   22700 -3.53126505E-01 -7.02680084E-02 -5.63518071E-01  1.96714975E+00  4.66922728E-03
   22750 -3.53651443E-01 -1.00230960E-01 -5.43821915E-01  1.96975893E+00  9.77845687E-03
   22800 -3.50953417E-01 -1.01126818E-01 -5.34106907E-01  1.97002774E+00  1.13456384E-02
   22850 -3.50858234E-01 -1.11715572E-01 -5.34116247E-01  1.97283612E+00  1.71539046E-02
   22900 -3.55499972E-01 -1.11604919E-01 -5.63387257E-01  1.97922872E+00  1.62074429E-02
   22950 -3.65615306E-01 -1.02684837E-01 -5.67866222E-01  1.98064489E+00  8.24304731E-03
   23000 -3.39731532E-01 -8.39190462E-02 -6.03643347E-01  1.97732744E+00  8.38298490E-03
   23050 -3.23595353E-01 -8.51340881E-02 -6.13535524E-01  1.97673016E+00  7.58604132E-03
   23100 -3.25063182E-01 -8.70920366E-02 -6.27344713E-01  1.97798988E+00  5.54309641E-03
   23150 -3.53817270E-01 -7.34108853E-02 -6.28108710E-01  1.98026992E+00  5.27470529E-03
   23200 -3.90591239E-01 -6.82207204E-02 -6.34888085E-01  1.97364942E+00  6.86442157E-03
   23250 -3.86605490E-01 -6.42983507E-02 -6.46565703E-01  1.97553602E+00  4.82779265E-03
   23300 -4.15375880E-01 -4.89166857E-02 -6.46930335E-01  1.97056058E+00  8.26511433E-03
   23350 -4.02803955E-01 -5.62401257E-02 -6.48390566E-01  1.97885764E+00  1.06986740E-02
   23400 -3.92079701E-01 -5.73033846E-02 -6.56517587E-01  1.98101440E+00  3.39672532E-03
   23450 -3.83920813E-01 -4.96192884E-02 -6.41553289E-01  1.97524975E+00  8.09591965E-03
   23500 -3.77642835E-01 -2.53947207E-02 -6.12096444E-01  1.97593911E+00  9.89146084E-03
   23550 -3.67522141E-01 -1.17508358E-02 -6.24538985E-01  1.97745231E+00  1.00215446E-02
   23600 -3.47832912E-01 -1.19628614E-02 -6.22556562E-01  1.97803704E+00  7.52167846E-03
   23650 -3.13593903E-01  4.34077090E-02 -5.85570467E-01  1.97611589E+00  1.00949506E-02
   23700 -3.48364082E-01  3.20497447E-02 -5.80080849E-01  1.97194595E+00  6.16260504E-03
   23750 -3.30434772E-01  2.14628713E-02 -5.63736188E-01  1.96301499E+00  1.42255673E-02
   23800 -3.15408569E-01  3.97166384E-02 -5.34154862E-01  1.97319384E+00  1.40215462E-02
   23850 -3.04695830E-01  3.17502039E-02 -5.34658986E-01  1.96847653E+00  5.88462448E-03
   23900 -2.96735464E-01  4.43055212E-02 -5.55103080E-01  1.97903274E+00  8.87646155E-03
   23950 -3.21238481E-01  6.60569810E-02 -5.53108994E-01  1.97803157E+00  9.53552703E-03
   24000 -2.97790341E-01  5.21879712E-02 -5.72868363E-01  1.97740043E+00  8.23332646E-03
   24050 -2.81411200E-01  4.61014762E-02 -5.78917678E-01  1.97532696E+00  3.49438996E-03
   24100 -2.44628524E-01  4.75128237E-02 -5.93376694E-01  1.97071646E+00  7.94186550E-03
   24150 -2.57828026E-01  7.04653085E-02 -6.20983152E-01  1.96702339E+00  4.45249911E-03
   24200 -2.66484641E-01  8.54954507E-02 -6.04628881E-01  1.97513992E+00  1.13494950E-02
   24250 -2.88559400E-01  9.35622502E-02 -5.93332341E-01  1.98681881E+00  7.18527248E-03
   24300 -2.78706795E-01  7.91333444E-02 -5.99451253E-01  1.97977988E+00  4.63864541E-03
   24350 -2.87064238E-01  1.10264316E-01 -6.12234194E-01  1.97810223E+00  8.76505632E-03
   24400 -3.03911785E-01  1.41484477E-01 -5.98587667E-01  1.97896239E+00  8.92347668E-03
   24450 -2.95371982E-01  1.56250200E-01 -6.06635211E-01  1.98013883E+00  1.10481389E-02
   24500 -2.70695317E-01  1.75065733E-01 -6.06825656E-01  1.97653455E+00  1.42959107E-02
   24550 -2.68656246E-01  1.73639190E-01 -6.05809910E-01  1.97773660E+00  7.03898444E-03
   24600 -2.57770636E-01  1.80431882E-01 -6.03452370E-01  1.97326996E+00  8.94303758E-03
   24650 -2.89596293E-01  1.84808551E-01 -6.25553655E-01  1.96795820E+00  7.50295600E-03
   24700 -2.63374561E-01  1.54785752E-01 -6.42300187E-01  1.96806585E+00  1.26335090E-02
   24750 -2.97912412E-01  1.74856945E-01 -6.33991589E-01  1.97761908E+00  1.99440714E-02
   24800 -3.12477799E-01  1.76967542E-01 -6.53581298E-01  1.97116041E+00  1.91946325E-02
   24850 -3.00676425E-01  1.51967216E-01 -6.38543098E-01  1.97272161E+00  1.29477010E-02
   24900 -3.13467451E-01  1.52600358E-01 -6.17089069E-01  1.97211322E+00  1.17804839E-02
   24950 -3.24359503E-01  1.46277549E-01 -5.94511180E-01  1.98501153E+00  1.01288890E-02
   25000 -3.35796675E-01  1.28666314E-01 -5.98912074E-01  1.97895794E+00  9.08879689E-03
   25050 -3.28996185E-01  1.63760572E-01 -5.90191370E-01  1.97618003E+00  1.25198291E-02
   25100 -2.98189355E-01  1.73440942E-01 -5.75449439E-01  1.97434259E+00  1.08588337E-02
   25150 -3.01056442E-01  1.84335318E-01 -5.80812258E-01  1.97466781E+00  1.03370800E-02
   25200 -3.11270295E-01  1.81080645E-01 -5.74368220E-01  1.98056079E+00  1.89098195E-02
   25250 -2.95184800E-01  1.53672418E-01 -5.74864176E-01  1.98593678E+00  9.53538021E-03
   25300 -2.64706290E-01  1.63423328E-01 -5.77092659E-01  1.97912768E+00  1.00138891E-02
   25350 -2.78272230E-01  1.56834762E-01 -5.78209929E-01  1.97260227E+00  1.30440345E-02
   25400 -2.69427257E-01  1.56143214E-01 -5.55416258E-01  1.97287883E+00  1.19605540E-02
   25450 -2.90936501E-01  1.95884028E-01 -5.46959841E-01  1.97571217E+00  4.84020452E-03
   25500 -2.69961122E-01  2.07198949E-01 -5.36509649E-01  1.97906677E+00  4.66119424E-03
   25550 -2.65476597E-01  2.27872405E-01 -5.37834669E-01  1.97845104E+00  7.27313869E-03
   25600 -2.98455618E-01  2.51088417E-01 -5.06198751E-01  1.97525844E+00  8.54077841E-03
   25650 -3.09612711E-01  2.42648577E-01 -5.00325205E-01  1.97780370E+00  3.88650248E-03
   25700 -3.19907152E-01  2.42426691E-01 -5.08470255E-01  1.97952182E+00  1.05749979E-02
   25750 -3.49236465E-01  2.26676976E-01 -5.08061801E-01  1.97726827E+00  7.31010581E-03
   25800 -3.47855289E-01  2.57647666E-01 -4.87944797E-01  1.97391886E+00  4.36924683E-03
   25850 -3.32373344E-01  2.45162819E-01 -4.96411247E-01  1.97517686E+00  6.12935573E-03
   25900 -3.30427669E-01  2.15451423E-01 -4.91859934E-01  1.97048223E+00  9.36418499E-03
   25950 -3.55401595E-01  2.15124360E-01 -4.82153934E-01  1.97105437E+00  5.75905576E-03
   26000 -3.48725809E-01  2.19084786E-01 -4.79714753E-01  1.97117962E+00  8.81365526E-03
   26050 -3.85859202E-01  2.05703018E-01 -4.72110541E-01  1.97251773E+00  7.94088509E-03
   26100 -3.80747391E-01  2.13465270E-01 -4.76727916E-01  1.96786981E+00  1.09420423E-02
   26150 -3.97788687E-01  2.30892910E-01 -4.70708520E-01  1.97291088E+00  8.07593838E-03
   26200 -4.23111738E-01  2.08339407E-01 -4.99996717E-01  1.96502828E+00  1.16123517E-02
   26250 -3.97236879E-01  2.26658408E-01 -4.86719570E-01  1.96637830E+00  8.00445549E-03
   26300 -4.25212614E-01  2.50649788E-01 -4.89566904E-01  1.96952191E+00  8.86634392E-03
   26350 -4.34402000E-01  2.46193496E-01 -4.70790027E-01  1.97218254E+00  1.10968506E-02
   26400 -4.32842407E-01  2.71033670E-01 -4.50428404E-01  1.97227001E+00  1.26635666E-02
   26450 -4.19022273E-01  2.78702623E-01 -4.59319953E-01  1.97519294E+00  1.30272458E-02
   26500 -4.17703057E-01  3.12295528E-01 -4.50296020E-01  1.97517457E+00  1.49095018E-02
   26550 -4.26610330E-01  3.13023882E-01 -4.57198101E-01  1.97743761E+00  1.60203255E-02
   26600 -4.36909116E-01  2.85686078E-01 -4.83303565E-01  1.97564394E+00  9.01992753E-03
   26650 -4.57274657E-01  2.86940795E-01 -4.71148303E-01  1.97460283E+00  1.34930946E-02
   26700 -4.57472937E-01  3.01064472E-01 -4.61808035E-01  1.97824124E+00  8.24529212E-03
   26750 -4.57310030E-01  3.15204156E-01 -4.51812819E-01  1.97290962E+00  6.99511367E-03
   26800 -4.35023353E-01  3.30582236E-01 -4.56563447E-01  1.97477984E+00  8.06382709E-03
   26850 -4.13598652E-01  3.16133715E-01 -4.79668848E-01  1.97170991E+00  1.48898440E-02
   26900 -3.97691184E-01  3.12012594E-01 -4.92167240E-01  1.96626374E+00  1.05612966E-02
   26950 -4.10046567E-01  2.82179252E-01 -5.27801294E-01  1.97955274E+00  1.02027050E-02
   27000 -4.06564901E-01  2.63217667E-01 -5.28710878E-01  1.97799652E+00  1.06667688E-02
   27050 -4.05690407E-01  2.48525788E-01 -5.29067747E-01  1.97746264E+00  8.13857173E-03
   27100 -3.96441282E-01  2.62262783E-01 -5.23954748E-01  1.97627905E+00  6.54057888E-03
   27150 -4.06120561E-01  2.22044858E-01 -5.30924981E-01  1.97843191E+00  1.63294450E-03
   27200 -3.97166981E-01  2.27426721E-01 -5.15454823E-01  1.97919319E+00  5.17615440E-03
   27250 -4.09121025E-01  2.01000836E-01 -5.20553117E-01  1.97967282E+00  6.06428100E-03
   27300 -4.06924156E-01  1.78805689E-01 -5.34485364E-01  1.97929766E+00  5.75138689E-03
   27350 -3.96488076E-01  1.95800040E-01 -5.21571240E-01  1.98188311E+00  2.83158295E-03
   27400 -4.02288821E-01  2.25655031E-01 -5.11183523E-01  1.97065912E+00  9.85256695E-03
   27450 -4.36535556E-01  2.23702515E-01 -4.71796472E-01  1.97046267E+00  5.54968303E-03
   27500 -4.65106631E-01  2.40983890E-01 -4.48196368E-01  1.97004730E+00  7.60461778E-03
   27550 -4.53222089E-01  2.28526056E-01 -4.63317650E-01  1.97891656E+00  1.08075904E-02
   27600 -4.19229412E-01  2.34326208E-01 -4.71488033E-01  1.97019992E+00  1.30553849E-02
   27650 -4.08676871E-01  2.37681345E-01 -4.52995506E-01  1.97754677E+00  7.80961040E-03
   27700 -4.08038592E-01  2.17126551E-01 -4.41446778E-01  1.97808994E+00  6.10371739E-03
   27750 -4.14989649E-01  1.97322540E-01 -4.57985414E-01  1.98405662E+00  1.12511658E-02
   27800 -3.97005426E-01  1.90129012E-01 -4.67316304E-01  1.98148839E+00  6.30795524E-03
   27850 -4.00696770E-01  1.97948838E-01 -4.51663238E-01  1.97641718E+00  9.31896654E-03
   27900 -4.25238798E-01  1.88320329E-01 -4.75142099E-01  1.97359374E+00  1.13291329E-02
   27950 -4.23395960E-01  2.03925505E-01 -4.72522381E-01  1.97324675E+00  7.94174318E-03
   28000 -4.43480539E-01  1.83600490E-01 -4.92220274E-01  1.97311264E+00  1.12525884E-02
   28050 -4.56387139E-01  1.84157307E-01 -4.69354014E-01  1.97049858E+00  1.05798435E-02
   28100 -4.66937961E-01  1.84214604E-01 -4.56117130E-01  1.97330032E+00  5.04167593E-03
   28150 -4.64988235E-01  1.81022578E-01 -4.34754409E-01  1.97323822E+00  9.42692963E-03
   28200 -4.55241491E-01  1.62500084E-01 -4.45287139E-01  1.97705914E+00  1.19464942E-02
   28250 -4.46974629E-01  1.69359237E-01 -4.32085364E-01  1.97143369E+00  1.27634437E-02
   28300 -4.46734538E-01  1.53387004E-01 -4.34174051E-01  1.97241421E+00  1.36182420E-02
   28350 -4.56203476E-01  1.62194037E-01 -4.40808983E-01  1.97258567E+00  1.26038494E-02
   28400 -4.34327315E-01  1.51797035E-01 -4.34434525E-01  1.97099157E+00  9.20562930E-03
   28450 -4.07261609E-01  1.68586449E-01 -4.36696993E-01  1.96981518E+00  7.48792803E-03
   28500 -3.83878605E-01  1.90471032E-01 -4.39854522E-01  1.96453060E+00  2.22361764E-02
   28550 -3.68067572E-01  2.26396963E-01 -4.40626898E-01  1.96483758E+00  5.66705620E-03
   28600 -3.45984309E-01  2.25973509E-01 -4.47626646E-01  1.97403533E+00  6.73367935E-03
   28650 -3.60127685E-01  2.51778312E-01 -4.32815251E-01  1.97166288E+00  1.41242555E-02
   28700 -3.53625091E-01  2.15999066E-01 -4.63649372E-01  1.97859380E+00  1.78817093E-02
   28750 -3.42841812E-01  2.11830517E-01 -4.58379645E-01  1.97709351E+00  2.09247049E-02
   28800 -3.72226530E-01  2.21240086E-01 -4.33945483E-01  1.97308863E+00  2.08372488E-02
   28850 -3.69220984E-01  2.46794208E-01 -4.43323639E-01  1.97310312E+00  1.32772765E-02
   28900 -3.43689409E-01  2.91304835E-01 -4.18815873E-01  1.97439957E+00  1.07569923E-02
   28950 -3.04672760E-01  2.96479079E-01 -4.25469433E-01  1.96707390E+00  1.29849834E-02
   29000 -3.29698981E-01  3.06117999E-01 -4.39677134E-01  1.97093935E+00  1.27779457E-02
   29050 -3.29021476E-01  3.18941989E-01 -4.34100062E-01  1.96987464E+00  1.00675130E-02
   29100 -3.51538241E-01  3.26453411E-01 -4.40369991E-01  1.97534204E+00  8.90762361E-03
   29150 -3.42969446E-01  2.81828090E-01 -4.66990229E-01  1.97622551E+00  1.22796714E-02
   29200 -3.55896735E-01  2.69170755E-01 -4.80748685E-01  1.97786428E+00  4.93460231E-03
   29250 -3.71499678E-01  2.69834237E-01 -4.60478516E-01  1.97699654E+00  6.31381772E-03
   29300 -3.83016448E-01  2.96490708E-01 -4.58619404E-01  1.97689694E+00  8.32607484E-03
   29350 -3.77382892E-01  2.50290641E-01 -4.69730153E-01  1.96913044E+00  1.05447596E-02
   29400 -3.31217094E-01  2.56038492E-01 -4.84687003E-01  1.96948378E+00  1.31470273E-02
   29450 -3.51242060E-01  2.80346841E-01 -4.91316927E-01  1.98125781E+00  1.65695465E-02
   29500 -3.53578524E-01  2.92497703E-01 -4.74413786E-01  1.97929180E+00  7.80428449E-03
   29550 -3.85649892E-01  2.91878710E-01 -4.62767065E-01  1.97690838E+00  1.04790860E-02
   29600 -3.60636167E-01  2.66986725E-01 -4.73878597E-01  1.97473871E+00  6.36157526E-03
   29650 -4.01832744E-01  2.55981278E-01 -4.51985241E-01  1.97214245E+00  1.20353638E-02
   29700 -4.14464440E-01  2.46287025E-01 -4.54694697E-01  1.97715103E+00  1.02191616E-02
   29750 -4.12925489E-01  2.29245896E-01 -4.70098567E-01  1.97717407E+00  1.06089346E-02
   29800 -3.84872619E-01  2.30822610E-01 -4.91627431E-01  1.97695904E+00  8.38839611E-03
   29850 -3.78319364E-01  2.64300384E-01 -4.81829255E-01  1.98071106E+00  1.12204619E-02
   29900 -3.84254624E-01  2.36114674E-01 -4.91564303E-01  1.96935026E+00  4.36317532E-03
   29950 -4.01837787E-01  2.48072887E-01 -4.74307256E-01  1.97753222E+00  1.15306264E-02
   30000 -4.01447143E-01  2.39520535E-01 -4.63892338E-01  1.98746728E+00  1.17924663E-02
   30050 -4.08312694E-01  2.65865805E-01 -4.39130683E-01  1.98603400E+00  4.73608364E-03
   30100 -4.11971880E-01  2.37143129E-01 -4.50078012E-01  1.98278206E+00  8.75016992E-03
   30150 -3.98462751E-01  2.47089306E-01 -4.32115824E-01  1.97625177E+00  1.20959973E-02
   30200 -3.65681484E-01  2.40883145E-01 -4.43209209E-01  1.98424469E+00  1.03561985E-02
   30250 -3.56498161E-01  2.42241442E-01 -4.53809710E-01  1.98594153E+00  3.74083432E-03
   30300 -3.79647429E-01  2.39084471E-01 -4.61263711E-01  1.97829236E+00  8.20049040E-03
   30350 -3.71113867E-01  2.76270625E-01 -4.57190529E-01  1.97846540E+00  8.71680326E-03
   30400 -3.74486409E-01  2.53982316E-01 -4.52092747E-01  1.98611378E+00  4.84687341E-03
   30450 -3.93596239E-01  2.53988129E-01 -4.39832644E-01  1.98244585E+00  1.04480285E-02
   30500 -3.79941901E-01  2.33133424E-01 -4.43849059E-01  1.98131185E+00  6.68847440E-03
   30550 -3.88955643E-01  2.41485053E-01 -4.56749408E-01  1.98003935E+00  1.14714042E-02
   30600 -4.18024148E-01  2.73232103E-01 -4.66284511E-01  1.97697734E+00  9.22123311E-03
   30650 -4.50295990E-01  2.38880360E-01 -4.83524417E-01  1.97081022E+00  6.91990242E-03
   30700 -4.49742297E-01  2.33292076E-01 -5.06459496E-01  1.98724086E+00  6.69790312E-03
   30750 -4.42034516E-01  2.41312682E-01 -4.98955551E-01  1.97683035E+00  1.06463406E-02
   30800 -4.09337395E-01  2.34431652E-01 -5.11796806E-01  1.97682418E+00  6.99929705E-03
   30850 -4.14034895E-01  2.47790215E-01 -4.96500087E-01  1.98529390E+00  6.86537517E-03
   30900 -4.42216253E-01  2.55237096E-01 -4.85037719E-01  1.98658656E+00  1.21151680E-02
   30950 -4.62161870E-01  2.46873368E-01 -4.85595149E-01  1.97717611E+00  4.70972735E-03
   31000 -4.72698365E-01  2.45864937E-01 -4.79586019E-01  1.97720787E+00  7.33083911E-03
   31050 -5.08830313E-01  2.48024559E-01 -4.80707320E-01  1.98191956E+00  6.10117736E-03
   31100 -5.23512633E-01  2.25803611E-01 -4.81551694E-01  1.98660791E+00  9.28316295E-03
   31150 -5.13340437E-01  2.57893065E-01 -4.85208613E-01  1.98018546E+00  6.62303159E-03
   31200 -4.76860301E-01  2.71813108E-01 -4.95016817E-01  1.97919357E+00  6.40269216E-03
   31250 -4.78530297E-01  2.63865839E-01 -4.80758363E-01  1.97643068E+00  8.25533864E-03
   31300 -4.85157419E-01  2.70325117E-01 -4.65842421E-01  1.97705584E+00  5.85498171E-03
   31350 -4.91390924E-01  2.71139847E-01 -4.56899328E-01  1.96989567E+00  6.28740078E-03
   31400 -4.86666610E-01  2.95327237E-01 -4.79052843E-01  1.97842774E+00  4.26168683E-03
   31450 -5.06064946E-01  3.10068072E-01 -4.74444613E-01  1.97890343E+00  9.41796776E-03
   31500 -4.69850272E-01  2.86692893E-01 -5.11010907E-01  1.97002695E+00  1.09674982E-02
   31550 -4.50319982E-01  3.10886366E-01 -4.85297409E-01  1.96880200E+00  1.12915042E-02
   31600 -4.47124265E-01  3.52853592E-01 -4.89854167E-01  1.98096849E+00  1.55789547E-02
   31650 -4.29862466E-01  3.33821955E-01 -4.71979768E-01  1.97611518E+00  1.41116462E-02
   31700 -4.22314887E-01  3.55622314E-01 -4.41437706E-01  1.97007859E+00  6.00556142E-03
   31750 -4.40693066E-01  3.75658698E-01 -4.29163674E-01  1.97484518E+00  1.06932368E-02
   31800 -4.28997277E-01  3.88214618E-01 -4.19463914E-01  1.97792473E+00  6.97762989E-03
   31850 -4.55571936E-01  4.10650045E-01 -4.22056928E-01  1.97774174E+00  7.98571232E-03
   31900 -4.58000871E-01  4.12709675E-01 -4.04272430E-01  1.97909327E+00  9.64151406E-03
   31950 -4.34769842E-01  4.03196607E-01 -4.17515906E-01  1.97184232E+00  1.31397024E-02
   32000 -4.00391972E-01  4.23689104E-01 -4.02942354E-01  1.96972346E+00  1.20645136E-02
   32050 -4.02601839E-01  4.18868051E-01 -4.16779600E-01  1.97574521E+00  8.78565446E-03
   32100 -4.15594065E-01  4.16857149E-01 -4.01900806E-01  1.97777118E+00  9.35210814E-03
   32150 -3.87317691E-01  4.28714108E-01 -4.13947816E-01  1.98084496E+00  1.00489341E-02
   32200 -3.69977347E-01  4.41528639E-01 -4.14940648E-01  1.98042465E+00  8.10630280E-03
   32250 -3.90264088E-01  4.32458101E-01 -4.06731664E-01  1.98531050E+00  7.58807100E-03
   32300 -3.84902256E-01  4.63541846E-01 -3.92750905E-01  1.97579439E+00  6.69638118E-03
   32350 -3.68749432E-01  4.25729621E-01 -4.06956616E-01  1.97512413E+00  8.21436989E-03
   32400 -3.64579675E-01  4.24577957E-01 -3.96893627E-01  1.97786018E+00  8.56491602E-03
   32450 -3.67140514E-01  4.32124142E-01 -4.08274951E-01  1.97994967E+00  7.45397263E-03
   32500 -3.43750971E-01  4.23060400E-01 -3.99345715E-01  1.96716254E+00  1.55767348E-02
   32550 -3.73926808E-01  4.09604683E-01 -4.05428021E-01  1.96848722E+00  2.14745903E-02
   32600 -4.24992168E-01  4.08511466E-01 -4.03796269E-01  1.97607384E+00  1.06535111E-02
   32650 -4.29179610E-01  3.96959196E-01 -4.02322139E-01  1.97309631E+00  1.81262950E-02
   32700 -4.23371748E-01  3.70209850E-01 -4.23324198E-01  1.97793964E+00  1.21770090E-02
   32750 -4.31496884E-01  3.86118114E-01 -4.35421345E-01  1.97693034E+00  1.26457818E-02
   32800 -4.17516180E-01  3.88712967E-01 -4.51290157E-01  1.98241256E+00  4.54708208E-03
   32850 -3.87881530E-01  3.88117361E-01 -4.57092494E-01  1.97584938E+00  9.11786965E-03
   32900 -4.01755215E-01  4.30311324E-01 -4.54111791E-01  1.97789847E+00  1.28845408E-02
   32950 -3.99349734E-01  4.37618329E-01 -4.56910697E-01  1.97672693E+00  1.41699894E-02
   33000 -4.28683887E-01  4.65379464E-01 -4.41111230E-01  1.96781109E+00  7.46208925E-03
   33050 -4.29854510E-01  4.75495490E-01 -4.35809858E-01  1.97102456E+00  1.07641694E-02
   33100 -4.76676687E-01  4.51558375E-01 -4.36933033E-01  1.96766808E+00  1.09051029E-02
   33150 -5.22481017E-01  4.32882819E-01 -4.30931250E-01  1.97368080E+00  6.85497401E-03
   33200 -5.27738210E-01  4.21920770E-01 -4.32395315E-01  1.96730765E+00  2.08967540E-02
   33250 -5.67883722E-01  4.13720215E-01 -4.36441546E-01  1.96964475E+00  2.08006362E-02
   33300 -5.44928828E-01  4.24459371E-01 -4.46489841E-01  1.98557299E+00  1.55601199E-02
   33350 -5.30304116E-01  4.41877935E-01 -4.57184307E-01  1.98107970E+00  8.94262297E-03
   33400 -5.39794804E-01  4.57367948E-01 -4.19954320E-01  1.97389841E+00  1.62807316E-02
   33450 -5.04238554E-01  4.47233879E-01 -4.42184694E-01  1.98139098E+00  6.68014529E-03
   33500 -5.05384492E-01  4.23170815E-01 -4.51100928E-01  1.97498448E+00  7.17840244E-03
   33550 -4.83961509E-01  4.23630974E-01 -4.53999442E-01  1.96881831E+00  8.78379230E-03
   33600 -4.86761255E-01  4.02548003E-01 -4.65064913E-01  1.96253676E+00  1.26022130E-02
   33650 -4.86218025E-01  3.80094847E-01 -5.04817641E-01  1.97334440E+00  2.77545099E-03
   33700 -4.93654281E-01  4.01449436E-01 -5.05473425E-01  1.97070864E+00  1.07171815E-02
   33750 -5.22787260E-01  4.28530561E-01 -4.91121608E-01  1.97272284E+00  1.85737662E-02
   33800 -4.96304459E-01  4.65243585E-01 -4.89378815E-01  1.97594495E+00  4.76359927E-03
   33850 -5.39432380E-01  4.72518222E-01 -4.76598919E-01  1.98549666E+00  4.99013879E-03
   33900 -5.35237357E-01  4.48675651E-01 -4.52886071E-01  1.97396639E+00  1.24150174E-02
   33950 -5.14541280E-01  4.42006124E-01 -4.63476234E-01  1.97536812E+00  4.60031219E-03
   34000 -4.93439128E-01  4.64997799E-01 -4.87632614E-01  1.97155058E+00  1.16390967E-02
   34050 -4.93972278E-01  4.62251223E-01 -4.80234990E-01  1.98067517E+00  4.70665307E-03
   34100 -4.61061711E-01  4.53829078E-01 -4.81853021E-01  1.97931368E+00  1.11338729E-02
   34150 -4.88056191E-01  4.19390801E-01 -4.96133773E-01  1.97930438E+00  7.36062883E-03
   34200 -4.85434906E-01  4.40550992E-01 -5.01249777E-01  1.97880802E+00  7.71051989E-03
   34250 -5.32207426E-01  4.76371264E-01 -4.81226098E-01  1.98590309E+00  1.67158889E-02
   34300 -5.35759459E-01  4.67788625E-01 -4.68975051E-01  1.98050330E+00  8.50646730E-03
   34350 -5.40752290E-01  4.83006037E-01 -4.72349861E-01  1.97691298E+00  9.54161753E-03
   34400 -5.64586490E-01  4.51387535E-01 -4.86117886E-01  1.98610349E+00  6.19753966E-03
   34450 -5.77657522E-01  4.46405076E-01 -4.66271093E-01  1.97579354E+00  7.41281074E-03
   34500 -5.59288115E-01  4.33735610E-01 -4.65052493E-01  1.98028848E+00  1.32544458E-02
   34550 -5.41172513E-01  4.40150670E-01 -4.57407397E-01  1.97503192E+00  1.18002698E-02
   34600 -5.54973941E-01  4.26751576E-01 -4.73007251E-01  1.97087109E+00  1.16512999E-02
   34650 -5.40814971E-01  4.05048058E-01 -4.81150951E-01  1.97031719E+00  9.72278368E-03
   34700 -5.67765703E-01  4.05009196E-01 -4.84653820E-01  1.96633718E+00  9.70488472E-03
   34750 -5.24104573E-01  3.84067626E-01 -4.79006265E-01  1.96212680E+00  1.17043637E-02
   34800 -5.45128840E-01  3.62063569E-01 -4.93029680E-01  1.96432725E+00  1.72335455E-02
   34850 -5.78527994E-01  3.59908177E-01 -4.99746657E-01  1.96765820E+00  1.43956034E-02
   34900 -5.97713716E-01  3.81912155E-01 -5.02456983E-01  1.96975296E+00  1.00819107E-02
   34950 -6.15227183E-01  3.60733686E-01 -5.00933088E-01  1.97876420E+00  5.61928912E-03
   35000 -6.27118190E-01  4.22227221E-01 -4.70061272E-01  1.98170863E+00  9.74538248E-03
   35050 -6.49619057E-01  4.31775100E-01 -4.61261576E-01  1.97804388E+00  1.02482190E-02
   35100 -6.71681512E-01  4.27260973E-01 -4.36696755E-01  1.97819272E+00  4.56111649E-03
   35150 -6.69755469E-01  4.24004935E-01 -4.39301693E-01  1.97600136E+00  9.31524184E-03
   35200 -6.61107889E-01  4.02166846E-01 -4.34741414E-01  1.98217594E+00  8.64263761E-03
   35250 -6.64979672E-01  3.97478519E-01 -4.31199237E-01  1.98415954E+00  7.98647632E-03
   35300 -6.30358182E-01  4.23001540E-01 -4.61399393E-01  1.97473331E+00  5.33445754E-03
   35350 -6.32101925E-01  4.19522763E-01 -4.58394162E-01  1.96914231E+00  1.26438661E-02
   35400 -6.29310392E-01  4.18413425E-01 -4.66446301E-01  1.97438488E+00  1.02940151E-02
   35450 -6.56194624E-01  4.37618259E-01 -4.63496441E-01  1.96701657E+00  1.11085204E-02
   35500 -6.54818882E-01  3.97847473E-01 -4.72665610E-01  1.97325042E+00  1.12823721E-02
   35550 -6.65063222E-01  3.87338668E-01 -4.63070694E-01  1.97149567E+00  6.69923505E-03
   35600 -6.62793384E-01  4.00043753E-01 -4.83336200E-01  1.97428431E+00  7.32104817E-03
   35650 -6.69667629E-01  3.92597549E-01 -4.65000740E-01  1.97929819E+00  1.20831874E-02
   35700 -6.76298485E-01  4.26574850E-01 -4.57508167E-01  1.97371867E+00  8.99516771E-03
   35750 -6.75637871E-01  4.07685430E-01 -4.93272254E-01  1.97595133E+00  1.17537498E-02
   35800 -6.63666423E-01  3.94348417E-01 -5.09364467E-01  1.97920490E+00  1.41209702E-02
   35850 -6.71127581E-01  3.71702609E-01 -4.90546188E-01  1.97355849E+00  1.45829415E-02
   35900 -6.64743707E-01  3.97795846E-01 -4.78027696E-01  1.97131817E+00  1.11558637E-02
   35950 -6.84845855E-01  4.23573864E-01 -4.51169375E-01  1.98080449E+00  1.08709534E-02
   36000 -6.93422049E-01  3.83397446E-01 -4.66471594E-01  1.99240950E+00  9.25687795E-03
   36050 -6.91170752E-01  3.78556822E-01 -4.69147971E-01  1.98448654E+00  4.97480550E-03
   36100 -7.00283418E-01  3.87493385E-01 -4.73346089E-01  1.97963111E+00  8.94091501E-03
   36150 -6.63959772E-01  3.96981884E-01 -4.75504731E-01  1.97140407E+00  8.90637321E-03
   36200 -6.74792643E-01  3.76675333E-01 -4.78570633E-01  1.96641381E+00  5.36389736E-03
   36250 -6.66217361E-01  3.80263262E-01 -4.74857136E-01  1.96362750E+00  1.18195150E-02
   36300 -6.89160069E-01  4.12565949E-01 -4.65929727E-01  1.97797793E+00  7.27087737E-03
   36350 -7.13379694E-01  3.94269218E-01 -4.82284961E-01  1.97262886E+00  1.22595677E-02
   36400 -7.21581995E-01  4.05183410E-01 -4.82818818E-01  1.97577492E+00  1.07683915E-02
   36450 -7.26044069E-01  4.00037440E-01 -4.53669581E-01  1.97386008E+00  4.10150339E-03
   36500 -7.29098842E-01  4.03895390E-01 -4.35941389E-01  1.97060744E+00  1.10168641E-02
   36550 -7.25865349E-01  4.06685685E-01 -4.29061655E-01  1.96857900E+00  1.70596886E-02
   36600 -7.34813878E-01  4.22623068E-01 -4.34110420E-01  1.97443131E+00  4.44800322E-03
   36650 -7.50910699E-01  4.27683481E-01 -4.39384042E-01  1.97817753E+00  6.24330332E-03
   36700 -7.37870090E-01  4.13548055E-01 -4.59487555E-01  1.97607223E+00  3.04857499E-03
   36750 -7.69489503E-01  3.69010274E-01 -4.49212848E-01  1.96895995E+00  8.98647440E-03
   36800 -7.49834348E-01  4.03363651E-01 -4.28114903E-01  1.97684293E+00  8.50857889E-03
   36850 -7.55439159E-01  4.03447586E-01 -4.40949326E-01  1.98156675E+00  8.85924348E-03
   36900 -7.65006441E-01  3.89880872E-01 -4.37749929E-01  1.97855944E+00  7.29332618E-03
   36950 -7.50975527E-01  3.68306006E-01 -4.84400442E-01  1.97312944E+00  3.24973390E-03
   37000 -7.58574880E-01  3.52973680E-01 -4.83800775E-01  1.98057228E+00  7.63575627E-03
   37050 -7.55397671E-01  3.79169433E-01 -4.66972583E-01  1.97635120E+00  1.19292819E-02
   37100 -7.35352529E-01  3.78447408E-01 -4.84889512E-01  1.98038732E+00  8.51581238E-03
   37150 -7.34277532E-01  3.74257653E-01 -4.94421581E-01  1.98203512E+00  7.34936044E-03
   37200 -7.11770487E-01  3.96522113E-01 -4.88849924E-01  1.97876082E+00  3.31972453E-03
   37250 -6.81863281E-01  3.97610984E-01 -5.09571224E-01  1.96899027E+00  1.01079169E-02
   37300 -6.83141557E-01  3.92435354E-01 -5.36328316E-01  1.98223040E+00  1.22760870E-02
   37350 -7.03853663E-01  3.94803689E-01 -5.10282281E-01  1.97527686E+00  4.53411687E-03
   37400 -7.01987758E-01  3.78296199E-01 -5.07688380E-01  1.98107026E+00  5.21155378E-03
   37450 -6.91940966E-01  3.54167961E-01 -5.27854701E-01  1.98005827E+00  5.78879715E-03
   37500 -6.80021282E-01  3.33902784E-01 -5.26102571E-01  1.97445733E+00  9.15546071E-03
   37550 -6.72536682E-01  3.28886487E-01 -5.00574058E-01  1.97815031E+00  8.39538440E-03
   37600 -6.79171935E-01  3.32030049E-01 -5.13279944E-01  1.98054982E+00  9.02378253E-03
   37650 -6.92234159E-01  3.37296124E-01 -5.12094575E-01  1.98118629E+00  9.25691306E-03
   37700 -6.81671161E-01  3.30586004E-01 -4.96610319E-01  1.97771802E+00  8.92829160E-03
   37750 -6.98032615E-01  3.44779192E-01 -5.06600056E-01  1.98106653E+00  6.24118157E-03
   37800 -7.00548711E-01  3.65321713E-01 -4.90890665E-01  1.98262216E+00  1.18940554E-02
   37850 -6.78062606E-01  3.82102984E-01 -5.06922984E-01  1.98380446E+00  1.21971770E-02
   37900 -6.92631291E-01  3.80291563E-01 -5.01664414E-01  1.97733984E+00  6.75015946E-03
   37950 -7.15776961E-01  3.72373248E-01 -5.00679114E-01  1.98028619E+00  1.14696535E-02
   38000 -7.09496528E-01  3.58556107E-01 -5.08288473E-01  1.98055438E+00  6.89852520E-03
   38050 -6.92058953E-01  3.52356189E-01 -5.03222938E-01  1.97222639E+00  1.02028008E-02
   38100 -6.76029358E-01  3.43029936E-01 -5.18858136E-01  1.97067636E+00  1.54181014E-02
   38150 -6.57321359E-01  3.38874962E-01 -5.14769603E-01  1.96479090E+00  1.02480858E-02
   38200 -6.44850291E-01  3.34738075E-01 -5.21619868E-01  1.96896684E+00  1.05631530E-02
   38250 -6.34078677E-01  3.28502786E-01 -5.14688791E-01  1.96996568E+00  1.40515626E-02
   38300 -6.28209061E-01  3.29953513E-01 -5.17618025E-01  1.97971726E+00  1.41749000E-02
   38350 -6.26865865E-01  3.36750732E-01 -5.16546166E-01  1.97267688E+00  7.29737027E-03
   38400 -6.08771380E-01  3.57237565E-01 -5.23316476E-01  1.97625114E+00  7.54703243E-03
   38450 -6.21643352E-01  3.74514391E-01 -5.19031534E-01  1.97124515E+00  1.52819552E-02
   38500 -6.48076586E-01  3.69225755E-01 -5.28229832E-01  1.97029622E+00  1.03438311E-02
   38550 -6.26554865E-01  3.64849700E-01 -5.36706904E-01  1.96621374E+00  1.35596519E-02
   38600 -6.00857301E-01  3.93742655E-01 -5.41015608E-01  1.97861133E+00  1.49532048E-02
   38650 -6.51546046E-01  3.86014851E-01 -5.16921162E-01  1.97414447E+00  1.59205425E-02
   38700 -6.41797175E-01  4.36257046E-01 -4.94128005E-01  1.97409560E+00  6.60364942E-03
   38750 -6.42479461E-01  4.46029695E-01 -4.97117573E-01  1.98312241E+00  1.48276563E-02
   38800 -6.34170000E-01  4.64920788E-01 -4.67656671E-01  1.97829572E+00  1.02612584E-02
   38850 -6.47026493E-01  4.66854233E-01 -4.75768270E-01  1.98336131E+00  8.14742922E-03
   38900 -6.59340460E-01  4.74287927E-01 -4.78779842E-01  1.98271530E+00  1.12807798E-02
   38950 -6.63413824E-01  4.55910875E-01 -4.78779567E-01  1.97444293E+00  1.64837500E-02
   39000 -6.52673372E-01  4.82492739E-01 -4.75850357E-01  1.96904562E+00  4.00112845E-03
   39050 -6.27365459E-01  4.74710223E-01 -4.89887749E-01  1.97594891E+00  1.30718283E-02
   39100 -6.22626145E-01  4.99124973E-01 -4.66393749E-01  1.97755941E+00  8.08054729E-03
   39150 -5.89172412E-01  5.14887814E-01 -4.74715743E-01  1.97588651E+00  1.13893080E-02
   39200 -5.91439982E-01  5.48769471E-01 -4.69809853E-01  1.96754294E+00  1.00587768E-02
   39250 -5.90218071E-01  5.34972306E-01 -4.71073178E-01  1.96271405E+00  4.87432497E-03
   39300 -6.12232709E-01  4.90854986E-01 -4.93338924E-01  1.97309907E+00  2.97291976E-03
   39350 -6.11526016E-01  5.11439868E-01 -4.96058095E-01  1.97943779E+00  4.91679596E-03
   39400 -6.04139723E-01  5.19656998E-01 -4.82491334E-01  1.97326352E+00  8.38150455E-03
   39450 -6.20949148E-01  5.24154165E-01 -4.81403683E-01  1.97157042E+00  1.26979398E-02
   39500 -6.15654104E-01  5.39723558E-01 -4.76833424E-01  1.97409036E+00  8.12390818E-03
   39550 -6.00949424E-01  5.35409588E-01 -4.87086674E-01  1.97730876E+00  8.89110703E-03
   39600 -6.13797200E-01  5.20648349E-01 -4.99234566E-01  1.98297722E+00  1.24674722E-02
   39650 -6.07760355E-01  5.01735682E-01 -5.06478201E-01  1.97395153E+00  1.34484833E-02
   39700 -6.15585162E-01  4.93617330E-01 -5.10846538E-01  1.98031403E+00  1.77893872E-02
   39750 -5.92055828E-01  5.33482681E-01 -4.90073298E-01  1.97581790E+00  8.94360193E-03
   39800 -5.91130172E-01  5.42384044E-01 -4.63756642E-01  1.97731206E+00  9.51855382E-03
   39850 -5.99350067E-01  5.15702364E-01 -4.82804879E-01  1.97841763E+00  6.25908405E-03
   39900 -5.98279618E-01  4.81597099E-01 -4.90842343E-01  1.97153263E+00  1.14025587E-02
   39950 -6.33899654E-01  5.06324808E-01 -4.62879299E-01  1.98632661E+00  8.78968371E-03
