   #Iter           <M>_x           <M>_y           <M>_z             <M>        M_{stdv}
       0 -4.62709592E-01 -1.22858153E+00  7.25591803E-02  1.72967296E+00  2.21143523E-02
      50 -4.07768661E-01 -1.25079121E+00  6.12895405E-02  1.72846497E+00  1.22895441E-02
     100 -4.36992617E-01 -1.24127164E+00  7.44710420E-02  1.72697210E+00  2.25608919E-02
     150 -4.18174833E-01 -1.27043093E+00  6.52995251E-02  1.74020919E+00  8.38849412E-03
     200 -4.20328566E-01 -1.25441456E+00  9.26428065E-02  1.72345986E+00  1.44941477E-02
     250 -4.04556258E-01 -1.28410671E+00  6.72181064E-02  1.73908586E+00  2.02607232E-02
     300 -3.90229106E-01 -1.28469675E+00  1.13177685E-01  1.75218272E+00  1.37937195E-02
     350 -3.69437009E-01 -1.28497133E+00  1.01277294E-01  1.71247041E+00  2.55016913E-02
     400 -3.64282225E-01 -1.25932840E+00  1.01600062E-01  1.72593915E+00  1.65247897E-02
     450 -3.68387796E-01 -1.25972286E+00  1.07499442E-01  1.72879979E+00  1.22081784E-02
     500 -3.43449302E-01 -1.30849549E+00  1.34641498E-01  1.75390548E+00  1.26744877E-02
     550 -3.84328092E-01 -1.31413369E+00  6.73299581E-02  1.72311250E+00  1.24483206E-02
     600 -3.96509019E-01 -1.31628927E+00  5.58324238E-02  1.73395288E+00  2.65573802E-02
     650 -4.49449895E-01 -1.33332638E+00  1.31577532E-01  1.73591046E+00  2.05001748E-02
     700 -4.57743300E-01 -1.32317261E+00  1.24890562E-01  1.72185390E+00  1.43990363E-02
     750 -4.75949910E-01 -1.33388337E+00  1.39496498E-01  1.74401456E+00  1.83163369E-02
     800 -4.76397164E-01 -1.35209081E+00  1.98060191E-01  1.74170931E+00  1.97818054E-02
     850 -4.87156262E-01 -1.34361177E+00  1.66946881E-01  1.73838274E+00  1.74226863E-02
     900 -5.25585880E-01 -1.34787058E+00  1.71661000E-01  1.73667695E+00  2.30444694E-02
     950 -5.20593865E-01 -1.37240725E+00  1.33579264E-01  1.74658537E+00  1.92418486E-02
    1000 -4.96604068E-01 -1.37821085E+00  1.34706688E-01  1.73300147E+00  1.75561040E-02
    1050 -5.16831995E-01 -1.37019964E+00  9.76897980E-02  1.73589972E+00  1.99909651E-02
    1100 -4.89225885E-01 -1.38141686E+00  9.65481248E-02  1.74324363E+00  1.68628109E-02
    1150 -4.93125312E-01 -1.41724310E+00  1.37065839E-01  1.74817103E+00  2.74662314E-02
    1200 -4.85362154E-01 -1.42079750E+00  1.24379125E-01  1.73877495E+00  1.47551388E-02
    1250 -4.77787699E-01 -1.41403455E+00  1.75620700E-01  1.72473898E+00  3.04850350E-02
    1300 -4.66966031E-01 -1.36817960E+00  1.28569699E-01  1.70878538E+00  2.95413973E-02
    1350 -4.76220895E-01 -1.34208280E+00  1.22881754E-01  1.70396218E+00  3.70604386E-02
    1400 -4.23165282E-01 -1.36468331E+00  1.98196860E-01  1.72255132E+00  2.00218954E-02
    1450 -4.02257923E-01 -1.37894534E+00  1.99426814E-01  1.73324628E+00  2.11402372E-02
    1500 -4.26000326E-01 -1.38214994E+00  2.38967281E-01  1.72630580E+00  1.44815856E-02
    1550 -3.84534844E-01 -1.39624733E+00  2.21206417E-01  1.73527123E+00  2.32337967E-02
    1600 -3.86394418E-01 -1.38462091E+00  2.10531647E-01  1.72961977E+00  2.59385438E-02
    1650 -3.76447650E-01 -1.36877993E+00  2.29784126E-01  1.72044958E+00  2.46016471E-02
    1700 -3.67312130E-01 -1.39483073E+00  1.97382433E-01  1.73578611E+00  2.02877824E-02
    1750 -3.64647716E-01 -1.43849178E+00  2.14648946E-01  1.73349707E+00  2.76036790E-02
    1800 -3.75995292E-01 -1.42958827E+00  2.47471844E-01  1.73282131E+00  1.08554953E-02
    1850 -3.83776406E-01 -1.45063502E+00  2.25236181E-01  1.73074434E+00  2.47146220E-02
    1900 -3.84691547E-01 -1.45264130E+00  2.04435890E-01  1.70603554E+00  1.86446903E-02
    1950 -3.51907035E-01 -1.48664564E+00  2.58192886E-01  1.71927945E+00  2.28378908E-02
    2000 -4.24341972E-01 -1.45882136E+00  3.19200697E-01  1.72236839E+00  1.88983299E-02
    2050 -4.15307277E-01 -1.44645950E+00  3.19322568E-01  1.71658302E+00  3.01344808E-02
    2100 -4.36130816E-01 -1.46719980E+00  2.90850639E-01  1.73063580E+00  1.46145157E-02
    2150 -4.12171086E-01 -1.43729816E+00  2.49809864E-01  1.70098867E+00  1.14394727E-02
    2200 -3.38173914E-01 -1.45700482E+00  2.05514255E-01  1.71398247E+00  3.37573507E-02
    2250 -2.81939212E-01 -1.47298917E+00  1.52740704E-01  1.71609793E+00  2.65662634E-02
    2300 -3.37589212E-01 -1.46088342E+00  1.53023854E-01  1.73370288E+00  1.42141901E-02
    2350 -3.70357795E-01 -1.46020703E+00  1.21683380E-01  1.72914254E+00  2.00077718E-02
    2400 -3.14389975E-01 -1.45846431E+00  1.21710858E-01  1.73249422E+00  1.26377234E-02
    2450 -3.37607245E-01 -1.43764579E+00  1.32632041E-01  1.74860681E+00  1.20027327E-02
    2500 -3.67042878E-01 -1.36627343E+00  1.34331756E-01  1.71632689E+00  9.56059828E-03
    2550 -3.70109440E-01 -1.40521355E+00  1.43584922E-01  1.75289103E+00  1.43012707E-02
    2600 -3.55699373E-01 -1.42156580E+00  1.78970464E-01  1.75586085E+00  2.38099464E-02
    2650 -3.75452400E-01 -1.40309168E+00  1.62807836E-01  1.74369522E+00  1.53031908E-02
    2700 -3.87657691E-01 -1.39213448E+00  1.18536933E-01  1.73734625E+00  1.52718805E-02
    2750 -4.22684293E-01 -1.38183555E+00  1.48662876E-01  1.73539193E+00  1.33693044E-02
    2800 -4.20211775E-01 -1.37648147E+00  1.73610094E-01  1.74259376E+00  2.40723083E-02
    2850 -4.16057818E-01 -1.36506769E+00  1.50725870E-01  1.74076341E+00  2.15029809E-02
    2900 -4.41223457E-01 -1.37766934E+00  1.24024493E-01  1.74866654E+00  1.24918659E-02
    2950 -3.98837517E-01 -1.38058616E+00  8.45258367E-02  1.74250827E+00  1.34107872E-02
    3000 -3.74821281E-01 -1.33515250E+00  4.57344479E-02  1.72962645E+00  2.40129346E-02
    3050 -3.48150537E-01 -1.34389928E+00  4.26477329E-02  1.74396485E+00  1.96646160E-02
    3100 -3.88680855E-01 -1.34026162E+00 -1.49884194E-03  1.75484752E+00  1.50139342E-02
    3150 -4.25294915E-01 -1.32617884E+00  5.24962697E-02  1.75422969E+00  2.17714609E-02
    3200 -4.09676560E-01 -1.31729417E+00  2.99292708E-03  1.73070022E+00  2.16599290E-02
    3250 -4.11386976E-01 -1.29709608E+00  9.18272691E-03  1.73440631E+00  9.94896869E-03
    3300 -4.19345093E-01 -1.28122805E+00  3.67286913E-02  1.73856660E+00  2.21256448E-03
    3350 -4.04152005E-01 -1.30461540E+00 -2.32363118E-02  1.74555904E+00  1.36837983E-02
    3400 -3.55593568E-01 -1.30368451E+00 -2.66567681E-02  1.74485579E+00  2.36334365E-02
    3450 -3.55986392E-01 -1.31821520E+00 -2.25554843E-02  1.73959739E+00  2.37712119E-02
    3500 -3.79218911E-01 -1.32294101E+00  1.93359598E-03  1.73347587E+00  1.78848439E-02
    3550 -3.79530367E-01 -1.31646189E+00 -5.43464542E-02  1.74446899E+00  2.35634094E-02
    3600 -3.67929966E-01 -1.25110414E+00  3.07533710E-02  1.70359410E+00  2.36450756E-02
    3650 -3.50860747E-01 -1.26958183E+00  5.03690317E-03  1.72618774E+00  1.60288744E-02
    3700 -3.86959838E-01 -1.30226561E+00 -1.30671461E-02  1.73760852E+00  1.11072762E-02
    3750 -4.69621481E-01 -1.25893424E+00 -1.62316643E-02  1.72027309E+00  1.88235435E-02
    3800 -5.18300003E-01 -1.24200665E+00 -2.59772134E-02  1.72869763E+00  1.88511273E-02
    3850 -5.32665224E-01 -1.22608086E+00  2.69768581E-03  1.72702499E+00  4.03505544E-02
    3900 -5.10224404E-01 -1.17014613E+00 -8.02433604E-03  1.72253786E+00  2.34705507E-02
    3950 -5.74506170E-01 -1.18383382E+00 -2.94514906E-02  1.72569010E+00  2.84947589E-02
    4000 -5.78630231E-01 -1.19495047E+00 -2.88467819E-02  1.74633057E+00  1.36732696E-02
    4050 -6.02384559E-01 -1.16491854E+00 -2.35845878E-02  1.74137016E+00  1.03965453E-02
    4100 -5.36303545E-01 -1.18909680E+00 -5.56410164E-02  1.73874971E+00  8.54002403E-03
    4150 -5.65575513E-01 -1.18016029E+00 -9.60241386E-02  1.73541155E+00  1.09383817E-02
    4200 -6.26571291E-01 -1.15680724E+00 -9.46493698E-02  1.74685357E+00  1.65989989E-02
    4250 -6.08434035E-01 -1.11746618E+00 -9.38635841E-02  1.73102580E+00  1.33345392E-02
    4300 -5.77707956E-01 -1.15712968E+00 -1.03399766E-01  1.73695104E+00  1.90743578E-02
    4350 -5.63967224E-01 -1.11305063E+00 -1.46757892E-01  1.72961318E+00  2.79910623E-02
    4400 -5.75688381E-01 -1.11648034E+00 -1.32985260E-01  1.72538211E+00  1.78255541E-02
    4450 -5.74813934E-01 -1.12317185E+00 -1.31478344E-01  1.72061406E+00  6.50644410E-03
    4500 -6.13943853E-01 -1.12180510E+00 -1.33336466E-01  1.72684477E+00  2.18492751E-02
    4550 -6.15330087E-01 -1.10459071E+00 -1.09852275E-01  1.72249994E+00  9.91507093E-03
    4600 -6.07832603E-01 -1.11615758E+00 -1.67987319E-01  1.73864832E+00  1.60694095E-02
    4650 -6.16268928E-01 -1.07383902E+00 -1.42437662E-01  1.73017127E+00  1.79022885E-02
    4700 -6.20129415E-01 -1.11388993E+00 -1.68785986E-01  1.73059071E+00  1.13982161E-02
    4750 -6.46052699E-01 -1.13408227E+00 -1.84290575E-01  1.73629858E+00  9.76318548E-03
    4800 -6.79470318E-01 -1.16071966E+00 -1.68354504E-01  1.74609816E+00  2.07032547E-02
    4850 -6.42978009E-01 -1.15919435E+00 -1.83167099E-01  1.74386728E+00  2.13422987E-02
    4900 -6.59393598E-01 -1.14969142E+00 -1.46599939E-01  1.74261933E+00  9.75900652E-03
    4950 -6.73638347E-01 -1.13989915E+00 -1.51682965E-01  1.74569536E+00  1.08828632E-02
    5000 -6.81689471E-01 -1.17824718E+00 -7.23657674E-02  1.74698115E+00  1.80875534E-02
    5050 -6.25193005E-01 -1.18159860E+00 -1.14887205E-01  1.73227922E+00  2.21181663E-02
    5100 -6.15627389E-01 -1.20213734E+00 -9.95202871E-02  1.75862917E+00  2.15410136E-02
    5150 -5.63604194E-01 -1.21326107E+00 -8.50672569E-02  1.75824586E+00  1.58742228E-02
    5200 -5.86492599E-01 -1.21412217E+00 -1.45959377E-01  1.76147644E+00  2.24180967E-02
    5250 -5.89870798E-01 -1.21924824E+00 -1.20482428E-01  1.74568748E+00  2.44353354E-02
    5300 -5.72747383E-01 -1.21080206E+00 -1.58397852E-01  1.75070122E+00  1.34543077E-02
    5350 -5.93076360E-01 -1.17368431E+00 -1.30619900E-01  1.73156076E+00  1.26733023E-02
    5400 -5.67943793E-01 -1.17844426E+00 -1.38169922E-01  1.73138663E+00  2.16281755E-02
    5450 -5.96668170E-01 -1.18865689E+00 -1.21625161E-01  1.74042211E+00  2.63665998E-02
    5500 -5.73961120E-01 -1.19360014E+00 -1.21381410E-01  1.73751949E+00  2.35773127E-02
    5550 -5.51141322E-01 -1.20041278E+00 -1.22447512E-01  1.73743136E+00  5.65201135E-03
    5600 -5.34285931E-01 -1.19537331E+00 -1.11880976E-01  1.74577618E+00  2.11115106E-02
    5650 -5.75590754E-01 -1.19087872E+00 -1.04292638E-01  1.73072054E+00  2.61239126E-02
    5700 -5.74216772E-01 -1.19459376E+00 -1.44638405E-01  1.72939902E+00  1.50364070E-02
    5750 -5.52952550E-01 -1.23072878E+00 -1.23543852E-01  1.73337415E+00  9.49840042E-03
    5800 -5.15858919E-01 -1.25082153E+00 -1.54171019E-01  1.74133143E+00  2.63121844E-02
    5850 -4.97724537E-01 -1.24622565E+00 -1.23429424E-01  1.73964646E+00  3.64403944E-02
    5900 -5.03155209E-01 -1.23189052E+00 -1.39695792E-01  1.74215121E+00  1.54464198E-02
    5950 -5.65629063E-01 -1.25078588E+00 -1.12586887E-01  1.74608910E+00  1.06566578E-02
    6000 -5.37231662E-01 -1.23714681E+00 -1.26980959E-01  1.74379946E+00  1.58747090E-02
    6050 -5.39737264E-01 -1.25310965E+00 -1.62506922E-01  1.74445048E+00  1.19213068E-02
    6100 -5.12513414E-01 -1.28092775E+00 -1.66190834E-01  1.73765433E+00  1.55105511E-02
    6150 -5.29519634E-01 -1.25685487E+00 -1.56067851E-01  1.72848963E+00  2.60196524E-02
    6200 -5.29705746E-01 -1.26980878E+00 -1.37084958E-01  1.74102142E+00  2.11197605E-02
    6250 -5.47180545E-01 -1.24975156E+00 -9.35750708E-02  1.74386047E+00  1.32945081E-02
    6300 -5.35113671E-01 -1.24315594E+00 -1.09152014E-01  1.73367536E+00  1.83327061E-02
    6350 -4.91146453E-01 -1.19303698E+00 -1.25374734E-01  1.73899467E+00  1.77114618E-02
    6400 -5.16758152E-01 -1.16038147E+00 -1.27091642E-01  1.72753517E+00  1.18722786E-02
    6450 -4.61866515E-01 -1.15071741E+00 -1.32805091E-01  1.71924384E+00  1.02725263E-02
    6500 -4.73554446E-01 -1.15268522E+00 -1.29745339E-01  1.73528717E+00  1.22181278E-02
    6550 -5.29771840E-01 -1.08957885E+00 -9.82126486E-02  1.71050137E+00  2.25941946E-02
    6600 -4.83248895E-01 -1.10451438E+00 -9.70017257E-02  1.72424366E+00  2.14992157E-02
    6650 -5.20220624E-01 -1.08203273E+00 -1.01176961E-01  1.71890959E+00  1.26994513E-02
    6700 -4.94696436E-01 -1.11522357E+00 -1.51511806E-01  1.74859006E+00  9.90421512E-03
    6750 -4.90112498E-01 -1.14928246E+00 -1.85984735E-01  1.75267974E+00  1.62535794E-02
    6800 -5.06657060E-01 -1.13109759E+00 -1.85933564E-01  1.73866072E+00  3.02078124E-02
    6850 -5.32609029E-01 -1.16432923E+00 -1.89691865E-01  1.74802799E+00  2.49915954E-02
    6900 -5.44962641E-01 -1.14389431E+00 -1.89560406E-01  1.73638657E+00  2.15036077E-02
    6950 -5.77750016E-01 -1.09521916E+00 -1.76996446E-01  1.73384422E+00  1.62124190E-02
    7000 -5.53356947E-01 -1.11826076E+00 -1.81938092E-01  1.72466803E+00  2.22433150E-02
    7050 -5.41751987E-01 -1.05696764E+00 -1.86538143E-01  1.72570678E+00  2.01050519E-02
    7100 -4.84015550E-01 -1.10232182E+00 -2.45157095E-01  1.74310748E+00  2.02488196E-02
    7150 -4.50468252E-01 -1.13082890E+00 -2.65723857E-01  1.74802194E+00  2.10254243E-02
    7200 -4.67178592E-01 -1.15602222E+00 -2.20368960E-01  1.75353665E+00  2.04014433E-02
    7250 -4.29681853E-01 -1.14831452E+00 -1.82786592E-01  1.74018999E+00  1.33565957E-02
    7300 -4.12691248E-01 -1.18624626E+00 -1.91272610E-01  1.76043386E+00  1.63603987E-02
    7350 -4.69868154E-01 -1.19504618E+00 -1.88762589E-01  1.74583568E+00  1.30964902E-02
    7400 -4.71502368E-01 -1.19674273E+00 -1.28820595E-01  1.74184266E+00  2.42290097E-02
    7450 -4.85447527E-01 -1.17286953E+00 -1.48809830E-01  1.71668044E+00  1.02012441E-02
    7500 -5.19397883E-01 -1.14040369E+00 -2.09247604E-01  1.74518360E+00  1.97591463E-02
    7550 -5.21413922E-01 -1.12786013E+00 -1.75930717E-01  1.75403341E+00  8.29518191E-03
    7600 -5.05832315E-01 -1.08426870E+00 -1.45067420E-01  1.73571736E+00  1.72402737E-02
    7650 -4.68429876E-01 -1.09771479E+00 -1.54169896E-01  1.74667290E+00  1.67525607E-02
    7700 -4.48830351E-01 -1.08937918E+00 -1.56498867E-01  1.73655218E+00  1.01467167E-02
    7750 -4.16162758E-01 -1.10573165E+00 -2.03433357E-01  1.72768458E+00  1.56809933E-02
    7800 -3.93826588E-01 -1.13510878E+00 -1.94437049E-01  1.73688792E+00  1.15608100E-02
    7850 -3.58792047E-01 -1.18148121E+00 -2.07777469E-01  1.72910481E+00  2.58616294E-02
    7900 -3.74526201E-01 -1.19172787E+00 -2.36932199E-01  1.73522352E+00  1.55006897E-02
    7950 -3.44277693E-01 -1.17058900E+00 -2.54174123E-01  1.74125072E+00  1.31418884E-02
    8000 -3.15337867E-01 -1.15801087E+00 -2.45326848E-01  1.73518293E+00  1.74168234E-02
    8050 -2.85988321E-01 -1.08731868E+00 -2.03250323E-01  1.71833334E+00  3.22801941E-02
    8100 -2.36696535E-01 -1.11699116E+00 -2.15891348E-01  1.73238949E+00  1.17924419E-02
    8150 -2.56617869E-01 -1.13748048E+00 -2.05792757E-01  1.73718540E+00  1.02200520E-02
    8200 -2.65071928E-01 -1.12965317E+00 -1.81803172E-01  1.71425256E+00  1.82169385E-02
    8250 -2.53768143E-01 -1.11940960E+00 -2.27491934E-01  1.72853744E+00  1.70809474E-02
    8300 -2.89108268E-01 -1.11710816E+00 -2.13881341E-01  1.72798950E+00  2.29617505E-02
    8350 -2.87536236E-01 -1.11662389E+00 -2.37707737E-01  1.73567944E+00  2.60453995E-02
    8400 -2.83558477E-01 -1.12058892E+00 -2.27074847E-01  1.73107485E+00  1.39440949E-02
    8450 -2.92822414E-01 -1.11448809E+00 -2.28428663E-01  1.71851181E+00  2.16054015E-02
    8500 -2.93664186E-01 -1.13570641E+00 -2.08412889E-01  1.72077436E+00  7.81760981E-03
    8550 -3.25869177E-01 -1.12873408E+00 -2.43521195E-01  1.69828554E+00  1.18901835E-02
    8600 -3.74462927E-01 -1.14468275E+00 -1.80614735E-01  1.74685368E+00  1.88621180E-02
    8650 -3.92377772E-01 -1.14524266E+00 -2.28387242E-01  1.72973062E+00  2.06200304E-02
    8700 -3.82090112E-01 -1.12506165E+00 -2.33282394E-01  1.72425850E+00  1.84127367E-02
    8750 -4.09773866E-01 -1.12136995E+00 -2.31703266E-01  1.72623988E+00  2.01199623E-02
    8800 -4.31763235E-01 -1.14886395E+00 -2.52875037E-01  1.71983004E+00  2.65383320E-02
    8850 -4.37173084E-01 -1.14851567E+00 -2.49996587E-01  1.73468671E+00  1.15164187E-02
    8900 -4.26586260E-01 -1.10424398E+00 -2.36961246E-01  1.73134932E+00  3.45558924E-02
    8950 -3.52372214E-01 -1.06277295E+00 -2.52271775E-01  1.71690443E+00  1.91877171E-02
    9000 -3.80649194E-01 -1.06517297E+00 -2.61072942E-01  1.73798720E+00  3.91248762E-02
    9050 -3.31320339E-01 -1.07021686E+00 -2.57487066E-01  1.75501727E+00  2.29090115E-02
    9100 -3.05886159E-01 -1.08730826E+00 -2.37815274E-01  1.75907249E+00  1.47650985E-02
    9150 -2.76750599E-01 -1.05114157E+00 -1.94910669E-01  1.73859446E+00  1.80787943E-02
    9200 -2.49754881E-01 -1.02946249E+00 -2.70444854E-01  1.72584491E+00  1.53411515E-02
    9250 -2.85395564E-01 -1.06831104E+00 -2.45888199E-01  1.74214952E+00  1.98186579E-02
    9300 -3.24570842E-01 -1.07459480E+00 -2.70732801E-01  1.73942325E+00  1.93128066E-02
    9350 -3.09817826E-01 -1.09443643E+00 -3.10536560E-01  1.74694823E+00  1.74925917E-02
    9400 -3.39539849E-01 -1.04968006E+00 -3.50639453E-01  1.73353415E+00  2.94872968E-02
    9450 -3.61757471E-01 -1.06473524E+00 -3.51855340E-01  1.73532980E+00  2.27662768E-02
    9500 -3.59885960E-01 -1.08212093E+00 -3.75384121E-01  1.73604032E+00  1.57570076E-02
    9550 -3.26347552E-01 -1.10735238E+00 -3.20828811E-01  1.74955047E+00  3.24518513E-02
    9600 -2.82195790E-01 -1.07836349E+00 -3.13632944E-01  1.73802690E+00  2.72652707E-02
    9650 -2.33076307E-01 -1.11784490E+00 -3.25014945E-01  1.74765292E+00  2.21450670E-02
    9700 -2.24249443E-01 -1.13598692E+00 -3.37320914E-01  1.76107806E+00  2.07872184E-02
    9750 -1.80106278E-01 -1.10296471E+00 -3.56511216E-01  1.74602369E+00  9.18015230E-03
    9800 -2.35499796E-01 -1.13815528E+00 -3.78595313E-01  1.75466661E+00  1.34882733E-02
    9850 -2.54987568E-01 -1.12017293E+00 -3.75751756E-01  1.75407735E+00  1.01898021E-02
    9900 -2.38743883E-01 -1.04488173E+00 -3.80144310E-01  1.73354959E+00  3.23572822E-02
    9950 -2.46577954E-01 -1.06605091E+00 -3.97024853E-01  1.72595117E+00  2.03203238E-02
   10000 -2.39466763E-01 -1.06591116E+00 -4.03951149E-01  1.73814551E+00  2.99423761E-02
   10050 -2.34778041E-01 -1.05491952E+00 -3.71537118E-01  1.71913980E+00  4.14142485E-02
   10100 -2.14019271E-01 -1.06710956E+00 -3.63000902E-01  1.72251611E+00  2.31281244E-02
   10150 -1.48048134E-01 -1.05765598E+00 -3.45772267E-01  1.71775252E+00  1.78906385E-02
   10200 -9.68306972E-02 -1.06037437E+00 -3.10973275E-01  1.72430362E+00  2.14037553E-02
   10250 -5.06928895E-02 -1.02551269E+00 -3.10319453E-01  1.72592239E+00  1.72280873E-02
   10300 -7.10342613E-02 -9.93762828E-01 -3.10933088E-01  1.72419883E+00  5.76278454E-03
   10350 -1.66219051E-02 -9.54928640E-01 -3.16338047E-01  1.73389211E+00  1.46179986E-02
   10400  2.37075643E-02 -9.76466820E-01 -2.98905068E-01  1.73924299E+00  9.98100996E-03
   10450  5.00608091E-03 -9.51150486E-01 -3.17310339E-01  1.74040170E+00  1.91942066E-02
   10500  1.09535825E-02 -9.58169079E-01 -3.12340176E-01  1.74252424E+00  1.10069048E-02
   10550  3.82578480E-02 -9.54303553E-01 -3.19307099E-01  1.74546580E+00  1.11403830E-02
   10600  1.24230319E-02 -8.89455980E-01 -3.39205008E-01  1.75090127E+00  1.57650918E-02
   10650  1.37609683E-02 -8.67245285E-01 -3.06927302E-01  1.73332819E+00  1.67117957E-02
   10700 -4.79991383E-03 -8.55468348E-01 -2.77786809E-01  1.74041435E+00  1.86243143E-02
   10750 -4.37768966E-03 -8.47602274E-01 -2.67139898E-01  1.74520871E+00  1.47701811E-02
   10800  1.26957710E-02 -8.50607727E-01 -2.75741063E-01  1.74385492E+00  1.30246726E-02
   10850  1.06788664E-02 -8.46156227E-01 -2.70011583E-01  1.72839793E+00  1.36314389E-02
   10900  3.25907854E-02 -8.40762375E-01 -2.85404701E-01  1.72296729E+00  1.73433597E-02
   10950  4.45928798E-02 -8.27610162E-01 -2.70536600E-01  1.73021005E+00  1.25682373E-02
   11000  2.34595152E-02 -7.96805337E-01 -2.49352134E-01  1.72124970E+00  2.23459785E-02
   11050  4.15511013E-02 -8.32178825E-01 -2.56401960E-01  1.72793310E+00  2.54756731E-02
   11100 -1.04306579E-02 -8.22253036E-01 -2.40486054E-01  1.74288483E+00  1.29147534E-02
   11150 -9.13765323E-03 -7.64430728E-01 -2.55526724E-01  1.70881612E+00  1.53608058E-02
   11200  1.24778424E-02 -7.25617916E-01 -2.30393281E-01  1.71515668E+00  2.64846075E-02
   11250 -2.55649821E-02 -7.17881546E-01 -2.32937662E-01  1.71867935E+00  1.37741596E-02
   11300 -3.80849951E-02 -7.21101598E-01 -2.14196442E-01  1.73547698E+00  1.90040023E-02
   11350 -6.99254689E-02 -7.24091085E-01 -2.14433268E-01  1.74446729E+00  1.85673747E-02
   11400 -7.17246822E-02 -7.14356468E-01 -2.30899480E-01  1.73335784E+00  2.77269519E-02
   11450  5.52395878E-03 -7.43955232E-01 -2.24983227E-01  1.72372300E+00  2.69322894E-02
   11500  1.98417317E-02 -7.81840221E-01 -2.61512483E-01  1.73561820E+00  4.49162895E-02
   11550 -5.23889049E-02 -7.42547996E-01 -2.82847745E-01  1.72131127E+00  2.44072039E-02
   11600 -6.55982438E-02 -7.41342839E-01 -2.81442741E-01  1.72403054E+00  2.72707434E-02
   11650 -3.98922331E-02 -7.24477324E-01 -3.17905342E-01  1.71249207E+00  2.08953311E-02
   11700 -7.04722429E-02 -7.06863639E-01 -3.30368185E-01  1.73577184E+00  1.88469817E-02
   11750 -6.52985326E-03 -6.56336354E-01 -2.79950412E-01  1.73470292E+00  2.87240955E-02
   11800  8.57673987E-03 -6.24480443E-01 -2.70736274E-01  1.73416261E+00  1.28100186E-02
   11850  6.23461683E-03 -6.18628747E-01 -2.94617323E-01  1.72764997E+00  2.23142767E-02
   11900  1.03826481E-02 -6.13013410E-01 -2.90972607E-01  1.73117973E+00  3.74686284E-02
   11950 -7.63223742E-03 -6.20369518E-01 -2.91817603E-01  1.73772606E+00  3.02671767E-02
   12000  4.78196433E-02 -5.98583586E-01 -2.69371208E-01  1.71273875E+00  5.31554683E-02
   12050  7.50687101E-02 -6.34953251E-01 -2.58055658E-01  1.70704507E+00  2.08488338E-02
   12100  8.29652176E-02 -6.39531840E-01 -2.92805668E-01  1.70688290E+00  9.87341391E-03
   12150  8.84931844E-02 -5.83205229E-01 -2.57579624E-01  1.70134849E+00  3.48931126E-02
   12200  4.67583990E-02 -5.87782518E-01 -2.36052770E-01  1.71531123E+00  3.61165993E-02
   12250  3.78940933E-02 -6.12130989E-01 -2.14055326E-01  1.71459530E+00  3.21065481E-02
   12300  6.43475999E-02 -6.10832019E-01 -2.29159797E-01  1.72448972E+00  3.99738817E-02
   12350  1.18265046E-01 -6.27932633E-01 -2.41750808E-01  1.73376943E+00  2.31870987E-02
   12400  9.38009307E-02 -6.74440790E-01 -2.65962458E-01  1.75100071E+00  2.20887000E-02
   12450  7.82709604E-02 -6.69033397E-01 -2.81580954E-01  1.74102808E+00  1.03413104E-02
   12500  8.66986569E-02 -7.08767628E-01 -2.61878580E-01  1.74615327E+00  2.43231745E-02
   12550  6.15086786E-02 -7.01668817E-01 -3.13639396E-01  1.74708133E+00  2.14747095E-02
   12600  3.73868208E-02 -6.60966608E-01 -2.94870011E-01  1.74312425E+00  2.09933789E-02
   12650  9.22917477E-03 -6.66902405E-01 -2.83015482E-01  1.74271486E+00  1.82353706E-02
   12700  1.00774980E-02 -6.45978144E-01 -2.92642202E-01  1.73753696E+00  1.92271530E-02
   12750 -2.91231642E-03 -6.06691047E-01 -2.68486016E-01  1.73794183E+00  1.92039758E-02
   12800 -2.06313122E-02 -6.44737015E-01 -2.54037598E-01  1.73163185E+00  1.70053068E-02
   12850 -7.10437002E-02 -6.21583312E-01 -2.56201883E-01  1.72920987E+00  8.70202160E-03
   12900 -9.61694903E-02 -6.44884174E-01 -2.66194335E-01  1.72753392E+00  2.32368189E-02
   12950 -4.72814404E-02 -6.64520992E-01 -2.10095430E-01  1.72007799E+00  1.91692934E-02
   13000 -3.20676492E-03 -6.49668961E-01 -2.25982590E-01  1.72401852E+00  6.94434397E-03
   13050 -3.42439002E-02 -6.69935607E-01 -2.43264987E-01  1.74712939E+00  7.18714010E-03
   13100  5.23598429E-03 -6.64736738E-01 -2.22452965E-01  1.73594387E+00  1.74821648E-02
   13150 -6.33709379E-03 -6.69391010E-01 -2.46769695E-01  1.73629209E+00  8.38674670E-03
   13200 -2.48341718E-02 -7.22485069E-01 -2.69557930E-01  1.74721113E+00  1.10076141E-02
   13250 -5.64305352E-02 -7.36803131E-01 -2.91960939E-01  1.72750699E+00  1.10927236E-02
   13300 -7.95083143E-02 -7.27325317E-01 -2.75403730E-01  1.72221749E+00  1.88691591E-02
   13350 -5.40523982E-02 -7.34899786E-01 -2.93208327E-01  1.73380216E+00  1.79704438E-02
   13400 -5.30342103E-02 -7.41323627E-01 -2.92522704E-01  1.73401586E+00  2.19968640E-02
   13450 -7.22900477E-02 -7.23983835E-01 -3.11859312E-01  1.74956073E+00  1.75056569E-02
   13500 -3.62933749E-02 -7.58190083E-01 -3.12982227E-01  1.73459708E+00  1.54475919E-02
   13550 -3.37592932E-02 -7.72746567E-01 -3.34259164E-01  1.73128428E+00  1.68296033E-02
   13600 -5.41577903E-02 -7.84427385E-01 -3.63580697E-01  1.71987364E+00  4.22485116E-02
   13650 -4.27980069E-02 -7.95666354E-01 -3.73402477E-01  1.72163887E+00  2.83436291E-02
   13700  1.38037086E-02 -8.44999533E-01 -3.47756103E-01  1.71259301E+00  3.30178879E-02
   13750  3.71608381E-03 -8.67555034E-01 -3.42870511E-01  1.73446194E+00  2.22216694E-02
   13800  2.41719962E-02 -8.61242038E-01 -3.72610399E-01  1.73393162E+00  2.32251239E-02
   13850 -5.23517252E-02 -8.74030782E-01 -3.92033892E-01  1.73527279E+00  6.60513421E-03
   13900 -5.14397071E-02 -8.97023665E-01 -3.45560115E-01  1.70909840E+00  1.67055458E-02
   13950 -6.37277872E-02 -9.23127513E-01 -4.09540220E-01  1.73021282E+00  1.69994276E-02
   14000 -5.39369404E-02 -9.10147332E-01 -4.28384229E-01  1.73606596E+00  2.30638365E-02
   14050 -6.37286043E-02 -8.85027634E-01 -4.30642171E-01  1.75046106E+00  1.77622693E-02
   14100 -8.17612995E-02 -8.71728199E-01 -4.72555576E-01  1.74575435E+00  1.65053459E-02
   14150 -5.47703427E-02 -8.66175869E-01 -4.78353072E-01  1.72943094E+00  2.25994855E-02
   14200 -3.03221371E-02 -8.63174214E-01 -4.53431606E-01  1.73247237E+00  2.29136836E-02
   14250 -3.25910974E-02 -8.92591096E-01 -4.63131884E-01  1.72621499E+00  2.42920155E-02
   14300 -2.00079605E-02 -8.78517142E-01 -4.74801357E-01  1.72127484E+00  1.68482945E-02
   14350 -1.81571289E-03 -8.58895238E-01 -4.80589327E-01  1.72802622E+00  2.22888810E-02
   14400  2.36392875E-02 -8.68294272E-01 -4.90333001E-01  1.72857146E+00  1.64877586E-02
   14450 -1.13332490E-03 -8.75526579E-01 -4.80993815E-01  1.71531100E+00  2.67165769E-02
   14500  6.95095136E-02 -8.61522782E-01 -4.42643511E-01  1.71934972E+00  2.80833781E-02
   14550  5.06920452E-02 -8.64615151E-01 -4.67886729E-01  1.70897516E+00  2.16198132E-02
   14600  5.80910811E-02 -8.52352345E-01 -4.82113791E-01  1.73352569E+00  1.20385761E-02
   14650  7.88099148E-02 -8.07652650E-01 -4.95842612E-01  1.73433523E+00  7.67493315E-03
   14700  6.87119422E-02 -8.49698191E-01 -4.91117214E-01  1.74412654E+00  2.46059428E-02
   14750  1.74187368E-02 -8.15045636E-01 -5.01115410E-01  1.72342650E+00  3.16695844E-02
   14800 -2.01531819E-02 -8.86466103E-01 -5.00385556E-01  1.72339801E+00  2.91315193E-02
   14850 -3.59209889E-02 -8.95448803E-01 -4.99619546E-01  1.73111796E+00  1.53081200E-02
   14900 -2.62006163E-02 -8.99140033E-01 -5.04800936E-01  1.75014428E+00  2.27702357E-02
   14950 -3.19948819E-02 -9.41946148E-01 -4.73661864E-01  1.75056446E+00  2.48498931E-02
   15000 -4.75487326E-02 -9.38202124E-01 -4.55886637E-01  1.73846230E+00  1.30495589E-02
   15050 -1.95499438E-02 -9.17243410E-01 -4.85738858E-01  1.74590760E+00  1.63033718E-02
   15100 -3.10713537E-02 -9.08072106E-01 -5.20196382E-01  1.72516098E+00  2.37262395E-02
   15150 -1.11112783E-02 -9.14827800E-01 -5.32147450E-01  1.74592434E+00  1.72303734E-02
   15200  1.85729257E-02 -9.13489501E-01 -5.37363808E-01  1.73792706E+00  7.31487075E-03
   15250  3.23992629E-02 -9.49296452E-01 -5.28083667E-01  1.74996631E+00  2.75129103E-02
   15300  6.33908445E-02 -9.72641449E-01 -5.33550131E-01  1.74869272E+00  2.25997997E-02
   15350  7.81779554E-02 -9.74043076E-01 -5.58273768E-01  1.73635455E+00  2.02747136E-02
   15400  8.44450593E-02 -1.03316797E+00 -5.32754329E-01  1.74889251E+00  9.92134597E-03
   15450  1.08468612E-01 -1.06952962E+00 -5.39716059E-01  1.74950809E+00  1.01288780E-02
   15500  4.31244636E-02 -1.12162179E+00 -5.66216101E-01  1.73502794E+00  3.49209913E-02
   15550  1.21070349E-02 -1.09977387E+00 -5.37135043E-01  1.74054117E+00  2.35379461E-02
   15600  1.81560523E-02 -1.11522401E+00 -5.23464910E-01  1.73352457E+00  5.17329143E-03
   15650  3.33387259E-02 -1.14382141E+00 -5.03516073E-01  1.75409798E+00  1.12865458E-02
   15700 -1.13152901E-02 -1.12264753E+00 -5.43358779E-01  1.76005773E+00  2.42048419E-02
   15750 -3.65491268E-02 -1.09634775E+00 -5.42357760E-01  1.74157829E+00  2.85822698E-02
   15800 -6.44785809E-02 -1.07885200E+00 -5.72864111E-01  1.74434743E+00  3.26091289E-02
   15850 -3.55395267E-02 -1.04764708E+00 -5.58660377E-01  1.73588996E+00  2.12309168E-02
   15900 -1.14264335E-02 -1.03642323E+00 -5.56527797E-01  1.74037632E+00  2.08500284E-02
   15950 -3.91507197E-02 -1.04395574E+00 -5.58651124E-01  1.71769295E+00  1.38179296E-02
   16000 -2.52912481E-02 -1.03984910E+00 -5.41259674E-01  1.73471688E+00  2.94236444E-02
   16050 -4.02657379E-02 -1.00245555E+00 -5.51246994E-01  1.73369117E+00  2.27751807E-02
   16100 -1.21792280E-01 -1.00160163E+00 -5.79677208E-01  1.72579607E+00  1.93083242E-02
   16150 -1.05022492E-01 -1.00599187E+00 -5.82416049E-01  1.73977388E+00  2.92493663E-02
   16200 -1.21419862E-01 -9.67629715E-01 -5.65081252E-01  1.73196116E+00  3.51047348E-02
   16250 -1.16704093E-01 -9.58238054E-01 -5.99572846E-01  1.73234049E+00  1.74456893E-02
   16300 -9.98156098E-02 -9.49511361E-01 -6.04275120E-01  1.73221686E+00  1.04649739E-02
   16350 -6.21397065E-02 -9.38722416E-01 -5.94520541E-01  1.73377725E+00  2.67681534E-02
   16400 -3.67689640E-02 -9.32235632E-01 -6.08320812E-01  1.72933356E+00  2.38681327E-02
   16450 -4.03538676E-02 -9.80547748E-01 -6.05005361E-01  1.75001760E+00  1.19385015E-02
   16500 -6.27080951E-02 -9.55775593E-01 -5.78025619E-01  1.72806573E+00  2.60285565E-02
   16550 -1.49523914E-02 -9.33082015E-01 -5.60043641E-01  1.72758015E+00  3.59315464E-02
   16600 -1.31090393E-02 -9.99297542E-01 -5.31448989E-01  1.74117818E+00  1.18151529E-02
   16650 -5.99277648E-02 -9.55891227E-01 -4.91463145E-01  1.72535618E+00  1.65036669E-02
   16700 -8.58846946E-02 -9.66970432E-01 -4.80907609E-01  1.71392234E+00  2.20008497E-02
   16750 -6.55587907E-02 -9.46550988E-01 -4.92044934E-01  1.71930179E+00  2.49324939E-02
   16800 -1.30303983E-01 -9.78085902E-01 -5.23601859E-01  1.72800165E+00  1.40369533E-02
   16850 -8.12832717E-02 -1.00841412E+00 -5.49499697E-01  1.73973045E+00  1.39956521E-02
   16900 -1.06786096E-01 -9.84986821E-01 -5.42441259E-01  1.72689111E+00  3.10728150E-02
   16950 -1.29662083E-01 -9.81576337E-01 -5.69628478E-01  1.74132148E+00  1.97238836E-02
   17000 -1.51087253E-01 -9.98291843E-01 -5.62280167E-01  1.72409988E+00  1.71604615E-02
   17050 -1.65765374E-01 -9.44265327E-01 -6.17585534E-01  1.73877862E+00  2.25387383E-02
   17100 -1.65555173E-01 -9.18292391E-01 -6.20345852E-01  1.73602821E+00  1.14337316E-02
   17150 -1.52746061E-01 -9.04019164E-01 -5.74901119E-01  1.73209252E+00  1.99102025E-02
   17200 -1.28619588E-01 -8.90930397E-01 -6.10869189E-01  1.74936940E+00  1.47128804E-02
   17250 -1.78958738E-01 -8.75727941E-01 -6.38079276E-01  1.73209308E+00  2.27033174E-02
   17300 -1.76529558E-01 -8.38997011E-01 -6.44825742E-01  1.74286959E+00  1.48806538E-02
   17350 -1.52147174E-01 -8.72883142E-01 -6.78523222E-01  1.75229082E+00  1.60425042E-02
   17400 -1.42309078E-01 -8.33253730E-01 -7.10456567E-01  1.73788349E+00  9.17576620E-03
   17450 -1.55175518E-01 -8.45058598E-01 -7.25628596E-01  1.73249481E+00  2.01430747E-02
   17500 -1.62879886E-01 -8.84730664E-01 -6.90141880E-01  1.73850823E+00  3.43361248E-02
   17550 -1.71929574E-01 -8.37879879E-01 -6.93627216E-01  1.74251472E+00  1.50921101E-02
   17600 -1.61397254E-01 -7.89634132E-01 -7.18629019E-01  1.73584260E+00  2.18282315E-02
   17650 -1.76419207E-01 -7.33802237E-01 -6.91871231E-01  1.72578372E+00  1.54719005E-02
   17700 -2.52828053E-01 -6.93799261E-01 -7.23839017E-01  1.74123401E+00  1.38687264E-02
   17750 -2.61022403E-01 -6.88227396E-01 -7.18068218E-01  1.73188667E+00  1.35118208E-02
   17800 -2.88858215E-01 -7.07870057E-01 -6.89254796E-01  1.73333849E+00  2.14061702E-02
   17850 -3.00164420E-01 -7.16013990E-01 -6.39516660E-01  1.72807410E+00  3.24721096E-02
   17900 -3.38112255E-01 -6.92638944E-01 -6.53240074E-01  1.73760859E+00  2.09917232E-02
   17950 -3.00638481E-01 -7.36716749E-01 -6.63909001E-01  1.74047309E+00  2.30191863E-02
   18000 -3.39746066E-01 -7.32554922E-01 -6.64617990E-01  1.75333752E+00  2.89483816E-02
   18050 -3.60180596E-01 -7.32497872E-01 -6.65777172E-01  1.74679938E+00  3.30005646E-03
   18100 -2.88106422E-01 -7.29922696E-01 -5.78854457E-01  1.72640574E+00  3.08280246E-02
   18150 -2.70640714E-01 -7.07920791E-01 -6.15244684E-01  1.72379312E+00  2.53026657E-02
   18200 -3.08674236E-01 -6.68182290E-01 -6.43218502E-01  1.74485162E+00  1.48926403E-02
   18250 -2.99629922E-01 -6.63142178E-01 -6.17458890E-01  1.73443115E+00  2.67747442E-02
   18300 -3.45870193E-01 -6.40034145E-01 -6.08541963E-01  1.73411447E+00  1.86547474E-02
   18350 -3.78396297E-01 -6.35340488E-01 -6.70787482E-01  1.73131912E+00  2.37471897E-02
   18400 -3.71801980E-01 -6.36523881E-01 -7.11857600E-01  1.72968612E+00  7.04377588E-03
   18450 -3.79277943E-01 -5.81336589E-01 -6.84396050E-01  1.75214729E+00  1.52464918E-02
   18500 -3.77094472E-01 -4.95303535E-01 -6.95347999E-01  1.75267233E+00  1.99518784E-02
   18550 -3.96079657E-01 -4.90276165E-01 -6.58201458E-01  1.73546944E+00  1.81290067E-02
   18600 -3.59657967E-01 -4.64873108E-01 -6.89439046E-01  1.73839855E+00  2.54950761E-02
   18650 -3.76878465E-01 -4.87941312E-01 -6.96731934E-01  1.74309271E+00  1.56663912E-02
   18700 -3.37381656E-01 -4.77859636E-01 -6.96299603E-01  1.72475495E+00  1.81834886E-02
   18750 -3.45470245E-01 -4.57049523E-01 -6.78879381E-01  1.73797549E+00  2.08020718E-02
   18800 -3.57026894E-01 -4.64111692E-01 -6.36799836E-01  1.74614895E+00  1.86906152E-02
   18850 -3.63804459E-01 -4.84382774E-01 -6.63761129E-01  1.74939474E+00  1.71354579E-02
   18900 -3.91033203E-01 -4.65652759E-01 -7.00556085E-01  1.75042141E+00  1.56438249E-02
   18950 -4.22493367E-01 -4.90984789E-01 -6.94049189E-01  1.75592728E+00  1.97387410E-02
   19000 -4.35101303E-01 -4.74837724E-01 -6.73085143E-01  1.75264455E+00  1.29692638E-02
   19050 -4.43548211E-01 -5.13537958E-01 -6.87250916E-01  1.76720678E+00  1.16877634E-02
   19100 -4.38135187E-01 -4.76188720E-01 -6.96248835E-01  1.76138888E+00  1.80526006E-02
   19150 -4.61835394E-01 -4.57663982E-01 -6.99681468E-01  1.73320205E+00  1.64465793E-02
   19200 -5.32737603E-01 -5.32948460E-01 -6.63033680E-01  1.73095081E+00  1.30064776E-02
   19250 -5.22638654E-01 -5.47866924E-01 -6.43895165E-01  1.71354143E+00  2.48479586E-02
   19300 -5.03173169E-01 -5.83535509E-01 -6.65331122E-01  1.73352556E+00  1.44401582E-02
   19350 -4.86659026E-01 -6.16145209E-01 -6.27236321E-01  1.73304430E+00  1.94323402E-02
   19400 -4.95607047E-01 -6.12388375E-01 -5.98439892E-01  1.73111600E+00  2.62278259E-02
   19450 -5.15271361E-01 -6.12524103E-01 -5.91533220E-01  1.72811529E+00  1.53968248E-02
   19500 -5.18762048E-01 -6.01003522E-01 -6.03004459E-01  1.73157974E+00  2.30388073E-02
   19550 -4.78903372E-01 -5.86600060E-01 -6.44529201E-01  1.71724468E+00  1.83096882E-02
   19600 -4.41228169E-01 -6.07148835E-01 -6.30039547E-01  1.71334211E+00  1.16718052E-02
   19650 -4.73812330E-01 -6.18460324E-01 -7.22961234E-01  1.74017680E+00  2.13270914E-02
   19700 -4.51137159E-01 -6.52742939E-01 -7.24080112E-01  1.73213519E+00  1.82206329E-02
   19750 -4.73918834E-01 -6.39279991E-01 -6.96919619E-01  1.73617871E+00  2.06827672E-02
   19800 -5.14518456E-01 -6.17905205E-01 -6.79677068E-01  1.75049213E+00  1.97337528E-02
   19850 -5.00261355E-01 -6.18995189E-01 -6.74789511E-01  1.73592923E+00  1.34114521E-02
   19900 -5.22494513E-01 -6.43594992E-01 -6.69540610E-01  1.74837961E+00  2.00165376E-02
   19950 -5.32044540E-01 -6.52700863E-01 -6.96714756E-01  1.74808188E+00  1.75714310E-02
   20000 -5.35655017E-01 -6.98310116E-01 -6.43642421E-01  1.73115298E+00  1.58668835E-02
   20050 -5.36514761E-01 -6.78536626E-01 -6.40040029E-01  1.72058158E+00  1.44474881E-02
   20100 -5.15476342E-01 -6.83018618E-01 -6.52394025E-01  1.74580619E+00  1.21007707E-02
   20150 -5.45457511E-01 -7.23984587E-01 -6.01954997E-01  1.72899561E+00  1.84238821E-02
   20200 -5.56359140E-01 -6.43877568E-01 -6.58488346E-01  1.72676277E+00  1.67996229E-02
   20250 -5.80376442E-01 -6.93118553E-01 -6.71016757E-01  1.75242502E+00  9.65620017E-03
   20300 -5.32318736E-01 -6.64014493E-01 -6.62480225E-01  1.73776720E+00  1.29476661E-02
   20350 -5.15585309E-01 -6.83669639E-01 -6.63780061E-01  1.72724761E+00  1.91087895E-02
   20400 -4.95710123E-01 -6.62869071E-01 -6.83039063E-01  1.74459822E+00  7.19532134E-03
   20450 -4.89144804E-01 -6.74410473E-01 -6.95970816E-01  1.75050143E+00  2.04727872E-02
   20500 -5.21320479E-01 -6.46795192E-01 -6.40199212E-01  1.73790571E+00  1.34842418E-02
   20550 -5.08527209E-01 -6.57873715E-01 -6.22588117E-01  1.73070198E+00  1.23975016E-02
   20600 -4.93672432E-01 -6.66216439E-01 -6.38327385E-01  1.73987763E+00  1.84733096E-02
   20650 -5.10048496E-01 -6.43986037E-01 -6.33986725E-01  1.72761586E+00  1.12485608E-02
   20700 -4.98263024E-01 -6.73297080E-01 -5.89456791E-01  1.72252451E+00  3.71008355E-02
   20750 -5.54755532E-01 -6.87585402E-01 -5.76057331E-01  1.73000373E+00  2.48054467E-02
   20800 -5.39609244E-01 -6.70511940E-01 -5.62383905E-01  1.72477396E+00  1.76700380E-02
   20850 -5.10913195E-01 -6.35223448E-01 -5.51257298E-01  1.73546069E+00  1.67687140E-02
   20900 -5.24684674E-01 -6.68607371E-01 -5.75660215E-01  1.74374295E+00  1.60691706E-02
   20950 -5.42752650E-01 -6.91439990E-01 -5.72864107E-01  1.76425862E+00  1.36121426E-02
   21000 -5.38469565E-01 -6.86287423E-01 -5.43668554E-01  1.75047850E+00  2.12705173E-02
   21050 -5.41164999E-01 -7.32134367E-01 -5.73308340E-01  1.73759967E+00  2.35702054E-02
   21100 -5.29784305E-01 -7.30196389E-01 -5.33734874E-01  1.72048384E+00  2.03993533E-02
   21150 -5.40772563E-01 -7.18539742E-01 -5.44790233E-01  1.74315768E+00  2.06624543E-02
   21200 -5.01098683E-01 -7.32986612E-01 -5.64451481E-01  1.73523751E+00  1.73100907E-02
   21250 -4.91754649E-01 -7.07772622E-01 -5.43704661E-01  1.72511701E+00  1.12854184E-02
   21300 -4.77721583E-01 -7.17714050E-01 -5.77096237E-01  1.73825769E+00  2.25222058E-02
   21350 -4.72040395E-01 -7.13675385E-01 -5.77564307E-01  1.74208409E+00  1.55998672E-02
   21400 -5.03799723E-01 -7.02695117E-01 -5.57846759E-01  1.74059290E+00  1.78694028E-02
   21450 -5.42518176E-01 -6.97620658E-01 -5.48988862E-01  1.72680223E+00  2.54725846E-02
   21500 -5.06832457E-01 -7.56458269E-01 -5.60365146E-01  1.72464321E+00  1.44496006E-02
   21550 -5.18146899E-01 -7.73849431E-01 -5.77144713E-01  1.69932047E+00  2.66944672E-02
   21600 -5.12003647E-01 -7.54061944E-01 -6.09590705E-01  1.71075137E+00  1.61017585E-02
   21650 -5.16844490E-01 -7.47701141E-01 -5.65853874E-01  1.72136534E+00  1.44535042E-02
   21700 -5.03941324E-01 -7.28838821E-01 -5.51022847E-01  1.72019727E+00  1.63782062E-02
   21750 -5.13896903E-01 -7.26241001E-01 -5.04241765E-01  1.72893459E+00  3.96641351E-03
   21800 -5.18659331E-01 -7.66596939E-01 -4.93204313E-01  1.72375088E+00  1.84510469E-02
   21850 -5.64052704E-01 -7.87483337E-01 -4.20864568E-01  1.73514340E+00  2.91399023E-02
   21900 -5.55173394E-01 -7.98352191E-01 -3.96782842E-01  1.73643911E+00  2.59642893E-02
   21950 -5.49506182E-01 -8.02208641E-01 -4.40274866E-01  1.74492113E+00  1.00368841E-02
   22000 -5.84622672E-01 -8.25103076E-01 -4.35098743E-01  1.74976134E+00  3.10967799E-02
   22050 -5.63936761E-01 -7.88264211E-01 -3.97735060E-01  1.71048898E+00  2.97071190E-02
   22100 -5.83816024E-01 -8.11817454E-01 -3.83608464E-01  1.73672890E+00  3.06745007E-02
   22150 -6.03149748E-01 -8.20826989E-01 -3.62819784E-01  1.73222109E+00  1.70944917E-02
   22200 -5.96725063E-01 -7.99849208E-01 -3.82903161E-01  1.72684754E+00  1.46967263E-02
   22250 -6.32217481E-01 -7.86028240E-01 -3.70278334E-01  1.73125768E+00  1.73934425E-02
   22300 -6.51190221E-01 -7.86959295E-01 -3.94394780E-01  1.72881954E+00  1.52477356E-02
   22350 -6.47573444E-01 -7.87216925E-01 -3.84124845E-01  1.73827299E+00  1.53700720E-02
   22400 -6.43901950E-01 -8.12896491E-01 -3.63426310E-01  1.74232898E+00  2.89269241E-02
   22450 -6.44954364E-01 -8.45027219E-01 -3.65299811E-01  1.74780846E+00  3.24224218E-02
   22500 -6.28494250E-01 -8.17963084E-01 -3.41616577E-01  1.72531477E+00  2.97399918E-02
   22550 -6.35418786E-01 -8.61736986E-01 -3.50777536E-01  1.73028349E+00  2.00636450E-02
   22600 -6.20486284E-01 -8.38513328E-01 -3.84036563E-01  1.72855727E+00  1.13780783E-02
   22650 -6.46803915E-01 -8.41341800E-01 -3.77919531E-01  1.73368131E+00  1.12121589E-02
   22700 -6.55105586E-01 -8.56809206E-01 -4.02422309E-01  1.73119983E+00  2.05551181E-02
   22750 -6.68803186E-01 -8.65159418E-01 -3.55301549E-01  1.73102248E+00  2.59301119E-02
   22800 -6.49950569E-01 -8.43840260E-01 -3.37749434E-01  1.71989739E+00  1.91028750E-02
   22850 -6.01342852E-01 -8.26671537E-01 -3.46252266E-01  1.73003515E+00  1.88258178E-02
   22900 -6.56726925E-01 -8.24653886E-01 -3.03690927E-01  1.73883681E+00  1.26547498E-02
   22950 -6.34149967E-01 -7.92998215E-01 -3.27357717E-01  1.73544574E+00  1.89398356E-02
   23000 -6.21795281E-01 -8.10964694E-01 -3.19681176E-01  1.72762662E+00  1.66667101E-02
   23050 -6.35479483E-01 -7.91332853E-01 -3.32662731E-01  1.73885717E+00  2.10647947E-02
   23100 -6.20247748E-01 -7.69689983E-01 -3.25553300E-01  1.74077292E+00  7.68085729E-03
   23150 -6.44378824E-01 -7.51052426E-01 -3.18179908E-01  1.72833209E+00  1.05629485E-02
   23200 -6.45952998E-01 -7.32051518E-01 -3.63366727E-01  1.72941255E+00  2.16628772E-02
   23250 -6.89823620E-01 -7.55654313E-01 -3.26038891E-01  1.74975380E+00  1.33156847E-02
   23300 -6.18829425E-01 -7.66326091E-01 -3.09655542E-01  1.71623501E+00  2.83309409E-02
   23350 -6.01545322E-01 -7.61220825E-01 -3.10698317E-01  1.72808990E+00  2.06969487E-02
   23400 -6.40531298E-01 -7.52449115E-01 -2.62578340E-01  1.73484889E+00  4.20730296E-03
   23450 -6.76284157E-01 -7.22812459E-01 -2.85219071E-01  1.74388196E+00  1.93756429E-02
   23500 -6.29424823E-01 -7.63472269E-01 -2.82197938E-01  1.73693547E+00  7.60849340E-03
   23550 -6.96085125E-01 -7.96107894E-01 -2.63705133E-01  1.74154293E+00  1.71779025E-02
   23600 -6.49758671E-01 -7.82895025E-01 -2.63070306E-01  1.72190074E+00  2.17023440E-02
   23650 -6.75072923E-01 -7.93284989E-01 -2.80224358E-01  1.73010632E+00  3.24718937E-02
   23700 -6.92873461E-01 -7.92356331E-01 -2.65408602E-01  1.74149923E+00  2.67261037E-02
   23750 -6.48864965E-01 -7.38297369E-01 -2.34508431E-01  1.73732195E+00  2.51990061E-02
   23800 -6.50279716E-01 -7.21426723E-01 -2.28199238E-01  1.75384182E+00  2.47899226E-02
   23850 -6.57201737E-01 -6.72363461E-01 -1.93854887E-01  1.73827252E+00  2.51256896E-02
   23900 -6.76377794E-01 -6.74960749E-01 -2.04566556E-01  1.74870922E+00  1.28222626E-02
   23950 -6.59771325E-01 -6.35365982E-01 -1.63666318E-01  1.71747115E+00  6.31129096E-03
   24000 -6.35303358E-01 -6.76684248E-01 -1.85780395E-01  1.73091288E+00  2.12991010E-02
   24050 -6.31123880E-01 -6.23614014E-01 -1.40015081E-01  1.72634456E+00  2.18492831E-02
   24100 -6.12030617E-01 -6.42531427E-01 -2.08455057E-01  1.72591370E+00  1.74626212E-02
   24150 -6.23115611E-01 -6.35433461E-01 -1.86485010E-01  1.71690930E+00  1.25647971E-02
   24200 -6.32430994E-01 -6.46329317E-01 -2.17470339E-01  1.74179229E+00  1.41333071E-02
   24250 -6.67473053E-01 -6.81073790E-01 -2.35742066E-01  1.74402312E+00  1.80618909E-02
   24300 -6.29658998E-01 -6.93733621E-01 -2.27447195E-01  1.76455995E+00  1.40305922E-02
   24350 -6.52770473E-01 -6.59701116E-01 -2.61470899E-01  1.73691568E+00  2.28233910E-02
   24400 -6.34569442E-01 -6.61603681E-01 -2.81463621E-01  1.74328287E+00  2.48068635E-02
   24450 -6.64821710E-01 -6.76562691E-01 -2.77338108E-01  1.74721703E+00  1.51409116E-02
   24500 -6.17254069E-01 -6.57136471E-01 -2.27213816E-01  1.74016908E+00  9.18038691E-03
   24550 -6.42663440E-01 -6.29335293E-01 -2.02740831E-01  1.71172742E+00  3.06522222E-02
   24600 -6.65853225E-01 -6.36750701E-01 -2.07062358E-01  1.72330778E+00  1.88036224E-02
   24650 -6.67721578E-01 -6.20909814E-01 -1.75906357E-01  1.72078851E+00  9.86828479E-03
   24700 -6.65319845E-01 -6.32735409E-01 -2.03635259E-01  1.73050623E+00  2.62199359E-02
   24750 -6.73049154E-01 -5.92419975E-01 -1.07629029E-01  1.72932232E+00  2.52976239E-02
   24800 -6.79798386E-01 -5.42105499E-01 -5.94343315E-02  1.72286279E+00  1.99700650E-02
   24850 -6.30150252E-01 -5.31985684E-01 -7.97619013E-02  1.73066669E+00  2.80567181E-02
   24900 -6.25581571E-01 -5.25205276E-01 -7.77416914E-02  1.73162966E+00  3.29067943E-02
   24950 -6.53758073E-01 -5.14662038E-01 -4.84217492E-02  1.75354713E+00  1.95516215E-02
   25000 -6.96045572E-01 -5.08066535E-01 -6.40172560E-02  1.73883605E+00  2.40695912E-02
   25050 -6.92421934E-01 -4.75081047E-01 -6.16590352E-02  1.73851984E+00  2.33737556E-02
   25100 -7.27378161E-01 -4.23892726E-01 -5.32904228E-02  1.74180326E+00  1.38975244E-02
   25150 -7.31773653E-01 -4.20768285E-01 -9.03208767E-02  1.74337014E+00  1.68797039E-02
   25200 -7.11181020E-01 -4.16778565E-01 -1.24681008E-01  1.73502827E+00  4.66100933E-02
   25250 -6.92266647E-01 -4.32290544E-01 -1.41218413E-01  1.72650668E+00  3.80222270E-02
   25300 -6.51158383E-01 -4.29434945E-01 -1.36571401E-01  1.73614276E+00  2.02834964E-02
   25350 -6.32406089E-01 -4.58007336E-01 -1.44701986E-01  1.73073141E+00  3.07229853E-02
   25400 -6.35685365E-01 -3.99854482E-01 -1.18347600E-01  1.71258595E+00  2.90302777E-02
   25450 -6.24132142E-01 -3.79668208E-01 -1.08318937E-01  1.73365436E+00  9.55096603E-03
   25500 -6.46611246E-01 -4.40259840E-01 -5.19590860E-02  1.73917043E+00  7.30756233E-03
   25550 -6.91628916E-01 -5.03705474E-01 -5.78145503E-02  1.72321285E+00  1.81836028E-02
   25600 -7.16010242E-01 -5.17031046E-01 -5.57822809E-02  1.74606044E+00  3.43735237E-02
   25650 -7.28781058E-01 -4.89124884E-01 -2.43099280E-02  1.72285989E+00  4.23785713E-02
   25700 -7.48350193E-01 -5.01599766E-01  6.41080499E-02  1.73552303E+00  1.60019435E-02
   25750 -7.25315434E-01 -4.78706183E-01  8.70238023E-02  1.75183534E+00  1.57852590E-02
   25800 -6.78340845E-01 -4.45163643E-01  5.45956229E-02  1.73817668E+00  1.99922354E-02
   25850 -6.47806864E-01 -4.56387182E-01  6.50989526E-02  1.73318992E+00  2.27793740E-02
   25900 -7.07095095E-01 -4.67603739E-01  7.34206098E-02  1.74700778E+00  2.81196520E-02
   25950 -7.19675959E-01 -4.40030734E-01  6.75248522E-02  1.75603260E+00  1.86188853E-02
   26000 -6.98090111E-01 -4.23292320E-01  2.71827429E-02  1.74796829E+00  1.22491057E-02
   26050 -7.24298067E-01 -4.58317554E-01  4.77015760E-02  1.74366552E+00  1.56730745E-02
   26100 -7.12502724E-01 -4.83962604E-01  3.59663168E-02  1.72813290E+00  1.98078657E-02
   26150 -6.87375909E-01 -4.92755009E-01  5.48121285E-02  1.74883529E+00  1.78166113E-02
   26200 -6.95528175E-01 -5.17688921E-01  2.59478332E-02  1.74435363E+00  1.25190750E-02
   26250 -7.28676165E-01 -4.80647282E-01  5.93710943E-02  1.72845219E+00  1.52604813E-02
   26300 -7.58522366E-01 -4.97789804E-01  2.87398647E-02  1.73776283E+00  2.71035881E-02
   26350 -7.78914907E-01 -4.35769944E-01  3.92826638E-02  1.74173617E+00  3.43774759E-02
   26400 -7.98686796E-01 -4.14813447E-01  2.73896738E-02  1.72457285E+00  3.26246164E-02
   26450 -8.01829262E-01 -4.15995072E-01  2.68336849E-02  1.73228067E+00  1.77986834E-02
   26500 -7.72539237E-01 -4.07203140E-01  5.26158034E-02  1.72738496E+00  2.36865421E-02
   26550 -7.75155558E-01 -3.71254623E-01  7.95677167E-02  1.72207879E+00  1.03108310E-02
   26600 -7.84240378E-01 -3.76952336E-01  7.05622706E-02  1.73764461E+00  3.24554496E-02
   26650 -7.31139508E-01 -3.41698848E-01  4.04309378E-02  1.72374227E+00  1.15093582E-02
   26700 -7.37624692E-01 -3.30648793E-01  2.02304486E-02  1.72994983E+00  1.04240124E-02
   26750 -7.80232373E-01 -3.37763378E-01  4.95444717E-02  1.74196160E+00  1.61349637E-02
   26800 -7.65852052E-01 -3.16047035E-01  1.11819916E-01  1.74479679E+00  3.15753913E-02
   26850 -7.72102016E-01 -2.97148508E-01  1.03914916E-01  1.74153501E+00  1.89300987E-02
   26900 -7.39204400E-01 -2.58812779E-01  5.20392336E-02  1.73746450E+00  9.47820273E-03
   26950 -7.55570641E-01 -2.78250702E-01  6.58264796E-02  1.72680024E+00  2.68580064E-02
   27000 -7.73909821E-01 -2.90208201E-01  9.58121284E-03  1.73943219E+00  1.00367164E-02
   27050 -7.59737012E-01 -3.37132988E-01  1.19438752E-02  1.74137307E+00  1.27973346E-02
   27100 -7.84278501E-01 -3.25777625E-01  2.73970873E-02  1.74234777E+00  2.02531416E-02
   27150 -7.88179628E-01 -3.25693682E-01 -2.43041371E-02  1.74524533E+00  1.27874434E-02
   27200 -7.78275429E-01 -3.08355384E-01 -6.09987507E-02  1.74645497E+00  1.55650025E-02
   27250 -7.68672021E-01 -3.18587623E-01 -8.76440006E-02  1.74013945E+00  3.11864224E-02
   27300 -7.92281095E-01 -3.30432937E-01 -1.63538495E-01  1.73687540E+00  3.89456257E-02
   27350 -7.61200236E-01 -3.14133658E-01 -1.32242316E-01  1.72654223E+00  2.60403265E-02
   27400 -7.67466239E-01 -2.97961624E-01 -8.89870972E-02  1.73057918E+00  2.80797582E-02
   27450 -7.88097044E-01 -3.16460912E-01 -3.59450009E-02  1.74217973E+00  1.35369794E-02
   27500 -7.92992421E-01 -3.12776099E-01 -4.02273397E-02  1.74705946E+00  2.30574610E-02
   27550 -7.64201507E-01 -2.42944747E-01 -4.19356411E-02  1.73036161E+00  2.84053301E-02
   27600 -7.76346286E-01 -2.26336306E-01 -5.16726650E-02  1.73792395E+00  1.45052296E-02
   27650 -7.80387205E-01 -2.01346095E-01 -3.62649611E-02  1.72790341E+00  1.68489707E-02
   27700 -7.69456433E-01 -2.06079426E-01 -7.67254693E-02  1.73123841E+00  2.21877642E-02
   27750 -7.71437279E-01 -1.83588744E-01 -9.46543162E-02  1.72517628E+00  1.35177392E-02
   27800 -7.79817151E-01 -1.83766708E-01 -1.30575206E-01  1.71763780E+00  1.53378803E-02
   27850 -7.70783246E-01 -2.09915676E-01 -1.41278878E-01  1.73573305E+00  1.55366985E-02
   27900 -7.36257948E-01 -2.10003619E-01 -1.41699966E-01  1.73482509E+00  2.96714013E-02
   27950 -6.75320144E-01 -2.34459932E-01 -1.04029953E-01  1.72563194E+00  3.02083322E-02
   28000 -6.65129669E-01 -2.38925312E-01 -1.11341629E-01  1.73349838E+00  1.91489799E-02
   28050 -6.56144572E-01 -1.97931450E-01 -1.30581698E-01  1.73949191E+00  1.63747388E-02
   28100 -6.94265063E-01 -2.18587549E-01 -1.60960128E-01  1.74332080E+00  1.76850225E-02
   28150 -6.61185305E-01 -2.42837504E-01 -1.67798792E-01  1.73103524E+00  2.84740932E-02
   28200 -6.61652479E-01 -2.43636808E-01 -1.40495189E-01  1.74221036E+00  1.92823609E-02
   28250 -6.21280766E-01 -2.54299024E-01 -7.94779056E-02  1.71940483E+00  1.75528208E-02
   28300 -6.25047874E-01 -2.23692487E-01 -7.65405379E-02  1.73270674E+00  3.34606568E-02
   28350 -6.44397802E-01 -2.26488394E-01 -5.89574673E-02  1.73373417E+00  2.13233578E-02
   28400 -6.91128840E-01 -2.56133101E-01 -8.34614878E-02  1.74330014E+00  1.34615368E-02
   28450 -6.67299680E-01 -2.44878497E-01 -7.69122286E-02  1.74704462E+00  1.17654837E-02
   28500 -6.91716460E-01 -2.15504605E-01 -8.18861544E-02  1.73646070E+00  1.37035309E-02
   28550 -6.70456393E-01 -2.07452996E-01 -9.91404305E-02  1.74467358E+00  1.23911051E-02
   28600 -6.87113318E-01 -2.20416279E-01 -1.14274179E-01  1.74949302E+00  3.87256578E-03
   28650 -7.30494214E-01 -2.49054802E-01 -1.50275275E-01  1.73987261E+00  1.44553661E-02
   28700 -7.68255375E-01 -2.18145611E-01 -1.19449848E-01  1.70760020E+00  1.64950782E-02
   28750 -7.67896868E-01 -2.40503855E-01 -1.42205224E-01  1.72616801E+00  1.39796104E-02
   28800 -7.89354439E-01 -2.31065984E-01 -1.59513431E-01  1.71822678E+00  2.95287838E-02
   28850 -8.02390457E-01 -2.35533786E-01 -1.65382250E-01  1.73216798E+00  1.28894005E-02
   28900 -7.72722333E-01 -1.90252114E-01 -1.84393646E-01  1.73250634E+00  8.15384996E-03
   28950 -7.84830516E-01 -1.97786004E-01 -1.46580115E-01  1.73512387E+00  2.03477376E-02
   29000 -7.89574509E-01 -1.68550478E-01 -1.65805640E-01  1.74356348E+00  1.06007212E-02
   29050 -8.01302543E-01 -1.41121946E-01 -1.42340153E-01  1.73201594E+00  1.49914229E-02
   29100 -7.98358779E-01 -1.58851919E-01 -1.24521149E-01  1.71329285E+00  1.66110538E-02
   29150 -8.20333103E-01 -1.80273287E-01 -6.09754685E-02  1.71814323E+00  1.09730149E-02
   29200 -8.14574331E-01 -1.52028156E-01 -7.63110285E-02  1.73925926E+00  1.36873169E-02
   29250 -8.25967243E-01 -1.62639479E-01 -8.20490917E-02  1.73859820E+00  6.76683266E-03
   29300 -8.33280007E-01 -1.84484924E-01 -1.33724040E-01  1.73275232E+00  2.83809934E-02
   29350 -7.85844341E-01 -1.89368053E-01 -1.51519126E-01  1.74402925E+00  1.71464203E-02
   29400 -7.53196474E-01 -2.14088282E-01 -1.49372604E-01  1.73956240E+00  1.60189627E-02
   29450 -7.91833075E-01 -2.36432681E-01 -1.10996571E-01  1.73405733E+00  1.45172536E-02
   29500 -8.18078458E-01 -2.16980795E-01 -1.30723969E-01  1.74545285E+00  1.23464433E-02
   29550 -8.39012321E-01 -2.13439653E-01 -1.15407372E-01  1.72844222E+00  1.54418555E-02
   29600 -8.34852067E-01 -2.10825780E-01 -1.24859312E-01  1.72584489E+00  2.44840179E-02
   29650 -8.63070145E-01 -1.94941125E-01 -1.46324148E-01  1.72100282E+00  2.52367576E-02
   29700 -8.19852595E-01 -1.57854878E-01 -1.62523588E-01  1.72305356E+00  2.22082519E-02
   29750 -8.28521346E-01 -1.15154695E-01 -1.67573863E-01  1.73537740E+00  1.98185827E-02
   29800 -8.36702591E-01 -1.48636882E-01 -2.32046849E-01  1.72789184E+00  2.39903549E-02
   29850 -8.42697852E-01 -1.75871006E-01 -2.43130040E-01  1.72323301E+00  2.52495832E-02
   29900 -8.04787305E-01 -1.87022330E-01 -2.62538265E-01  1.72270395E+00  2.54751379E-02
   29950 -8.28757204E-01 -1.62040663E-01 -2.45244088E-01  1.73190094E+00  1.91632452E-02
   30000 -8.64071679E-01 -1.54562267E-01 -1.98762422E-01  1.72753542E+00  2.76939411E-02
   30050 -8.61562101E-01 -1.38077837E-01 -1.73349893E-01  1.73846584E+00  3.26792525E-02
   30100 -8.31869697E-01 -1.46249585E-01 -1.41809831E-01  1.72284278E+00  1.69271594E-02
   30150 -7.96685981E-01 -1.55576064E-01 -8.38446195E-02  1.73448533E+00  1.11097678E-02
   30200 -7.66544144E-01 -1.45592721E-01 -6.95920528E-02  1.71987106E+00  8.42791068E-03
   30250 -7.15997878E-01 -1.09537019E-01 -6.56011915E-02  1.72146630E+00  1.43744394E-02
   30300 -7.11311180E-01 -8.46813214E-02 -2.80856474E-02  1.72334234E+00  2.54925860E-02
   30350 -7.26558330E-01 -9.03600585E-02 -4.64946013E-02  1.73501761E+00  1.77076359E-02
   30400 -7.15133326E-01 -8.52472970E-02 -2.91711650E-02  1.73977008E+00  1.19859304E-02
   30450 -7.06434372E-01 -1.01772158E-01 -2.71066334E-02  1.73652729E+00  1.54114635E-02
   30500 -6.90723069E-01 -1.18807543E-01  1.72497300E-02  1.74437750E+00  1.47459397E-02
   30550 -7.27651286E-01 -1.75628457E-01  3.17257262E-02  1.73101919E+00  2.41441771E-02
   30600 -7.18534813E-01 -2.04733115E-01  9.24021762E-02  1.71630037E+00  2.37299233E-02
   30650 -6.92966080E-01 -1.67605401E-01  1.31664888E-01  1.72414580E+00  1.44027232E-02
   30700 -7.11894368E-01 -2.06197362E-01  1.00254690E-01  1.72899754E+00  9.18766980E-03
   30750 -7.10602915E-01 -1.83938986E-01  9.36019627E-02  1.71508282E+00  2.11450238E-02
   30800 -7.34847830E-01 -2.18473603E-01  1.32645091E-01  1.72616861E+00  1.16805942E-02
   30850 -7.29743284E-01 -2.27756579E-01  1.15503876E-01  1.71796705E+00  2.46735427E-02
   30900 -7.24707118E-01 -2.00467131E-01  1.32714029E-01  1.72885784E+00  1.15977058E-02
   30950 -7.51306555E-01 -2.52567807E-01  1.27169044E-01  1.73441453E+00  1.35443114E-02
   31000 -7.92257353E-01 -2.50087080E-01  6.04926993E-02  1.72380654E+00  2.15693011E-02
   31050 -7.91244441E-01 -2.22555506E-01  2.34088125E-02  1.71975963E+00  2.71500310E-02
   31100 -7.63723138E-01 -2.08610819E-01 -2.61010516E-02  1.73272827E+00  1.74744559E-02
   31150 -7.15837398E-01 -2.23722001E-01 -6.09469452E-03  1.73563287E+00  9.51493716E-03
   31200 -7.41514805E-01 -1.91625472E-01 -1.85910646E-02  1.74521622E+00  1.92457013E-02
   31250 -7.40024843E-01 -1.68043419E-01 -1.86960427E-02  1.74560891E+00  1.88677809E-02
   31300 -7.54185239E-01 -2.00937689E-01  3.60118281E-02  1.76269658E+00  1.44909895E-02
   31350 -7.29668496E-01 -1.87570338E-01  4.66122650E-02  1.73493899E+00  1.64957822E-02
   31400 -7.32275912E-01 -1.83455216E-01  3.07544522E-02  1.73426481E+00  3.17109656E-02
   31450 -7.79145206E-01 -2.13889358E-01  9.62864797E-03  1.73977748E+00  2.39937760E-02
   31500 -7.70937274E-01 -1.96655141E-01 -1.15784225E-02  1.74201596E+00  1.35258995E-02
   31550 -7.67149104E-01 -1.59015663E-01 -3.51147841E-02  1.73468237E+00  2.67984158E-02
   31600 -7.77106552E-01 -1.90236591E-01 -3.98011372E-02  1.72523237E+00  1.10031386E-02
   31650 -7.73255475E-01 -1.71170893E-01  1.56519691E-02  1.73004724E+00  2.34647083E-02
   31700 -7.77281010E-01 -1.95194854E-01 -2.57041080E-02  1.72323871E+00  1.52820790E-02
   31750 -7.65626575E-01 -2.13217199E-01 -1.68366846E-02  1.70789581E+00  1.05913602E-02
   31800 -7.67579968E-01 -1.88383958E-01 -5.60572796E-02  1.72902587E+00  1.30030428E-02
   31850 -7.75235424E-01 -2.21715955E-01 -8.38299139E-02  1.72246462E+00  1.77379350E-02
   31900 -7.58006257E-01 -2.44566504E-01 -1.27516249E-01  1.71811048E+00  3.00079461E-02
   31950 -7.72564802E-01 -2.52749527E-01 -1.41172526E-01  1.72614035E+00  2.22591924E-02
   32000 -7.53598516E-01 -2.66113695E-01 -1.25552172E-01  1.72699123E+00  2.24063638E-02
   32050 -7.42330556E-01 -3.02695340E-01 -9.62837003E-02  1.72658542E+00  4.00732984E-02
   32100 -7.60090826E-01 -2.75583842E-01 -7.70270480E-02  1.71943697E+00  3.09933916E-02
   32150 -7.78007778E-01 -2.22256008E-01 -2.66699539E-02  1.71896245E+00  1.55582950E-02
   32200 -7.65789021E-01 -2.14246036E-01 -3.69592739E-02  1.70998854E+00  2.12149467E-02
   32250 -7.63596852E-01 -2.13286266E-01 -2.76672948E-02  1.72748020E+00  3.01388223E-02
   32300 -7.80306248E-01 -2.43288801E-01 -1.22884835E-02  1.73377510E+00  2.56940037E-02
   32350 -8.14845092E-01 -2.62420963E-01 -5.47726588E-02  1.73239245E+00  2.03714468E-02
   32400 -8.12079776E-01 -2.75144650E-01 -2.70761405E-02  1.73359890E+00  1.30102563E-02
   32450 -8.52844689E-01 -3.16780498E-01 -9.69608663E-02  1.74282367E+00  1.40001710E-02
   32500 -8.40871760E-01 -2.75728046E-01 -1.30684870E-01  1.72516926E+00  2.67311368E-02
   32550 -8.85623243E-01 -2.85405788E-01 -2.19998650E-01  1.74112754E+00  1.48067933E-02
   32600 -8.95950214E-01 -2.59865186E-01 -2.58064749E-01  1.73026106E+00  3.10234186E-02
   32650 -8.95930246E-01 -2.54968737E-01 -2.79957531E-01  1.71962012E+00  2.18068510E-02
   32700 -8.74715631E-01 -2.35525295E-01 -3.03426728E-01  1.73264413E+00  9.18786862E-03
   32750 -8.88957765E-01 -2.51027263E-01 -3.38716395E-01  1.73833468E+00  1.91866078E-02
   32800 -8.85468005E-01 -2.36924733E-01 -3.70083785E-01  1.75210962E+00  1.29319882E-02
   32850 -9.13675914E-01 -1.94948717E-01 -4.39389303E-01  1.74311897E+00  1.84627131E-02
   32900 -9.03662314E-01 -2.05803760E-01 -4.39502942E-01  1.73330351E+00  1.36834393E-02
   32950 -9.33954520E-01 -1.93436433E-01 -4.36224830E-01  1.75630791E+00  1.19889041E-02
   33000 -9.52849686E-01 -1.97366127E-01 -4.26600514E-01  1.73797049E+00  1.40411961E-02
   33050 -9.21212773E-01 -2.19930713E-01 -4.03454650E-01  1.73098714E+00  2.96801673E-02
   33100 -9.23496846E-01 -2.20963356E-01 -4.13041165E-01  1.73594164E+00  2.18310052E-02
   33150 -9.26104287E-01 -2.41574268E-01 -4.41766620E-01  1.73603518E+00  2.22255407E-02
   33200 -9.35426905E-01 -2.43681978E-01 -4.43831306E-01  1.74121153E+00  2.07639052E-02
   33250 -9.18788872E-01 -1.99508677E-01 -4.12484421E-01  1.73957695E+00  2.53298903E-02
   33300 -9.02694516E-01 -1.49835791E-01 -3.99010231E-01  1.73166515E+00  2.31126713E-02
   33350 -8.83234898E-01 -1.23978253E-01 -3.97611751E-01  1.72493688E+00  1.84289048E-02
   33400 -8.65907567E-01 -7.02912549E-02 -3.80908007E-01  1.74368269E+00  1.24751935E-02
   33450 -8.51826385E-01 -7.95016831E-02 -3.47745977E-01  1.73412167E+00  2.51550564E-02
   33500 -8.19652675E-01 -5.43025061E-02 -3.28096600E-01  1.74076930E+00  2.36715072E-02
   33550 -8.23016791E-01 -4.62395825E-02 -3.28180183E-01  1.75640351E+00  1.02177700E-02
   33600 -7.75237270E-01 -6.56521749E-02 -2.44042664E-01  1.72713828E+00  1.93597027E-02
   33650 -7.68559201E-01 -5.42533596E-02 -2.95032610E-01  1.71812721E+00  2.90299035E-02
   33700 -8.07105503E-01 -7.33437012E-02 -3.17325930E-01  1.74275286E+00  1.09963777E-02
   33750 -7.94229559E-01 -7.25875215E-02 -3.27645468E-01  1.72800704E+00  1.96939797E-02
   33800 -7.81970812E-01 -7.38489179E-02 -3.54087627E-01  1.72707855E+00  1.48194393E-02
   33850 -7.93290264E-01 -6.37013314E-02 -3.96290181E-01  1.72061407E+00  1.07369708E-02
   33900 -8.20098895E-01 -1.00845814E-01 -4.28017720E-01  1.72682719E+00  3.57674787E-02
   33950 -8.12449950E-01 -9.46438334E-02 -4.05957506E-01  1.72209965E+00  9.46179611E-03
   34000 -7.90442435E-01 -2.90207691E-02 -3.60217169E-01  1.72359984E+00  2.59042056E-02
   34050 -7.94448369E-01 -1.42667972E-02 -3.62070554E-01  1.74192748E+00  1.60297672E-02
   34100 -7.91007597E-01  1.66415254E-02 -3.87167697E-01  1.74285104E+00  1.83829838E-02
   34150 -7.90928028E-01  5.65887080E-02 -4.10785279E-01  1.72531946E+00  1.89570686E-02
   34200 -8.08852620E-01  8.86489720E-02 -3.72095834E-01  1.73161705E+00  2.70585198E-02
   34250 -8.09687029E-01  8.34392020E-02 -3.84878547E-01  1.72494683E+00  3.26631393E-02
   34300 -8.19789857E-01  4.08775390E-02 -3.65301267E-01  1.73469120E+00  3.22153594E-02
   34350 -8.51614343E-01  5.86546612E-02 -3.79517830E-01  1.72283639E+00  2.70111751E-02
   34400 -8.84712620E-01  5.15394312E-02 -3.49089952E-01  1.73866384E+00  1.56809489E-02
   34450 -8.64899090E-01  7.11267447E-02 -3.52726101E-01  1.74061570E+00  9.31590895E-03
   34500 -8.29721870E-01  6.98916594E-02 -3.29124722E-01  1.72470526E+00  2.74689826E-02
   34550 -8.31473924E-01  8.15036488E-02 -3.27217793E-01  1.74420400E+00  2.55294735E-02
   34600 -8.45188831E-01  2.93746286E-02 -3.87027854E-01  1.73598810E+00  2.54542420E-02
   34650 -8.59450140E-01  1.97140328E-02 -4.63844275E-01  1.73472844E+00  1.64043789E-02
   34700 -8.94125144E-01 -2.76730340E-02 -4.21444163E-01  1.74259509E+00  2.16347469E-02
   34750 -8.72384618E-01 -3.40594618E-02 -4.43993217E-01  1.75554198E+00  1.68527303E-02
   34800 -8.58806804E-01 -8.19267388E-02 -4.37577840E-01  1.75369338E+00  9.02028331E-03
   34850 -8.09983379E-01 -8.88813440E-02 -4.35870120E-01  1.73284980E+00  2.27954391E-02
   34900 -8.40258273E-01 -4.58608571E-02 -3.95267072E-01  1.73390459E+00  1.47912525E-02
   34950 -8.27642774E-01 -5.14417320E-02 -3.75516848E-01  1.72496126E+00  2.07701747E-02
   35000 -8.48526748E-01 -6.94588325E-02 -4.14718877E-01  1.73476511E+00  2.40739037E-02
   35050 -8.33229295E-01 -4.10578211E-02 -3.52976745E-01  1.74606352E+00  3.60559294E-02
   35100 -8.55767770E-01 -2.75904344E-02 -3.55981605E-01  1.74943259E+00  1.90830329E-02
   35150 -8.54034112E-01  8.33572573E-03 -3.40656846E-01  1.74960594E+00  1.37887402E-02
   35200 -8.59939309E-01 -3.62181003E-02 -3.83139618E-01  1.75590203E+00  2.58236889E-02
   35250 -8.64151476E-01 -2.23009527E-02 -3.83384675E-01  1.75445384E+00  1.82214484E-02
   35300 -8.81842938E-01  3.51091946E-04 -3.89845257E-01  1.73417287E+00  2.00560263E-02
   35350 -8.56644743E-01  3.81249322E-02 -3.63753323E-01  1.73164534E+00  2.86324037E-02
   35400 -8.32764055E-01  3.82271602E-02 -3.66558380E-01  1.72976565E+00  3.23953385E-02
   35450 -8.18649777E-01  1.96011606E-02 -3.79826156E-01  1.71878334E+00  2.30630348E-02
   35500 -8.28949599E-01  3.35727437E-02 -3.70305818E-01  1.73201465E+00  1.73639542E-02
   35550 -7.92808462E-01 -4.42117719E-02 -3.95285954E-01  1.72458859E+00  2.07449460E-02
   35600 -7.85501991E-01 -2.56258316E-02 -3.95289686E-01  1.71836537E+00  1.66112584E-02
   35650 -7.88912218E-01 -2.31055235E-02 -3.70522209E-01  1.73003727E+00  1.34829077E-02
   35700 -7.99308012E-01 -4.65287290E-02 -3.95648204E-01  1.73408222E+00  1.34365659E-02
   35750 -8.03308073E-01 -4.91878261E-02 -3.84121237E-01  1.72097027E+00  2.43286480E-02
   35800 -8.15249341E-01  1.41480492E-02 -3.70089375E-01  1.73726811E+00  2.60892671E-02
   35850 -8.52805674E-01 -4.60008167E-02 -3.98585281E-01  1.73807736E+00  3.59188591E-02
   35900 -8.25039503E-01 -3.13919885E-02 -4.15973005E-01  1.73324150E+00  2.19831879E-02
   35950 -8.03029592E-01  2.20502134E-02 -4.21722962E-01  1.73917196E+00  1.89054087E-02
   36000 -8.11887233E-01  4.33649245E-02 -4.31437301E-01  1.74966078E+00  2.06518684E-02
   36050 -8.11980151E-01  6.96773100E-03 -4.80513786E-01  1.74761117E+00  1.39492023E-02
   36100 -8.24735717E-01  5.89047018E-03 -4.65340949E-01  1.74912408E+00  6.21775325E-03
   36150 -8.20931938E-01  6.01729334E-02 -4.06589398E-01  1.72730809E+00  2.01282112E-02
   36200 -7.83567758E-01  5.61746949E-02 -4.26661792E-01  1.73070725E+00  1.71049151E-02
   36250 -8.02689379E-01  8.31257298E-02 -4.40445612E-01  1.73387723E+00  1.58600163E-02
   36300 -7.52369566E-01  1.23284381E-01 -3.94639105E-01  1.70658071E+00  2.56816028E-02
   36350 -7.29781506E-01  1.12631046E-01 -3.97560694E-01  1.72095310E+00  1.53129817E-02
   36400 -7.36052366E-01  1.11631375E-01 -4.09904058E-01  1.75115083E+00  1.91955676E-02
   36450 -7.64235662E-01  1.35456154E-01 -4.18174961E-01  1.73915247E+00  1.88242085E-02
   36500 -7.80665142E-01  1.83926751E-01 -3.53838109E-01  1.74702293E+00  1.04205640E-02
   36550 -7.52160496E-01  2.04818768E-01 -3.67527438E-01  1.73755579E+00  1.89435533E-02
   36600 -7.32377982E-01  2.97785908E-01 -3.60463756E-01  1.73649882E+00  1.50739046E-02
   36650 -7.00408302E-01  2.94224508E-01 -3.52829032E-01  1.73285359E+00  1.47026546E-02
   36700 -7.15845046E-01  2.79437148E-01 -3.41975466E-01  1.73261072E+00  1.69215823E-02
   36750 -7.64812700E-01  2.52600398E-01 -4.15038549E-01  1.73548241E+00  1.22637178E-02
   36800 -7.71494026E-01  2.27065518E-01 -4.46962716E-01  1.73236190E+00  2.80198626E-02
   36850 -7.53267875E-01  1.62453177E-01 -5.37104955E-01  1.71840636E+00  1.62425438E-02
   36900 -7.48026526E-01  1.59261642E-01 -5.46970632E-01  1.71915718E+00  2.13604338E-02
   36950 -8.11484433E-01  1.97892456E-01 -5.81024111E-01  1.75621801E+00  2.11608237E-02
   37000 -7.89864553E-01  1.77730096E-01 -6.28259373E-01  1.75348370E+00  1.81807013E-02
   37050 -7.75396708E-01  1.99748607E-01 -6.31490239E-01  1.74777200E+00  8.64912344E-03
   37100 -7.68656967E-01  2.18944876E-01 -6.43227127E-01  1.74778014E+00  6.56270482E-03
   37150 -8.06090635E-01  2.58976868E-01 -6.52636080E-01  1.75410339E+00  2.48603445E-02
   37200 -7.96959618E-01  3.14706754E-01 -6.16880776E-01  1.73191529E+00  2.60980256E-02
   37250 -7.98418718E-01  2.55016257E-01 -6.18904448E-01  1.72991185E+00  2.43138437E-02
   37300 -7.97204871E-01  2.66700111E-01 -6.10882000E-01  1.72167369E+00  2.04503181E-02
   37350 -8.08341056E-01  2.97975659E-01 -5.58515761E-01  1.72110305E+00  8.26862375E-03
   37400 -8.20776270E-01  2.45417056E-01 -5.58747536E-01  1.72565824E+00  1.08098899E-02
   37450 -7.87364770E-01  2.73362587E-01 -5.46991689E-01  1.72582715E+00  2.05518499E-02
   37500 -7.93036461E-01  2.92902905E-01 -5.25642494E-01  1.73586506E+00  2.10131904E-02
   37550 -7.72208182E-01  3.33850930E-01 -4.95909944E-01  1.73238736E+00  1.83654951E-02
   37600 -7.57286242E-01  3.17089251E-01 -4.89965643E-01  1.73000163E+00  1.95840782E-02
   37650 -7.20766547E-01  2.87112523E-01 -5.28626098E-01  1.74861181E+00  1.02636177E-02
   37700 -6.90912893E-01  2.48309482E-01 -5.39659723E-01  1.76065002E+00  3.20052703E-02
   37750 -6.78894085E-01  2.31330505E-01 -5.41620923E-01  1.75203247E+00  1.73636771E-02
   37800 -7.09806970E-01  1.97439423E-01 -5.33570717E-01  1.74694104E+00  1.70254990E-02
   37850 -7.04850617E-01  2.41466922E-01 -5.35055469E-01  1.75022105E+00  1.05789352E-02
   37900 -7.19462055E-01  2.45090364E-01 -5.01037511E-01  1.72693730E+00  2.66600023E-02
   37950 -7.31932923E-01  2.44043347E-01 -5.25017982E-01  1.74246888E+00  9.40237643E-03
   38000 -7.28079492E-01  2.53013123E-01 -4.81067218E-01  1.73540909E+00  2.26007873E-02
   38050 -8.00507401E-01  2.54170594E-01 -4.77693072E-01  1.74729173E+00  1.05850093E-02
   38100 -7.64054077E-01  2.86530138E-01 -4.61958061E-01  1.74098871E+00  8.66609228E-03
   38150 -7.51122390E-01  3.11115808E-01 -5.05369976E-01  1.74358700E+00  1.65990604E-02
   38200 -8.10292042E-01  2.97740782E-01 -4.74036305E-01  1.74045400E+00  2.73937507E-02
   38250 -7.96060748E-01  3.13721248E-01 -4.99000521E-01  1.71955421E+00  1.57906780E-02
   38300 -7.87823398E-01  3.30727414E-01 -5.15014389E-01  1.73719551E+00  1.69878547E-02
   38350 -7.66503781E-01  3.08099107E-01 -5.32184742E-01  1.73234534E+00  1.37566124E-02
   38400 -7.78111296E-01  3.26686384E-01 -4.93506909E-01  1.74768747E+00  2.33990871E-02
   38450 -7.74013044E-01  3.29872476E-01 -4.63277610E-01  1.74300918E+00  2.71193015E-02
   38500 -7.57571347E-01  3.58068719E-01 -4.35025834E-01  1.75407347E+00  1.77494811E-02
   38550 -7.69870589E-01  3.33171621E-01 -4.10349179E-01  1.74790801E+00  1.35031950E-02
   38600 -7.16515551E-01  3.08357324E-01 -4.02152176E-01  1.71800637E+00  1.93684721E-02
   38650 -7.51167229E-01  2.81703890E-01 -4.05501432E-01  1.74647686E+00  2.03672123E-02
   38700 -7.43434315E-01  3.30482636E-01 -4.06058717E-01  1.74126922E+00  1.32150603E-02
   38750 -7.27431100E-01  3.30401601E-01 -3.41939964E-01  1.71559380E+00  2.25314238E-02
   38800 -7.27931007E-01  3.14779154E-01 -3.47233947E-01  1.73546429E+00  1.30765732E-02
   38850 -6.81291322E-01  3.30723996E-01 -3.08291592E-01  1.73637178E+00  1.08912825E-02
   38900 -7.09833744E-01  3.02019246E-01 -2.95065710E-01  1.73952636E+00  9.92454210E-03
   38950 -7.26339540E-01  3.26658920E-01 -2.60585503E-01  1.74861720E+00  1.44068879E-02
   39000 -7.24947496E-01  3.05741519E-01 -2.43373312E-01  1.73360052E+00  1.76461331E-02
   39050 -7.17949427E-01  2.68697690E-01 -2.16311617E-01  1.72627218E+00  3.04225906E-02
   39100 -6.82319697E-01  2.67005710E-01 -2.34247756E-01  1.72265659E+00  2.63902669E-02
   39150 -7.12148994E-01  2.21354783E-01 -2.50354130E-01  1.72733151E+00  2.58624601E-02
   39200 -6.82133857E-01  2.35872860E-01 -2.29853333E-01  1.73416996E+00  7.53130659E-03
   39250 -7.13962719E-01  2.35774383E-01 -2.55805839E-01  1.74096931E+00  1.13880011E-02
   39300 -7.02682208E-01  2.42874487E-01 -2.75146187E-01  1.73586738E+00  2.60106368E-02
   39350 -7.01576806E-01  2.72066428E-01 -2.82435140E-01  1.75191581E+00  1.68418429E-02
   39400 -6.83289592E-01  3.07819961E-01 -3.15328374E-01  1.74825172E+00  1.78317799E-02
   39450 -6.63953303E-01  2.67912578E-01 -2.96871399E-01  1.74040490E+00  2.54546136E-02
   39500 -6.61514254E-01  2.44222460E-01 -3.24325340E-01  1.72146567E+00  3.21216216E-02
   39550 -6.51202522E-01  2.72078866E-01 -2.65865559E-01  1.72556369E+00  3.79836354E-02
   39600 -6.67136044E-01  2.09044096E-01 -3.30372957E-01  1.74280073E+00  3.30548500E-02
   39650 -6.38048719E-01  1.78235825E-01 -3.32781731E-01  1.73280429E+00  2.56538424E-02
   39700 -6.43043764E-01  1.75683238E-01 -3.54680200E-01  1.71841069E+00  2.62984987E-02
   39750 -6.38438887E-01  1.99190460E-01 -4.06061758E-01  1.73201481E+00  1.54722177E-02
   39800 -6.81601905E-01  1.57883322E-01 -3.86235242E-01  1.74198955E+00  7.89765859E-03
   39850 -6.66654494E-01  1.47500978E-01 -3.75010922E-01  1.72962274E+00  1.31013141E-02
   39900 -6.85931291E-01  1.64334923E-01 -3.72358773E-01  1.73403243E+00  1.49014350E-02
   39950 -6.83595524E-01  1.93363761E-01 -4.03584420E-01  1.75385507E+00  1.10582714E-02
