   #Iter             <M>           <M^2>           <M^4>      U_{Binder}            \chi        C_v(tot)             <E>       <E_{exc}>       <E_{lsf}>
       1  1.20408357E+00  1.46359917E+00  2.21965970E+00  6.54601190E-01  1.55460135E-02  9.06483158E-01 -6.29301304E+00 -6.29301304E+00  0.00000000E+00
      11  1.22044846E+00  1.49320149E+00  2.25096673E+00  6.63479913E-01  4.18153230E-03  2.56928165E+00 -6.15950431E+00 -6.15950431E+00  0.00000000E+00
      21  1.23105445E+00  1.51879279E+00  2.32678931E+00  6.63768226E-01  3.71982969E-03  2.43231040E+00 -6.16435599E+00 -6.16435599E+00  0.00000000E+00
      31  1.23567269E+00  1.53036013E+00  2.36301049E+00  6.63676579E-01  3.91769223E-03  2.39614728E+00 -6.20312177E+00 -6.20312177E+00  0.00000000E+00
      41  1.23779186E+00  1.53627314E+00  2.38523936E+00  6.63121080E-01  4.67495204E-03  2.84118963E+00 -6.20521238E+00 -6.20521238E+00  0.00000000E+00
      51  1.23614600E+00  1.53239675E+00  2.37419588E+00  6.62982195E-01  4.89532677E-03  2.69524691E+00 -6.19274759E+00 -6.19274759E+00  0.00000000E+00
      61  1.23378284E+00  1.52632030E+00  2.35424516E+00  6.63148044E-01  4.62502659E-03  2.64658783E+00 -6.19051420E+00 -6.19051420E+00  0.00000000E+00
      71  1.23255809E+00  1.52317847E+00  2.34375358E+00  6.63264340E-01  4.48832736E-03  2.46711065E+00 -6.18552586E+00 -6.18552586E+00  0.00000000E+00
      81  1.23168982E+00  1.52063038E+00  2.33359332E+00  6.63599531E-01  4.02758409E-03  2.36215826E+00 -6.18022461E+00 -6.18022461E+00  0.00000000E+00
      91  1.23093636E+00  1.51885217E+00  2.32854620E+00  6.63540658E-01  4.11476257E-03  2.33293295E+00 -6.18734086E+00 -6.18734086E+00  0.00000000E+00
     101  1.23257000E+00  1.52269676E+00  2.33929708E+00  6.63691938E-01  3.91183464E-03  2.18655034E+00 -6.18794613E+00 -6.18794613E+00  0.00000000E+00
     111  1.23457387E+00  1.52776007E+00  2.35549134E+00  6.63604680E-01  4.04660920E-03  2.37855550E+00 -6.19736683E+00 -6.19736683E+00  0.00000000E+00
     121  1.23684496E+00  1.53366503E+00  2.37543346E+00  6.63363981E-01  4.37617008E-03  2.38755587E+00 -6.20291574E+00 -6.20291574E+00  0.00000000E+00
     131  1.23884584E+00  1.53860964E+00  2.39073150E+00  6.63370128E-01  4.36605379E-03  2.36372437E+00 -6.21133948E+00 -6.21133948E+00  0.00000000E+00
     141  1.23684865E+00  1.53382927E+00  2.37695865E+00  6.63219970E-01  4.55111630E-03  2.35904682E+00 -6.20766836E+00 -6.20766836E+00  0.00000000E+00
     151  1.23390389E+00  1.52686099E+00  2.35716415E+00  6.62969214E-01  4.89799133E-03  2.39050269E+00 -6.19818010E+00 -6.19818010E+00  0.00000000E+00
     161  1.23344993E+00  1.52569487E+00  2.35340419E+00  6.62992242E-01  4.84603895E-03  2.51293704E+00 -6.19595691E+00 -6.19595691E+00  0.00000000E+00
     171  1.22900634E+00  1.51491898E+00  2.32138999E+00  6.62830688E-01  5.03358987E-03  2.59928464E+00 -6.18774918E+00 -6.18774918E+00  0.00000000E+00
     181  1.23020509E+00  1.51777810E+00  2.32961320E+00  6.62909897E-01  4.93335143E-03  2.54536005E+00 -6.18974117E+00 -6.18974117E+00  0.00000000E+00
     191  1.22855793E+00  1.51354698E+00  2.31572668E+00  6.63043195E-01  4.72901335E-03  2.53068788E+00 -6.18676924E+00 -6.18676924E+00  0.00000000E+00
     201  1.23002038E+00  1.51698864E+00  2.32529102E+00  6.63185018E-01  4.55543225E-03  2.51740458E+00 -6.18695598E+00 -6.18695598E+00  0.00000000E+00
     211  1.22947727E+00  1.51566952E+00  2.32129006E+00  6.63179029E-01  4.57421605E-03  2.52421860E+00 -6.18960713E+00 -6.18960713E+00  0.00000000E+00
     221  1.22802022E+00  1.51210754E+00  2.31056580E+00  6.63153743E-01  4.59533712E-03  2.53077579E+00 -6.18506898E+00 -6.18506898E+00  0.00000000E+00
     231  1.23060572E+00  1.51829473E+00  2.32833874E+00  6.63323550E-01  4.40405549E-03  2.48136612E+00 -6.19251164E+00 -6.19251164E+00  0.00000000E+00
     241  1.23144083E+00  1.52026621E+00  2.33387484E+00  6.63397744E-01  4.30862140E-03  2.50496844E+00 -6.19571966E+00 -6.19571966E+00  0.00000000E+00
     251  1.23075660E+00  1.51855753E+00  2.32857061E+00  6.63406552E-01  4.28157921E-03  2.47141524E+00 -6.19824719E+00 -6.19824719E+00  0.00000000E+00
     261  1.23153011E+00  1.52038458E+00  2.33369311E+00  6.63476359E-01  4.19409312E-03  2.45826971E+00 -6.19902456E+00 -6.19902456E+00  0.00000000E+00
     271  1.23076843E+00  1.51842431E+00  2.32722154E+00  6.63542529E-01  4.09845541E-03  2.47224310E+00 -6.19581495E+00 -6.19581495E+00  0.00000000E+00
     281  1.23131283E+00  1.51967776E+00  2.33054581E+00  6.63617515E-01  4.00043307E-03  2.43910575E+00 -6.19557920E+00 -6.19557920E+00  0.00000000E+00
     291  1.23265429E+00  1.52299692E+00  2.34080762E+00  6.63607414E-01  4.01603527E-03  2.47686750E+00 -6.20234375E+00 -6.20234375E+00  0.00000000E+00
     301  1.23181317E+00  1.52098264E+00  2.33494900E+00  6.63559997E-01  4.08218453E-03  2.52194956E+00 -6.20064208E+00 -6.20064208E+00  0.00000000E+00
     311  1.23233980E+00  1.52227260E+00  2.33886623E+00  6.63566476E-01  4.07344532E-03  2.47729956E+00 -6.20178620E+00 -6.20178620E+00  0.00000000E+00
     321  1.23235961E+00  1.52228638E+00  2.33872283E+00  6.63593192E-01  4.03393012E-03  2.48080460E+00 -6.20143973E+00 -6.20143973E+00  0.00000000E+00
     331  1.23391189E+00  1.52606163E+00  2.34994677E+00  6.63649077E-01  3.97401763E-03  2.44276916E+00 -6.20543404E+00 -6.20543404E+00  0.00000000E+00
     341  1.23504530E+00  1.52886545E+00  2.35860096E+00  6.63647482E-01  3.98019865E-03  2.41640926E+00 -6.20785543E+00 -6.20785543E+00  0.00000000E+00
     351  1.23594835E+00  1.53108446E+00  2.36537173E+00  6.63658969E-01  3.96620225E-03  2.41756840E+00 -6.20918244E+00 -6.20918244E+00  0.00000000E+00
     361  1.23437711E+00  1.52720719E+00  2.35349598E+00  6.63646242E-01  3.97094642E-03  2.39047818E+00 -6.20646392E+00 -6.20646392E+00  0.00000000E+00
     371  1.23449688E+00  1.52747853E+00  2.35417871E+00  6.63668190E-01  3.94347176E-03  2.40893933E+00 -6.20477268E+00 -6.20477268E+00  0.00000000E+00
     381  1.23261944E+00  1.52293237E+00  2.34075020E+00  6.63587146E-01  4.04014678E-03  2.46156514E+00 -6.20264288E+00 -6.20264288E+00  0.00000000E+00
     391  1.23296637E+00  1.52373282E+00  2.34288469E+00  6.63634060E-01  3.97818320E-03  2.45390433E+00 -6.20114660E+00 -6.20114660E+00  0.00000000E+00
     401  1.23159637E+00  1.52039132E+00  2.33290473E+00  6.63593028E-01  4.01758009E-03  2.43949686E+00 -6.20060612E+00 -6.20060612E+00  0.00000000E+00
     411  1.23095662E+00  1.51880955E+00  2.32804178E+00  6.63594663E-01  4.01042994E-03  2.42400799E+00 -6.19835722E+00 -6.19835722E+00  0.00000000E+00
     421  1.23207373E+00  1.52153394E+00  2.33619563E+00  6.63624260E-01  3.97986215E-03  2.39932742E+00 -6.19909060E+00 -6.19909060E+00  0.00000000E+00
     431  1.23247182E+00  1.52252033E+00  2.33926162E+00  6.63619091E-01  3.98583285E-03  2.39276655E+00 -6.19815020E+00 -6.19815020E+00  0.00000000E+00
     441  1.23312168E+00  1.52407377E+00  2.34371664E+00  6.63665149E-01  3.93073883E-03  2.40977959E+00 -6.19889417E+00 -6.19889417E+00  0.00000000E+00
     451  1.23313238E+00  1.52408308E+00  2.34366075E+00  6.63677278E-01  3.91147686E-03  2.39752698E+00 -6.19960479E+00 -6.19960479E+00  0.00000000E+00
     461  1.23364084E+00  1.52530918E+00  2.34726517E+00  6.63701345E-01  3.87970515E-03  2.41241417E+00 -6.19950659E+00 -6.19950659E+00  0.00000000E+00
     471  1.23367962E+00  1.52539335E+00  2.34747578E+00  6.63708287E-01  3.86673341E-03  2.41217878E+00 -6.19978760E+00 -6.19978760E+00  0.00000000E+00
     481  1.23324940E+00  1.52437730E+00  2.34461833E+00  6.63669728E-01  3.91779532E-03  2.43073380E+00 -6.19812704E+00 -6.19812704E+00  0.00000000E+00
     491  1.23315930E+00  1.52417256E+00  2.34411726E+00  6.63651261E-01  3.93751456E-03  2.42605693E+00 -6.19818456E+00 -6.19818456E+00  0.00000000E+00
     501  1.23259258E+00  1.52277760E+00  2.33987155E+00  6.63645065E-01  3.94025799E-03  2.43536862E+00 -6.19638639E+00 -6.19638639E+00  0.00000000E+00
     511  1.23380045E+00  1.52575420E+00  2.34897028E+00  6.63653341E-01  3.93745541E-03  2.42716653E+00 -6.19914871E+00 -6.19914871E+00  0.00000000E+00
     521  1.23304258E+00  1.52385165E+00  2.34297163E+00  6.63674034E-01  3.90023128E-03  2.42608618E+00 -6.19756819E+00 -6.19756819E+00  0.00000000E+00
     531  1.23374829E+00  1.52557265E+00  2.34812289E+00  6.63694647E-01  3.87785099E-03  2.39628288E+00 -6.19612439E+00 -6.19612439E+00  0.00000000E+00
     541  1.23344430E+00  1.52481008E+00  2.34571864E+00  6.63702873E-01  3.86365665E-03  2.37849074E+00 -6.19531667E+00 -6.19531667E+00  0.00000000E+00
     551  1.23292543E+00  1.52359976E+00  2.34240910E+00  6.63643595E-01  3.94194602E-03  2.37741225E+00 -6.19508430E+00 -6.19508430E+00  0.00000000E+00
     561  1.23338649E+00  1.52471716E+00  2.34571027E+00  6.63663082E-01  3.91970879E-03  2.35854888E+00 -6.19640475E+00 -6.19640475E+00  0.00000000E+00
     571  1.23330572E+00  1.52449858E+00  2.34492935E+00  6.63678635E-01  3.89788531E-03  2.32931455E+00 -6.19600659E+00 -6.19600659E+00  0.00000000E+00
     581  1.23339993E+00  1.52471097E+00  2.34545486E+00  6.63696975E-01  3.87534103E-03  2.35732271E+00 -6.19631416E+00 -6.19631416E+00  0.00000000E+00
     591  1.23316387E+00  1.52412384E+00  2.34363090E+00  6.63699551E-01  3.86984887E-03  2.34927139E+00 -6.19499645E+00 -6.19499645E+00  0.00000000E+00
     601  1.23321985E+00  1.52424493E+00  2.34391095E+00  6.63712800E-01  3.85068121E-03  2.34342632E+00 -6.19565687E+00 -6.19565687E+00  0.00000000E+00
     611  1.23383163E+00  1.52576839E+00  2.34867425E+00  6.63701982E-01  3.86667493E-03  2.35892790E+00 -6.19757699E+00 -6.19757699E+00  0.00000000E+00
     621  1.23391068E+00  1.52598969E+00  2.34944492E+00  6.63689199E-01  3.89623874E-03  2.35068007E+00 -6.19801276E+00 -6.19801276E+00  0.00000000E+00
     631  1.23348496E+00  1.52495972E+00  2.34640586E+00  6.63670366E-01  3.91930849E-03  2.37256898E+00 -6.19650685E+00 -6.19650685E+00  0.00000000E+00
     641  1.23386776E+00  1.52587421E+00  2.34902607E+00  6.63698257E-01  3.88545300E-03  2.37145129E+00 -6.19645409E+00 -6.19645409E+00  0.00000000E+00
     651  1.23348912E+00  1.52492893E+00  2.34606233E+00  6.63706027E-01  3.87300170E-03  2.38656880E+00 -6.19545299E+00 -6.19545299E+00  0.00000000E+00
     661  1.23407184E+00  1.52636695E+00  2.35046641E+00  6.63709280E-01  3.87316032E-03  2.37792358E+00 -6.19634791E+00 -6.19634791E+00  0.00000000E+00
     671  1.23439257E+00  1.52711698E+00  2.35250826E+00  6.63747680E-01  3.82612708E-03  2.35841298E+00 -6.19659107E+00 -6.19659107E+00  0.00000000E+00
     681  1.23455269E+00  1.52747965E+00  2.35342244E+00  6.63776727E-01  3.78928294E-03  2.36024048E+00 -6.19773131E+00 -6.19773131E+00  0.00000000E+00
     691  1.23463224E+00  1.52765169E+00  2.35380615E+00  6.63797646E-01  3.76179623E-03  2.37139919E+00 -6.19856570E+00 -6.19856570E+00  0.00000000E+00
     701  1.23438203E+00  1.52701699E+00  2.35177359E+00  6.63808667E-01  3.74269996E-03  2.36781935E+00 -6.19868366E+00 -6.19868366E+00  0.00000000E+00
     711  1.23447900E+00  1.52721361E+00  2.35212249E+00  6.63845363E-01  3.69443386E-03  2.33676672E+00 -6.19956162E+00 -6.19956162E+00  0.00000000E+00
     721  1.23456698E+00  1.52744584E+00  2.35293450E+00  6.63831556E-01  3.71134055E-03  2.33466621E+00 -6.20095256E+00 -6.20095256E+00  0.00000000E+00
     731  1.23419166E+00  1.52652051E+00  2.35009393E+00  6.63830214E-01  3.71275949E-03  2.34596328E+00 -6.19899998E+00 -6.19899998E+00  0.00000000E+00
     741  1.23407075E+00  1.52626248E+00  2.34954072E+00  6.63795701E-01  3.75834529E-03  2.35033666E+00 -6.19981037E+00 -6.19981037E+00  0.00000000E+00
     751  1.23378589E+00  1.52557250E+00  2.34749513E+00  6.63784494E-01  3.77303568E-03  2.34209953E+00 -6.20024250E+00 -6.20024250E+00  0.00000000E+00
     761  1.23400364E+00  1.52608991E+00  2.34896303E+00  6.63802342E-01  3.75051192E-03  2.34029404E+00 -6.19998480E+00 -6.19998480E+00  0.00000000E+00
     771  1.23464309E+00  1.52765360E+00  2.35365825E+00  6.63819611E-01  3.73370976E-03  2.32850873E+00 -6.20229357E+00 -6.20229357E+00  0.00000000E+00
     781  1.23468556E+00  1.52777400E+00  2.35413037E+00  6.63805172E-01  3.75123199E-03  2.32467817E+00 -6.20219476E+00 -6.20219476E+00  0.00000000E+00
     791  1.23461026E+00  1.52756899E+00  2.35339182E+00  6.63820428E-01  3.72971582E-03  2.31125189E+00 -6.20278982E+00 -6.20278982E+00  0.00000000E+00
