   #Iter             <M>           <M^2>           <M^4>      U_{Binder}            \chi        C_v(tot)             <E>       <E_{exc}>       <E_{lsf}>
       1  2.40620818E-01  5.83089031E-02  3.49589140E-03  6.57258310E-01  2.46971700E-04  5.03867300E-02 -1.84182717E+00 -1.84182717E+00  0.00000000E+00
      11  1.15731759E-01  1.60609589E-02  4.47855596E-04  4.21272912E-01  1.60453788E-03  3.46534233E-01 -1.80738627E+00 -1.80738627E+00  0.00000000E+00
      21  1.01273522E-01  1.20249465E-02  2.48251266E-04  4.27726132E-01  1.06400135E-03  3.46618971E-01 -1.80800077E+00 -1.80800077E+00  0.00000000E+00
      31  1.03244189E-01  1.26160354E-02  2.73132615E-04  4.27986196E-01  1.17713378E-03  4.01278771E-01 -1.83480375E+00 -1.83480375E+00  0.00000000E+00
      41  1.02568693E-01  1.24595045E-02  2.65874615E-04  4.29107842E-01  1.16660266E-03  4.03490702E-01 -1.83614714E+00 -1.83614714E+00  0.00000000E+00
      51  1.08025940E-01  1.37864931E-02  3.28486825E-04  4.23911657E-01  1.27351998E-03  3.71540122E-01 -1.85079998E+00 -1.85079998E+00  0.00000000E+00
      61  1.07027174E-01  1.34302158E-02  3.00390860E-04  4.44863889E-01  1.18839986E-03  3.98451437E-01 -1.84020712E+00 -1.84020712E+00  0.00000000E+00
      71  1.07293019E-01  1.34194501E-02  2.94002238E-04  4.55798243E-01  1.14764650E-03  3.60215122E-01 -1.83211662E+00 -1.83211662E+00  0.00000000E+00
      81  1.08381359E-01  1.36039582E-02  2.92691963E-04  4.72819951E-01  1.11743484E-03  3.93549174E-01 -1.83546201E+00 -1.83546201E+00  0.00000000E+00
      91  1.05594188E-01  1.30008337E-02  2.75612248E-04  4.56455818E-01  1.11338126E-03  3.88887611E-01 -1.83366580E+00 -1.83366580E+00  0.00000000E+00
     101  1.10533974E-01  1.42022148E-02  3.27562192E-04  4.58672165E-01  1.19384773E-03  3.72484887E-01 -1.83998038E+00 -1.83998038E+00  0.00000000E+00
     111  1.10691987E-01  1.41806358E-02  3.18575946E-04  4.71919270E-01  1.15983592E-03  3.54196460E-01 -1.83724108E+00 -1.83724108E+00  0.00000000E+00
     121  1.12881744E-01  1.48053046E-02  3.48722803E-04  4.69696614E-01  1.24111004E-03  3.62030848E-01 -1.83701156E+00 -1.83701156E+00  0.00000000E+00
     131  1.09463893E-01  1.39821103E-02  3.17696303E-04  4.58316682E-01  1.20305875E-03  3.78173062E-01 -1.83149138E+00 -1.83149138E+00  0.00000000E+00
     141  1.08048489E-01  1.36219228E-02  3.01283096E-04  4.58776452E-01  1.17158340E-03  3.73484219E-01 -1.82886216E+00 -1.82886216E+00  0.00000000E+00
     151  1.08680819E-01  1.37278564E-02  3.02535618E-04  4.64881702E-01  1.15286704E-03  3.65174393E-01 -1.83186906E+00 -1.83186906E+00  0.00000000E+00
     161  1.07995777E-01  1.35911112E-02  2.99619390E-04  4.59321958E-01  1.15989824E-03  3.75193542E-01 -1.83145323E+00 -1.83145323E+00  0.00000000E+00
     171  1.07666918E-01  1.34898704E-02  2.95415587E-04  4.58876244E-01  1.14165876E-03  3.71766537E-01 -1.83443338E+00 -1.83443338E+00  0.00000000E+00
     181  1.07020557E-01  1.33933145E-02  2.97271010E-04  4.47598090E-01  1.16705214E-03  3.89704535E-01 -1.83169415E+00 -1.83169415E+00  0.00000000E+00
     191  1.07802601E-01  1.35748282E-02  3.06613827E-04  4.45371992E-01  1.17518127E-03  3.89677105E-01 -1.82877042E+00 -1.82877042E+00  0.00000000E+00
     201  1.06513435E-01  1.33044980E-02  2.95871536E-04  4.42833569E-01  1.17876605E-03  3.94348444E-01 -1.82602128E+00 -1.82602128E+00  0.00000000E+00
     211  1.07304338E-01  1.34872805E-02  3.04180502E-04  4.42607222E-01  1.18699198E-03  4.00362818E-01 -1.82465543E+00 -1.82465543E+00  0.00000000E+00
     221  1.10195966E-01  1.42808023E-02  3.44927560E-04  4.36230694E-01  1.28601038E-03  3.88463346E-01 -1.82768090E+00 -1.82768090E+00  0.00000000E+00
     231  1.10233906E-01  1.43084917E-02  3.46152062E-04  4.36416905E-01  1.29763708E-03  3.79240987E-01 -1.82823272E+00 -1.82823272E+00  0.00000000E+00
     241  1.09818863E-01  1.41772808E-02  3.38030284E-04  4.39405965E-01  1.27364553E-03  3.80482570E-01 -1.83066867E+00 -1.83066867E+00  0.00000000E+00
     251  1.10021184E-01  1.42295725E-02  3.39600175E-04  4.40934174E-01  1.27834612E-03  3.80066808E-01 -1.83161817E+00 -1.83161817E+00  0.00000000E+00
     261  1.10441534E-01  1.43654534E-02  3.46757578E-04  4.39899411E-01  1.30434088E-03  3.73968484E-01 -1.83428732E+00 -1.83428732E+00  0.00000000E+00
     271  1.09637808E-01  1.41634433E-02  3.38192821E-04  4.38039961E-01  1.28922464E-03  3.67335245E-01 -1.83369739E+00 -1.83369739E+00  0.00000000E+00
     281  1.10004237E-01  1.42510752E-02  3.42748463E-04  4.37452765E-01  1.29352540E-03  3.65285430E-01 -1.83090947E+00 -1.83090947E+00  0.00000000E+00
     291  1.09404738E-01  1.41260397E-02  3.40326470E-04  4.31495861E-01  1.29743569E-03  3.68418921E-01 -1.82892759E+00 -1.82892759E+00  0.00000000E+00
     301  1.09649048E-01  1.41920292E-02  3.42698392E-04  4.32844926E-01  1.30493914E-03  3.69137023E-01 -1.83090231E+00 -1.83090231E+00  0.00000000E+00
     311  1.09759974E-01  1.42319683E-02  3.44755171E-04  4.32638843E-01  1.31432470E-03  3.65544916E-01 -1.82917287E+00 -1.82917287E+00  0.00000000E+00
     321  1.09660871E-01  1.42219537E-02  3.44176108E-04  4.32793835E-01  1.32138187E-03  3.60540688E-01 -1.82720455E+00 -1.82720455E+00  0.00000000E+00
     331  1.09304744E-01  1.41282112E-02  3.39971353E-04  4.32263640E-01  1.31189885E-03  3.58412269E-01 -1.82911244E+00 -1.82911244E+00  0.00000000E+00
     341  1.08616275E-01  1.39542326E-02  3.32519205E-04  4.30775526E-01  1.29749247E-03  3.59641712E-01 -1.82862289E+00 -1.82862289E+00  0.00000000E+00
     351  1.08512520E-01  1.39340137E-02  3.31349495E-04  4.31130573E-01  1.29888183E-03  3.52496238E-01 -1.82797996E+00 -1.82797996E+00  0.00000000E+00
     361  1.08814049E-01  1.40096744E-02  3.33824625E-04  4.33054867E-01  1.30497625E-03  3.48284263E-01 -1.82625194E+00 -1.82625194E+00  0.00000000E+00
     371  1.08549392E-01  1.39408079E-02  3.30960065E-04  4.32352861E-01  1.29815429E-03  3.47482933E-01 -1.82647548E+00 -1.82647548E+00  0.00000000E+00
     381  1.08348036E-01  1.39089674E-02  3.30590544E-04  4.30387650E-01  1.30527303E-03  3.50125053E-01 -1.82762141E+00 -1.82762141E+00  0.00000000E+00
     391  1.08237343E-01  1.38622187E-02  3.27082741E-04  4.32624105E-01  1.29157209E-03  3.45656184E-01 -1.83040781E+00 -1.83040781E+00  0.00000000E+00
     401  1.08292802E-01  1.38856708E-02  3.28733499E-04  4.31685184E-01  1.29845649E-03  3.44044089E-01 -1.83047341E+00 -1.83047341E+00  0.00000000E+00
     411  1.08521700E-01  1.39292389E-02  3.28889459E-04  4.34966852E-01  1.29481061E-03  3.44317970E-01 -1.82888652E+00 -1.82888652E+00  0.00000000E+00
     421  1.08017508E-01  1.37935742E-02  3.22546492E-04  4.34910237E-01  1.27887580E-03  3.42968992E-01 -1.83009545E+00 -1.83009545E+00  0.00000000E+00
     431  1.07878546E-01  1.37608242E-02  3.21365275E-04  4.34296589E-01  1.27722228E-03  3.41561322E-01 -1.82942446E+00 -1.82942446E+00  0.00000000E+00
     441  1.07250055E-01  1.36112860E-02  3.14921548E-04  4.33391864E-01  1.26860020E-03  3.42121061E-01 -1.82967925E+00 -1.82967925E+00  0.00000000E+00
     451  1.07275596E-01  1.36220977E-02  3.14492248E-04  4.35062106E-01  1.27180833E-03  3.40847793E-01 -1.83057003E+00 -1.83057003E+00  0.00000000E+00
     461  1.07585705E-01  1.36734115E-02  3.15147132E-04  4.38126780E-01  1.26259388E-03  3.40570117E-01 -1.83104825E+00 -1.83104825E+00  0.00000000E+00
     471  1.07414716E-01  1.36319885E-02  3.13058631E-04  4.38453136E-01  1.25979020E-03  3.44791051E-01 -1.83007674E+00 -1.83007674E+00  0.00000000E+00
     481  1.07127980E-01  1.35793037E-02  3.12216299E-04  4.35609997E-01  1.26510368E-03  3.51104907E-01 -1.83005348E+00 -1.83005348E+00  0.00000000E+00
     491  1.07038145E-01  1.35481739E-02  3.10157862E-04  4.36751539E-01  1.25795057E-03  3.53516216E-01 -1.82977234E+00 -1.82977234E+00  0.00000000E+00
     501  1.06957601E-01  1.35357805E-02  3.10899510E-04  4.34370339E-01  1.26086392E-03  3.48573086E-01 -1.82987385E+00 -1.82987385E+00  0.00000000E+00
     511  1.07543213E-01  1.36730978E-02  3.15148682E-04  4.38098233E-01  1.26790450E-03  3.51166889E-01 -1.83134101E+00 -1.83134101E+00  0.00000000E+00
     521  1.07377656E-01  1.36609008E-02  3.15834891E-04  4.35868729E-01  1.28197268E-03  3.49627005E-01 -1.82979149E+00 -1.82979149E+00  0.00000000E+00
     531  1.07008501E-01  1.35584023E-02  3.10874868E-04  4.36300916E-01  1.26792127E-03  3.49144270E-01 -1.82721612E+00 -1.82721612E+00  0.00000000E+00
     541  1.07181824E-01  1.36092959E-02  3.13371689E-04  4.36015471E-01  1.27620500E-03  3.49559678E-01 -1.82870915E+00 -1.82870915E+00  0.00000000E+00
     551  1.07726080E-01  1.37356546E-02  3.17774330E-04  4.38565836E-01  1.28185621E-03  3.47123671E-01 -1.82973613E+00 -1.82973613E+00  0.00000000E+00
     561  1.07213314E-01  1.35959423E-02  3.11515234E-04  4.38254753E-01  1.26410987E-03  3.46809355E-01 -1.82973079E+00 -1.82973079E+00  0.00000000E+00
     571  1.07289909E-01  1.36050010E-02  3.10558366E-04  4.40725751E-01  1.25967532E-03  3.52820929E-01 -1.83020094E+00 -1.83020094E+00  0.00000000E+00
     581  1.07841571E-01  1.37367297E-02  3.15047688E-04  4.43470312E-01  1.26752553E-03  3.56885619E-01 -1.82974074E+00 -1.82974074E+00  0.00000000E+00
     591  1.07795108E-01  1.37214532E-02  3.13674938E-04  4.44660777E-01  1.26436271E-03  3.53210361E-01 -1.82964050E+00 -1.82964050E+00  0.00000000E+00
     601  1.07803131E-01  1.37035764E-02  3.12355970E-04  4.45552151E-01  1.25256741E-03  3.56554642E-01 -1.82816187E+00 -1.82816187E+00  0.00000000E+00
     611  1.07603698E-01  1.36638770E-02  3.12174879E-04  4.42648970E-01  1.25452852E-03  3.52244331E-01 -1.82811536E+00 -1.82811536E+00  0.00000000E+00
     621  1.07644662E-01  1.36595032E-02  3.11257346E-04  4.43931173E-01  1.24659274E-03  3.54927042E-01 -1.82808257E+00 -1.82808257E+00  0.00000000E+00
     631  1.07350027E-01  1.35911090E-02  3.07860993E-04  4.44449400E-01  1.24355509E-03  3.56144368E-01 -1.82861955E+00 -1.82861955E+00  0.00000000E+00
     641  1.07823592E-01  1.37192974E-02  3.13668868E-04  4.44496982E-01  1.25937089E-03  3.54432884E-01 -1.82721297E+00 -1.82721297E+00  0.00000000E+00
     651  1.07929031E-01  1.37282411E-02  3.12932902E-04  4.46522237E-01  1.25106591E-03  3.52313094E-01 -1.82802544E+00 -1.82802544E+00  0.00000000E+00
     661  1.07780019E-01  1.36798642E-02  3.10139665E-04  4.47576063E-01  1.24129966E-03  3.52711768E-01 -1.82853882E+00 -1.82853882E+00  0.00000000E+00
     671  1.07703217E-01  1.36811976E-02  3.11517455E-04  4.45230090E-01  1.25205812E-03  3.52239485E-01 -1.83006952E+00 -1.83006952E+00  0.00000000E+00
     681  1.07850933E-01  1.37033372E-02  3.11660158E-04  4.46767936E-01  1.24622178E-03  3.51612487E-01 -1.83100053E+00 -1.83100053E+00  0.00000000E+00
     691  1.07733527E-01  1.36702228E-02  3.09843531E-04  4.47324779E-01  1.24152729E-03  3.52331743E-01 -1.83033881E+00 -1.83033881E+00  0.00000000E+00
     701  1.08014808E-01  1.37534281E-02  3.13163302E-04  4.48141563E-01  1.25507487E-03  3.50293607E-01 -1.83021360E+00 -1.83021360E+00  0.00000000E+00
     711  1.07947099E-01  1.37308392E-02  3.11392638E-04  4.49454873E-01  1.25028231E-03  3.53181125E-01 -1.83076359E+00 -1.83076359E+00  0.00000000E+00
     721  1.07973886E-01  1.37266355E-02  3.10468831E-04  4.50751918E-01  1.24427386E-03  3.52340640E-01 -1.83030268E+00 -1.83030268E+00  0.00000000E+00
     731  1.08011778E-01  1.37324818E-02  3.10129706E-04  4.51818915E-01  1.24286738E-03  3.51437023E-01 -1.82990799E+00 -1.82990799E+00  0.00000000E+00
     741  1.08083344E-01  1.37481545E-02  3.12816784E-04  4.48329215E-01  1.24299227E-03  3.52849268E-01 -1.82879948E+00 -1.82879948E+00  0.00000000E+00
     751  1.08222849E-01  1.37670129E-02  3.12437259E-04  4.50507050E-01  1.23618374E-03  3.55338281E-01 -1.83067300E+00 -1.83067300E+00  0.00000000E+00
     761  1.08391067E-01  1.38084864E-02  3.13997117E-04  4.51075960E-01  1.23921291E-03  3.54519847E-01 -1.82995399E+00 -1.82995399E+00  0.00000000E+00
     771  1.07840394E-01  1.36948597E-02  3.10412164E-04  4.48300867E-01  1.24248926E-03  3.51540188E-01 -1.83049807E+00 -1.83049807E+00  0.00000000E+00
     781  1.08212952E-01  1.37771940E-02  3.12847505E-04  4.50598430E-01  1.24359733E-03  3.48236167E-01 -1.83072367E+00 -1.83072367E+00  0.00000000E+00
     791  1.08379269E-01  1.38243855E-02  3.15158184E-04  4.50312751E-01  1.25031635E-03  3.49455733E-01 -1.83088189E+00 -1.83088189E+00  0.00000000E+00
