   #Iter           <M>_x           <M>_y           <M>_z             <M>        M_{stdv}
       0  4.88315756E-01  1.53986949E-01 -2.02757359E-01  6.80746761E-01  1.25940652E-01
      50  4.11329533E-01  8.94941227E-02 -5.96530530E-02  6.31389574E-01  1.51120351E-01
     100  4.53127150E-01  1.25206889E-02 -2.93612773E-03  6.47394328E-01  1.68893265E-01
     150  4.76699322E-01 -4.31960949E-02 -3.36478201E-02  6.34422124E-01  2.05264524E-01
     200  5.26605124E-01 -3.15154371E-02 -1.75204421E-01  6.67867942E-01  1.92287640E-01
     250  4.93661912E-01 -2.66503640E-02  1.70310478E-02  6.31669251E-01  2.24430982E-01
     300  5.37911499E-01  2.39640829E-02  4.14926945E-02  6.82075029E-01  2.12035414E-01
     350  6.04960973E-01  7.57973313E-02  1.83558008E-01  8.18646557E-01  9.19163770E-02
     400  5.99861737E-01  1.88255177E-01  3.07091831E-01  7.91855921E-01  1.01068862E-01
     450  5.02936270E-01  2.38103740E-01  1.59165327E-01  6.90035342E-01  7.76979495E-02
     500  4.29975117E-01  2.72297812E-01  1.35660020E-01  6.53374526E-01  4.02678542E-02
     550  4.85715532E-01  2.11557848E-01  2.19837768E-01  7.01753407E-01  7.78732108E-02
     600  6.21572778E-01  3.51983328E-01  1.18482481E-01  8.39846278E-01  5.29300068E-02
     650  5.72956523E-01  2.85315528E-01  1.35685147E-01  7.97384442E-01  1.25423981E-01
     700  6.74822737E-01  3.00958504E-01  1.13289401E-01  8.86871095E-01  4.28583252E-02
     750  6.07069039E-01  1.34712408E-01  1.77541907E-01  7.54356445E-01  4.63039255E-02
     800  7.18763615E-01  1.85275243E-01  1.79158304E-01  8.48838565E-01  1.17764698E-01
     850  5.78439613E-01  1.58276617E-01  1.11629125E-01  7.39117598E-01  1.14748104E-01
     900  4.93479646E-01  2.19626349E-01  5.29897239E-02  7.79286898E-01  9.21928810E-02
     950  3.94397387E-01  3.19508567E-01  3.25750943E-02  7.00816273E-01  1.74257705E-01
    1000  2.43837966E-01  3.02000727E-01  8.41631058E-02  6.03991740E-01  1.61358454E-01
    1050  2.53842787E-01  3.50769823E-01 -3.82628714E-02  6.64057564E-01  9.05880285E-02
    1100  1.96951746E-01  4.37193817E-01 -1.71068628E-02  6.97901568E-01  5.53558359E-02
    1150  1.07101421E-01  3.97404229E-01  1.38797069E-01  6.26895829E-01  1.66823104E-01
    1200  1.28693608E-01  4.18723256E-01 -1.58979019E-03  7.18018920E-01  1.74769195E-01
    1250  6.57923955E-02  3.36497751E-01  2.05729819E-01  5.92290680E-01  1.87248872E-01
    1300  1.73752968E-01  1.93567008E-01  3.56733532E-01  5.93797984E-01  2.82027558E-01
    1350  3.12809889E-01  2.56781198E-01  4.26563930E-01  6.93233201E-01  1.49479329E-01
    1400  3.24390405E-01  7.75770997E-02  4.93097996E-01  6.69884450E-01  2.45867047E-01
    1450  1.55820452E-01 -2.63045892E-02  6.28230133E-01  7.35417930E-01  2.24706012E-01
    1500 -2.39807744E-02 -9.67696582E-02  5.89439184E-01  7.26835446E-01  8.52759444E-02
    1550 -1.80257482E-01 -1.29345446E-01  5.14243632E-01  6.71357948E-01  1.97860604E-01
    1600 -2.40148879E-01 -2.40376733E-01  4.77259504E-01  6.98545218E-01  1.78425635E-01
    1650 -3.66774860E-01 -1.70803537E-01  4.30808650E-01  6.64908553E-01  2.29815294E-01
    1700 -3.35524434E-01 -6.36328306E-02  4.06956591E-01  6.38509158E-01  1.87052348E-01
    1750 -3.01503563E-01  7.07041373E-02  4.18826710E-01  6.45610513E-01  4.59370767E-02
    1800 -3.02459211E-01  1.08826950E-01  4.94905347E-01  7.14220711E-01  6.75950793E-02
    1850 -1.65142652E-01 -1.06619641E-02  6.57033592E-01  7.85013865E-01  4.60424636E-02
    1900 -2.14060193E-01  5.12156735E-02  6.37275649E-01  7.76853006E-01  7.10420465E-02
    1950 -2.66955595E-01  1.27383331E-01  5.61522462E-01  7.80147038E-01  8.25074132E-02
    2000 -3.87503961E-01  2.64846950E-01  5.08189327E-01  8.94729891E-01  4.10603675E-02
    2050 -2.71623282E-01  3.52313300E-01  4.25618532E-01  8.12015317E-01  7.43304234E-02
    2100 -3.13249509E-01  4.63154951E-01  1.75233082E-01  7.31891971E-01  1.69288000E-01
    2150 -4.20156613E-01  4.93753666E-01  4.05858903E-02  7.92256619E-01  1.22213581E-01
    2200 -4.54471486E-01  4.81292018E-01  1.43401173E-02  7.87801950E-01  9.72082292E-02
    2250 -5.51400864E-01  5.50513618E-01  3.47506996E-02  8.62899414E-01  5.32540383E-02
    2300 -4.07324978E-01  6.18106061E-01 -3.73694893E-02  8.22778101E-01  1.20888844E-01
    2350 -4.37244340E-01  5.50982602E-01 -1.04417834E-01  7.91947982E-01  1.00825709E-01
    2400 -3.92058142E-01  4.05113991E-01 -1.87147321E-01  6.96185162E-01  1.11919862E-01
    2450 -2.28205445E-01  4.23204071E-01 -1.07274969E-01  6.45027374E-01  9.99625727E-02
    2500 -1.74812486E-01  2.81624114E-01 -2.09696664E-02  6.06661648E-01  6.04465389E-02
    2550 -1.91111288E-01  4.72465867E-01  1.12513253E-02  7.18317248E-01  1.12641009E-01
    2600 -1.09996201E-01  6.31794286E-01 -3.09205054E-02  8.25027540E-01  9.74819238E-02
    2650 -1.44224676E-01  5.70217985E-01 -1.60172833E-02  8.42742816E-01  7.26557985E-02
    2700 -6.05085851E-02  3.66260620E-01  4.08156801E-02  6.52801727E-01  8.19694237E-02
    2750 -4.39000912E-02  4.90558293E-01  3.05362049E-02  7.21966164E-01  5.21223316E-02
    2800 -1.76232095E-01  4.20772483E-01  9.92281842E-02  7.80247161E-01  6.45535557E-02
    2850 -1.11226642E-01  4.02000050E-01  2.50441645E-01  7.82118012E-01  1.34600878E-01
    2900 -1.29711442E-02  3.87298098E-01  2.33212904E-01  7.28367678E-01  1.04091431E-01
    2950 -1.82657696E-04  3.07805485E-01  1.91206734E-01  6.42122236E-01  7.43492033E-02
    3000  7.38379293E-02  3.30770280E-01  2.51521581E-01  7.43631005E-01  1.20953786E-01
    3050  9.93942703E-02  2.82016314E-01  2.20908920E-01  6.93604235E-01  1.90109787E-01
    3100  1.03100418E-01  2.61657542E-01  3.61339355E-01  7.73808306E-01  1.25661453E-01
    3150  4.68408945E-02  1.86291026E-01  3.42375042E-01  6.89489356E-01  1.05037155E-01
    3200  3.91058932E-02 -1.09907623E-02  2.47025763E-01  5.76415011E-01  9.77958714E-02
    3250  1.46843012E-01  1.98202150E-02  2.89493196E-01  6.61284034E-01  1.34037945E-01
    3300  4.77752863E-02 -1.44197912E-01  1.71576453E-01  5.64085932E-01  9.14556889E-02
    3350  1.24401769E-01 -1.23798309E-01  1.31479515E-01  5.08835870E-01  9.51876637E-02
    3400  1.81634557E-01 -8.27513436E-02  2.72568780E-01  6.47641276E-01  1.60195728E-01
    3450  2.62108443E-01 -1.95684313E-01  2.74767986E-01  6.93547027E-01  2.31326345E-01
    3500  1.69415927E-01 -1.32663462E-01  2.09201015E-01  7.02829141E-01  1.34942384E-01
    3550  2.08583476E-01 -5.17127204E-02  2.21703207E-01  7.50474838E-01  1.35917168E-01
    3600  1.63939051E-01 -2.28258651E-02  1.49603707E-01  7.50361229E-01  1.18749749E-01
    3650  1.71371277E-01  2.48995545E-02  1.68057954E-01  7.88881599E-01  1.24871454E-01
    3700  9.95717933E-02 -6.23226884E-02  1.66778647E-01  7.94039966E-01  1.48083308E-01
    3750  9.61095774E-02 -1.29706193E-02  1.56524251E-01  7.76025374E-01  9.68765948E-02
    3800  4.68368792E-02 -4.94009602E-02  2.36155202E-02  7.66456429E-01  8.06929916E-02
    3850  1.54014628E-01  3.89618397E-02  1.11561747E-02  7.38175115E-01  8.85746337E-02
    3900  1.38576011E-01  8.18918344E-02 -4.84226227E-02  7.21250462E-01  1.34279195E-01
    3950  2.00717857E-01  4.63202516E-02  8.07580042E-02  6.48344528E-01  2.38820119E-01
    4000  3.78169316E-01  1.01885347E-02  3.15006084E-02  7.00831982E-01  2.41664152E-01
    4050  3.85180201E-01  7.49165923E-02  1.61514224E-01  7.27446479E-01  1.94834933E-01
    4100  3.04494383E-01  1.13316067E-01  4.13571875E-02  6.82900610E-01  1.50403008E-01
    4150  4.12484182E-01  2.37927307E-01  2.05417133E-03  8.15111758E-01  9.00989628E-02
    4200  2.58260098E-01  2.51868856E-01  3.75609504E-02  7.23938059E-01  6.65760301E-02
    4250  2.27178985E-01  2.88139736E-01  9.14672958E-02  7.11758591E-01  1.32004820E-01
    4300  2.26936212E-01  2.15082713E-01  8.28753014E-02  6.21800899E-01  1.24906792E-01
    4350  2.76519942E-01  7.16357720E-02  3.06083450E-01  6.86584605E-01  2.02143813E-01
    4400  2.97596123E-01 -1.83068829E-02  3.71556391E-01  7.15697544E-01  1.81559428E-01
    4450  3.95888669E-01  1.77641125E-01  3.42718156E-01  7.71346941E-01  1.78976286E-01
    4500  3.18339191E-01  1.15710930E-01  2.60168191E-01  7.05305829E-01  1.67269534E-01
    4550  2.72418868E-01 -3.91114670E-02  2.42434478E-01  6.58822597E-01  8.61968036E-02
    4600  2.75628714E-01  1.24753499E-02  3.32904451E-01  6.77793316E-01  1.28919209E-01
    4650  3.62304853E-01 -1.53884225E-01  2.52037766E-01  7.84819542E-01  1.72618944E-01
    4700  2.95121711E-01 -1.72816258E-01  3.05363353E-01  7.83163749E-01  1.57714849E-01
    4750  2.62524762E-01 -3.46345875E-01  2.60743623E-01  8.40049217E-01  7.52913953E-02
    4800  2.05123909E-01 -2.44219822E-01  3.38174296E-01  8.39352183E-01  7.83050142E-02
    4850  1.15157321E-01 -2.39083318E-01  2.40065403E-01  7.68405260E-01  5.82362984E-02
    4900  9.40314803E-02 -1.50469484E-01  2.70138804E-01  7.93335883E-01  8.88098759E-02
    4950 -1.22755542E-02 -1.80164208E-01  3.25931448E-01  7.79567437E-01  1.26683981E-01
    5000 -2.30718140E-02 -1.80361564E-01  3.39993991E-01  7.87070491E-01  1.55164024E-01
    5050 -2.56097063E-02 -1.17341051E-01  4.49807354E-01  7.82057357E-01  1.16937329E-01
    5100  1.16301681E-02 -5.33998486E-02  4.18901992E-01  7.67149388E-01  1.17781141E-01
    5150  7.04101485E-02 -1.02382434E-01  3.77224720E-01  7.85990234E-01  1.23111251E-01
    5200  8.87340488E-03 -1.10456240E-01  3.61615287E-01  7.18875671E-01  1.16667725E-01
    5250 -2.86924262E-02 -1.28019241E-02  3.01485542E-01  6.64130205E-01  1.64850767E-01
    5300 -6.74594062E-02 -7.79996360E-03  1.99632772E-01  7.02148861E-01  1.00350554E-01
    5350 -1.43881256E-03 -2.43490478E-03  3.07488728E-01  7.01661610E-01  1.46700209E-01
    5400 -2.43298152E-02  6.37842049E-02  3.26389003E-01  7.30805016E-01  1.29554616E-01
    5450 -2.21043449E-02  1.95308991E-02  2.47662076E-01  6.63208533E-01  1.39906284E-01
    5500 -9.31481853E-02  1.12682864E-01  9.59460816E-02  5.95243135E-01  2.29012015E-01
    5550 -5.96240181E-02 -4.82835591E-02  2.34256879E-01  6.54719443E-01  1.31730407E-01
    5600 -4.02771725E-02  1.16888736E-01  3.20023242E-01  6.19296284E-01  2.72556662E-01
    5650 -6.44390692E-02  1.26284136E-01  2.73799571E-01  6.10554374E-01  2.51399086E-01
    5700  3.13994047E-02  1.05071667E-01  2.68263220E-01  6.45020919E-01  1.79318742E-01
    5750  7.99907470E-02 -4.08493806E-02  1.98918499E-01  5.86376986E-01  1.73044328E-01
    5800  6.07443881E-02 -7.46150612E-03  3.40695893E-01  7.69781774E-01  1.83458801E-01
    5850  1.82004958E-01  1.61373991E-01  3.68717414E-01  8.24393729E-01  1.45871287E-01
    5900  2.69483590E-01  1.16450154E-01  2.90459073E-01  7.35471266E-01  1.62914549E-01
    5950  3.09120582E-01  1.86497586E-01  1.97898202E-01  7.10758018E-01  1.52943712E-01
    6000  2.37985916E-01  4.08194949E-01  1.46830536E-01  7.91764610E-01  4.54876139E-02
    6050  1.74591821E-01  4.36719382E-01  1.36820791E-01  7.90439268E-01  5.30661073E-02
    6100  3.15883376E-01  4.19545067E-01  7.70576600E-02  7.40788135E-01  6.38513562E-02
    6150  2.15280588E-01  3.08851421E-01 -1.05129794E-01  6.67726237E-01  1.03856511E-01
    6200  1.72247291E-01  4.14232751E-01 -1.66548173E-01  7.51977205E-01  1.55163842E-01
    6250  2.27286699E-01  5.91288317E-01 -1.49515477E-01  8.63451649E-01  1.56342832E-01
    6300  2.01219682E-01  5.10818252E-01 -2.70200461E-02  8.11460534E-01  1.09648044E-01
    6350  1.19415607E-01  3.37681594E-01 -7.10013329E-02  6.95108987E-01  1.31826782E-01
    6400  4.92839481E-02  4.46159410E-01 -2.71943290E-02  6.95600228E-01  1.49457871E-01
    6450  1.36306456E-01  4.45670489E-01  3.17835511E-02  6.60760735E-01  1.52904858E-01
    6500  7.48962242E-02  4.71334156E-01  2.16303095E-02  7.04787226E-01  1.56609587E-01
    6550  7.87501604E-02  5.53593148E-01  9.73431501E-02  7.42835485E-01  9.44749377E-02
    6600  9.16407844E-02  4.98199645E-01  7.94799039E-02  7.11564759E-01  1.24433163E-01
    6650  1.73127142E-01  5.58842674E-01  4.23535186E-02  7.93437763E-01  4.42286853E-02
    6700  1.53034780E-01  4.42204452E-01  6.86908625E-03  6.73916361E-01  1.11587773E-01
    6750  1.41641316E-01  4.36582280E-01 -7.86499061E-02  7.01363777E-01  1.29325505E-01
    6800 -2.18680602E-02  4.37552667E-01 -2.14487085E-01  7.76772946E-01  1.36618790E-01
    6850  1.42435790E-02  4.09169893E-01 -1.86919535E-01  7.88732197E-01  9.16560756E-02
    6900  3.77504774E-02  3.18809708E-01 -3.04459855E-01  7.40625292E-01  1.06402270E-01
    6950  8.88854745E-02  3.46143234E-01 -2.44486621E-01  7.03282281E-01  7.78869056E-02
    7000  1.20321316E-01  2.21292615E-01 -9.97458505E-02  7.02656764E-01  3.56161544E-02
    7050  1.32681372E-01  1.79629480E-01  1.64153655E-02  7.21184972E-01  6.38491052E-02
    7100 -9.34049374E-02  2.54083780E-01  2.27427779E-02  7.47679805E-01  1.56367647E-01
    7150 -9.06492285E-02  2.06017211E-01  2.24727875E-02  8.14946083E-01  3.36953930E-02
    7200 -4.09012311E-02  7.22837491E-02 -7.53163154E-02  7.98179429E-01  1.43892767E-01
    7250  8.12398288E-03  3.82127917E-02  1.53721845E-02  7.98464252E-01  1.06691078E-01
    7300 -5.71803634E-03  4.69115353E-02  1.01674266E-02  7.79977473E-01  7.68344031E-02
    7350 -1.79344665E-02 -3.18587177E-02 -1.44150464E-02  8.13208601E-01  6.61809417E-02
    7400 -6.80648241E-02  2.53323514E-02 -6.46482021E-03  7.98362935E-01  7.82618123E-02
    7450  2.42926162E-02  5.00823438E-02  1.07144025E-01  7.37893417E-01  1.03704070E-01
    7500  2.98505505E-01 -4.27507367E-02  8.40271269E-02  7.44271550E-01  3.87241788E-02
    7550  3.02291952E-01  1.78638517E-03  1.07427085E-01  7.34347735E-01  3.36750660E-02
    7600  2.63536381E-01 -2.53056880E-01  1.56014635E-02  7.61187895E-01  2.12041115E-01
    7650  2.58014925E-01 -2.42501427E-01  8.25263658E-02  7.57038013E-01  1.42909161E-01
    7700  1.86510676E-01 -2.40940496E-01  1.35147411E-02  7.65114241E-01  1.67428509E-01
    7750  2.63801898E-01 -2.43134955E-01  7.22945641E-02  8.40555108E-01  1.01608141E-01
    7800  1.35532397E-01 -1.71235833E-01  1.00989888E-01  6.94454208E-01  8.79894095E-02
    7850  3.84547629E-02 -1.83217485E-01 -7.72768453E-03  6.15073743E-01  9.44749991E-02
    7900  1.93842410E-01 -2.29575235E-01  6.29310935E-02  6.51813232E-01  1.35529082E-01
    7950  2.16014801E-01 -1.58565614E-01  1.88373076E-01  6.71113353E-01  1.39147117E-01
    8000  7.21520161E-02 -1.52379255E-01  1.74071128E-01  7.19301518E-01  1.02102742E-01
    8050  1.99773892E-01 -1.53110865E-01  1.81521359E-01  7.94640806E-01  9.70929242E-02
    8100  2.99742049E-02 -4.32219021E-02  1.48444890E-01  6.55786746E-01  1.34889433E-01
    8150 -1.91399344E-01 -1.88138156E-02  2.68626925E-01  7.91244710E-01  9.42996778E-02
    8200 -3.02987416E-01  3.11232803E-02  2.28005720E-01  7.96748676E-01  1.24077454E-01
    8250 -3.85140670E-01  2.37754258E-02  2.82255417E-01  8.52202397E-01  1.07723085E-01
    8300 -4.18961467E-01 -3.50614145E-02  3.51626089E-01  8.56008230E-01  1.04439282E-01
    8350 -3.38504199E-01  1.63240807E-02  2.96787578E-01  7.56061830E-01  8.76039128E-02
    8400 -2.28272018E-01 -3.44612850E-02  2.43924478E-01  7.09070575E-01  7.81148888E-02
    8450 -2.95342456E-01 -4.48672702E-02  2.71773198E-01  7.82735588E-01  1.39778749E-01
    8500 -1.58448021E-01 -1.87237044E-01  2.79309784E-01  7.02737958E-01  1.39040126E-01
    8550 -1.10442139E-01 -1.93374792E-01  2.88344677E-01  6.55210155E-01  1.68208096E-01
    8600  8.03218925E-02 -1.30544615E-01  1.90232999E-01  5.86917038E-01  1.55772734E-01
    8650 -1.09582073E-02  8.98901012E-02  1.68956547E-01  5.99107656E-01  8.01553314E-02
    8700  5.70625020E-02 -2.55867199E-02  2.44100169E-01  6.30894218E-01  1.11112579E-01
    8750  1.15755255E-01  3.53217536E-02  2.11480719E-01  6.36480859E-01  1.06311559E-01
    8800  1.91346595E-01 -1.17275581E-01  1.64670343E-01  5.10641296E-01  2.19559493E-01
    8850  1.51436144E-01 -1.04381006E-03  2.14731499E-01  5.66432556E-01  1.37873731E-01
    8900  1.28546187E-01 -5.04345645E-04  1.33783830E-01  6.32359297E-01  1.14593455E-01
    8950  6.66909753E-02  2.03751749E-02  2.41111851E-01  6.57815851E-01  6.72845548E-02
    9000  1.33266064E-01 -3.29500512E-02  6.48411572E-02  6.52180974E-01  1.81641884E-01
    9050  2.05203834E-01 -1.02674864E-01  1.52685233E-02  6.54415721E-01  1.17493394E-01
    9100  3.45041537E-02 -1.26316862E-01  2.82929523E-02  6.00400455E-01  2.35359840E-01
    9150  6.71704992E-02 -1.26068781E-01  1.21376747E-01  6.59322556E-01  1.55782884E-01
    9200  8.70516034E-03  5.71382615E-02  1.41341038E-01  5.96501045E-01  1.27809858E-01
    9250 -8.93660604E-02  5.19225043E-02  3.08002352E-02  5.99677337E-01  1.55233888E-01
    9300 -8.70775363E-02  3.36629445E-02  3.60189288E-02  7.30337238E-01  1.02697458E-01
    9350 -1.37920702E-01 -3.04153314E-02  3.89556200E-02  7.08545072E-01  1.61328101E-01
    9400 -1.93073239E-01  2.41899219E-02  4.13646279E-02  6.11499909E-01  7.41575175E-02
    9450 -1.89036044E-01  1.95861676E-01  1.27889132E-02  6.35111084E-01  1.96241129E-01
    9500 -2.11386120E-01  3.29175768E-01 -7.23309501E-02  7.26224248E-01  2.06508591E-01
    9550 -2.36870184E-01  3.18869915E-01 -1.84116955E-01  6.88076967E-01  1.97299395E-01
    9600 -2.35537626E-01  3.12512008E-01 -1.46255877E-01  6.75491017E-01  2.49185436E-01
    9650 -3.03632684E-01  1.91426871E-01 -1.60928666E-01  5.92706054E-01  2.80047382E-01
    9700 -2.63179929E-01  2.40274380E-01 -1.81926084E-01  6.87576829E-01  1.59088880E-01
    9750 -3.05406428E-01  5.39953655E-02 -2.18533410E-01  6.83718433E-01  4.60201387E-02
    9800 -3.14692414E-01  1.40756197E-01 -2.40616673E-01  7.73874775E-01  9.12053921E-02
    9850 -2.40078429E-01  1.42452862E-01 -2.77599323E-01  7.30548528E-01  6.97585546E-02
    9900 -3.49038935E-01  1.34957438E-01 -1.45222256E-01  7.03652341E-01  1.67008443E-01
    9950 -3.69958835E-01  1.53097544E-02 -1.30014760E-01  7.52862479E-01  5.53605259E-02
   10000 -3.14366179E-01 -9.43955875E-02 -2.04817362E-01  7.98293735E-01  8.28583197E-02
   10050 -2.08096588E-01  1.50520373E-02 -1.67292039E-01  7.88589489E-01  9.24440344E-02
   10100 -1.26056895E-01  5.74765831E-02 -1.29776747E-01  7.52497816E-01  1.69713965E-01
   10150 -1.28102771E-01  9.24241841E-02 -1.10801628E-01  6.37972907E-01  1.47048181E-01
   10200 -1.35693019E-01  1.54015575E-01 -3.02311878E-02  7.14456264E-01  1.05994856E-01
   10250 -1.27694795E-01  8.99958565E-02  3.41975565E-02  7.24228175E-01  1.05568566E-01
   10300 -6.76939557E-02  7.69049887E-02  1.98611524E-01  7.39743882E-01  1.24907998E-01
   10350  6.45987726E-02  1.21538845E-01  7.28127613E-02  7.84132186E-01  1.28434212E-01
   10400  1.97278290E-02 -6.84498701E-02  4.15177364E-02  7.30882731E-01  5.42653810E-02
   10450  1.24074089E-02 -1.26504264E-01  7.78988341E-02  6.24609926E-01  7.81486601E-02
   10500  8.55859814E-02 -8.44248729E-02  1.33170943E-01  7.17694037E-01  8.00989435E-02
   10550 -1.18400107E-02  2.73790412E-02  1.47417921E-01  7.36575431E-01  1.13916556E-01
   10600  2.44911500E-02  1.27050935E-01  1.90847809E-01  7.80178902E-01  9.47140316E-02
   10650 -7.76339200E-02  1.12928059E-01  3.04206192E-01  8.34702535E-01  7.30131594E-02
   10700  6.49492605E-02  8.98863067E-02  3.07585749E-01  7.36647762E-01  1.76200361E-01
   10750  4.73778597E-02  1.19110125E-01  2.80136666E-01  7.14798702E-01  1.74648634E-01
   10800 -2.02107991E-02  1.26967962E-01  2.04064516E-01  7.23474739E-01  1.06331830E-01
   10850 -9.58642776E-03  2.43029842E-01  2.92951073E-01  7.59381336E-01  1.62060041E-01
   10900 -7.99505184E-02  2.57117884E-01  2.82408704E-01  7.83859276E-01  6.20126677E-02
   10950 -1.39569291E-02  1.15363604E-01  4.22530317E-01  8.09416714E-01  8.72946207E-02
   11000 -1.84700394E-02  1.64088194E-01  3.71489020E-01  7.77166946E-01  1.31940385E-01
   11050 -1.42641887E-01  1.51642371E-01  1.44491250E-01  6.92933751E-01  1.21537964E-01
   11100 -2.09247941E-01  2.69120288E-01  1.94527019E-01  6.83895294E-01  2.34004670E-01
   11150 -1.76884511E-01  2.20936743E-01  1.21931942E-01  7.65005900E-01  1.49106617E-01
   11200 -1.56186971E-01  1.43681284E-01  1.59951233E-01  8.12253147E-01  9.39342213E-02
   11250 -2.33992973E-01  1.72676887E-01  2.19568024E-01  7.48867360E-01  9.02627501E-02
   11300 -9.72371091E-02  1.29681279E-01  4.83735078E-02  7.27579045E-01  1.68154554E-01
   11350 -2.76923700E-01  1.08994005E-01  4.85945307E-02  7.71566262E-01  7.38737733E-02
   11400 -2.86054938E-01  1.22712800E-01  7.94400456E-03  7.17227489E-01  1.67608267E-01
   11450 -2.74301323E-01  6.26375910E-02  2.73683456E-02  6.77584617E-01  2.10944963E-01
   11500 -1.83560091E-01  1.59831588E-02  2.16487846E-01  6.58631877E-01  1.01826723E-01
   11550 -2.29269584E-01 -5.93919968E-02  3.41390031E-01  7.16728069E-01  1.89024930E-01
   11600 -1.31416791E-01 -1.02017684E-01  4.28923158E-01  7.60905802E-01  1.07759773E-01
   11650 -9.74437377E-02 -5.88070218E-03  3.17925665E-01  6.58270278E-01  2.11949198E-01
   11700 -2.03596770E-01 -8.06920765E-02  3.71637200E-01  6.22242016E-01  2.09928282E-01
   11750 -1.32893995E-01 -9.40828040E-02  2.25947340E-01  5.79169250E-01  1.32157780E-01
   11800 -8.87261247E-02 -1.92658491E-01  1.96564177E-01  6.40902209E-01  1.59396110E-01
   11850 -1.13460314E-01 -1.39552904E-01  2.91071594E-01  6.93901660E-01  1.13013149E-01
   11900 -1.92115113E-01 -2.23902262E-01  2.58905087E-01  7.67195718E-01  6.52609158E-02
   11950 -6.64967044E-02 -8.48679803E-02  2.51226725E-01  7.90469563E-01  7.72965119E-02
   12000 -1.18963714E-02 -7.68432316E-02  2.74409066E-01  8.43295294E-01  9.55413981E-02
   12050 -6.86022107E-02 -7.04370855E-02  6.06600666E-02  7.33895443E-01  9.99095665E-02
   12100 -1.57507445E-01 -1.08857461E-01  1.27782422E-01  7.64092030E-01  1.36493514E-01
   12150 -2.39015293E-01 -1.75081386E-01  5.18954351E-02  7.73733014E-01  1.48519001E-01
   12200 -1.38409530E-01 -2.36455357E-01  1.67770030E-01  8.02290100E-01  6.49663697E-02
   12250 -6.57486016E-02 -3.72925402E-01  9.14531234E-02  7.68161009E-01  1.58723569E-01
   12300 -2.04540971E-01 -3.64108381E-01  6.99867764E-02  7.33024455E-01  1.08055327E-01
   12350 -1.54832046E-01 -1.99251406E-01  1.28559328E-01  7.10369102E-01  1.18690586E-01
   12400 -2.44452425E-01 -2.44681400E-01  1.47418170E-02  7.45698716E-01  1.02611638E-01
   12450 -3.03652064E-01 -3.46058859E-01  1.56849457E-02  7.67464517E-01  8.88665910E-02
   12500 -7.86483255E-02 -3.30779274E-01  8.04871575E-02  6.72846586E-01  1.46235524E-01
   12550 -1.86749047E-01 -3.40487297E-01  1.34160244E-01  6.96837534E-01  1.23211147E-01
   12600 -2.89988931E-01 -3.39204049E-01  3.18565055E-02  7.36973619E-01  1.82460654E-01
   12650 -3.79828484E-01 -4.71523840E-01 -8.40315818E-02  8.05444404E-01  2.21124807E-01
   12700 -3.99271556E-01 -4.85473323E-01 -1.79094322E-02  7.72242308E-01  2.13228867E-01
   12750 -4.95797670E-01 -5.01057430E-01 -1.24696466E-01  7.90849241E-01  1.92879465E-01
   12800 -3.89055638E-01 -3.98273574E-01 -1.14904409E-01  6.95574060E-01  1.23070256E-01
   12850 -3.50196737E-01 -4.18554236E-01 -8.26118609E-02  7.05536052E-01  1.18356005E-01
   12900 -5.64203534E-01 -2.36565797E-01 -1.88957191E-02  7.74948643E-01  4.37885072E-02
   12950 -5.58112140E-01 -2.95751128E-01 -7.20632858E-02  8.27616292E-01  6.16168032E-02
   13000 -2.98006139E-01 -2.85615554E-01 -1.18908893E-01  7.29446506E-01  9.91172218E-02
   13050 -1.94423511E-01 -2.77690459E-01 -4.13394902E-02  6.46617109E-01  1.25062345E-01
   13100 -1.65176140E-01 -2.63920354E-01  3.47199139E-02  6.42929148E-01  1.83533732E-01
   13150 -2.02581047E-01 -3.06781792E-01  1.47637372E-01  6.96333410E-01  2.54039768E-01
   13200 -1.54286815E-01 -2.83293106E-01  2.57729070E-01  6.48013744E-01  2.05260875E-01
   13250 -6.76681812E-02 -2.58327048E-01  2.47999844E-01  5.58545559E-01  2.11745335E-01
   13300 -2.00992518E-01 -2.96067220E-01  2.32703474E-01  6.67663278E-01  1.55878148E-01
   13350 -3.59465993E-01 -3.28960515E-01  2.57517696E-01  7.52602679E-01  1.02852050E-01
   13400 -2.51595049E-01 -2.33477571E-01 -1.40877574E-02  6.33404849E-01  1.43002103E-01
   13450 -1.21894490E-01 -2.73832183E-01  3.27451128E-02  6.34772469E-01  9.84745020E-02
   13500 -2.02164811E-01 -2.51046756E-01 -1.98237596E-02  6.94486813E-01  1.29563525E-01
   13550 -2.80610632E-01 -1.58247270E-01  6.82041451E-02  6.38964506E-01  9.68013359E-02
   13600 -4.43433900E-01 -1.15453201E-01  1.10660291E-03  6.81139686E-01  2.07275031E-01
   13650 -3.10904380E-01 -8.64397474E-02  3.84621370E-02  5.94382427E-01  2.50700883E-01
   13700 -2.56114009E-01  1.03569425E-01 -1.99538384E-02  6.64944085E-01  1.41742513E-01
   13750 -2.26654296E-01  1.13966741E-01  1.03937399E-01  7.16050142E-01  1.47404681E-01
   13800 -1.93469695E-01  2.24578982E-01  1.49769670E-01  8.06248221E-01  1.95445471E-01
   13850 -9.75559470E-02  7.58886012E-02  1.12554949E-02  6.72861960E-01  1.61399282E-01
   13900 -1.10983770E-01  1.33317361E-01 -7.50909287E-02  7.05637375E-01  1.40723549E-01
   13950 -9.60422487E-04  2.88656752E-01 -6.42036220E-02  7.36330137E-01  1.95432980E-01
   14000  1.14921679E-01  2.78494164E-01 -5.32755238E-02  6.46600289E-01  2.07775988E-01
   14050  2.67398530E-01  1.91633911E-01 -8.15178268E-02  6.76319644E-01  2.60546035E-01
   14100  2.41371674E-01  1.99528685E-01 -1.79497712E-01  6.87661605E-01  1.68857361E-01
   14150  1.14371293E-01  1.19966934E-01 -3.38061554E-01  7.49460941E-01  1.69965242E-01
   14200  1.06663648E-01  2.16560948E-01 -4.39147781E-01  8.21657166E-01  6.96555479E-02
   14250  1.44941999E-02  2.66014977E-01 -4.99420674E-01  7.71850980E-01  1.16276372E-01
   14300  1.77132657E-02  3.69863851E-01 -3.25135769E-01  7.21262690E-01  1.31356737E-01
   14350 -1.09535770E-01  3.08577080E-01 -3.97011618E-01  6.97699686E-01  1.60509062E-01
   14400 -1.42343486E-01  3.64941187E-01 -3.19117962E-01  7.19740933E-01  1.10563945E-01
   14450 -2.25552606E-01  2.76550838E-01 -4.17040912E-01  7.28878679E-01  7.79794932E-02
   14500 -3.63364453E-01  2.19363127E-01 -4.04751818E-01  7.71667018E-01  8.41595295E-02
   14550 -3.98818329E-01  9.90196478E-02 -2.78069970E-01  6.38733510E-01  1.12306993E-01
   14600 -4.02186158E-01 -2.40986922E-02 -2.65438895E-01  6.69749257E-01  1.34952793E-01
   14650 -4.45811167E-01  1.55005953E-01 -4.03735298E-01  7.54309998E-01  1.26730774E-01
   14700 -4.85504119E-01  1.35621090E-01 -3.90345013E-01  7.77807812E-01  9.04201709E-02
   14750 -7.20567563E-01 -7.99386046E-02 -4.31199879E-01  9.44567490E-01  1.21006011E-01
   14800 -5.73590430E-01  6.49788849E-02 -2.99291593E-01  7.39312992E-01  1.64180937E-01
   14850 -5.66409843E-01  1.25532890E-01 -3.11545549E-01  7.64289870E-01  1.29452553E-01
   14900 -5.90174396E-01  1.03844023E-01 -2.32928938E-01  7.21685004E-01  1.09940805E-01
   14950 -6.52865066E-01  1.58189666E-01 -2.67693013E-01  7.78589855E-01  1.09611568E-01
   15000 -5.68813660E-01  5.63223363E-02 -2.88778729E-01  7.28604246E-01  8.13040535E-02
   15050 -6.03741300E-01 -6.17977036E-02 -3.15629152E-01  7.83886239E-01  8.10781248E-02
   15100 -5.87605562E-01 -8.12070678E-02 -3.22089731E-01  7.49222600E-01  1.11747475E-01
   15150 -4.35523625E-01 -1.42277843E-01 -4.17353969E-01  7.56598214E-01  1.46001988E-01
   15200 -4.64654287E-01 -7.71096266E-02 -4.41014831E-01  7.40469143E-01  7.12587481E-02
   15250 -5.43043513E-01  8.28874073E-02 -2.99395362E-01  7.59719147E-01  1.00904750E-01
   15300 -4.89226052E-01  1.47089172E-01 -4.60926670E-01  8.12857741E-01  1.17190962E-01
   15350 -4.68936319E-01  2.02454585E-01 -4.05244130E-01  8.50951584E-01  1.46769158E-01
   15400 -5.01729126E-01  2.07043300E-01 -5.04714761E-01  9.19112630E-01  8.70421261E-02
   15450 -3.09645967E-01  1.85423853E-01 -4.29746482E-01  7.49608890E-01  9.68887871E-02
   15500 -3.66642095E-01  7.44766646E-02 -5.17301374E-01  7.66126465E-01  1.03089115E-01
   15550 -3.48461041E-01  1.34225810E-01 -4.97366662E-01  7.73436232E-01  5.90093038E-02
   15600 -2.92836680E-01  1.03977961E-01 -4.82997024E-01  7.79818147E-01  1.14456926E-01
   15650 -1.78437885E-01  1.13582689E-01 -5.39603035E-01  7.75091372E-01  1.68460110E-01
   15700 -7.89867681E-02  1.96649455E-02 -3.65427637E-01  7.03640439E-01  1.28711846E-01
   15750 -1.30422856E-02  3.92969638E-02 -3.70497969E-01  7.11519291E-01  1.01998420E-01
   15800  6.97018312E-02  9.56308686E-02 -4.01305239E-01  7.05232328E-01  1.33368244E-01
   15850  7.21528897E-02  1.30708144E-01 -1.52053360E-01  7.53196489E-01  4.99530759E-02
   15900  8.33224601E-02  1.75459286E-01 -1.25387621E-01  8.52246386E-01  1.00070413E-01
   15950  1.55561037E-01  1.60916494E-01 -7.57272758E-02  8.05857020E-01  5.78221872E-02
   16000  8.58193811E-02  1.80554415E-01 -2.13806584E-01  8.02271524E-01  1.05868793E-01
   16050  1.92207553E-01  1.84578100E-01 -1.37344877E-01  7.92044292E-01  1.20053252E-01
   16100  2.05527077E-01  1.95316736E-01 -1.29155287E-01  7.68973725E-01  1.19699097E-01
   16150  2.71785433E-01  1.51332899E-01 -7.13389617E-02  7.88076914E-01  1.01382479E-01
   16200  1.34662765E-01  1.39414314E-01 -3.26614028E-02  7.62232959E-01  9.74033770E-02
   16250  2.57664709E-01  1.29409110E-01 -3.20851772E-02  7.84171936E-01  8.29189529E-02
   16300  1.70879361E-01  1.64662347E-01 -4.51986603E-03  7.58011735E-01  1.11365002E-01
   16350  1.74066448E-01  1.78662922E-01  1.50929550E-02  7.96603848E-01  1.21146630E-01
   16400  2.43678137E-01  1.31816560E-01  4.26624090E-02  8.17727467E-01  9.70726549E-02
   16450  2.37748352E-01  2.66118516E-01  1.58846113E-01  9.06352037E-01  9.55801532E-02
   16500  2.24845185E-01  2.26137243E-01  1.04002329E-01  8.10950227E-01  9.32531261E-02
   16550  1.25572811E-01  1.85185253E-01  2.87214990E-02  8.16353354E-01  9.34516649E-02
   16600  1.61709627E-01  1.98006355E-01 -4.87002081E-02  7.46709878E-01  4.67687398E-02
   16650  1.65002113E-01  1.65496103E-01  7.09701407E-02  6.89093762E-01  1.05878553E-01
   16700  3.51140368E-02  1.07776072E-01  1.26256395E-01  6.84196309E-01  1.09615856E-01
   16750  1.95614164E-02  5.03754143E-02  1.15201761E-01  7.09988915E-01  7.59653907E-02
   16800  2.09182901E-03 -2.54057590E-02  1.88706052E-01  7.60310637E-01  1.24205828E-01
   16850  1.11951867E-01 -1.37837929E-01  2.94684524E-01  8.20411882E-01  1.60118330E-01
   16900  2.33227518E-01 -3.84760039E-02  2.52541896E-01  7.15834481E-01  7.24464979E-02
   16950  2.37533215E-01 -6.30075444E-02  2.01252941E-01  7.01541503E-01  8.11156181E-02
   17000  2.55192428E-01 -1.37590787E-01  2.35283390E-01  6.95905848E-01  7.93980732E-02
   17050  3.53393219E-01 -1.19534561E-01  2.19927726E-01  7.84921939E-01  9.41677763E-02
   17100  3.35091074E-01  1.98656832E-02  2.63786382E-01  7.34403921E-01  5.45508217E-02
   17150  3.54179486E-01  6.60469391E-02  1.37087153E-01  7.31988313E-01  1.01320565E-01
   17200  1.13856429E-01 -1.51236417E-02  2.62613729E-01  6.80463644E-01  1.21422938E-01
   17250  4.45331079E-02  8.54128503E-02  3.18078950E-01  6.84589780E-01  1.60596327E-01
   17300  8.57050593E-02  1.49206750E-01  3.86614616E-01  7.72442708E-01  1.62660518E-01
   17350  9.10487056E-02  1.19116386E-01  3.81456079E-01  6.54829617E-01  1.36439217E-01
   17400  7.87672789E-02  3.86727907E-02  3.95030508E-01  7.41499623E-01  1.29980470E-01
   17450  1.09219403E-01 -2.02213223E-01  3.66525497E-01  7.06006368E-01  2.08569115E-01
   17500  1.27870806E-01 -6.12881146E-02  3.29473828E-01  6.57911633E-01  1.45728984E-01
   17550  1.46480380E-02  7.15424704E-02  3.47353391E-01  6.38386951E-01  1.06199643E-01
   17600 -1.29606691E-01  1.01040544E-01  3.80461145E-01  6.70945427E-01  1.63848334E-01
   17650 -2.09475866E-01  9.38298108E-02  3.21185316E-01  6.76099623E-01  1.26881078E-01
   17700 -7.79691177E-02  2.20141589E-01  4.28875077E-01  7.20146701E-01  1.18537865E-01
   17750  4.73892900E-02  2.16566201E-01  4.69801783E-01  7.05607294E-01  1.72607695E-01
   17800  1.50566004E-01  3.65155049E-01  5.98836537E-01  8.66631230E-01  5.66787995E-02
   17850  3.42607645E-01  2.45199655E-01  4.74980795E-01  8.04398929E-01  1.13561537E-01
   17900  1.16620926E-01  2.46597469E-01  4.02162947E-01  6.90160430E-01  1.47507624E-01
   17950  1.65679468E-01  4.15462011E-01  2.29570313E-01  6.89619234E-01  1.62605147E-01
   18000  1.13849749E-01  4.03848597E-01  2.98568318E-01  7.04549075E-01  1.31626903E-01
   18050  2.60035016E-01  3.28849845E-01  3.05674226E-01  6.83614218E-01  1.10866804E-01
   18100  2.31531723E-01  4.04483523E-01  2.70414398E-01  7.12932477E-01  1.07834173E-01
   18150  2.97096823E-01  2.59075778E-01  1.73170883E-01  7.23055177E-01  9.67590820E-02
   18200  2.46761249E-01  2.63294955E-01 -2.94327984E-02  6.43055331E-01  8.79080303E-02
   18250  3.03472396E-01  2.24983293E-01 -3.51071989E-02  6.28665229E-01  1.74896756E-01
   18300  1.11701889E-01  1.58168906E-01  9.30590591E-02  5.80334454E-01  1.37788431E-01
   18350  5.57780627E-02  2.20583644E-01  2.26117959E-01  6.44336975E-01  1.86287192E-01
   18400  9.77547680E-02  2.44188278E-01  1.02235526E-01  5.60395282E-01  2.37332229E-01
   18450  1.98923123E-01  2.97209044E-01  1.48832545E-01  5.62715292E-01  2.86883531E-01
   18500  2.19748092E-01  2.03709896E-01  1.96096534E-01  7.08229211E-01  1.71622298E-01
   18550  2.24022142E-01  1.32575146E-01  3.27192923E-01  7.16789843E-01  8.69120189E-02
   18600  1.56697975E-01  1.53341148E-01  3.12575263E-01  7.48326532E-01  9.25970800E-02
   18650  8.52283065E-03  2.12523639E-01  3.96655434E-01  7.87799838E-01  4.49761010E-02
   18700 -2.05421438E-01  8.15477854E-02  4.34227736E-01  7.40491812E-01  1.15057176E-01
   18750 -2.84378324E-01 -5.79647245E-03  3.36271650E-01  7.10952333E-01  7.80301551E-02
   18800 -2.81933662E-01 -7.35163107E-02  3.10086445E-01  7.39512978E-01  9.01007785E-02
   18850 -2.20185799E-01 -3.61260463E-02  3.81836975E-01  7.36437076E-01  1.08204442E-01
   18900 -3.02964242E-01 -9.36825768E-02  4.47827488E-01  7.78729961E-01  2.02324559E-01
   18950 -3.07637479E-01 -1.57915433E-01  4.06358828E-01  7.52862257E-01  5.14420038E-02
   19000 -3.47998332E-01  5.41204947E-03  4.98823669E-01  8.11365622E-01  1.02246871E-01
   19050 -2.91537096E-01 -6.78559026E-02  3.71679308E-01  6.44209757E-01  1.16832946E-01
   19100 -2.00451279E-01  1.64123636E-02  2.15723011E-01  5.83368977E-01  1.44025907E-01
   19150 -2.48042536E-01  1.09265374E-01  3.58968452E-01  6.96433266E-01  1.19053771E-01
   19200 -1.34936431E-01  2.07703173E-01  4.44599622E-01  7.03685553E-01  1.99460004E-01
   19250 -7.99638158E-02  1.38954675E-01  4.00056805E-01  6.44045601E-01  2.04854199E-01
   19300 -1.22741486E-01  5.33764287E-02  3.68433530E-01  6.39579997E-01  7.55379863E-02
   19350  2.51211902E-02  7.78012419E-02  3.95237759E-01  6.31857710E-01  1.22400166E-01
   19400 -1.43496277E-01 -5.81829678E-02  2.96396709E-01  6.84727407E-01  8.95366733E-02
   19450 -1.18173759E-02 -1.49670080E-01  1.88054521E-01  7.11484208E-01  1.20044356E-01
   19500  1.87907564E-02  1.24677508E-02  2.01771675E-01  6.92944402E-01  9.94152570E-02
   19550  4.02602961E-02  2.62640749E-02  2.24637911E-01  6.88212483E-01  1.27911322E-01
   19600 -2.49068039E-02 -4.18103496E-02  3.09778715E-01  6.38976318E-01  1.44430324E-01
   19650  7.21278155E-02 -2.08916307E-01  2.77610952E-01  6.22042960E-01  1.09629257E-01
   19700  7.05872202E-02 -1.55319453E-01  3.49513802E-01  6.04468128E-01  1.61170075E-01
   19750 -1.22564760E-01 -1.49009623E-01  2.01595691E-01  6.00707591E-01  2.16015642E-01
   19800 -1.63459171E-02 -9.38718746E-02  2.15868736E-01  6.02075867E-01  2.03313934E-01
   19850  1.17325235E-01 -1.33975643E-01  1.92326882E-01  5.82066675E-01  2.09369290E-01
   19900  1.72718567E-01 -1.31869565E-01  1.60881981E-01  6.59045770E-01  1.76047940E-01
   19950  1.72485556E-01 -1.81400836E-01  2.31748844E-01  7.86324920E-01  1.13547990E-01
   20000  7.83168534E-02 -1.72288240E-01  2.31933109E-01  7.43454752E-01  1.09211616E-01
   20050 -3.69785875E-02 -1.31849719E-01  2.64756990E-01  7.64136984E-01  2.05490752E-01
   20100  1.72453969E-01 -1.77543318E-01  2.33291877E-01  8.13845903E-01  9.44480336E-02
   20150  1.60339643E-01 -2.29652716E-02  3.12266433E-01  8.31515321E-01  1.06588587E-01
   20200  1.88579937E-01 -9.02352460E-02  8.81975152E-02  8.05724153E-01  5.05110293E-02
   20250  2.05659378E-01  3.30503399E-02  1.62836426E-01  8.31767045E-01  8.84991399E-02
   20300  2.74715798E-01 -1.14982385E-02  2.79569051E-01  8.65854308E-01  5.78352893E-02
   20350  9.18758757E-02 -1.98067051E-02  2.47162904E-01  7.24300536E-01  9.87330545E-02
   20400  1.22108648E-01  4.26380823E-02  2.37943905E-01  7.17092160E-01  7.76087458E-02
   20450  2.48525460E-01  3.11129925E-02  1.76608611E-01  6.51295142E-01  1.25215746E-01
   20500  1.01521200E-01  1.48382521E-01  8.73878163E-02  6.76870930E-01  1.21052023E-01
   20550  1.57085145E-01  2.52521432E-02  3.56543841E-02  5.39765988E-01  1.14864108E-01
   20600  1.50583062E-01  1.19776319E-01  8.02199747E-02  5.31896762E-01  1.38404543E-01
   20650  7.74921621E-02  1.13310282E-01 -4.59799704E-03  5.96837937E-01  1.66668814E-01
   20700  1.73134649E-01  1.89031814E-01  1.58963356E-01  7.21105038E-01  6.70899716E-02
   20750  3.27817648E-01  1.68927091E-01  2.09482282E-01  7.40272059E-01  7.49903456E-02
   20800  3.55939306E-01  1.13387729E-01  3.10727423E-01  8.08167359E-01  1.24237410E-01
   20850  3.87784400E-01  6.00517150E-02  2.15723712E-01  8.24896670E-01  1.39016588E-01
   20900  3.59693767E-01  5.98529681E-02  3.00888301E-01  8.08395155E-01  9.17460922E-02
   20950  3.50666507E-01  1.47099185E-01  1.39330466E-01  7.08076102E-01  1.23562062E-01
   21000  4.27311600E-01  1.08841788E-01  1.88600414E-01  7.67539934E-01  1.17370290E-01
   21050  4.21658145E-01 -4.97642264E-03  1.99021279E-01  6.68548629E-01  8.96717618E-02
   21100  5.06470144E-01  1.18367651E-01  2.82838178E-01  7.84136646E-01  9.05583649E-02
   21150  4.17545419E-01 -1.67358976E-02  1.83075999E-01  6.79466411E-01  1.62506268E-01
   21200  3.78247099E-01 -4.63856688E-04  2.30278405E-01  7.06921276E-01  1.25401388E-01
   21250  4.14697030E-01 -7.46407272E-03  1.71456763E-01  7.60063612E-01  5.63010140E-02
   21300  3.72476926E-01 -1.26896648E-01  3.76091397E-02  6.56622329E-01  5.46002904E-02
   21350  4.01663830E-01 -1.13630257E-01  1.87815779E-01  7.40584673E-01  1.13753836E-01
   21400  4.14123781E-01 -5.48259742E-02  1.92035605E-01  7.41585014E-01  8.42977282E-02
   21450  4.42254934E-01 -3.16019823E-02  1.95152426E-01  7.57470332E-01  1.09048809E-01
   21500  3.86966325E-01  1.02294110E-01  3.15848507E-01  8.37588900E-01  6.41396295E-02
   21550  3.26928458E-01  1.76749971E-01  1.83566814E-01  8.00045596E-01  7.17309621E-02
   21600  2.87157630E-01  2.12992283E-01  2.81902906E-01  7.43882206E-01  1.27030330E-01
   21650  9.42757826E-02  6.93262417E-02  2.33038064E-01  6.42246255E-01  1.67774155E-01
   21700  1.35081252E-01  1.34146716E-01  2.77984777E-01  6.70805512E-01  2.00378592E-01
   21750  2.15517067E-01  1.90464043E-01  4.01175833E-01  7.37900141E-01  1.31347968E-01
   21800  2.22721253E-01  1.63759519E-01  4.22798820E-01  7.83610883E-01  1.41843868E-01
   21850  1.02932606E-01 -7.86012609E-02  4.44847579E-01  7.03116827E-01  1.90537570E-01
   21900  1.09011687E-02 -1.78795820E-01  4.10881803E-01  6.46037895E-01  1.71960693E-01
   21950 -4.42430682E-02 -3.78143296E-01  3.51264515E-01  7.58026542E-01  1.07270219E-01
   22000  1.04310805E-01 -4.23362444E-01  3.71820703E-01  8.69809184E-01  1.36936599E-01
   22050  1.08488091E-01 -3.19167568E-01  4.25530138E-01  8.22183420E-01  1.09912923E-01
   22100  3.06502338E-01 -1.26677035E-01  5.28560180E-01  8.30270275E-01  1.15485548E-01
   22150  2.97755248E-01 -3.45788654E-02  2.91584276E-01  7.34636520E-01  1.01118009E-01
   22200  2.71379351E-01 -1.48945015E-01  1.83972483E-01  6.82504763E-01  1.19877261E-01
   22250  1.94551733E-01 -1.46854644E-01  1.26717659E-01  6.69028602E-01  1.16219644E-01
   22300  1.99083446E-01 -1.26074540E-01  1.24815263E-01  6.41303777E-01  1.78465358E-01
   22350  9.77357042E-02 -1.66466334E-01  1.25483534E-01  6.53900987E-01  1.71485977E-01
   22400  6.15714927E-02 -2.66025931E-01  1.46850822E-01  8.10632771E-01  5.79254136E-02
   22450  1.06659995E-01 -2.97547320E-01  1.66012444E-01  7.74811727E-01  8.29631305E-02
   22500  2.01922986E-01 -1.61829062E-01  1.48432686E-01  7.31098845E-01  1.95255614E-01
   22550  2.06626780E-01 -1.62180517E-01  1.81406714E-01  6.75107321E-01  1.48858905E-01
   22600  1.39358984E-01 -1.25770338E-01  2.26482554E-02  6.79996113E-01  1.23181064E-01
   22650  1.53935726E-01 -2.65641919E-01 -9.38143247E-02  6.71621050E-01  1.04390606E-01
   22700  2.08495828E-01 -3.88998261E-01 -1.56256646E-01  7.19616884E-01  1.35529467E-01
   22750  1.88600985E-01 -4.83973300E-01 -2.72731557E-01  8.03027194E-01  1.50982445E-01
   22800  2.79693731E-01 -4.50880030E-01 -2.78996936E-01  8.02697965E-01  7.54275640E-02
   22850  4.68993567E-01 -3.84604058E-01 -3.75394421E-01  8.49590002E-01  8.42038305E-02
   22900  2.98201570E-01 -4.27788990E-01 -3.26510512E-01  8.18824185E-01  6.95533419E-02
   22950  3.31331421E-01 -4.37037325E-01 -2.69791460E-01  8.10135711E-01  1.21952259E-01
   23000  3.81543418E-01 -3.82859622E-01 -2.94428335E-01  7.83373784E-01  7.20310736E-02
   23050  3.13037585E-01 -3.86548696E-01 -3.51504570E-01  7.83512561E-01  1.07957831E-01
   23100  3.58972334E-01 -3.02315451E-01 -2.56945203E-01  7.14289047E-01  9.67759700E-02
   23150  3.86718322E-01 -2.85625331E-01 -2.66703940E-01  7.07649947E-01  1.02225696E-01
   23200  4.58491448E-01 -1.78831796E-01 -2.14450477E-01  6.98689208E-01  9.52201948E-02
   23250  4.79764286E-01 -2.18074415E-01 -2.42172294E-01  7.51934793E-01  1.52904374E-01
   23300  3.90638230E-01 -3.41810987E-01 -1.95375732E-01  7.98281618E-01  6.30422956E-02
   23350  3.48644534E-01 -2.26443319E-01 -9.50572658E-02  7.28335157E-01  7.68216516E-02
   23400  1.95360017E-01 -3.40904841E-01 -5.93564137E-02  7.19580015E-01  5.72297430E-02
   23450  1.26515305E-01 -4.14403188E-01 -2.23218279E-01  8.14273778E-01  6.43138811E-02
   23500  1.06017978E-02 -3.76984914E-01 -1.34036561E-01  7.39084984E-01  1.89985371E-01
   23550 -1.18947460E-01 -4.52930088E-01 -7.76668690E-02  7.43031117E-01  1.96128525E-01
   23600 -1.09767563E-01 -4.89328200E-01 -1.72107503E-01  7.15431490E-01  2.04292320E-01
   23650 -1.46351928E-01 -4.14164981E-01 -3.22175202E-01  6.83775546E-01  1.59689528E-01
   23700 -2.67182511E-01 -4.67459549E-01 -3.46285921E-01  7.23573484E-01  1.98389401E-01
   23750 -1.11835337E-01 -4.74072153E-01 -3.62870769E-01  7.34828668E-01  1.18708772E-01
   23800 -1.11071509E-02 -4.07015615E-01 -3.84668770E-01  7.18998513E-01  9.84947482E-02
   23850 -4.36654843E-02 -4.02793729E-01 -4.19528746E-01  7.26689649E-01  1.29903001E-01
   23900  2.51760914E-02 -4.47346062E-01 -4.83140340E-01  7.82921954E-01  1.68646245E-01
   23950 -5.21158508E-02 -5.01477839E-01 -3.40964106E-01  7.17772133E-01  1.23220618E-01
   24000 -1.35336971E-01 -5.48333117E-01 -3.57521499E-01  7.69635767E-01  1.21168003E-01
   24050 -1.89105468E-01 -6.24335442E-01 -4.06156305E-01  8.13246670E-01  1.43734366E-01
   24100 -2.51210080E-01 -5.52819558E-01 -4.38240578E-01  8.42207953E-01  8.08121940E-02
   24150 -1.59806382E-01 -5.11757864E-01 -3.76135488E-01  7.84766184E-01  5.46106808E-02
   24200 -3.77998105E-01 -5.49790424E-01 -4.13811938E-01  8.86608501E-01  1.16093560E-01
   24250 -3.58255861E-01 -2.96745758E-01 -4.40096079E-01  7.80396979E-01  6.08578852E-02
   24300 -4.47166097E-01 -2.69758494E-01 -4.42993905E-01  7.78203072E-01  6.18039164E-02
   24350 -3.78593471E-01 -3.57704930E-01 -5.29991542E-01  8.33713284E-01  8.73952697E-02
   24400 -2.29141909E-01 -3.98384674E-01 -4.52072398E-01  7.57968919E-01  6.45525342E-02
   24450 -1.75529404E-01 -3.61093788E-01 -3.55968880E-01  6.36860505E-01  6.10662866E-02
   24500 -2.98457969E-01 -2.91232423E-01 -2.07248296E-01  5.52405501E-01  8.77185781E-02
   24550 -3.27977104E-01 -3.24974341E-01 -2.29814666E-01  6.14708661E-01  1.55067888E-01
   24600 -3.47962389E-01 -2.70540318E-01 -2.31054286E-01  6.28141682E-01  1.09551983E-01
   24650 -4.18297143E-01 -2.13795840E-01 -7.84261343E-02  6.16724017E-01  1.17035644E-01
   24700 -2.60916145E-01 -2.10573617E-01  8.26678130E-02  5.00339694E-01  1.85510297E-01
   24750 -2.06933774E-01 -2.57165812E-01  1.96784203E-02  4.87030753E-01  1.20631248E-01
   24800 -2.93381742E-01 -2.84885211E-01  5.32704689E-02  6.08924660E-01  1.16391879E-01
   24850 -4.16640002E-01 -2.94526088E-01 -8.44579851E-02  6.87491512E-01  1.76044960E-01
   24900 -4.96677947E-01 -2.95775229E-01 -4.41706022E-02  7.04305167E-01  8.08809043E-02
   24950 -4.28796398E-01 -1.96015831E-01  3.25794342E-02  6.80773939E-01  8.44484990E-02
   25000 -3.52353889E-01 -1.61564038E-01 -1.05280969E-01  6.81706817E-01  1.99716552E-01
   25050 -3.00609812E-01 -9.39187123E-03 -5.81728158E-02  5.99687711E-01  2.21186912E-01
   25100 -2.26884691E-01 -1.37170853E-01 -2.06512515E-01  5.80746882E-01  2.36822231E-01
   25150 -3.63179385E-02 -1.72145556E-01 -2.30238495E-01  6.72394366E-01  1.05895751E-01
   25200 -3.33493620E-02 -1.14552266E-01 -1.31543516E-01  5.74529781E-01  4.09426240E-02
   25250 -2.77993628E-02 -1.15159049E-01 -1.98218892E-01  6.44104369E-01  6.75811805E-02
   25300 -9.83077281E-02 -1.47545742E-01 -2.45522574E-01  6.55316457E-01  1.04315285E-01
   25350 -1.18423317E-01 -1.87153577E-01 -2.60113192E-01  7.23557811E-01  1.26283489E-01
   25400 -9.25338240E-02 -3.05942608E-01 -3.31954541E-01  7.23477838E-01  1.67974726E-01
   25450 -1.34924096E-01 -3.43442855E-01 -2.23829177E-01  6.41569293E-01  2.09137835E-01
   25500 -2.94276054E-02 -2.74054548E-01 -6.95561014E-02  6.45512132E-01  1.52405781E-01
   25550 -8.80198997E-02 -3.64139513E-01 -5.02045498E-03  6.95938613E-01  1.21619448E-01
   25600 -1.80627212E-01 -3.98583006E-01  1.16815931E-01  7.27471816E-01  1.09091747E-01
   25650 -2.22186526E-01 -2.65512687E-01  1.31363006E-01  7.08375861E-01  1.12132242E-01
   25700 -2.07932069E-01 -3.79851813E-01  2.54643941E-01  7.91041777E-01  1.00923254E-01
   25750 -1.59662143E-01 -2.68075949E-01  3.68676606E-01  8.13034730E-01  8.68409606E-02
   25800 -1.81138971E-01 -2.70705152E-01  3.86689176E-01  7.41307765E-01  1.07317326E-01
   25850 -2.58013516E-01 -2.99127365E-01  4.40725042E-01  7.39467178E-01  1.95713284E-01
   25900 -1.37539433E-01 -3.26388350E-01  4.34359635E-01  6.77478372E-01  7.61279559E-02
   25950 -2.26716232E-01 -4.36030718E-01  4.68234529E-01  8.46540007E-01  1.45744939E-01
   26000 -2.27745994E-01 -4.70392993E-01  3.14295627E-01  8.73621787E-01  1.16149785E-01
   26050 -1.73029048E-01 -3.45354369E-01  1.39626642E-01  7.39051769E-01  9.93800625E-02
   26100 -1.23512639E-01 -3.39059324E-01  2.06515570E-01  7.72214115E-01  1.53155641E-01
   26150 -7.82126618E-02 -2.45430703E-01  4.95160440E-02  7.08814432E-01  1.58897635E-01
   26200 -9.20087898E-02 -1.90280753E-01  1.29867775E-02  6.83471600E-01  1.86203994E-01
   26250 -1.44412358E-01 -5.31019029E-02 -4.27987241E-02  6.39500013E-01  2.00072858E-01
   26300 -4.43764075E-02 -1.40795379E-01 -3.42740964E-02  6.91510501E-01  1.82223098E-01
   26350 -1.72956655E-02 -9.85279453E-02 -1.48741704E-02  7.15539268E-01  9.78409368E-02
   26400  2.07852909E-02 -1.91411587E-01 -2.15462893E-03  7.29473972E-01  1.15551150E-01
   26450 -6.00934486E-02 -1.90618904E-01 -9.08737413E-02  7.48095190E-01  1.86457064E-01
   26500  3.49961868E-02 -1.92371076E-01 -1.26454154E-01  7.58228677E-01  1.20005745E-01
   26550  3.26922564E-02 -3.86955183E-01 -1.84514124E-01  7.62592269E-01  1.16392259E-01
   26600 -3.70050321E-02 -3.09089747E-01 -1.82250640E-01  7.18254355E-01  9.02610541E-02
   26650 -5.63360416E-02 -2.04530201E-01 -1.56850285E-01  5.92205988E-01  1.08032597E-01
   26700 -7.76996861E-02 -1.95109037E-01 -2.95774812E-01  6.67434209E-01  1.10638362E-01
   26750  2.20852153E-02 -1.62503941E-01 -2.91267104E-01  6.78439186E-01  1.00365223E-01
   26800 -7.65203733E-03 -1.47452608E-01 -3.76806319E-01  6.85057483E-01  7.63711570E-02
   26850  1.56462192E-01 -5.80857274E-02 -4.00078249E-01  7.35421465E-01  1.34931582E-01
   26900  2.30683833E-01 -8.56454670E-02 -4.25839543E-01  7.25302704E-01  1.41192770E-01
   26950  2.55673767E-01 -1.77117707E-01 -2.69435448E-01  7.11214813E-01  1.26401362E-01
   27000  1.36078051E-01 -1.46111995E-01 -1.40369338E-01  7.05847569E-01  1.42292731E-01
   27050  4.17407631E-02 -1.93172183E-01  3.68121118E-02  7.40059205E-01  1.70312123E-01
   27100  1.22790794E-02 -2.33127094E-01  9.99442464E-02  7.30027544E-01  6.56996499E-02
   27150  1.26962458E-02 -1.09236572E-01  3.07313696E-02  6.39121703E-01  6.12241431E-02
   27200  8.40598499E-02 -2.01543382E-01  4.51939749E-02  6.97968974E-01  6.63492804E-02
   27250  1.24056596E-02 -9.53831714E-02  4.15745085E-02  6.67521084E-01  1.35349430E-01
   27300 -6.17474049E-02 -3.77578497E-02  5.04504241E-02  5.62226654E-01  1.54000545E-01
   27350  6.15295508E-02  3.17981514E-02  9.09298423E-02  6.14982962E-01  1.41913545E-01
   27400  9.45187573E-02 -1.61821544E-01 -1.53723779E-01  6.82714850E-01  1.28374504E-01
   27450  1.38175239E-01 -1.74725472E-01 -6.75809380E-02  6.48009736E-01  9.46184856E-02
   27500  4.66179512E-02 -2.70382261E-01 -1.19612409E-01  6.28006794E-01  1.67776348E-01
   27550  2.10797792E-02 -2.75319241E-01 -1.20402938E-01  6.36091489E-01  1.08216650E-01
   27600  2.99455059E-02 -2.49126903E-01  7.84295316E-02  6.90979580E-01  6.62109332E-02
   27650  1.25503697E-01 -2.52498238E-01  5.32953579E-02  7.23337478E-01  3.97679752E-02
   27700  2.02011967E-01 -2.61773782E-01 -4.35728962E-03  7.42639732E-01  7.84307023E-02
   27750  6.17970393E-02 -3.48755075E-01 -2.02519405E-02  6.87788306E-01  6.94370965E-02
   27800  1.26818356E-02 -1.85222469E-01  1.33512094E-02  5.70840134E-01  7.16456603E-02
   27850  5.06663873E-02 -1.23774427E-01  1.12739612E-01  6.26923922E-01  8.89864669E-02
   27900  1.12532353E-01 -1.10848367E-01  2.09499115E-01  6.48411550E-01  8.82721527E-02
   27950  1.39936847E-01 -6.19989692E-02  1.07713499E-01  6.68072108E-01  1.44852187E-01
   28000  1.06234045E-01 -2.99084142E-01  1.44395621E-01  6.08028746E-01  1.66039014E-01
   28050  1.00041382E-01 -1.78470571E-01  1.24130773E-01  5.52121152E-01  1.04101151E-01
   28100  1.99436149E-01 -2.05151299E-01  2.35417884E-01  5.82051638E-01  7.11816909E-02
   28150  1.19579199E-01 -3.45856980E-01  1.87210086E-01  6.66499680E-01  1.15269210E-01
   28200  7.52285997E-02 -2.80576470E-01  2.34230590E-01  6.34297084E-01  1.06083314E-01
   28250 -6.61660157E-02 -4.29309140E-01  2.91558569E-01  7.63287497E-01  1.01988221E-01
   28300 -1.02323209E-01 -3.87680769E-01  2.84027896E-01  6.68981024E-01  1.21170098E-01
   28350 -1.43653051E-01 -2.37624333E-01  2.37514706E-01  5.51133275E-01  6.54943967E-02
   28400 -1.97841117E-01 -2.90389620E-01  9.57097256E-02  5.94338238E-01  1.67387651E-01
   28450 -1.12683686E-01 -1.34304498E-01  1.67431917E-01  5.65954788E-01  1.51987935E-01
   28500 -1.88583661E-01 -1.96448391E-01  2.41998191E-01  7.17827795E-01  1.09515460E-01
   28550 -2.17780103E-01 -2.24037360E-01  4.05762023E-01  7.26158672E-01  1.07145692E-01
   28600 -7.53766547E-02 -3.87303106E-01  4.00577968E-01  7.24742826E-01  1.24589126E-01
   28650 -7.82104455E-02 -4.09525543E-01  4.44961914E-01  7.49096315E-01  7.78112595E-02
   28700 -6.19801242E-02 -4.68925101E-01  3.35996407E-01  7.64945446E-01  8.18765568E-02
   28750  1.00199879E-01 -4.83050712E-01  3.60183945E-01  7.73281390E-01  1.49865987E-01
   28800  1.98746568E-01 -5.06809915E-01  2.40287220E-01  7.58460868E-01  9.63482585E-02
   28850  2.60088839E-01 -5.10153551E-01  2.17187992E-01  7.28252887E-01  6.84785070E-02
   28900  1.64036045E-01 -5.80355717E-01  1.94674262E-01  8.03268988E-01  4.14238407E-02
   28950  2.08137984E-01 -6.32752754E-01  1.52812422E-01  8.23378660E-01  5.97999751E-02
   29000  9.04482458E-02 -4.85255033E-01  5.74122418E-02  6.97218731E-01  1.13628252E-01
   29050  2.07081268E-01 -4.57809209E-01  1.86827106E-02  6.56083203E-01  2.09302503E-01
   29100  3.01640948E-01 -5.47181386E-01 -1.59152414E-02  7.57095994E-01  1.55057685E-01
   29150  4.19523022E-01 -6.17946016E-01 -1.72636248E-01  8.64389451E-01  1.16313164E-01
   29200  4.11996660E-01 -6.29447705E-01 -1.02151371E-01  8.38248145E-01  1.26507243E-01
   29250  3.35340390E-01 -5.64257774E-01 -1.59194688E-01  7.72008587E-01  1.32357461E-01
   29300  4.00180789E-01 -5.88840393E-01 -1.14930771E-01  8.47908865E-01  1.13831445E-01
   29350  3.69360674E-01 -3.56905902E-01 -1.02546959E-01  7.36449634E-01  8.27308241E-02
   29400  2.35994344E-01 -1.84387304E-01 -2.18013915E-01  6.19535590E-01  1.58978483E-01
   29450  2.83388795E-01 -2.10877452E-01 -2.23603969E-01  6.84940770E-01  7.46415579E-02
   29500  3.16126097E-01 -2.92484827E-01 -2.82889752E-01  7.27806112E-01  1.06653384E-01
   29550  2.35103251E-01 -3.04368226E-01 -3.05683047E-01  6.95111559E-01  1.86254833E-01
   29600  2.65782737E-01 -5.25644494E-02 -3.32423195E-01  6.74337778E-01  1.56733286E-01
   29650  2.10818866E-01 -2.22701246E-01 -4.67992265E-01  7.75107977E-01  1.06297392E-01
   29700 -1.05971886E-01 -1.50490652E-01 -4.21956495E-01  7.13046630E-01  7.54435207E-02
   29750  5.45153318E-02 -1.90541123E-01 -5.21146662E-01  8.39978919E-01  1.30709674E-01
   29800  3.45805316E-02 -1.34865930E-01 -5.29623733E-01  7.61343748E-01  1.10312545E-01
   29850  8.49066990E-03 -1.28243772E-01 -4.98890092E-01  7.22240824E-01  1.76075106E-01
   29900 -1.04237395E-01  3.00055523E-02 -4.42477598E-01  6.95461861E-01  7.92914242E-02
   29950 -7.99414284E-02  6.77906575E-02 -3.91280226E-01  7.31751907E-01  9.48726967E-02
   30000 -1.47291913E-01 -5.73561178E-03 -5.04926497E-01  8.16109965E-01  8.95886011E-02
   30050 -3.13691887E-01  3.73798753E-02 -4.61798399E-01  8.12354599E-01  5.71538744E-02
   30100 -1.65942560E-01  2.29099734E-02 -4.04898498E-01  7.11545147E-01  1.35610567E-01
   30150 -1.31711540E-01 -1.18576266E-02 -4.44679690E-01  6.58321423E-01  1.06620446E-01
   30200 -9.35729463E-02  5.88603904E-02 -4.60815985E-01  7.49400264E-01  7.46574867E-02
   30250 -6.52085318E-02  3.98415513E-02 -4.57254044E-01  7.43721464E-01  3.88885988E-02
   30300 -2.00574978E-01 -7.80145301E-02 -5.26756380E-01  8.07566158E-01  1.82140868E-01
   30350 -4.53660090E-02  1.80157187E-01 -4.84707141E-01  8.03855039E-01  6.88873309E-02
   30400 -1.33089848E-02  1.74404263E-01 -4.64668346E-01  7.49137587E-01  5.37153107E-02
   30450 -1.13280230E-02  2.15864184E-01 -4.53538979E-01  7.31574296E-01  1.38233794E-01
   30500 -5.53284342E-02  1.31969230E-01 -4.31702655E-01  7.20716327E-01  8.90157407E-02
   30550 -6.01090079E-02  9.86592290E-02 -4.18230260E-01  6.95388981E-01  1.35105089E-01
   30600 -5.96718168E-03 -9.71047441E-02 -4.99384899E-01  7.33207353E-01  1.24360222E-01
   30650 -7.07527726E-02 -7.34253469E-02 -4.09824542E-01  7.26370717E-01  7.78654348E-02
   30700 -9.55498604E-02 -2.59176424E-02 -5.87967240E-01  8.29056725E-01  9.10060215E-02
   30750 -1.50010971E-02 -3.08760977E-02 -4.40656938E-01  7.60883646E-01  7.04166496E-02
   30800  5.49168294E-02 -1.10110681E-01 -4.60852012E-01  7.51948245E-01  7.01102205E-02
   30850 -1.21935021E-02 -2.10361965E-01 -3.63485092E-01  7.60323883E-01  5.34796891E-02
   30900  1.59475044E-01 -1.08301058E-01 -2.77628284E-01  7.27281120E-01  1.78332079E-01
   30950  1.40959149E-01 -8.02031479E-02 -1.85101036E-01  7.04068184E-01  1.98740148E-01
   31000  1.45998602E-02  9.85149492E-02 -1.49571778E-01  6.69992307E-01  1.79815463E-01
   31050  8.34949857E-02  8.37437083E-02 -1.38173604E-01  6.92058218E-01  1.17106924E-01
   31100 -2.05612405E-02  2.24635844E-01 -1.82383706E-01  7.51068587E-01  1.10462682E-01
   31150  8.99300337E-02  1.47879731E-01 -2.32140105E-01  7.77920907E-01  6.77299343E-02
   31200  1.83813265E-01  6.80714656E-02 -2.05007313E-01  7.07710280E-01  1.24963073E-01
   31250  3.27148828E-01  9.49206946E-02 -3.64617594E-02  6.51168068E-01  2.08608993E-01
   31300  2.49635333E-01 -2.71353249E-02 -1.16019540E-01  6.24642770E-01  1.01988003E-01
   31350  2.14557084E-01 -1.86376096E-02  4.12818958E-03  6.24351242E-01  1.44664143E-01
   31400  8.49874772E-02 -1.01027275E-01  1.18995438E-01  6.14134800E-01  1.25316156E-01
   31450  1.11869672E-01 -3.36289524E-02  2.12393232E-01  5.79183893E-01  1.85270021E-01
   31500  1.66296877E-01 -4.74677736E-02  3.11919518E-01  6.18362516E-01  3.01772157E-01
   31550  1.31174737E-01  7.20848994E-02  4.96471256E-01  7.90183797E-01  2.31384994E-01
   31600  6.09013888E-03  1.04819632E-01  3.97316164E-01  6.97804626E-01  2.24721108E-01
   31650  3.10726965E-02  1.93695383E-01  5.99680585E-01  8.05234381E-01  1.92889355E-01
   31700 -5.13994737E-02  1.53298494E-01  5.55017394E-01  7.63098615E-01  2.02923775E-01
   31750 -1.35411550E-02  2.48447030E-01  5.62894845E-01  7.29318472E-01  7.87599061E-02
   31800 -3.39389332E-02  1.25495950E-01  5.54381555E-01  6.67767861E-01  8.99214523E-02
   31850  1.12767086E-01  4.50348470E-02  6.31922408E-01  7.36258857E-01  1.37048727E-01
   31900  1.82232953E-01  1.21514549E-01  5.93115075E-01  7.81175308E-01  6.61608776E-02
   31950  1.21655227E-01  2.14159940E-01  6.90185957E-01  8.21523689E-01  9.87755847E-02
   32000  1.46448219E-01  2.11974262E-01  6.99257851E-01  7.90468599E-01  5.95941177E-02
   32050  1.04549076E-01  1.43201325E-01  7.58323141E-01  8.00847979E-01  8.79890267E-02
   32100  1.77309065E-01  2.90562297E-01  7.02589958E-01  8.16909331E-01  1.57315478E-01
   32150  1.91943084E-01  3.11449038E-01  5.46507445E-01  7.05627203E-01  8.34919690E-02
   32200  2.31558979E-01  4.49184885E-01  5.26771626E-01  7.85579732E-01  7.00482986E-02
   32250  1.65515628E-01  4.38519588E-01  5.92427166E-01  7.98565002E-01  5.35047997E-02
   32300 -6.47509500E-02  6.05411181E-01  5.84827713E-01  8.74904159E-01  8.99259634E-02
   32350 -7.27483251E-02  5.93738261E-01  5.59795003E-01  8.62895906E-01  5.54750856E-02
   32400 -1.48351491E-01  4.58795158E-01  5.98654070E-01  7.88852625E-01  7.26196103E-02
   32450 -9.31074590E-02  4.84287663E-01  5.27792422E-01  7.42022123E-01  6.85865946E-02
   32500 -2.48514901E-01  4.12044123E-01  5.32615003E-01  7.32450709E-01  4.27583689E-02
   32550 -3.33177363E-01  5.00062421E-01  4.59866314E-01  7.97643827E-01  6.98930190E-02
   32600 -2.99556550E-01  2.77356057E-01  5.91521064E-01  7.83956701E-01  1.65312931E-01
   32650 -3.29700613E-01  2.63839670E-01  6.81299273E-01  8.41063866E-01  6.33600675E-02
   32700 -4.17438647E-01  2.41624781E-01  5.39212818E-01  7.83554855E-01  3.85780630E-02
   32750 -4.85212335E-01  2.42844597E-01  5.18175437E-01  8.26320222E-01  8.40456980E-02
   32800 -2.98462687E-01  6.37971577E-02  6.38232392E-01  7.70561427E-01  6.85182248E-02
   32850 -3.27718120E-01  1.03778359E-01  7.00119090E-01  8.07669871E-01  3.33517961E-02
   32900 -3.52813174E-01  1.08713948E-01  6.79554836E-01  7.97289434E-01  1.72525057E-01
   32950 -3.56248946E-01  8.15945923E-04  5.01093621E-01  6.74434117E-01  7.16919735E-02
   33000 -3.73050159E-01  1.16672810E-01  5.33204534E-01  7.30160954E-01  8.90015157E-02
   33050 -2.51672377E-01  1.14017791E-01  5.37491957E-01  7.04801362E-01  1.91801666E-01
   33100 -3.07226991E-01  4.71251447E-03  6.79451937E-01  8.24458819E-01  9.74077394E-02
   33150 -2.71237879E-01  1.41155187E-02  6.91628559E-01  8.46185185E-01  1.07232007E-01
   33200 -2.72820251E-01  3.19411366E-02  6.36718842E-01  8.05244250E-01  6.60512268E-02
   33250 -2.41231558E-01  7.33597252E-02  6.72487505E-01  8.32805468E-01  8.92596161E-02
   33300 -1.62498034E-01  9.50236075E-02  5.93667340E-01  7.23761345E-01  9.25640916E-02
   33350 -1.90712964E-01  5.72585673E-02  7.18759430E-01  8.34784567E-01  1.31642646E-01
   33400 -2.46765214E-01 -3.40677972E-02  6.76196635E-01  8.04444389E-01  7.84841574E-02
   33450 -2.72710720E-01  1.11311695E-02  5.93732684E-01  7.66365185E-01  8.57931729E-02
   33500 -2.32312399E-01 -6.66051355E-02  5.69770011E-01  7.79680932E-01  3.33769615E-02
   33550 -9.45025059E-02 -2.86485124E-02  6.35635477E-01  8.01023662E-01  1.19315457E-01
   33600 -4.71878159E-02  1.33283065E-01  5.77045709E-01  7.04482333E-01  1.66035501E-01
   33650  3.51579884E-02  1.88725039E-02  5.11180043E-01  7.26163611E-01  9.41856933E-02
   33700  2.72003286E-02 -5.36127373E-02  4.50465425E-01  6.07157958E-01  5.19238521E-02
   33750  3.60798931E-02 -8.65766582E-02  5.47847425E-01  7.13562468E-01  7.93463124E-02
   33800  1.72847525E-01 -2.07889636E-01  4.61085901E-01  6.67550577E-01  1.48707458E-01
   33850  1.21971366E-01 -1.75695820E-01  3.69630855E-01  6.61506578E-01  2.06791828E-01
   33900  9.08111137E-02 -1.21597089E-01  3.51474304E-01  6.56275134E-01  1.42316475E-01
   33950 -7.93802810E-02 -9.74502086E-02  4.88351745E-01  7.37575783E-01  1.05784222E-01
   34000 -2.11857358E-02 -2.33259619E-01  4.49485056E-01  7.45433136E-01  7.28122685E-02
   34050 -1.21313581E-01 -2.30622880E-01  4.07501094E-01  7.03827560E-01  8.94008411E-02
   34100 -8.92385673E-02 -2.56735722E-01  4.44442561E-01  7.40942571E-01  1.54201784E-01
   34150 -1.38831540E-01 -2.66528018E-01  4.64432862E-01  7.47050606E-01  1.22244157E-01
   34200 -7.89858910E-02 -3.44953286E-01  3.94934485E-01  7.52477874E-01  1.24369663E-01
   34250  3.94343336E-03 -5.15147696E-01  3.34990742E-01  8.31991681E-01  1.23062576E-01
   34300  6.99534022E-02 -3.97068187E-01  3.24992870E-01  7.20497320E-01  1.68071387E-01
   34350  1.79399539E-01 -3.98119403E-01  3.50980787E-01  7.12437589E-01  1.56012193E-01
   34400  1.62972895E-01 -3.24438656E-01  3.89296438E-01  7.23032373E-01  1.88319199E-01
   34450  9.64028964E-02 -3.61985986E-01  4.22507107E-01  7.42374996E-01  1.37524406E-01
   34500 -6.90567501E-03 -3.33973337E-01  5.37949817E-01  8.58025666E-01  8.27912429E-02
   34550 -9.69750653E-02 -3.06967036E-01  5.91914455E-01  8.75577951E-01  7.32900954E-02
   34600  2.15843821E-02 -3.53107243E-01  4.92909831E-01  7.56105986E-01  8.78037531E-02
   34650  7.75264141E-02 -4.10256853E-01  5.56814946E-01  8.49033434E-01  7.44643998E-02
   34700  2.94348435E-01 -3.43106407E-01  3.97648965E-01  8.01283919E-01  1.25843659E-01
   34750  2.49247928E-01 -5.26101067E-01  2.77462077E-01  8.18848589E-01  1.40874987E-01
   34800  2.71093851E-01 -4.80595540E-01  2.86081451E-01  8.02464000E-01  1.20710830E-01
   34850  2.54156675E-01 -6.36643702E-01  2.54819508E-01  8.67693687E-01  1.09359200E-01
   34900  3.20266118E-01 -6.03099336E-01  4.06036121E-01  9.06387325E-01  9.38452595E-02
   34950  1.81784675E-01 -6.30693627E-01  4.38013756E-01  8.58371629E-01  8.02823576E-02
   35000  2.75844706E-01 -6.79360734E-01  3.18693528E-01  8.65523193E-01  3.49233825E-02
   35050  1.95620968E-01 -5.22587351E-01  3.30786816E-01  7.54049176E-01  7.61642572E-02
   35100  3.38629402E-01 -4.05568955E-01  3.17558813E-01  7.15263392E-01  1.14244531E-01
   35150  2.88367336E-01 -3.92114393E-01  2.22535046E-01  7.10469223E-01  1.17744314E-01
   35200  3.29435572E-01 -4.16751131E-01  1.55421610E-01  7.11505397E-01  8.93172373E-02
   35250  3.46772372E-01 -3.25129127E-01  5.88391568E-02  7.09362184E-01  1.03287970E-01
   35300  3.99044046E-01 -4.32422337E-01  7.67388764E-02  7.73171626E-01  1.22814145E-01
   35350  2.90241507E-01 -3.59559041E-01 -6.72850445E-02  6.13741544E-01  1.19842592E-01
   35400  3.45414580E-01 -4.14366124E-01  6.45526516E-03  7.28132050E-01  1.35065508E-01
   35450  2.52628139E-01 -3.42113745E-01 -4.33674684E-02  6.21132157E-01  1.49545803E-01
   35500  3.54668661E-01 -1.71623056E-01 -1.02735275E-01  6.50144959E-01  1.17659696E-01
   35550  2.10826930E-01 -1.25870493E-01 -5.36779470E-02  5.16486338E-01  1.52840736E-01
   35600  2.71385193E-01 -9.75520155E-02  2.54033470E-01  6.15507113E-01  2.08884622E-01
   35650  2.44146886E-01 -1.06954473E-01  1.70052644E-01  6.33433639E-01  2.03666662E-01
   35700  3.51533985E-01 -2.29294163E-01  1.65795426E-01  6.77839151E-01  7.52293946E-02
   35750  2.81261122E-01 -3.19771699E-01  1.96739147E-01  7.70484253E-01  7.38495380E-02
   35800  2.20693294E-01 -3.59970893E-01  1.96035306E-01  7.99141470E-01  8.74125037E-02
   35850  2.47099336E-01 -2.94415288E-01  1.69223338E-01  7.47237956E-01  1.30969767E-01
   35900  1.44930004E-01 -2.27582185E-01  2.19002650E-01  6.71555098E-01  1.06411279E-01
   35950  5.71120360E-02 -1.51732498E-01  2.45934924E-01  7.48400428E-01  1.37006343E-01
   36000  1.24498825E-01 -1.88540794E-01  4.30198572E-01  7.32955291E-01  1.66730677E-01
   36050  1.22587083E-01 -3.09368113E-01  3.09384256E-01  7.31099196E-01  1.65202064E-01
   36100  1.36524797E-01 -1.97939574E-01  2.25713427E-01  7.46819989E-01  2.00847516E-01
   36150  1.47526115E-01 -2.10395751E-01  2.71157934E-01  7.21541914E-01  1.69026040E-01
   36200  1.41794865E-01 -8.67190459E-02  6.83094943E-02  6.60357057E-01  2.00075793E-01
   36250  1.65160198E-01 -7.79945292E-02  8.32501690E-03  6.30168042E-01  2.39728619E-01
   36300  2.80260516E-01 -2.02704773E-01  9.87753110E-02  6.97495867E-01  1.51324776E-01
   36350  2.96411187E-01 -1.06251065E-01  1.74851745E-01  6.63530594E-01  1.61684693E-01
   36400  2.45212078E-01 -1.68620018E-01  1.22873534E-01  7.28055865E-01  1.49227639E-01
   36450  1.17883576E-01 -2.61917426E-01  1.58310207E-01  7.29766173E-01  2.23509044E-01
   36500  1.55589774E-01 -3.39813750E-01  2.47850470E-01  7.94436463E-01  2.23238018E-01
   36550  1.03810092E-01 -2.42488092E-01  2.44933620E-01  7.71553700E-01  2.20165525E-01
   36600 -5.13997389E-02 -2.90742951E-01  2.26146638E-01  7.48478074E-01  1.08138859E-01
   36650 -4.33507557E-02 -1.70784351E-01  1.55123902E-01  6.46595722E-01  1.14321156E-01
   36700 -2.03729930E-01 -1.77406344E-01  1.26378654E-01  6.80701177E-01  1.02886180E-01
   36750 -2.65023143E-01 -1.21941846E-01  1.77480277E-01  7.28661165E-01  6.99249583E-02
   36800 -1.39377979E-01 -9.65907687E-02  2.03521550E-01  6.79557418E-01  1.32682609E-01
   36850 -2.08799634E-01 -5.74264932E-02  1.15310987E-01  6.93957354E-01  1.94513440E-01
   36900 -1.70384649E-01 -1.94068905E-02  1.89086780E-01  7.29750533E-01  1.27429542E-01
   36950 -1.09842068E-01  3.39906141E-03  1.27923825E-01  6.50020866E-01  1.34821069E-01
   37000 -1.17488094E-01  5.75632718E-02  8.19663562E-02  8.04554003E-01  4.94173610E-02
   37050 -2.07637164E-01  7.45985276E-02 -1.03797568E-01  7.77323756E-01  1.50124376E-01
   37100 -2.64973965E-01  1.77874421E-01 -1.57019476E-01  7.52955856E-01  2.06469871E-01
   37150 -2.17039987E-01  1.18522989E-01 -1.51108227E-01  6.34922462E-01  1.57319720E-01
   37200 -2.23656868E-01  1.43014878E-01 -1.15424873E-01  6.63373351E-01  1.59300857E-01
   37250 -3.45414793E-01  2.26257427E-01 -6.75727637E-02  7.33251734E-01  9.82114283E-02
   37300 -4.98730652E-01  1.26070488E-01 -1.13887017E-01  7.51796705E-01  9.67263518E-02
   37350 -3.83987999E-01  2.33497346E-01 -3.81996013E-02  7.20318407E-01  1.09379137E-01
   37400 -5.16399952E-01  2.90015072E-01 -5.29445550E-02  8.11293117E-01  2.41545363E-02
   37450 -4.12455173E-01  1.21138960E-01 -7.16780216E-02  6.72641682E-01  9.53445352E-02
   37500 -3.99447699E-01  1.63472743E-01 -4.11234957E-02  7.30206845E-01  1.54710745E-01
   37550 -3.94280013E-01  1.89672787E-01 -1.39159882E-02  7.21262203E-01  1.32289539E-01
   37600 -4.20484499E-01  1.94010654E-01  9.60908191E-02  7.19796018E-01  1.21349950E-01
   37650 -4.72688269E-01  2.51039867E-02  1.84501875E-01  6.89094649E-01  1.34520076E-01
   37700 -2.65066137E-01  9.20110868E-02  1.97616469E-01  5.49853612E-01  1.02154520E-01
   37750 -2.77490472E-01  2.07402580E-01  2.28126194E-01  5.48803709E-01  2.18183815E-01
   37800 -3.49689753E-01  7.51152102E-02  2.25945189E-01  6.51972704E-01  1.19016731E-01
   37850 -3.56619551E-01  6.51294724E-02  2.06529598E-01  7.28114586E-01  1.44532549E-01
   37900 -4.42569809E-01  4.28556292E-02  2.77115421E-01  8.13339668E-01  5.37212055E-02
   37950 -4.79740607E-01 -1.20228747E-01  3.10054616E-01  8.21342097E-01  6.45072201E-02
   38000 -5.72853404E-01 -1.80382880E-01  3.71588992E-01  8.77699021E-01  1.29955078E-01
   38050 -5.54650610E-01  3.73244624E-03  3.36972359E-01  8.45403423E-01  6.52174554E-02
   38100 -5.80933641E-01  1.50770726E-01  3.41536332E-01  8.25939601E-01  1.20861655E-01
   38150 -5.23782813E-01  1.64732214E-01  4.00551109E-01  7.85023519E-01  5.19624551E-02
   38200 -5.52736219E-01  1.68026953E-01  3.26684652E-01  7.21385571E-01  1.08661429E-01
   38250 -4.94829528E-01  1.80377970E-01  3.17400255E-01  7.06175447E-01  8.45571828E-02
   38300 -3.26764737E-01  2.19651774E-01  5.75524294E-01  7.75026815E-01  1.33651497E-01
   38350 -2.78864063E-01  4.16959467E-02  5.60715848E-01  7.88903244E-01  8.92857894E-02
   38400 -3.33136449E-01  2.08026786E-01  5.58191490E-01  8.12655776E-01  9.57282702E-02
   38450 -3.25066633E-01  2.94080271E-01  5.65878953E-01  7.77027690E-01  9.52202643E-02
   38500 -2.24988883E-01  1.61372026E-01  6.57414579E-01  7.95459090E-01  5.05497776E-02
   38550 -2.68691256E-01  9.60663947E-02  6.15458509E-01  7.36468560E-01  1.09165393E-01
   38600 -3.52046487E-01  1.44186731E-02  6.58194009E-01  8.04181370E-01  4.76106659E-02
   38650 -2.82469118E-01  1.48981595E-03  7.29913876E-01  8.31918179E-01  4.67700496E-02
   38700 -1.68982518E-01  4.05033940E-02  7.29467934E-01  8.03641067E-01  4.37018332E-02
   38750 -3.14732909E-01  8.61533836E-02  5.97056753E-01  7.30903319E-01  1.26306513E-01
   38800 -2.00307437E-01 -4.90067735E-02  6.46790707E-01  7.38794519E-01  4.57552426E-02
   38850 -2.33213343E-01 -1.94124758E-01  6.70264530E-01  8.17203142E-01  1.01524904E-01
   38900 -3.67196858E-01 -1.44177526E-01  6.51306361E-01  8.40933038E-01  6.88538712E-02
   38950 -3.84145560E-01 -2.64275771E-02  4.54797366E-01  6.36977757E-01  1.89398863E-01
   39000 -5.09629897E-01 -7.95828943E-02  4.17695504E-01  7.44636005E-01  1.16954984E-01
   39050 -4.59251972E-01 -1.12256286E-01  3.84344413E-01  7.22992889E-01  1.33705315E-01
   39100 -4.90968714E-01 -2.64556400E-01  3.33943899E-01  7.00629701E-01  1.36516466E-01
   39150 -3.57478420E-01 -4.75947094E-01  3.99500016E-01  8.00812369E-01  9.54120814E-02
   39200 -3.49264255E-01 -4.23036338E-01  3.49196698E-01  7.32773665E-01  3.21363484E-02
   39250 -4.41388514E-01 -3.95234079E-01  2.72792629E-01  7.21438828E-01  1.06007169E-01
   39300 -5.02959805E-01 -3.01056136E-01  2.13052628E-01  7.15050131E-01  5.91166555E-02
   39350 -5.70576990E-01 -4.71413130E-01  7.71132096E-03  8.01297001E-01  1.21591774E-01
   39400 -4.93466219E-01 -3.74053452E-01 -1.21288439E-01  7.80434221E-01  1.01328854E-01
   39450 -4.46795168E-01 -3.39577652E-01  1.43598819E-01  7.20487172E-01  2.40895014E-01
   39500 -4.13021553E-01 -2.79653562E-01  1.15512877E-01  6.63222253E-01  1.69579278E-01
   39550 -2.81861249E-01 -5.60839934E-02  7.90006093E-02  5.30607521E-01  1.53772046E-01
   39600 -4.09564709E-02 -3.49413999E-01  1.30871140E-01  6.41523897E-01  1.63703111E-01
   39650 -9.93138679E-02 -3.80367754E-01  1.63259883E-01  6.44632862E-01  1.19045752E-01
   39700 -2.55162156E-02 -3.91484812E-01  1.68594184E-01  6.23490516E-01  1.11599774E-01
   39750 -1.43332513E-01 -3.29370053E-01  6.95883654E-03  5.57447044E-01  7.59543154E-02
   39800 -2.71216420E-01 -3.71260492E-01  4.77500662E-02  6.07030384E-01  8.76092636E-02
   39850 -1.79618455E-01 -4.87452197E-01  1.58707809E-01  6.52948830E-01  1.64296677E-01
   39900 -2.58096830E-01 -3.46473801E-01  2.20728654E-01  6.39440189E-01  1.94875284E-01
   39950 -2.42393243E-01 -3.49658377E-01  1.74472682E-01  6.55769332E-01  1.60095191E-01
