   #Iter             <M>           <M^2>           <M^4>      U_{Binder}            \chi        C_v(tot)             <E>       <E_{exc}>       <E_{lsf}>
       1  5.84776368E-01  3.69437948E-01  1.74869057E-01  5.72920520E-01  2.69489331E-02  8.36119843E-01 -4.53147657E+00 -4.53147657E+00  0.00000000E+00
      11  7.04514314E-01  5.16615074E-01  3.03610597E-01  6.20805943E-01  1.98867816E-02  3.42840316E+00 -4.60536104E+00 -4.60536104E+00  0.00000000E+00
      21  7.43608698E-01  5.73834129E-01  3.73582849E-01  6.21824904E-01  2.04807747E-02  4.22111335E+00 -4.61798556E+00 -4.61798556E+00  0.00000000E+00
      31  7.05004779E-01  5.28372572E-01  3.31803545E-01  6.03832143E-01  3.07412530E-02  3.18504351E+00 -4.61261966E+00 -4.61261966E+00  0.00000000E+00
      41  7.21349766E-01  5.47389359E-01  3.45427402E-01  6.15724382E-01  2.65264979E-02  2.75966972E+00 -4.61727028E+00 -4.61727028E+00  0.00000000E+00
      51  7.28244137E-01  5.54879685E-01  3.52561638E-01  6.18305282E-01  2.40706853E-02  2.59544525E+00 -4.61743670E+00 -4.61743670E+00  0.00000000E+00
      61  7.29384552E-01  5.53751593E-01  3.47636336E-01  6.22102576E-01  2.13336751E-02  2.34907133E+00 -4.61901090E+00 -4.61901090E+00  0.00000000E+00
      71  7.11193096E-01  5.29374228E-01  3.22587457E-01  6.16292194E-01  2.31275265E-02  2.67831235E+00 -4.59093018E+00 -4.59093018E+00  0.00000000E+00
      81  7.17382585E-01  5.39309277E-01  3.34134464E-01  6.17065728E-01  2.41995136E-02  2.63035972E+00 -4.59389162E+00 -4.59389162E+00  0.00000000E+00
      91  7.16078566E-01  5.37207889E-01  3.32363581E-01  6.16109459E-01  2.39718284E-02  2.86043610E+00 -4.59335446E+00 -4.59335446E+00  0.00000000E+00
     101  7.28654169E-01  5.54590058E-01  3.51479940E-01  6.19078813E-01  2.32006519E-02  2.90661212E+00 -4.60921686E+00 -4.60921686E+00  0.00000000E+00
     111  7.22518940E-01  5.45838806E-01  3.41603943E-01  6.17815734E-01  2.33497713E-02  2.83704812E+00 -4.59905139E+00 -4.59905139E+00  0.00000000E+00
     121  7.22109880E-01  5.47337460E-01  3.45918911E-01  6.15104613E-01  2.53993884E-02  2.89023300E+00 -4.59790403E+00 -4.59790403E+00  0.00000000E+00
     131  7.23656321E-01  5.48818376E-01  3.47100605E-01  6.15871237E-01  2.46589548E-02  2.98180987E+00 -4.59501080E+00 -4.59501080E+00  0.00000000E+00
     141  7.25193705E-01  5.49193758E-01  3.44578691E-01  6.19183307E-01  2.28423298E-02  2.86594308E+00 -4.58678922E+00 -4.58678922E+00  0.00000000E+00
     151  7.31937127E-01  5.57725105E-01  3.52299686E-01  6.22470743E-01  2.15723963E-02  3.00653644E+00 -4.59847499E+00 -4.59847499E+00  0.00000000E+00
     161  7.30758411E-01  5.56034185E-01  3.51192556E-01  6.21364735E-01  2.16049446E-02  3.01511187E+00 -4.59944238E+00 -4.59944238E+00  0.00000000E+00
     171  7.33821101E-01  5.60309502E-01  3.56305125E-01  6.21692598E-01  2.13987319E-02  3.03342029E+00 -4.61265712E+00 -4.61265712E+00  0.00000000E+00
     181  7.20736009E-01  5.42771304E-01  3.38261840E-01  6.17265162E-01  2.28649485E-02  3.13628137E+00 -4.59978779E+00 -4.59978779E+00  0.00000000E+00
     191  7.14354007E-01  5.34581765E-01  3.30365750E-01  6.14658769E-01  2.38156154E-02  3.19328875E+00 -4.58564151E+00 -4.58564151E+00  0.00000000E+00
     201  7.14699460E-01  5.35119536E-01  3.30171888E-01  6.15658549E-01  2.38588725E-02  3.15102510E+00 -4.58286232E+00 -4.58286232E+00  0.00000000E+00
     211  7.15358079E-01  5.35194219E-01  3.29033366E-01  6.17090749E-01  2.30082816E-02  3.10007859E+00 -4.58502472E+00 -4.58502472E+00  0.00000000E+00
     221  7.19097365E-01  5.40134090E-01  3.33784513E-01  6.18634193E-01  2.25924252E-02  3.04120907E+00 -4.58923181E+00 -4.58923181E+00  0.00000000E+00
     231  7.20106737E-01  5.41723178E-01  3.35806165E-01  6.18571996E-01  2.27262110E-02  3.06521980E+00 -4.58900677E+00 -4.58900677E+00  0.00000000E+00
     241  7.18553317E-01  5.39541249E-01  3.33373254E-01  6.18266571E-01  2.27781141E-02  3.04035550E+00 -4.58986540E+00 -4.58986540E+00  0.00000000E+00
     251  7.20314357E-01  5.41709127E-01  3.35447056E-01  6.18960127E-01  2.24190905E-02  2.97241993E+00 -4.59201033E+00 -4.59201033E+00  0.00000000E+00
     261  7.22352542E-01  5.44811026E-01  3.39344887E-01  6.18909362E-01  2.25774773E-02  2.99549147E+00 -4.59636508E+00 -4.59636508E+00  0.00000000E+00
     271  7.17584210E-01  5.38634634E-01  3.33215603E-01  6.17161572E-01  2.32539877E-02  3.04558601E+00 -4.59172331E+00 -4.59172331E+00  0.00000000E+00
     281  7.15642268E-01  5.37225567E-01  3.34113391E-01  6.14113771E-01  2.46018735E-02  3.08267162E+00 -4.59211817E+00 -4.59211817E+00  0.00000000E+00
     291  7.16761897E-01  5.38490500E-01  3.35217821E-01  6.14654978E-01  2.42695281E-02  3.06847521E+00 -4.59296129E+00 -4.59296129E+00  0.00000000E+00
     301  7.19849001E-01  5.42569785E-01  3.39497773E-01  6.15581336E-01  2.39206498E-02  3.09938263E+00 -4.59093030E+00 -4.59093030E+00  0.00000000E+00
     311  7.24055895E-01  5.48220820E-01  3.45436450E-01  6.16879089E-01  2.35054289E-02  3.07992105E+00 -4.59609185E+00 -4.59609185E+00  0.00000000E+00
     321  7.27119633E-01  5.52249339E-01  3.49334100E-01  6.18188226E-01  2.30959132E-02  3.11819683E+00 -4.59614190E+00 -4.59614190E+00  0.00000000E+00
     331  7.31780016E-01  5.58684869E-01  3.56227741E-01  6.19571833E-01  2.27393664E-02  3.07778881E+00 -4.60115351E+00 -4.60115351E+00  0.00000000E+00
     341  7.31626837E-01  5.57792299E-01  3.54119998E-01  6.20611493E-01  2.20837472E-02  3.05252666E+00 -4.60134242E+00 -4.60134242E+00  0.00000000E+00
     351  7.29959626E-01  5.55356903E-01  3.51200682E-01  6.20431865E-01  2.20850979E-02  3.02411616E+00 -4.60176029E+00 -4.60176029E+00  0.00000000E+00
     361  7.29557601E-01  5.54680986E-01  3.50375935E-01  6.20399778E-01  2.19976489E-02  3.05250856E+00 -4.60043251E+00 -4.60043251E+00  0.00000000E+00
     371  7.25030292E-01  5.49043540E-01  3.44767584E-01  6.18766024E-01  2.29274373E-02  3.04766540E+00 -4.59534166E+00 -4.59534166E+00  0.00000000E+00
     381  7.25942408E-01  5.49907734E-01  3.45075913E-01  6.19623449E-01  2.24769607E-02  3.01686528E+00 -4.59699241E+00 -4.59699241E+00  0.00000000E+00
     391  7.22648518E-01  5.45240548E-01  3.39807270E-01  6.18991100E-01  2.25792797E-02  2.96190445E+00 -4.59393508E+00 -4.59393508E+00  0.00000000E+00
     401  7.19346321E-01  5.41218237E-01  3.36155115E-01  6.17462844E-01  2.33045717E-02  2.95809414E+00 -4.59036485E+00 -4.59036485E+00  0.00000000E+00
     411  7.20478348E-01  5.42623649E-01  3.37410799E-01  6.18020296E-01  2.30843594E-02  2.94184972E+00 -4.59135625E+00 -4.59135625E+00  0.00000000E+00
     421  7.20082763E-01  5.41996433E-01  3.36575768E-01  6.18083225E-01  2.30281043E-02  2.95233506E+00 -4.59072840E+00 -4.59072840E+00  0.00000000E+00
     431  7.21046664E-01  5.43010762E-01  3.37175275E-01  6.18830984E-01  2.26604986E-02  2.91651200E+00 -4.59156622E+00 -4.59156622E+00  0.00000000E+00
     441  7.21987246E-01  5.44588889E-01  3.39478741E-01  6.18447964E-01  2.28771087E-02  2.90702028E+00 -4.59239579E+00 -4.59239579E+00  0.00000000E+00
     451  7.22027921E-01  5.44597815E-01  3.39254942E-01  6.18712000E-01  2.28282518E-02  2.87647053E+00 -4.59244616E+00 -4.59244616E+00  0.00000000E+00
     461  7.24023655E-01  5.47264424E-01  3.42119783E-01  6.19230197E-01  2.26131234E-02  2.86928754E+00 -4.59232757E+00 -4.59232757E+00  0.00000000E+00
     471  7.24456257E-01  5.47576236E-01  3.41978378E-01  6.19820925E-01  2.23043425E-02  2.85538833E+00 -4.59457027E+00 -4.59457027E+00  0.00000000E+00
     481  7.25270341E-01  5.48794897E-01  3.43511677E-01  6.19810498E-01  2.23420679E-02  2.82773063E+00 -4.59513272E+00 -4.59513272E+00  0.00000000E+00
     491  7.26465344E-01  5.50386124E-01  3.45192619E-01  6.20155981E-01  2.22012136E-02  2.85110406E+00 -4.59711406E+00 -4.59711406E+00  0.00000000E+00
     501  7.22338001E-01  5.45031693E-01  3.39857292E-01  6.18642910E-01  2.28145274E-02  2.90369867E+00 -4.59175913E+00 -4.59175913E+00  0.00000000E+00
     511  7.19459540E-01  5.41032147E-01  3.35499835E-01  6.17945856E-01  2.29622599E-02  2.89268863E+00 -4.59056459E+00 -4.59056459E+00  0.00000000E+00
     521  7.21350976E-01  5.43666750E-01  3.38491374E-01  6.18266033E-01  2.28733950E-02  2.91312566E+00 -4.59294161E+00 -4.59294161E+00  0.00000000E+00
     531  7.21373987E-01  5.43841437E-01  3.38971211E-01  6.17970438E-01  2.30121765E-02  2.91406552E+00 -4.59444260E+00 -4.59444260E+00  0.00000000E+00
     541  7.20500031E-01  5.42388124E-01  3.37147453E-01  6.17986874E-01  2.28226924E-02  2.89597765E+00 -4.59297103E+00 -4.59297103E+00  0.00000000E+00
     551  7.17953702E-01  5.38601567E-01  3.32841022E-01  6.17544979E-01  2.27012801E-02  2.91280439E+00 -4.59166814E+00 -4.59166814E+00  0.00000000E+00
     561  7.15486281E-01  5.34901822E-01  3.28533328E-01  6.17254561E-01  2.25415510E-02  2.87529889E+00 -4.58901940E+00 -4.58901940E+00  0.00000000E+00
     571  7.13170810E-01  5.31492425E-01  3.24693961E-01  6.16858850E-01  2.24421078E-02  2.91776828E+00 -4.58508407E+00 -4.58508407E+00  0.00000000E+00
     581  7.14474360E-01  5.33081389E-01  3.25951707E-01  6.17664202E-01  2.21752696E-02  2.89821223E+00 -4.58576108E+00 -4.58576108E+00  0.00000000E+00
     591  7.15796359E-01  5.35013149E-01  3.28356768E-01  6.17619439E-01  2.22154293E-02  2.88983643E+00 -4.58666301E+00 -4.58666301E+00  0.00000000E+00
     601  7.17128186E-01  5.36786495E-01  3.30150965E-01  6.18066146E-01  2.20829511E-02  2.87898462E+00 -4.58708853E+00 -4.58708853E+00  0.00000000E+00
     611  7.17898344E-01  5.37606539E-01  3.30516573E-01  6.18808769E-01  2.18032531E-02  2.85187959E+00 -4.58873235E+00 -4.58873235E+00  0.00000000E+00
     621  7.18298290E-01  5.38052641E-01  3.30722479E-01  6.19203521E-01  2.16774093E-02  2.83374590E+00 -4.58947091E+00 -4.58947091E+00  0.00000000E+00
     631  7.16914280E-01  5.36547465E-01  3.29563168E-01  6.18406367E-01  2.21493768E-02  2.84890828E+00 -4.58665315E+00 -4.58665315E+00  0.00000000E+00
     641  7.18379187E-01  5.38670859E-01  3.31926483E-01  6.18693959E-01  2.21698004E-02  2.84523566E+00 -4.58664201E+00 -4.58664201E+00  0.00000000E+00
     651  7.20636712E-01  5.41674174E-01  3.34880622E-01  6.19554454E-01  2.19291932E-02  2.83565236E+00 -4.58757154E+00 -4.58757154E+00  0.00000000E+00
     661  7.22097196E-01  5.43639019E-01  3.36757167E-01  6.20183041E-01  2.17896716E-02  2.84414197E+00 -4.59121573E+00 -4.59121573E+00  0.00000000E+00
     671  7.24636575E-01  5.47216967E-01  3.40780671E-01  6.20654803E-01  2.16956470E-02  2.84023277E+00 -4.59406172E+00 -4.59406172E+00  0.00000000E+00
     681  7.23772547E-01  5.45863516E-01  3.39061084E-01  6.20695011E-01  2.15956138E-02  2.83847720E+00 -4.59242227E+00 -4.59242227E+00  0.00000000E+00
     691  7.25415535E-01  5.48335746E-01  3.42080930E-01  6.20759691E-01  2.16850988E-02  2.84293349E+00 -4.59314431E+00 -4.59314431E+00  0.00000000E+00
     701  7.28285983E-01  5.52461694E-01  3.46857394E-01  6.21186576E-01  2.16391681E-02  2.88082876E+00 -4.59876835E+00 -4.59876835E+00  0.00000000E+00
     711  7.26782754E-01  5.50296046E-01  3.44428548E-01  6.20872661E-01  2.16604073E-02  2.90326421E+00 -4.59813826E+00 -4.59813826E+00  0.00000000E+00
     721  7.26334339E-01  5.49648849E-01  3.43759805E-01  6.20717161E-01  2.16647268E-02  2.90518361E+00 -4.59831490E+00 -4.59831490E+00  0.00000000E+00
     731  7.26126514E-01  5.49902118E-01  3.44910497E-01  6.19798022E-01  2.22092322E-02  2.94362930E+00 -4.59843559E+00 -4.59843559E+00  0.00000000E+00
     741  7.25827708E-01  5.49351703E-01  3.44112741E-01  6.19916910E-01  2.20949004E-02  2.92860619E+00 -4.59891486E+00 -4.59891486E+00  0.00000000E+00
     751  7.25620378E-01  5.48973865E-01  3.43584404E-01  6.19977904E-01  2.20194621E-02  2.92324813E+00 -4.59898953E+00 -4.59898953E+00  0.00000000E+00
     761  7.25567783E-01  5.49032041E-01  3.43852524E-01  6.19761944E-01  2.21513911E-02  2.95792536E+00 -4.59927932E+00 -4.59927932E+00  0.00000000E+00
     771  7.26737011E-01  5.50480094E-01  3.45070270E-01  6.20420236E-01  2.19061518E-02  2.92940384E+00 -4.60097190E+00 -4.60097190E+00  0.00000000E+00
     781  7.27858108E-01  5.51961691E-01  3.46475112E-01  6.20918217E-01  2.17598596E-02  2.92635696E+00 -4.60208580E+00 -4.60208580E+00  0.00000000E+00
     791  7.27643599E-01  5.51686876E-01  3.46183528E-01  6.20859797E-01  2.17965466E-02  2.92010551E+00 -4.60331920E+00 -4.60331920E+00  0.00000000E+00
