   #Iter             <M>           <M^2>           <M^4>      U_{Binder}            \chi        C_v(tot)             <E>       <E_{exc}>       <E_{lsf}>
       1  1.48371603E+00  2.20277138E+00  4.86415431E+00  6.65845557E-01  1.80228881E-03  1.38829262E+00 -7.49150689E+00 -7.49150689E+00  0.00000000E+00
      11  1.49612161E+00  2.23930925E+00  5.02280811E+00  6.66114789E-01  1.23334162E-03  1.98225462E+00 -7.45265689E+00 -7.45265689E+00  0.00000000E+00
      21  1.47027604E+00  2.16333080E+00  4.69395339E+00  6.65672846E-01  2.14872115E-03  1.72059137E+00 -7.40480393E+00 -7.40480393E+00  0.00000000E+00
      31  1.47975667E+00  2.19126745E+00  4.81554318E+00  6.65702407E-01  2.10690498E-03  1.76259297E+00 -7.42883506E+00 -7.42883506E+00  0.00000000E+00
      41  1.48052983E+00  2.19340392E+00  4.82356381E+00  6.65797618E-01  1.90478875E-03  1.74272758E+00 -7.42926389E+00 -7.42926389E+00  0.00000000E+00
      51  1.48284884E+00  2.20016946E+00  4.85233528E+00  6.65868605E-01  1.76334971E-03  1.64451129E+00 -7.43687515E+00 -7.43687515E+00  0.00000000E+00
      61  1.48012337E+00  2.19225459E+00  4.81891897E+00  6.65769258E-01  1.97651515E-03  1.95023730E+00 -7.42935903E+00 -7.42935903E+00  0.00000000E+00
      71  1.47865313E+00  2.18832627E+00  4.80522372E+00  6.65521497E-01  2.53627610E-03  2.06805848E+00 -7.43173694E+00 -7.43173694E+00  0.00000000E+00
      81  1.48030654E+00  2.19298010E+00  4.82361340E+00  6.65664991E-01  2.21969534E-03  2.06687845E+00 -7.42104769E+00 -7.42104769E+00  0.00000000E+00
      91  1.47968323E+00  2.19108192E+00  4.81485929E+00  6.65693275E-01  2.14913129E-03  2.16932866E+00 -7.42167310E+00 -7.42167310E+00  0.00000000E+00
     101  1.47952115E+00  2.19059689E+00  4.81268187E+00  6.65696466E-01  2.14192552E-03  2.06670909E+00 -7.41828879E+00 -7.41828879E+00  0.00000000E+00
     111  1.48040707E+00  2.19320484E+00  4.82403159E+00  6.65704526E-01  2.12295259E-03  2.00678325E+00 -7.42383049E+00 -7.42383049E+00  0.00000000E+00
     121  1.48031742E+00  2.19291489E+00  4.82256707E+00  6.65717633E-01  2.09043558E-03  1.97653945E+00 -7.42868331E+00 -7.42868331E+00  0.00000000E+00
     131  1.47955616E+00  2.19061640E+00  4.81208726E+00  6.65743724E-01  2.03034605E-03  1.92164662E+00 -7.42052913E+00 -7.42052913E+00  0.00000000E+00
     141  1.47832251E+00  2.18698678E+00  4.79634362E+00  6.65730524E-01  2.05604028E-03  1.84892974E+00 -7.42262308E+00 -7.42262308E+00  0.00000000E+00
     151  1.47817133E+00  2.18653376E+00  4.79428716E+00  6.65735379E-01  2.04801916E-03  1.79204166E+00 -7.42510656E+00 -7.42510656E+00  0.00000000E+00
     161  1.47800700E+00  2.18604791E+00  4.79217500E+00  6.65734111E-01  2.04795538E-03  1.71167433E+00 -7.42528114E+00 -7.42528114E+00  0.00000000E+00
     171  1.47804048E+00  2.18613032E+00  4.79239975E+00  6.65743635E-01  2.02597682E-03  1.75426760E+00 -7.42395516E+00 -7.42395516E+00  0.00000000E+00
     181  1.47936749E+00  2.19004397E+00  4.80945561E+00  6.65751863E-01  2.01155571E-03  1.75587202E+00 -7.42557569E+00 -7.42557569E+00  0.00000000E+00
     191  1.48009201E+00  2.19217286E+00  4.81865953E+00  6.65762332E-01  1.99126293E-03  1.86160078E+00 -7.43129644E+00 -7.43129644E+00  0.00000000E+00
     201  1.47857159E+00  2.18769992E+00  4.79926927E+00  6.65744655E-01  2.02504232E-03  1.84135978E+00 -7.42932042E+00 -7.42932042E+00  0.00000000E+00
     211  1.47956826E+00  2.19063724E+00  4.81205753E+00  6.65752150E-01  2.01049910E-03  1.79509492E+00 -7.43036781E+00 -7.43036781E+00  0.00000000E+00
     221  1.47965601E+00  2.19085371E+00  4.81263398E+00  6.65778164E-01  1.95315596E-03  1.74883772E+00 -7.42963122E+00 -7.42963122E+00  0.00000000E+00
     231  1.47969638E+00  2.19091443E+00  4.81239108E+00  6.65813557E-01  1.87521463E-03  1.73734700E+00 -7.42930008E+00 -7.42930008E+00  0.00000000E+00
     241  1.48076505E+00  2.19407353E+00  4.82622280E+00  6.65817459E-01  1.86900424E-03  1.80664164E+00 -7.43319082E+00 -7.43319082E+00  0.00000000E+00
     251  1.48060818E+00  2.19359510E+00  4.82400990E+00  6.65824966E-01  1.85059971E-03  1.79864965E+00 -7.43243156E+00 -7.43243156E+00  0.00000000E+00
     261  1.48107586E+00  2.19498103E+00  4.83011266E+00  6.65824609E-01  1.85167462E-03  1.77071504E+00 -7.43331153E+00 -7.43331153E+00  0.00000000E+00
     271  1.48192641E+00  2.19749043E+00  4.84105024E+00  6.65832392E-01  1.83735395E-03  1.77105018E+00 -7.43194079E+00 -7.43194079E+00  0.00000000E+00
     281  1.48211015E+00  2.19805035E+00  4.84364067E+00  6.65823899E-01  1.85770264E-03  1.75788343E+00 -7.43358109E+00 -7.43358109E+00  0.00000000E+00
     291  1.48186936E+00  2.19734793E+00  4.84065244E+00  6.65816510E-01  1.87264889E-03  1.71720105E+00 -7.43346161E+00 -7.43346161E+00  0.00000000E+00
     301  1.48079053E+00  2.19420473E+00  4.82728734E+00  6.65783720E-01  1.94298080E-03  1.72747029E+00 -7.43155274E+00 -7.43155274E+00  0.00000000E+00
     311  1.48066950E+00  2.19382135E+00  4.82538592E+00  6.65798589E-01  1.90989178E-03  1.72217372E+00 -7.42983700E+00 -7.42983700E+00  0.00000000E+00
     321  1.48029614E+00  2.19270404E+00  4.82037277E+00  6.65805472E-01  1.89420732E-03  1.75219843E+00 -7.42989656E+00 -7.42989656E+00  0.00000000E+00
     331  1.48116490E+00  2.19528525E+00  4.83178035E+00  6.65801873E-01  1.90538934E-03  1.73309000E+00 -7.43151565E+00 -7.43151565E+00  0.00000000E+00
     341  1.48174010E+00  2.19699316E+00  4.83932745E+00  6.65800078E-01  1.91020236E-03  1.76448425E+00 -7.43380896E+00 -7.43380896E+00  0.00000000E+00
     351  1.48216882E+00  2.19824712E+00  4.84470202E+00  6.65810507E-01  1.88802329E-03  1.75666665E+00 -7.43640553E+00 -7.43640553E+00  0.00000000E+00
     361  1.48178408E+00  2.19709430E+00  4.83952822E+00  6.65816980E-01  1.87147013E-03  1.78322933E+00 -7.43465059E+00 -7.43465059E+00  0.00000000E+00
     371  1.48210109E+00  2.19803003E+00  4.84361932E+00  6.65819190E-01  1.86633544E-03  1.78584589E+00 -7.43469779E+00 -7.43469779E+00  0.00000000E+00
     381  1.48166348E+00  2.19670712E+00  4.83757655E+00  6.65833985E-01  1.83195814E-03  1.73401657E+00 -7.43391266E+00 -7.43391266E+00  0.00000000E+00
     391  1.48156062E+00  2.19637882E+00  4.83592717E+00  6.65848049E-01  1.80077179E-03  1.75035091E+00 -7.43137145E+00 -7.43137145E+00  0.00000000E+00
     401  1.48180603E+00  2.19707962E+00  4.83877926E+00  6.65864234E-01  1.76564677E-03  1.72852041E+00 -7.43125040E+00 -7.43125040E+00  0.00000000E+00
     411  1.48200363E+00  2.19766717E+00  4.84138433E+00  6.65863082E-01  1.76819063E-03  1.74782467E+00 -7.43272357E+00 -7.43272357E+00  0.00000000E+00
     421  1.48276103E+00  2.19993238E+00  4.85153717E+00  6.65851555E-01  1.79431698E-03  1.74360140E+00 -7.43394504E+00 -7.43394504E+00  0.00000000E+00
     431  1.48347503E+00  2.20202755E+00  4.86056610E+00  6.65866438E-01  1.76418895E-03  1.72552573E+00 -7.43519941E+00 -7.43519941E+00  0.00000000E+00
     441  1.48327607E+00  2.20142177E+00  4.85776335E+00  6.65875298E-01  1.74356857E-03  1.76458062E+00 -7.43461190E+00 -7.43461190E+00  0.00000000E+00
     451  1.48292419E+00  2.20036580E+00  4.85300672E+00  6.65882006E-01  1.72737819E-03  1.77212445E+00 -7.43522439E+00 -7.43522439E+00  0.00000000E+00
     461  1.48294220E+00  2.20039922E+00  4.85298077E+00  6.65893940E-01  1.70080060E-03  1.77111478E+00 -7.43450885E+00 -7.43450885E+00  0.00000000E+00
     471  1.48296504E+00  2.20048173E+00  4.85346648E+00  6.65885559E-01  1.72041233E-03  1.80743787E+00 -7.43478784E+00 -7.43478784E+00  0.00000000E+00
     481  1.48265506E+00  2.19956179E+00  4.84941152E+00  6.65885400E-01  1.71953191E-03  1.79006699E+00 -7.43450720E+00 -7.43450720E+00  0.00000000E+00
     491  1.48184982E+00  2.19720382E+00  4.83926986E+00  6.65868134E-01  1.75824552E-03  1.80083839E+00 -7.43281212E+00 -7.43281212E+00  0.00000000E+00
     501  1.48103543E+00  2.19485599E+00  4.82949855E+00  6.65829026E-01  1.84468968E-03  1.82113884E+00 -7.43094322E+00 -7.43094322E+00  0.00000000E+00
     511  1.48038471E+00  2.19296053E+00  4.82143059E+00  6.65810320E-01  1.88659952E-03  1.82917301E+00 -7.43068874E+00 -7.43068874E+00  0.00000000E+00
     521  1.48016025E+00  2.19229894E+00  4.81855264E+00  6.65808188E-01  1.89047834E-03  1.82374592E+00 -7.43026685E+00 -7.43026685E+00  0.00000000E+00
     531  1.48086736E+00  2.19441332E+00  4.82803133E+00  6.65795754E-01  1.91785610E-03  1.85664367E+00 -7.43353763E+00 -7.43353763E+00  0.00000000E+00
     541  1.48033656E+00  2.19285013E+00  4.82123680E+00  6.65790102E-01  1.92928396E-03  1.85701924E+00 -7.43389898E+00 -7.43389898E+00  0.00000000E+00
     551  1.48055144E+00  2.19347957E+00  4.82393991E+00  6.65794613E-01  1.92025090E-03  1.84504955E+00 -7.43370277E+00 -7.43370277E+00  0.00000000E+00
     561  1.48063962E+00  2.19373204E+00  4.82497090E+00  6.65800121E-01  1.90877710E-03  1.82519286E+00 -7.43341609E+00 -7.43341609E+00  0.00000000E+00
     571  1.48036026E+00  2.19291229E+00  4.82143211E+00  6.65795512E-01  1.91864636E-03  1.85999562E+00 -7.43224190E+00 -7.43224190E+00  0.00000000E+00
     581  1.48068597E+00  2.19386947E+00  4.82557789E+00  6.65799954E-01  1.90901245E-03  1.88639329E+00 -7.43340144E+00 -7.43340144E+00  0.00000000E+00
     591  1.48120413E+00  2.19541990E+00  4.83253429E+00  6.65790725E-01  1.92983157E-03  1.92107897E+00 -7.43479214E+00 -7.43479214E+00  0.00000000E+00
     601  1.48121604E+00  2.19544557E+00  4.83256381E+00  6.65796501E-01  1.91708243E-03  1.91035537E+00 -7.43512400E+00 -7.43512400E+00  0.00000000E+00
     611  1.48111065E+00  2.19512813E+00  4.83111781E+00  6.65799863E-01  1.91013432E-03  1.90431666E+00 -7.43441403E+00 -7.43441403E+00  0.00000000E+00
     621  1.48110162E+00  2.19508737E+00  4.83081702E+00  6.65808262E-01  1.89156087E-03  1.89932703E+00 -7.43277532E+00 -7.43277532E+00  0.00000000E+00
     631  1.48101455E+00  2.19481019E+00  4.82943376E+00  6.65819563E-01  1.86597990E-03  1.88539276E+00 -7.43247336E+00 -7.43247336E+00  0.00000000E+00
     641  1.48110064E+00  2.19505002E+00  4.83035576E+00  6.65828798E-01  1.84582196E-03  1.85997727E+00 -7.43273342E+00 -7.43273342E+00  0.00000000E+00
     651  1.48156175E+00  2.19642197E+00  4.83644151E+00  6.65825637E-01  1.85357088E-03  1.85446219E+00 -7.43277493E+00 -7.43277493E+00  0.00000000E+00
     661  1.48116596E+00  2.19527145E+00  4.83157181E+00  6.65812097E-01  1.88287930E-03  1.85710146E+00 -7.43238901E+00 -7.43238901E+00  0.00000000E+00
     671  1.48088746E+00  2.19445124E+00  4.82800875E+00  6.65808866E-01  1.88914981E-03  1.86155203E+00 -7.43200872E+00 -7.43200872E+00  0.00000000E+00
     681  1.48118092E+00  2.19531132E+00  4.83171166E+00  6.65814563E-01  1.87699183E-03  1.85233953E+00 -7.43130560E+00 -7.43130560E+00  0.00000000E+00
     691  1.48106895E+00  2.19497237E+00  4.83015973E+00  6.65818717E-01  1.86737244E-03  1.82968556E+00 -7.43059133E+00 -7.43059133E+00  0.00000000E+00
     701  1.48084049E+00  2.19431252E+00  4.82740330E+00  6.65808526E-01  1.88966807E-03  1.86598438E+00 -7.42970776E+00 -7.42970776E+00  0.00000000E+00
     711  1.48109342E+00  2.19505453E+00  4.83059908E+00  6.65813337E-01  1.88018192E-03  1.85902109E+00 -7.43009346E+00 -7.43009346E+00  0.00000000E+00
     721  1.48100246E+00  2.19479882E+00  4.82959001E+00  6.65805287E-01  1.89840817E-03  1.84860777E+00 -7.43080563E+00 -7.43080563E+00  0.00000000E+00
     731  1.48100146E+00  2.19481814E+00  4.82986356E+00  6.65792242E-01  1.92797938E-03  1.85709358E+00 -7.43102928E+00 -7.43102928E+00  0.00000000E+00
     741  1.48097588E+00  2.19474507E+00  4.82956995E+00  6.65790308E-01  1.93155097E-03  1.83951928E+00 -7.43096714E+00 -7.43096714E+00  0.00000000E+00
     751  1.48101246E+00  2.19484177E+00  4.82989715E+00  6.65797115E-01  1.91606922E-03  1.83619082E+00 -7.43070317E+00 -7.43070317E+00  0.00000000E+00
     761  1.48101231E+00  2.19483185E+00  4.82977411E+00  6.65802606E-01  1.90352691E-03  1.84860458E+00 -7.43141688E+00 -7.43141688E+00  0.00000000E+00
     771  1.48083043E+00  2.19429665E+00  4.82745563E+00  6.65800068E-01  1.90814661E-03  1.84347922E+00 -7.43037879E+00 -7.43037879E+00  0.00000000E+00
     781  1.48092012E+00  2.19456265E+00  4.82862891E+00  6.65799873E-01  1.90862215E-03  1.83502509E+00 -7.43131921E+00 -7.43131921E+00  0.00000000E+00
     791  1.48099533E+00  2.19477898E+00  4.82952865E+00  6.65803491E-01  1.90010300E-03  1.83872885E+00 -7.43185294E+00 -7.43185294E+00  0.00000000E+00
