   #Iter           <M>_x           <M>_y           <M>_z             <M>        M_{stdv}
       0 -6.95592742E-02  3.35872466E-01  6.47597630E-01  1.64466806E+00  1.49422754E-02
      50 -1.08058731E-01  3.82687303E-01  6.19038942E-01  1.64560212E+00  1.97083995E-02
     100 -1.78886213E-01  4.27958833E-01  6.87899949E-01  1.66043813E+00  1.86906285E-02
     150 -1.89783516E-01  4.49970628E-01  6.89659736E-01  1.64749042E+00  1.92259272E-02
     200 -2.24515733E-01  4.90007345E-01  7.18376829E-01  1.64517652E+00  2.74971623E-02
     250 -2.19010535E-01  5.21563549E-01  7.22583386E-01  1.64286432E+00  3.87549794E-02
     300 -1.80940633E-01  5.04648173E-01  7.22641270E-01  1.63522204E+00  3.02291522E-02
     350 -1.85645362E-01  4.68896201E-01  7.13894829E-01  1.59611893E+00  2.51218914E-02
     400 -1.88849633E-01  4.68543787E-01  6.93422784E-01  1.59687321E+00  3.25975061E-02
     450 -1.89338346E-01  4.04753160E-01  7.78885024E-01  1.62938364E+00  2.02580444E-02
     500 -2.19167232E-01  4.15758229E-01  8.20372523E-01  1.63657291E+00  1.65361662E-02
     550 -2.33766281E-01  4.38926449E-01  7.78598345E-01  1.62940268E+00  2.55427872E-02
     600 -2.27203920E-01  4.82449660E-01  7.92668773E-01  1.65075148E+00  8.53433706E-03
     650 -1.87478393E-01  4.40052782E-01  7.38371072E-01  1.63792762E+00  3.15190635E-02
     700 -2.34425393E-01  4.55684542E-01  7.33322164E-01  1.64101521E+00  2.22185030E-02
     750 -2.80555189E-01  4.61427399E-01  7.17159643E-01  1.63375202E+00  3.54923486E-02
     800 -3.18233076E-01  4.90336768E-01  7.22937534E-01  1.64850652E+00  2.77525406E-02
     850 -3.10317757E-01  4.51074333E-01  6.88877576E-01  1.65392315E+00  3.74743123E-02
     900 -2.57859930E-01  5.06343165E-01  6.52936750E-01  1.65193813E+00  2.29101688E-02
     950 -2.44942809E-01  5.02293103E-01  6.97648545E-01  1.63303085E+00  3.42416162E-02
    1000 -2.52972189E-01  4.67047163E-01  6.72049539E-01  1.59700521E+00  3.69100717E-02
    1050 -2.36240131E-01  4.91485074E-01  6.70174536E-01  1.62776004E+00  1.27300522E-02
    1100 -2.38473998E-01  5.01842542E-01  6.79181257E-01  1.62125175E+00  2.17897079E-02
    1150 -2.77921087E-01  4.84626337E-01  6.42029257E-01  1.62945966E+00  1.07531526E-02
    1200 -2.71483759E-01  5.00807068E-01  6.18304613E-01  1.64620688E+00  1.51631749E-02
    1250 -2.15166742E-01  5.28496019E-01  5.94653286E-01  1.65957545E+00  1.77810598E-02
    1300 -2.48605248E-01  5.13687975E-01  5.81360290E-01  1.62966779E+00  2.64019307E-02
    1350 -2.57830457E-01  5.57854392E-01  6.30787173E-01  1.65023778E+00  2.18023719E-02
    1400 -2.51685932E-01  4.91287922E-01  6.57726990E-01  1.62219553E+00  1.71918348E-02
    1450 -2.29768918E-01  5.45391117E-01  6.46253314E-01  1.64054522E+00  8.93540293E-03
    1500 -2.72791375E-01  5.57965494E-01  6.57262824E-01  1.62580969E+00  8.20053295E-03
    1550 -2.99233726E-01  6.03220442E-01  6.59497423E-01  1.62776675E+00  2.19716785E-02
    1600 -2.94076044E-01  6.20292230E-01  6.28101488E-01  1.61791957E+00  2.60381517E-02
    1650 -3.58911260E-01  6.38062947E-01  6.32142785E-01  1.63506051E+00  3.19695028E-02
    1700 -3.61496964E-01  5.67120528E-01  6.27694665E-01  1.64015031E+00  1.64770670E-02
    1750 -3.44806330E-01  5.78686582E-01  5.89746567E-01  1.61624273E+00  2.74980329E-02
    1800 -3.76249868E-01  5.98701131E-01  5.91085598E-01  1.63971608E+00  2.40196739E-02
    1850 -2.88504155E-01  5.51139180E-01  6.71814178E-01  1.64158987E+00  7.58679434E-03
    1900 -3.16067685E-01  5.27300975E-01  6.97199387E-01  1.63200676E+00  1.40832730E-02
    1950 -3.05472260E-01  5.31655040E-01  6.64422871E-01  1.64007538E+00  8.22896293E-03
    2000 -2.54319435E-01  5.78472123E-01  6.02054326E-01  1.63798672E+00  2.71081204E-02
    2050 -3.40923831E-01  5.64105034E-01  5.76888422E-01  1.63123148E+00  2.28231001E-02
    2100 -3.76775800E-01  5.61150055E-01  5.74662683E-01  1.61204203E+00  2.48082059E-02
    2150 -4.00034604E-01  5.11777471E-01  6.37722523E-01  1.61787790E+00  3.46214157E-02
    2200 -4.20923108E-01  5.69477443E-01  6.29517211E-01  1.64876115E+00  2.59449730E-02
    2250 -3.78037308E-01  5.01455928E-01  6.68077696E-01  1.63512044E+00  2.18474265E-02
    2300 -3.76350316E-01  5.04342679E-01  5.97208148E-01  1.62288849E+00  3.12575525E-02
    2350 -4.14757305E-01  4.94090334E-01  5.81305360E-01  1.62850259E+00  1.14731918E-02
    2400 -3.80238838E-01  5.29935070E-01  5.41359308E-01  1.63829075E+00  2.77903743E-02
    2450 -4.51394701E-01  5.38114823E-01  5.27151259E-01  1.64456088E+00  3.70150675E-02
    2500 -4.19659919E-01  4.90436231E-01  5.37669596E-01  1.60361931E+00  3.20476530E-02
    2550 -4.77229222E-01  5.11253863E-01  5.63690921E-01  1.64575642E+00  1.74300847E-02
    2600 -4.67991061E-01  4.74584924E-01  5.94016911E-01  1.62709834E+00  2.59746780E-02
    2650 -5.00036730E-01  4.31774409E-01  6.36749198E-01  1.64874860E+00  3.60600378E-02
    2700 -5.04175232E-01  4.69319416E-01  6.11154200E-01  1.63223036E+00  3.20099295E-02
    2750 -4.99650837E-01  4.27631429E-01  6.02973294E-01  1.61512510E+00  2.15331055E-02
    2800 -5.25359350E-01  3.79702044E-01  6.28516050E-01  1.62254711E+00  3.05621721E-02
    2850 -4.99818797E-01  3.45075402E-01  6.51645450E-01  1.58066000E+00  3.17183437E-02
    2900 -5.34387527E-01  3.09606999E-01  6.13989410E-01  1.59046324E+00  4.06211467E-02
    2950 -5.21589780E-01  2.91762738E-01  6.14544931E-01  1.61852319E+00  3.33085485E-02
    3000 -4.95068569E-01  3.29129934E-01  6.50769344E-01  1.62047281E+00  2.23985466E-02
    3050 -5.14607512E-01  3.72221509E-01  6.80966858E-01  1.62155271E+00  2.69008145E-02
    3100 -4.87774313E-01  3.76975376E-01  6.97235652E-01  1.62417370E+00  2.30198970E-02
    3150 -5.65983465E-01  3.53640345E-01  6.36574170E-01  1.60752933E+00  1.88366217E-02
    3200 -5.95179697E-01  3.66125422E-01  6.39718321E-01  1.61465483E+00  3.10532359E-02
    3250 -6.13074543E-01  3.88424802E-01  6.89061495E-01  1.63950966E+00  2.10372356E-02
    3300 -6.09464608E-01  3.69621394E-01  7.56321217E-01  1.64395068E+00  1.66728681E-02
    3350 -5.63902934E-01  3.15129141E-01  7.73733097E-01  1.63373190E+00  3.35120021E-02
    3400 -6.01236994E-01  3.56590923E-01  7.57666097E-01  1.64780670E+00  1.77079606E-02
    3450 -5.67317575E-01  3.34692742E-01  7.72098564E-01  1.63678334E+00  4.24572883E-02
    3500 -5.40801253E-01  3.05766343E-01  7.52097857E-01  1.62770102E+00  3.35774536E-02
    3550 -4.94972938E-01  3.17569439E-01  8.11197968E-01  1.63910693E+00  2.61165345E-02
    3600 -4.90930077E-01  3.08979205E-01  7.49312411E-01  1.60488544E+00  1.18300174E-02
    3650 -4.70829931E-01  2.98622484E-01  8.00914746E-01  1.62751413E+00  1.79176234E-02
    3700 -3.98402159E-01  2.09779035E-01  8.34992846E-01  1.60240361E+00  1.65497762E-02
    3750 -4.78331353E-01  2.60118754E-01  8.26260859E-01  1.63640284E+00  3.10382383E-02
    3800 -4.93584849E-01  2.77051746E-01  8.00871811E-01  1.63205837E+00  3.44988798E-02
    3850 -4.70048790E-01  3.08439672E-01  8.40726744E-01  1.65001467E+00  2.72227102E-02
    3900 -4.84932482E-01  2.72514537E-01  8.54636636E-01  1.65283717E+00  1.49350698E-02
    3950 -4.84585149E-01  2.36439016E-01  8.79455753E-01  1.66225390E+00  1.60194476E-02
    4000 -5.11354532E-01  1.80000367E-01  8.88945320E-01  1.65572043E+00  1.97409185E-02
    4050 -5.06788240E-01  1.43487622E-01  9.23817145E-01  1.65082470E+00  1.91201682E-02
    4100 -5.09244528E-01  1.51689268E-01  9.24151854E-01  1.64080705E+00  2.20088139E-02
    4150 -4.60985815E-01  1.31891284E-01  9.39222764E-01  1.65111461E+00  2.68221329E-02
    4200 -4.21786980E-01  1.66425489E-01  9.17201233E-01  1.64728886E+00  1.61128605E-02
    4250 -3.79413685E-01  1.26963284E-01  9.16033297E-01  1.63382754E+00  3.40186889E-02
    4300 -3.27571656E-01  1.56261155E-01  9.01144058E-01  1.64506778E+00  4.04849164E-02
    4350 -3.28265611E-01  1.86105029E-01  8.42281384E-01  1.61610252E+00  1.70054682E-02
    4400 -3.13374695E-01  1.48332191E-01  9.07758209E-01  1.64860279E+00  6.98053786E-03
    4450 -3.20176828E-01  1.25266040E-01  8.86181825E-01  1.63132990E+00  1.93168066E-02
    4500 -2.92723459E-01  1.32570846E-01  9.00765997E-01  1.65328003E+00  1.61350478E-02
    4550 -2.91307013E-01  1.18874768E-01  8.89403262E-01  1.63211813E+00  3.04669774E-02
    4600 -2.83832082E-01  1.48949311E-01  8.15184048E-01  1.60948031E+00  2.03766276E-02
    4650 -2.54812248E-01  7.52708387E-02  8.49889700E-01  1.64260412E+00  1.88234173E-02
    4700 -2.67747406E-01  1.38738445E-01  7.98455411E-01  1.63875453E+00  1.57475881E-02
    4750 -1.88629062E-01  1.55666810E-01  7.79438452E-01  1.64790230E+00  2.07481727E-02
    4800 -1.83548103E-01  1.81961708E-01  7.59116933E-01  1.64034652E+00  2.09948083E-02
    4850 -1.90828662E-01  2.16422219E-01  7.42714555E-01  1.63725604E+00  1.99017005E-02
    4900 -2.29766015E-01  2.64695800E-01  6.93863500E-01  1.66340710E+00  1.24112810E-02
    4950 -2.43227041E-01  2.95061074E-01  6.54233422E-01  1.61948652E+00  2.18414063E-02
    5000 -2.61882330E-01  3.18762715E-01  6.73266195E-01  1.63903394E+00  3.37532978E-02
    5050 -2.56225086E-01  3.15610922E-01  6.84631833E-01  1.63871503E+00  2.42026547E-02
    5100 -2.51881693E-01  3.53983083E-01  6.63998862E-01  1.65142092E+00  2.58603076E-02
    5150 -2.62147757E-01  3.41030959E-01  6.81760323E-01  1.63975199E+00  1.06335461E-02
    5200 -2.93096917E-01  3.88171054E-01  6.59944922E-01  1.64530842E+00  1.29486517E-02
    5250 -2.96121558E-01  3.68105179E-01  6.74764946E-01  1.63981342E+00  2.33825601E-02
    5300 -2.59000776E-01  3.90023987E-01  6.80683662E-01  1.64157107E+00  1.57804548E-02
    5350 -2.17832030E-01  3.86649380E-01  6.27484297E-01  1.63664892E+00  3.55901332E-02
    5400 -2.31650737E-01  4.05378629E-01  6.24222397E-01  1.63329703E+00  5.94046887E-03
    5450 -2.96143378E-01  3.75649295E-01  6.57736759E-01  1.64542242E+00  2.59875266E-02
    5500 -2.28858432E-01  3.58722595E-01  6.75680025E-01  1.65826108E+00  1.48537988E-02
    5550 -3.47520624E-01  3.45700226E-01  7.25889877E-01  1.65167788E+00  7.98197407E-03
    5600 -3.46917436E-01  2.98329417E-01  7.15058011E-01  1.63568890E+00  7.09912593E-03
    5650 -3.28650130E-01  2.27729265E-01  7.27894776E-01  1.61799281E+00  3.53344076E-02
    5700 -3.85736065E-01  1.55857507E-01  7.75139936E-01  1.62459852E+00  3.66028962E-02
    5750 -4.00641598E-01  1.54686973E-01  7.36502669E-01  1.64277593E+00  3.53591667E-02
    5800 -3.59156319E-01  1.30243915E-01  7.56449036E-01  1.61807114E+00  3.12889769E-02
    5850 -3.74005620E-01  1.33811643E-01  7.46844227E-01  1.64088579E+00  3.05665731E-02
    5900 -3.79125925E-01  1.54828703E-01  7.32530153E-01  1.64717549E+00  2.79967233E-02
    5950 -4.13577249E-01  1.36517560E-01  7.21183942E-01  1.61670383E+00  2.66533983E-02
    6000 -4.08874125E-01  1.38019020E-01  7.63450204E-01  1.62886822E+00  2.69080103E-02
    6050 -3.71853128E-01  7.76946263E-02  7.59891102E-01  1.63398275E+00  1.81370296E-02
    6100 -3.59335454E-01  7.77424067E-02  7.18331741E-01  1.62152368E+00  2.46464023E-02
    6150 -3.17741013E-01  9.86571390E-02  7.44476263E-01  1.63165575E+00  1.56074227E-02
    6200 -3.25462692E-01  1.45893659E-01  7.08118323E-01  1.62950279E+00  2.53035752E-02
    6250 -2.92912992E-01  1.66829125E-01  7.11730573E-01  1.63383695E+00  1.65574411E-02
    6300 -2.79039473E-01  1.93771719E-01  6.71434746E-01  1.63244481E+00  2.32615993E-02
    6350 -2.87600833E-01  1.89062851E-01  6.33678635E-01  1.65299277E+00  1.38198683E-02
    6400 -1.78411996E-01  1.96775575E-01  6.11328758E-01  1.64561174E+00  3.45391717E-02
    6450 -2.17409327E-01  2.48215742E-01  6.16053991E-01  1.65822306E+00  9.07894597E-03
    6500 -1.03931752E-01  2.25427374E-01  6.08534229E-01  1.64291994E+00  2.26310808E-02
    6550 -1.37854247E-01  2.49821205E-01  6.35334135E-01  1.64737782E+00  1.94911766E-02
    6600 -1.16032743E-01  2.26472900E-01  6.41047946E-01  1.63627733E+00  4.67256034E-02
    6650 -1.20924521E-01  2.43799636E-01  6.41885328E-01  1.63500969E+00  5.61356075E-02
    6700 -9.17024703E-02  1.95004641E-01  6.21915143E-01  1.62029933E+00  4.07734563E-02
    6750 -1.86766261E-01  2.43940596E-01  6.26429117E-01  1.62814974E+00  1.72617690E-02
    6800 -1.55606154E-01  2.33892499E-01  6.18612556E-01  1.63351957E+00  3.74524665E-02
    6850 -1.85686918E-01  2.36921773E-01  6.28298105E-01  1.66114764E+00  3.23975044E-02
    6900 -2.36112546E-01  2.05264379E-01  6.62690875E-01  1.64010747E+00  3.67460804E-02
    6950 -1.86133567E-01  2.09352694E-01  6.81685329E-01  1.64505068E+00  2.31917821E-02
    7000 -2.38844896E-01  2.05968412E-01  6.56132093E-01  1.63329643E+00  2.48635814E-02
    7050 -2.77559978E-01  2.24532437E-01  6.50548080E-01  1.62364303E+00  2.41622312E-02
    7100 -2.94736815E-01  2.82422034E-01  6.31400595E-01  1.63041164E+00  3.37334155E-02
    7150 -3.10226737E-01  2.52003218E-01  6.10364520E-01  1.63840522E+00  3.26766537E-02
    7200 -3.14899128E-01  2.56278305E-01  5.79688729E-01  1.62194286E+00  2.03768173E-02
    7250 -3.64707460E-01  2.60981170E-01  5.87219262E-01  1.62982672E+00  2.27044429E-02
    7300 -3.86783731E-01  3.15815643E-01  5.61905090E-01  1.63665793E+00  2.88943140E-02
    7350 -3.60058372E-01  3.09502454E-01  6.06772880E-01  1.66202444E+00  1.94029148E-02
    7400 -3.21457247E-01  3.09202041E-01  5.90073184E-01  1.64844132E+00  2.22585102E-02
    7450 -3.11513590E-01  2.67475286E-01  6.01223342E-01  1.64443374E+00  3.75760359E-02
    7500 -3.38639594E-01  2.44648680E-01  5.66384368E-01  1.64518957E+00  1.59338826E-02
    7550 -3.22354759E-01  2.11828456E-01  6.30309442E-01  1.62948983E+00  1.26157238E-02
    7600 -2.97784664E-01  2.41182832E-01  6.26450977E-01  1.62462844E+00  2.65993503E-02
    7650 -3.00818319E-01  2.71967473E-01  6.26648845E-01  1.62792378E+00  3.27734032E-02
    7700 -3.36780910E-01  2.59247456E-01  6.81585981E-01  1.62527074E+00  2.26002142E-02
    7750 -2.77743852E-01  2.84178115E-01  6.76830505E-01  1.63868583E+00  1.17900987E-02
    7800 -2.95449325E-01  2.94848839E-01  6.80954393E-01  1.63891085E+00  2.32912059E-02
    7850 -2.47014588E-01  2.65901787E-01  6.82459237E-01  1.64122910E+00  1.95804440E-02
    7900 -2.72077702E-01  2.47956614E-01  6.70490488E-01  1.64246877E+00  5.80032451E-03
    7950 -2.41874055E-01  3.03348829E-01  6.36780978E-01  1.63053156E+00  1.08326112E-02
    8000 -2.57551328E-01  3.49561425E-01  6.38610273E-01  1.64089408E+00  1.56524072E-02
    8050 -3.28423683E-01  3.57602547E-01  6.31377575E-01  1.64456193E+00  1.81459971E-02
    8100 -3.20832714E-01  3.59979528E-01  6.23224207E-01  1.63900239E+00  2.67375247E-02
    8150 -3.01650284E-01  3.34744021E-01  6.36298875E-01  1.62054486E+00  2.17581594E-02
    8200 -3.24891200E-01  3.46161969E-01  6.31350333E-01  1.63112653E+00  4.03581614E-02
    8250 -2.96708746E-01  3.65664030E-01  6.32556270E-01  1.62456317E+00  3.39801021E-02
    8300 -2.79671651E-01  3.75947122E-01  6.16948597E-01  1.63020264E+00  2.71149258E-02
    8350 -2.65876081E-01  3.28328547E-01  6.05377607E-01  1.64363748E+00  2.95892620E-02
    8400 -3.01725182E-01  3.38315706E-01  6.42854337E-01  1.62624968E+00  1.91011457E-02
    8450 -3.18902524E-01  3.07511766E-01  6.82740980E-01  1.63339257E+00  1.83251771E-02
    8500 -3.40678106E-01  3.26721740E-01  6.80306366E-01  1.61655623E+00  3.35073514E-02
    8550 -3.55162326E-01  3.53445023E-01  6.48233572E-01  1.60533726E+00  3.15173312E-02
    8600 -4.09157662E-01  3.38763436E-01  6.67211936E-01  1.63550589E+00  1.15944233E-02
    8650 -4.41965321E-01  3.71488726E-01  5.76604297E-01  1.62503003E+00  1.07817221E-02
    8700 -4.10997409E-01  3.15645640E-01  5.39149390E-01  1.61460768E+00  2.98658313E-02
    8750 -3.95610370E-01  3.08000062E-01  5.50312866E-01  1.61038499E+00  3.73212336E-02
    8800 -3.73528780E-01  3.18570507E-01  5.00340650E-01  1.62627549E+00  2.08810716E-02
    8850 -4.15011861E-01  3.03292838E-01  4.83497213E-01  1.60939878E+00  3.66665500E-02
    8900 -3.82590069E-01  3.09208054E-01  5.22460906E-01  1.63936562E+00  1.45790181E-02
    8950 -3.71528711E-01  3.01815837E-01  5.21288279E-01  1.62792490E+00  5.31213275E-02
    9000 -3.47424447E-01  3.49137578E-01  5.42182427E-01  1.63644807E+00  2.67251557E-02
    9050 -3.50421456E-01  3.88332352E-01  5.54475945E-01  1.64752565E+00  1.64025394E-02
    9100 -2.79257171E-01  3.46055111E-01  5.52522614E-01  1.64481070E+00  1.31189216E-02
    9150 -2.80006442E-01  2.67283843E-01  5.61700429E-01  1.63160993E+00  3.09894302E-02
    9200 -3.28640020E-01  3.01166590E-01  5.61156624E-01  1.65692068E+00  1.84715396E-02
    9250 -3.49485090E-01  3.16008546E-01  4.84992715E-01  1.64850636E+00  2.65094658E-02
    9300 -3.12425192E-01  3.11792278E-01  4.91612363E-01  1.65957254E+00  5.05900324E-03
    9350 -2.72036131E-01  2.95837037E-01  4.86364687E-01  1.65449929E+00  2.28517913E-02
    9400 -2.91645719E-01  3.41657385E-01  4.88526056E-01  1.65554865E+00  2.26643156E-02
    9450 -3.18135888E-01  3.25769176E-01  4.98666734E-01  1.63484760E+00  1.81419613E-02
    9500 -3.50731095E-01  3.38741260E-01  5.19625958E-01  1.61464261E+00  1.33661582E-02
    9550 -3.66480205E-01  3.20725119E-01  5.54861474E-01  1.63975890E+00  2.17457093E-02
    9600 -3.82871308E-01  3.25065790E-01  5.59775408E-01  1.63244408E+00  2.37053917E-02
    9650 -3.18184240E-01  3.30578781E-01  5.30414605E-01  1.61223053E+00  4.90744793E-02
    9700 -3.79092832E-01  3.63741279E-01  5.77264995E-01  1.61799025E+00  2.82500631E-02
    9750 -4.26436572E-01  3.24517377E-01  6.49373028E-01  1.63467685E+00  3.44738859E-02
    9800 -4.10220562E-01  3.84904000E-01  6.52976403E-01  1.63583123E+00  1.30366600E-02
    9850 -3.82387178E-01  4.19660241E-01  6.26140699E-01  1.64783472E+00  2.47806353E-02
    9900 -3.37416603E-01  4.17127375E-01  6.15022351E-01  1.63888630E+00  2.38542112E-02
    9950 -2.83158396E-01  4.06718473E-01  6.29138532E-01  1.65518914E+00  1.40309757E-02
   10000 -3.00237239E-01  3.98159839E-01  6.21838130E-01  1.64742072E+00  2.27784255E-02
   10050 -2.34434359E-01  3.52789237E-01  6.27388145E-01  1.63874567E+00  2.95665517E-02
   10100 -2.89581243E-01  3.82721293E-01  6.69220796E-01  1.63940122E+00  2.03263994E-02
   10150 -2.91552441E-01  3.67217902E-01  6.61840862E-01  1.60773049E+00  1.90353859E-02
   10200 -3.04546216E-01  3.63944566E-01  6.37537782E-01  1.62192260E+00  3.26289424E-02
   10250 -3.61937447E-01  3.76711742E-01  6.23519227E-01  1.61800433E+00  1.74742384E-02
   10300 -4.20103422E-01  3.63610210E-01  6.67961148E-01  1.64668084E+00  2.31934635E-02
   10350 -3.95376911E-01  3.54583831E-01  6.83101026E-01  1.62636391E+00  2.71687222E-02
   10400 -4.37767846E-01  4.14891074E-01  6.43015546E-01  1.62698082E+00  1.74706347E-02
   10450 -4.45693969E-01  4.15500678E-01  6.79183498E-01  1.63083812E+00  1.21837066E-02
   10500 -4.53331393E-01  3.66434188E-01  7.08103637E-01  1.63322207E+00  1.91512482E-02
   10550 -4.49596455E-01  3.40996907E-01  7.42828651E-01  1.64728644E+00  1.91482701E-02
   10600 -4.70375817E-01  3.49694663E-01  7.24565283E-01  1.65042606E+00  2.50083899E-02
   10650 -4.51323905E-01  3.74168451E-01  6.64889916E-01  1.64855043E+00  1.31115217E-02
   10700 -4.23969604E-01  3.64802158E-01  6.60488919E-01  1.63531678E+00  1.07528625E-02
   10750 -3.91243405E-01  3.35786237E-01  7.00434545E-01  1.64531121E+00  1.08289935E-02
   10800 -4.65758659E-01  3.49287291E-01  6.47514821E-01  1.63147142E+00  2.40803013E-02
   10850 -4.45597970E-01  3.28662821E-01  7.30959843E-01  1.65935091E+00  2.04288601E-02
   10900 -4.05317670E-01  3.76401410E-01  6.78902334E-01  1.64470249E+00  2.39016038E-02
   10950 -4.18393858E-01  3.50639681E-01  6.43299002E-01  1.63981664E+00  2.13227345E-02
   11000 -4.04815746E-01  3.22628110E-01  6.53348625E-01  1.63726806E+00  2.33471949E-02
   11050 -3.74918734E-01  3.18416983E-01  5.96327034E-01  1.64077881E+00  3.47886565E-02
   11100 -3.22869161E-01  2.89537815E-01  5.72237388E-01  1.64480552E+00  2.58087928E-02
   11150 -3.06561019E-01  2.76583648E-01  5.86276935E-01  1.64305415E+00  2.53342326E-02
   11200 -3.47841385E-01  2.72906782E-01  5.28533743E-01  1.63503515E+00  2.41604141E-02
   11250 -3.38548491E-01  2.81192029E-01  5.21413468E-01  1.63409401E+00  1.84226828E-02
   11300 -3.24707227E-01  3.09103896E-01  4.36713879E-01  1.64485446E+00  1.39136331E-02
   11350 -2.72892716E-01  2.61980314E-01  4.08619765E-01  1.62693400E+00  1.26796722E-02
   11400 -2.57011196E-01  3.15443019E-01  4.07698864E-01  1.62397545E+00  1.93596390E-02
   11450 -1.85991150E-01  2.39860388E-01  4.00287018E-01  1.62273182E+00  3.53971626E-02
   11500 -2.44020127E-01  2.67112558E-01  3.99310382E-01  1.63056617E+00  1.99254027E-02
   11550 -2.66745487E-01  2.73991286E-01  4.49360377E-01  1.63829213E+00  1.90847449E-02
   11600 -2.06652196E-01  2.54963939E-01  4.90560603E-01  1.62834769E+00  1.95615237E-02
   11650 -1.84757536E-01  2.53866514E-01  5.12039535E-01  1.61790924E+00  3.40549392E-02
   11700 -2.17049641E-01  2.50379661E-01  5.26297373E-01  1.63987605E+00  2.92738659E-02
   11750 -2.01121302E-01  3.19503954E-01  4.91569749E-01  1.63657367E+00  4.59005357E-02
   11800 -1.98317449E-01  3.32648815E-01  4.61817577E-01  1.63446752E+00  7.36952454E-03
   11850 -1.90893989E-01  3.49397842E-01  4.78273029E-01  1.63507017E+00  1.00302329E-02
   11900 -2.00187647E-01  3.41462022E-01  4.28866574E-01  1.62889345E+00  1.76800436E-02
   11950 -1.60316640E-01  3.27985839E-01  4.22043669E-01  1.64481703E+00  1.67719429E-02
   12000 -1.83140826E-01  3.51575701E-01  3.47297533E-01  1.63292031E+00  6.26597574E-03
   12050 -1.79359275E-01  3.58025800E-01  3.23296067E-01  1.65028890E+00  1.87508175E-02
   12100 -2.39703142E-01  3.98412584E-01  3.39346452E-01  1.64384042E+00  2.59272107E-02
   12150 -2.10463650E-01  3.80596273E-01  3.67699152E-01  1.64241083E+00  2.07692916E-02
   12200 -2.00857813E-01  4.20949460E-01  3.84743427E-01  1.63866396E+00  8.72219221E-03
   12250 -2.04922106E-01  4.15450509E-01  4.31891479E-01  1.63412845E+00  8.32870795E-03
   12300 -2.51388705E-01  4.50949879E-01  4.54780739E-01  1.63473550E+00  1.54980022E-02
   12350 -2.30721682E-01  4.29469953E-01  4.51408782E-01  1.62288427E+00  1.70887094E-02
   12400 -2.42486079E-01  4.75359667E-01  4.40882568E-01  1.62191875E+00  1.42870710E-02
   12450 -2.01467069E-01  4.56324273E-01  5.01698497E-01  1.64189872E+00  3.17673718E-02
   12500 -1.92006218E-01  4.02510408E-01  5.07137741E-01  1.61998810E+00  2.25025808E-02
   12550 -2.38690848E-01  4.00918744E-01  5.40619238E-01  1.64674098E+00  2.18179743E-02
   12600 -1.86774209E-01  3.84235467E-01  5.74769505E-01  1.62771523E+00  3.79213740E-02
   12650 -1.90860973E-01  3.94615416E-01  5.85223028E-01  1.62930054E+00  4.41230761E-02
   12700 -1.49981968E-01  4.01628988E-01  5.59007516E-01  1.62660982E+00  4.28915920E-02
   12750 -1.77728668E-01  4.40886967E-01  5.66919273E-01  1.63354204E+00  2.90602532E-02
   12800 -2.01319221E-01  4.59127194E-01  5.62608065E-01  1.61779102E+00  2.69089632E-02
   12850 -2.17174081E-01  5.28758788E-01  5.55536052E-01  1.61278637E+00  3.85326699E-02
   12900 -1.21731419E-01  5.00476306E-01  5.41902116E-01  1.62906004E+00  3.48794084E-02
   12950 -1.56729992E-01  5.19116493E-01  5.68689404E-01  1.61280562E+00  4.66678719E-02
   13000 -1.65286759E-01  5.09150171E-01  5.45254703E-01  1.63463629E+00  2.88190282E-02
   13050 -1.74128180E-01  5.20700277E-01  5.09409821E-01  1.62419732E+00  3.36293420E-02
   13100 -1.46234121E-01  4.99568738E-01  5.41153159E-01  1.62724551E+00  4.18416473E-02
   13150 -1.76537500E-01  4.94436565E-01  5.58570442E-01  1.62261360E+00  2.81451657E-02
   13200 -2.27682592E-01  4.91309891E-01  5.84409327E-01  1.63329077E+00  3.21212755E-02
   13250 -1.97650043E-01  4.62371459E-01  5.12075992E-01  1.63093885E+00  3.73264329E-02
   13300 -1.74998492E-01  4.64788559E-01  4.81484523E-01  1.62472318E+00  2.70695576E-02
   13350 -1.61063364E-01  3.77968633E-01  4.28368566E-01  1.62365543E+00  2.10200483E-02
   13400 -1.48405862E-01  4.16279528E-01  4.59693744E-01  1.63440624E+00  2.51484103E-02
   13450 -1.92978584E-01  4.19044249E-01  4.40256335E-01  1.63259897E+00  2.49881164E-02
   13500 -1.66967344E-01  4.40210228E-01  5.01943312E-01  1.64924151E+00  2.73083080E-02
   13550 -1.86552414E-01  4.66316262E-01  5.24366072E-01  1.63901595E+00  2.01862051E-02
   13600 -2.25632889E-01  4.20519705E-01  4.96610771E-01  1.62971099E+00  2.83988576E-02
   13650 -1.95259906E-01  4.20729955E-01  5.05216146E-01  1.63268440E+00  1.47219664E-02
   13700 -2.06035027E-01  3.88518802E-01  5.12782584E-01  1.64758883E+00  2.56348881E-02
   13750 -1.54900210E-01  3.64785052E-01  4.96511903E-01  1.62781986E+00  1.94565959E-02
   13800 -1.29009403E-01  4.13652948E-01  5.56751528E-01  1.63521143E+00  3.63858677E-02
   13850 -8.83954458E-02  3.99787827E-01  5.68064794E-01  1.65833429E+00  2.43241989E-02
   13900 -1.33711177E-01  3.90330191E-01  5.71230880E-01  1.63974884E+00  2.43830843E-02
   13950 -9.93898127E-02  3.87738312E-01  5.87490424E-01  1.64066648E+00  1.00823261E-02
   14000 -1.06646671E-01  3.61387853E-01  5.68864581E-01  1.63609075E+00  3.51563896E-02
   14050 -9.00949109E-02  3.69828169E-01  5.30467369E-01  1.62526520E+00  1.57036307E-02
   14100  2.25101832E-02  3.80938648E-01  4.93233453E-01  1.61690401E+00  2.50695429E-02
   14150  1.52294790E-02  4.27252674E-01  4.78536213E-01  1.61317758E+00  2.33217134E-02
   14200  1.27486805E-02  3.94351780E-01  5.33309901E-01  1.63694101E+00  3.24355661E-02
   14250 -7.72805872E-02  3.52334873E-01  5.04921716E-01  1.62417403E+00  4.32978144E-02
   14300 -2.66300197E-02  3.10292024E-01  5.27353744E-01  1.63766789E+00  3.92814966E-02
   14350 -3.84429898E-02  3.14739958E-01  5.44832999E-01  1.63983444E+00  1.83405274E-02
   14400 -6.67975206E-02  3.11253258E-01  5.94134949E-01  1.63953453E+00  2.85330232E-02
   14450 -5.71982222E-03  2.81853638E-01  5.60864016E-01  1.64229657E+00  1.67401239E-02
   14500  3.13399004E-02  2.43521540E-01  5.39735018E-01  1.63561774E+00  1.61005910E-02
   14550  1.22733777E-02  2.85853160E-01  5.88903074E-01  1.66175919E+00  2.48043263E-02
   14600 -1.98964530E-02  3.12316527E-01  5.58423373E-01  1.65798206E+00  3.53801993E-02
   14650 -2.54707326E-02  3.37544317E-01  5.62621026E-01  1.62850435E+00  1.60176668E-02
   14700  1.58176482E-02  3.47432047E-01  5.74183301E-01  1.63463903E+00  3.23600585E-02
   14750  2.91036500E-02  3.48720405E-01  6.31561813E-01  1.62361318E+00  3.50056779E-02
   14800  2.36256389E-02  3.30725590E-01  6.39566102E-01  1.63937999E+00  2.60536317E-02
   14850 -9.24652665E-03  3.11586858E-01  6.92852793E-01  1.63179841E+00  1.22893449E-02
   14900 -4.09831114E-02  3.19843015E-01  7.19156984E-01  1.63165733E+00  2.53230645E-02
   14950 -2.17007862E-02  2.83243865E-01  7.65419592E-01  1.64234093E+00  1.81577101E-02
   15000 -6.62049678E-02  2.74008538E-01  7.90528179E-01  1.61890651E+00  3.29669021E-02
   15050 -3.52787818E-02  3.18370621E-01  7.35370865E-01  1.63469664E+00  1.85842864E-02
   15100 -4.94175521E-02  2.89139309E-01  7.14293095E-01  1.61688576E+00  1.03559475E-02
   15150 -5.96381895E-03  2.97354678E-01  7.33368986E-01  1.62654513E+00  2.44368661E-02
   15200 -1.47387121E-02  2.82266912E-01  7.60273956E-01  1.63782301E+00  3.93955469E-02
   15250 -1.15244357E-02  3.15463796E-01  7.37448759E-01  1.64611604E+00  2.94547155E-02
   15300  4.84934943E-03  2.91386756E-01  7.01624377E-01  1.63420658E+00  2.00626788E-02
   15350  2.29552026E-02  2.33148858E-01  6.91443665E-01  1.62994503E+00  1.45186590E-02
   15400  2.71852591E-02  1.54708914E-01  7.48853448E-01  1.63272126E+00  1.87766626E-02
   15450  4.63277882E-02  1.82776240E-01  7.47762746E-01  1.61502150E+00  2.65755909E-02
   15500  5.61219316E-02  1.81888826E-01  7.69175095E-01  1.61689696E+00  2.01025691E-02
   15550  5.17218134E-02  1.46903157E-01  7.88409669E-01  1.62606505E+00  3.85066372E-02
   15600  8.10467019E-02  1.50451106E-01  7.43676595E-01  1.59537570E+00  2.56953187E-02
   15650  8.49671018E-02  1.46144696E-01  6.89530052E-01  1.60834336E+00  2.87603510E-02
   15700  7.20760960E-02  1.82606064E-01  6.71868982E-01  1.63557390E+00  3.16882571E-02
   15750  3.62900494E-02  2.39514455E-01  6.92221104E-01  1.62411879E+00  3.75504171E-02
   15800  5.36333460E-02  1.93189888E-01  6.88292734E-01  1.62194224E+00  1.05599773E-02
   15850  2.73109052E-02  1.99587057E-01  7.10559211E-01  1.62102918E+00  3.85652503E-02
   15900  2.96536945E-02  2.21164164E-01  7.48558859E-01  1.65464919E+00  2.97470870E-02
   15950  1.10805834E-02  1.99998983E-01  8.32858626E-01  1.64575601E+00  1.88894404E-02
   16000 -1.98318578E-03  2.24483540E-01  7.65173145E-01  1.63221542E+00  3.28856636E-02
   16050 -1.36813843E-02  2.88799834E-01  7.26209301E-01  1.64487698E+00  1.87004418E-02
   16100 -4.62093895E-02  3.05086370E-01  6.95030457E-01  1.64960823E+00  1.24766224E-02
   16150 -1.29216561E-01  3.10428088E-01  7.24654711E-01  1.64753063E+00  2.05464542E-02
   16200 -1.36060983E-01  3.67506471E-01  6.94470439E-01  1.64045420E+00  2.36715638E-02
   16250 -1.76229052E-01  3.95559775E-01  6.95788383E-01  1.65717615E+00  2.04573450E-02
   16300 -2.06198972E-01  4.46975054E-01  6.33036708E-01  1.66348056E+00  3.76975175E-02
   16350 -1.91652405E-01  4.12604352E-01  6.20159491E-01  1.64744424E+00  5.07336416E-02
   16400 -1.82669902E-01  3.96418622E-01  6.10047685E-01  1.63529627E+00  3.39731137E-02
   16450 -2.13666625E-01  4.03330155E-01  5.66563556E-01  1.60710659E+00  5.86828260E-02
   16500 -1.71907132E-01  3.56516671E-01  6.22653561E-01  1.62803385E+00  3.20933967E-02
   16550 -2.00331775E-01  2.93317269E-01  6.87532149E-01  1.61859679E+00  3.91035728E-02
   16600 -1.98070807E-01  3.25211354E-01  6.60656376E-01  1.61868178E+00  4.35345789E-02
   16650 -2.24297009E-01  3.35114482E-01  7.01024939E-01  1.62533729E+00  2.24890716E-02
   16700 -2.54528276E-01  3.93060332E-01  7.53347829E-01  1.62539620E+00  2.89260697E-02
   16750 -2.39807405E-01  4.33589144E-01  7.40068613E-01  1.63072843E+00  2.08035334E-02
   16800 -2.50462224E-01  4.19332349E-01  7.54018415E-01  1.62505964E+00  9.31431651E-03
   16850 -1.91376022E-01  4.13185299E-01  7.62629930E-01  1.63924742E+00  1.47764931E-02
   16900 -1.86010794E-01  3.88401273E-01  7.83028129E-01  1.64938932E+00  2.82765224E-02
   16950 -2.12714443E-01  3.60385759E-01  7.61416325E-01  1.65037368E+00  1.37410486E-02
   17000 -2.40272840E-01  3.80684121E-01  7.99770008E-01  1.63853404E+00  1.88423277E-02
   17050 -2.08480707E-01  3.31372539E-01  8.59339478E-01  1.65022418E+00  3.03809883E-02
   17100 -1.60444551E-01  2.42273981E-01  8.89149483E-01  1.63769132E+00  5.17463693E-02
   17150 -2.06665341E-01  2.57412411E-01  8.72938612E-01  1.62741423E+00  2.86716319E-02
   17200 -2.04808916E-01  2.41479347E-01  8.74281828E-01  1.64410249E+00  1.88487680E-02
   17250 -2.26448791E-01  2.68266717E-01  8.84734826E-01  1.64398623E+00  1.81176697E-02
   17300 -1.98461378E-01  2.80551373E-01  8.96318648E-01  1.63445787E+00  2.51626960E-02
   17350 -1.15891693E-01  2.79114936E-01  9.44845361E-01  1.63155746E+00  2.32114910E-02
   17400 -1.25411235E-01  2.79890084E-01  9.20047123E-01  1.64479264E+00  2.34799322E-02
   17450 -1.67581251E-01  2.40450846E-01  9.42352642E-01  1.64756500E+00  8.36139797E-03
   17500 -1.98940523E-01  2.60699446E-01  9.42015331E-01  1.66854462E+00  2.09743527E-02
   17550 -2.64968690E-01  2.60974575E-01  8.54215585E-01  1.64286779E+00  2.33282677E-02
   17600 -2.72605653E-01  2.57587942E-01  8.38846700E-01  1.64271144E+00  2.70909376E-02
   17650 -2.09411221E-01  2.64199770E-01  8.47375650E-01  1.63626536E+00  2.20499173E-02
   17700 -2.21913045E-01  2.87837641E-01  8.33453489E-01  1.62666467E+00  1.99187832E-02
   17750 -3.37687085E-01  2.73247212E-01  8.03577667E-01  1.63258518E+00  1.88505353E-02
   17800 -3.67011415E-01  2.59749789E-01  8.14480595E-01  1.65534340E+00  2.86035977E-02
   17850 -3.38613633E-01  2.40885760E-01  8.30322132E-01  1.64237932E+00  2.08835054E-02
   17900 -3.58573773E-01  2.60040763E-01  8.25213997E-01  1.62643740E+00  3.94866305E-02
   17950 -3.59402213E-01  2.53833634E-01  8.11139738E-01  1.60355660E+00  2.23703097E-02
   18000 -2.99888686E-01  3.19575723E-01  7.85495851E-01  1.62941863E+00  1.17031312E-02
   18050 -3.07792052E-01  3.28628954E-01  7.34020592E-01  1.62035691E+00  2.74033467E-02
   18100 -3.11350058E-01  2.89112574E-01  7.36673754E-01  1.63605379E+00  3.46609862E-02
   18150 -3.38890163E-01  3.04001888E-01  7.33221910E-01  1.63794173E+00  3.12679247E-02
   18200 -2.93978917E-01  2.97639405E-01  7.12081932E-01  1.61820058E+00  2.20737810E-02
   18250 -3.11366948E-01  3.38046291E-01  7.16699816E-01  1.65288589E+00  3.18941145E-02
   18300 -3.72715277E-01  3.70846566E-01  6.87687468E-01  1.64592984E+00  2.37225448E-02
   18350 -3.76749714E-01  3.42780156E-01  6.87788222E-01  1.64031411E+00  2.06895407E-02
   18400 -3.88287377E-01  3.23963020E-01  6.50143169E-01  1.64531169E+00  1.38226881E-02
   18450 -4.79745680E-01  2.96966105E-01  6.32535846E-01  1.64097711E+00  2.70408536E-02
   18500 -4.99606400E-01  3.33066205E-01  6.84671489E-01  1.64423629E+00  1.63087228E-02
   18550 -5.40609586E-01  3.02112330E-01  6.74233241E-01  1.63371410E+00  2.81213157E-02
   18600 -5.85720021E-01  3.50049613E-01  6.51938625E-01  1.62439341E+00  3.49494455E-02
   18650 -5.80942994E-01  3.40119154E-01  6.29817685E-01  1.62309326E+00  3.34164545E-02
   18700 -6.25131484E-01  3.48089027E-01  6.13320784E-01  1.64970572E+00  1.80792377E-02
   18750 -6.41234887E-01  3.45942756E-01  6.46359243E-01  1.63232091E+00  1.92635126E-02
   18800 -6.76761835E-01  3.24028249E-01  6.45825771E-01  1.63924388E+00  2.20692907E-02
   18850 -6.66792149E-01  2.57286074E-01  6.71773585E-01  1.62657068E+00  2.83571949E-02
   18900 -7.32294931E-01  2.20795439E-01  6.84965178E-01  1.63808409E+00  1.52513661E-02
   18950 -7.06387100E-01  1.90320145E-01  7.29985642E-01  1.62363728E+00  4.58770427E-02
   19000 -7.26077679E-01  2.26107786E-01  7.33619267E-01  1.62467245E+00  2.24562142E-02
   19050 -7.05293339E-01  2.79125654E-01  7.55242008E-01  1.65903460E+00  1.96711652E-02
   19100 -6.77584705E-01  2.44518352E-01  7.33547452E-01  1.64394008E+00  2.34891742E-02
   19150 -6.07729245E-01  2.67738645E-01  7.04738222E-01  1.61615463E+00  2.90165208E-02
   19200 -5.94236181E-01  2.49935764E-01  6.78601617E-01  1.62582459E+00  6.26899406E-03
   19250 -6.20871753E-01  2.33206736E-01  6.89243945E-01  1.64442824E+00  2.84318473E-02
   19300 -5.54108254E-01  2.28683183E-01  6.68859074E-01  1.62837168E+00  1.26665586E-02
   19350 -5.24711359E-01  2.08866145E-01  7.09885048E-01  1.64952927E+00  1.48606261E-02
   19400 -5.20437311E-01  1.98625652E-01  7.17015266E-01  1.63810305E+00  1.62925398E-02
   19450 -5.46802713E-01  1.66734763E-01  6.75648760E-01  1.64439339E+00  1.88184939E-02
   19500 -4.96403490E-01  1.56687373E-01  7.12568752E-01  1.62847635E+00  4.99352376E-03
   19550 -5.50919152E-01  1.23306998E-01  6.72867144E-01  1.62808120E+00  2.25792101E-02
   19600 -6.06535570E-01  1.05655723E-01  6.53734098E-01  1.63604926E+00  3.12509829E-02
   19650 -5.78253549E-01  1.16893645E-01  6.57672335E-01  1.63715948E+00  2.11668138E-02
   19700 -5.81605337E-01  7.62228565E-02  6.44289855E-01  1.64032983E+00  1.43959752E-02
   19750 -5.72692267E-01  8.87953070E-02  6.78723059E-01  1.64023466E+00  1.14499901E-02
   19800 -5.26357567E-01  1.36579299E-01  7.05090610E-01  1.62240630E+00  3.24139539E-02
   19850 -5.26279169E-01  1.33690093E-01  6.83654658E-01  1.63211412E+00  2.36189111E-02
   19900 -5.84449305E-01  1.56275037E-01  6.66044296E-01  1.62668977E+00  2.21574131E-02
   19950 -5.93733880E-01  1.58434463E-01  7.55227077E-01  1.63927475E+00  3.26584223E-02
   20000 -5.83216290E-01  1.55923821E-01  7.43636315E-01  1.63779698E+00  1.38445854E-02
   20050 -6.08330235E-01  1.25483404E-01  7.47101315E-01  1.64481151E+00  1.84662246E-02
   20100 -6.57282793E-01  1.58968025E-01  6.93893613E-01  1.65252361E+00  2.08747036E-02
   20150 -6.69717431E-01  9.73138504E-02  7.02194209E-01  1.64404039E+00  2.19835306E-02
   20200 -6.83559315E-01  6.02717189E-02  6.88727132E-01  1.64467124E+00  3.02340765E-02
   20250 -6.71121111E-01  1.17336547E-01  6.77056443E-01  1.64454828E+00  1.13762921E-02
   20300 -6.76772749E-01  9.74511920E-02  6.74559831E-01  1.64797605E+00  2.04059375E-02
   20350 -6.20349221E-01  9.28268356E-02  7.27605584E-01  1.63731247E+00  3.34605370E-02
   20400 -6.40469861E-01  9.99391862E-02  7.15108335E-01  1.62134871E+00  2.74299776E-02
   20450 -6.27390250E-01  7.57696520E-02  6.91929012E-01  1.61843746E+00  1.68882037E-02
   20500 -6.25261477E-01  4.89122853E-02  6.65563737E-01  1.61036683E+00  2.16306147E-02
   20550 -5.83075963E-01  8.13094775E-02  7.21427647E-01  1.62290046E+00  1.30652287E-02
   20600 -5.89902982E-01  8.88288048E-02  7.23712840E-01  1.62662591E+00  1.45699096E-02
   20650 -5.14897072E-01  1.28549927E-01  7.47873950E-01  1.62752934E+00  3.01887027E-02
   20700 -4.69522382E-01  1.18185093E-01  7.45186050E-01  1.64445604E+00  1.52949642E-02
   20750 -4.68393189E-01  1.34394331E-01  6.92696530E-01  1.62781098E+00  2.46212978E-02
   20800 -5.21198256E-01  9.39967137E-02  7.42763166E-01  1.63602200E+00  2.30833933E-02
   20850 -4.84936149E-01  4.96325436E-02  6.83535824E-01  1.63861674E+00  3.38473038E-02
   20900 -4.38391890E-01  5.78747213E-02  6.61933666E-01  1.64335422E+00  3.07471027E-02
   20950 -4.83374935E-01  7.09556859E-02  6.34065634E-01  1.61386173E+00  2.05418436E-02
   21000 -4.44752817E-01  6.96385227E-02  6.26362711E-01  1.61719638E+00  1.82031755E-02
   21050 -4.31570741E-01  4.76463767E-02  6.06161180E-01  1.62359451E+00  7.51316003E-03
   21100 -3.68278017E-01  3.92134410E-02  6.20155462E-01  1.62788762E+00  3.38636977E-02
   21150 -4.31037936E-01  2.20434557E-02  6.07055251E-01  1.63186953E+00  3.80224429E-02
   21200 -4.39462285E-01  7.71313973E-02  6.29189603E-01  1.65416588E+00  1.92009133E-02
   21250 -4.60297989E-01  7.65473366E-02  7.06511029E-01  1.63762037E+00  2.46974636E-02
   21300 -4.77694589E-01  9.08384280E-02  6.39778271E-01  1.62319938E+00  3.84954724E-02
   21350 -4.69099693E-01  1.53765619E-01  6.28381513E-01  1.62803683E+00  3.37550511E-02
   21400 -4.62105149E-01  1.94354145E-01  6.57592794E-01  1.63267157E+00  1.09453578E-02
   21450 -5.52266318E-01  1.82712825E-01  6.44400205E-01  1.64187529E+00  1.49618261E-02
   21500 -5.26690997E-01  1.75498211E-01  6.60601861E-01  1.64234141E+00  2.08867080E-02
   21550 -5.40490528E-01  1.68136579E-01  6.69716450E-01  1.62989729E+00  1.70219443E-02
   21600 -5.76685867E-01  1.14932402E-01  6.79711798E-01  1.61726069E+00  1.83555335E-02
   21650 -5.97639955E-01  9.60587104E-02  6.33226259E-01  1.61930616E+00  3.58242928E-02
   21700 -5.90119596E-01  1.03936303E-01  6.43684486E-01  1.61872588E+00  5.57088297E-02
   21750 -5.70968975E-01  8.72564032E-02  7.13006807E-01  1.60858345E+00  4.33196793E-02
   21800 -6.05368233E-01  1.89986365E-02  6.73090183E-01  1.63220560E+00  3.56139381E-02
   21850 -6.16498460E-01  7.17198527E-02  6.88004939E-01  1.64114110E+00  1.52511639E-02
   21900 -6.10745836E-01  7.18834367E-02  7.34650033E-01  1.62450414E+00  3.13564802E-02
   21950 -5.79999263E-01  8.15753331E-02  7.47224839E-01  1.63869738E+00  2.38263440E-02
   22000 -5.56955468E-01  8.59735014E-02  7.86604220E-01  1.63302648E+00  2.17885643E-02
   22050 -5.16853581E-01  6.75243729E-02  7.78248208E-01  1.63273593E+00  1.93248598E-02
   22100 -5.15872599E-01  9.83045139E-02  8.00136072E-01  1.62890131E+00  3.36462175E-02
   22150 -5.62987795E-01  1.09387460E-01  7.79754733E-01  1.65926194E+00  1.32854909E-02
   22200 -6.59136008E-01  1.25531854E-01  8.22797608E-01  1.65568967E+00  1.53657609E-02
   22250 -6.60865786E-01  1.55230191E-01  7.64202337E-01  1.62629060E+00  2.57016614E-02
   22300 -6.61342324E-01  1.39387889E-01  7.76670734E-01  1.62905936E+00  1.48681061E-02
   22350 -6.93209520E-01  1.92338161E-01  7.43920354E-01  1.61775606E+00  2.84371044E-02
   22400 -6.81155893E-01  2.23200954E-01  7.27559996E-01  1.60460789E+00  1.56655577E-02
   22450 -6.73613299E-01  1.53136893E-01  7.62365172E-01  1.59916233E+00  3.26886451E-02
   22500 -7.54180046E-01  1.59437736E-01  7.13349902E-01  1.64694754E+00  2.68782600E-02
   22550 -7.84674011E-01  1.26238722E-01  6.72509455E-01  1.63543352E+00  1.07864196E-02
   22600 -7.70498042E-01  1.40204364E-01  7.52143889E-01  1.62874686E+00  1.33142468E-02
   22650 -7.62595961E-01  1.08417106E-01  6.96632449E-01  1.61374665E+00  1.89988842E-02
   22700 -6.83109440E-01  1.00883064E-01  7.45925301E-01  1.61078843E+00  2.36411609E-02
   22750 -6.70634982E-01  9.40817686E-02  7.93756904E-01  1.63486024E+00  3.85237256E-02
   22800 -6.44441479E-01  3.49774062E-02  7.58286597E-01  1.61730573E+00  2.93505061E-02
   22850 -6.55244389E-01  5.91324226E-02  7.69257700E-01  1.62431341E+00  2.28358571E-02
   22900 -6.38834481E-01  9.44656726E-02  7.46217679E-01  1.61056354E+00  4.26565449E-03
   22950 -6.78042184E-01  1.19440824E-01  8.16327316E-01  1.62471374E+00  2.27150434E-02
   23000 -6.66684041E-01  8.38880081E-02  7.83086155E-01  1.60329449E+00  1.20600949E-02
   23050 -6.79569151E-01  1.09894971E-01  7.61193593E-01  1.60917519E+00  1.62599330E-02
   23100 -6.99237011E-01  1.41828522E-01  8.00404463E-01  1.61652608E+00  2.86784063E-02
   23150 -7.01985173E-01  1.81327771E-01  8.47681583E-01  1.62498826E+00  2.60538496E-02
   23200 -7.22586216E-01  1.65825048E-01  8.04716953E-01  1.65832215E+00  3.52486778E-02
   23250 -6.78137586E-01  1.60126672E-01  7.97448557E-01  1.63616817E+00  1.48817139E-02
   23300 -7.23287823E-01  1.59894495E-01  7.92305573E-01  1.64548402E+00  1.57545002E-02
   23350 -7.66684981E-01  1.32496509E-01  7.66050595E-01  1.65179270E+00  2.55810182E-02
   23400 -8.01135299E-01  1.22670952E-01  7.42435373E-01  1.63138436E+00  1.75615320E-02
   23450 -8.19993091E-01  1.05895887E-01  7.37529788E-01  1.64229808E+00  3.20167623E-02
   23500 -7.85834119E-01  1.24952621E-01  7.77743462E-01  1.62773567E+00  1.27287979E-02
   23550 -7.83174821E-01  7.50162616E-02  7.48502444E-01  1.62432464E+00  1.94322775E-02
   23600 -7.60340883E-01  5.58995601E-02  7.42984227E-01  1.63895620E+00  3.14765312E-02
   23650 -7.28938074E-01  5.48255822E-02  7.70919483E-01  1.61562655E+00  2.44418274E-02
   23700 -7.65211610E-01  7.53330906E-02  8.02378374E-01  1.63103140E+00  1.29615784E-02
   23750 -7.31030142E-01  9.81100371E-02  7.82556689E-01  1.62303426E+00  3.45809361E-02
   23800 -7.10761955E-01  8.94647205E-02  8.39078347E-01  1.62334458E+00  2.69797571E-02
   23850 -7.16809405E-01  1.41441520E-01  8.57615059E-01  1.62551251E+00  2.47730705E-02
   23900 -7.37924688E-01  1.78556641E-01  8.71139397E-01  1.63110075E+00  2.34913235E-02
   23950 -7.11580276E-01  1.76219090E-01  9.03690439E-01  1.62977868E+00  1.10810594E-02
   24000 -6.99549231E-01  2.11163299E-01  9.10193620E-01  1.63574734E+00  1.92360257E-02
   24050 -7.63217673E-01  1.63672847E-01  7.86495805E-01  1.64455476E+00  8.42967199E-03
   24100 -7.84079654E-01  1.57464693E-01  8.06748003E-01  1.66100691E+00  1.16851859E-02
   24150 -8.30125130E-01  1.51342971E-01  7.52857208E-01  1.65338411E+00  1.98741217E-02
   24200 -8.51937169E-01  1.94403224E-01  7.27177289E-01  1.63282092E+00  3.36817009E-02
   24250 -8.70267410E-01  1.75768166E-01  7.19702136E-01  1.64522217E+00  3.26569156E-02
   24300 -8.73665605E-01  1.65750298E-01  7.05985334E-01  1.64683727E+00  2.01622378E-02
   24350 -8.71312776E-01  1.52260437E-01  6.57054263E-01  1.65038322E+00  1.39227009E-02
   24400 -8.25441847E-01  8.66570793E-02  7.03117168E-01  1.63023745E+00  2.75022570E-02
   24450 -8.02083641E-01  2.22397246E-02  6.99334461E-01  1.61834573E+00  3.46405085E-02
   24500 -7.99710533E-01  1.20368239E-01  7.00157944E-01  1.63643419E+00  2.55310236E-02
   24550 -8.04989989E-01  1.38081763E-01  6.37412722E-01  1.62583723E+00  2.44447023E-02
   24600 -7.89081841E-01  1.46377118E-01  6.90402743E-01  1.62169636E+00  2.25565261E-02
   24650 -7.49505991E-01  9.57267949E-02  6.20827950E-01  1.60020888E+00  3.48889447E-02
   24700 -7.53624180E-01  1.39458352E-01  5.96726675E-01  1.62307395E+00  3.79373109E-02
   24750 -7.37530834E-01  1.13411337E-01  6.25648180E-01  1.62732477E+00  2.93577492E-02
   24800 -7.72222559E-01  1.31240622E-01  6.21707571E-01  1.62531088E+00  3.44670076E-02
   24850 -7.78496026E-01  1.61758328E-01  5.72029567E-01  1.62352302E+00  2.18605856E-02
   24900 -7.72319962E-01  2.27956084E-01  6.88859862E-01  1.63541044E+00  1.97494811E-02
   24950 -8.37849117E-01  2.66534885E-01  6.95119575E-01  1.65546201E+00  1.79038841E-02
   25000 -8.13014820E-01  3.16108816E-01  7.04058234E-01  1.64772596E+00  2.45169527E-02
   25050 -7.87249767E-01  2.95408803E-01  6.46247379E-01  1.62421758E+00  2.60669973E-02
   25100 -8.02683080E-01  2.89695541E-01  5.92051512E-01  1.62502746E+00  1.97591898E-02
   25150 -8.26282485E-01  3.10839525E-01  6.30208524E-01  1.62728838E+00  2.26111639E-02
   25200 -8.39414372E-01  2.71162488E-01  6.02826899E-01  1.64318253E+00  2.08408649E-02
   25250 -8.06371244E-01  2.18844793E-01  6.77747812E-01  1.62590169E+00  2.25247887E-02
   25300 -7.90044748E-01  1.72886206E-01  6.83440394E-01  1.62685367E+00  1.99252342E-02
   25350 -8.30101851E-01  2.00726604E-01  7.07375271E-01  1.62833152E+00  1.40752820E-02
   25400 -8.54667161E-01  2.65024297E-01  6.91925107E-01  1.63965063E+00  1.58268146E-02
   25450 -8.82234050E-01  2.76742719E-01  6.49958002E-01  1.63233451E+00  1.48644985E-02
   25500 -8.63616794E-01  2.39716741E-01  6.07088968E-01  1.64434311E+00  3.31670406E-02
   25550 -8.38740851E-01  2.36280889E-01  6.14158579E-01  1.63020939E+00  3.44538326E-02
   25600 -8.11728350E-01  2.20259731E-01  6.02913927E-01  1.64255299E+00  2.71406447E-02
   25650 -8.09191351E-01  2.03621069E-01  6.02119012E-01  1.63130163E+00  2.58288168E-02
   25700 -7.98388048E-01  2.08124689E-01  5.91017893E-01  1.62916525E+00  2.38745231E-02
   25750 -8.55626011E-01  2.04557660E-01  5.48715002E-01  1.64409506E+00  4.53479150E-02
   25800 -8.28001563E-01  1.84095558E-01  5.58141323E-01  1.61916645E+00  3.62849749E-02
   25850 -7.92850152E-01  1.18790026E-01  5.56203333E-01  1.63077704E+00  3.23005281E-02
   25900 -7.71461114E-01  1.24879828E-01  6.39298112E-01  1.64582965E+00  1.96041249E-02
   25950 -8.19090242E-01  1.21074320E-01  6.31625712E-01  1.63444134E+00  1.16938326E-02
   26000 -7.82243257E-01  7.10788543E-02  5.93515565E-01  1.61422705E+00  1.23836457E-02
   26050 -7.73208866E-01  9.63031209E-02  6.01369876E-01  1.61863526E+00  2.82033750E-02
   26100 -8.03877976E-01  1.17116795E-01  5.97331346E-01  1.64135218E+00  8.72866011E-03
   26150 -8.36134551E-01  1.05189751E-01  5.70367996E-01  1.64880899E+00  2.13454173E-02
   26200 -8.30375007E-01  1.07273372E-01  5.07936340E-01  1.65514877E+00  2.93102662E-02
   26250 -7.86491861E-01  1.15327205E-01  4.77412314E-01  1.63034348E+00  2.26097214E-02
   26300 -7.68585473E-01  1.16052235E-01  4.43891258E-01  1.61974157E+00  2.87505344E-02
   26350 -7.71545005E-01  1.15166930E-01  4.18554139E-01  1.63799003E+00  1.78398347E-02
   26400 -7.38838649E-01  1.09564463E-01  4.35730840E-01  1.63048742E+00  2.34609560E-02
   26450 -7.00359717E-01  5.83403217E-02  3.95126547E-01  1.61340986E+00  8.07271211E-03
   26500 -7.50425218E-01  6.12435979E-02  3.94778255E-01  1.64664546E+00  1.40331188E-02
   26550 -7.60479699E-01  5.99348695E-02  3.53473592E-01  1.62610807E+00  2.76451863E-02
   26600 -7.50907523E-01  6.36182115E-02  2.91078404E-01  1.60589834E+00  2.61722038E-02
   26650 -7.66642644E-01  6.72541100E-02  3.08801212E-01  1.62383524E+00  2.14655875E-02
   26700 -7.60353898E-01  1.67902750E-02  2.89786239E-01  1.63444098E+00  1.92677022E-02
   26750 -7.22261907E-01 -1.88609683E-02  3.63107789E-01  1.64807876E+00  1.48724752E-02
   26800 -7.48064506E-01 -1.04674524E-03  4.05587367E-01  1.61740743E+00  2.49949346E-02
   26850 -7.40634067E-01  2.66819976E-02  3.78249090E-01  1.61238252E+00  2.41522550E-02
   26900 -7.38255961E-01  6.65433783E-02  3.27770222E-01  1.61604148E+00  1.92266577E-02
   26950 -7.38211582E-01  8.20902692E-02  3.38544384E-01  1.63711301E+00  1.83077994E-02
   27000 -7.08634235E-01  6.95592386E-02  3.00092908E-01  1.61422198E+00  3.19518072E-02
   27050 -7.23163145E-01  1.07879201E-01  2.96421708E-01  1.62992649E+00  2.25651320E-02
   27100 -7.33205490E-01  9.27199912E-02  3.07122222E-01  1.63908213E+00  2.06769363E-02
   27150 -6.74745732E-01  1.26763165E-01  2.91368903E-01  1.63183438E+00  3.09497078E-02
   27200 -6.66121651E-01  8.18653234E-02  3.40709287E-01  1.64335981E+00  1.67623020E-02
   27250 -6.81759194E-01  1.37041465E-01  3.43793090E-01  1.64428128E+00  2.50487669E-02
   27300 -6.86129698E-01  1.38428130E-01  3.66282323E-01  1.61170598E+00  1.82871727E-02
   27350 -6.89136095E-01  1.61390000E-01  3.48811324E-01  1.62597964E+00  1.77508329E-02
   27400 -7.39309918E-01  1.71581676E-01  3.53715726E-01  1.64039705E+00  3.38490123E-02
   27450 -7.61745476E-01  1.63408072E-01  4.02778943E-01  1.61478710E+00  2.36216230E-02
   27500 -7.50472787E-01  1.44099445E-01  4.11128759E-01  1.61099046E+00  2.12363880E-02
   27550 -7.77257993E-01  1.62519603E-01  4.51255581E-01  1.63637389E+00  3.65385213E-02
   27600 -7.69922101E-01  1.24611700E-01  4.03454303E-01  1.62729476E+00  1.67197052E-02
   27650 -8.11472691E-01  1.49175220E-01  4.27635672E-01  1.63539811E+00  1.69678633E-02
   27700 -8.56684230E-01  1.82165253E-01  3.91758322E-01  1.62207833E+00  2.62171378E-02
   27750 -8.27188438E-01  1.42855259E-01  4.22975481E-01  1.62195728E+00  3.13487983E-02
   27800 -8.28075636E-01  1.79876016E-01  4.59239491E-01  1.61530010E+00  2.48360374E-02
   27850 -8.58723365E-01  1.80152962E-01  4.35946953E-01  1.63892451E+00  1.45351892E-02
   27900 -8.16087083E-01  1.73059490E-01  4.25727865E-01  1.61228543E+00  9.74832807E-03
   27950 -7.99217182E-01  2.45903812E-01  4.10480977E-01  1.63403836E+00  2.77839429E-02
   28000 -8.05451549E-01  2.31366643E-01  3.97358699E-01  1.62381755E+00  1.73813706E-02
   28050 -8.09330697E-01  2.25763661E-01  3.58611649E-01  1.65028556E+00  1.52000903E-02
   28100 -8.60282209E-01  2.82511240E-01  3.64041206E-01  1.64563425E+00  1.08350029E-02
   28150 -8.59218760E-01  2.87781665E-01  3.15634561E-01  1.62008825E+00  2.48102564E-02
   28200 -8.86687979E-01  3.11983345E-01  2.89484090E-01  1.64096219E+00  3.35364317E-02
   28250 -8.70622177E-01  3.06683681E-01  3.41953647E-01  1.61816383E+00  1.69884421E-02
   28300 -8.72925630E-01  2.95644717E-01  3.30903721E-01  1.63694004E+00  1.09137874E-02
   28350 -8.91252582E-01  2.94443637E-01  3.62733900E-01  1.61472545E+00  2.55738837E-02
   28400 -9.06117625E-01  2.85737960E-01  3.42418425E-01  1.62062627E+00  2.18761359E-02
   28450 -8.94601538E-01  3.08537759E-01  3.54898136E-01  1.64598979E+00  2.70136220E-02
   28500 -9.55460662E-01  2.83131996E-01  4.33158515E-01  1.63639511E+00  3.94006012E-02
   28550 -9.34697105E-01  3.09990348E-01  4.25928585E-01  1.62107276E+00  1.19349300E-02
   28600 -9.24357262E-01  3.48008204E-01  3.73155312E-01  1.63481151E+00  2.73458926E-02
   28650 -8.89296067E-01  3.73719264E-01  3.70207872E-01  1.63983940E+00  1.33183593E-02
   28700 -8.70791991E-01  4.24409848E-01  3.83674435E-01  1.61769815E+00  1.87676692E-02
   28750 -8.47340323E-01  4.10188543E-01  3.98563698E-01  1.64168674E+00  2.26003246E-02
   28800 -8.65867726E-01  4.68844884E-01  3.44735156E-01  1.65120545E+00  1.11525044E-02
   28850 -8.13329454E-01  4.09613535E-01  3.25894951E-01  1.63274876E+00  2.47566869E-02
   28900 -8.16549996E-01  3.45079746E-01  3.33295509E-01  1.64878360E+00  1.32764869E-02
   28950 -7.99963917E-01  3.72502375E-01  2.31876116E-01  1.62835419E+00  3.02297752E-02
   29000 -8.01645531E-01  4.00182656E-01  2.10073437E-01  1.62880795E+00  3.66455783E-02
   29050 -7.75610600E-01  4.73518930E-01  1.65521845E-01  1.63498471E+00  2.64914713E-02
   29100 -7.23192637E-01  4.74511260E-01  1.70134359E-01  1.63843804E+00  4.73085826E-03
   29150 -6.50050220E-01  4.46805236E-01  1.78524343E-01  1.62604107E+00  2.76665460E-02
   29200 -6.61332719E-01  4.34005156E-01  1.93582447E-01  1.62218528E+00  1.48839523E-02
   29250 -6.45170286E-01  4.64577642E-01  2.01120819E-01  1.60898725E+00  2.76907729E-02
   29300 -6.28516185E-01  5.02262928E-01  1.63986564E-01  1.62897545E+00  2.05227709E-02
   29350 -5.94826642E-01  4.83647310E-01  1.42377091E-01  1.62493226E+00  1.91578246E-02
   29400 -5.93877471E-01  4.37926227E-01  1.26660934E-01  1.63743861E+00  2.31374398E-02
   29450 -5.60380807E-01  4.57424422E-01  1.22305237E-01  1.63128940E+00  1.53749123E-02
   29500 -6.21484247E-01  5.03318933E-01  9.53165817E-02  1.65454361E+00  2.77759405E-02
   29550 -6.31684164E-01  4.80270493E-01  8.61496023E-02  1.63863471E+00  2.51280189E-02
   29600 -6.56148981E-01  4.89265059E-01  7.47576364E-02  1.63501143E+00  8.93516270E-03
   29650 -6.79793979E-01  5.54972711E-01  3.36067392E-02  1.63472959E+00  9.25132879E-03
   29700 -7.19225765E-01  6.10548948E-01  5.27914334E-02  1.63298556E+00  9.50690432E-03
   29750 -7.04754359E-01  5.82290813E-01  3.28568008E-02  1.62557317E+00  1.01950894E-02
   29800 -7.15795469E-01  6.14136157E-01 -1.83366627E-02  1.62085798E+00  1.31037075E-02
   29850 -6.89384047E-01  5.86701592E-01 -4.20763260E-02  1.62669150E+00  3.28473713E-02
   29900 -5.88688855E-01  5.74041542E-01 -3.46901028E-02  1.61949299E+00  3.42787568E-02
   29950 -5.90250231E-01  5.59400677E-01  2.87372336E-02  1.63006927E+00  3.04059513E-02
   30000 -6.27096116E-01  5.87190529E-01 -2.36506485E-02  1.64497783E+00  1.83909871E-02
   30050 -6.34965146E-01  5.92616158E-01 -4.56989929E-02  1.62971418E+00  1.63609009E-02
   30100 -6.47915688E-01  5.93205564E-01 -1.21423941E-01  1.63881568E+00  2.85309463E-02
   30150 -6.50912696E-01  5.54361458E-01 -1.25592389E-01  1.63950718E+00  1.95976316E-02
   30200 -6.17832020E-01  5.29651512E-01 -1.27773285E-01  1.62422436E+00  2.76920093E-02
   30250 -6.02067599E-01  4.60947469E-01 -1.18220185E-01  1.63338207E+00  1.41018769E-02
   30300 -6.25569985E-01  4.26702224E-01 -1.44166122E-01  1.64619896E+00  2.29870347E-02
   30350 -6.31688185E-01  4.64940416E-01 -1.94830227E-01  1.63954435E+00  2.00747948E-02
   30400 -6.53854655E-01  4.04312382E-01 -1.58126355E-01  1.63688480E+00  6.07659553E-03
   30450 -6.49782177E-01  3.71218837E-01 -1.77258810E-01  1.63743091E+00  2.14321234E-02
   30500 -6.22263116E-01  4.10248446E-01 -1.64249848E-01  1.65397926E+00  2.50342564E-02
   30550 -6.53887403E-01  3.99496044E-01 -1.97775037E-01  1.65548632E+00  2.50226312E-02
   30600 -6.33860462E-01  4.38600899E-01 -2.11705950E-01  1.63842903E+00  2.51982491E-02
   30650 -6.06509667E-01  4.43163031E-01 -2.24127956E-01  1.63063641E+00  1.78052026E-02
   30700 -6.26655975E-01  4.59146462E-01 -1.66642250E-01  1.63312356E+00  1.22169719E-02
   30750 -6.08931453E-01  4.87077445E-01 -1.70069553E-01  1.63812457E+00  2.04861334E-02
   30800 -6.06768680E-01  4.71669265E-01 -1.75810460E-01  1.62967953E+00  2.67844526E-02
   30850 -5.87637934E-01  4.36063836E-01 -2.13855668E-01  1.63013089E+00  2.44276610E-02
   30900 -6.07001770E-01  4.17106014E-01 -1.88464891E-01  1.64706104E+00  1.79174823E-02
   30950 -6.65999688E-01  4.01750349E-01 -2.03221194E-01  1.65879946E+00  2.19992832E-02
   31000 -6.12775453E-01  3.52041703E-01 -2.33288380E-01  1.63677620E+00  3.47840493E-02
   31050 -6.22386892E-01  3.28453613E-01 -1.92483555E-01  1.63609095E+00  1.98915626E-02
   31100 -6.53775563E-01  3.01036274E-01 -1.92879960E-01  1.63362283E+00  7.31397771E-03
   31150 -6.50777473E-01  2.91811804E-01 -1.54655294E-01  1.61215464E+00  1.33328042E-02
   31200 -6.73851762E-01  2.97578300E-01 -1.43038670E-01  1.61834770E+00  2.06113620E-02
   31250 -7.06226611E-01  2.79954814E-01 -1.42107630E-01  1.61069568E+00  2.05430859E-02
   31300 -7.10996921E-01  2.96043826E-01 -1.13897338E-01  1.59417360E+00  1.46762216E-02
   31350 -6.87843708E-01  3.19226008E-01 -1.68896134E-01  1.62384213E+00  2.33764502E-02
   31400 -6.83130923E-01  2.11926949E-01 -2.26254711E-01  1.62210643E+00  3.70058740E-02
   31450 -6.91344518E-01  2.17885633E-01 -2.44524059E-01  1.62169786E+00  3.69523083E-02
   31500 -6.79888496E-01  2.21865950E-01 -1.74187642E-01  1.61942220E+00  2.13115285E-02
   31550 -6.96018160E-01  2.37016352E-01 -1.15392366E-01  1.62434945E+00  3.56561507E-02
   31600 -7.04126064E-01  2.03083745E-01 -1.53874758E-01  1.61875459E+00  2.75610036E-02
   31650 -7.06507497E-01  1.85752716E-01 -1.77723199E-01  1.63680352E+00  3.40021548E-02
   31700 -7.28211211E-01  1.71991849E-01 -1.58751928E-01  1.61775080E+00  3.32928429E-02
   31750 -7.44805357E-01  1.77946048E-01 -1.18502640E-01  1.63618729E+00  2.30735605E-02
   31800 -8.04372736E-01  1.75877878E-01 -8.33186423E-02  1.64595274E+00  1.60046748E-02
   31850 -7.60747550E-01  1.68990917E-01 -5.32352388E-02  1.62599026E+00  2.63612083E-02
   31900 -7.40368595E-01  2.18344873E-01 -8.64831188E-02  1.64854580E+00  1.67975032E-02
   31950 -7.22625685E-01  3.04317806E-01 -1.22251575E-01  1.62593747E+00  2.66668564E-02
   32000 -7.38302484E-01  2.88320868E-01 -1.17403195E-01  1.63699170E+00  2.17375782E-02
   32050 -7.31578800E-01  2.47373318E-01 -1.61751511E-01  1.64617959E+00  1.03565960E-02
   32100 -7.16384250E-01  2.98922870E-01 -1.45545936E-01  1.62511431E+00  1.82961763E-02
   32150 -6.91684759E-01  3.28576823E-01 -1.79068407E-01  1.62368434E+00  2.57134406E-02
   32200 -6.93132556E-01  3.47445209E-01 -8.90835065E-02  1.62714360E+00  2.69302108E-02
   32250 -6.85505770E-01  3.68775876E-01 -1.29524595E-01  1.62566203E+00  2.36070947E-02
   32300 -6.36100669E-01  4.04939940E-01 -1.17151690E-01  1.62814196E+00  3.59772162E-02
   32350 -6.32066040E-01  3.98735771E-01 -1.28755101E-01  1.65078260E+00  3.14572447E-02
   32400 -6.94384316E-01  4.22530659E-01 -1.16177874E-01  1.65731658E+00  1.79136479E-02
   32450 -7.22650600E-01  3.80578107E-01 -1.36391222E-01  1.64476199E+00  1.77651912E-02
   32500 -7.34686795E-01  3.68672675E-01 -1.79361237E-01  1.65382285E+00  1.63922357E-02
   32550 -7.03009973E-01  3.04561424E-01 -2.04210162E-01  1.63709537E+00  1.53040925E-02
   32600 -7.32197359E-01  2.80828462E-01 -2.57410534E-01  1.65902348E+00  2.35317329E-02
   32650 -7.42019370E-01  2.66064971E-01 -2.26358628E-01  1.64092113E+00  1.10959482E-02
   32700 -7.44145116E-01  2.87200522E-01 -2.14501762E-01  1.63335148E+00  9.91385464E-03
   32750 -7.44023712E-01  3.36236087E-01 -1.66400231E-01  1.63160103E+00  1.48846372E-02
   32800 -7.64014632E-01  3.31402103E-01 -1.57245713E-01  1.65511605E+00  1.54191389E-02
   32850 -7.68733795E-01  3.11929788E-01 -7.83478365E-02  1.64220539E+00  1.72740007E-02
   32900 -7.45801213E-01  3.57422268E-01 -7.15119968E-02  1.62606855E+00  3.60887016E-02
   32950 -7.59561801E-01  3.30886983E-01 -3.83556357E-02  1.62806643E+00  1.36811284E-02
   33000 -7.64593667E-01  3.23286890E-01 -2.70952190E-02  1.62601864E+00  3.20198302E-02
   33050 -7.66216035E-01  2.74033937E-01 -1.00962430E-01  1.62882882E+00  1.37859962E-02
   33100 -7.31272702E-01  2.61097838E-01 -5.73832045E-02  1.62387035E+00  2.35046661E-02
   33150 -7.33452836E-01  2.41292332E-01 -1.18086630E-01  1.63741829E+00  3.33232059E-02
   33200 -7.74122982E-01  2.31426865E-01 -6.51455484E-02  1.65471736E+00  2.98165120E-02
   33250 -7.59063084E-01  2.20278202E-01 -7.16023561E-02  1.63595435E+00  1.26715860E-02
   33300 -7.52495024E-01  2.08943418E-01 -1.02409084E-01  1.63724399E+00  2.90815214E-02
   33350 -7.31912181E-01  2.11295932E-01 -1.48848751E-01  1.61516152E+00  1.60105575E-02
   33400 -7.27984503E-01  2.09657244E-01 -1.32400228E-01  1.63432586E+00  3.82138601E-02
   33450 -7.25610652E-01  1.83664807E-01 -1.62403460E-01  1.62132830E+00  3.02943471E-02
   33500 -7.22722870E-01  2.08110689E-01 -1.89027743E-01  1.61478456E+00  2.38091098E-02
   33550 -6.65523013E-01  1.96480022E-01 -1.72460706E-01  1.61547484E+00  8.28287353E-03
   33600 -6.12473483E-01  1.56580017E-01 -2.42650253E-01  1.61752551E+00  2.39241036E-02
   33650 -6.55753300E-01  1.39856080E-01 -2.18229639E-01  1.60917851E+00  1.58068473E-02
   33700 -6.53434165E-01  1.03721618E-01 -1.99148197E-01  1.62695928E+00  2.53629200E-02
   33750 -6.70196194E-01  1.98958835E-01 -1.95570339E-01  1.63592001E+00  4.39922781E-02
   33800 -7.02389662E-01  2.30657682E-01 -8.95570928E-02  1.62046485E+00  3.62257207E-02
   33850 -6.56484571E-01  2.63528342E-01 -1.40002248E-01  1.63583138E+00  4.15601562E-02
   33900 -6.93833170E-01  2.62125724E-01 -8.34369104E-02  1.63225752E+00  4.42297635E-02
   33950 -6.54821607E-01  2.90773918E-01 -5.21768189E-02  1.62100795E+00  3.27944389E-02
   34000 -6.55720583E-01  3.01805081E-01 -3.39014949E-02  1.61953970E+00  1.00360633E-02
   34050 -6.30210949E-01  2.11592830E-01  4.81808912E-02  1.63732887E+00  1.60211631E-02
   34100 -6.02468734E-01  1.81624973E-01  3.46107524E-02  1.63406577E+00  2.60367975E-02
   34150 -5.73070113E-01  1.67200758E-01 -3.19568792E-03  1.61787772E+00  3.07583722E-02
   34200 -5.57483988E-01  1.56466945E-01  1.75163763E-02  1.64009085E+00  2.75202548E-02
   34250 -4.64654381E-01  1.74604810E-01  8.47581294E-02  1.61664124E+00  3.15913105E-02
   34300 -4.87351125E-01  1.62396791E-01  1.01311542E-01  1.63107557E+00  3.35220524E-02
   34350 -5.56293403E-01  1.96439992E-01  6.13284342E-02  1.64235073E+00  2.97484317E-02
   34400 -5.30128105E-01  1.69866707E-01 -1.51492859E-03  1.64506899E+00  2.97654069E-02
   34450 -4.66580638E-01  2.00157507E-01 -4.94798452E-02  1.65317379E+00  1.76872123E-02
   34500 -4.66204273E-01  1.42550325E-01 -1.34291530E-02  1.63184621E+00  4.18711179E-02
   34550 -4.64738160E-01  7.31886112E-02 -6.38239556E-02  1.63671670E+00  1.67849231E-02
   34600 -5.23511996E-01  7.57664135E-02 -1.31505758E-01  1.64562389E+00  2.21842793E-02
   34650 -4.90641070E-01  7.55117304E-02 -1.01632264E-01  1.64089925E+00  1.54985367E-02
   34700 -4.93321247E-01  1.04161694E-01 -1.08168376E-01  1.64319065E+00  1.24150066E-02
   34750 -5.00024907E-01  8.00555981E-02 -6.73362651E-02  1.62633416E+00  2.31871210E-02
   34800 -4.95385533E-01  6.92037094E-02 -5.48018897E-02  1.62854649E+00  3.86098685E-02
   34850 -4.42561159E-01  4.28140865E-02 -7.51941390E-02  1.62258078E+00  2.54559101E-02
   34900 -4.50348316E-01  4.70127340E-02 -9.46114031E-02  1.63414036E+00  1.73010490E-02
   34950 -4.62826184E-01  6.02656415E-02 -2.83691943E-02  1.61263387E+00  1.22454332E-02
   35000 -4.55673246E-01  1.21694722E-01 -8.00980888E-02  1.61894639E+00  2.85548974E-02
   35050 -4.82861931E-01  1.43909977E-01 -9.27479511E-02  1.62082013E+00  1.89340984E-02
   35100 -4.89465704E-01  1.51461385E-01 -1.24034883E-01  1.63815087E+00  2.66826011E-02
   35150 -4.92700969E-01  1.40345173E-01 -1.38778197E-01  1.64331183E+00  3.90972201E-02
   35200 -4.62790225E-01  1.55645463E-01 -1.82695204E-01  1.61169712E+00  1.20075076E-02
   35250 -4.46387916E-01  1.51014195E-01 -2.45039620E-01  1.63808233E+00  1.70171722E-02
   35300 -4.58347176E-01  1.60958683E-01 -2.24331318E-01  1.62153038E+00  3.65461280E-02
   35350 -4.86085723E-01  1.79364463E-01 -2.16589368E-01  1.63883994E+00  2.15177626E-02
   35400 -4.49790884E-01  1.86978793E-01 -3.03315466E-01  1.63649016E+00  3.13357293E-02
   35450 -4.33643579E-01  1.95015824E-01 -2.69455213E-01  1.61556206E+00  3.38396949E-02
   35500 -4.60556712E-01  2.02522388E-01 -2.74130218E-01  1.62692674E+00  3.34727391E-02
   35550 -4.77915833E-01  2.04176897E-01 -2.47936134E-01  1.61560937E+00  3.67648166E-02
   35600 -5.05349272E-01  2.28418995E-01 -2.81811573E-01  1.61846593E+00  3.84867054E-02
   35650 -5.21935244E-01  1.97941085E-01 -2.81553467E-01  1.64075848E+00  1.63342526E-02
   35700 -5.19756375E-01  2.30875276E-01 -3.25838008E-01  1.63266199E+00  2.26817883E-02
   35750 -5.54233122E-01  1.96127954E-01 -3.60307850E-01  1.64655103E+00  3.73028401E-02
   35800 -5.66705054E-01  1.49360448E-01 -3.49028598E-01  1.62944700E+00  3.50379112E-02
   35850 -5.67005102E-01  1.65372786E-01 -3.45752223E-01  1.64485114E+00  1.87643880E-02
   35900 -5.96969797E-01  1.49183741E-01 -3.26873835E-01  1.63963493E+00  2.61497622E-02
   35950 -5.84083260E-01  1.35038871E-01 -3.34605843E-01  1.61099891E+00  1.42431110E-02
   36000 -5.97368017E-01  1.43825325E-01 -3.27496922E-01  1.62812613E+00  2.34039988E-02
   36050 -5.87029146E-01  1.47456221E-01 -3.26144486E-01  1.62032078E+00  3.11325907E-02
   36100 -6.01013023E-01  1.82991798E-01 -3.51550064E-01  1.62989978E+00  3.29714793E-02
   36150 -6.35752571E-01  2.39186616E-01 -3.96295251E-01  1.63988511E+00  2.97761698E-02
   36200 -6.34209018E-01  2.58798940E-01 -4.12323951E-01  1.63741610E+00  3.10572942E-02
   36250 -6.16448053E-01  2.48281627E-01 -4.08543657E-01  1.63618184E+00  2.64510161E-02
   36300 -6.12533489E-01  2.57860280E-01 -4.40802350E-01  1.63108567E+00  2.70568028E-02
   36350 -6.63425163E-01  2.27361267E-01 -4.60257957E-01  1.63560177E+00  4.62485841E-02
   36400 -6.80114521E-01  1.98266454E-01 -4.46173905E-01  1.64307478E+00  2.28038033E-02
   36450 -6.50300170E-01  2.39840713E-01 -4.22933430E-01  1.61831080E+00  2.05580552E-02
   36500 -6.53655477E-01  2.63358200E-01 -4.49815363E-01  1.64240085E+00  2.43479554E-02
   36550 -6.28167461E-01  2.23623964E-01 -4.46763763E-01  1.64465558E+00  3.17747964E-02
   36600 -6.68136905E-01  2.05007021E-01 -4.30639660E-01  1.63864186E+00  2.69231866E-02
   36650 -6.88509882E-01  1.90584508E-01 -4.63582294E-01  1.65347568E+00  1.76696453E-02
   36700 -6.82576853E-01  1.52401866E-01 -4.25596453E-01  1.63213934E+00  1.35244029E-02
   36750 -6.51430612E-01  1.28184475E-01 -3.85972996E-01  1.62551734E+00  1.75875104E-02
   36800 -6.26172041E-01  1.47544185E-01 -3.75353181E-01  1.61808273E+00  3.03439908E-02
   36850 -6.17477367E-01  1.92862989E-01 -4.55829966E-01  1.63742730E+00  1.58017768E-02
   36900 -5.88863548E-01  2.00744029E-01 -4.88260961E-01  1.64198277E+00  2.40459548E-02
   36950 -5.64457517E-01  1.94426134E-01 -4.99005405E-01  1.64352334E+00  2.48612803E-02
   37000 -5.56150886E-01  2.17689090E-01 -4.54603266E-01  1.63952613E+00  2.39759657E-02
   37050 -5.19193749E-01  2.46292276E-01 -5.18487067E-01  1.63934744E+00  6.84861273E-03
   37100 -5.20168477E-01  2.40196336E-01 -5.46481598E-01  1.62599898E+00  2.17989184E-02
   37150 -5.33784918E-01  2.24986437E-01 -5.30239711E-01  1.62884449E+00  2.79459622E-02
   37200 -5.66975175E-01  2.29663491E-01 -4.66950890E-01  1.64739257E+00  1.38674302E-02
   37250 -5.71531325E-01  1.81720579E-01 -3.85487903E-01  1.63940240E+00  1.56996021E-02
   37300 -6.07854496E-01  2.69101190E-01 -3.52171248E-01  1.64261846E+00  1.47973201E-02
   37350 -6.33889268E-01  2.37205371E-01 -3.23221017E-01  1.61932146E+00  1.95586623E-02
   37400 -6.58135908E-01  2.95577221E-01 -3.21293698E-01  1.64700222E+00  3.42854438E-02
   37450 -6.29049653E-01  3.10131607E-01 -3.28878570E-01  1.61952994E+00  1.84464031E-02
   37500 -5.97965197E-01  2.86989765E-01 -3.40150200E-01  1.62155647E+00  2.47031251E-02
   37550 -6.28158070E-01  3.57867433E-01 -3.63680394E-01  1.62370277E+00  3.40269798E-02
   37600 -6.83603791E-01  3.25225369E-01 -4.06074808E-01  1.65697173E+00  3.32662551E-02
   37650 -7.24994727E-01  2.37386926E-01 -3.84754614E-01  1.63115733E+00  2.32296437E-02
   37700 -7.11347147E-01  2.29895764E-01 -4.07490731E-01  1.64135497E+00  3.42002588E-02
   37750 -7.40453009E-01  2.61761889E-01 -3.92849752E-01  1.66046295E+00  1.87217556E-02
   37800 -7.27484050E-01  2.31958224E-01 -3.87965623E-01  1.64626122E+00  1.09639432E-02
   37850 -7.28407648E-01  2.06900216E-01 -3.51739275E-01  1.62631608E+00  1.46050474E-02
   37900 -7.08453244E-01  2.00216868E-01 -3.72040716E-01  1.62270283E+00  1.85827563E-02
   37950 -6.60034620E-01  2.32086698E-01 -3.88711192E-01  1.62920190E+00  3.73475242E-02
   38000 -6.84453371E-01  2.56333804E-01 -3.45555007E-01  1.63693103E+00  2.14817798E-02
   38050 -6.64809758E-01  2.32474985E-01 -3.38940972E-01  1.61244333E+00  4.01490475E-02
   38100 -7.01301522E-01  2.67075333E-01 -2.77378520E-01  1.63299501E+00  2.17086751E-02
   38150 -7.18243657E-01  2.34330284E-01 -2.25273884E-01  1.62775580E+00  2.91833537E-02
   38200 -7.52889387E-01  2.64766165E-01 -2.35941217E-01  1.64075560E+00  2.80879937E-02
   38250 -7.83233885E-01  2.89770876E-01 -2.35164652E-01  1.64327836E+00  1.63971394E-02
   38300 -7.71284663E-01  3.07355977E-01 -2.33467747E-01  1.63441299E+00  2.49677694E-02
   38350 -7.67445099E-01  3.12663810E-01 -2.45751542E-01  1.61408034E+00  1.64162457E-02
   38400 -7.52030108E-01  3.54329105E-01 -2.37158325E-01  1.63136037E+00  1.83218176E-02
   38450 -7.50189595E-01  4.14492497E-01 -1.94895824E-01  1.64200504E+00  1.96924275E-02
   38500 -7.54646779E-01  4.05326205E-01 -1.94065463E-01  1.63676459E+00  1.34629108E-02
   38550 -7.41097446E-01  4.02093313E-01 -2.29631550E-01  1.62981990E+00  2.40242683E-02
   38600 -7.19372771E-01  3.57084083E-01 -2.37970789E-01  1.60056949E+00  2.00571510E-02
   38650 -6.67024986E-01  4.04738445E-01 -2.75027477E-01  1.61132026E+00  1.75874817E-02
   38700 -6.61926105E-01  4.04904898E-01 -2.60096701E-01  1.64737673E+00  1.34563443E-02
   38750 -6.73474786E-01  4.54223766E-01 -2.67329213E-01  1.64124080E+00  3.32197283E-02
   38800 -6.37090029E-01  4.47302099E-01 -3.28097024E-01  1.64014238E+00  2.21415984E-02
   38850 -6.14516759E-01  4.93667115E-01 -3.09145747E-01  1.63717486E+00  1.45639235E-02
   38900 -6.08091166E-01  4.71975003E-01 -3.65048640E-01  1.62965837E+00  2.25985290E-02
   38950 -6.36464363E-01  4.81658603E-01 -3.95297473E-01  1.63892143E+00  1.21322194E-02
   39000 -6.35738392E-01  4.20753344E-01 -4.00279704E-01  1.65668974E+00  2.88078339E-02
   39050 -6.18366819E-01  3.53646857E-01 -3.81108416E-01  1.63197558E+00  1.85857169E-02
   39100 -6.76427767E-01  3.54516711E-01 -3.71272898E-01  1.63891589E+00  2.56942681E-02
   39150 -7.12217155E-01  3.06400909E-01 -3.42492037E-01  1.65303501E+00  1.02644851E-02
   39200 -6.87260837E-01  2.32888641E-01 -3.10674284E-01  1.64233892E+00  2.43203488E-02
   39250 -7.04262990E-01  3.29772742E-01 -2.95295997E-01  1.64732204E+00  3.47054270E-02
   39300 -7.32539794E-01  3.36613430E-01 -2.91582011E-01  1.63413220E+00  3.04932566E-02
   39350 -7.24078033E-01  3.17684478E-01 -2.92081675E-01  1.62716619E+00  2.77190417E-02
   39400 -7.16413865E-01  3.22720793E-01 -2.75039048E-01  1.62877705E+00  1.71527878E-02
   39450 -6.79445005E-01  3.77975801E-01 -3.01183557E-01  1.60110403E+00  3.11223060E-02
   39500 -6.11743224E-01  3.92646787E-01 -3.08837317E-01  1.60392819E+00  1.15478021E-02
   39550 -6.05184751E-01  3.94224546E-01 -3.76687581E-01  1.62264408E+00  2.33195449E-02
   39600 -6.09018710E-01  3.29016231E-01 -4.00025027E-01  1.63610099E+00  5.36966698E-02
   39650 -6.00255293E-01  3.27605210E-01 -4.09385775E-01  1.64673082E+00  3.08059018E-02
   39700 -6.86081727E-01  3.54416805E-01 -3.85727871E-01  1.64576650E+00  2.03906351E-02
   39750 -7.21355584E-01  3.81965984E-01 -3.61149428E-01  1.65640792E+00  3.19403819E-02
   39800 -7.00481311E-01  3.83524610E-01 -4.10170940E-01  1.64863897E+00  2.86350016E-02
   39850 -6.73427679E-01  4.30187776E-01 -3.80702842E-01  1.62482812E+00  1.38900710E-02
   39900 -6.83998329E-01  4.37141919E-01 -3.47834807E-01  1.62611127E+00  7.01265719E-03
   39950 -6.86317028E-01  3.94102701E-01 -3.76256458E-01  1.61762889E+00  2.01571484E-02
