   #Iter             <M>           <M^2>           <M^4>      U_{Binder}            \chi        C_v(tot)             <E>       <E_{exc}>       <E_{lsf}>
       1  1.64553632E+00  2.70799410E+00  7.33546378E+00  6.66565222E-01  3.17893045E-04  1.95832846E-01 -8.25375131E+00 -8.25375131E+00  0.00000000E+00
      11  1.62827919E+00  2.65230925E+00  7.04540527E+00  6.66161513E-01  1.58097525E-03  1.85319901E+00 -8.30262269E+00 -8.30262269E+00  0.00000000E+00
      21  1.63296661E+00  2.66770248E+00  7.12846860E+00  6.66112468E-01  1.74650269E-03  1.82306372E+00 -8.31101143E+00 -8.31101143E+00  0.00000000E+00
      31  1.63337143E+00  2.66867126E+00  7.12995210E+00  6.66285405E-01  1.19651338E-03  1.45617107E+00 -8.31410356E+00 -8.31410356E+00  0.00000000E+00
      41  1.63337045E+00  2.66858506E+00  7.12860567E+00  6.66326868E-01  1.06734124E-03  1.52341546E+00 -8.31397140E+00 -8.31397140E+00  0.00000000E+00
      51  1.63210799E+00  2.66454134E+00  7.10786359E+00  6.66287170E-01  1.18998389E-03  1.50286249E+00 -8.31196290E+00 -8.31196290E+00  0.00000000E+00
      61  1.62765717E+00  2.65023045E+00  7.03379619E+00  6.66188537E-01  1.49764279E-03  1.60468582E+00 -8.31753507E+00 -8.31753507E+00  0.00000000E+00
      71  1.62890979E+00  2.65428221E+00  7.05504497E+00  6.66201532E-01  1.45490324E-03  1.63687306E+00 -8.31968486E+00 -8.31968486E+00  0.00000000E+00
      81  1.63101594E+00  2.66114059E+00  7.09145730E+00  6.66205943E-01  1.44320739E-03  1.60642652E+00 -8.32335781E+00 -8.32335781E+00  0.00000000E+00
      91  1.63260069E+00  2.66628049E+00  7.11853243E+00  6.66222125E-01  1.39322420E-03  1.61270199E+00 -8.31910281E+00 -8.31910281E+00  0.00000000E+00
     101  1.63362188E+00  2.66957219E+00  7.13564213E+00  6.66244472E-01  1.32517541E-03  1.59358776E+00 -8.31902925E+00 -8.31902925E+00  0.00000000E+00
     111  1.63536800E+00  2.67523529E+00  7.16544558E+00  6.66267903E-01  1.25524750E-03  1.54074175E+00 -8.31811586E+00 -8.31811586E+00  0.00000000E+00
     121  1.63457551E+00  2.67267215E+00  7.15202588E+00  6.66253711E-01  1.29921311E-03  1.57071048E+00 -8.31935471E+00 -8.31935471E+00  0.00000000E+00
     131  1.63528900E+00  2.67497262E+00  7.16399449E+00  6.66269956E-01  1.24860885E-03  1.51673051E+00 -8.32001937E+00 -8.32001937E+00  0.00000000E+00
     141  1.63538195E+00  2.67535322E+00  7.16685972E+00  6.66231465E-01  1.36773211E-03  1.57633695E+00 -8.32319583E+00 -8.32319583E+00  0.00000000E+00
     151  1.63572419E+00  2.67645509E+00  7.17257878E+00  6.66240105E-01  1.34031794E-03  1.58282104E+00 -8.32294306E+00 -8.32294306E+00  0.00000000E+00
     161  1.63579578E+00  2.67663731E+00  7.17299984E+00  6.66265955E-01  1.25941899E-03  1.54739382E+00 -8.32316594E+00 -8.32316594E+00  0.00000000E+00
     171  1.63453694E+00  2.67254576E+00  7.15136544E+00  6.66252965E-01  1.29875573E-03  1.51965626E+00 -8.32127316E+00 -8.32127316E+00  0.00000000E+00
     181  1.63359854E+00  2.66949958E+00  7.13530231E+00  6.66242210E-01  1.33088606E-03  1.54348172E+00 -8.31942833E+00 -8.31942833E+00  0.00000000E+00
     191  1.63466621E+00  2.67297229E+00  7.15368560E+00  6.66251224E-01  1.30486985E-03  1.51651616E+00 -8.32158021E+00 -8.32158021E+00  0.00000000E+00
     201  1.63486451E+00  2.67362877E+00  7.15727600E+00  6.66247677E-01  1.31749900E-03  1.51199027E+00 -8.32324105E+00 -8.32324105E+00  0.00000000E+00
     211  1.63432873E+00  2.67186206E+00  7.14766917E+00  6.66254729E-01  1.29395990E-03  1.54405919E+00 -8.32057630E+00 -8.32057630E+00  0.00000000E+00
     221  1.63510453E+00  2.67438019E+00  7.16094697E+00  6.66264112E-01  1.26547139E-03  1.49618691E+00 -8.32056091E+00 -8.32056091E+00  0.00000000E+00
     231  1.63505834E+00  2.67420775E+00  7.15980186E+00  6.66274446E-01  1.23222909E-03  1.53835081E+00 -8.31943525E+00 -8.31943525E+00  0.00000000E+00
     241  1.63514244E+00  2.67446522E+00  7.16098672E+00  6.66283480E-01  1.20486195E-03  1.54412739E+00 -8.31762349E+00 -8.31762349E+00  0.00000000E+00
     251  1.63492135E+00  2.67372377E+00  7.15682712E+00  6.66292324E-01  1.17618098E-03  1.54390959E+00 -8.31562799E+00 -8.31562799E+00  0.00000000E+00
     261  1.63413138E+00  2.67119117E+00  7.14381448E+00  6.66267140E-01  1.25374424E-03  1.54235127E+00 -8.31540409E+00 -8.31540409E+00  0.00000000E+00
     271  1.63393585E+00  2.67055271E+00  7.14041294E+00  6.66266530E-01  1.25458432E-03  1.53790112E+00 -8.31370302E+00 -8.31370302E+00  0.00000000E+00
     281  1.63412174E+00  2.67115504E+00  7.14357953E+00  6.66269087E-01  1.24652645E-03  1.53496354E+00 -8.31361451E+00 -8.31361451E+00  0.00000000E+00
     291  1.63413736E+00  2.67121960E+00  7.14406652E+00  6.66262467E-01  1.26752212E-03  1.51994108E+00 -8.31304383E+00 -8.31304383E+00  0.00000000E+00
     301  1.63421061E+00  2.67145961E+00  7.14536000E+00  6.66262018E-01  1.26848532E-03  1.51021571E+00 -8.31441188E+00 -8.31441188E+00  0.00000000E+00
     311  1.63371610E+00  2.66984407E+00  7.13673549E+00  6.66261314E-01  1.26925435E-03  1.50600157E+00 -8.31450106E+00 -8.31450106E+00  0.00000000E+00
     321  1.63335980E+00  2.66869891E+00  7.13081443E+00  6.66251960E-01  1.29862957E-03  1.53698639E+00 -8.31374958E+00 -8.31374958E+00  0.00000000E+00
     331  1.63365886E+00  2.66970785E+00  7.13653615E+00  6.66236578E-01  1.34826834E-03  1.56056138E+00 -8.31504302E+00 -8.31504302E+00  0.00000000E+00
     341  1.63365728E+00  2.66969261E+00  7.13634852E+00  6.66241543E-01  1.33257844E-03  1.54317080E+00 -8.31428797E+00 -8.31428797E+00  0.00000000E+00
     351  1.63417834E+00  2.67139570E+00  7.14545156E+00  6.66241772E-01  1.33315377E-03  1.54928175E+00 -8.31511649E+00 -8.31511649E+00  0.00000000E+00
     361  1.63404324E+00  2.67095288E+00  7.14307420E+00  6.66242178E-01  1.33113635E-03  1.54277867E+00 -8.31554629E+00 -8.31554629E+00  0.00000000E+00
     371  1.63434891E+00  2.67194940E+00  7.14837528E+00  6.66243577E-01  1.32719489E-03  1.53768606E+00 -8.31565549E+00 -8.31565549E+00  0.00000000E+00
     381  1.63440615E+00  2.67213312E+00  7.14931968E+00  6.66245384E-01  1.32195107E-03  1.52091120E+00 -8.31517162E+00 -8.31517162E+00  0.00000000E+00
     391  1.63440817E+00  2.67212038E+00  7.14904818E+00  6.66254877E-01  1.29187554E-03  1.53439313E+00 -8.31617432E+00 -8.31617432E+00  0.00000000E+00
     401  1.63442062E+00  2.67215221E+00  7.14912304E+00  6.66259331E-01  1.27805797E-03  1.52879365E+00 -8.31603848E+00 -8.31603848E+00  0.00000000E+00
     411  1.63447628E+00  2.67233330E+00  7.15008255E+00  6.66259774E-01  1.27670206E-03  1.53118796E+00 -8.31625793E+00 -8.31625793E+00  0.00000000E+00
     421  1.63427525E+00  2.67166897E+00  7.14645730E+00  6.66263079E-01  1.26552151E-03  1.52678871E+00 -8.31607337E+00 -8.31607337E+00  0.00000000E+00
     431  1.63437548E+00  2.67200008E+00  7.14826325E+00  6.66261470E-01  1.27093971E-03  1.52575281E+00 -8.31660452E+00 -8.31660452E+00  0.00000000E+00
     441  1.63405221E+00  2.67096081E+00  7.14287505E+00  6.66253464E-01  1.29786166E-03  1.51557962E+00 -8.31644921E+00 -8.31644921E+00  0.00000000E+00
     451  1.63382507E+00  2.67022151E+00  7.13895456E+00  6.66251915E-01  1.30251628E-03  1.51419908E+00 -8.31798444E+00 -8.31798444E+00  0.00000000E+00
     461  1.63322853E+00  2.66826641E+00  7.12845258E+00  6.66254337E-01  1.29290870E-03  1.51002620E+00 -8.31607296E+00 -8.31607296E+00  0.00000000E+00
     471  1.63333948E+00  2.66862691E+00  7.13035848E+00  6.66255291E-01  1.28987542E-03  1.50497512E+00 -8.31526028E+00 -8.31526028E+00  0.00000000E+00
     481  1.63320042E+00  2.66816429E+00  7.12780010E+00  6.66259339E-01  1.27687173E-03  1.50740124E+00 -8.31555084E+00 -8.31555084E+00  0.00000000E+00
     491  1.63346501E+00  2.66903136E+00  7.13246022E+00  6.66258088E-01  1.28110863E-03  1.51547436E+00 -8.31515557E+00 -8.31515557E+00  0.00000000E+00
     501  1.63323931E+00  2.66830444E+00  7.12868702E+00  6.66252874E-01  1.29726641E-03  1.52145414E+00 -8.31523703E+00 -8.31523703E+00  0.00000000E+00
     511  1.63327735E+00  2.66841837E+00  7.12918853E+00  6.66257895E-01  1.28118089E-03  1.51178733E+00 -8.31541128E+00 -8.31541128E+00  0.00000000E+00
     521  1.63319062E+00  2.66813534E+00  7.12768200E+00  6.66257627E-01  1.28163763E-03  1.52169402E+00 -8.31443106E+00 -8.31443106E+00  0.00000000E+00
     531  1.63326522E+00  2.66837011E+00  7.12884132E+00  6.66262078E-01  1.26774654E-03  1.51156721E+00 -8.31375862E+00 -8.31375862E+00  0.00000000E+00
     541  1.63298717E+00  2.66746230E+00  7.12399902E+00  6.66261727E-01  1.26833268E-03  1.52892030E+00 -8.31313661E+00 -8.31313661E+00  0.00000000E+00
     551  1.63280899E+00  2.66687988E+00  7.12088731E+00  6.66261778E-01  1.26755071E-03  1.51977048E+00 -8.31289237E+00 -8.31289237E+00  0.00000000E+00
     561  1.63270047E+00  2.66651723E+00  7.11886478E+00  6.66265812E-01  1.25465233E-03  1.49995623E+00 -8.31254964E+00 -8.31254964E+00  0.00000000E+00
     571  1.63263956E+00  2.66631367E+00  7.11773156E+00  6.66267985E-01  1.24738285E-03  1.51603552E+00 -8.31188770E+00 -8.31188770E+00  0.00000000E+00
     581  1.63273933E+00  2.66663510E+00  7.11940295E+00  6.66270086E-01  1.24063378E-03  1.50267702E+00 -8.31160571E+00 -8.31160571E+00  0.00000000E+00
     591  1.63270756E+00  2.66652626E+00  7.11876943E+00  6.66272541E-01  1.23270053E-03  1.51695195E+00 -8.31078239E+00 -8.31078239E+00  0.00000000E+00
     601  1.63270095E+00  2.66649423E+00  7.11848906E+00  6.66277667E-01  1.21645387E-03  1.50533367E+00 -8.31003251E+00 -8.31003251E+00  0.00000000E+00
     611  1.63295068E+00  2.66730505E+00  7.12276778E+00  6.66280061E-01  1.20912215E-03  1.49804634E+00 -8.31016833E+00 -8.31016833E+00  0.00000000E+00
     621  1.63316641E+00  2.66800675E+00  7.12648483E+00  6.66281517E-01  1.20461287E-03  1.51049954E+00 -8.31058066E+00 -8.31058066E+00  0.00000000E+00
     631  1.63264658E+00  2.66631603E+00  7.11753504E+00  6.66277788E-01  1.21541188E-03  1.50825822E+00 -8.30971602E+00 -8.30971602E+00  0.00000000E+00
     641  1.63268262E+00  2.66642969E+00  7.11809787E+00  6.66279851E-01  1.20914443E-03  1.50938227E+00 -8.30976923E+00 -8.30976923E+00  0.00000000E+00
     651  1.63281007E+00  2.66684350E+00  7.12028026E+00  6.66281125E-01  1.20544956E-03  1.49706348E+00 -8.30983516E+00 -8.30983516E+00  0.00000000E+00
     661  1.63287065E+00  2.66703648E+00  7.12125960E+00  6.66283521E-01  1.19785719E-03  1.50385230E+00 -8.31052655E+00 -8.31052655E+00  0.00000000E+00
     671  1.63279699E+00  2.66679975E+00  7.12003954E+00  6.66281457E-01  1.20381509E-03  1.50095874E+00 -8.30987279E+00 -8.30987279E+00  0.00000000E+00
     681  1.63256016E+00  2.66603755E+00  7.11608983E+00  6.66275845E-01  1.22117541E-03  1.49618134E+00 -8.30980672E+00 -8.30980672E+00  0.00000000E+00
     691  1.63261810E+00  2.66623426E+00  7.11721978E+00  6.66272103E-01  1.23284973E-03  1.49695067E+00 -8.30936808E+00 -8.30936808E+00  0.00000000E+00
     701  1.63252103E+00  2.66591159E+00  7.11543730E+00  6.66274913E-01  1.22394327E-03  1.50185638E+00 -8.30823365E+00 -8.30823365E+00  0.00000000E+00
     711  1.63241252E+00  2.66556133E+00  7.11361296E+00  6.66272789E-01  1.23023015E-03  1.50653123E+00 -8.30825932E+00 -8.30825932E+00  0.00000000E+00
     721  1.63240598E+00  2.66553978E+00  7.11349612E+00  6.66272874E-01  1.22989228E-03  1.53021845E+00 -8.30756771E+00 -8.30756771E+00  0.00000000E+00
     731  1.63250488E+00  2.66586743E+00  7.11529300E+00  6.66270625E-01  1.23730880E-03  1.53728213E+00 -8.30758648E+00 -8.30758648E+00  0.00000000E+00
     741  1.63259603E+00  2.66616049E+00  7.11680776E+00  6.66272954E-01  1.23019012E-03  1.53556593E+00 -8.30791392E+00 -8.30791392E+00  0.00000000E+00
     751  1.63259430E+00  2.66615251E+00  7.11674040E+00  6.66274115E-01  1.22660039E-03  1.52743193E+00 -8.30757167E+00 -8.30757167E+00  0.00000000E+00
     761  1.63268917E+00  2.66646582E+00  7.11844936E+00  6.66272417E-01  1.23205732E-03  1.53340905E+00 -8.30797234E+00 -8.30797234E+00  0.00000000E+00
     771  1.63267687E+00  2.66641907E+00  7.11813000E+00  6.66275688E-01  1.22184678E-03  1.52360220E+00 -8.30744736E+00 -8.30744736E+00  0.00000000E+00
     781  1.63267360E+00  2.66640663E+00  7.11804414E+00  6.66276599E-01  1.21908414E-03  1.51915766E+00 -8.30779734E+00 -8.30779734E+00  0.00000000E+00
     791  1.63260694E+00  2.66619339E+00  7.11695332E+00  6.66274366E-01  1.22599873E-03  1.51868501E+00 -8.30781447E+00 -8.30781447E+00  0.00000000E+00
