   #Iter             <M>           <M^2>           <M^4>      U_{Binder}            \chi        C_v(tot)             <E>       <E_{exc}>       <E_{lsf}>
       1  1.31777347E-01  1.92240297E-02  4.88488902E-04  5.59399905E-01  1.14886617E-03  5.48028857E-02 -1.93895675E+00 -1.93895675E+00  0.00000000E+00
      11  9.11515458E-02  9.64806298E-03  1.42410450E-04  4.90035030E-01  8.27895113E-04  3.47280695E-01 -1.95305122E+00 -1.95305122E+00  0.00000000E+00
      21  1.06308415E-01  1.28727038E-02  2.52176951E-04  4.92723687E-01  9.71145475E-04  3.05779107E-01 -1.94052166E+00 -1.94052166E+00  0.00000000E+00
      31  1.09146329E-01  1.35112093E-02  2.67401589E-04  5.11736472E-01  9.87872919E-04  3.17543944E-01 -1.94965293E+00 -1.94965293E+00  0.00000000E+00
      41  1.13765140E-01  1.50469160E-02  3.57301101E-04  4.73960803E-01  1.30069696E-03  3.31147980E-01 -1.92843350E+00 -1.92843350E+00  0.00000000E+00
      51  1.16044360E-01  1.53946813E-02  3.58468785E-04  4.95816433E-01  1.19190150E-03  3.43847854E-01 -1.93826706E+00 -1.93826706E+00  0.00000000E+00
      61  1.11081865E-01  1.44849932E-02  3.40144386E-04  4.59612294E-01  1.32628780E-03  3.23801372E-01 -1.93256847E+00 -1.93256847E+00  0.00000000E+00
      71  1.14416256E-01  1.55237049E-02  4.04087052E-04  4.41062919E-01  1.50356163E-03  3.37500744E-01 -1.93295857E+00 -1.93295857E+00  0.00000000E+00
      81  1.13419468E-01  1.51897905E-02  3.81478272E-04  4.48881507E-01  1.43754393E-03  3.53661631E-01 -1.93210463E+00 -1.93210463E+00  0.00000000E+00
      91  1.16150755E-01  1.57814853E-02  4.00448022E-04  4.64043988E-01  1.41570877E-03  3.62591517E-01 -1.92382465E+00 -1.92382465E+00  0.00000000E+00
     101  1.14519527E-01  1.53048407E-02  3.74509365E-04  4.67053271E-01  1.35367256E-03  3.79426722E-01 -1.92231790E+00 -1.92231790E+00  0.00000000E+00
     111  1.13634127E-01  1.50852107E-02  3.64016186E-04  4.66791975E-01  1.34278026E-03  4.09990222E-01 -1.90550398E+00 -1.90550398E+00  0.00000000E+00
     121  1.13424312E-01  1.50252514E-02  3.60587360E-04  4.67590556E-01  1.33516614E-03  4.21990730E-01 -1.90481443E+00 -1.90481443E+00  0.00000000E+00
     131  1.13993423E-01  1.51982431E-02  3.68503306E-04  4.68218333E-01  1.36209331E-03  4.04233313E-01 -1.89814638E+00 -1.89814638E+00  0.00000000E+00
     141  1.14292103E-01  1.53733570E-02  3.81879143E-04  4.61398872E-01  1.42818456E-03  4.07757230E-01 -1.90254484E+00 -1.90254484E+00  0.00000000E+00
     151  1.14944757E-01  1.55071606E-02  3.88356915E-04  4.61674171E-01  1.41841352E-03  3.94665055E-01 -1.90095975E+00 -1.90095975E+00  0.00000000E+00
     161  1.15575614E-01  1.57164627E-02  4.07841803E-04  4.49622249E-01  1.45789450E-03  3.92467624E-01 -1.90205466E+00 -1.90205466E+00  0.00000000E+00
     171  1.16448333E-01  1.60719467E-02  4.43742567E-04  4.27371621E-01  1.55245625E-03  3.78103013E-01 -1.90146378E+00 -1.90146378E+00  0.00000000E+00
     181  1.16225650E-01  1.59739637E-02  4.35489572E-04  4.31106306E-01  1.52391913E-03  3.78067143E-01 -1.90317694E+00 -1.90317694E+00  0.00000000E+00
     191  1.15257407E-01  1.56840399E-02  4.20040588E-04  4.30814107E-01  1.48325435E-03  3.83168266E-01 -1.90168782E+00 -1.90168782E+00  0.00000000E+00
     201  1.15060513E-01  1.55993768E-02  4.11036962E-04  4.36952381E-01  1.45895445E-03  3.81273950E-01 -1.90122340E+00 -1.90122340E+00  0.00000000E+00
     211  1.14541141E-01  1.54325904E-02  3.99755817E-04  4.40505429E-01  1.42957224E-03  3.85314262E-01 -1.90347233E+00 -1.90347233E+00  0.00000000E+00
     221  1.14635459E-01  1.54993734E-02  4.07198535E-04  4.34989304E-01  1.45748958E-03  3.85399226E-01 -1.90418344E+00 -1.90418344E+00  0.00000000E+00
     231  1.13239750E-01  1.51570511E-02  3.91240240E-04  4.32334064E-01  1.44248568E-03  3.74902976E-01 -1.90314072E+00 -1.90314072E+00  0.00000000E+00
     241  1.12820045E-01  1.50463587E-02  3.85972588E-04  4.31706894E-01  1.43271139E-03  3.91923461E-01 -1.90391556E+00 -1.90391556E+00  0.00000000E+00
     251  1.12000710E-01  1.47926311E-02  3.71835736E-04  4.33579432E-01  1.38973974E-03  3.92284125E-01 -1.90601531E+00 -1.90601531E+00  0.00000000E+00
     261  1.11893254E-01  1.47267943E-02  3.65833360E-04  4.37729101E-01  1.36391761E-03  3.93630369E-01 -1.90581551E+00 -1.90581551E+00  0.00000000E+00
     271  1.11156157E-01  1.45354315E-02  3.57118086E-04  4.36576795E-01  1.34725799E-03  3.94693929E-01 -1.90633639E+00 -1.90633639E+00  0.00000000E+00
     281  1.10318836E-01  1.43411499E-02  3.49286808E-04  4.33900229E-01  1.34179662E-03  3.90926121E-01 -1.90598050E+00 -1.90598050E+00  0.00000000E+00
     291  1.10533293E-01  1.44220423E-02  3.55424046E-04  4.30397322E-01  1.36252030E-03  3.88739850E-01 -1.90672090E+00 -1.90672090E+00  0.00000000E+00
     301  1.10457184E-01  1.43804189E-02  3.51640572E-04  4.33193727E-01  1.34718938E-03  3.96535697E-01 -1.90492603E+00 -1.90492603E+00  0.00000000E+00
     311  1.10725964E-01  1.44500677E-02  3.55140422E-04  4.33057405E-01  1.35349338E-03  3.97445336E-01 -1.90593807E+00 -1.90593807E+00  0.00000000E+00
     321  1.11377813E-01  1.46165903E-02  3.64034594E-04  4.32024954E-01  1.36693318E-03  3.93394673E-01 -1.90840877E+00 -1.90840877E+00  0.00000000E+00
     331  1.11720809E-01  1.47028824E-02  3.67699830E-04  4.33020692E-01  1.37297193E-03  3.97408831E-01 -1.90724923E+00 -1.90724923E+00  0.00000000E+00
     341  1.11549803E-01  1.46860256E-02  3.69551635E-04  4.28856404E-01  1.38615186E-03  3.95478038E-01 -1.90667946E+00 -1.90667946E+00  0.00000000E+00
     351  1.12278590E-01  1.49067553E-02  3.78951384E-04  4.31545123E-01  1.42175733E-03  3.92675894E-01 -1.90566587E+00 -1.90566587E+00  0.00000000E+00
     361  1.12318374E-01  1.49009027E-02  3.77597959E-04  4.33130325E-01  1.41261719E-03  3.93602952E-01 -1.90593996E+00 -1.90593996E+00  0.00000000E+00
     371  1.12163278E-01  1.48140737E-02  3.70798588E-04  4.36793299E-01  1.38046901E-03  3.88778934E-01 -1.90558499E+00 -1.90558499E+00  0.00000000E+00
     381  1.13018633E-01  1.50151829E-02  3.78823291E-04  4.39914712E-01  1.38572188E-03  3.91437063E-01 -1.90625676E+00 -1.90625676E+00  0.00000000E+00
     391  1.13592237E-01  1.51756655E-02  3.85366408E-04  4.42227484E-01  1.40457194E-03  3.91365753E-01 -1.90884725E+00 -1.90884725E+00  0.00000000E+00
     401  1.13467023E-01  1.51445991E-02  3.83843963E-04  4.42149409E-01  1.40294302E-03  3.85828983E-01 -1.90961772E+00 -1.90961772E+00  0.00000000E+00
     411  1.13724571E-01  1.52041348E-02  3.86223434E-04  4.43078552E-01  1.40357540E-03  3.80926405E-01 -1.90789378E+00 -1.90789378E+00  0.00000000E+00
     421  1.13552405E-01  1.51249313E-02  3.80695614E-04  4.45285141E-01  1.37880628E-03  3.80302620E-01 -1.90860826E+00 -1.90860826E+00  0.00000000E+00
     431  1.13899459E-01  1.52184730E-02  3.84076846E-04  4.47216954E-01  1.38783247E-03  3.79611953E-01 -1.90767880E+00 -1.90767880E+00  0.00000000E+00
     441  1.13933343E-01  1.52319671E-02  3.84115815E-04  4.48139958E-01  1.39140146E-03  3.83511602E-01 -1.90966291E+00 -1.90966291E+00  0.00000000E+00
     451  1.14197206E-01  1.53316309E-02  3.92464694E-04  4.43451994E-01  1.41579618E-03  3.82219036E-01 -1.90997575E+00 -1.90997575E+00  0.00000000E+00
     461  1.13890760E-01  1.52707502E-02  3.89575605E-04  4.43135216E-01  1.42136881E-03  3.86828851E-01 -1.91049374E+00 -1.91049374E+00  0.00000000E+00
     471  1.13777300E-01  1.52420649E-02  3.87850144E-04  4.43512916E-01  1.41960478E-03  3.84504929E-01 -1.91033488E+00 -1.91033488E+00  0.00000000E+00
     481  1.13348169E-01  1.51122748E-02  3.80292733E-04  4.44943637E-01  1.39962621E-03  3.83844868E-01 -1.90948526E+00 -1.90948526E+00  0.00000000E+00
     491  1.13110967E-01  1.50274876E-02  3.75453823E-04  4.45805107E-01  1.38042198E-03  3.82752355E-01 -1.90991118E+00 -1.90991118E+00  0.00000000E+00
     501  1.12712470E-01  1.49393122E-02  3.72504749E-04  4.43648383E-01  1.38154350E-03  3.82516808E-01 -1.91018792E+00 -1.91018792E+00  0.00000000E+00
     511  1.12376710E-01  1.48530267E-02  3.68063888E-04  4.43875499E-01  1.37492417E-03  3.82534927E-01 -1.91034023E+00 -1.91034023E+00  0.00000000E+00
     521  1.12591794E-01  1.49169047E-02  3.71681812E-04  4.43208464E-01  1.38449876E-03  3.76806486E-01 -1.91185696E+00 -1.91185696E+00  0.00000000E+00
     531  1.12595677E-01  1.49029694E-02  3.69775455E-04  4.45027830E-01  1.37534521E-03  3.84123101E-01 -1.91113034E+00 -1.91113034E+00  0.00000000E+00
     541  1.11964356E-01  1.47932158E-02  3.66976686E-04  4.41025453E-01  1.39513366E-03  3.82425473E-01 -1.91091377E+00 -1.91091377E+00  0.00000000E+00
     551  1.11522842E-01  1.46852712E-02  3.61817123E-04  4.40752668E-01  1.38940282E-03  3.82724137E-01 -1.91126505E+00 -1.91126505E+00  0.00000000E+00
     561  1.11385960E-01  1.46403030E-02  3.58797364E-04  4.42008144E-01  1.38046778E-03  3.85358746E-01 -1.90896527E+00 -1.90896527E+00  0.00000000E+00
     571  1.11260645E-01  1.46217181E-02  3.59970839E-04  4.38759179E-01  1.38622594E-03  3.82899238E-01 -1.90847598E+00 -1.90847598E+00  0.00000000E+00
     581  1.11404764E-01  1.46741570E-02  3.63195924E-04  4.37770811E-01  1.39880310E-03  3.86816842E-01 -1.90731166E+00 -1.90731166E+00  0.00000000E+00
     591  1.11537024E-01  1.47013914E-02  3.63560950E-04  4.39288976E-01  1.39741114E-03  3.83029568E-01 -1.90631968E+00 -1.90631968E+00  0.00000000E+00
     601  1.11420458E-01  1.46733212E-02  3.62489497E-04  4.38800435E-01  1.39612497E-03  3.82357273E-01 -1.90650568E+00 -1.90650568E+00  0.00000000E+00
     611  1.11754232E-01  1.47718212E-02  3.70899593E-04  4.33412461E-01  1.41096512E-03  3.83059981E-01 -1.90663768E+00 -1.90663768E+00  0.00000000E+00
     621  1.12084305E-01  1.48263879E-02  3.71051296E-04  4.37345257E-01  1.39902602E-03  3.79602366E-01 -1.90820050E+00 -1.90820050E+00  0.00000000E+00
     631  1.11800339E-01  1.47405258E-02  3.66017055E-04  4.38494366E-01  1.38525124E-03  3.81096838E-01 -1.91006522E+00 -1.91006522E+00  0.00000000E+00
     641  1.12242473E-01  1.48556223E-02  3.70889506E-04  4.39801952E-01  1.39516503E-03  3.76824077E-01 -1.90923792E+00 -1.90923792E+00  0.00000000E+00
     651  1.12370193E-01  1.49030941E-02  3.75604566E-04  4.36288727E-01  1.40677526E-03  3.77059210E-01 -1.90900868E+00 -1.90900868E+00  0.00000000E+00
     661  1.12133984E-01  1.48467809E-02  3.73082911E-04  4.35817642E-01  1.40474594E-03  3.73832639E-01 -1.90871887E+00 -1.90871887E+00  0.00000000E+00
     671  1.12156628E-01  1.48685579E-02  3.74186375E-04  4.35805281E-01  1.41506678E-03  3.70754027E-01 -1.90904458E+00 -1.90904458E+00  0.00000000E+00
     681  1.11873148E-01  1.48061278E-02  3.71412492E-04  4.35255166E-01  1.41573291E-03  3.68171534E-01 -1.90799521E+00 -1.90799521E+00  0.00000000E+00
     691  1.12505418E-01  1.49889216E-02  3.81246151E-04  4.34355673E-01  1.44102848E-03  3.66465841E-01 -1.90909725E+00 -1.90909725E+00  0.00000000E+00
     701  1.12485091E-01  1.49895682E-02  3.80789765E-04  4.35081542E-01  1.44425486E-03  3.63791915E-01 -1.90954889E+00 -1.90954889E+00  0.00000000E+00
     711  1.11904754E-01  1.48474186E-02  3.74803478E-04  4.33264454E-01  1.43688245E-03  3.63203684E-01 -1.90893975E+00 -1.90893975E+00  0.00000000E+00
     721  1.11648308E-01  1.47834633E-02  3.71675610E-04  4.33120916E-01  1.43278703E-03  3.60554306E-01 -1.90877557E+00 -1.90877557E+00  0.00000000E+00
     731  1.11349775E-01  1.47252103E-02  3.69951413E-04  4.31277482E-01  1.43792901E-03  3.56637418E-01 -1.90843504E+00 -1.90843504E+00  0.00000000E+00
     741  1.11305272E-01  1.47056123E-02  3.68272480E-04  4.32348501E-01  1.43194031E-03  3.54539435E-01 -1.90841912E+00 -1.90841912E+00  0.00000000E+00
     751  1.11521939E-01  1.47698607E-02  3.73179031E-04  4.29779035E-01  1.44181056E-03  3.55387344E-01 -1.90836786E+00 -1.90836786E+00  0.00000000E+00
     761  1.11648479E-01  1.47946860E-02  3.73877678E-04  4.30627121E-01  1.43969995E-03  3.53910561E-01 -1.90804121E+00 -1.90804121E+00  0.00000000E+00
     771  1.11644159E-01  1.48020802E-02  3.74141912E-04  4.30793825E-01  1.44486642E-03  3.55241518E-01 -1.90901128E+00 -1.90901128E+00  0.00000000E+00
     781  1.11678556E-01  1.48027750E-02  3.74179269E-04  4.30790433E-01  1.44054798E-03  3.59092666E-01 -1.90893930E+00 -1.90893930E+00  0.00000000E+00
     791  1.11925869E-01  1.48661172E-02  3.76329340E-04  4.32387805E-01  1.44551855E-03  3.59201337E-01 -1.90952094E+00 -1.90952094E+00  0.00000000E+00
