   #Iter             <M>           <M^2>           <M^4>      U_{Binder}            \chi        C_v(tot)             <E>       <E_{exc}>       <E_{lsf}>
       1  1.14451190E+00  1.31746565E+00  1.77584738E+00  6.58959637E-01  8.11962988E-03  2.14556583E+00 -5.77776277E+00 -5.77776277E+00  0.00000000E+00
      11  1.13479351E+00  1.29206130E+00  1.69145438E+00  6.62267545E-01  4.62479128E-03  2.04572759E+00 -5.73905480E+00 -5.73905480E+00  0.00000000E+00
      21  1.11178826E+00  1.23983303E+00  1.55562894E+00  6.62667366E-01  4.03920577E-03  3.16339089E+00 -5.74966792E+00 -5.74966792E+00  0.00000000E+00
      31  1.11320048E+00  1.24371828E+00  1.56921612E+00  6.61843709E-01  4.83748026E-03  3.08137332E+00 -5.74194811E+00 -5.74194811E+00  0.00000000E+00
      41  1.12049037E+00  1.26014083E+00  1.61062911E+00  6.61907046E-01  4.98701313E-03  2.36731855E+00 -5.72307336E+00 -5.72307336E+00  0.00000000E+00
      51  1.11266103E+00  1.24374034E+00  1.57398366E+00  6.60828364E-01  6.15110416E-03  2.72238060E+00 -5.69903044E+00 -5.69903044E+00  0.00000000E+00
      61  1.11505126E+00  1.24925709E+00  1.58886265E+00  6.60639373E-01  6.35739104E-03  2.91047593E+00 -5.71134570E+00 -5.71134570E+00  0.00000000E+00
      71  1.10712305E+00  1.23190232E+00  1.54653089E+00  6.60308405E-01  6.64001201E-03  2.98849727E+00 -5.69493489E+00 -5.69493489E+00  0.00000000E+00
      81  1.11532745E+00  1.24986968E+00  1.59021228E+00  6.60683964E-01  6.35369556E-03  2.97261467E+00 -5.71209157E+00 -5.71209157E+00  0.00000000E+00
      91  1.12444525E+00  1.27012873E+00  1.64107281E+00  6.60913020E-01  6.17886303E-03  2.88036272E+00 -5.73130556E+00 -5.73130556E+00  0.00000000E+00
     101  1.12412668E+00  1.26922621E+00  1.63789076E+00  6.61089040E-01  5.97885251E-03  2.68900438E+00 -5.73276519E+00 -5.73276519E+00  0.00000000E+00
     111  1.12697877E+00  1.27541613E+00  1.65272373E+00  6.61331196E-01  5.73129899E-03  2.70391355E+00 -5.72925410E+00 -5.72925410E+00  0.00000000E+00
     121  1.12065540E+00  1.26098019E+00  1.61501535E+00  6.61437485E-01  5.49138444E-03  2.51432680E+00 -5.72982368E+00 -5.72982368E+00  0.00000000E+00
     131  1.11276033E+00  1.24376352E+00  1.57351625E+00  6.60941723E-01  5.93860439E-03  2.67628960E+00 -5.71327508E+00 -5.71327508E+00  0.00000000E+00
     141  1.10994927E+00  1.23764582E+00  1.55886821E+00  6.60769112E-01  6.07877978E-03  2.63106343E+00 -5.70859577E+00 -5.70859577E+00  0.00000000E+00
     151  1.10978434E+00  1.23715085E+00  1.55707001E+00  6.60889238E-01  5.94033519E-03  2.61521769E+00 -5.70825712E+00 -5.70825712E+00  0.00000000E+00
     161  1.10977712E+00  1.23721667E+00  1.55773141E+00  6.60781292E-01  6.02824931E-03  2.51796044E+00 -5.71230768E+00 -5.71230768E+00  0.00000000E+00
     171  1.10912621E+00  1.23560975E+00  1.55296856E+00  6.60938282E-01  5.85356358E-03  2.54295648E+00 -5.71507608E+00 -5.71507608E+00  0.00000000E+00
     181  1.10995697E+00  1.23725737E+00  1.55618267E+00  6.61140847E-01  5.64310003E-03  2.49868114E+00 -5.71647149E+00 -5.71647149E+00  0.00000000E+00
     191  1.10898891E+00  1.23519505E+00  1.55139073E+00  6.61055297E-01  5.73524053E-03  2.42866912E+00 -5.71349135E+00 -5.71349135E+00  0.00000000E+00
     201  1.11102266E+00  1.23986422E+00  1.56377788E+00  6.60917360E-01  5.90090330E-03  2.48963846E+00 -5.72090729E+00 -5.72090729E+00  0.00000000E+00
     211  1.11080146E+00  1.23937155E+00  1.56249375E+00  6.60926391E-01  5.89962224E-03  2.48320235E+00 -5.71774649E+00 -5.71774649E+00  0.00000000E+00
     221  1.11048432E+00  1.23857694E+00  1.56016778E+00  6.60996589E-01  5.80278220E-03  2.43294651E+00 -5.71618609E+00 -5.71618609E+00  0.00000000E+00
     231  1.11129425E+00  1.24035300E+00  1.56454195E+00  6.61019004E-01  5.77761345E-03  2.53056189E+00 -5.71775188E+00 -5.71775188E+00  0.00000000E+00
     241  1.11284948E+00  1.24367371E+00  1.57217880E+00  6.61180986E-01  5.62897402E-03  2.56855851E+00 -5.72299154E+00 -5.72299154E+00  0.00000000E+00
     251  1.11338228E+00  1.24492891E+00  1.57569627E+00  6.61107350E-01  5.70317256E-03  2.62721890E+00 -5.72491377E+00 -5.72491377E+00  0.00000000E+00
     261  1.11581082E+00  1.25022105E+00  1.58837388E+00  6.61266720E-01  5.57260915E-03  2.57081102E+00 -5.72523387E+00 -5.72523387E+00  0.00000000E+00
     271  1.11555616E+00  1.24961157E+00  1.58669334E+00  6.61294953E-01  5.52830516E-03  2.63097427E+00 -5.72865853E+00 -5.72865853E+00  0.00000000E+00
     281  1.11729375E+00  1.25343264E+00  1.59604499E+00  6.61372774E-01  5.46522254E-03  2.58010075E+00 -5.72959929E+00 -5.72959929E+00  0.00000000E+00
     291  1.11691637E+00  1.25254165E+00  1.59360675E+00  6.61408887E-01  5.41382515E-03  2.57050273E+00 -5.73128957E+00 -5.73128957E+00  0.00000000E+00
     301  1.11650981E+00  1.25158614E+00  1.59096944E+00  6.61452902E-01  5.36280507E-03  2.56716510E+00 -5.72815096E+00 -5.72815096E+00  0.00000000E+00
     311  1.11495094E+00  1.24815477E+00  1.58252505E+00  6.61395709E-01  5.41350237E-03  2.61939181E+00 -5.72706990E+00 -5.72706990E+00  0.00000000E+00
     321  1.11657061E+00  1.25176164E+00  1.59155688E+00  6.61422859E-01  5.40548790E-03  2.59706741E+00 -5.72976782E+00 -5.72976782E+00  0.00000000E+00
     331  1.11678586E+00  1.25222969E+00  1.59265448E+00  6.61442594E-01  5.39187434E-03  2.57074429E+00 -5.72843977E+00 -5.72843977E+00  0.00000000E+00
     341  1.11698384E+00  1.25259194E+00  1.59318256E+00  6.61526195E-01  5.30593990E-03  2.56408998E+00 -5.72922216E+00 -5.72922216E+00  0.00000000E+00
     351  1.11663357E+00  1.25180103E+00  1.59116479E+00  6.61527574E-01  5.29675805E-03  2.54028851E+00 -5.72694371E+00 -5.72694371E+00  0.00000000E+00
     361  1.11617448E+00  1.25070327E+00  1.58806395E+00  6.61593920E-01  5.21866132E-03  2.51658451E+00 -5.72596687E+00 -5.72596687E+00  0.00000000E+00
     371  1.11619618E+00  1.25070859E+00  1.58787552E+00  6.61636950E-01  5.17233602E-03  2.47182520E+00 -5.72557865E+00 -5.72557865E+00  0.00000000E+00
     381  1.11440857E+00  1.24693708E+00  1.57930744E+00  6.61423863E-01  5.40431152E-03  2.47329110E+00 -5.72246475E+00 -5.72246475E+00  0.00000000E+00
     391  1.11494729E+00  1.24803959E+00  1.58158700E+00  6.61533954E-01  5.29851694E-03  2.44143446E+00 -5.72359037E+00 -5.72359037E+00  0.00000000E+00
     401  1.11411023E+00  1.24623402E+00  1.57733691E+00  6.61464667E-01  5.36328124E-03  2.44038513E+00 -5.71989917E+00 -5.71989917E+00  0.00000000E+00
     411  1.11468591E+00  1.24744487E+00  1.58000335E+00  6.61550383E-01  5.28568590E-03  2.42240896E+00 -5.72027130E+00 -5.72027130E+00  0.00000000E+00
     421  1.11565347E+00  1.24950157E+00  1.58467298E+00  6.61666667E-01  5.17686788E-03  2.41085821E+00 -5.72017390E+00 -5.72017390E+00  0.00000000E+00
     431  1.11581911E+00  1.24998355E+00  1.58638215E+00  6.61562901E-01  5.29759086E-03  2.40279328E+00 -5.72184039E+00 -5.72184039E+00  0.00000000E+00
     441  1.11739225E+00  1.25347133E+00  1.59506396E+00  6.61601804E-01  5.27031766E-03  2.40275621E+00 -5.72426694E+00 -5.72426694E+00  0.00000000E+00
     451  1.11754576E+00  1.25376105E+00  1.59556460E+00  6.61652021E-01  5.21299817E-03  2.38477365E+00 -5.72493501E+00 -5.72493501E+00  0.00000000E+00
     461  1.11793857E+00  1.25465869E+00  1.59796510E+00  6.61627677E-01  5.23396883E-03  2.38175171E+00 -5.72563369E+00 -5.72563369E+00  0.00000000E+00
     471  1.11757662E+00  1.25380007E+00  1.59557186E+00  6.61671540E-01  5.18082762E-03  2.36558477E+00 -5.72585553E+00 -5.72585553E+00  0.00000000E+00
     481  1.11693976E+00  1.25237736E+00  1.59199456E+00  6.61662675E-01  5.18120821E-03  2.39457533E+00 -5.72317173E+00 -5.72317173E+00  0.00000000E+00
     491  1.11768415E+00  1.25409348E+00  1.59661595E+00  6.61608544E-01  5.23780257E-03  2.41793540E+00 -5.72444813E+00 -5.72444813E+00  0.00000000E+00
     501  1.11803120E+00  1.25489451E+00  1.59876115E+00  6.61586331E-01  5.26480652E-03  2.38955323E+00 -5.72548555E+00 -5.72548555E+00  0.00000000E+00
     511  1.11842109E+00  1.25587291E+00  1.60172709E+00  6.61486587E-01  5.37914249E-03  2.40034000E+00 -5.72737917E+00 -5.72737917E+00  0.00000000E+00
     521  1.11832573E+00  1.25559087E+00  1.60067845E+00  6.61556214E-01  5.30527912E-03  2.38142755E+00 -5.72561099E+00 -5.72561099E+00  0.00000000E+00
     531  1.11890435E+00  1.25701727E+00  1.60491305E+00  6.61430552E-01  5.44697396E-03  2.40586434E+00 -5.72700402E+00 -5.72700402E+00  0.00000000E+00
     541  1.11938675E+00  1.25815308E+00  1.60804267E+00  6.61382543E-01  5.50719975E-03  2.44735534E+00 -5.72804516E+00 -5.72804516E+00  0.00000000E+00
     551  1.11884659E+00  1.25698178E+00  1.60524022E+00  6.61342412E-01  5.54771726E-03  2.46897950E+00 -5.72618733E+00 -5.72618733E+00  0.00000000E+00
     561  1.11914754E+00  1.25759651E+00  1.60652098E+00  6.61403475E-01  5.48453544E-03  2.47351732E+00 -5.72495214E+00 -5.72495214E+00  0.00000000E+00
     571  1.12030293E+00  1.26019714E+00  1.61318649E+00  6.61400479E-01  5.49871943E-03  2.48381570E+00 -5.72526373E+00 -5.72526373E+00  0.00000000E+00
     581  1.12114989E+00  1.26203642E+00  1.61757232E+00  6.61468817E-01  5.43517263E-03  2.46129979E+00 -5.72630466E+00 -5.72630466E+00  0.00000000E+00
     591  1.12148848E+00  1.26273380E+00  1.61903643E+00  6.61536565E-01  5.36860866E-03  2.45878218E+00 -5.72594338E+00 -5.72594338E+00  0.00000000E+00
     601  1.12179887E+00  1.26342699E+00  1.62079383E+00  6.61540883E-01  5.36529052E-03  2.48260245E+00 -5.72507599E+00 -5.72507599E+00  0.00000000E+00
     611  1.12191088E+00  1.26363003E+00  1.62107395E+00  6.61591160E-01  5.31342393E-03  2.47046437E+00 -5.72554363E+00 -5.72554363E+00  0.00000000E+00
     621  1.12194028E+00  1.26372317E+00  1.62142683E+00  6.61567390E-01  5.34262354E-03  2.47833440E+00 -5.72423053E+00 -5.72423053E+00  0.00000000E+00
     631  1.12208305E+00  1.26413815E+00  1.62293371E+00  6.61475233E-01  5.44423562E-03  2.50136285E+00 -5.72509302E+00 -5.72509302E+00  0.00000000E+00
     641  1.12180083E+00  1.26355293E+00  1.62167562E+00  6.61424246E-01  5.49584858E-03  2.51377500E+00 -5.72438963E+00 -5.72438963E+00  0.00000000E+00
     651  1.12050449E+00  1.26073048E+00  1.61487431E+00  6.61332934E-01  5.58647092E-03  2.55687233E+00 -5.72068805E+00 -5.72068805E+00  0.00000000E+00
     661  1.12059231E+00  1.26091182E+00  1.61528917E+00  6.61343361E-01  5.56983896E-03  2.53927665E+00 -5.72137305E+00 -5.72137305E+00  0.00000000E+00
     671  1.12059166E+00  1.26093507E+00  1.61547060E+00  6.61317815E-01  5.59639277E-03  2.53603176E+00 -5.72151144E+00 -5.72151144E+00  0.00000000E+00
     681  1.11973546E+00  1.25904208E+00  1.61080192E+00  6.61280347E-01  5.62341884E-03  2.52850190E+00 -5.72163230E+00 -5.72163230E+00  0.00000000E+00
     691  1.11975818E+00  1.25906829E+00  1.61073887E+00  6.61307709E-01  5.59692303E-03  2.52073813E+00 -5.72352139E+00 -5.72352139E+00  0.00000000E+00
     701  1.12007186E+00  1.25973249E+00  1.61224787E+00  6.61347805E-01  5.55568552E-03  2.53138132E+00 -5.72372786E+00 -5.72372786E+00  0.00000000E+00
     711  1.11997588E+00  1.25950296E+00  1.61160827E+00  6.61358755E-01  5.54006022E-03  2.51762438E+00 -5.72344461E+00 -5.72344461E+00  0.00000000E+00
     721  1.11965019E+00  1.25882192E+00  1.61011468E+00  6.61306423E-01  5.59204773E-03  2.51369944E+00 -5.72367723E+00 -5.72367723E+00  0.00000000E+00
     731  1.12042352E+00  1.26059107E+00  1.61481047E+00  6.61271412E-01  5.63162229E-03  2.53311325E+00 -5.72459077E+00 -5.72459077E+00  0.00000000E+00
     741  1.11956887E+00  1.25871593E+00  1.61024016E+00  6.61222981E-01  5.67379956E-03  2.54320055E+00 -5.72306051E+00 -5.72306051E+00  0.00000000E+00
     751  1.11853235E+00  1.25643882E+00  1.60467322E+00  6.61169373E-01  5.71969856E-03  2.55458677E+00 -5.72197382E+00 -5.72197382E+00  0.00000000E+00
     761  1.11919368E+00  1.25789575E+00  1.60825319E+00  6.61199635E-01  5.69506609E-03  2.55306627E+00 -5.72366275E+00 -5.72366275E+00  0.00000000E+00
     771  1.11949387E+00  1.25851702E+00  1.60957713E+00  6.61255420E-01  5.64052413E-03  2.53046684E+00 -5.72384211E+00 -5.72384211E+00  0.00000000E+00
     781  1.11977513E+00  1.25909518E+00  1.61078102E+00  6.61313312E-01  5.58504455E-03  2.51223197E+00 -5.72396917E+00 -5.72396917E+00  0.00000000E+00
     791  1.12016405E+00  1.25994383E+00  1.61283829E+00  6.61337429E-01  5.56084650E-03  2.49173873E+00 -5.72455860E+00 -5.72455860E+00  0.00000000E+00
