   #Iter             <M>           <M^2>           <M^4>      U_{Binder}            \chi        C_v(tot)             <E>       <E_{exc}>       <E_{lsf}>
       1  8.80877189E-02  9.25751106E-03  1.56353200E-04  3.91869142E-01  1.07289918E-03  6.60885097E-01 -2.48482919E+00 -2.48482919E+00  0.00000000E+00
      11  1.30136217E-01  2.13016331E-02  9.15715380E-04  3.27312351E-01  3.12702787E-03  6.34343791E-01 -2.41826588E+00 -2.41826588E+00  0.00000000E+00
      21  1.32076410E-01  2.06551777E-02  7.40521713E-04  4.21426321E-01  2.29968608E-03  5.41039609E-01 -2.39776294E+00 -2.39776294E+00  0.00000000E+00
      31  1.41291117E-01  2.37275144E-02  9.53234539E-04  4.35616872E-01  2.69597917E-03  5.15478501E-01 -2.40477380E+00 -2.40477380E+00  0.00000000E+00
      41  1.26776998E-01  1.94369411E-02  6.80619879E-04  3.99479915E-01  2.40964576E-03  5.33685301E-01 -2.39264906E+00 -2.39264906E+00  0.00000000E+00
      51  1.30686572E-01  2.06400118E-02  7.58292322E-04  4.06671074E-01  2.55037557E-03  5.18862939E-01 -2.39734805E+00 -2.39734805E+00  0.00000000E+00
      61  1.35913360E-01  2.24539764E-02  9.48613656E-04  3.72835318E-01  2.85153599E-03  5.35515692E-01 -2.40087661E+00 -2.40087661E+00  0.00000000E+00
      71  1.33544540E-01  2.15379421E-02  8.46468183E-04  3.91751604E-01  2.65262342E-03  5.26006645E-01 -2.38751742E+00 -2.38751742E+00  0.00000000E+00
      81  1.33087690E-01  2.12641955E-02  8.22582011E-04  3.93598814E-01  2.54380855E-03  5.25492858E-01 -2.39884415E+00 -2.39884415E+00  0.00000000E+00
      91  1.31997738E-01  2.09680486E-02  8.08258245E-04  3.87208318E-01  2.53864023E-03  5.96203042E-01 -2.39811817E+00 -2.39811817E+00  0.00000000E+00
     101  1.33866119E-01  2.15441638E-02  8.51126320E-04  3.88757587E-01  2.59549158E-03  5.72725547E-01 -2.39243452E+00 -2.39243452E+00  0.00000000E+00
     111  1.37711361E-01  2.27794023E-02  9.43783209E-04  3.93729630E-01  2.73225331E-03  5.44388010E-01 -2.38884361E+00 -2.38884361E+00  0.00000000E+00
     121  1.38867988E-01  2.30309320E-02  9.47129293E-04  4.04797171E-01  2.68328779E-03  5.62539432E-01 -2.38774885E+00 -2.38774885E+00  0.00000000E+00
     131  1.39011675E-01  2.30374125E-02  9.38899936E-04  4.10300640E-01  2.65933322E-03  5.71925421E-01 -2.38106174E+00 -2.38106174E+00  0.00000000E+00
     141  1.39178113E-01  2.30940612E-02  9.44160688E-04  4.09902149E-01  2.66674393E-03  5.91363892E-01 -2.38204884E+00 -2.38204884E+00  0.00000000E+00
     151  1.39473876E-01  2.31149480E-02  9.32578758E-04  4.18193697E-01  2.62267797E-03  5.87159190E-01 -2.38799561E+00 -2.38799561E+00  0.00000000E+00
     161  1.41671149E-01  2.38373291E-02  9.75738965E-04  4.27603186E-01  2.69761208E-03  6.11465276E-01 -2.38921574E+00 -2.38921574E+00  0.00000000E+00
     171  1.42465289E-01  2.40837068E-02  1.00412690E-03  4.22940380E-01  2.71246116E-03  6.06357783E-01 -2.39245728E+00 -2.39245728E+00  0.00000000E+00
     181  1.41037533E-01  2.35942957E-02  9.56895921E-04  4.27033260E-01  2.65184424E-03  6.08192257E-01 -2.39369666E+00 -2.39369666E+00  0.00000000E+00
     191  1.41026804E-01  2.35555479E-02  9.49014982E-04  4.29881160E-01  2.62626085E-03  6.01111066E-01 -2.39144828E+00 -2.39144828E+00  0.00000000E+00
     201  1.41470670E-01  2.36348712E-02  9.44315882E-04  4.36505658E-01  2.59326751E-03  5.94040267E-01 -2.39441270E+00 -2.39441270E+00  0.00000000E+00
     211  1.40805904E-01  2.35048224E-02  9.43758690E-04  4.30589121E-01  2.63451944E-03  6.10671577E-01 -2.39443146E+00 -2.39443146E+00  0.00000000E+00
     221  1.40883735E-01  2.35511037E-02  9.51228741E-04  4.28335557E-01  2.65196369E-03  6.19280045E-01 -2.39201490E+00 -2.39201490E+00  0.00000000E+00
     231  1.40251272E-01  2.33382527E-02  9.31749552E-04  4.29781556E-01  2.62686587E-03  6.23967629E-01 -2.39229961E+00 -2.39229961E+00  0.00000000E+00
     241  1.39630654E-01  2.31179187E-02  9.22320491E-04  4.24741377E-01  2.59346705E-03  6.16512027E-01 -2.39031941E+00 -2.39031941E+00  0.00000000E+00
     251  1.41078293E-01  2.36696261E-02  9.67386956E-04  4.24432611E-01  2.69755945E-03  6.15790358E-01 -2.39361459E+00 -2.39361459E+00  0.00000000E+00
     261  1.42115312E-01  2.39427611E-02  9.78147802E-04  4.31232510E-01  2.68284758E-03  6.10815747E-01 -2.39389719E+00 -2.39389719E+00  0.00000000E+00
     271  1.40477770E-01  2.34797027E-02  9.46054989E-04  4.27981678E-01  2.68263237E-03  6.07619248E-01 -2.39377993E+00 -2.39377993E+00  0.00000000E+00
     281  1.39948315E-01  2.32798312E-02  9.27861813E-04  4.29307202E-01  2.64582132E-03  6.07050501E-01 -2.39150300E+00 -2.39150300E+00  0.00000000E+00
     291  1.39503399E-01  2.31119967E-02  9.15125342E-04  4.28936514E-01  2.61466561E-03  6.13084250E-01 -2.39309119E+00 -2.39309119E+00  0.00000000E+00
     301  1.39063127E-01  2.29343400E-02  8.98857905E-04  4.30364177E-01  2.57526676E-03  6.04506773E-01 -2.39297302E+00 -2.39297302E+00  0.00000000E+00
     311  1.39412389E-01  2.29908953E-02  8.94939758E-04  4.35634082E-01  2.54611396E-03  6.05097885E-01 -2.39431078E+00 -2.39431078E+00  0.00000000E+00
     321  1.40316527E-01  2.32205531E-02  9.03977342E-04  4.41155255E-01  2.52945834E-03  6.06298342E-01 -2.39355517E+00 -2.39355517E+00  0.00000000E+00
     331  1.41107607E-01  2.33846012E-02  9.04319202E-04  4.48760205E-01  2.48750315E-03  6.02568612E-01 -2.39380292E+00 -2.39380292E+00  0.00000000E+00
     341  1.40103927E-01  2.30420576E-02  8.80285163E-04  4.47337991E-01  2.44431890E-03  6.06989907E-01 -2.39520958E+00 -2.39520958E+00  0.00000000E+00
     351  1.40613505E-01  2.32255618E-02  8.92821593E-04  4.48289849E-01  2.47329372E-03  5.97026751E-01 -2.39326815E+00 -2.39326815E+00  0.00000000E+00
     361  1.40298085E-01  2.31357346E-02  8.87733248E-04  4.47166127E-01  2.47241852E-03  5.89205128E-01 -2.39242736E+00 -2.39242736E+00  0.00000000E+00
     371  1.39833299E-01  2.29377029E-02  8.69439988E-04  4.49168830E-01  2.42383891E-03  5.97521933E-01 -2.39196506E+00 -2.39196506E+00  0.00000000E+00
     381  1.40330467E-01  2.31268638E-02  8.83435719E-04  4.49420275E-01  2.45955713E-03  6.03197627E-01 -2.39487166E+00 -2.39487166E+00  0.00000000E+00
     391  1.40150957E-01  2.31471024E-02  8.94783021E-04  4.43323081E-01  2.51011144E-03  5.97148968E-01 -2.39546074E+00 -2.39546074E+00  0.00000000E+00
     401  1.39481073E-01  2.29399750E-02  8.79360626E-04  4.42993991E-01  2.49592623E-03  5.95680252E-01 -2.39638877E+00 -2.39638877E+00  0.00000000E+00
     411  1.39641935E-01  2.29843474E-02  8.79160948E-04  4.45268563E-01  2.49554825E-03  6.02829683E-01 -2.39860480E+00 -2.39860480E+00  0.00000000E+00
     421  1.39000569E-01  2.28057372E-02  8.66016057E-04  4.44969997E-01  2.49562097E-03  5.93784164E-01 -2.39871214E+00 -2.39871214E+00  0.00000000E+00
     431  1.39584964E-01  2.29891922E-02  8.76456840E-04  4.47207863E-01  2.51041098E-03  5.95473853E-01 -2.39974587E+00 -2.39974587E+00  0.00000000E+00
     441  1.39519787E-01  2.29659995E-02  8.75371618E-04  4.46776648E-01  2.50682906E-03  5.85554584E-01 -2.39861742E+00 -2.39861742E+00  0.00000000E+00
     451  1.39103345E-01  2.28207014E-02  8.64851924E-04  4.46442773E-01  2.48586775E-03  5.88926369E-01 -2.39852530E+00 -2.39852530E+00  0.00000000E+00
     461  1.38977593E-01  2.27729222E-02  8.62970483E-04  4.45326827E-01  2.47669336E-03  5.91326447E-01 -2.39754319E+00 -2.39754319E+00  0.00000000E+00
     471  1.38992342E-01  2.27753855E-02  8.60936107E-04  4.46754112E-01  2.47552135E-03  5.80693244E-01 -2.39621137E+00 -2.39621137E+00  0.00000000E+00
     481  1.38506267E-01  2.25826743E-02  8.44480424E-04  4.48027310E-01  2.43410689E-03  5.85175371E-01 -2.39773283E+00 -2.39773283E+00  0.00000000E+00
     491  1.38520909E-01  2.25613744E-02  8.40452188E-04  4.49622526E-01  2.41594717E-03  5.99614887E-01 -2.39731678E+00 -2.39731678E+00  0.00000000E+00
     501  1.38347623E-01  2.25064634E-02  8.37489072E-04  4.48883541E-01  2.41098123E-03  5.95543464E-01 -2.39750182E+00 -2.39750182E+00  0.00000000E+00
     511  1.38817558E-01  2.26700356E-02  8.47443893E-04  4.50351188E-01  2.43484670E-03  5.93554184E-01 -2.39891973E+00 -2.39891973E+00  0.00000000E+00
     521  1.39160153E-01  2.27791067E-02  8.54631774E-04  4.50984756E-01  2.44475685E-03  5.97038744E-01 -2.39880868E+00 -2.39880868E+00  0.00000000E+00
     531  1.38448216E-01  2.26126847E-02  8.47021334E-04  4.47835045E-01  2.46711466E-03  6.00554011E-01 -2.39940138E+00 -2.39940138E+00  0.00000000E+00
     541  1.38447516E-01  2.26440589E-02  8.53825754E-04  4.44940623E-01  2.48972319E-03  6.00075440E-01 -2.39841246E+00 -2.39841246E+00  0.00000000E+00
     551  1.39015274E-01  2.28146120E-02  8.64151358E-04  4.46595879E-01  2.49904910E-03  6.05321025E-01 -2.39856605E+00 -2.39856605E+00  0.00000000E+00
     561  1.39420374E-01  2.29188478E-02  8.69264700E-04  4.48373362E-01  2.49291944E-03  6.12688161E-01 -2.39781344E+00 -2.39781344E+00  0.00000000E+00
     571  1.39692697E-01  2.30060387E-02  8.73547777E-04  4.49849243E-01  2.50092793E-03  6.18403131E-01 -2.39955402E+00 -2.39955402E+00  0.00000000E+00
     581  1.40203957E-01  2.31990484E-02  8.90381053E-04  4.48539621E-01  2.53667274E-03  6.17325329E-01 -2.40022120E+00 -2.40022120E+00  0.00000000E+00
     591  1.39505743E-01  2.29870960E-02  8.75594726E-04  4.47650886E-01  2.52474458E-03  6.16064323E-01 -2.39927749E+00 -2.39927749E+00  0.00000000E+00
     601  1.38845888E-01  2.27629846E-02  8.60583662E-04  4.46377883E-01  2.49578202E-03  6.20372646E-01 -2.39910723E+00 -2.39910723E+00  0.00000000E+00
     611  1.39114287E-01  2.28594379E-02  8.67986586E-04  4.46317668E-01  2.51143011E-03  6.17249424E-01 -2.39749175E+00 -2.39749175E+00  0.00000000E+00
     621  1.38597058E-01  2.26958826E-02  8.58218227E-04  4.44630112E-01  2.49716733E-03  6.12677609E-01 -2.39570782E+00 -2.39570782E+00  0.00000000E+00
     631  1.37970796E-01  2.24977035E-02  8.44865346E-04  4.43596486E-01  2.47928022E-03  6.20526089E-01 -2.39547285E+00 -2.39547285E+00  0.00000000E+00
     641  1.38298843E-01  2.25868059E-02  8.48460936E-04  4.45628422E-01  2.47818672E-03  6.22938723E-01 -2.39560836E+00 -2.39560836E+00  0.00000000E+00
     651  1.38298774E-01  2.25980693E-02  8.53081859E-04  4.43164674E-01  2.48626710E-03  6.27672919E-01 -2.39483941E+00 -2.39483941E+00  0.00000000E+00
     661  1.38561243E-01  2.26604436E-02  8.56087204E-04  4.44274997E-01  2.47889542E-03  6.31113959E-01 -2.39536263E+00 -2.39536263E+00  0.00000000E+00
     671  1.38646974E-01  2.26672017E-02  8.53960125E-04  4.45986279E-01  2.46671493E-03  6.31900188E-01 -2.39566662E+00 -2.39566662E+00  0.00000000E+00
     681  1.38384554E-01  2.25564429E-02  8.44559992E-04  4.46690632E-01  2.43945664E-03  6.29668794E-01 -2.39497345E+00 -2.39497345E+00  0.00000000E+00
     691  1.38856409E-01  2.26906120E-02  8.51136539E-04  4.48956907E-01  2.44185707E-03  6.31437614E-01 -2.39560701E+00 -2.39560701E+00  0.00000000E+00
     701  1.39355972E-01  2.28540022E-02  8.62333063E-04  4.49662316E-01  2.45933608E-03  6.29964059E-01 -2.39600191E+00 -2.39600191E+00  0.00000000E+00
     711  1.38838601E-01  2.27159288E-02  8.55036596E-04  4.47665142E-01  2.46353038E-03  6.27886476E-01 -2.39533096E+00 -2.39533096E+00  0.00000000E+00
     721  1.38945592E-01  2.27376260E-02  8.54459540E-04  4.49090816E-01  2.45778429E-03  6.29481540E-01 -2.39552676E+00 -2.39552676E+00  0.00000000E+00
     731  1.38530752E-01  2.26014335E-02  8.44775777E-04  4.48750477E-01  2.44268387E-03  6.35191529E-01 -2.39525656E+00 -2.39525656E+00  0.00000000E+00
     741  1.38720302E-01  2.27221262E-02  8.62659547E-04  4.43044827E-01  2.49148507E-03  6.35327626E-01 -2.39542262E+00 -2.39542262E+00  0.00000000E+00
     751  1.38752448E-01  2.27697027E-02  8.71248556E-04  4.39847737E-01  2.51917068E-03  6.34709230E-01 -2.39512817E+00 -2.39512817E+00  0.00000000E+00
     761  1.39396132E-01  2.29507094E-02  8.81029803E-04  4.42458607E-01  2.52057926E-03  6.31981762E-01 -2.39533970E+00 -2.39533970E+00  0.00000000E+00
     771  1.39625415E-01  2.30285243E-02  8.86098498E-04  4.43034200E-01  2.53049132E-03  6.30452511E-01 -2.39603960E+00 -2.39603960E+00  0.00000000E+00
     781  1.39821310E-01  2.30815500E-02  8.88862431E-04  4.43860994E-01  2.52926195E-03  6.32196468E-01 -2.39631642E+00 -2.39631642E+00  0.00000000E+00
     791  1.39732797E-01  2.30288650E-02  8.84016233E-04  4.44359470E-01  2.50925117E-03  6.27351962E-01 -2.39661456E+00 -2.39661456E+00  0.00000000E+00
