   #Iter           <M>_x           <M>_y           <M>_z             <M>        M_{stdv}
       0 -1.40936162E+00 -6.65063399E-01  9.45142091E-01  2.21235064E+00  7.84420160E-04
      50 -1.40661607E+00 -6.59909720E-01  9.37143759E-01  2.21223517E+00  4.63999119E-04
     100 -1.40644795E+00 -6.64421231E-01  9.40446995E-01  2.21285435E+00  5.96827801E-04
     150 -1.40891252E+00 -6.58561274E-01  9.43499115E-01  2.21336505E+00  3.63277592E-04
     200 -1.40602805E+00 -6.56428628E-01  9.47780034E-01  2.21297810E+00  3.90274523E-04
     250 -1.40616246E+00 -6.62519474E-01  9.44602651E-01  2.21263688E+00  2.53040944E-04
     300 -1.40679957E+00 -6.60703173E-01  9.44825145E-01  2.21331741E+00  6.80643770E-04
     350 -1.40658225E+00 -6.64330596E-01  9.43301888E-01  2.21297959E+00  4.89668785E-04
     400 -1.40617303E+00 -6.63903145E-01  9.40987747E-01  2.21275405E+00  7.39781879E-04
     450 -1.40739490E+00 -6.61425172E-01  9.44758084E-01  2.21312954E+00  6.76948005E-04
     500 -1.41122374E+00 -6.68335219E-01  9.48373840E-01  2.21332351E+00  5.54648311E-04
     550 -1.40950656E+00 -6.76744732E-01  9.49032925E-01  2.21330559E+00  3.59068189E-04
     600 -1.40672660E+00 -6.74971721E-01  9.45756308E-01  2.21268394E+00  6.97285509E-04
     650 -1.40416344E+00 -6.77583183E-01  9.45419042E-01  2.21318062E+00  6.55409298E-04
     700 -1.40672840E+00 -6.70268089E-01  9.41531967E-01  2.21274563E+00  7.74410309E-04
     750 -1.40445592E+00 -6.68870995E-01  9.42507588E-01  2.21227333E+00  5.56041529E-04
     800 -1.40398299E+00 -6.68631236E-01  9.45168697E-01  2.21308947E+00  8.27325627E-04
     850 -1.40754181E+00 -6.60977132E-01  9.43425153E-01  2.21322755E+00  6.02703566E-04
     900 -1.40331337E+00 -6.56327097E-01  9.48095658E-01  2.21345896E+00  3.45162961E-04
     950 -1.40768909E+00 -6.55933845E-01  9.41265331E-01  2.21288862E+00  6.45510437E-04
    1000 -1.40857186E+00 -6.47008781E-01  9.40339930E-01  2.21300601E+00  4.42547004E-04
    1050 -1.40748120E+00 -6.45693335E-01  9.44057878E-01  2.21271198E+00  5.40952580E-04
    1100 -1.41130322E+00 -6.48484366E-01  9.43715897E-01  2.21304082E+00  4.22237140E-04
    1150 -1.40651953E+00 -6.55112128E-01  9.45063107E-01  2.21346477E+00  3.71856824E-04
    1200 -1.40715917E+00 -6.53960381E-01  9.44381649E-01  2.21350102E+00  4.04850481E-04
    1250 -1.40531802E+00 -6.56130236E-01  9.43481430E-01  2.21311952E+00  2.38055993E-04
    1300 -1.40863766E+00 -6.59210622E-01  9.34718129E-01  2.21357409E+00  4.36283465E-04
    1350 -1.40897405E+00 -6.58422852E-01  9.37347473E-01  2.21326971E+00  7.96377228E-04
    1400 -1.40918776E+00 -6.53671702E-01  9.38645910E-01  2.21310126E+00  5.93038926E-04
    1450 -1.40782479E+00 -6.51644933E-01  9.40086213E-01  2.21321251E+00  5.08540534E-04
    1500 -1.40500403E+00 -6.48655148E-01  9.47191892E-01  2.21294019E+00  5.53516800E-04
    1550 -1.40673150E+00 -6.45100114E-01  9.48349574E-01  2.21267166E+00  5.43563490E-04
    1600 -1.41181011E+00 -6.51251647E-01  9.46501301E-01  2.21308624E+00  6.67158613E-04
    1650 -1.41297425E+00 -6.52192936E-01  9.42754238E-01  2.21330688E+00  4.32530018E-04
    1700 -1.41396008E+00 -6.54404674E-01  9.44733920E-01  2.21329557E+00  2.12642149E-04
    1750 -1.41407449E+00 -6.58083663E-01  9.40364763E-01  2.21332362E+00  4.80695209E-04
    1800 -1.41691589E+00 -6.51050642E-01  9.39262797E-01  2.21338090E+00  7.82793268E-04
    1850 -1.42094139E+00 -6.49408796E-01  9.36690147E-01  2.21331624E+00  5.64643421E-04
    1900 -1.42175416E+00 -6.45434871E-01  9.40065736E-01  2.21325434E+00  5.55964488E-04
    1950 -1.41775007E+00 -6.42603445E-01  9.44892071E-01  2.21275120E+00  5.92702432E-04
    2000 -1.41672187E+00 -6.40903265E-01  9.50470102E-01  2.21315075E+00  8.45204848E-04
    2050 -1.41705566E+00 -6.31737506E-01  9.51476204E-01  2.21307346E+00  6.79298188E-04
    2100 -1.41859872E+00 -6.32371325E-01  9.41782585E-01  2.21312550E+00  7.17044458E-04
    2150 -1.41463624E+00 -6.27354193E-01  9.49838518E-01  2.21268896E+00  5.30265239E-04
    2200 -1.41716197E+00 -6.24757834E-01  9.53049064E-01  2.21263738E+00  4.68147899E-04
    2250 -1.41910444E+00 -6.26385210E-01  9.57728630E-01  2.21304214E+00  8.26266725E-04
    2300 -1.41878321E+00 -6.28603436E-01  9.60240313E-01  2.21315067E+00  4.35218444E-04
    2350 -1.42242849E+00 -6.24482470E-01  9.61382001E-01  2.21283356E+00  4.62048282E-04
    2400 -1.42198361E+00 -6.23868297E-01  9.55916598E-01  2.21315209E+00  6.39757874E-04
    2450 -1.42722049E+00 -6.32402840E-01  9.48287534E-01  2.21315906E+00  2.09560717E-04
    2500 -1.43133340E+00 -6.32673810E-01  9.49567578E-01  2.21310830E+00  7.57451953E-04
    2550 -1.43187632E+00 -6.35135807E-01  9.50144153E-01  2.21305610E+00  9.75931524E-04
    2600 -1.43095366E+00 -6.41438749E-01  9.53083687E-01  2.21316152E+00  4.86624674E-04
    2650 -1.43644252E+00 -6.37496825E-01  9.53569608E-01  2.21336388E+00  4.93982645E-04
    2700 -1.43447787E+00 -6.30383656E-01  9.63174423E-01  2.21275651E+00  5.18428857E-04
    2750 -1.43324827E+00 -6.32564270E-01  9.58526010E-01  2.21259994E+00  6.68389467E-04
    2800 -1.43781864E+00 -6.25038434E-01  9.54702906E-01  2.21219884E+00  9.41621005E-04
    2850 -1.44152187E+00 -6.24699831E-01  9.51259451E-01  2.21319810E+00  5.75582637E-04
    2900 -1.43983960E+00 -6.29990678E-01  9.55578451E-01  2.21319165E+00  3.30191209E-04
    2950 -1.44006981E+00 -6.30000129E-01  9.61579514E-01  2.21308361E+00  6.17519969E-04
    3000 -1.43480684E+00 -6.30517842E-01  9.71310873E-01  2.21315912E+00  4.87952433E-04
    3050 -1.42989515E+00 -6.28536524E-01  9.74387103E-01  2.21322817E+00  7.25958225E-04
    3100 -1.43183162E+00 -6.37662037E-01  9.75702845E-01  2.21351749E+00  8.38470495E-04
    3150 -1.43648638E+00 -6.30461905E-01  9.73112582E-01  2.21367870E+00  6.07999416E-04
    3200 -1.44008915E+00 -6.21206541E-01  9.70565026E-01  2.21350799E+00  3.86747814E-04
    3250 -1.44151990E+00 -6.23709295E-01  9.63874737E-01  2.21336771E+00  7.16953583E-04
    3300 -1.44601091E+00 -6.19524374E-01  9.60815076E-01  2.21353508E+00  4.35247065E-04
    3350 -1.44973367E+00 -6.14783937E-01  9.59470912E-01  2.21341672E+00  5.72189550E-04
    3400 -1.45213060E+00 -6.13955296E-01  9.56743388E-01  2.21330724E+00  6.17594270E-04
    3450 -1.44975778E+00 -6.16800000E-01  9.52553942E-01  2.21331373E+00  1.82762647E-04
    3500 -1.44743581E+00 -6.24166790E-01  9.54366858E-01  2.21317655E+00  5.58375799E-04
    3550 -1.44915154E+00 -6.25321380E-01  9.54843539E-01  2.21316537E+00  5.72402873E-04
    3600 -1.44758690E+00 -6.20947652E-01  9.56883170E-01  2.21333546E+00  3.58493955E-04
    3650 -1.45493864E+00 -6.16020874E-01  9.54488492E-01  2.21328869E+00  3.14290646E-04
    3700 -1.45613787E+00 -6.14712677E-01  9.47634741E-01  2.21345995E+00  9.49660638E-04
    3750 -1.45800193E+00 -6.11318341E-01  9.51370942E-01  2.21337046E+00  8.00499556E-04
    3800 -1.45690216E+00 -6.09492308E-01  9.49956505E-01  2.21301909E+00  5.71400261E-04
    3850 -1.45949379E+00 -6.13789640E-01  9.45559377E-01  2.21287682E+00  2.44908566E-04
    3900 -1.45896232E+00 -6.10407439E-01  9.41439413E-01  2.21233969E+00  9.14943520E-04
    3950 -1.46188234E+00 -6.04926518E-01  9.46216121E-01  2.21263517E+00  3.98845165E-04
    4000 -1.46816008E+00 -6.10013803E-01  9.41357050E-01  2.21294140E+00  4.14426935E-04
    4050 -1.46474620E+00 -6.06400443E-01  9.42803681E-01  2.21328717E+00  5.01982899E-04
    4100 -1.46132248E+00 -6.07236867E-01  9.46760528E-01  2.21334492E+00  8.79121554E-04
    4150 -1.46761016E+00 -6.06387043E-01  9.37685383E-01  2.21355514E+00  7.29404572E-04
    4200 -1.47151451E+00 -6.04673034E-01  9.30952610E-01  2.21304227E+00  7.21245351E-04
    4250 -1.47180044E+00 -6.07787534E-01  9.31753756E-01  2.21250609E+00  7.73937601E-04
    4300 -1.47329286E+00 -6.04961430E-01  9.26054195E-01  2.21265295E+00  3.31150011E-04
    4350 -1.47083950E+00 -6.00558741E-01  9.30035456E-01  2.21291429E+00  7.09719738E-04
    4400 -1.47060704E+00 -6.02294030E-01  9.32185132E-01  2.21299364E+00  4.41535181E-04
    4450 -1.47405195E+00 -6.02069830E-01  9.24267809E-01  2.21293014E+00  5.07070722E-04
    4500 -1.47414406E+00 -6.05257373E-01  9.28547289E-01  2.21272830E+00  1.17021705E-03
    4550 -1.47543368E+00 -6.06054814E-01  9.34254409E-01  2.21258403E+00  1.11625039E-03
    4600 -1.48088341E+00 -6.06585908E-01  9.28782991E-01  2.21291640E+00  4.83570458E-04
    4650 -1.48324555E+00 -6.02352977E-01  9.27634483E-01  2.21333813E+00  4.86257375E-04
    4700 -1.48537582E+00 -6.05519353E-01  9.21267706E-01  2.21352483E+00  4.51799296E-04
    4750 -1.49009221E+00 -6.04812041E-01  9.12216891E-01  2.21362080E+00  4.20550362E-04
    4800 -1.48981489E+00 -6.05870034E-01  9.12596295E-01  2.21302933E+00  8.07198805E-04
    4850 -1.49494790E+00 -6.07071063E-01  9.12925340E-01  2.21317757E+00  7.07653367E-04
    4900 -1.50269281E+00 -6.08948033E-01  9.08352710E-01  2.21339094E+00  6.05657264E-04
    4950 -1.50331214E+00 -6.09587276E-01  8.99198488E-01  2.21336500E+00  7.14954096E-04
    5000 -1.50287517E+00 -6.07331966E-01  9.00034154E-01  2.21384497E+00  2.84634190E-04
    5050 -1.50360894E+00 -5.99970992E-01  8.97848239E-01  2.21320523E+00  5.21872833E-04
    5100 -1.50542364E+00 -5.97106838E-01  8.88000643E-01  2.21367845E+00  5.05540022E-04
    5150 -1.50870742E+00 -5.94294138E-01  8.93867951E-01  2.21337046E+00  7.64096124E-04
    5200 -1.51123323E+00 -6.00722210E-01  8.88800678E-01  2.21323939E+00  6.29598539E-04
    5250 -1.51019951E+00 -6.01325621E-01  8.85811629E-01  2.21298360E+00  3.95818448E-04
    5300 -1.51365162E+00 -6.05462088E-01  8.81542004E-01  2.21370040E+00  4.68622240E-04
    5350 -1.51358584E+00 -6.07066497E-01  8.70220194E-01  2.21320275E+00  5.47388889E-04
    5400 -1.51246013E+00 -6.14764183E-01  8.70781506E-01  2.21302778E+00  5.82544784E-04
    5450 -1.51161768E+00 -6.16683196E-01  8.64717461E-01  2.21286177E+00  7.40584488E-04
    5500 -1.50707402E+00 -6.10607502E-01  8.67190764E-01  2.21314062E+00  7.06664814E-04
    5550 -1.50539748E+00 -6.06563402E-01  8.70243664E-01  2.21346567E+00  3.48371777E-04
    5600 -1.50916834E+00 -6.00919008E-01  8.74493287E-01  2.21308895E+00  6.86094404E-04
    5650 -1.50868736E+00 -5.99438617E-01  8.72210746E-01  2.21288781E+00  7.70531129E-04
    5700 -1.50749533E+00 -5.98009434E-01  8.76507861E-01  2.21286757E+00  3.70565551E-04
    5750 -1.50933044E+00 -6.01950569E-01  8.73888646E-01  2.21317816E+00  4.75125206E-04
    5800 -1.50863419E+00 -6.10687299E-01  8.73567218E-01  2.21339573E+00  4.39506602E-04
    5850 -1.50698444E+00 -6.04899202E-01  8.81750891E-01  2.21349512E+00  3.34993434E-04
    5900 -1.51219585E+00 -6.02521385E-01  8.78364051E-01  2.21346916E+00  3.09293857E-04
    5950 -1.51290600E+00 -5.99424412E-01  8.82207456E-01  2.21307817E+00  6.19300783E-04
    6000 -1.51023359E+00 -6.07960848E-01  8.80105601E-01  2.21270666E+00  4.15289084E-04
    6050 -1.51366290E+00 -6.11897371E-01  8.80652767E-01  2.21295503E+00  5.92009159E-04
    6100 -1.51292878E+00 -6.07281211E-01  8.84010443E-01  2.21295528E+00  4.94482603E-04
    6150 -1.50879853E+00 -6.14311019E-01  8.80026000E-01  2.21283589E+00  6.09069363E-04
    6200 -1.50740765E+00 -6.15085478E-01  8.79121276E-01  2.21267169E+00  3.03073838E-04
    6250 -1.50548077E+00 -6.09476746E-01  8.82078054E-01  2.21272045E+00  3.50203673E-04
    6300 -1.50322124E+00 -6.12477704E-01  8.84070473E-01  2.21313828E+00  7.80800591E-04
    6350 -1.49953421E+00 -6.06667984E-01  8.88212957E-01  2.21290190E+00  6.75871441E-04
    6400 -1.50149800E+00 -6.03263943E-01  8.91022059E-01  2.21293944E+00  4.43682137E-04
    6450 -1.49921111E+00 -6.09337103E-01  8.89460817E-01  2.21295315E+00  8.20155532E-04
    6500 -1.49819094E+00 -6.07927145E-01  8.90674265E-01  2.21309914E+00  9.06409191E-04
    6550 -1.50166883E+00 -6.02526446E-01  8.88341026E-01  2.21315080E+00  8.83171839E-04
    6600 -1.49899372E+00 -6.04829104E-01  8.86920461E-01  2.21309033E+00  6.75118380E-04
    6650 -1.50106227E+00 -6.15160650E-01  8.84613010E-01  2.21267809E+00  7.42564205E-04
    6700 -1.50792126E+00 -6.05909503E-01  8.83100726E-01  2.21299214E+00  4.72778979E-04
    6750 -1.50843980E+00 -6.09611850E-01  8.84372344E-01  2.21346746E+00  6.31362634E-04
    6800 -1.50379955E+00 -6.12151225E-01  8.85150183E-01  2.21341678E+00  7.70661382E-04
    6850 -1.50201803E+00 -6.14756865E-01  8.84211472E-01  2.21362211E+00  5.28802525E-04
    6900 -1.50889153E+00 -6.14219090E-01  8.85555898E-01  2.21298041E+00  7.09867894E-04
    6950 -1.51054735E+00 -6.06212210E-01  8.82470529E-01  2.21324295E+00  2.95550020E-04
    7000 -1.51229294E+00 -6.09860107E-01  8.85740094E-01  2.21324982E+00  3.71897654E-04
    7050 -1.51738380E+00 -6.09620697E-01  8.82300898E-01  2.21395981E+00  2.64994185E-04
    7100 -1.51908601E+00 -6.07916255E-01  8.79266387E-01  2.21318686E+00  4.28243097E-04
    7150 -1.51547321E+00 -6.09950058E-01  8.80968410E-01  2.21341074E+00  3.54422249E-04
    7200 -1.51815736E+00 -6.11823673E-01  8.70026408E-01  2.21341037E+00  5.99345356E-04
    7250 -1.51927483E+00 -6.13042132E-01  8.72448394E-01  2.21297060E+00  6.27349616E-04
    7300 -1.51646759E+00 -6.10240701E-01  8.73940817E-01  2.21348015E+00  6.07078243E-04
    7350 -1.51423898E+00 -6.16870713E-01  8.68567317E-01  2.21337676E+00  5.92027476E-04
    7400 -1.51052459E+00 -6.13112493E-01  8.69967041E-01  2.21281519E+00  6.39009855E-04
    7450 -1.51409894E+00 -6.11249766E-01  8.66375442E-01  2.21287426E+00  9.92903661E-04
    7500 -1.51709399E+00 -6.08854191E-01  8.66916162E-01  2.21290479E+00  9.00682579E-04
    7550 -1.51861378E+00 -6.10972327E-01  8.63535124E-01  2.21295344E+00  8.25138591E-04
    7600 -1.51368039E+00 -6.12225761E-01  8.66783884E-01  2.21297272E+00  2.60787599E-04
    7650 -1.51130811E+00 -6.15080150E-01  8.66000618E-01  2.21246918E+00  2.47844882E-04
    7700 -1.51242266E+00 -6.12141906E-01  8.63261680E-01  2.21314216E+00  4.34470020E-04
    7750 -1.51036422E+00 -6.10722791E-01  8.61054352E-01  2.21284015E+00  5.82378923E-04
    7800 -1.50855330E+00 -6.09140835E-01  8.59671500E-01  2.21318737E+00  8.37631578E-04
    7850 -1.50872112E+00 -6.00511575E-01  8.65526521E-01  2.21300353E+00  9.42818796E-04
    7900 -1.50948971E+00 -6.05600030E-01  8.63836932E-01  2.21266558E+00  9.90824248E-04
    7950 -1.50993702E+00 -6.06048703E-01  8.63476153E-01  2.21260430E+00  8.60288716E-04
    8000 -1.50664268E+00 -6.07390249E-01  8.63487766E-01  2.21248444E+00  1.02745799E-03
    8050 -1.50459712E+00 -6.10393300E-01  8.63018987E-01  2.21265882E+00  5.00733118E-04
    8100 -1.50159907E+00 -6.15713255E-01  8.65506447E-01  2.21312489E+00  4.95253049E-04
    8150 -1.50615417E+00 -6.13658768E-01  8.65422834E-01  2.21342336E+00  3.60095696E-04
    8200 -1.50566237E+00 -6.11545729E-01  8.64064413E-01  2.21334300E+00  2.86853216E-04
    8250 -1.50307882E+00 -6.18450009E-01  8.63892663E-01  2.21384893E+00  3.97500118E-04
    8300 -1.50310889E+00 -6.17421866E-01  8.64925682E-01  2.21365522E+00  7.53278694E-04
    8350 -1.50267898E+00 -6.17313740E-01  8.60087179E-01  2.21359080E+00  5.13058233E-04
    8400 -1.50227505E+00 -6.16793394E-01  8.60812615E-01  2.21321196E+00  6.59509124E-04
    8450 -1.49972082E+00 -6.16102619E-01  8.55007042E-01  2.21319855E+00  4.84992884E-04
    8500 -1.49905153E+00 -6.12392585E-01  8.60426422E-01  2.21299137E+00  1.43324094E-04
    8550 -1.49657981E+00 -6.15517965E-01  8.58821210E-01  2.21331535E+00  1.97942372E-04
    8600 -1.49390608E+00 -6.14202896E-01  8.59865410E-01  2.21294689E+00  3.34657092E-04
    8650 -1.49415411E+00 -6.23431987E-01  8.54654402E-01  2.21320453E+00  3.26180212E-04
    8700 -1.49965284E+00 -6.26864664E-01  8.56390298E-01  2.21290409E+00  1.77742320E-04
    8750 -1.50194471E+00 -6.29003773E-01  8.52078095E-01  2.21290630E+00  3.19784832E-04
    8800 -1.49833566E+00 -6.37610106E-01  8.51700855E-01  2.21306786E+00  5.69866618E-04
    8850 -1.49387131E+00 -6.31682972E-01  8.53791486E-01  2.21271151E+00  4.48134088E-04
    8900 -1.49432743E+00 -6.37610888E-01  8.48882380E-01  2.21284363E+00  4.57183934E-04
    8950 -1.49693074E+00 -6.41282399E-01  8.46406497E-01  2.21280279E+00  6.24366105E-04
    9000 -1.49565377E+00 -6.39167843E-01  8.39499839E-01  2.21282950E+00  5.85233137E-04
    9050 -1.49655549E+00 -6.42775907E-01  8.32491972E-01  2.21315089E+00  4.18741050E-04
    9100 -1.49155917E+00 -6.42058022E-01  8.34385130E-01  2.21238525E+00  4.23287572E-04
    9150 -1.48779276E+00 -6.50282419E-01  8.31789256E-01  2.21272583E+00  2.44153725E-04
    9200 -1.48859219E+00 -6.51497392E-01  8.34968105E-01  2.21288353E+00  2.97071955E-04
    9250 -1.48738805E+00 -6.53840289E-01  8.35078708E-01  2.21294189E+00  3.49365004E-04
    9300 -1.48695941E+00 -6.52043685E-01  8.33529979E-01  2.21315993E+00  6.25896315E-04
    9350 -1.48566266E+00 -6.54023970E-01  8.29121877E-01  2.21300087E+00  4.37714479E-04
    9400 -1.48363395E+00 -6.48358844E-01  8.30006644E-01  2.21347239E+00  5.78576211E-04
    9450 -1.48161383E+00 -6.48409029E-01  8.28570990E-01  2.21370494E+00  9.44010224E-04
    9500 -1.47856928E+00 -6.39670321E-01  8.26676934E-01  2.21364917E+00  2.25548552E-04
    9550 -1.47719128E+00 -6.36632311E-01  8.29939231E-01  2.21284709E+00  6.99899471E-04
    9600 -1.48203297E+00 -6.35626264E-01  8.27547703E-01  2.21291983E+00  9.69626707E-04
    9650 -1.48135620E+00 -6.42103143E-01  8.23489068E-01  2.21265375E+00  8.81415163E-04
    9700 -1.47648943E+00 -6.41934564E-01  8.24385559E-01  2.21282662E+00  1.12780091E-03
    9750 -1.47305394E+00 -6.43490413E-01  8.27176267E-01  2.21286250E+00  7.67141192E-04
    9800 -1.47247983E+00 -6.44318562E-01  8.25994627E-01  2.21302898E+00  4.80674946E-04
    9850 -1.47295751E+00 -6.48604165E-01  8.21553222E-01  2.21248108E+00  9.98424303E-04
    9900 -1.47675548E+00 -6.48901560E-01  8.26084064E-01  2.21286140E+00  5.91157548E-04
    9950 -1.47826330E+00 -6.54001685E-01  8.26802116E-01  2.21329148E+00  5.42794832E-04
   10000 -1.47717156E+00 -6.53854570E-01  8.27990882E-01  2.21300252E+00  8.01005944E-04
   10050 -1.47882738E+00 -6.52149387E-01  8.30646119E-01  2.21287244E+00  6.71448973E-04
   10100 -1.47848697E+00 -6.48871372E-01  8.35392103E-01  2.21309070E+00  4.60439115E-04
   10150 -1.47969484E+00 -6.47896450E-01  8.36354856E-01  2.21320477E+00  7.98257726E-04
   10200 -1.47933281E+00 -6.44745015E-01  8.34615897E-01  2.21314596E+00  5.24923104E-04
   10250 -1.47754781E+00 -6.39977237E-01  8.41074086E-01  2.21320797E+00  4.66730962E-04
   10300 -1.47630607E+00 -6.42877766E-01  8.45951906E-01  2.21301327E+00  3.14144085E-04
   10350 -1.47064504E+00 -6.38637003E-01  8.47784376E-01  2.21270636E+00  6.17827639E-04
   10400 -1.47130180E+00 -6.37682480E-01  8.51188857E-01  2.21295424E+00  5.51574331E-04
   10450 -1.47245940E+00 -6.36807434E-01  8.51806751E-01  2.21297640E+00  1.45006965E-03
   10500 -1.46802524E+00 -6.38895732E-01  8.48962239E-01  2.21318005E+00  1.34949328E-03
   10550 -1.46521370E+00 -6.38937589E-01  8.47143380E-01  2.21267427E+00  1.40147009E-03
   10600 -1.46961147E+00 -6.41894150E-01  8.46312549E-01  2.21315455E+00  1.02849821E-03
   10650 -1.47277855E+00 -6.43301730E-01  8.48043105E-01  2.21271108E+00  1.29501675E-03
   10700 -1.46880619E+00 -6.51030937E-01  8.49193415E-01  2.21289061E+00  9.73164460E-04
   10750 -1.47237521E+00 -6.54861648E-01  8.45592106E-01  2.21312459E+00  5.67636269E-04
   10800 -1.46911040E+00 -6.60607202E-01  8.36355939E-01  2.21305238E+00  1.04186356E-03
   10850 -1.46859388E+00 -6.60639367E-01  8.37265643E-01  2.21284685E+00  8.72790366E-04
   10900 -1.46934491E+00 -6.56248693E-01  8.38728689E-01  2.21292893E+00  8.53941620E-04
   10950 -1.47394287E+00 -6.50161818E-01  8.44165502E-01  2.21314270E+00  7.44139141E-04
   11000 -1.47481657E+00 -6.51814915E-01  8.37468234E-01  2.21361220E+00  5.75427247E-04
   11050 -1.47218011E+00 -6.59543387E-01  8.37342830E-01  2.21300820E+00  4.55036080E-04
   11100 -1.47347791E+00 -6.63730332E-01  8.33177121E-01  2.21328289E+00  7.84278048E-04
   11150 -1.47589733E+00 -6.65523582E-01  8.30819325E-01  2.21278454E+00  8.53580833E-04
   11200 -1.47941165E+00 -6.68222463E-01  8.25517645E-01  2.21315660E+00  7.27361924E-04
   11250 -1.48238857E+00 -6.68676533E-01  8.26082362E-01  2.21383830E+00  3.06282887E-04
   11300 -1.48273318E+00 -6.76685019E-01  8.28115376E-01  2.21291603E+00  4.60619194E-04
   11350 -1.48244401E+00 -6.67661661E-01  8.30767049E-01  2.21256834E+00  6.62241661E-04
   11400 -1.48306599E+00 -6.69402006E-01  8.30768873E-01  2.21276901E+00  7.15763514E-04
   11450 -1.47971148E+00 -6.65495618E-01  8.37223278E-01  2.21232903E+00  5.12010926E-04
   11500 -1.48112809E+00 -6.66834254E-01  8.42072269E-01  2.21269677E+00  8.93254670E-04
   11550 -1.48208459E+00 -6.67238836E-01  8.39733430E-01  2.21272833E+00  3.67878608E-04
   11600 -1.48160985E+00 -6.71705676E-01  8.34817112E-01  2.21305179E+00  2.13184795E-04
   11650 -1.48451968E+00 -6.69942013E-01  8.35785658E-01  2.21301606E+00  6.57880052E-04
   11700 -1.48037204E+00 -6.74974466E-01  8.41260069E-01  2.21266300E+00  1.11069215E-03
   11750 -1.47706039E+00 -6.69170582E-01  8.50059119E-01  2.21257413E+00  9.32929248E-04
   11800 -1.47715550E+00 -6.70242789E-01  8.51120891E-01  2.21304645E+00  3.32589944E-04
   11850 -1.48094469E+00 -6.72680646E-01  8.51416096E-01  2.21337657E+00  7.58303263E-04
   11900 -1.47931629E+00 -6.73841248E-01  8.54206691E-01  2.21332482E+00  3.46897007E-04
   11950 -1.48491761E+00 -6.65286862E-01  8.51418631E-01  2.21271191E+00  8.77496727E-04
   12000 -1.47902593E+00 -6.65316206E-01  8.55152596E-01  2.21334310E+00  8.51297163E-04
   12050 -1.48004334E+00 -6.65924800E-01  8.50240681E-01  2.21296510E+00  1.10556156E-03
   12100 -1.47781507E+00 -6.64263977E-01  8.51363532E-01  2.21310506E+00  7.18481648E-04
   12150 -1.47642307E+00 -6.66001357E-01  8.45462913E-01  2.21303110E+00  7.40778287E-04
   12200 -1.47778337E+00 -6.60040018E-01  8.42654749E-01  2.21282869E+00  4.69607964E-04
   12250 -1.47367124E+00 -6.59473009E-01  8.47391612E-01  2.21290122E+00  6.88381374E-04
   12300 -1.47407824E+00 -6.61449590E-01  8.47072399E-01  2.21269877E+00  1.24083173E-03
   12350 -1.47458657E+00 -6.65315791E-01  8.49933934E-01  2.21262225E+00  1.44851094E-03
   12400 -1.47754261E+00 -6.68000347E-01  8.38828648E-01  2.21274573E+00  8.61703300E-04
   12450 -1.47650183E+00 -6.69809666E-01  8.30226737E-01  2.21303401E+00  4.02066953E-04
   12500 -1.47757673E+00 -6.73196187E-01  8.30757733E-01  2.21264760E+00  6.24371456E-04
   12550 -1.47405180E+00 -6.73445980E-01  8.32657560E-01  2.21288429E+00  5.91816756E-04
   12600 -1.47256801E+00 -6.80038732E-01  8.32854764E-01  2.21332045E+00  3.69049839E-04
   12650 -1.47310880E+00 -6.75707751E-01  8.31995360E-01  2.21317370E+00  6.00152647E-04
   12700 -1.46980156E+00 -6.76627520E-01  8.32324458E-01  2.21313570E+00  9.17762021E-04
   12750 -1.47498884E+00 -6.64944564E-01  8.33025017E-01  2.21358151E+00  8.83369752E-04
   12800 -1.47418425E+00 -6.64733406E-01  8.34965793E-01  2.21297868E+00  3.13673441E-04
   12850 -1.47385218E+00 -6.65538859E-01  8.27515145E-01  2.21295740E+00  4.41993383E-04
   12900 -1.47531674E+00 -6.67460188E-01  8.29569412E-01  2.21258610E+00  4.78646947E-04
   12950 -1.47685718E+00 -6.70767857E-01  8.23563834E-01  2.21274863E+00  2.53832620E-04
   13000 -1.47613162E+00 -6.71006624E-01  8.30252871E-01  2.21315743E+00  4.00747163E-04
   13050 -1.47842539E+00 -6.70475574E-01  8.25333067E-01  2.21355405E+00  2.75721843E-04
   13100 -1.47577520E+00 -6.65421729E-01  8.25609153E-01  2.21332762E+00  7.90839614E-04
   13150 -1.47184406E+00 -6.59383628E-01  8.25240662E-01  2.21328991E+00  4.82176222E-04
   13200 -1.47492358E+00 -6.52475155E-01  8.30033343E-01  2.21304997E+00  7.14102827E-04
   13250 -1.47416885E+00 -6.54452615E-01  8.31190915E-01  2.21293855E+00  4.04644413E-04
   13300 -1.47301568E+00 -6.53207646E-01  8.27326701E-01  2.21307823E+00  5.60003270E-04
   13350 -1.47281452E+00 -6.47690148E-01  8.25826773E-01  2.21375540E+00  7.06445771E-04
   13400 -1.46891481E+00 -6.46900670E-01  8.30530746E-01  2.21294865E+00  5.99053727E-04
   13450 -1.47180296E+00 -6.41363387E-01  8.29093198E-01  2.21303583E+00  3.14862234E-04
   13500 -1.47311756E+00 -6.38951615E-01  8.32760618E-01  2.21301512E+00  4.30272041E-04
   13550 -1.47279093E+00 -6.40187973E-01  8.30973989E-01  2.21315889E+00  4.24746222E-04
   13600 -1.47461652E+00 -6.36863791E-01  8.38914170E-01  2.21298832E+00  5.49056744E-04
   13650 -1.47790841E+00 -6.38002950E-01  8.38520751E-01  2.21288240E+00  4.22895231E-04
   13700 -1.47531763E+00 -6.32311879E-01  8.31444057E-01  2.21260640E+00  6.19543155E-04
   13750 -1.47337602E+00 -6.30733723E-01  8.35861972E-01  2.21296748E+00  6.38427236E-04
   13800 -1.47262195E+00 -6.35191011E-01  8.36196522E-01  2.21296419E+00  9.80286217E-04
   13850 -1.47080965E+00 -6.35121249E-01  8.32096716E-01  2.21335686E+00  9.55834022E-04
   13900 -1.47055461E+00 -6.29537489E-01  8.34359786E-01  2.21353650E+00  7.81493916E-04
   13950 -1.47505066E+00 -6.36159721E-01  8.32541135E-01  2.21313157E+00  3.13246714E-04
   14000 -1.47217474E+00 -6.30948692E-01  8.38988021E-01  2.21311382E+00  7.03733607E-04
   14050 -1.47167571E+00 -6.32509289E-01  8.40981389E-01  2.21313474E+00  1.09553272E-03
   14100 -1.47465914E+00 -6.29825631E-01  8.46164786E-01  2.21324842E+00  6.32669271E-04
   14150 -1.47643566E+00 -6.34797298E-01  8.43102426E-01  2.21323085E+00  3.70923570E-04
   14200 -1.47766213E+00 -6.38405508E-01  8.42208712E-01  2.21341949E+00  3.92941897E-04
   14250 -1.47318908E+00 -6.42405152E-01  8.37126784E-01  2.21297857E+00  4.60166260E-04
   14300 -1.47583251E+00 -6.42156971E-01  8.34401380E-01  2.21384449E+00  6.26156957E-04
   14350 -1.47563109E+00 -6.41465094E-01  8.25617203E-01  2.21322324E+00  8.09513752E-04
   14400 -1.47599626E+00 -6.39719799E-01  8.24147210E-01  2.21307105E+00  3.36674515E-04
   14450 -1.47467071E+00 -6.38651231E-01  8.28623270E-01  2.21322917E+00  3.62030518E-04
   14500 -1.47448871E+00 -6.27310922E-01  8.29584565E-01  2.21363706E+00  4.68467117E-04
   14550 -1.47829151E+00 -6.24746727E-01  8.26941284E-01  2.21383954E+00  6.07721272E-04
   14600 -1.47414588E+00 -6.23295534E-01  8.33801848E-01  2.21298734E+00  5.15396225E-04
   14650 -1.47685843E+00 -6.18774140E-01  8.26204747E-01  2.21268913E+00  5.02675295E-04
   14700 -1.47838885E+00 -6.17169316E-01  8.27013237E-01  2.21344118E+00  5.85476949E-04
   14750 -1.47501872E+00 -6.20602551E-01  8.28700108E-01  2.21267508E+00  3.61928305E-04
   14800 -1.47477422E+00 -6.22165253E-01  8.30129751E-01  2.21341200E+00  7.91793541E-04
   14850 -1.47230040E+00 -6.24667835E-01  8.30503052E-01  2.21348248E+00  5.25695554E-04
   14900 -1.47206242E+00 -6.26395145E-01  8.27961321E-01  2.21344148E+00  4.30744749E-04
   14950 -1.46851198E+00 -6.28040540E-01  8.29785746E-01  2.21327458E+00  5.82460255E-04
   15000 -1.46696622E+00 -6.27070488E-01  8.32030786E-01  2.21337839E+00  9.36630153E-04
   15050 -1.46728172E+00 -6.30817250E-01  8.28594503E-01  2.21349301E+00  9.33091745E-04
   15100 -1.46845289E+00 -6.33045998E-01  8.23825189E-01  2.21325061E+00  9.63494179E-04
   15150 -1.47133898E+00 -6.33589496E-01  8.26140178E-01  2.21375559E+00  4.76183093E-04
   15200 -1.46879458E+00 -6.32972915E-01  8.24607883E-01  2.21325573E+00  7.10860582E-04
   15250 -1.46879891E+00 -6.32401199E-01  8.30584451E-01  2.21374419E+00  3.50100121E-04
   15300 -1.46908489E+00 -6.30098047E-01  8.30912450E-01  2.21370957E+00  4.15959537E-04
   15350 -1.47099192E+00 -6.23131326E-01  8.37798773E-01  2.21339259E+00  7.64471616E-04
   15400 -1.47080387E+00 -6.25795320E-01  8.32759623E-01  2.21301461E+00  1.05934777E-04
   15450 -1.47000376E+00 -6.25995744E-01  8.39619604E-01  2.21282092E+00  6.45918774E-04
   15500 -1.46861815E+00 -6.28214904E-01  8.36515331E-01  2.21287180E+00  5.89661308E-04
   15550 -1.47142048E+00 -6.27411647E-01  8.27301670E-01  2.21251354E+00  5.57591964E-04
   15600 -1.47297157E+00 -6.20906949E-01  8.22436573E-01  2.21275095E+00  7.45401465E-04
   15650 -1.47414264E+00 -6.17024701E-01  8.24347371E-01  2.21209477E+00  7.13604917E-04
   15700 -1.47314729E+00 -6.16575765E-01  8.20784953E-01  2.21246633E+00  6.12107794E-04
   15750 -1.47151771E+00 -6.10528183E-01  8.22078647E-01  2.21262466E+00  5.94831250E-04
   15800 -1.47097042E+00 -6.12831429E-01  8.22054601E-01  2.21313964E+00  8.07358241E-04
   15850 -1.47331194E+00 -6.09390200E-01  8.16738584E-01  2.21263695E+00  1.09601068E-03
   15900 -1.47219133E+00 -6.03781583E-01  8.16432984E-01  2.21302084E+00  6.43870486E-04
   15950 -1.47126844E+00 -6.06447730E-01  8.27058743E-01  2.21373207E+00  1.05207099E-03
   16000 -1.47579292E+00 -6.01104491E-01  8.27209855E-01  2.21306863E+00  5.81640261E-04
   16050 -1.46879355E+00 -5.97636315E-01  8.31384091E-01  2.21341535E+00  4.99368548E-04
   16100 -1.47002020E+00 -5.96907950E-01  8.28141323E-01  2.21346036E+00  5.97235267E-04
   16150 -1.47273269E+00 -5.94935135E-01  8.31118989E-01  2.21363989E+00  3.21878527E-04
   16200 -1.47196417E+00 -5.91056371E-01  8.30303209E-01  2.21342250E+00  3.32962869E-04
   16250 -1.47669145E+00 -5.96039991E-01  8.24246153E-01  2.21373964E+00  3.23218879E-04
   16300 -1.47697818E+00 -6.02173985E-01  8.20305358E-01  2.21388450E+00  2.89147980E-04
   16350 -1.47796569E+00 -6.05055045E-01  8.23174755E-01  2.21330063E+00  2.78994000E-04
   16400 -1.47376791E+00 -6.06343185E-01  8.20433401E-01  2.21325394E+00  4.30302949E-04
   16450 -1.47546833E+00 -6.00322535E-01  8.22179198E-01  2.21331842E+00  5.77483857E-04
   16500 -1.47485823E+00 -6.01915274E-01  8.21857909E-01  2.21330367E+00  2.66520495E-04
   16550 -1.46842555E+00 -6.04600563E-01  8.25263509E-01  2.21344316E+00  5.09723018E-04
   16600 -1.46535425E+00 -6.06013568E-01  8.26127135E-01  2.21324255E+00  5.55242813E-04
   16650 -1.46427688E+00 -6.07282017E-01  8.20872714E-01  2.21312546E+00  9.26406792E-04
   16700 -1.46767452E+00 -6.00369118E-01  8.22527195E-01  2.21322448E+00  1.02510114E-03
   16750 -1.46440815E+00 -6.03877762E-01  8.19392970E-01  2.21304710E+00  7.57993274E-04
   16800 -1.46458330E+00 -5.98391752E-01  8.16689227E-01  2.21297374E+00  7.26795276E-04
   16850 -1.46627365E+00 -5.95820724E-01  8.21134575E-01  2.21303325E+00  4.62893624E-04
   16900 -1.46656763E+00 -5.94531478E-01  8.20187418E-01  2.21274055E+00  6.98570607E-04
   16950 -1.46671991E+00 -5.91720300E-01  8.19835373E-01  2.21280498E+00  4.28853710E-04
   17000 -1.46796043E+00 -5.92019446E-01  8.13486854E-01  2.21296510E+00  4.60073424E-04
   17050 -1.46563503E+00 -5.90405327E-01  8.17265926E-01  2.21291476E+00  6.37953975E-04
   17100 -1.46414020E+00 -5.96371936E-01  8.19425835E-01  2.21344408E+00  6.53015680E-04
   17150 -1.46373991E+00 -5.95988148E-01  8.24531810E-01  2.21373088E+00  3.56831592E-04
   17200 -1.45600772E+00 -5.98211134E-01  8.24711425E-01  2.21357184E+00  5.06001987E-04
   17250 -1.45911887E+00 -6.03731955E-01  8.21575771E-01  2.21358908E+00  2.66480515E-04
   17300 -1.45535101E+00 -5.99547928E-01  8.24047721E-01  2.21327105E+00  5.22362653E-04
   17350 -1.45529309E+00 -5.98385254E-01  8.18937383E-01  2.21280645E+00  6.34108158E-04
   17400 -1.45274914E+00 -5.96640490E-01  8.15029002E-01  2.21323960E+00  5.93961800E-04
   17450 -1.45350703E+00 -5.91582185E-01  8.16171344E-01  2.21314913E+00  5.39996335E-04
   17500 -1.45723384E+00 -5.89797116E-01  8.11253051E-01  2.21360456E+00  5.27021426E-04
   17550 -1.45584737E+00 -5.88458361E-01  8.15766877E-01  2.21320319E+00  3.27019399E-04
   17600 -1.45489155E+00 -5.92377167E-01  8.13302576E-01  2.21297337E+00  5.72223706E-04
   17650 -1.45642826E+00 -5.95791905E-01  8.12085388E-01  2.21300157E+00  5.39829904E-04
   17700 -1.45659793E+00 -5.94558529E-01  8.03815043E-01  2.21314362E+00  5.91942757E-04
   17750 -1.45771008E+00 -5.94763301E-01  8.00926906E-01  2.21315286E+00  8.03513326E-04
   17800 -1.45758449E+00 -5.97091401E-01  7.96266156E-01  2.21303203E+00  8.74380792E-04
   17850 -1.45920649E+00 -5.89580756E-01  7.96471164E-01  2.21265238E+00  7.83763692E-04
   17900 -1.45953414E+00 -5.84072169E-01  8.04424993E-01  2.21249069E+00  5.58940600E-04
   17950 -1.46270230E+00 -5.79857582E-01  8.03874420E-01  2.21289432E+00  5.48159040E-04
   18000 -1.46582187E+00 -5.72541887E-01  7.97199257E-01  2.21355359E+00  5.88387283E-04
   18050 -1.46628344E+00 -5.67014932E-01  7.93902237E-01  2.21330257E+00  6.91735117E-04
   18100 -1.46967979E+00 -5.57951627E-01  7.97201435E-01  2.21351703E+00  6.08793161E-04
   18150 -1.47133359E+00 -5.56049941E-01  7.96557883E-01  2.21324484E+00  6.01185277E-04
   18200 -1.47466557E+00 -5.59716302E-01  7.94978130E-01  2.21317981E+00  4.90764297E-04
   18250 -1.46807687E+00 -5.63293402E-01  8.00158794E-01  2.21279334E+00  4.33522414E-04
   18300 -1.46978216E+00 -5.59058517E-01  8.06794873E-01  2.21284689E+00  6.27558088E-04
   18350 -1.46958561E+00 -5.55521281E-01  8.08415185E-01  2.21299415E+00  4.25700324E-04
   18400 -1.47188026E+00 -5.49547802E-01  8.10993736E-01  2.21312540E+00  8.09229283E-04
   18450 -1.47212777E+00 -5.51285450E-01  8.03366594E-01  2.21270654E+00  8.57636602E-04
   18500 -1.47316088E+00 -5.55553477E-01  8.01013310E-01  2.21381706E+00  5.31931866E-04
   18550 -1.47340408E+00 -5.62407454E-01  8.04798894E-01  2.21360647E+00  5.80381083E-04
   18600 -1.46950221E+00 -5.58907267E-01  8.07117727E-01  2.21342580E+00  2.47844932E-04
   18650 -1.46625649E+00 -5.52899070E-01  8.06150001E-01  2.21314444E+00  6.14414025E-04
   18700 -1.46765009E+00 -5.61009374E-01  8.00021525E-01  2.21327727E+00  1.91135022E-04
   18750 -1.47194384E+00 -5.61594079E-01  8.03963956E-01  2.21375532E+00  5.65408931E-04
   18800 -1.47190727E+00 -5.68285336E-01  7.98496764E-01  2.21324081E+00  6.93713623E-04
   18850 -1.47426248E+00 -5.63806732E-01  8.02118827E-01  2.21322925E+00  3.95182525E-04
   18900 -1.47282005E+00 -5.58564512E-01  8.01102820E-01  2.21323628E+00  7.47549612E-04
   18950 -1.47389929E+00 -5.60897347E-01  7.96090675E-01  2.21334572E+00  7.90440445E-04
   19000 -1.47655288E+00 -5.59816615E-01  8.00353764E-01  2.21340755E+00  6.64881557E-04
   19050 -1.47768476E+00 -5.57253138E-01  8.03580293E-01  2.21334402E+00  5.35029274E-04
   19100 -1.48571216E+00 -5.58988052E-01  7.94885246E-01  2.21341889E+00  5.91361699E-04
   19150 -1.48281177E+00 -5.58407098E-01  7.98584835E-01  2.21366050E+00  5.73392696E-04
   19200 -1.48441086E+00 -5.57643054E-01  7.99506343E-01  2.21359855E+00  7.30238153E-04
   19250 -1.48168270E+00 -5.56972340E-01  8.02042676E-01  2.21357414E+00  5.05394050E-04
   19300 -1.47930769E+00 -5.57768973E-01  8.00495348E-01  2.21347848E+00  6.64687061E-04
   19350 -1.48160696E+00 -5.54549786E-01  8.02606967E-01  2.21344739E+00  5.58490835E-04
   19400 -1.48461988E+00 -5.59452349E-01  8.03613742E-01  2.21342634E+00  6.34332038E-04
   19450 -1.48586585E+00 -5.60502345E-01  8.00594363E-01  2.21339910E+00  8.25178930E-04
   19500 -1.48473683E+00 -5.59686537E-01  8.00794913E-01  2.21315649E+00  7.31112846E-04
   19550 -1.48991413E+00 -5.58235198E-01  7.92697646E-01  2.21362385E+00  9.41902693E-04
   19600 -1.49461995E+00 -5.53826342E-01  7.91063535E-01  2.21350181E+00  4.69276890E-04
   19650 -1.49584819E+00 -5.57797901E-01  7.90368646E-01  2.21360671E+00  5.61556788E-04
   19700 -1.50676903E+00 -5.53655576E-01  7.81512326E-01  2.21367415E+00  4.14550638E-04
   19750 -1.50251783E+00 -5.49554154E-01  7.84628579E-01  2.21316483E+00  4.80204195E-04
   19800 -1.49951983E+00 -5.49982936E-01  7.88215170E-01  2.21342278E+00  2.87259105E-04
   19850 -1.49909996E+00 -5.50010866E-01  7.86926462E-01  2.21349834E+00  4.63949393E-04
   19900 -1.49746062E+00 -5.45238069E-01  7.84523110E-01  2.21376180E+00  3.71028199E-04
   19950 -1.50125767E+00 -5.49753872E-01  7.82032648E-01  2.21330733E+00  6.48676691E-04
   20000 -1.49973821E+00 -5.51942128E-01  7.79052973E-01  2.21377445E+00  4.34072779E-04
   20050 -1.49631618E+00 -5.52193393E-01  7.80944168E-01  2.21296938E+00  3.35665628E-04
   20100 -1.49261849E+00 -5.54921173E-01  7.76948373E-01  2.21320562E+00  2.30966953E-04
   20150 -1.49582193E+00 -5.56664002E-01  7.72743983E-01  2.21307057E+00  4.80198444E-04
   20200 -1.50438664E+00 -5.56325167E-01  7.69370315E-01  2.21328305E+00  6.19273754E-04
   20250 -1.50562478E+00 -5.53300726E-01  7.64521074E-01  2.21315547E+00  5.44739314E-04
   20300 -1.50749399E+00 -5.57392326E-01  7.63159919E-01  2.21264796E+00  4.73725010E-04
   20350 -1.50403565E+00 -5.58900504E-01  7.74459658E-01  2.21317027E+00  3.18652488E-04
   20400 -1.50309965E+00 -5.62334902E-01  7.77182774E-01  2.21274553E+00  5.86816837E-04
   20450 -1.50491183E+00 -5.62988559E-01  7.73846647E-01  2.21348294E+00  3.37351324E-04
   20500 -1.50307317E+00 -5.58644575E-01  7.78713692E-01  2.21319160E+00  4.20798394E-04
   20550 -1.49886403E+00 -5.65366787E-01  7.82090929E-01  2.21342777E+00  3.87301897E-04
   20600 -1.50293388E+00 -5.63871457E-01  7.82302536E-01  2.21291717E+00  3.61513706E-04
   20650 -1.50267567E+00 -5.61586001E-01  7.86756575E-01  2.21333642E+00  4.51468419E-04
   20700 -1.50933966E+00 -5.58224215E-01  7.85346871E-01  2.21301938E+00  2.30479508E-04
   20750 -1.51174047E+00 -5.55497099E-01  7.87619585E-01  2.21328869E+00  4.85340536E-04
   20800 -1.51319155E+00 -5.49879895E-01  7.82144234E-01  2.21317138E+00  3.74785107E-04
   20850 -1.51214261E+00 -5.51204564E-01  7.84317338E-01  2.21261444E+00  6.49897562E-04
   20900 -1.50767648E+00 -5.52724667E-01  7.87686728E-01  2.21269598E+00  6.87771322E-04
   20950 -1.50867654E+00 -5.51886037E-01  7.86824176E-01  2.21245223E+00  4.18347780E-04
   21000 -1.51465174E+00 -5.46428036E-01  7.86522628E-01  2.21283094E+00  8.21759286E-04
   21050 -1.51245637E+00 -5.54010196E-01  7.92548945E-01  2.21261692E+00  7.65786540E-04
   21100 -1.51346763E+00 -5.61114708E-01  7.88127326E-01  2.21269789E+00  6.16744090E-04
   21150 -1.51111039E+00 -5.59872108E-01  7.92431721E-01  2.21295923E+00  3.13967250E-04
   21200 -1.50988176E+00 -5.69668087E-01  7.91102964E-01  2.21273747E+00  3.84315010E-04
   21250 -1.51302378E+00 -5.70358146E-01  7.93427068E-01  2.21339548E+00  3.21391374E-04
   21300 -1.51398706E+00 -5.73110570E-01  7.94491133E-01  2.21327789E+00  2.65672612E-04
   21350 -1.51840790E+00 -5.70816722E-01  7.94037099E-01  2.21319507E+00  5.41919460E-04
   21400 -1.51867690E+00 -5.70900766E-01  7.93966172E-01  2.21333331E+00  5.38861231E-04
   21450 -1.51841456E+00 -5.71228894E-01  7.92764220E-01  2.21367692E+00  6.70794836E-04
   21500 -1.51591080E+00 -5.74404289E-01  7.87790124E-01  2.21318529E+00  4.32674288E-04
   21550 -1.51533028E+00 -5.74420965E-01  7.95058768E-01  2.21323218E+00  5.52158664E-04
   21600 -1.51822517E+00 -5.78524990E-01  7.87976356E-01  2.21325732E+00  4.69353481E-04
   21650 -1.51606853E+00 -5.77072811E-01  7.89521472E-01  2.21323752E+00  6.47966805E-04
   21700 -1.51606529E+00 -5.72845379E-01  7.90504372E-01  2.21286786E+00  6.87682472E-04
   21750 -1.51818435E+00 -5.68655350E-01  7.90184253E-01  2.21258810E+00  5.32726389E-04
   21800 -1.51538322E+00 -5.68247039E-01  7.97436523E-01  2.21364629E+00  4.61301547E-04
   21850 -1.51538166E+00 -5.74480199E-01  7.99492950E-01  2.21361688E+00  7.52483054E-04
   21900 -1.51053321E+00 -5.77665192E-01  7.97870575E-01  2.21363279E+00  1.10101894E-03
   21950 -1.51193614E+00 -5.78865103E-01  7.96430020E-01  2.21340755E+00  5.90109744E-04
   22000 -1.50600541E+00 -5.84755649E-01  7.97028405E-01  2.21314417E+00  3.17649975E-04
   22050 -1.50399359E+00 -5.81415938E-01  7.95483733E-01  2.21296573E+00  5.94351795E-04
   22100 -1.50288368E+00 -5.81920874E-01  7.96320678E-01  2.21262179E+00  9.36204083E-04
   22150 -1.50732746E+00 -5.81255184E-01  7.93281643E-01  2.21307451E+00  7.00033134E-04
   22200 -1.50331444E+00 -5.85912241E-01  7.97903047E-01  2.21313742E+00  3.17642688E-04
   22250 -1.51025821E+00 -5.80348985E-01  7.90164607E-01  2.21358351E+00  3.97050971E-04
   22300 -1.50529193E+00 -5.77480832E-01  7.91064753E-01  2.21324883E+00  2.96514597E-04
   22350 -1.50224684E+00 -5.72430946E-01  8.00159017E-01  2.21362615E+00  2.65417941E-04
   22400 -1.50247945E+00 -5.73866856E-01  8.02055656E-01  2.21285209E+00  5.16295445E-04
   22450 -1.50239344E+00 -5.74387191E-01  8.03839407E-01  2.21324294E+00  5.03485115E-04
   22500 -1.50419238E+00 -5.71030028E-01  8.03562667E-01  2.21341843E+00  8.75068911E-04
   22550 -1.50195596E+00 -5.81196463E-01  8.04371698E-01  2.21395486E+00  5.01514641E-04
   22600 -1.49779362E+00 -5.85846705E-01  8.06861422E-01  2.21356773E+00  6.85191342E-04
   22650 -1.49767533E+00 -5.84123536E-01  8.07033808E-01  2.21329491E+00  6.80427081E-04
   22700 -1.50089722E+00 -5.92519606E-01  7.99262039E-01  2.21296253E+00  4.78908354E-04
   22750 -1.49448851E+00 -5.95933073E-01  7.99296127E-01  2.21262930E+00  3.63143002E-04
   22800 -1.49095250E+00 -5.95528035E-01  7.97883326E-01  2.21278028E+00  4.37793774E-04
   22850 -1.48837424E+00 -5.89792597E-01  8.10086889E-01  2.21287884E+00  4.18568615E-04
   22900 -1.48546426E+00 -5.96901823E-01  8.06621736E-01  2.21372062E+00  2.50837202E-04
   22950 -1.48722881E+00 -5.96060003E-01  8.05148946E-01  2.21360807E+00  6.54922747E-04
   23000 -1.48381074E+00 -5.89900490E-01  8.07584273E-01  2.21323319E+00  9.74397652E-04
   23050 -1.48398651E+00 -5.89779898E-01  8.01620607E-01  2.21280744E+00  1.12300099E-03
   23100 -1.48438574E+00 -5.92646881E-01  8.00996682E-01  2.21306060E+00  1.06694971E-03
   23150 -1.48358685E+00 -5.92034298E-01  8.01440208E-01  2.21315071E+00  6.87430737E-04
   23200 -1.48474829E+00 -5.90973314E-01  8.03270097E-01  2.21340211E+00  5.94592741E-04
   23250 -1.48516368E+00 -5.91263924E-01  8.06862593E-01  2.21333904E+00  6.81367147E-04
   23300 -1.48702470E+00 -5.81409066E-01  8.09168586E-01  2.21242151E+00  1.03111551E-03
   23350 -1.48761658E+00 -5.85154599E-01  8.14669699E-01  2.21284814E+00  7.63098178E-04
   23400 -1.49123589E+00 -5.80933399E-01  8.12050320E-01  2.21235962E+00  8.36014936E-04
   23450 -1.48725796E+00 -5.81109763E-01  8.14265778E-01  2.21334754E+00  6.38002670E-04
   23500 -1.48925466E+00 -5.80126065E-01  8.11068668E-01  2.21285470E+00  6.51905580E-04
   23550 -1.48575397E+00 -5.84486655E-01  8.09165755E-01  2.21346589E+00  4.92825912E-04
   23600 -1.48894898E+00 -5.87186677E-01  8.09341544E-01  2.21348908E+00  9.47266846E-04
   23650 -1.49040664E+00 -5.85397358E-01  8.02804971E-01  2.21283366E+00  7.04457051E-04
   23700 -1.48605869E+00 -5.84512949E-01  7.98795304E-01  2.21304041E+00  8.84370869E-04
   23750 -1.48721342E+00 -5.89248844E-01  7.99621626E-01  2.21314438E+00  3.94590137E-04
   23800 -1.48232167E+00 -6.00583837E-01  7.99022898E-01  2.21286647E+00  7.20408754E-04
   23850 -1.47907347E+00 -5.95178049E-01  8.04028152E-01  2.21273608E+00  6.01091440E-04
   23900 -1.47680024E+00 -6.01648860E-01  8.01434193E-01  2.21235858E+00  2.48052786E-04
   23950 -1.47437236E+00 -6.03238812E-01  7.97464752E-01  2.21257341E+00  3.90803105E-04
   24000 -1.47244075E+00 -6.06236303E-01  7.97274353E-01  2.21256611E+00  3.12118393E-04
   24050 -1.47277409E+00 -6.07021774E-01  7.97149004E-01  2.21241822E+00  1.05575627E-03
   24100 -1.46990384E+00 -6.14949135E-01  7.98181538E-01  2.21272826E+00  7.67647646E-04
   24150 -1.47046472E+00 -6.14888145E-01  7.98441844E-01  2.21265676E+00  6.99581122E-04
   24200 -1.47279475E+00 -6.09366539E-01  7.95801232E-01  2.21295469E+00  7.93168749E-04
   24250 -1.47316444E+00 -6.02572482E-01  7.96279137E-01  2.21240438E+00  8.96663558E-04
   24300 -1.47615636E+00 -5.99419535E-01  7.98497718E-01  2.21268580E+00  6.87255434E-04
   24350 -1.47463021E+00 -5.96231430E-01  8.01437842E-01  2.21286743E+00  6.57848481E-04
   24400 -1.46959456E+00 -6.00420202E-01  8.06127513E-01  2.21323139E+00  5.36293793E-04
   24450 -1.47047136E+00 -6.05599039E-01  8.07139210E-01  2.21324258E+00  4.52896974E-04
   24500 -1.46782932E+00 -6.07462492E-01  8.07557572E-01  2.21317965E+00  4.05151982E-04
   24550 -1.46966230E+00 -6.03729533E-01  8.08176212E-01  2.21334983E+00  4.47143664E-04
   24600 -1.46655175E+00 -6.02701486E-01  8.08953956E-01  2.21311074E+00  4.89874096E-04
   24650 -1.46193212E+00 -6.02371599E-01  8.14425504E-01  2.21342484E+00  3.21634152E-04
   24700 -1.45813941E+00 -6.03347215E-01  8.14182209E-01  2.21319772E+00  4.01756865E-04
   24750 -1.46425471E+00 -6.04690735E-01  8.09131672E-01  2.21290119E+00  7.30346991E-04
   24800 -1.46409253E+00 -6.01507498E-01  8.13665324E-01  2.21350445E+00  9.17702278E-04
   24850 -1.46116686E+00 -5.99928063E-01  8.10439712E-01  2.21313346E+00  5.58097231E-04
   24900 -1.46155384E+00 -6.00014034E-01  8.07899306E-01  2.21304658E+00  2.99522691E-04
   24950 -1.46787046E+00 -6.05806908E-01  8.02960063E-01  2.21307398E+00  4.07888727E-04
   25000 -1.46426036E+00 -6.10509649E-01  8.14812742E-01  2.21290387E+00  5.78579010E-04
   25050 -1.46423878E+00 -6.01015051E-01  8.19186371E-01  2.21317170E+00  5.31652041E-04
   25100 -1.46582946E+00 -6.01831241E-01  8.17314812E-01  2.21335336E+00  5.74522769E-04
   25150 -1.46141607E+00 -6.03700351E-01  8.22589550E-01  2.21311207E+00  5.22745818E-04
   25200 -1.45458817E+00 -6.12984661E-01  8.18016499E-01  2.21354867E+00  3.12364891E-04
   25250 -1.45098094E+00 -6.12704891E-01  8.18460800E-01  2.21356523E+00  7.98720049E-04
   25300 -1.45447299E+00 -6.17254885E-01  8.12317659E-01  2.21323245E+00  6.54128061E-04
   25350 -1.45248790E+00 -6.15016586E-01  8.09740802E-01  2.21360479E+00  4.79853186E-04
   25400 -1.45373371E+00 -6.17502912E-01  8.05638324E-01  2.21327324E+00  5.44505053E-04
   25450 -1.45420964E+00 -6.16076517E-01  7.99656373E-01  2.21324623E+00  5.18810800E-04
   25500 -1.45510329E+00 -6.14804374E-01  8.05569468E-01  2.21274737E+00  3.61978402E-04
   25550 -1.45462922E+00 -6.11445278E-01  8.05490360E-01  2.21285622E+00  3.96772670E-04
   25600 -1.45026668E+00 -6.11786360E-01  8.09279003E-01  2.21269436E+00  9.37864387E-04
   25650 -1.44948614E+00 -6.09586320E-01  8.09102152E-01  2.21291711E+00  9.79054545E-04
   25700 -1.44980537E+00 -6.10458932E-01  8.06795980E-01  2.21321665E+00  9.54647589E-04
   25750 -1.45256479E+00 -6.07270611E-01  8.08239004E-01  2.21252163E+00  6.86218841E-04
   25800 -1.45310872E+00 -6.05393012E-01  8.12414091E-01  2.21283891E+00  7.29562471E-04
   25850 -1.45496739E+00 -6.06259911E-01  8.15007315E-01  2.21273673E+00  6.79307082E-04
   25900 -1.46046392E+00 -6.01256096E-01  8.16626925E-01  2.21266330E+00  1.15672809E-03
   25950 -1.46344241E+00 -6.02097799E-01  8.16428620E-01  2.21300157E+00  3.83933328E-04
   26000 -1.46381529E+00 -6.05961827E-01  8.15472620E-01  2.21329499E+00  4.73441487E-04
   26050 -1.46308486E+00 -6.04046996E-01  8.15659208E-01  2.21345839E+00  7.62762679E-04
   26100 -1.45929597E+00 -6.12428123E-01  8.12549671E-01  2.21245172E+00  1.18043946E-03
   26150 -1.46370655E+00 -6.08974553E-01  8.09635801E-01  2.21313445E+00  9.30721849E-04
   26200 -1.46317618E+00 -6.15585624E-01  8.07122351E-01  2.21353115E+00  6.15195582E-04
   26250 -1.46286020E+00 -6.20303790E-01  8.09220487E-01  2.21284068E+00  6.45367391E-04
   26300 -1.46418696E+00 -6.16179238E-01  8.18556585E-01  2.21318800E+00  6.35076966E-04
   26350 -1.46525368E+00 -6.18162950E-01  8.12516574E-01  2.21256777E+00  4.45324514E-04
   26400 -1.46781916E+00 -6.17217016E-01  8.13606723E-01  2.21352624E+00  5.06706444E-04
   26450 -1.46355963E+00 -6.17956801E-01  8.15482232E-01  2.21300358E+00  7.68635528E-04
   26500 -1.46841302E+00 -6.17549977E-01  8.17600431E-01  2.21325350E+00  3.57386959E-04
   26550 -1.46714207E+00 -6.16572181E-01  8.18759236E-01  2.21344519E+00  5.70899037E-04
   26600 -1.46285421E+00 -6.19505324E-01  8.17847810E-01  2.21310296E+00  2.64286457E-04
   26650 -1.46481456E+00 -6.19390733E-01  8.14346616E-01  2.21299053E+00  5.68232310E-04
   26700 -1.46252718E+00 -6.18339849E-01  8.13862415E-01  2.21315440E+00  7.94026742E-04
   26750 -1.45873213E+00 -6.26724892E-01  8.17309776E-01  2.21356973E+00  5.65109761E-04
   26800 -1.45236488E+00 -6.31110053E-01  8.21201857E-01  2.21321113E+00  6.66137522E-04
   26850 -1.44960233E+00 -6.36359048E-01  8.18232231E-01  2.21357788E+00  2.57066099E-04
   26900 -1.44568390E+00 -6.40120621E-01  8.16986388E-01  2.21284106E+00  4.97691639E-04
   26950 -1.44053071E+00 -6.40651530E-01  8.14765154E-01  2.21295129E+00  9.69261362E-04
   27000 -1.44088079E+00 -6.42119310E-01  8.17883803E-01  2.21307626E+00  5.71928416E-04
   27050 -1.44185619E+00 -6.40137714E-01  8.24501882E-01  2.21304634E+00  6.10951464E-04
   27100 -1.43917216E+00 -6.40264568E-01  8.19521308E-01  2.21264672E+00  1.18903442E-04
   27150 -1.43258751E+00 -6.39549585E-01  8.20144357E-01  2.21282097E+00  7.57134368E-04
   27200 -1.43246759E+00 -6.43934589E-01  8.12499790E-01  2.21269765E+00  6.74151309E-04
   27250 -1.43392957E+00 -6.47872515E-01  8.13516729E-01  2.21254890E+00  5.63292952E-04
   27300 -1.43393227E+00 -6.50330843E-01  8.18725705E-01  2.21276665E+00  3.27913151E-04
   27350 -1.43514006E+00 -6.49468099E-01  8.18089654E-01  2.21265382E+00  5.34708658E-04
   27400 -1.43474935E+00 -6.48255084E-01  8.17699676E-01  2.21287026E+00  1.01577875E-03
   27450 -1.43473655E+00 -6.51960737E-01  8.18554034E-01  2.21263941E+00  4.62409120E-04
   27500 -1.43795476E+00 -6.47914016E-01  8.16561555E-01  2.21283103E+00  6.43191487E-04
   27550 -1.43540599E+00 -6.56064762E-01  8.14882222E-01  2.21274101E+00  5.89572126E-04
   27600 -1.43491759E+00 -6.53804787E-01  8.20821288E-01  2.21345203E+00  7.53042940E-04
   27650 -1.43238842E+00 -6.50285215E-01  8.26315783E-01  2.21303919E+00  7.33427932E-04
   27700 -1.43435715E+00 -6.47832212E-01  8.23644267E-01  2.21360273E+00  4.47680090E-04
   27750 -1.42929188E+00 -6.51243132E-01  8.27457967E-01  2.21305317E+00  8.06257468E-04
   27800 -1.42894547E+00 -6.48484895E-01  8.24927382E-01  2.21284241E+00  8.30892567E-04
   27850 -1.42539200E+00 -6.48141726E-01  8.30388732E-01  2.21245732E+00  1.00626774E-03
   27900 -1.42794413E+00 -6.48145891E-01  8.32483199E-01  2.21315289E+00  1.15990773E-03
   27950 -1.42963486E+00 -6.49071260E-01  8.26058404E-01  2.21330489E+00  6.74986282E-04
   28000 -1.42837597E+00 -6.46892547E-01  8.25891473E-01  2.21347634E+00  8.44081856E-04
   28050 -1.42923171E+00 -6.51756665E-01  8.21989082E-01  2.21342307E+00  5.43275321E-04
   28100 -1.42797502E+00 -6.51586977E-01  8.22363927E-01  2.21333160E+00  4.37700275E-04
   28150 -1.42816805E+00 -6.51950983E-01  8.25818707E-01  2.21342260E+00  3.81096774E-04
   28200 -1.42647235E+00 -6.43607101E-01  8.29020247E-01  2.21330962E+00  6.78383424E-04
   28250 -1.42117646E+00 -6.45588102E-01  8.32672435E-01  2.21314950E+00  1.05140781E-03
   28300 -1.41989538E+00 -6.49321172E-01  8.28243723E-01  2.21334385E+00  1.00955229E-03
   28350 -1.41796514E+00 -6.51161840E-01  8.24747812E-01  2.21325808E+00  1.14391867E-03
   28400 -1.41356284E+00 -6.48425706E-01  8.29071869E-01  2.21277424E+00  1.02615937E-03
   28450 -1.41556715E+00 -6.46279190E-01  8.29395341E-01  2.21273141E+00  8.45108305E-04
   28500 -1.41726152E+00 -6.48176203E-01  8.33257128E-01  2.21329530E+00  4.26739129E-04
   28550 -1.41402415E+00 -6.48696770E-01  8.31742940E-01  2.21346398E+00  4.54903820E-04
   28600 -1.41656861E+00 -6.44952852E-01  8.32553935E-01  2.21362773E+00  8.10035889E-04
   28650 -1.41938810E+00 -6.39230742E-01  8.34369073E-01  2.21368906E+00  5.24680297E-04
   28700 -1.41431031E+00 -6.30292031E-01  8.37440750E-01  2.21362731E+00  4.27906214E-04
   28750 -1.41144538E+00 -6.30710390E-01  8.38817218E-01  2.21337929E+00  5.73947597E-04
   28800 -1.41300704E+00 -6.29431935E-01  8.39508964E-01  2.21401879E+00  4.96178341E-04
   28850 -1.41144532E+00 -6.22844482E-01  8.32241198E-01  2.21382567E+00  5.08521389E-04
   28900 -1.40538255E+00 -6.27268844E-01  8.36708246E-01  2.21344996E+00  4.99248455E-04
   28950 -1.40728583E+00 -6.25711858E-01  8.29290804E-01  2.21325033E+00  7.23547872E-04
   29000 -1.40781387E+00 -6.20262343E-01  8.27937139E-01  2.21319048E+00  6.46768837E-04
   29050 -1.40944910E+00 -6.20851724E-01  8.26736605E-01  2.21326071E+00  6.11200358E-04
   29100 -1.40596966E+00 -6.20498196E-01  8.23528397E-01  2.21289942E+00  1.06339642E-03
   29150 -1.40803557E+00 -6.23478407E-01  8.20398451E-01  2.21284692E+00  5.13094403E-04
   29200 -1.40813191E+00 -6.21450219E-01  8.24518571E-01  2.21310383E+00  6.05484468E-04
   29250 -1.40619015E+00 -6.25343867E-01  8.23132247E-01  2.21341493E+00  2.64916000E-04
   29300 -1.40764952E+00 -6.30714156E-01  8.22931400E-01  2.21351440E+00  1.30784734E-04
   29350 -1.40588315E+00 -6.36105170E-01  8.27529842E-01  2.21364792E+00  8.29283056E-04
   29400 -1.40370024E+00 -6.37188966E-01  8.26798071E-01  2.21327023E+00  5.26105527E-04
   29450 -1.40535069E+00 -6.40723048E-01  8.18836901E-01  2.21306493E+00  4.04438228E-04
   29500 -1.40212341E+00 -6.45484752E-01  8.22640775E-01  2.21335579E+00  6.45369417E-04
   29550 -1.40565708E+00 -6.40471053E-01  8.25109206E-01  2.21380157E+00  6.07058205E-04
   29600 -1.40900656E+00 -6.37680788E-01  8.19043282E-01  2.21362484E+00  4.42319737E-04
   29650 -1.40868784E+00 -6.35249285E-01  8.21001987E-01  2.21313818E+00  4.27515690E-04
   29700 -1.40872920E+00 -6.27834796E-01  8.22480110E-01  2.21346169E+00  4.35689587E-04
   29750 -1.40903890E+00 -6.22870049E-01  8.23759164E-01  2.21407488E+00  3.23653144E-04
   29800 -1.41088387E+00 -6.21164740E-01  8.24070802E-01  2.21353123E+00  9.13549762E-04
   29850 -1.40380116E+00 -6.19360178E-01  8.28472588E-01  2.21326432E+00  4.83415586E-04
   29900 -1.40307830E+00 -6.21009191E-01  8.29771546E-01  2.21354568E+00  5.77205139E-04
   29950 -1.40784335E+00 -6.20269265E-01  8.17568811E-01  2.21348129E+00  5.16858810E-04
   30000 -1.40641308E+00 -6.16199110E-01  8.19159294E-01  2.21314851E+00  6.68490682E-04
   30050 -1.40824904E+00 -6.14195437E-01  8.13865955E-01  2.21280173E+00  4.42485362E-04
   30100 -1.41003904E+00 -6.15868349E-01  8.10375889E-01  2.21306611E+00  4.73988092E-04
   30150 -1.41513099E+00 -6.14503931E-01  8.08098263E-01  2.21300902E+00  5.51954052E-04
   30200 -1.41455996E+00 -6.12089443E-01  8.04268525E-01  2.21274827E+00  3.20550090E-04
   30250 -1.41642420E+00 -6.11906045E-01  8.04277694E-01  2.21309490E+00  6.80995094E-04
   30300 -1.41758766E+00 -6.05505655E-01  8.02675593E-01  2.21351893E+00  3.94182745E-04
   30350 -1.42166577E+00 -6.06632101E-01  8.02258863E-01  2.21290717E+00  6.98010959E-04
   30400 -1.42135961E+00 -6.04122650E-01  7.99036590E-01  2.21284752E+00  5.17458167E-04
   30450 -1.42065089E+00 -6.09161290E-01  7.97121041E-01  2.21334408E+00  5.87463641E-04
   30500 -1.42301185E+00 -6.08888515E-01  7.92290064E-01  2.21328876E+00  2.80349227E-04
   30550 -1.42025774E+00 -6.02093189E-01  7.86007181E-01  2.21286961E+00  7.40388825E-04
   30600 -1.42380315E+00 -6.06555403E-01  7.82797078E-01  2.21334754E+00  5.10063739E-04
   30650 -1.42230281E+00 -6.07936160E-01  7.83338861E-01  2.21343811E+00  2.83827532E-04
   30700 -1.41616583E+00 -6.14080854E-01  7.86751637E-01  2.21382929E+00  3.06570117E-04
   30750 -1.42019475E+00 -6.21205201E-01  7.83425592E-01  2.21340132E+00  3.23778338E-04
   30800 -1.41939143E+00 -6.18730212E-01  7.83820858E-01  2.21326213E+00  3.21436453E-04
   30850 -1.41357726E+00 -6.19948896E-01  7.82898235E-01  2.21331509E+00  2.92980788E-04
   30900 -1.41099759E+00 -6.26270561E-01  7.83624045E-01  2.21317020E+00  6.49201044E-04
   30950 -1.40369067E+00 -6.34933745E-01  7.87873883E-01  2.21277667E+00  3.12706226E-04
   31000 -1.40660703E+00 -6.32193650E-01  7.86119579E-01  2.21295585E+00  4.43758170E-04
   31050 -1.40809541E+00 -6.37876558E-01  7.84357721E-01  2.21323043E+00  5.31424620E-04
   31100 -1.40838877E+00 -6.43951657E-01  7.83892322E-01  2.21329510E+00  4.61314783E-04
   31150 -1.40683383E+00 -6.40911572E-01  7.88297005E-01  2.21243222E+00  9.27604155E-04
   31200 -1.40885844E+00 -6.38976423E-01  7.86250231E-01  2.21285552E+00  2.61168387E-04
   31250 -1.40784182E+00 -6.41748061E-01  7.84345134E-01  2.21247931E+00  8.13373196E-04
   31300 -1.40939891E+00 -6.43346064E-01  7.85240595E-01  2.21260051E+00  8.62289916E-04
   31350 -1.40446926E+00 -6.46890122E-01  7.84480375E-01  2.21280316E+00  5.64635450E-04
   31400 -1.40671646E+00 -6.52574775E-01  7.84570869E-01  2.21268041E+00  3.80952477E-04
   31450 -1.40170523E+00 -6.58978904E-01  7.91610677E-01  2.21323333E+00  9.12382821E-04
   31500 -1.39839579E+00 -6.59814531E-01  7.91917432E-01  2.21294929E+00  1.46556795E-03
   31550 -1.39370566E+00 -6.55907377E-01  7.96491302E-01  2.21296830E+00  1.25483793E-03
   31600 -1.39236435E+00 -6.48426372E-01  7.99092891E-01  2.21283941E+00  9.91437577E-04
   31650 -1.38895102E+00 -6.55390699E-01  8.01050711E-01  2.21279133E+00  9.09788828E-04
   31700 -1.38418444E+00 -6.56353790E-01  7.96049790E-01  2.21268018E+00  1.01966208E-03
   31750 -1.38390632E+00 -6.54209353E-01  7.91840622E-01  2.21276547E+00  6.74468095E-04
   31800 -1.38651926E+00 -6.52757756E-01  7.90442866E-01  2.21259723E+00  7.29280153E-04
   31850 -1.38948146E+00 -6.48756698E-01  7.85424455E-01  2.21249058E+00  5.34257860E-04
   31900 -1.38708122E+00 -6.51967783E-01  7.81075670E-01  2.21252780E+00  7.47939597E-04
   31950 -1.38353979E+00 -6.53218931E-01  7.82991631E-01  2.21305078E+00  7.62529441E-04
   32000 -1.38847837E+00 -6.44886579E-01  7.81311969E-01  2.21283333E+00  1.09720686E-03
   32050 -1.38547641E+00 -6.45993987E-01  7.74953669E-01  2.21369941E+00  6.22739011E-04
   32100 -1.38357517E+00 -6.44025371E-01  7.77950045E-01  2.21389481E+00  2.18405786E-04
   32150 -1.38365657E+00 -6.46450094E-01  7.75741979E-01  2.21291673E+00  6.16878085E-04
   32200 -1.38524503E+00 -6.38435187E-01  7.83079616E-01  2.21260094E+00  6.26375016E-04
   32250 -1.38686490E+00 -6.38671663E-01  7.77810557E-01  2.21310670E+00  6.18162586E-04
   32300 -1.38725478E+00 -6.34015686E-01  7.74826841E-01  2.21341342E+00  2.42402817E-04
   32350 -1.38543761E+00 -6.34664627E-01  7.77280716E-01  2.21257054E+00  1.07037733E-03
   32400 -1.38293575E+00 -6.30767778E-01  7.73326725E-01  2.21279501E+00  6.60830790E-04
   32450 -1.38813430E+00 -6.26713085E-01  7.70464118E-01  2.21280722E+00  4.84617961E-04
   32500 -1.38703038E+00 -6.27393964E-01  7.76399909E-01  2.21318956E+00  6.89842768E-04
   32550 -1.38913746E+00 -6.26372259E-01  7.78989093E-01  2.21337066E+00  7.39314574E-04
   32600 -1.38233384E+00 -6.24960747E-01  7.78043998E-01  2.21291520E+00  3.22111655E-04
   32650 -1.38261692E+00 -6.21390042E-01  7.78477495E-01  2.21285198E+00  5.95556050E-04
   32700 -1.38107419E+00 -6.22715941E-01  7.85243016E-01  2.21286016E+00  4.24265333E-04
   32750 -1.38324072E+00 -6.22866809E-01  7.88029274E-01  2.21300089E+00  6.39724685E-04
   32800 -1.38616162E+00 -6.14854470E-01  7.90244974E-01  2.21308302E+00  9.66019605E-05
   32850 -1.38789157E+00 -6.04005840E-01  7.96008053E-01  2.21312317E+00  3.10500045E-04
   32900 -1.39096045E+00 -6.05534065E-01  7.92191056E-01  2.21306971E+00  6.36886979E-04
   32950 -1.38776612E+00 -6.03854114E-01  7.90858508E-01  2.21253559E+00  5.95802717E-04
   33000 -1.38932054E+00 -6.09052263E-01  7.93115185E-01  2.21285585E+00  7.03546246E-04
   33050 -1.39131568E+00 -6.10012886E-01  7.99355371E-01  2.21278270E+00  6.66662472E-04
   33100 -1.38890827E+00 -6.09085842E-01  8.04393512E-01  2.21307615E+00  4.71955621E-04
   33150 -1.38540593E+00 -6.11874676E-01  8.07409917E-01  2.21280065E+00  9.00316134E-04
   33200 -1.38335899E+00 -6.12847583E-01  8.12064966E-01  2.21316195E+00  7.48901204E-04
   33250 -1.38387674E+00 -6.07032644E-01  8.10788506E-01  2.21310796E+00  6.21177725E-04
   33300 -1.38301610E+00 -6.09170853E-01  8.10036292E-01  2.21358144E+00  4.85659822E-04
   33350 -1.38434737E+00 -6.09114803E-01  8.10608804E-01  2.21355088E+00  5.20933089E-04
   33400 -1.38610292E+00 -6.13041341E-01  8.08935833E-01  2.21368323E+00  3.63683688E-04
   33450 -1.38311251E+00 -6.13362835E-01  8.10532598E-01  2.21339751E+00  6.97634430E-04
   33500 -1.38907776E+00 -6.17011212E-01  8.03251185E-01  2.21312819E+00  3.64937079E-04
   33550 -1.39120983E+00 -6.18964849E-01  8.02683373E-01  2.21289208E+00  1.02264982E-03
   33600 -1.39253770E+00 -6.12998448E-01  7.98945363E-01  2.21301158E+00  6.56236367E-04
   33650 -1.38853874E+00 -6.11879908E-01  7.99804983E-01  2.21334887E+00  7.49634843E-04
   33700 -1.38788884E+00 -6.13287593E-01  7.97604004E-01  2.21330115E+00  9.07269150E-04
   33750 -1.38811985E+00 -6.10672236E-01  7.98887402E-01  2.21339710E+00  6.41434451E-04
   33800 -1.38568099E+00 -6.11284386E-01  7.99092208E-01  2.21347042E+00  6.39021229E-04
   33850 -1.38681714E+00 -6.15266541E-01  7.99814889E-01  2.21330995E+00  5.92073658E-04
   33900 -1.38389325E+00 -6.15119406E-01  8.03533500E-01  2.21325172E+00  7.42586799E-04
   33950 -1.38745019E+00 -6.09758452E-01  8.04644704E-01  2.21351197E+00  6.39018948E-04
   34000 -1.38432010E+00 -6.10738647E-01  8.03917326E-01  2.21312431E+00  3.69300462E-04
   34050 -1.38259166E+00 -6.12474185E-01  8.00519567E-01  2.21295094E+00  3.52234521E-04
   34100 -1.38269975E+00 -6.15727430E-01  8.05446555E-01  2.21302914E+00  4.31323243E-04
   34150 -1.38140050E+00 -6.13997167E-01  8.08561957E-01  2.21318097E+00  1.78209052E-04
   34200 -1.38509177E+00 -6.23730544E-01  8.04395754E-01  2.21321589E+00  6.19037948E-04
   34250 -1.38672638E+00 -6.15295176E-01  8.08232034E-01  2.21374990E+00  5.78011199E-04
   34300 -1.38755016E+00 -6.19928409E-01  8.04606788E-01  2.21298032E+00  1.73795467E-04
   34350 -1.39030787E+00 -6.21674170E-01  7.95868269E-01  2.21321321E+00  2.72568925E-04
   34400 -1.39382741E+00 -6.19672172E-01  7.96083263E-01  2.21363317E+00  4.41501383E-04
   34450 -1.39038011E+00 -6.23932942E-01  7.91908693E-01  2.21366848E+00  8.73612873E-04
   34500 -1.38722048E+00 -6.28499619E-01  7.92717062E-01  2.21355466E+00  6.09622956E-04
   34550 -1.38765529E+00 -6.23451966E-01  7.95591147E-01  2.21345419E+00  2.50072415E-04
   34600 -1.38850115E+00 -6.22097660E-01  7.95960635E-01  2.21346797E+00  6.88113733E-04
   34650 -1.39162921E+00 -6.18180725E-01  8.01361336E-01  2.21317245E+00  5.76516615E-04
   34700 -1.38601829E+00 -6.17835939E-01  8.03841615E-01  2.21294646E+00  9.14885522E-04
   34750 -1.38790170E+00 -6.20968836E-01  8.04013736E-01  2.21251644E+00  1.27738725E-03
   34800 -1.38322915E+00 -6.23878374E-01  7.97116048E-01  2.21335093E+00  8.87716108E-04
   34850 -1.38470942E+00 -6.23902457E-01  7.98406898E-01  2.21303213E+00  5.88068488E-04
   34900 -1.37745953E+00 -6.25416743E-01  7.98106543E-01  2.21330388E+00  8.03798284E-04
   34950 -1.38068472E+00 -6.31587402E-01  8.00111065E-01  2.21289713E+00  5.74137337E-04
   35000 -1.37502844E+00 -6.30825243E-01  8.06549863E-01  2.21298503E+00  4.25529802E-04
   35050 -1.37161476E+00 -6.24251441E-01  8.05998516E-01  2.21300045E+00  5.05256355E-04
   35100 -1.37543873E+00 -6.19098520E-01  8.04923914E-01  2.21320993E+00  6.78300858E-04
   35150 -1.37951407E+00 -6.26401996E-01  7.99865612E-01  2.21312032E+00  6.30606318E-04
   35200 -1.37225448E+00 -6.27230306E-01  7.97560235E-01  2.21271019E+00  5.20146695E-04
   35250 -1.37381267E+00 -6.33679959E-01  7.96557700E-01  2.21272457E+00  4.99118286E-04
   35300 -1.37131452E+00 -6.33339604E-01  7.98966032E-01  2.21302757E+00  5.23085397E-04
   35350 -1.36982793E+00 -6.34926061E-01  7.96525248E-01  2.21306653E+00  5.50925048E-04
   35400 -1.36647095E+00 -6.27857066E-01  8.00598792E-01  2.21260818E+00  6.72562905E-04
   35450 -1.36295823E+00 -6.26971548E-01  8.03317896E-01  2.21302220E+00  5.92650015E-04
   35500 -1.36593336E+00 -6.24256919E-01  8.04544059E-01  2.21260302E+00  4.48558860E-04
   35550 -1.36786227E+00 -6.25256195E-01  8.03028966E-01  2.21270811E+00  7.54022170E-04
   35600 -1.36629216E+00 -6.24742925E-01  8.02118537E-01  2.21292328E+00  4.01325650E-04
   35650 -1.36591978E+00 -6.27999369E-01  8.05713496E-01  2.21304644E+00  5.82171438E-04
   35700 -1.36572666E+00 -6.29516580E-01  8.06673347E-01  2.21280786E+00  8.80701650E-04
   35750 -1.36898245E+00 -6.23598958E-01  8.09497911E-01  2.21314781E+00  5.94246110E-04
   35800 -1.36875107E+00 -6.22458263E-01  8.14135296E-01  2.21335495E+00  1.95902961E-04
   35850 -1.36809276E+00 -6.22868912E-01  8.14718447E-01  2.21358622E+00  3.32419756E-04
   35900 -1.36622783E+00 -6.24274064E-01  8.17567860E-01  2.21384063E+00  9.96813704E-04
   35950 -1.35858932E+00 -6.25130594E-01  8.20655270E-01  2.21305170E+00  8.03606638E-04
   36000 -1.35858336E+00 -6.23039198E-01  8.15830334E-01  2.21318550E+00  9.84923853E-04
   36050 -1.35771222E+00 -6.27111368E-01  8.11248644E-01  2.21391758E+00  8.25200565E-04
   36100 -1.35900308E+00 -6.27515562E-01  8.06348373E-01  2.21349707E+00  4.36172126E-04
   36150 -1.35768799E+00 -6.25585269E-01  8.09284557E-01  2.21368882E+00  4.58057369E-04
   36200 -1.35737390E+00 -6.28432676E-01  8.08305870E-01  2.21320188E+00  5.68716266E-04
   36250 -1.35869305E+00 -6.30851019E-01  8.13220666E-01  2.21338903E+00  5.15778233E-04
   36300 -1.35507213E+00 -6.34734165E-01  8.10450155E-01  2.21327602E+00  2.64071173E-04
   36350 -1.36009583E+00 -6.29420033E-01  8.10106054E-01  2.21304060E+00  5.02353561E-04
   36400 -1.36236446E+00 -6.29026738E-01  8.10266700E-01  2.21308612E+00  4.79169081E-04
   36450 -1.36033306E+00 -6.23975402E-01  8.08169608E-01  2.21318513E+00  6.31067668E-04
   36500 -1.36269608E+00 -6.22267165E-01  8.07560808E-01  2.21339689E+00  7.80731608E-04
   36550 -1.36474814E+00 -6.17271392E-01  8.04434325E-01  2.21300451E+00  8.74041422E-04
   36600 -1.36452971E+00 -6.13066468E-01  8.07337972E-01  2.21293976E+00  1.08907814E-03
   36650 -1.37135675E+00 -6.16037720E-01  8.03505027E-01  2.21343755E+00  1.01474675E-03
   36700 -1.36777396E+00 -6.10989267E-01  8.06937242E-01  2.21347275E+00  1.00442250E-03
   36750 -1.36852878E+00 -6.10970887E-01  7.98386520E-01  2.21318891E+00  4.24403665E-04
   36800 -1.37261453E+00 -6.09690622E-01  7.95091361E-01  2.21335290E+00  7.92090735E-04
   36850 -1.37425379E+00 -6.06532092E-01  7.91714250E-01  2.21373531E+00  3.79736059E-04
   36900 -1.37909538E+00 -6.04845991E-01  7.89075073E-01  2.21342813E+00  4.85134568E-04
   36950 -1.38142018E+00 -6.05010013E-01  7.87304353E-01  2.21276771E+00  8.65888723E-04
   37000 -1.38501328E+00 -6.03410178E-01  7.86981954E-01  2.21347816E+00  3.68036137E-04
   37050 -1.38390078E+00 -6.04843281E-01  7.88813155E-01  2.21322435E+00  5.21509845E-04
   37100 -1.38585205E+00 -6.02842798E-01  7.84634269E-01  2.21283440E+00  4.46120222E-04
   37150 -1.38346519E+00 -6.02204136E-01  7.85826039E-01  2.21336900E+00  3.14899734E-04
   37200 -1.37975936E+00 -5.96738050E-01  7.97483571E-01  2.21304094E+00  2.99987974E-04
   37250 -1.38033965E+00 -5.93545025E-01  7.97681015E-01  2.21323942E+00  2.97783925E-04
   37300 -1.37827170E+00 -6.03106496E-01  8.03713041E-01  2.21258246E+00  8.18614023E-04
   37350 -1.37788985E+00 -5.99950676E-01  8.00472189E-01  2.21312156E+00  7.08848237E-04
   37400 -1.38119916E+00 -5.98066002E-01  8.01837003E-01  2.21255234E+00  1.16049956E-04
   37450 -1.39083258E+00 -5.93383854E-01  8.05862274E-01  2.21273265E+00  7.53226439E-04
   37500 -1.38667674E+00 -5.88835539E-01  8.06422481E-01  2.21349347E+00  4.92919456E-04
   37550 -1.38703935E+00 -5.84941814E-01  8.07127494E-01  2.21319044E+00  7.93480402E-04
   37600 -1.38818260E+00 -5.85146434E-01  8.09464224E-01  2.21347640E+00  1.21242477E-03
   37650 -1.38165900E+00 -5.90635701E-01  8.12785519E-01  2.21327640E+00  7.10417161E-04
   37700 -1.38494161E+00 -5.81780712E-01  8.07942293E-01  2.21328935E+00  7.39972949E-04
   37750 -1.38136225E+00 -5.79804322E-01  8.05197419E-01  2.21351602E+00  3.58642208E-04
   37800 -1.38065554E+00 -5.80882518E-01  8.00061302E-01  2.21324370E+00  6.76333017E-04
   37850 -1.37835399E+00 -5.77303154E-01  7.98372424E-01  2.21307985E+00  5.67297185E-04
   37900 -1.38064582E+00 -5.80334511E-01  7.99437860E-01  2.21322536E+00  6.06123158E-04
   37950 -1.37801317E+00 -5.85730667E-01  8.01244903E-01  2.21365694E+00  5.18564048E-04
   38000 -1.37809177E+00 -5.88406314E-01  7.99026469E-01  2.21361420E+00  6.44713014E-04
   38050 -1.37700152E+00 -5.90336922E-01  8.02246542E-01  2.21347385E+00  8.09952314E-04
   38100 -1.37737425E+00 -5.84631701E-01  8.03072694E-01  2.21308993E+00  7.66407668E-04
   38150 -1.38239674E+00 -5.79331515E-01  8.08497431E-01  2.21290797E+00  3.87646087E-04
   38200 -1.38635477E+00 -5.82759039E-01  8.07628509E-01  2.21360234E+00  4.11238009E-04
   38250 -1.38348613E+00 -5.82394717E-01  8.10068389E-01  2.21345267E+00  8.08513549E-04
   38300 -1.38180293E+00 -5.86770834E-01  8.08731651E-01  2.21349112E+00  8.03216647E-04
   38350 -1.38101545E+00 -5.90775804E-01  8.04047073E-01  2.21323276E+00  3.79401753E-04
   38400 -1.37915310E+00 -5.88614519E-01  8.09225103E-01  2.21353724E+00  2.52427423E-04
   38450 -1.37997504E+00 -5.78033231E-01  8.10881721E-01  2.21349121E+00  4.19640095E-04
   38500 -1.37700291E+00 -5.78964599E-01  8.07154503E-01  2.21303085E+00  7.29363871E-04
   38550 -1.38093967E+00 -5.85384784E-01  8.08262831E-01  2.21315417E+00  4.90699780E-04
   38600 -1.37629370E+00 -5.87984771E-01  8.10716107E-01  2.21278581E+00  6.89887895E-04
   38650 -1.37278352E+00 -5.84317013E-01  8.10765469E-01  2.21283810E+00  5.09083891E-04
   38700 -1.36607602E+00 -5.82573045E-01  8.11304868E-01  2.21246196E+00  4.39231568E-04
   38750 -1.36217521E+00 -5.88045086E-01  8.09225934E-01  2.21228953E+00  5.28574217E-04
   38800 -1.36123359E+00 -5.87209440E-01  8.12862273E-01  2.21242149E+00  5.89715970E-04
   38850 -1.36802311E+00 -5.84952731E-01  8.10914987E-01  2.21266732E+00  7.51417152E-04
   38900 -1.37377676E+00 -5.78936657E-01  8.10764767E-01  2.21313231E+00  7.15063208E-04
   38950 -1.37386432E+00 -5.86375490E-01  8.07655380E-01  2.21271550E+00  2.42783359E-04
   39000 -1.38267141E+00 -5.81302947E-01  8.03878127E-01  2.21343781E+00  6.40615339E-04
   39050 -1.38340735E+00 -5.82026970E-01  8.08507607E-01  2.21329991E+00  2.13372141E-04
   39100 -1.38318005E+00 -5.77333353E-01  8.15485103E-01  2.21291301E+00  3.51699661E-04
   39150 -1.38961393E+00 -5.75686639E-01  8.14208378E-01  2.21317383E+00  9.03817827E-04
   39200 -1.39541491E+00 -5.83581555E-01  8.14338770E-01  2.21324237E+00  1.15166645E-03
   39250 -1.39822436E+00 -5.76420297E-01  8.09418558E-01  2.21290691E+00  6.66751354E-04
   39300 -1.40043613E+00 -5.80612181E-01  8.10605765E-01  2.21301482E+00  6.28567004E-04
   39350 -1.40489193E+00 -5.72960142E-01  8.14363037E-01  2.21275592E+00  4.73236595E-04
   39400 -1.40226210E+00 -5.73251254E-01  8.20166746E-01  2.21309578E+00  4.64133346E-04
   39450 -1.39862581E+00 -5.69955594E-01  8.21382185E-01  2.21306134E+00  3.90738166E-04
   39500 -1.40043514E+00 -5.75049249E-01  8.22869457E-01  2.21310821E+00  5.71536803E-04
   39550 -1.40008734E+00 -5.79519560E-01  8.16354779E-01  2.21303604E+00  7.44315389E-04
   39600 -1.39889815E+00 -5.89164265E-01  8.16135036E-01  2.21320583E+00  8.19009323E-04
   39650 -1.39452861E+00 -5.93390237E-01  8.20162887E-01  2.21336115E+00  6.76456928E-04
   39700 -1.38707137E+00 -5.88227747E-01  8.26104493E-01  2.21336770E+00  5.38682026E-04
   39750 -1.38671591E+00 -5.90912126E-01  8.23387514E-01  2.21318100E+00  9.18060229E-04
   39800 -1.38608333E+00 -5.83442373E-01  8.22900773E-01  2.21288897E+00  7.80292969E-04
   39850 -1.38829829E+00 -5.79968295E-01  8.21076877E-01  2.21269833E+00  1.01289344E-03
   39900 -1.38921169E+00 -5.82309523E-01  8.19058374E-01  2.21304543E+00  5.94673710E-04
   39950 -1.39333752E+00 -5.78908948E-01  8.18704497E-01  2.21243094E+00  7.81010662E-04
