   #Iter             <M>           <M^2>           <M^4>      U_{Binder}            \chi        C_v(tot)             <E>       <E_{exc}>       <E_{lsf}>
       1  2.21238067E+00  4.89462836E+00  2.39573894E+01  6.66666631E-01  5.94866620E-06  1.85042352E-01 -1.22797873E+01 -1.22797873E+01  0.00000000E+00
      11  2.21309845E+00  4.89780513E+00  2.39885024E+01  6.66666565E-01  1.67856116E-05  1.24127757E+00 -1.22828654E+01 -1.22828654E+01  0.00000000E+00
      21  2.21299205E+00  4.89733424E+00  2.39838915E+01  6.66666544E-01  2.03751609E-05  1.04359982E+00 -1.22832711E+01 -1.22832711E+01  0.00000000E+00
      31  2.21306888E+00  4.89767425E+00  2.39872207E+01  6.66666560E-01  1.77233129E-05  1.08871439E+00 -1.22832277E+01 -1.22832277E+01  0.00000000E+00
      41  2.21313886E+00  4.89798404E+00  2.39902558E+01  6.66666554E-01  1.87031695E-05  1.00316600E+00 -1.22830810E+01 -1.22830810E+01  0.00000000E+00
      51  2.21309570E+00  4.89779302E+00  2.39883849E+01  6.66666549E-01  1.95046904E-05  9.84601377E-01 -1.22832812E+01 -1.22832812E+01  0.00000000E+00
      61  2.21304776E+00  4.89758086E+00  2.39863072E+01  6.66666543E-01  2.04915344E-05  9.84345205E-01 -1.22830022E+01 -1.22830022E+01  0.00000000E+00
      71  2.21313818E+00  4.89798107E+00  2.39902274E+01  6.66666544E-01  2.03727368E-05  9.59331418E-01 -1.22830520E+01 -1.22830520E+01  0.00000000E+00
      81  2.21312080E+00  4.89790411E+00  2.39894734E+01  6.66666545E-01  2.01041170E-05  9.62104159E-01 -1.22829954E+01 -1.22829954E+01  0.00000000E+00
      91  2.21307404E+00  4.89769719E+00  2.39874477E+01  6.66666529E-01  2.28353444E-05  1.05413438E+00 -1.22830205E+01 -1.22830205E+01  0.00000000E+00
     101  2.21311872E+00  4.89789496E+00  2.39893849E+01  6.66666529E-01  2.28851218E-05  1.05488874E+00 -1.22831525E+01 -1.22831525E+01  0.00000000E+00
     111  2.21313876E+00  4.89798366E+00  2.39902537E+01  6.66666531E-01  2.25356723E-05  1.06520796E+00 -1.22830866E+01 -1.22830866E+01  0.00000000E+00
     121  2.21313474E+00  4.89796587E+00  2.39900790E+01  6.66666537E-01  2.15578413E-05  1.06173691E+00 -1.22830198E+01 -1.22830198E+01  0.00000000E+00
     131  2.21310219E+00  4.89782177E+00  2.39886675E+01  6.66666535E-01  2.17996225E-05  1.04542746E+00 -1.22830165E+01 -1.22830165E+01  0.00000000E+00
     141  2.21312619E+00  4.89792802E+00  2.39897082E+01  6.66666536E-01  2.15867041E-05  1.05071457E+00 -1.22829494E+01 -1.22829494E+01  0.00000000E+00
     151  2.21312798E+00  4.89793592E+00  2.39897858E+01  6.66666535E-01  2.18472104E-05  1.03744277E+00 -1.22830445E+01 -1.22830445E+01  0.00000000E+00
     161  2.21309327E+00  4.89778232E+00  2.39882816E+01  6.66666529E-01  2.28627024E-05  1.02761043E+00 -1.22828737E+01 -1.22828737E+01  0.00000000E+00
     171  2.21312873E+00  4.89793928E+00  2.39898188E+01  6.66666533E-01  2.21269718E-05  9.93141216E-01 -1.22828823E+01 -1.22828823E+01  0.00000000E+00
     181  2.21311025E+00  4.89785742E+00  2.39890165E+01  6.66666540E-01  2.10085432E-05  9.84285534E-01 -1.22828284E+01 -1.22828284E+01  0.00000000E+00
     191  2.21310959E+00  4.89785453E+00  2.39889880E+01  6.66666541E-01  2.07648728E-05  9.73570009E-01 -1.22827900E+01 -1.22827900E+01  0.00000000E+00
     201  2.21308555E+00  4.89774816E+00  2.39879467E+01  6.66666533E-01  2.22203208E-05  9.61961656E-01 -1.22827941E+01 -1.22827941E+01  0.00000000E+00
     211  2.21307626E+00  4.89770705E+00  2.39875447E+01  6.66666523E-01  2.38192030E-05  9.39951173E-01 -1.22828492E+01 -1.22828492E+01  0.00000000E+00
     221  2.21307325E+00  4.89769374E+00  2.39874148E+01  6.66666517E-01  2.48714944E-05  9.51139490E-01 -1.22828845E+01 -1.22828845E+01  0.00000000E+00
     231  2.21306024E+00  4.89763620E+00  2.39868513E+01  6.66666515E-01  2.50959756E-05  9.60826265E-01 -1.22828430E+01 -1.22828430E+01  0.00000000E+00
     241  2.21305599E+00  4.89761737E+00  2.39866671E+01  6.66666511E-01  2.57428804E-05  9.80054276E-01 -1.22828212E+01 -1.22828212E+01  0.00000000E+00
     251  2.21303873E+00  4.89754100E+00  2.39859194E+01  6.66666506E-01  2.66015934E-05  9.75803797E-01 -1.22828233E+01 -1.22828233E+01  0.00000000E+00
     261  2.21304388E+00  4.89756378E+00  2.39861422E+01  6.66666510E-01  2.59113865E-05  9.95894539E-01 -1.22828132E+01 -1.22828132E+01  0.00000000E+00
     271  2.21305095E+00  4.89759507E+00  2.39864486E+01  6.66666513E-01  2.54699308E-05  1.02107282E+00 -1.22828659E+01 -1.22828659E+01  0.00000000E+00
     281  2.21305060E+00  4.89759352E+00  2.39864333E+01  6.66666513E-01  2.54948770E-05  1.02395086E+00 -1.22828221E+01 -1.22828221E+01  0.00000000E+00
     291  2.21307390E+00  4.89769666E+00  2.39874435E+01  6.66666515E-01  2.51419635E-05  1.03064170E+00 -1.22827709E+01 -1.22827709E+01  0.00000000E+00
     301  2.21308413E+00  4.89774194E+00  2.39878871E+01  6.66666515E-01  2.51666817E-05  1.02543365E+00 -1.22827609E+01 -1.22827609E+01  0.00000000E+00
     311  2.21309302E+00  4.89778127E+00  2.39882723E+01  6.66666515E-01  2.51670066E-05  1.01969966E+00 -1.22827795E+01 -1.22827795E+01  0.00000000E+00
     321  2.21308185E+00  4.89773187E+00  2.39877887E+01  6.66666511E-01  2.58596219E-05  1.05661698E+00 -1.22827086E+01 -1.22827086E+01  0.00000000E+00
     331  2.21310487E+00  4.89783371E+00  2.39887860E+01  6.66666514E-01  2.53170236E-05  1.04447471E+00 -1.22827422E+01 -1.22827422E+01  0.00000000E+00
     341  2.21309991E+00  4.89781178E+00  2.39885712E+01  6.66666515E-01  2.52075392E-05  1.03418796E+00 -1.22827593E+01 -1.22827593E+01  0.00000000E+00
     351  2.21311425E+00  4.89787521E+00  2.39891924E+01  6.66666517E-01  2.47835975E-05  1.03399902E+00 -1.22827587E+01 -1.22827587E+01  0.00000000E+00
     361  2.21310923E+00  4.89785300E+00  2.39889748E+01  6.66666517E-01  2.48003526E-05  1.03033137E+00 -1.22827569E+01 -1.22827569E+01  0.00000000E+00
     371  2.21311328E+00  4.89787096E+00  2.39891506E+01  6.66666518E-01  2.47148717E-05  1.01855760E+00 -1.22827535E+01 -1.22827535E+01  0.00000000E+00
     381  2.21312557E+00  4.89792534E+00  2.39896833E+01  6.66666519E-01  2.44558203E-05  1.01994088E+00 -1.22827354E+01 -1.22827354E+01  0.00000000E+00
     391  2.21314244E+00  4.89800000E+00  2.39904146E+01  6.66666518E-01  2.46139386E-05  1.02611015E+00 -1.22827486E+01 -1.22827486E+01  0.00000000E+00
     401  2.21315721E+00  4.89806538E+00  2.39910550E+01  6.66666521E-01  2.41343231E-05  1.03690648E+00 -1.22827772E+01 -1.22827772E+01  0.00000000E+00
     411  2.21315612E+00  4.89806056E+00  2.39910075E+01  6.66666524E-01  2.36545985E-05  1.05829443E+00 -1.22827419E+01 -1.22827419E+01  0.00000000E+00
     421  2.21314388E+00  4.89800637E+00  2.39904767E+01  6.66666525E-01  2.35627994E-05  1.05897665E+00 -1.22827130E+01 -1.22827130E+01  0.00000000E+00
     431  2.21314563E+00  4.89801411E+00  2.39905522E+01  6.66666528E-01  2.30516069E-05  1.04827499E+00 -1.22827465E+01 -1.22827465E+01  0.00000000E+00
     441  2.21315135E+00  4.89803942E+00  2.39908002E+01  6.66666527E-01  2.31446509E-05  1.04860757E+00 -1.22827668E+01 -1.22827668E+01  0.00000000E+00
     451  2.21315648E+00  4.89806212E+00  2.39910226E+01  6.66666527E-01  2.31054168E-05  1.05207875E+00 -1.22828120E+01 -1.22828120E+01  0.00000000E+00
     461  2.21315668E+00  4.89806300E+00  2.39910312E+01  6.66666527E-01  2.31713740E-05  1.05117865E+00 -1.22828257E+01 -1.22828257E+01  0.00000000E+00
     471  2.21315301E+00  4.89804679E+00  2.39908726E+01  6.66666524E-01  2.36015527E-05  1.06036463E+00 -1.22827953E+01 -1.22827953E+01  0.00000000E+00
     481  2.21313818E+00  4.89798114E+00  2.39902297E+01  6.66666522E-01  2.39824710E-05  1.07004792E+00 -1.22828199E+01 -1.22828199E+01  0.00000000E+00
     491  2.21312951E+00  4.89794276E+00  2.39898538E+01  6.66666521E-01  2.40638168E-05  1.06275815E+00 -1.22828197E+01 -1.22828197E+01  0.00000000E+00
     501  2.21313016E+00  4.89794564E+00  2.39898817E+01  6.66666524E-01  2.36878671E-05  1.05740867E+00 -1.22827999E+01 -1.22827999E+01  0.00000000E+00
     511  2.21313519E+00  4.89796789E+00  2.39900996E+01  6.66666525E-01  2.35001837E-05  1.06056716E+00 -1.22827959E+01 -1.22827959E+01  0.00000000E+00
     521  2.21312686E+00  4.89793103E+00  2.39897388E+01  6.66666522E-01  2.39867158E-05  1.05885538E+00 -1.22827957E+01 -1.22827957E+01  0.00000000E+00
     531  2.21312661E+00  4.89792992E+00  2.39897280E+01  6.66666521E-01  2.41377210E-05  1.07004042E+00 -1.22828244E+01 -1.22828244E+01  0.00000000E+00
     541  2.21312734E+00  4.89793316E+00  2.39897596E+01  6.66666522E-01  2.39294740E-05  1.08891577E+00 -1.22828062E+01 -1.22828062E+01  0.00000000E+00
     551  2.21311353E+00  4.89787204E+00  2.39891609E+01  6.66666523E-01  2.38310016E-05  1.09301072E+00 -1.22827586E+01 -1.22827586E+01  0.00000000E+00
     561  2.21311563E+00  4.89788132E+00  2.39892520E+01  6.66666520E-01  2.42364831E-05  1.08791533E+00 -1.22827704E+01 -1.22827704E+01  0.00000000E+00
     571  2.21311883E+00  4.89789548E+00  2.39893908E+01  6.66666519E-01  2.44938184E-05  1.08301662E+00 -1.22827692E+01 -1.22827692E+01  0.00000000E+00
     581  2.21313258E+00  4.89795636E+00  2.39899872E+01  6.66666519E-01  2.45288655E-05  1.09690173E+00 -1.22827852E+01 -1.22827852E+01  0.00000000E+00
     591  2.21313827E+00  4.89798155E+00  2.39902338E+01  6.66666519E-01  2.44495485E-05  1.09269669E+00 -1.22827851E+01 -1.22827851E+01  0.00000000E+00
     601  2.21314808E+00  4.89802495E+00  2.39906590E+01  6.66666519E-01  2.43986805E-05  1.08900893E+00 -1.22827918E+01 -1.22827918E+01  0.00000000E+00
     611  2.21314533E+00  4.89801280E+00  2.39905399E+01  6.66666521E-01  2.41426541E-05  1.08452510E+00 -1.22827860E+01 -1.22827860E+01  0.00000000E+00
     621  2.21314841E+00  4.89802639E+00  2.39906729E+01  6.66666523E-01  2.37851822E-05  1.08632406E+00 -1.22827899E+01 -1.22827899E+01  0.00000000E+00
     631  2.21313878E+00  4.89798382E+00  2.39902561E+01  6.66666520E-01  2.43725982E-05  1.08437565E+00 -1.22827928E+01 -1.22827928E+01  0.00000000E+00
     641  2.21312937E+00  4.89794216E+00  2.39898482E+01  6.66666517E-01  2.48553346E-05  1.09135850E+00 -1.22827638E+01 -1.22827638E+01  0.00000000E+00
     651  2.21312751E+00  4.89793391E+00  2.39897674E+01  6.66666516E-01  2.49316462E-05  1.10165608E+00 -1.22827805E+01 -1.22827805E+01  0.00000000E+00
     661  2.21312130E+00  4.89790642E+00  2.39894980E+01  6.66666518E-01  2.47076896E-05  1.09589840E+00 -1.22827815E+01 -1.22827815E+01  0.00000000E+00
     671  2.21312425E+00  4.89791948E+00  2.39896260E+01  6.66666518E-01  2.47231651E-05  1.10477122E+00 -1.22828081E+01 -1.22828081E+01  0.00000000E+00
     681  2.21312724E+00  4.89793272E+00  2.39897556E+01  6.66666518E-01  2.46385176E-05  1.11034422E+00 -1.22827960E+01 -1.22827960E+01  0.00000000E+00
     691  2.21313464E+00  4.89796549E+00  2.39900765E+01  6.66666519E-01  2.44343303E-05  1.10537237E+00 -1.22828056E+01 -1.22828056E+01  0.00000000E+00
     701  2.21313268E+00  4.89795679E+00  2.39899913E+01  6.66666519E-01  2.45340853E-05  1.11324069E+00 -1.22828190E+01 -1.22828190E+01  0.00000000E+00
     711  2.21312500E+00  4.89792283E+00  2.39896587E+01  6.66666519E-01  2.44833545E-05  1.11664926E+00 -1.22827989E+01 -1.22827989E+01  0.00000000E+00
     721  2.21312902E+00  4.89794063E+00  2.39898331E+01  6.66666518E-01  2.45983271E-05  1.11301510E+00 -1.22827892E+01 -1.22827892E+01  0.00000000E+00
     731  2.21313343E+00  4.89796011E+00  2.39900239E+01  6.66666519E-01  2.44335488E-05  1.11432246E+00 -1.22827926E+01 -1.22827926E+01  0.00000000E+00
     741  2.21313780E+00  4.89797947E+00  2.39902135E+01  6.66666519E-01  2.45257744E-05  1.11256917E+00 -1.22827887E+01 -1.22827887E+01  0.00000000E+00
     751  2.21313481E+00  4.89796624E+00  2.39900839E+01  6.66666520E-01  2.43499405E-05  1.11512942E+00 -1.22827850E+01 -1.22827850E+01  0.00000000E+00
     761  2.21314218E+00  4.89799884E+00  2.39904032E+01  6.66666520E-01  2.43543260E-05  1.12022089E+00 -1.22827882E+01 -1.22827882E+01  0.00000000E+00
     771  2.21314623E+00  4.89801677E+00  2.39905788E+01  6.66666521E-01  2.41754714E-05  1.11737917E+00 -1.22827938E+01 -1.22827938E+01  0.00000000E+00
     781  2.21313712E+00  4.89797646E+00  2.39901839E+01  6.66666520E-01  2.42441979E-05  1.11928864E+00 -1.22827839E+01 -1.22827839E+01  0.00000000E+00
     791  2.21313402E+00  4.89796272E+00  2.39900493E+01  6.66666521E-01  2.41666109E-05  1.11572781E+00 -1.22828044E+01 -1.22828044E+01  0.00000000E+00
