   #Iter           <M>_x           <M>_y           <M>_z             <M>        M_{stdv}
       0 -2.35068216E-01  2.72496567E-01  2.59841166E-01  1.61168224E+00  2.70918233E-02
      50 -2.73387008E-01  2.67866892E-01  2.06220160E-01  1.61644162E+00  1.97559310E-02
     100 -2.62772560E-01  2.52432760E-01  1.61497700E-01  1.60195142E+00  1.70346506E-02
     150 -2.39813132E-01  1.87588859E-01  2.21204570E-01  1.59851184E+00  2.04241569E-02
     200 -2.24022536E-01  1.46504089E-01  2.63205577E-01  1.61501818E+00  2.09011086E-02
     250 -2.73943688E-01  1.01434073E-01  2.69746875E-01  1.60713046E+00  3.23258740E-02
     300 -2.74497632E-01  9.85582857E-02  3.00149944E-01  1.59663569E+00  2.06211628E-02
     350 -2.79293766E-01  1.02650415E-01  2.83103398E-01  1.61988745E+00  2.33620581E-02
     400 -2.62819197E-01  6.96430678E-02  2.79830431E-01  1.61798573E+00  3.00582098E-02
     450 -2.83385465E-01  8.64046015E-02  2.91748440E-01  1.59180725E+00  1.67168058E-02
     500 -2.32929593E-01  8.59423272E-02  3.25915461E-01  1.61734484E+00  2.00061644E-02
     550 -2.64804428E-01  1.03419988E-01  3.44696505E-01  1.62002591E+00  1.22024623E-02
     600 -2.34558037E-01  1.16361918E-01  4.04698853E-01  1.60804886E+00  3.44679508E-02
     650 -1.57955409E-01  1.16575020E-01  4.10950977E-01  1.61173512E+00  2.51013142E-02
     700 -1.24674678E-01  1.12827231E-01  4.10229851E-01  1.61241132E+00  2.06318376E-02
     750 -1.21821238E-01  1.29760845E-01  4.24217641E-01  1.60467601E+00  1.76235234E-02
     800 -9.79023254E-02  1.29614681E-01  3.88106600E-01  1.61668044E+00  2.89842383E-02
     850 -6.31801282E-02  1.51267513E-01  3.97954154E-01  1.61510641E+00  1.51219504E-02
     900 -6.57644880E-02  1.66141771E-01  3.52281195E-01  1.60904097E+00  1.15393328E-02
     950 -3.29937931E-02  1.64202285E-01  3.45428996E-01  1.62698708E+00  1.41848718E-02
    1000 -1.48043036E-01  1.49122201E-01  3.20551333E-01  1.63105734E+00  1.67733416E-02
    1050 -1.37060010E-01  1.34553652E-01  3.34226232E-01  1.60210596E+00  1.13716930E-02
    1100 -1.21379751E-01  1.57594073E-01  2.81711955E-01  1.60117610E+00  3.71262745E-02
    1150 -1.14066220E-01  1.74702789E-01  2.59274921E-01  1.58327172E+00  2.60024077E-02
    1200 -1.62669511E-01  1.63228768E-01  2.47436375E-01  1.62095547E+00  2.93586001E-02
    1250 -1.89362736E-01  1.91300065E-01  2.16443667E-01  1.61118109E+00  2.84502671E-02
    1300 -2.45186207E-01  1.97140091E-01  1.47888117E-01  1.62196409E+00  1.83931806E-02
    1350 -2.83120428E-01  1.11740317E-01  2.31695364E-01  1.59410754E+00  2.06268305E-02
    1400 -2.50686893E-01  1.17165406E-01  2.44236118E-01  1.63676796E+00  1.34479852E-02
    1450 -3.21735117E-01  1.31286547E-01  2.23814768E-01  1.59348726E+00  2.57754880E-02
    1500 -3.62326832E-01  1.48881493E-01  2.14125876E-01  1.59375420E+00  2.75335800E-02
    1550 -3.90770649E-01  1.47994647E-01  2.57445108E-01  1.59731071E+00  3.96966549E-02
    1600 -4.11762583E-01  1.57855855E-01  2.08377176E-01  1.61823139E+00  1.39854106E-02
    1650 -4.44565561E-01  1.49919086E-01  1.86040957E-01  1.59474450E+00  2.55316400E-02
    1700 -4.01789074E-01  1.82672492E-01  1.96846491E-01  1.61190610E+00  3.05376930E-02
    1750 -4.24176940E-01  1.93930107E-01  1.87329094E-01  1.59596219E+00  1.99807521E-02
    1800 -4.41011547E-01  2.16487170E-01  1.83585416E-01  1.59026549E+00  3.20513429E-02
    1850 -4.36672138E-01  1.44561718E-01  2.06291744E-01  1.58213881E+00  2.15777584E-02
    1900 -4.93141055E-01  1.45525679E-01  2.15324444E-01  1.59904890E+00  2.77350680E-02
    1950 -4.58736770E-01  7.33265918E-02  2.50229232E-01  1.57430125E+00  2.09904968E-02
    2000 -4.58075147E-01  6.21370521E-02  2.61491402E-01  1.58745906E+00  4.11594852E-02
    2050 -4.64734649E-01  1.26795652E-01  2.36557352E-01  1.58331566E+00  2.83829941E-02
    2100 -5.06831341E-01  8.39234670E-02  2.50448351E-01  1.56247337E+00  3.50205722E-02
    2150 -4.72432460E-01  4.79631339E-02  2.43398457E-01  1.58541945E+00  2.02414036E-02
    2200 -4.48983215E-01  8.50247705E-02  2.05728213E-01  1.61094153E+00  4.01366379E-02
    2250 -4.14429079E-01  1.19148217E-01  1.59426776E-01  1.63757563E+00  2.89015392E-02
    2300 -3.18675567E-01  1.42336292E-01  2.09096442E-01  1.62856339E+00  9.81072709E-03
    2350 -3.43516254E-01  1.32542015E-01  2.43997279E-01  1.60961678E+00  1.72580773E-02
    2400 -3.09855984E-01  1.35368274E-01  2.96618112E-01  1.61883679E+00  1.16774238E-02
    2450 -3.50401132E-01  6.60776782E-02  3.30879249E-01  1.59385038E+00  1.94702254E-02
    2500 -4.00317849E-01  2.88808750E-02  3.64403755E-01  1.60085924E+00  1.42991929E-02
    2550 -3.82522701E-01  1.69357250E-02  3.46128289E-01  1.60864278E+00  1.20449731E-02
    2600 -3.56338685E-01  3.65686465E-02  3.74084434E-01  1.59690134E+00  1.65574552E-02
    2650 -2.89064529E-01  2.85614081E-03  4.08977381E-01  1.61954892E+00  2.83314378E-02
    2700 -2.43313621E-01  4.51307679E-02  3.80918371E-01  1.60721261E+00  2.01717491E-02
    2750 -2.67007340E-01  8.46996325E-02  3.52497528E-01  1.58364893E+00  9.02288736E-03
    2800 -2.75240120E-01  7.74144936E-02  3.83586319E-01  1.60719383E+00  3.08429968E-02
    2850 -3.30349752E-01  1.75053643E-02  3.88666485E-01  1.58919639E+00  2.14113644E-02
    2900 -3.07121155E-01  1.41192021E-02  4.10156673E-01  1.60009568E+00  2.26301098E-02
    2950 -3.18780421E-01  1.70891959E-02  3.66808840E-01  1.59810607E+00  4.09217759E-02
    3000 -3.27660117E-01  5.98019241E-02  3.18515748E-01  1.60128219E+00  3.35917928E-02
    3050 -3.19562172E-01  8.97974499E-02  3.12519601E-01  1.58987920E+00  2.10493775E-02
    3100 -2.65249343E-01  1.18306350E-01  3.24179914E-01  1.59543786E+00  3.47809716E-02
    3150 -3.03264927E-01  1.03578493E-01  3.50263080E-01  1.61089740E+00  2.24576127E-02
    3200 -2.77494940E-01  1.07252578E-01  3.78046470E-01  1.61168394E+00  1.97505866E-02
    3250 -3.08580869E-01  1.23931790E-01  3.92577337E-01  1.63251544E+00  1.46976505E-02
    3300 -2.48262626E-01  1.41200210E-01  3.81105598E-01  1.61962335E+00  2.67728307E-02
    3350 -1.79227617E-01  1.68384424E-01  3.76316453E-01  1.63092798E+00  2.15223564E-02
    3400 -1.42356635E-01  1.86870062E-01  3.74070702E-01  1.61442448E+00  1.57449720E-02
    3450 -9.42857716E-02  2.39077816E-01  3.17680839E-01  1.62043106E+00  1.03508860E-02
    3500 -8.66768206E-02  2.67034709E-01  3.12214563E-01  1.62476614E+00  1.11772458E-02
    3550 -1.47034121E-01  2.73603576E-01  3.34347122E-01  1.61813847E+00  1.74984073E-02
    3600 -1.64686359E-01  2.75792905E-01  2.91152424E-01  1.59256379E+00  2.31399555E-02
    3650 -1.40658461E-01  2.58773550E-01  2.47414828E-01  1.59425941E+00  2.91162355E-02
    3700 -1.56629596E-01  2.76300278E-01  2.07499997E-01  1.58608126E+00  3.35337754E-02
    3750 -1.17898660E-01  2.69807875E-01  1.59410425E-01  1.60283867E+00  3.15488375E-02
    3800 -9.55697433E-02  2.65546020E-01  1.05721909E-01  1.61368753E+00  3.16910767E-02
    3850 -9.74248803E-02  2.34212263E-01  1.24780931E-01  1.60985892E+00  1.97610118E-02
    3900 -1.45158602E-01  2.67444257E-01  1.62476200E-01  1.62495294E+00  1.95890305E-02
    3950 -9.89677072E-02  2.80145424E-01  1.45317179E-01  1.62053128E+00  3.39900804E-02
    4000 -3.94777173E-02  2.71227838E-01  1.27003894E-01  1.60268434E+00  1.50892337E-02
    4050 -5.98807122E-02  2.73482854E-01  1.08311700E-01  1.57613071E+00  1.19395436E-02
    4100 -9.80406773E-02  2.79396501E-01  9.55078031E-02  1.57835722E+00  7.34057232E-03
    4150 -8.16322693E-02  2.64580229E-01  5.10352492E-02  1.60305414E+00  1.99707027E-02
    4200 -2.08827919E-02  2.86266025E-01  9.34210386E-02  1.59764035E+00  3.91981228E-02
    4250 -8.52313218E-02  3.24898057E-01  9.09460126E-02  1.58177280E+00  2.95926423E-02
    4300 -4.72788922E-02  3.03660188E-01  9.75692778E-02  1.62272409E+00  2.20867964E-02
    4350  2.05315705E-03  3.03223256E-01  1.62879131E-02  1.59512498E+00  1.36035657E-02
    4400 -9.40892482E-02  3.11919858E-01  1.40851637E-02  1.61521137E+00  1.19955123E-02
    4450 -3.55164768E-02  3.23098270E-01  1.95461441E-02  1.60999494E+00  3.43043237E-02
    4500 -1.46884566E-02  2.98385278E-01  5.53386151E-02  1.60485704E+00  1.80657628E-02
    4550  8.51785963E-03  2.68182903E-01  8.21643780E-02  1.59666720E+00  2.38689177E-02
    4600  4.34757428E-02  3.00254879E-01  1.06785097E-01  1.59871665E+00  3.92476321E-02
    4650 -2.18042235E-02  2.71158232E-01  1.51096969E-01  1.60648156E+00  5.71620292E-02
    4700 -5.28296246E-02  2.96829453E-01  1.42456347E-01  1.60975924E+00  1.12175334E-02
    4750 -4.32619987E-02  3.19677698E-01  1.21391608E-01  1.60922572E+00  2.15933088E-02
    4800 -1.74803509E-02  3.26691148E-01  1.10857084E-01  1.63176254E+00  2.08333130E-02
    4850  1.12362964E-02  3.06044329E-01  1.51558978E-01  1.62952597E+00  1.81796750E-02
    4900  6.90070837E-02  2.96320551E-01  2.09266139E-01  1.56999595E+00  4.35705605E-02
    4950  4.69417348E-02  3.43013793E-01  2.50926822E-01  1.61988750E+00  2.00520402E-02
    5000 -6.34690817E-03  3.66102469E-01  2.18746527E-01  1.59890568E+00  3.16858395E-02
    5050  7.26775684E-03  3.71756517E-01  1.91036006E-01  1.59940209E+00  1.44253051E-02
    5100  6.91964542E-02  4.07433031E-01  1.46450486E-01  1.60887205E+00  2.86306481E-02
    5150  4.76917778E-02  4.00251077E-01  1.50631745E-01  1.62345572E+00  2.12229772E-02
    5200  2.88711436E-02  4.31007344E-01  1.43850316E-01  1.60296930E+00  2.09851719E-02
    5250 -1.64278350E-02  4.42559383E-01  1.51380403E-01  1.60755013E+00  1.37518565E-02
    5300 -1.47931561E-02  4.37394706E-01  1.73524490E-01  1.62424886E+00  2.75948086E-02
    5350 -3.87305764E-02  4.53441069E-01  1.94818806E-01  1.62519326E+00  2.14089802E-02
    5400 -5.53131448E-02  4.72003455E-01  1.56358654E-01  1.61955608E+00  3.14384990E-02
    5450 -5.35073649E-02  4.39622213E-01  1.22916848E-01  1.59161932E+00  1.74702139E-02
    5500 -1.14137223E-01  4.46956680E-01  1.45912747E-01  1.60432483E+00  1.52101158E-02
    5550 -1.40825342E-01  4.35802977E-01  1.14733662E-01  1.62166652E+00  3.18572435E-02
    5600 -1.64905454E-01  4.02866446E-01  1.31528518E-01  1.61901637E+00  1.37960632E-02
    5650 -1.39774179E-01  3.93298704E-01  1.00850304E-01  1.62999645E+00  1.67621435E-02
    5700 -1.41168534E-01  3.42946486E-01  6.61456700E-02  1.61831220E+00  2.71665713E-02
    5750 -1.50938017E-01  3.39019173E-01  6.83834649E-02  1.61054784E+00  4.03558703E-02
    5800 -1.35409104E-01  3.87746756E-01  4.58352378E-02  1.59915190E+00  2.38384172E-02
    5850 -1.04307870E-01  3.77552555E-01  4.02816345E-02  1.58841155E+00  2.13402703E-02
    5900 -1.13984270E-01  3.84516980E-01  5.12678615E-02  1.60141191E+00  2.47013005E-02
    5950 -6.18744955E-02  3.66677234E-01 -7.69838219E-03  1.57813043E+00  2.38255236E-02
    6000 -1.04699177E-01  3.60094105E-01  2.95650020E-02  1.56832902E+00  5.11356293E-02
    6050 -6.85796092E-02  3.49114587E-01  3.73246887E-02  1.59077036E+00  1.70927750E-02
    6100 -5.41535520E-02  3.61157188E-01  6.12079054E-02  1.59701786E+00  3.65929993E-02
    6150 -7.50976403E-02  3.83313985E-01  5.54399432E-02  1.60165694E+00  4.36118406E-02
    6200 -7.20512142E-02  3.85460975E-01  9.26691562E-02  1.59703924E+00  5.01762087E-02
    6250 -3.13634506E-02  3.69519292E-01  1.11382211E-01  1.59653239E+00  4.09606271E-02
    6300 -7.26431922E-02  3.81349447E-01  1.14454811E-01  1.62082680E+00  3.65696053E-02
    6350 -1.45225657E-03  3.40288975E-01  9.19727345E-02  1.61392605E+00  1.33157916E-02
    6400 -7.25048020E-03  2.92224915E-01  1.29761300E-01  1.59444019E+00  3.68507068E-02
    6450 -2.03542158E-02  2.75340284E-01  8.06598865E-02  1.58640119E+00  2.99922339E-02
    6500 -1.60609655E-02  2.64933525E-01  8.61977386E-02  1.60142462E+00  3.84818130E-02
    6550  2.26511744E-02  3.04308618E-01  1.08042676E-01  1.61103484E+00  1.41646046E-02
    6600  2.59445961E-02  3.07122639E-01  6.82882587E-02  1.58493958E+00  2.11320727E-02
    6650 -3.29969272E-02  3.46386326E-01  3.03667523E-03  1.58752185E+00  3.03867910E-02
    6700  2.02050250E-02  3.44993597E-01  4.42533105E-02  1.60106985E+00  1.64108747E-02
    6750  4.69678156E-02  3.57986653E-01  9.65966935E-02  1.61465746E+00  2.21400335E-02
    6800  8.52656713E-02  3.87906988E-01  8.85783431E-02  1.58980050E+00  3.22403305E-02
    6850  1.49946965E-01  4.00616814E-01  9.32465771E-03  1.60893691E+00  3.48614946E-02
    6900  1.31930270E-01  3.48648061E-01 -9.59603876E-03  1.58294279E+00  2.56323524E-02
    6950  1.67631053E-01  3.62526573E-01  9.91528022E-03  1.63449740E+00  2.80100347E-02
    7000  1.76634963E-01  3.10731595E-01  2.38245218E-02  1.60782901E+00  1.93867536E-02
    7050  1.75641586E-01  2.88375678E-01 -1.28130036E-02  1.61580911E+00  3.22105162E-02
    7100  1.48187745E-01  2.89298869E-01 -2.97261683E-02  1.61446716E+00  7.29841871E-03
    7150  1.55188323E-01  3.03897560E-01 -7.14819760E-02  1.61796711E+00  1.67957083E-02
    7200  2.03088686E-01  2.57777847E-01 -1.42622919E-02  1.59599241E+00  1.36922264E-02
    7250  2.90183007E-01  2.64484405E-01 -3.43249954E-02  1.60754730E+00  2.06796261E-02
    7300  2.77716968E-01  2.64791168E-01 -6.20693589E-02  1.60130490E+00  2.19445507E-02
    7350  2.87641306E-01  2.37489297E-01 -3.62258333E-02  1.60436711E+00  2.84501639E-02
    7400  3.34987477E-01  2.01838261E-01 -2.98745576E-02  1.59529059E+00  1.10908480E-02
    7450  3.52702074E-01  1.97766325E-01  9.17715913E-03  1.60285949E+00  2.68454586E-02
    7500  3.19009862E-01  2.12398654E-01  4.53480995E-02  1.62244853E+00  2.20085218E-02
    7550  3.48969127E-01  1.88384317E-01  8.10683120E-02  1.61396383E+00  3.39397070E-02
    7600  3.56160707E-01  1.98639245E-01  3.96058991E-02  1.61224065E+00  1.80606899E-02
    7650  4.11638216E-01  1.47658966E-01  8.09554149E-02  1.61184471E+00  2.37486879E-02
    7700  3.56349790E-01  1.65882776E-01  2.78643516E-02  1.64877073E+00  2.01125556E-02
    7750  2.81620835E-01  1.20198374E-01 -1.92454822E-02  1.61043606E+00  2.35445161E-02
    7800  2.34737961E-01  1.86377086E-01  4.11794843E-06  1.59896071E+00  3.49548206E-02
    7850  1.76962358E-01  2.06353043E-01  1.40692823E-02  1.59567923E+00  5.18738163E-02
    7900  2.11028523E-01  2.24265734E-01  1.37133996E-02  1.58906688E+00  3.84126539E-02
    7950  1.68368744E-01  2.28140677E-01 -3.65451246E-02  1.57037931E+00  1.39865053E-02
    8000  1.53396149E-01  2.32206473E-01 -4.73149782E-02  1.58048205E+00  2.87269231E-02
    8050  1.54237467E-01  2.73508975E-01 -4.71490341E-02  1.60330326E+00  2.82353465E-02
    8100  2.10235275E-01  2.36357865E-01 -7.01852429E-02  1.62163022E+00  2.40543005E-02
    8150  2.68259104E-01  2.32570388E-01 -7.16686021E-02  1.60698941E+00  3.28131014E-02
    8200  2.62897375E-01  2.67124936E-01 -6.82760287E-02  1.62024780E+00  1.68655846E-02
    8250  2.40848918E-01  3.26055879E-01 -9.75181126E-02  1.61438984E+00  4.29063753E-02
    8300  2.27501318E-01  3.06112450E-01  1.59187028E-02  1.60595762E+00  2.96265723E-02
    8350  1.66642750E-01  2.83275878E-01 -2.83820267E-02  1.59519290E+00  2.21318377E-02
    8400  1.73253805E-01  2.89855373E-01 -3.61602455E-02  1.61833598E+00  2.28155158E-02
    8450  1.44324771E-01  2.82246799E-01 -6.64563921E-02  1.61077047E+00  2.10547876E-02
    8500  1.16037677E-01  3.25186282E-01 -1.17098040E-01  1.62618153E+00  2.76834238E-02
    8550  7.34182001E-02  3.06452169E-01 -1.49561292E-01  1.61253886E+00  4.35795873E-02
    8600  6.65879830E-02  2.67036038E-01 -1.70213619E-01  1.61859806E+00  2.36906059E-02
    8650  4.37850178E-02  2.91952479E-01 -1.68582953E-01  1.64173256E+00  1.69708424E-02
    8700  8.06536350E-02  2.51937392E-01 -1.98187552E-01  1.61266848E+00  2.44234464E-02
    8750  1.00042463E-01  2.30735650E-01 -1.97766505E-01  1.62774469E+00  1.58396009E-02
    8800  1.22408835E-01  2.35425017E-01 -2.36234365E-01  1.62307815E+00  2.76217995E-02
    8850  1.30155456E-01  2.89811584E-01 -1.99489327E-01  1.63099353E+00  2.12026648E-02
    8900  8.08579133E-03  3.04589943E-01 -2.51586668E-01  1.59982429E+00  4.62107405E-02
    8950 -2.04912213E-02  2.84809652E-01 -2.58677289E-01  1.57747875E+00  2.63366036E-02
    9000 -7.61218835E-02  2.89163013E-01 -2.72565163E-01  1.59692241E+00  1.26041893E-02
    9050 -6.98964967E-02  2.60983054E-01 -2.70241205E-01  1.57663423E+00  2.04931320E-02
    9100 -8.99349643E-02  2.25802875E-01 -2.84426337E-01  1.58524051E+00  2.63420707E-02
    9150 -3.33701773E-02  1.96653762E-01 -2.81776489E-01  1.59650808E+00  1.88252886E-02
    9200  2.75076843E-02  1.55538449E-01 -2.21216558E-01  1.58791942E+00  8.08995963E-03
    9250  3.37105312E-02  1.37683909E-01 -2.33355137E-01  1.60241925E+00  1.61552480E-02
    9300  6.80551026E-02  1.20558089E-01 -2.45138044E-01  1.60996820E+00  4.71884822E-03
    9350  6.88128456E-02  1.44978077E-01 -2.33527863E-01  1.59480315E+00  2.86758143E-02
    9400  7.27080628E-02  1.88436132E-01 -1.83553500E-01  1.60404661E+00  6.24221454E-03
    9450  5.58135899E-02  1.81669089E-01 -1.87066287E-01  1.60081310E+00  2.16337231E-02
    9500  9.11090135E-02  1.76696633E-01 -1.64605974E-01  1.58077421E+00  1.36432341E-02
    9550  1.43778501E-01  2.07110841E-01 -1.82396115E-01  1.59010382E+00  1.49186844E-02
    9600  1.08576499E-01  2.25892185E-01 -1.75248886E-01  1.60092177E+00  2.15534358E-02
    9650  2.02946259E-01  1.79740514E-01 -1.39136757E-01  1.60240254E+00  1.03252524E-02
    9700  2.48707262E-01  2.10151856E-01 -1.65494556E-01  1.60190863E+00  2.33846307E-02
    9750  3.11444593E-01  1.86286477E-01 -1.72125626E-01  1.61106633E+00  2.07748940E-02
    9800  3.19198831E-01  1.80559459E-01 -9.74526944E-02  1.61630090E+00  2.93744758E-02
    9850  2.80585586E-01  2.86481206E-01 -1.13593891E-01  1.61350716E+00  3.42698723E-02
    9900  3.51627377E-01  2.61855887E-01 -1.09739330E-01  1.62919986E+00  1.37316720E-02
    9950  3.92315139E-01  2.25151167E-01 -1.12279553E-01  1.59906377E+00  3.45082927E-02
   10000  4.00595799E-01  2.09829926E-01 -8.37103777E-02  1.61377697E+00  3.66048915E-02
   10050  3.63300094E-01  2.66342736E-01 -8.43923373E-02  1.59027677E+00  3.17310583E-02
   10100  3.49487873E-01  2.98831985E-01 -7.41280133E-02  1.57345860E+00  2.18286580E-02
   10150  3.78571416E-01  2.99272748E-01 -7.09564127E-02  1.58490037E+00  3.25711840E-02
   10200  4.47987652E-01  3.25120917E-01 -5.00093981E-02  1.59455803E+00  2.72513509E-02
   10250  4.10436020E-01  3.25396796E-01 -5.17439504E-02  1.59545727E+00  1.50530339E-02
   10300  4.09138014E-01  2.65055453E-01 -2.98638893E-02  1.57475575E+00  1.70656429E-02
   10350  4.82547457E-01  2.21794319E-01 -5.55230073E-02  1.59880506E+00  3.98043804E-02
   10400  4.52736205E-01  2.46575075E-01  7.94927378E-03  1.61447455E+00  8.70675236E-03
   10450  4.84609999E-01  1.62986841E-01  3.33112052E-02  1.58678324E+00  3.68487902E-02
   10500  4.31571001E-01  2.08133313E-01  1.03399027E-02  1.60169042E+00  1.66014801E-02
   10550  4.48307414E-01  2.19697012E-01 -9.34265895E-03  1.62644254E+00  3.25468450E-02
   10600  5.11482719E-01  2.16841730E-01  2.13959284E-02  1.59421795E+00  2.74590926E-02
   10650  5.58285696E-01  2.39771307E-01  1.14684369E-01  1.58070495E+00  3.03338782E-02
   10700  5.77201107E-01  2.26129592E-01  1.25676643E-01  1.59544053E+00  3.66889372E-02
   10750  5.68744593E-01  2.85085678E-01  1.56301883E-01  1.61368979E+00  3.36652257E-02
   10800  5.50339074E-01  2.61803077E-01  1.88005677E-01  1.58660044E+00  4.02695123E-02
   10850  5.06397882E-01  2.59095748E-01  1.93430656E-01  1.60609724E+00  2.20251214E-02
   10900  4.85610558E-01  2.72390987E-01  2.05756838E-01  1.60074614E+00  3.06384144E-02
   10950  4.98355175E-01  2.77948073E-01  1.51912730E-01  1.60739405E+00  1.76748357E-02
   11000  4.86689707E-01  3.12058203E-01  1.07058158E-01  1.61542182E+00  1.69393531E-02
   11050  4.86378308E-01  3.37308345E-01  1.29135528E-01  1.62397533E+00  1.33371637E-02
   11100  4.42183313E-01  3.20208602E-01  5.46352805E-02  1.59665119E+00  1.81525833E-02
   11150  4.19878468E-01  3.52209590E-01  2.79376862E-02  1.60802906E+00  1.97556256E-02
   11200  3.88967365E-01  3.45645515E-01  5.76004880E-02  1.58069667E+00  4.24707815E-02
   11250  3.66173298E-01  4.36923488E-01  1.40541795E-02  1.60576848E+00  2.91373551E-02
   11300  4.44845218E-01  4.21627274E-01  2.96198965E-02  1.60678242E+00  4.31438784E-02
   11350  4.34893073E-01  3.45733249E-01  7.01849172E-02  1.59914247E+00  2.07603250E-02
   11400  4.36423435E-01  3.11096416E-01  1.05488169E-01  1.61560071E+00  3.46990714E-02
   11450  4.61958670E-01  2.98638975E-01  1.24523382E-01  1.61447207E+00  2.03711184E-02
   11500  4.49046495E-01  3.01441564E-01  9.18998867E-02  1.61966341E+00  3.09942938E-02
   11550  4.44960036E-01  3.00892630E-01  9.93396532E-02  1.58035529E+00  1.87006656E-02
   11600  4.91542216E-01  2.49366679E-01  1.41677817E-01  1.58493176E+00  2.53712340E-02
   11650  4.46373325E-01  3.09769868E-01  1.54874553E-01  1.59600361E+00  1.87983822E-02
   11700  4.39203642E-01  3.63332113E-01  8.47252240E-02  1.61132641E+00  2.88284896E-02
   11750  4.32099434E-01  3.63001161E-01  1.14361509E-01  1.57444623E+00  4.54904541E-02
   11800  4.48293139E-01  3.49395534E-01  1.07190874E-01  1.59981294E+00  1.89990796E-02
   11850  4.78742004E-01  3.64305056E-01  1.47423316E-01  1.58580760E+00  2.35231450E-02
   11900  5.46446979E-01  3.54572114E-01  2.09737057E-01  1.58669027E+00  4.20801099E-02
   11950  5.84409631E-01  3.02770390E-01  1.84597768E-01  1.62412903E+00  2.16720935E-02
   12000  6.22135903E-01  2.48569788E-01  1.76557846E-01  1.62460484E+00  2.60668963E-02
   12050  6.55733519E-01  2.81380978E-01  1.68357983E-01  1.60785771E+00  1.81830205E-02
   12100  6.01628618E-01  2.36378792E-01  2.08445912E-01  1.58510402E+00  7.19683612E-03
   12150  6.41601081E-01  2.50649002E-01  2.14890419E-01  1.61108723E+00  2.60224351E-02
   12200  6.17500299E-01  2.31034284E-01  2.04348773E-01  1.58831097E+00  2.48099294E-02
   12250  5.77505655E-01  3.06754469E-01  1.65449992E-01  1.60184610E+00  3.99257288E-02
   12300  5.26242784E-01  3.52350840E-01  2.21169437E-01  1.60520874E+00  1.97019347E-02
   12350  5.06784985E-01  3.66286361E-01  1.67360269E-01  1.63710380E+00  1.88761079E-02
   12400  5.05004742E-01  3.75194135E-01  1.45928738E-01  1.65785117E+00  2.08834021E-02
   12450  5.00658659E-01  3.62394858E-01  1.38026594E-01  1.62690260E+00  2.04234426E-02
   12500  4.95970879E-01  3.60527561E-01  1.18734742E-01  1.61983830E+00  2.13315357E-02
   12550  4.73152133E-01  3.32419554E-01  1.90612446E-01  1.59757656E+00  3.40753416E-02
   12600  4.57344310E-01  3.41755682E-01  1.67604013E-01  1.59125383E+00  3.36518976E-02
   12650  5.01057455E-01  3.21005949E-01  1.38578244E-01  1.62635073E+00  1.90881652E-02
   12700  5.72600005E-01  3.31180594E-01  1.70097996E-01  1.62991828E+00  2.16561432E-02
   12750  5.86929687E-01  3.02600878E-01  1.36821607E-01  1.62206573E+00  3.54669985E-02
   12800  5.72330010E-01  3.41298763E-01  1.14230804E-01  1.62505462E+00  3.68015279E-02
   12850  5.48020476E-01  3.14881766E-01  1.41591725E-01  1.60606174E+00  1.74398524E-02
   12900  5.70313137E-01  2.94641566E-01  1.06788201E-01  1.62500580E+00  2.55558116E-02
   12950  5.67649920E-01  3.01212240E-01  1.05272331E-01  1.60073339E+00  1.01261633E-02
   13000  6.04122818E-01  2.92418498E-01  1.64133624E-01  1.60483151E+00  2.47766781E-02
   13050  5.96631240E-01  3.00003318E-01  1.08513443E-01  1.61707509E+00  9.54768435E-03
   13100  5.50211292E-01  3.41310905E-01  8.42088535E-02  1.60791754E+00  3.00227498E-02
   13150  5.45921386E-01  3.36041172E-01  6.14287833E-02  1.62504643E+00  2.11735660E-02
   13200  4.95090286E-01  3.36805696E-01  8.19787835E-03  1.58343266E+00  2.49439500E-02
   13250  4.24395935E-01  4.13089266E-01 -7.79577900E-02  1.59185996E+00  9.73462833E-03
   13300  4.31079804E-01  4.33553167E-01 -2.07729025E-02  1.59396273E+00  1.83832607E-02
   13350  4.72622166E-01  4.03642395E-01 -3.14302195E-02  1.60048130E+00  7.46264505E-03
   13400  5.07816327E-01  3.53739884E-01 -3.00339594E-02  1.61654139E+00  2.42381979E-02
   13450  5.36629974E-01  3.70230127E-01  2.44372938E-02  1.60160841E+00  1.09211343E-02
   13500  5.83373314E-01  3.24502389E-01  5.97685440E-02  1.60102771E+00  2.36405795E-02
   13550  6.04281326E-01  2.78531540E-01  5.45535518E-02  1.59300069E+00  1.83003543E-02
   13600  6.35254466E-01  2.21569885E-01  4.97987145E-02  1.61156373E+00  2.35731318E-02
   13650  6.23566360E-01  2.61804273E-01  6.32147183E-02  1.62184021E+00  1.68531592E-02
   13700  5.97924348E-01  3.04760909E-01  8.23803775E-02  1.60549352E+00  1.01846581E-02
   13750  6.21208946E-01  3.17512662E-01  1.27751057E-01  1.60618595E+00  1.77754906E-02
   13800  6.59978372E-01  2.84674628E-01  1.59921546E-01  1.61165322E+00  2.40049599E-02
   13850  7.14554810E-01  2.85323111E-01  1.96720939E-01  1.61891577E+00  1.49296468E-02
   13900  7.23052307E-01  2.91436899E-01  2.53496153E-01  1.60765590E+00  1.34544827E-02
   13950  7.03182911E-01  2.90973976E-01  2.50697784E-01  1.62236806E+00  2.63766338E-02
   14000  7.49019993E-01  3.55058959E-01  2.98383680E-01  1.63357911E+00  1.53768852E-02
   14050  7.13814683E-01  3.79712294E-01  2.79607772E-01  1.62322371E+00  2.29648374E-02
   14100  7.18842503E-01  4.17375876E-01  2.25261466E-01  1.62193010E+00  1.84973208E-02
   14150  7.06260649E-01  4.15938810E-01  2.39183561E-01  1.61324133E+00  3.52828153E-02
   14200  7.17885715E-01  4.53978261E-01  2.42651410E-01  1.63571022E+00  2.67278256E-02
   14250  6.89231380E-01  4.15713569E-01  2.34009648E-01  1.59751826E+00  3.73528388E-02
   14300  6.73675036E-01  3.96101467E-01  2.37483572E-01  1.60032487E+00  2.69722648E-02
   14350  6.80359804E-01  3.54511113E-01  2.23902598E-01  1.61361223E+00  2.39099349E-02
   14400  6.51512757E-01  3.64634855E-01  1.97041139E-01  1.59981114E+00  4.07964853E-02
   14450  6.18521477E-01  4.39280949E-01  2.09308515E-01  1.59744250E+00  3.18122307E-02
   14500  6.32153568E-01  4.58555356E-01  2.09206843E-01  1.60695756E+00  2.31614485E-02
   14550  6.39635686E-01  4.96074861E-01  2.12690454E-01  1.60570628E+00  2.96361021E-02
   14600  6.66947277E-01  4.25033650E-01  2.53617768E-01  1.60007722E+00  3.42248550E-02
   14650  6.65019974E-01  3.90875804E-01  2.54197255E-01  1.58799933E+00  3.66457602E-02
   14700  6.51157920E-01  4.56658005E-01  2.62693464E-01  1.57430831E+00  3.36655473E-02
   14750  6.84630942E-01  4.81433589E-01  2.70453564E-01  1.58447597E+00  5.66896721E-02
   14800  6.79411095E-01  4.76215954E-01  2.56403582E-01  1.58658549E+00  5.62523709E-02
   14850  6.65787760E-01  4.92640301E-01  2.88038625E-01  1.57392804E+00  3.49960652E-02
   14900  6.66933965E-01  5.15321296E-01  2.80342794E-01  1.59909887E+00  3.32838491E-02
   14950  6.91896896E-01  5.77171755E-01  2.99491015E-01  1.60136751E+00  3.41130270E-02
   15000  6.96293013E-01  6.01303907E-01  2.81353442E-01  1.60301607E+00  2.66512220E-02
   15050  6.73315613E-01  5.18644139E-01  2.58871109E-01  1.59117359E+00  2.62218399E-02
   15100  6.69399405E-01  5.53056266E-01  2.66340644E-01  1.61699580E+00  2.34847561E-02
   15150  6.95080609E-01  5.38018458E-01  1.97391991E-01  1.59121905E+00  2.50637183E-02
   15200  6.76374443E-01  5.83621119E-01  2.98024227E-01  1.60002017E+00  8.38458176E-03
   15250  7.18668401E-01  6.01021931E-01  2.89362007E-01  1.61819912E+00  1.28525874E-02
   15300  7.38889103E-01  6.66689754E-01  3.13840503E-01  1.61101733E+00  1.80560295E-02
   15350  8.00498338E-01  6.84491804E-01  3.24316948E-01  1.61180746E+00  3.10439914E-02
   15400  8.03302475E-01  7.41839466E-01  2.80514613E-01  1.59464012E+00  2.29386747E-02
   15450  8.11887903E-01  7.70261556E-01  2.50945847E-01  1.60032759E+00  1.96371570E-02
   15500  7.87797318E-01  7.65752007E-01  2.84848716E-01  1.58654079E+00  2.79526480E-02
   15550  7.61308042E-01  7.72623527E-01  2.71948426E-01  1.61819735E+00  2.47025746E-02
   15600  7.47736463E-01  7.83970183E-01  2.93059806E-01  1.62319522E+00  4.23440651E-02
   15650  7.72121831E-01  7.73015180E-01  3.09530083E-01  1.61007507E+00  3.18797139E-02
   15700  7.29724728E-01  7.84974951E-01  2.96977313E-01  1.57849401E+00  3.31044481E-02
   15750  7.28350369E-01  7.80768838E-01  3.26504110E-01  1.57345722E+00  5.49022872E-02
   15800  7.47455703E-01  7.68390579E-01  3.07058908E-01  1.56862796E+00  4.50930424E-02
   15850  8.18291462E-01  8.16949894E-01  3.03964813E-01  1.60075734E+00  2.94420735E-02
   15900  8.20323082E-01  7.76208915E-01  2.91945193E-01  1.58458183E+00  2.64381836E-02
   15950  8.60658826E-01  7.89198349E-01  2.69356589E-01  1.61341956E+00  3.09952665E-02
   16000  8.60361563E-01  7.65622114E-01  2.96500171E-01  1.61817677E+00  1.74414797E-02
   16050  8.74753390E-01  7.87776299E-01  3.01400829E-01  1.62358911E+00  1.30016633E-02
   16100  8.80106241E-01  7.39051664E-01  3.76157231E-01  1.62046312E+00  2.57961080E-02
   16150  9.00301752E-01  6.95696703E-01  4.03436330E-01  1.60493449E+00  2.71131492E-02
   16200  9.03292738E-01  6.51433654E-01  3.75361098E-01  1.60638057E+00  3.15348040E-02
   16250  8.94168110E-01  6.42945199E-01  3.38904941E-01  1.60647025E+00  2.26067331E-02
   16300  8.85499945E-01  6.40786533E-01  3.20159856E-01  1.62073784E+00  1.72897215E-02
   16350  8.65780163E-01  6.48082782E-01  2.92843423E-01  1.61976861E+00  1.77683297E-02
   16400  8.25581324E-01  5.96797005E-01  2.83429060E-01  1.58487644E+00  2.35488829E-02
   16450  8.60529812E-01  5.64128993E-01  2.53544474E-01  1.60325057E+00  3.27834336E-02
   16500  8.77377638E-01  5.61397093E-01  2.28505036E-01  1.60196264E+00  2.87940991E-02
   16550  8.90871788E-01  6.01135603E-01  2.23797201E-01  1.57057852E+00  2.96714465E-02
   16600  9.03858928E-01  5.82102896E-01  2.71033239E-01  1.59349788E+00  3.62247869E-02
   16650  8.83487288E-01  6.07710022E-01  2.27868053E-01  1.59197529E+00  3.76558615E-02
   16700  8.75185919E-01  5.90575092E-01  2.80275266E-01  1.60757148E+00  9.97030100E-03
   16750  7.88493197E-01  6.63211058E-01  3.32478999E-01  1.61975229E+00  2.91636713E-02
   16800  7.24062902E-01  6.64649716E-01  3.29987343E-01  1.59642904E+00  3.00174602E-02
   16850  6.85310012E-01  6.55218054E-01  3.61080836E-01  1.59264908E+00  2.42603319E-02
   16900  6.87537297E-01  6.17405444E-01  3.62725289E-01  1.58137180E+00  3.00947404E-02
   16950  6.58934624E-01  6.49441562E-01  2.87393896E-01  1.60103710E+00  2.31286696E-02
   17000  6.31881364E-01  6.49424078E-01  2.58025855E-01  1.60518086E+00  2.63202041E-02
   17050  5.90421721E-01  6.93386183E-01  2.46755183E-01  1.61447567E+00  2.62251743E-02
   17100  5.94435846E-01  6.70358694E-01  2.22817867E-01  1.59116643E+00  1.97980826E-02
   17150  6.37140150E-01  6.68980498E-01  2.22080407E-01  1.58840389E+00  2.74548169E-02
   17200  5.92042964E-01  6.16006906E-01  1.80177773E-01  1.60889435E+00  1.82094951E-02
   17250  6.24004272E-01  5.62712358E-01  2.02042732E-01  1.62359357E+00  2.51408863E-02
   17300  6.20568341E-01  4.91365844E-01  1.63878860E-01  1.59819769E+00  3.13308122E-02
   17350  6.01019218E-01  4.40553601E-01  1.79738059E-01  1.58427795E+00  1.77759802E-02
   17400  6.31382906E-01  4.44079125E-01  1.94379061E-01  1.60208485E+00  3.89571014E-02
   17450  6.36429548E-01  4.77810842E-01  2.06600967E-01  1.60751833E+00  1.20181009E-02
   17500  6.76192363E-01  4.77274330E-01  1.95303072E-01  1.61282689E+00  2.07863958E-02
   17550  6.17274735E-01  4.74329482E-01  2.31638143E-01  1.59753994E+00  3.49316507E-02
   17600  6.22314411E-01  5.00926245E-01  1.93158940E-01  1.61380306E+00  2.38415421E-02
   17650  6.66254261E-01  4.94649498E-01  2.37904765E-01  1.61066731E+00  6.07832685E-03
   17700  6.99317310E-01  4.74033336E-01  3.04840143E-01  1.60278797E+00  3.71494862E-02
   17750  7.18876663E-01  4.51773628E-01  2.48650865E-01  1.60034120E+00  2.25746759E-02
   17800  7.20348571E-01  4.28451780E-01  2.09210079E-01  1.62166884E+00  1.31327433E-02
   17850  7.53923765E-01  4.58883389E-01  1.98409009E-01  1.60553390E+00  4.46633550E-02
   17900  7.39946259E-01  4.59895757E-01  2.10602973E-01  1.61804036E+00  2.46356660E-02
   17950  7.02185345E-01  4.63255736E-01  2.11589674E-01  1.58035929E+00  3.12120032E-02
   18000  7.29620129E-01  4.14553194E-01  1.85622194E-01  1.58914260E+00  2.96717677E-02
   18050  7.57870644E-01  4.16196460E-01  2.08904229E-01  1.60675684E+00  2.59983058E-02
   18100  7.37502014E-01  4.40910629E-01  2.11980759E-01  1.59896063E+00  1.83613614E-02
   18150  7.30245909E-01  4.70741546E-01  2.25117013E-01  1.61741995E+00  3.29068817E-02
   18200  7.72672850E-01  3.72577882E-01  1.89411325E-01  1.61504194E+00  2.36380156E-02
   18250  7.99113877E-01  3.20846419E-01  1.86121444E-01  1.61027214E+00  3.25230952E-02
   18300  7.83869076E-01  3.16599545E-01  2.05792148E-01  1.59888149E+00  1.32398387E-02
   18350  7.50807968E-01  3.15726053E-01  1.64879572E-01  1.60608505E+00  2.60048424E-02
   18400  7.41459732E-01  3.96724901E-01  1.82487942E-01  1.60250821E+00  1.86082483E-02
   18450  7.33887978E-01  3.57568602E-01  1.58951287E-01  1.61151530E+00  1.95674516E-02
   18500  7.06641295E-01  3.24537644E-01  1.51712514E-01  1.60026344E+00  3.95233286E-02
   18550  7.83231677E-01  2.95307541E-01  1.61814564E-01  1.60145197E+00  1.21287261E-02
   18600  7.64591116E-01  2.79869213E-01  1.47178549E-01  1.60432038E+00  2.03810080E-02
   18650  7.99386446E-01  3.23543584E-01  1.52779490E-01  1.62581465E+00  1.14767393E-02
   18700  7.97269617E-01  3.43817482E-01  1.20112600E-01  1.62017435E+00  1.57605249E-02
   18750  7.21756323E-01  3.66638462E-01  1.09363077E-01  1.61989939E+00  2.48066291E-02
   18800  7.47843328E-01  3.62169562E-01  1.06160997E-01  1.61397653E+00  3.05421439E-02
   18850  7.48250655E-01  3.73265840E-01  7.32400432E-02  1.60817950E+00  2.27718724E-02
   18900  7.46038089E-01  3.97492628E-01  1.14402836E-01  1.59488703E+00  2.16639773E-02
   18950  7.54359176E-01  3.86819395E-01  1.08510742E-01  1.59967823E+00  1.78417140E-02
   19000  7.25549404E-01  3.91006997E-01  6.96713905E-02  1.59567671E+00  3.87194386E-02
   19050  7.37770004E-01  3.93544880E-01  5.61341016E-02  1.58235905E+00  3.96035577E-02
   19100  7.53446328E-01  4.19082401E-01  5.68856176E-02  1.58047055E+00  1.83521468E-02
   19150  7.89306471E-01  4.93014732E-01  4.10340657E-02  1.59489417E+00  1.74184840E-02
   19200  7.87748233E-01  4.80888343E-01  4.48513970E-02  1.61070047E+00  2.31638062E-02
   19250  7.55854742E-01  4.71687049E-01  6.05235817E-02  1.58202322E+00  3.37999096E-02
   19300  7.60993495E-01  4.81196077E-01 -1.86175803E-02  1.60398474E+00  1.21889681E-02
   19350  7.15785888E-01  4.69123635E-01 -7.95345951E-03  1.58720823E+00  1.91099777E-02
   19400  7.09517056E-01  4.69865393E-01  1.89591947E-03  1.61518743E+00  3.13772617E-02
   19450  6.40662034E-01  5.22157320E-01 -6.94568976E-03  1.59834555E+00  2.53464419E-02
   19500  6.51008502E-01  5.70047259E-01 -3.18407661E-02  1.61769235E+00  2.95989365E-02
   19550  6.69712568E-01  5.26037090E-01  1.49623362E-02  1.62609930E+00  2.27973032E-02
   19600  6.99588264E-01  4.40393740E-01  2.47068672E-02  1.62341743E+00  1.44239042E-02
   19650  6.98395154E-01  4.29790797E-01  7.40615305E-02  1.61810565E+00  2.97241638E-02
   19700  6.77045701E-01  4.28226657E-01  5.23650475E-03  1.61932627E+00  1.67004877E-02
   19750  6.49724718E-01  3.94754166E-01  1.33187812E-02  1.60499234E+00  2.52656151E-02
   19800  6.60754392E-01  4.36129467E-01  2.85481605E-02  1.60616235E+00  1.81633019E-02
   19850  6.70836132E-01  4.94192995E-01  4.89179958E-02  1.60924449E+00  1.69648479E-02
   19900  6.16412532E-01  4.93121056E-01  4.84585752E-02  1.58246863E+00  1.59685784E-02
   19950  6.14458954E-01  4.74650693E-01  7.45668190E-02  1.59700718E+00  2.62327571E-02
   20000  6.04204110E-01  4.61281063E-01  1.20640107E-01  1.57601331E+00  2.75761587E-02
   20050  5.77409097E-01  4.72605027E-01  1.55364961E-01  1.60991472E+00  2.10062109E-02
   20100  5.77210236E-01  4.77276474E-01  2.07796627E-01  1.59836170E+00  3.44184824E-02
   20150  5.96229691E-01  5.20203814E-01  2.88742440E-01  1.60765919E+00  2.23359500E-02
   20200  6.50363603E-01  4.96635088E-01  2.61148892E-01  1.59877493E+00  5.77766852E-03
   20250  6.44374624E-01  4.43330593E-01  2.54386180E-01  1.59876873E+00  1.00305886E-02
   20300  6.78279069E-01  3.60923446E-01  2.54707411E-01  1.61702655E+00  3.36853979E-02
   20350  6.13852058E-01  4.35504387E-01  2.71926261E-01  1.61707473E+00  1.87992734E-02
   20400  5.64924718E-01  4.33538807E-01  2.70501824E-01  1.58864538E+00  2.67506791E-02
   20450  6.10455463E-01  4.74463312E-01  3.35540468E-01  1.61465816E+00  1.39913495E-02
   20500  6.36814868E-01  4.98461793E-01  3.57502553E-01  1.62482720E+00  1.91661961E-02
   20550  5.54171823E-01  5.27415602E-01  3.06648584E-01  1.59927769E+00  3.30802359E-02
   20600  5.34577139E-01  5.22933851E-01  3.33946828E-01  1.59907638E+00  2.43842146E-02
   20650  5.79065184E-01  5.01543886E-01  3.17840281E-01  1.60028208E+00  2.29433269E-02
   20700  5.99738860E-01  5.08582827E-01  3.12811400E-01  1.59808931E+00  2.23290211E-02
   20750  5.59936500E-01  5.41616815E-01  3.27581702E-01  1.60533681E+00  1.53039355E-02
   20800  5.65602966E-01  5.77874804E-01  3.30432330E-01  1.61853330E+00  1.46165852E-02
   20850  5.58821484E-01  5.81799755E-01  3.44843397E-01  1.62766287E+00  2.55696773E-02
   20900  5.74145070E-01  5.64137079E-01  3.39530378E-01  1.59410741E+00  2.10240215E-02
   20950  6.01452620E-01  5.88643688E-01  3.24404739E-01  1.61736009E+00  2.04908347E-02
   21000  5.89110382E-01  5.76635698E-01  3.19329271E-01  1.60655531E+00  2.08597128E-02
   21050  6.21726056E-01  6.17475363E-01  2.79571274E-01  1.61765184E+00  4.40593978E-02
   21100  6.09532554E-01  6.28805495E-01  2.75408113E-01  1.60018714E+00  7.85928300E-03
   21150  6.37954396E-01  5.92647379E-01  2.77588316E-01  1.60344489E+00  2.57937855E-02
   21200  6.67953108E-01  6.05865212E-01  2.93040295E-01  1.61280756E+00  3.00593114E-02
   21250  6.02673449E-01  6.74694150E-01  2.73711265E-01  1.61222466E+00  1.39367287E-02
   21300  6.17367673E-01  6.76694872E-01  2.55558905E-01  1.62243149E+00  1.52580209E-02
   21350  5.71640600E-01  6.22254509E-01  2.34499238E-01  1.61304275E+00  2.05743564E-02
   21400  5.70343321E-01  6.81095295E-01  1.97468282E-01  1.61438077E+00  1.36894499E-02
   21450  5.49143958E-01  6.44314131E-01  1.74622350E-01  1.60890890E+00  1.04568671E-02
   21500  5.85733596E-01  6.24459662E-01  1.58454932E-01  1.61848626E+00  2.21959579E-02
   21550  5.79640631E-01  5.88396719E-01  1.78326380E-01  1.60794306E+00  2.01153805E-02
   21600  5.95661142E-01  5.67060399E-01  2.33292759E-01  1.60548346E+00  1.48253686E-02
   21650  6.15338296E-01  5.83556077E-01  3.04288687E-01  1.62755439E+00  2.45874077E-02
   21700  6.63189665E-01  5.50064980E-01  2.65510043E-01  1.59902512E+00  2.89467054E-02
   21750  6.86324173E-01  5.36504645E-01  2.23036220E-01  1.59169314E+00  1.86152927E-02
   21800  6.67521999E-01  5.13576867E-01  2.12068389E-01  1.58758313E+00  3.33490242E-02
   21850  7.29965047E-01  5.05850065E-01  2.09213266E-01  1.59956013E+00  2.98057375E-02
   21900  7.60588281E-01  4.80441713E-01  2.11053747E-01  1.60134691E+00  2.16394362E-02
   21950  7.74422854E-01  4.78167274E-01  1.96054935E-01  1.62274076E+00  1.75491310E-02
   22000  7.79763908E-01  4.73395367E-01  1.85191992E-01  1.61809208E+00  2.40155484E-02
   22050  7.76852813E-01  4.45844248E-01  2.09020661E-01  1.60969146E+00  1.53015619E-02
   22100  7.72119599E-01  4.59228255E-01  1.88341489E-01  1.59262751E+00  2.31744006E-02
   22150  7.89047554E-01  4.82917548E-01  2.34455087E-01  1.60662531E+00  9.96887772E-03
   22200  7.92872554E-01  4.66089406E-01  2.76349996E-01  1.61361786E+00  2.22264745E-02
   22250  8.30461476E-01  4.74299463E-01  2.40695504E-01  1.62547323E+00  2.76781630E-02
   22300  8.34442490E-01  4.72009328E-01  2.06747499E-01  1.60272446E+00  2.44207300E-02
   22350  8.26546920E-01  4.57358651E-01  1.34535579E-01  1.59477008E+00  2.63099333E-02
   22400  8.16675012E-01  4.60369887E-01  9.17881671E-02  1.61586889E+00  1.37372482E-02
   22450  8.74587711E-01  4.62544522E-01  9.92393422E-02  1.61968026E+00  1.81998648E-02
   22500  8.80501641E-01  4.66243515E-01  1.29956357E-01  1.61302467E+00  3.00477349E-02
   22550  8.63959391E-01  4.79699494E-01  6.02790405E-02  1.59888257E+00  2.01812759E-02
   22600  8.79129639E-01  4.34833394E-01  5.01759891E-02  1.59081298E+00  1.68137249E-02
   22650  8.87556170E-01  4.10388948E-01  1.16350143E-01  1.58571531E+00  3.50064843E-02
   22700  8.80057619E-01  4.00575397E-01  1.75692265E-01  1.59269937E+00  4.55578576E-02
   22750  9.16340071E-01  3.84523890E-01  1.69508443E-01  1.60509114E+00  2.94311275E-02
   22800  9.41699085E-01  3.67935750E-01  1.73819367E-01  1.60173881E+00  3.03041350E-02
   22850  8.98866820E-01  3.42549442E-01  1.62164214E-01  1.60301616E+00  1.35311906E-02
   22900  8.81664764E-01  3.17637002E-01  1.64051075E-01  1.60338108E+00  2.82944977E-02
   22950  8.81804407E-01  3.36235767E-01  1.71750538E-01  1.59920216E+00  1.81132280E-02
   23000  8.79367684E-01  3.22739586E-01  8.15068757E-02  1.60285488E+00  1.39499530E-02
   23050  8.29219588E-01  3.67255260E-01  9.09744442E-02  1.59150129E+00  2.05596990E-02
   23100  8.04690083E-01  3.88754629E-01  1.12939481E-01  1.59556272E+00  3.38935920E-02
   23150  7.80830901E-01  3.88218773E-01  1.16651169E-01  1.59439317E+00  1.88942753E-02
   23200  7.47709426E-01  4.23197614E-01  9.11105809E-02  1.59956316E+00  3.03977924E-02
   23250  7.37488036E-01  4.34279612E-01  5.74231450E-02  1.60624094E+00  2.78022813E-02
   23300  7.86516271E-01  4.13332390E-01  7.12402190E-02  1.58457298E+00  1.97742801E-02
   23350  8.40156810E-01  3.93667838E-01  9.88675960E-02  1.60601071E+00  2.22164976E-02
   23400  7.84488835E-01  4.08516871E-01  1.03307648E-01  1.61013925E+00  1.58460943E-02
   23450  7.25610742E-01  5.10429414E-01  7.76815492E-02  1.62011984E+00  3.21014228E-02
   23500  7.01561603E-01  4.93124129E-01  5.26183766E-02  1.59405692E+00  2.80097482E-02
   23550  7.36671315E-01  4.56091223E-01 -1.34444563E-02  1.60455539E+00  3.20495380E-02
   23600  7.59908753E-01  4.54907474E-01  6.61308547E-03  1.57337709E+00  2.86978425E-02
   23650  7.09540173E-01  5.43325911E-01  5.40679203E-02  1.59089849E+00  1.63093094E-02
   23700  7.07992392E-01  5.60501956E-01  1.13298644E-02  1.59802663E+00  2.60009351E-02
   23750  7.24026085E-01  5.24892973E-01  5.17412044E-02  1.59718650E+00  3.20357370E-02
   23800  6.61834774E-01  5.58399275E-01  4.94134826E-02  1.60497774E+00  3.32162488E-02
   23850  7.06497327E-01  5.50606658E-01  3.10586153E-02  1.62009542E+00  2.00530435E-02
   23900  7.00646485E-01  4.95033655E-01  4.46547032E-03  1.59693968E+00  3.51058002E-02
   23950  6.47154303E-01  5.35388606E-01  4.05747162E-03  1.60121607E+00  2.84866762E-02
   24000  6.53140839E-01  5.83432194E-01  7.82837385E-03  1.62049711E+00  2.73437103E-02
   24050  6.27009058E-01  5.95533578E-01 -2.71433205E-02  1.62539686E+00  3.25943702E-02
   24100  5.82094006E-01  6.53293681E-01 -6.99629290E-02  1.65100611E+00  1.61911342E-02
   24150  5.58839397E-01  6.94564964E-01 -1.00216241E-01  1.62069697E+00  2.00121138E-02
   24200  5.34641900E-01  6.67399424E-01 -6.17330344E-02  1.62105158E+00  3.31596097E-02
   24250  5.46283033E-01  6.86504753E-01 -5.04690147E-02  1.60861598E+00  2.93552781E-02
   24300  6.28349875E-01  7.34054504E-01 -4.81531038E-02  1.61066187E+00  1.45854989E-02
   24350  6.03463647E-01  7.67470836E-01 -6.24754601E-03  1.59753680E+00  1.88735782E-02
   24400  6.22550083E-01  7.57972857E-01 -5.97216449E-03  1.61236702E+00  2.80523320E-02
   24450  6.32588121E-01  7.26089486E-01 -2.65725381E-02  1.60428821E+00  1.54220494E-02
   24500  6.55643423E-01  7.30144659E-01 -3.20984291E-02  1.61720582E+00  1.83005484E-02
   24550  6.27302409E-01  7.19958089E-01 -5.85802997E-02  1.61343076E+00  1.93791607E-02
   24600  5.49125320E-01  7.52486036E-01 -6.37506591E-02  1.59227937E+00  1.28052360E-02
   24650  5.62807605E-01  7.11171505E-01 -9.75449468E-02  1.58849379E+00  1.80243990E-02
   24700  5.32153891E-01  7.22145171E-01 -1.31338883E-01  1.60097051E+00  2.06435160E-02
   24750  5.00773553E-01  7.58199271E-01 -1.14116342E-01  1.57160592E+00  1.18362375E-02
   24800  5.91229926E-01  7.29167447E-01 -1.29464385E-01  1.58723653E+00  2.00414804E-02
   24850  5.40445340E-01  7.51396897E-01 -1.33111188E-01  1.59187787E+00  1.10869107E-02
   24900  5.29763493E-01  7.21355065E-01 -1.38846109E-01  1.61661670E+00  1.60848579E-02
   24950  5.34141347E-01  7.22821229E-01 -1.29894943E-01  1.62218042E+00  3.88375665E-02
   25000  4.99436519E-01  6.81057043E-01 -1.34573510E-01  1.62601531E+00  1.45626488E-02
   25050  5.42043629E-01  6.46042571E-01 -1.12805181E-01  1.60426477E+00  8.46208600E-03
   25100  5.45059995E-01  6.66534846E-01 -8.35865035E-02  1.60396998E+00  2.59189583E-02
   25150  5.77550074E-01  6.28666571E-01 -1.10698476E-01  1.60064107E+00  1.54542376E-02
   25200  5.09850679E-01  6.52550576E-01 -1.02767009E-01  1.57925788E+00  2.13073132E-02
   25250  5.65842420E-01  6.40790956E-01 -9.23601360E-02  1.60324210E+00  2.74342369E-02
   25300  5.49824672E-01  6.40323924E-01 -1.03217972E-01  1.59584572E+00  2.42774768E-02
   25350  5.38290832E-01  6.66913624E-01 -1.22451107E-01  1.60101401E+00  2.80763707E-02
   25400  5.66427363E-01  6.08591316E-01 -9.88244165E-02  1.59041245E+00  1.41598003E-02
   25450  5.37637390E-01  6.19332430E-01 -7.12018459E-02  1.59361118E+00  2.33736246E-02
   25500  5.19724557E-01  5.98380303E-01 -7.16660122E-02  1.60253506E+00  8.74695416E-03
   25550  4.95619519E-01  5.78384911E-01 -6.57529953E-02  1.58683056E+00  2.21232244E-02
   25600  4.58576472E-01  5.41014145E-01 -9.98589099E-02  1.58802488E+00  1.32536103E-02
   25650  4.50489756E-01  4.55011927E-01 -9.90908215E-02  1.59340440E+00  3.47351003E-02
   25700  3.80446842E-01  4.85197755E-01 -1.52991954E-01  1.59417914E+00  1.76919071E-02
   25750  3.61899596E-01  4.52207850E-01 -1.79372715E-01  1.59775675E+00  1.40402244E-02
   25800  2.95500507E-01  4.00896244E-01 -1.85855961E-01  1.62180125E+00  1.48094114E-02
   25850  2.79480310E-01  4.26296549E-01 -1.88953810E-01  1.60138057E+00  6.23793334E-03
   25900  2.67860799E-01  3.96761449E-01 -1.98428474E-01  1.59352550E+00  1.51842597E-02
   25950  2.69312963E-01  4.04190585E-01 -1.99267944E-01  1.61633802E+00  1.52715399E-02
   26000  2.89724563E-01  4.65375729E-01 -1.91260602E-01  1.60836199E+00  2.75836260E-02
   26050  3.41589093E-01  4.90507953E-01 -1.96509194E-01  1.61639460E+00  2.21793170E-02
   26100  3.14658555E-01  5.24556923E-01 -2.07732191E-01  1.58652874E+00  3.09842811E-02
   26150  3.21272296E-01  5.48203496E-01 -1.99467135E-01  1.60532972E+00  4.15004446E-02
   26200  3.29154432E-01  5.05484653E-01 -1.70740641E-01  1.59566775E+00  1.80412487E-02
   26250  3.71392504E-01  4.52739380E-01 -1.45396102E-01  1.58779681E+00  1.94230153E-02
   26300  3.82464423E-01  4.40038773E-01 -1.32056940E-01  1.58511346E+00  2.45420202E-02
   26350  4.32808791E-01  4.71329107E-01 -7.58708301E-02  1.59507238E+00  1.94566524E-02
   26400  4.11020289E-01  4.10364011E-01 -2.61568111E-02  1.57754358E+00  3.60187147E-02
   26450  3.68225823E-01  3.68480747E-01 -2.64145493E-02  1.56656696E+00  4.18756002E-02
   26500  4.22566077E-01  3.17576736E-01 -3.22031917E-02  1.56316491E+00  1.10839617E-02
   26550  4.70141098E-01  3.14453781E-01 -7.04877147E-03  1.59858596E+00  1.53254518E-02
   26600  4.77134453E-01  3.39714985E-01 -8.71746468E-03  1.59779005E+00  3.12340364E-02
   26650  4.76745879E-01  3.94106220E-01 -6.12657876E-02  1.59628618E+00  3.81110893E-02
   26700  4.83617392E-01  4.01450095E-01 -6.24787937E-02  1.61409793E+00  2.53670454E-02
   26750  4.45102549E-01  3.85049866E-01 -8.63969406E-02  1.61278496E+00  3.87473448E-02
   26800  4.38120676E-01  3.95165104E-01 -6.78519028E-02  1.61647041E+00  1.94334167E-02
   26850  4.53736050E-01  4.47409803E-01 -5.85012227E-02  1.62782772E+00  3.91441598E-02
   26900  4.57351697E-01  4.36045221E-01 -4.28722688E-02  1.60339419E+00  2.55288259E-02
   26950  4.52006660E-01  4.87616425E-01 -5.61843059E-02  1.60389331E+00  3.13975142E-02
   27000  4.72651828E-01  5.14373160E-01 -6.61252991E-02  1.59929097E+00  1.44980549E-02
   27050  4.31801383E-01  4.84407100E-01 -7.14615642E-02  1.58888539E+00  2.86683880E-02
   27100  4.81818552E-01  4.63872354E-01 -5.49967085E-02  1.61443223E+00  3.14059414E-02
   27150  5.19482653E-01  4.39670172E-01 -9.25616755E-02  1.61149384E+00  3.39619811E-02
   27200  5.23235940E-01  3.96363699E-01 -7.47514180E-02  1.61111937E+00  1.34050837E-02
   27250  4.87507325E-01  4.10578573E-01 -1.34859182E-01  1.56516400E+00  5.78999786E-02
   27300  4.97090123E-01  4.10406394E-01 -1.70999748E-01  1.58994883E+00  4.71159602E-02
   27350  5.17631701E-01  3.57243367E-01 -1.44954786E-01  1.55784112E+00  3.40584435E-02
   27400  5.45236845E-01  3.88186097E-01 -1.00608352E-01  1.59063986E+00  1.95687126E-02
   27450  5.11732207E-01  3.64796957E-01 -1.04761800E-01  1.59616965E+00  2.13510186E-02
   27500  5.31717018E-01  4.35563252E-01 -8.98894482E-02  1.59455967E+00  3.03838258E-02
   27550  5.47614527E-01  4.00173761E-01 -4.90865023E-02  1.60704359E+00  3.24565708E-02
   27600  4.90760904E-01  4.26888990E-01 -8.93236377E-02  1.60455598E+00  2.88263028E-02
   27650  5.39984779E-01  3.70747746E-01 -1.12324686E-01  1.59650869E+00  3.13215977E-02
   27700  5.58505860E-01  2.87655057E-01 -1.07714548E-01  1.60229063E+00  2.22739497E-02
   27750  5.44749903E-01  3.40860232E-01 -1.18026322E-01  1.61255074E+00  1.59511252E-02
   27800  5.85516729E-01  3.12004301E-01 -6.60023606E-02  1.60248320E+00  2.12652055E-02
   27850  5.17050431E-01  3.19681736E-01 -1.24971491E-01  1.59453769E+00  2.12032087E-02
   27900  5.14865251E-01  2.76221912E-01 -1.51294285E-01  1.61626925E+00  1.80608966E-02
   27950  5.13501547E-01  2.46322272E-01 -1.80933514E-01  1.63166134E+00  2.35652494E-02
   28000  4.19215044E-01  2.91706136E-01 -1.61375846E-01  1.59985092E+00  2.55135723E-02
   28050  4.91008208E-01  2.64511184E-01 -1.33263013E-01  1.61734901E+00  3.11605832E-02
   28100  4.74459570E-01  2.59282421E-01 -1.25863908E-01  1.61963930E+00  2.35984971E-02
   28150  4.54931512E-01  2.56194605E-01 -1.22883446E-01  1.60731467E+00  2.34387316E-02
   28200  4.77342844E-01  2.31474070E-01 -1.28213616E-01  1.64676565E+00  1.23148836E-02
   28250  4.86109526E-01  2.58191516E-01 -1.08734683E-01  1.61810674E+00  2.51063517E-02
   28300  4.25393899E-01  2.33971355E-01 -1.06868254E-01  1.58454233E+00  2.45064828E-02
   28350  3.99747028E-01  2.30194762E-01 -1.28418271E-01  1.60501269E+00  1.72760070E-02
   28400  3.89411639E-01  2.60638017E-01 -1.53642229E-01  1.63469352E+00  9.19857333E-03
   28450  3.86318386E-01  2.26500051E-01 -1.59049694E-01  1.61587553E+00  1.68579755E-02
   28500  3.55737157E-01  2.83680539E-01 -1.55616653E-01  1.61517849E+00  2.40760366E-02
   28550  3.70261801E-01  3.35802202E-01 -1.88544498E-01  1.63010265E+00  1.74012943E-02
   28600  3.15303208E-01  3.93470405E-01 -1.78154325E-01  1.60673546E+00  1.72004268E-02
   28650  2.73332366E-01  4.06822859E-01 -1.93048544E-01  1.59599762E+00  2.28265102E-02
   28700  2.46675660E-01  4.29178679E-01 -2.20350196E-01  1.59730040E+00  4.33636089E-02
   28750  2.87698548E-01  4.14079240E-01 -2.16054602E-01  1.61225454E+00  1.42726881E-02
   28800  2.50126104E-01  3.90427500E-01 -2.10802068E-01  1.61373170E+00  1.49153700E-02
   28850  1.85927009E-01  4.16846328E-01 -1.91627959E-01  1.60203619E+00  2.69581629E-02
   28900  2.84534540E-01  4.29152757E-01 -1.69873259E-01  1.60645943E+00  2.46111707E-02
   28950  3.62582449E-01  4.20967082E-01 -1.64432352E-01  1.61269089E+00  2.61621006E-02
   29000  3.37017320E-01  4.13904428E-01 -1.27149307E-01  1.59451150E+00  3.24328581E-02
   29050  3.40971717E-01  3.68896030E-01 -1.60178043E-01  1.60951534E+00  1.46630463E-02
   29100  3.14737833E-01  3.46918173E-01 -1.48982840E-01  1.62574527E+00  3.36963061E-02
   29150  3.64958532E-01  3.53036303E-01 -1.38082195E-01  1.62666996E+00  1.50898063E-02
   29200  3.37050654E-01  3.43136651E-01 -1.26061462E-01  1.58859875E+00  1.36643355E-02
   29250  3.46096420E-01  3.50781587E-01 -9.96859517E-02  1.58331503E+00  3.02175220E-02
   29300  2.95077070E-01  3.44813946E-01 -1.73918920E-01  1.59892675E+00  1.07917867E-02
   29350  2.82071008E-01  3.55685525E-01 -1.34395261E-01  1.57643058E+00  3.34482926E-02
   29400  2.31780213E-01  3.38512539E-01 -1.92109146E-01  1.59326841E+00  2.80940496E-02
   29450  2.30698573E-01  3.58159688E-01 -1.82118761E-01  1.60946600E+00  2.07531252E-02
   29500  2.15121797E-01  3.67968963E-01 -1.64786045E-01  1.62197662E+00  2.13651163E-02
   29550  2.37175270E-01  3.93072889E-01 -1.77582491E-01  1.59073277E+00  1.22775825E-02
   29600  2.34853173E-01  3.80504494E-01 -2.16838178E-01  1.60420963E+00  2.30950578E-02
   29650  2.31656293E-01  4.24364343E-01 -2.24871646E-01  1.61278293E+00  2.55740869E-02
   29700  2.43646584E-01  3.26449333E-01 -1.83261418E-01  1.60911025E+00  1.22228919E-02
   29750  2.67440460E-01  2.88808062E-01 -1.93040903E-01  1.60265790E+00  1.83850916E-02
   29800  2.20666486E-01  2.97336616E-01 -1.70977047E-01  1.58062484E+00  2.19508848E-02
   29850  2.80325273E-01  2.91113212E-01 -2.05115938E-01  1.61099813E+00  2.75506640E-02
   29900  2.73271497E-01  2.76271586E-01 -2.16561230E-01  1.61359031E+00  1.29952274E-02
   29950  2.59275412E-01  3.15084965E-01 -2.08713325E-01  1.61752254E+00  2.85153225E-02
   30000  2.09762645E-01  2.66178074E-01 -2.39051910E-01  1.60757433E+00  2.03800789E-02
   30050  2.27706102E-01  2.64640115E-01 -2.32225143E-01  1.61064226E+00  2.91864768E-02
   30100  2.25437084E-01  2.93660852E-01 -2.17595637E-01  1.62459561E+00  2.84138104E-02
   30150  2.71269463E-01  3.63806596E-01 -2.00332553E-01  1.61191728E+00  2.98047219E-02
   30200  2.83338498E-01  3.31423864E-01 -2.17038766E-01  1.61451576E+00  9.46179155E-03
   30250  2.43403172E-01  3.54041252E-01 -2.03439165E-01  1.60098016E+00  2.91855753E-02
   30300  2.47373201E-01  3.41891141E-01 -2.08787730E-01  1.58500236E+00  2.51611706E-02
   30350  1.83797451E-01  3.68046775E-01 -2.28611815E-01  1.59620024E+00  2.19247608E-02
   30400  2.65200602E-01  3.98337863E-01 -2.01749335E-01  1.59962253E+00  2.37566736E-02
   30450  2.20864643E-01  3.28362752E-01 -1.61781960E-01  1.58422223E+00  3.49394334E-02
   30500  1.92803660E-01  3.26061908E-01 -1.71984476E-01  1.60102306E+00  1.76827414E-02
   30550  2.28612064E-01  3.85744303E-01 -1.94538312E-01  1.59506670E+00  3.75853408E-02
   30600  2.37916396E-01  4.66741998E-01 -1.86698440E-01  1.62277453E+00  3.89581903E-02
   30650  1.80260154E-01  4.52872974E-01 -2.34697066E-01  1.60501472E+00  5.77574949E-02
   30700  1.57748889E-01  4.23845964E-01 -1.96949892E-01  1.60880453E+00  2.57301611E-02
   30750  1.18999741E-01  4.74180973E-01 -2.08055139E-01  1.60064301E+00  3.65284029E-02
   30800  1.57213675E-01  4.61604399E-01 -2.28051674E-01  1.59476453E+00  3.09992561E-02
   30850  1.42120996E-01  4.64490624E-01 -2.49746138E-01  1.60626435E+00  2.16610359E-02
   30900  1.60244854E-01  4.60134325E-01 -2.41305517E-01  1.59053860E+00  3.06415177E-02
   30950  2.60879978E-01  4.78799240E-01 -1.95376487E-01  1.59973618E+00  3.52899641E-02
   31000  2.71576828E-01  4.37025331E-01 -2.60314687E-01  1.61665560E+00  2.77159716E-02
   31050  2.81585815E-01  4.52044787E-01 -2.39684224E-01  1.61716667E+00  3.68395093E-02
   31100  2.98716538E-01  4.35047415E-01 -2.43242015E-01  1.60434990E+00  2.51272181E-02
   31150  2.74488693E-01  3.55443611E-01 -2.30425959E-01  1.61294567E+00  1.79371215E-02
   31200  2.30690071E-01  3.87683185E-01 -1.94832324E-01  1.60056554E+00  2.79787824E-02
   31250  2.31919216E-01  3.64064025E-01 -1.86123589E-01  1.58934523E+00  3.38205857E-02
   31300  2.87231646E-01  3.75516579E-01 -1.36161677E-01  1.60381369E+00  1.73801892E-02
   31350  2.91483577E-01  4.34086150E-01 -1.60601152E-01  1.61130832E+00  1.78474306E-02
   31400  2.76131543E-01  4.41495235E-01 -1.33748401E-01  1.59263600E+00  2.69423481E-02
   31450  2.21911236E-01  3.83734923E-01 -1.52948566E-01  1.58072749E+00  3.28976557E-02
   31500  2.91111873E-01  4.23783465E-01 -2.00926146E-01  1.58392844E+00  1.95590129E-02
   31550  3.50223520E-01  4.43668712E-01 -2.26388724E-01  1.57689646E+00  2.99502392E-02
   31600  4.09076082E-01  4.73526383E-01 -2.17251939E-01  1.59766866E+00  8.39941058E-03
   31650  4.76430728E-01  4.48215026E-01 -1.93800454E-01  1.59122332E+00  1.04615290E-02
   31700  4.46553138E-01  4.80692734E-01 -2.20202036E-01  1.58917459E+00  3.13346401E-02
   31750  4.36181155E-01  4.66743052E-01 -2.18454011E-01  1.61226314E+00  1.62436758E-02
   31800  4.82181929E-01  4.87053306E-01 -2.59292432E-01  1.61449185E+00  2.62383603E-02
   31850  4.56345330E-01  4.72260048E-01 -2.67961706E-01  1.59175215E+00  3.01969334E-02
   31900  4.73999038E-01  4.71317154E-01 -2.71521305E-01  1.60240380E+00  3.22063229E-02
   31950  4.82478136E-01  4.73393225E-01 -2.72120522E-01  1.62713798E+00  1.82795137E-02
   32000  4.18542265E-01  4.80959992E-01 -2.20380625E-01  1.62082778E+00  3.30372868E-02
   32050  3.88837196E-01  5.19741232E-01 -2.28140738E-01  1.60255125E+00  3.52889169E-02
   32100  4.06877616E-01  5.24437274E-01 -1.94341696E-01  1.57767105E+00  4.58082600E-02
   32150  4.18671231E-01  4.56450421E-01 -1.70979637E-01  1.59991033E+00  2.64690444E-02
   32200  4.27744113E-01  4.27440476E-01 -2.07566751E-01  1.60611021E+00  9.94482333E-03
   32250  4.49062569E-01  4.18165683E-01 -1.94607983E-01  1.60685658E+00  2.30651937E-02
   32300  4.10103363E-01  4.73741694E-01 -1.91208015E-01  1.63036729E+00  1.79490936E-02
   32350  3.98085203E-01  4.75167895E-01 -2.21911518E-01  1.61594341E+00  3.11020211E-02
   32400  4.50162651E-01  4.67842686E-01 -2.07816082E-01  1.61735925E+00  2.81736574E-02
   32450  4.32893597E-01  4.84799726E-01 -1.92551256E-01  1.60365236E+00  4.17453898E-02
   32500  3.97146774E-01  5.00330984E-01 -1.72432155E-01  1.60632204E+00  2.44532116E-02
   32550  3.90261666E-01  5.67683993E-01 -1.35288417E-01  1.60624218E+00  1.42518351E-02
   32600  3.66251990E-01  5.37169158E-01 -1.75391468E-01  1.58227271E+00  2.51807689E-02
   32650  3.44845593E-01  4.89054676E-01 -1.54229450E-01  1.59167450E+00  3.20030663E-02
   32700  4.08384546E-01  4.70535283E-01 -1.48885295E-01  1.59901200E+00  3.97534840E-02
   32750  3.67720874E-01  4.36560588E-01 -1.71662732E-01  1.60183596E+00  2.49675087E-02
   32800  4.28232734E-01  4.91471813E-01 -1.57954663E-01  1.59343799E+00  3.29947309E-02
   32850  4.68717454E-01  5.33931445E-01 -1.57033735E-01  1.61984109E+00  2.96417390E-02
   32900  4.49261658E-01  6.03605510E-01 -1.19922461E-01  1.61500995E+00  2.18231800E-02
   32950  4.28698270E-01  6.10745660E-01 -6.19405139E-02  1.63917494E+00  1.70684965E-02
   33000  4.25277547E-01  6.72022589E-01 -5.60441964E-02  1.60548284E+00  3.17740238E-02
   33050  5.26259123E-01  6.62218684E-01 -4.75692706E-02  1.62184179E+00  1.79865829E-02
   33100  5.37313170E-01  6.78975536E-01 -3.16806431E-02  1.59747477E+00  1.91659993E-02
   33150  5.62831028E-01  6.63974298E-01  1.22876564E-03  1.61546759E+00  3.30165674E-02
   33200  5.94218754E-01  6.58902862E-01 -1.45716063E-02  1.60996875E+00  3.53311703E-02
   33250  5.89718465E-01  6.41346512E-01 -1.56078375E-02  1.59470862E+00  1.65215560E-02
   33300  5.09952267E-01  6.63023014E-01  6.56611790E-03  1.61007302E+00  3.98270379E-03
   33350  5.12318426E-01  6.19062628E-01  5.29075311E-02  1.60297519E+00  1.42770046E-02
   33400  5.32649005E-01  5.83636326E-01  3.46145777E-02  1.61659786E+00  1.55473787E-02
   33450  5.34589022E-01  5.86733895E-01  7.10150427E-02  1.60500478E+00  1.20934003E-02
   33500  5.14390558E-01  6.42136211E-01  1.01619903E-01  1.60568188E+00  1.32636268E-02
   33550  5.01936490E-01  6.64959443E-01  9.14577572E-02  1.61215297E+00  2.73140110E-02
   33600  5.68845290E-01  6.14482665E-01  1.45852222E-01  1.61161914E+00  2.77936988E-02
   33650  5.60134399E-01  6.21880426E-01  1.81087889E-01  1.61496477E+00  2.91305160E-02
   33700  4.89107458E-01  6.40178768E-01  1.24318975E-01  1.58537251E+00  1.69174541E-02
   33750  4.34556737E-01  6.03781554E-01  9.80187141E-02  1.57635542E+00  1.06831358E-02
   33800  4.46568932E-01  5.66434517E-01  1.13947928E-01  1.58010454E+00  4.07251058E-02
   33850  4.37577966E-01  5.46795817E-01  1.25167945E-01  1.57615007E+00  3.12286410E-02
   33900  4.53027412E-01  5.15803848E-01  1.41512557E-01  1.60061508E+00  3.16350689E-02
   33950  4.43143361E-01  5.24980422E-01  1.13879898E-01  1.59838437E+00  2.96060249E-02
   34000  3.83523420E-01  5.69460174E-01  7.09539438E-02  1.56222486E+00  2.73416565E-02
   34050  4.16898594E-01  5.40300780E-01  6.35559329E-02  1.59639255E+00  2.57194812E-02
   34100  4.19394885E-01  4.94164275E-01  6.97614817E-03  1.60827327E+00  1.91634323E-02
   34150  4.45986156E-01  4.79565087E-01  1.60267925E-02  1.57307561E+00  3.80691446E-02
   34200  3.97912221E-01  4.84482924E-01  4.47573260E-02  1.57095755E+00  2.32938524E-02
   34250  4.17772007E-01  4.47149215E-01  7.10226531E-02  1.58859767E+00  1.24729251E-02
   34300  3.83521820E-01  4.39247175E-01  7.47732219E-02  1.59517239E+00  1.92354989E-02
   34350  3.46245091E-01  4.14687987E-01  6.50904400E-02  1.59312332E+00  4.56314369E-02
   34400  3.42022744E-01  3.87937714E-01  5.73458337E-02  1.64124050E+00  1.25938768E-02
   34450  3.33160758E-01  4.43601426E-01  2.30396195E-02  1.63362523E+00  1.57962567E-02
   34500  3.28141105E-01  4.74586499E-01 -1.57966927E-02  1.63085886E+00  1.95263878E-02
   34550  2.85100848E-01  4.51239612E-01  1.23831992E-02  1.60763817E+00  2.47784107E-02
   34600  2.76417721E-01  4.77006619E-01  3.07865946E-02  1.62661870E+00  2.44085271E-02
   34650  2.78096716E-01  5.18421603E-01 -4.50552584E-03  1.62413885E+00  2.50106457E-02
   34700  2.85126794E-01  4.89588019E-01  3.77368821E-02  1.60596356E+00  1.94996341E-02
   34750  2.74289179E-01  4.49903075E-01  7.10942742E-02  1.60799100E+00  1.91121924E-02
   34800  2.79330857E-01  4.49722915E-01  1.03550073E-01  1.60375952E+00  2.68511433E-02
   34850  2.86011480E-01  3.75078274E-01  1.28579176E-01  1.60423192E+00  3.00192426E-02
   34900  2.09138671E-01  4.14651755E-01  1.11398441E-01  1.59365598E+00  2.28306194E-02
   34950  2.14144188E-01  4.69215061E-01  8.19367873E-02  1.59312695E+00  1.26587170E-02
   35000  1.79018825E-01  4.65900689E-01  1.18161552E-01  1.61241283E+00  2.31050651E-02
   35050  1.95317624E-01  3.63913978E-01  2.00848503E-01  1.59748826E+00  1.25573165E-02
   35100  2.05097581E-01  3.60306565E-01  2.00136374E-01  1.60590826E+00  2.65636842E-02
   35150  1.69746207E-01  3.47772246E-01  2.37609413E-01  1.61077815E+00  3.01141054E-02
   35200  1.91304748E-01  3.69401146E-01  2.27802875E-01  1.61073114E+00  3.37311103E-02
   35250  1.98608885E-01  3.26204107E-01  2.02731289E-01  1.60953170E+00  2.98358708E-02
   35300  2.14539724E-01  3.60435906E-01  1.89172319E-01  1.61783821E+00  3.33711198E-02
   35350  1.64186210E-01  3.24660048E-01  1.99013366E-01  1.62094761E+00  3.56676164E-02
   35400  1.81299765E-01  3.07916350E-01  1.67797151E-01  1.62236350E+00  2.39060187E-02
   35450  2.08625308E-01  3.71407824E-01  1.48796648E-01  1.61440377E+00  3.28724677E-02
   35500  2.24015635E-01  3.26981734E-01  1.56238754E-01  1.60786694E+00  1.17575538E-02
   35550  2.34328537E-01  3.46576094E-01  1.75125758E-01  1.60560252E+00  1.94069911E-02
   35600  2.36672352E-01  3.32424999E-01  1.71368656E-01  1.61574195E+00  1.82226031E-02
   35650  2.21946811E-01  2.97526970E-01  1.84688153E-01  1.60733060E+00  1.53476731E-02
   35700  1.67060173E-01  2.51425053E-01  1.62010222E-01  1.61137144E+00  1.60152273E-02
   35750  1.49244388E-01  2.52507131E-01  1.81600554E-01  1.61849976E+00  2.85890847E-02
   35800  1.48522324E-01  1.97346346E-01  1.19693595E-01  1.62036372E+00  1.50581595E-02
   35850  1.11293516E-01  1.95742572E-01  1.17243503E-01  1.59462529E+00  3.43980419E-02
   35900  1.25910533E-01  2.19671796E-01  1.08399407E-01  1.58758422E+00  3.26629490E-02
   35950  1.10461231E-01  1.53259809E-01  1.07680794E-01  1.60284836E+00  6.51702260E-03
   36000  1.26037876E-01  1.27852832E-01  1.56459500E-01  1.58707079E+00  4.62562243E-02
   36050  1.15490659E-01  1.65509140E-01  1.01170792E-01  1.59697274E+00  5.74153449E-02
   36100  1.59042946E-01  1.98185810E-01  8.41644402E-02  1.59503170E+00  3.88121622E-02
   36150  1.78604037E-01  2.86606604E-01  8.68746156E-02  1.61104304E+00  5.52854140E-02
   36200  1.94632818E-01  2.87581280E-01  8.71041018E-02  1.60089870E+00  2.60544957E-02
   36250  1.36798526E-01  3.00585707E-01  8.22207105E-02  1.59225758E+00  2.29266566E-02
   36300  2.12195014E-01  2.84583057E-01  9.62316206E-02  1.60244591E+00  1.64766587E-02
   36350  2.12666874E-01  3.37107495E-01  1.09851516E-01  1.61820164E+00  2.21743008E-02
   36400  2.26053031E-01  3.20059760E-01  1.40573116E-01  1.60754899E+00  9.30079892E-03
   36450  2.12835322E-01  3.04588421E-01  1.36994838E-01  1.62958463E+00  1.92536593E-02
   36500  1.72410579E-01  3.30532890E-01  1.81513331E-01  1.59262476E+00  4.92461506E-02
   36550  1.92219354E-01  3.08085494E-01  1.61981774E-01  1.59394944E+00  3.50686751E-02
   36600  1.45010618E-01  2.91938974E-01  1.83778863E-01  1.61803771E+00  3.14808281E-02
   36650  1.01056111E-01  2.08857661E-01  1.24268991E-01  1.59711002E+00  2.41376989E-02
   36700  1.12397678E-01  2.18096923E-01  1.48631884E-01  1.59221975E+00  2.66381696E-02
   36750  9.43855997E-02  1.80630674E-01  1.51239450E-01  1.57343518E+00  1.29124260E-02
   36800  1.12936086E-01  1.45184288E-01  1.44769651E-01  1.59070098E+00  2.85008421E-02
   36850  5.55015059E-02  1.33120450E-01  1.12490049E-01  1.56830252E+00  1.74970729E-02
   36900  3.08966136E-02  1.15267192E-01  8.79092118E-02  1.58835396E+00  2.90678541E-02
   36950  8.33433237E-02  1.16963039E-01  7.01431022E-02  1.58749774E+00  2.20585872E-02
   37000  1.01112308E-01  8.58213289E-02  1.14287067E-01  1.57485756E+00  1.82160086E-02
   37050  1.75159097E-01  7.40443570E-02  1.35650627E-01  1.58431016E+00  2.74954030E-02
   37100  1.73177983E-01  9.42580687E-02  1.12862618E-01  1.59321567E+00  3.35291999E-02
   37150  1.87447731E-01  6.97499582E-02  9.89284211E-02  1.59499178E+00  1.47367554E-02
   37200  2.19934882E-01  8.93753130E-02  1.43896134E-01  1.61117373E+00  2.07230675E-02
   37250  2.24218828E-01  9.26126615E-02  8.65773447E-02  1.61572277E+00  2.26546889E-02
   37300  2.24126661E-01  5.31045281E-02  1.00786534E-01  1.61074989E+00  2.01540825E-02
   37350  2.03464106E-01  4.37935790E-02  1.05927432E-01  1.60593114E+00  3.58508852E-02
   37400  2.25614940E-01  3.02617520E-02  9.17052381E-02  1.61484859E+00  1.45583371E-02
   37450  1.79274022E-01 -1.50578736E-02  7.22881128E-02  1.61187841E+00  2.00990180E-02
   37500  2.24986153E-01 -2.71760253E-02  4.77331558E-02  1.58567598E+00  4.10547589E-02
   37550  2.23139280E-01 -1.80276869E-02  4.24081154E-02  1.58015874E+00  3.14838786E-02
   37600  2.20305666E-01 -2.14167314E-02  1.63431879E-02  1.59101289E+00  1.40058079E-02
   37650  2.40008844E-01  2.25051865E-02  1.11290665E-02  1.58962528E+00  2.17593180E-02
   37700  2.54691896E-01 -2.97827572E-02  7.05670700E-02  1.58878619E+00  4.91775118E-02
   37750  2.81655137E-01  3.33759090E-03  3.47364072E-02  1.59782508E+00  2.04094594E-02
   37800  3.25566174E-01 -4.59574772E-02  1.30850025E-02  1.60568565E+00  2.07828029E-02
   37850  3.38928663E-01 -4.35424933E-02  2.74904492E-02  1.60471347E+00  1.09475416E-02
   37900  3.19526145E-01 -6.09801177E-02  1.46433273E-02  1.58807335E+00  2.58136809E-02
   37950  3.02326506E-01 -1.27640024E-01 -1.72082500E-02  1.60453476E+00  3.65762671E-02
   38000  3.25570744E-01 -7.10438281E-02 -1.67956751E-03  1.62234398E+00  1.00238385E-02
   38050  3.19908408E-01 -5.45204864E-02  2.52914072E-02  1.60860796E+00  2.10334016E-02
   38100  3.18589976E-01 -1.24791693E-02  4.62568853E-02  1.59849226E+00  1.63863875E-02
   38150  3.16216565E-01 -7.09958964E-02  1.00250153E-02  1.61858206E+00  1.59921720E-02
   38200  3.34536662E-01 -2.96774034E-02  3.93376704E-02  1.63829221E+00  1.43068390E-02
   38250  3.58492867E-01  1.79174542E-02  2.67574506E-02  1.63978256E+00  2.16549646E-02
   38300  3.53643616E-01  4.76382276E-02  3.05722548E-02  1.62154007E+00  4.06524949E-02
   38350  3.28813242E-01  7.29226940E-02  4.81276172E-02  1.59639056E+00  2.69296492E-02
   38400  3.99109883E-01  8.35068686E-02  3.33748227E-02  1.59962439E+00  1.83779167E-02
   38450  4.01733882E-01  8.03027406E-02  9.11343084E-02  1.59415047E+00  2.29941134E-02
   38500  4.16363659E-01  3.38734797E-02  4.18305610E-02  1.58479090E+00  3.67389492E-02
   38550  4.56245447E-01  3.90859676E-02  1.00150174E-01  1.58900750E+00  3.38540754E-02
   38600  4.35231394E-01  4.25741643E-02  1.43511943E-01  1.59470875E+00  4.08818553E-02
   38650  4.39150116E-01  4.31817539E-02  1.89131624E-01  1.62508134E+00  2.60072512E-02
   38700  4.17470384E-01  7.76226727E-02  1.95455161E-01  1.59473097E+00  3.37103074E-02
   38750  3.49664615E-01  6.52128819E-02  2.08043274E-01  1.61354970E+00  4.02219457E-02
   38800  3.77512546E-01  8.13201153E-02  2.31066771E-01  1.61732595E+00  2.84309018E-02
   38850  3.48995258E-01  8.80593865E-02  2.72060997E-01  1.62282307E+00  1.60035515E-02
   38900  3.50430175E-01  8.48948314E-02  3.69677553E-01  1.59126766E+00  3.23409696E-02
   38950  3.13510468E-01  5.96718989E-02  3.28561251E-01  1.59703822E+00  1.34124134E-02
   39000  2.82683862E-01  4.75966481E-02  3.39330327E-01  1.61678236E+00  7.90795089E-03
   39050  2.87065525E-01  2.91967088E-02  3.13127434E-01  1.62576162E+00  2.32007251E-02
   39100  3.52388209E-01 -3.42139659E-02  3.35714884E-01  1.61843351E+00  1.34869414E-02
   39150  3.14010458E-01 -2.05168551E-02  2.93595045E-01  1.61096821E+00  1.68973263E-02
   39200  3.09633204E-01  2.72270679E-03  3.04191397E-01  1.59112413E+00  3.49019060E-02
   39250  3.18166296E-01 -3.99167158E-02  2.56995425E-01  1.61603093E+00  2.24853619E-02
   39300  2.48567269E-01 -1.41329621E-02  3.12822553E-01  1.59604703E+00  2.44055347E-02
   39350  2.30600971E-01  2.16383452E-02  3.44997642E-01  1.58991562E+00  1.89590948E-02
   39400  2.38743841E-01  1.96461623E-02  3.32792489E-01  1.58835721E+00  5.45035948E-03
   39450  2.87260434E-01 -2.30226591E-02  3.06090654E-01  1.59813383E+00  9.80218157E-03
   39500  3.21758542E-01 -2.59266285E-02  3.14482070E-01  1.60470191E+00  2.62465278E-02
   39550  3.25912735E-01 -3.61068332E-02  3.11686078E-01  1.59805227E+00  2.96503105E-02
   39600  3.30725822E-01  1.58768362E-02  4.05042352E-01  1.58945048E+00  4.25664202E-02
   39650  2.97723901E-01  2.10237665E-02  4.49704367E-01  1.59094241E+00  2.34773505E-02
   39700  2.70494437E-01  3.14007378E-02  4.46584854E-01  1.57496780E+00  3.55226362E-02
   39750  2.06307799E-01 -5.98139713E-03  3.94924768E-01  1.60328057E+00  7.27786167E-03
   39800  2.62756181E-01 -7.05787685E-03  3.83550950E-01  1.60566050E+00  1.78118757E-02
   39850  2.16736239E-01  2.19862240E-02  3.72963148E-01  1.63076307E+00  3.02051276E-02
   39900  2.09324145E-01  1.71423278E-02  3.83730031E-01  1.61003268E+00  9.70716777E-03
   39950  2.45528251E-01 -2.18848688E-02  4.41379718E-01  1.60341894E+00  2.34598466E-02
