   #Iter           <M>_x           <M>_y           <M>_z             <M>        M_{stdv}
       0  7.60189602E-02 -7.66428551E-03  2.26359680E-01  2.97331670E-01  6.80462608E-02
      50  4.86324176E-02 -1.53799619E-01 -3.76245277E-02  2.12509090E-01  9.67600353E-02
     100 -3.42028030E-02 -1.00708714E-01  1.28395918E-01  2.11116835E-01  5.19811895E-02
     150 -3.81681914E-03 -3.01976584E-02 -9.94366928E-02  1.56955061E-01  9.75224061E-02
     200  9.63274024E-02  1.21353027E-01 -2.62525773E-03  2.22006209E-01  6.33244463E-02
     250  2.61767586E-02  8.67099443E-02 -1.39368414E-01  1.82259927E-01  3.73223866E-02
     300  7.97826682E-02  1.38075703E-01 -1.40311437E-02  2.01454869E-01  5.99879608E-02
     350 -1.19697608E-01  3.46758885E-02  3.19497753E-02  1.64549081E-01  6.70159893E-02
     400 -2.07623348E-03  1.55243745E-01  6.72844857E-02  2.19149203E-01  6.81553142E-02
     450  1.03396726E-01  3.35175984E-02  8.17719293E-02  1.85567556E-01  5.97730820E-02
     500 -2.34860542E-01 -3.19213420E-02  2.68639169E-02  2.55630443E-01  8.37879566E-02
     550 -2.23166526E-02 -2.41454501E-02  1.00689977E-01  2.46242254E-01  5.52119953E-02
     600 -4.63818137E-02 -4.57675482E-02  1.32173806E-02  1.63192139E-01  7.82396592E-02
     650 -6.66854540E-02  3.34637457E-02  1.76080170E-02  1.46424273E-01  6.50442419E-02
     700 -2.75088306E-02  7.94778524E-02 -7.64262995E-04  1.81988004E-01  6.70614073E-02
     750 -2.43072444E-02 -6.21931512E-02 -1.31827076E-01  2.02034190E-01  8.69605138E-02
     800  1.04369233E-01  1.69357700E-02  5.04960489E-02  1.76424234E-01  7.65598002E-02
     850  8.04268808E-02 -1.20571244E-01  7.61514388E-02  2.09917316E-01  9.19409436E-02
     900  1.03974026E-01 -1.46121795E-01 -1.46633162E-01  2.51199584E-01  1.11015652E-01
     950  3.12784810E-03 -1.04617240E-02 -3.30413639E-02  1.57384375E-01  6.43208463E-02
    1000 -8.84781357E-02  6.55859414E-02  5.58181836E-02  1.94902819E-01  4.94434500E-02
    1050 -1.15923329E-01  6.87845259E-02  1.92748674E-02  2.34504662E-01  7.71315375E-02
    1100  5.85924439E-02  3.37341500E-02 -5.54319246E-03  1.30210941E-01  7.05500941E-02
    1150 -5.73857504E-02 -1.54082917E-01  1.63069893E-01  2.73411657E-01  1.00682417E-01
    1200 -6.17268880E-02 -1.45295677E-01  9.20557367E-02  2.83613890E-01  5.30152100E-02
    1250 -3.28671498E-02  8.04791849E-02  1.35925056E-01  2.72530046E-01  6.51690453E-02
    1300 -2.20177053E-01 -7.15137580E-02  6.29679937E-03  2.82552145E-01  1.41052529E-01
    1350 -1.94248077E-01 -8.63466708E-02  9.75370896E-02  3.00631623E-01  9.86277625E-02
    1400  2.36713020E-02  4.74444084E-02 -5.38268983E-02  1.90747955E-01  8.13321756E-02
    1450 -2.46219140E-02  1.87280435E-02  7.51313460E-02  1.59651427E-01  5.38166828E-02
    1500 -3.98338248E-02 -1.93892954E-02 -4.49069233E-02  1.81998053E-01  7.01272228E-02
    1550 -1.70079517E-01 -8.62852061E-02 -4.80028025E-02  2.52925371E-01  4.87025837E-02
    1600 -2.29240591E-01 -8.07216973E-02  2.33294760E-03  2.75320932E-01  1.00205092E-01
    1650 -4.71062765E-02 -7.04798050E-02 -8.15514581E-02  2.13260315E-01  9.09379785E-02
    1700  8.33076900E-02 -1.76045497E-01  1.55884069E-01  2.73852499E-01  7.64876740E-02
    1750  8.44055279E-02  1.30153713E-01  7.13038639E-02  2.33797925E-01  9.04644293E-02
    1800 -7.91490301E-02  8.77662841E-02 -4.25317477E-02  2.35450323E-01  9.27911614E-02
    1850  7.83253840E-02  1.05919688E-01 -5.04674317E-02  1.84659047E-01  9.74809494E-02
    1900 -5.00213734E-02 -5.29133490E-02  6.92791909E-02  1.55999422E-01  5.10982621E-02
    1950 -4.08246728E-02 -1.35863148E-01 -1.48236712E-02  2.42841763E-01  6.08232625E-02
    2000 -1.41794778E-01  4.78168324E-02 -1.05223730E-01  2.35649272E-01  1.13006896E-01
    2050 -1.03762398E-01 -8.25368032E-02  4.92403642E-02  2.27850162E-01  8.96552611E-02
    2100 -1.17907722E-01 -1.89072561E-01  1.25695966E-02  2.81746534E-01  9.44637875E-02
    2150 -8.93375522E-02 -1.38706691E-01 -4.89445099E-02  2.88264988E-01  6.68718371E-02
    2200 -4.63211961E-03  6.81951653E-02 -8.85451718E-02  2.22263154E-01  1.05148751E-01
    2250 -2.67597220E-02  1.93404301E-03  9.06615085E-02  2.31741624E-01  1.07745713E-01
    2300 -5.92567687E-02 -1.22128423E-02 -4.67206823E-02  1.85888348E-01  5.38303924E-02
    2350  1.84337941E-02  6.12237207E-02 -2.82426737E-02  2.22567113E-01  9.17846096E-03
    2400  1.09741055E-01 -8.69111767E-02 -1.11001945E-02  2.54587677E-01  7.12433793E-02
    2450 -1.79373421E-02 -4.82757085E-02 -6.99824946E-02  1.93914342E-01  5.82903090E-02
    2500 -3.59380483E-02  9.06601173E-02 -2.84270595E-01  3.23297190E-01  7.63486302E-02
    2550  1.47460711E-02 -1.33567336E-02 -2.20667284E-02  1.44512060E-01  4.92104957E-02
    2600 -3.54991457E-02 -8.52754694E-02 -2.48614322E-02  1.65246838E-01  6.14244237E-02
    2650 -4.42058312E-03  1.03877124E-01 -8.03021278E-02  1.98539738E-01  4.26453015E-02
    2700  1.41583289E-01  1.39182088E-01  4.61179523E-05  2.52640927E-01  5.76701211E-02
    2750 -4.50342840E-03  1.00706709E-01 -1.98722941E-02  2.45547556E-01  4.81729891E-02
    2800  5.64156058E-02  7.58543723E-02 -7.38064557E-02  1.86308451E-01  6.60917949E-02
    2850  4.49129652E-02  3.00030374E-02 -2.64270624E-02  1.81095528E-01  7.02097103E-02
    2900  8.21586201E-02  1.10472558E-01 -9.77776739E-02  2.27723725E-01  4.20326441E-02
    2950  7.65612445E-02 -1.25184373E-01 -1.02766924E-01  1.97343489E-01  1.06304040E-01
    3000  8.36147788E-02  3.20618009E-02 -5.38826506E-02  2.33307424E-01  4.80827613E-02
    3050 -5.77718292E-02 -4.96864776E-02  3.92167122E-02  1.63124515E-01  3.02323903E-02
    3100 -7.58861396E-02 -1.90027520E-01  1.12198037E-02  2.30929409E-01  8.82037835E-02
    3150 -1.46629997E-03  1.74957429E-02 -3.97885269E-02  1.75948165E-01  5.91224804E-02
    3200 -8.92242667E-03  1.19830097E-01 -3.78963893E-02  1.99267530E-01  7.81622029E-02
    3250  6.04747628E-03  6.90456802E-02 -6.29147395E-02  2.25228091E-01  1.40294788E-01
    3300 -6.77253792E-02  2.60927513E-02  5.71111111E-02  1.55653079E-01  4.07788741E-02
    3350  7.39664528E-02  5.36549953E-02  6.20124232E-02  1.95037242E-01  1.33527189E-01
    3400  1.84303275E-02  1.10767500E-01 -7.68832130E-02  2.09502094E-01  8.94898015E-02
    3450 -2.86402611E-02  1.13801298E-01 -2.96758822E-02  2.19226241E-01  9.42310432E-02
    3500  8.31134056E-02  8.89597439E-02  1.23202926E-01  2.40747808E-01  1.02610384E-01
    3550  6.76269042E-02  2.03705375E-02  9.15855656E-02  2.66214798E-01  5.95881121E-02
    3600 -9.94576915E-02  2.55077324E-02  5.56352247E-04  1.95158310E-01  2.41342990E-02
    3650 -7.18821780E-02  6.59419285E-02 -1.50304668E-02  2.18621396E-01  6.40110692E-02
    3700 -7.58234825E-02 -1.21304648E-01  1.65544216E-02  2.57860316E-01  7.30826299E-02
    3750  9.81469026E-02 -1.68755351E-02 -5.75165998E-02  2.29110102E-01  4.92355900E-02
    3800 -3.28711422E-03 -1.78908016E-02 -4.65098669E-02  1.51576008E-01  7.47438991E-02
    3850 -8.46493479E-02 -3.26329587E-02  4.14175007E-03  1.58172446E-01  5.66699809E-02
    3900 -6.54989271E-02 -1.41296978E-03 -2.01308793E-02  2.11387102E-01  8.93971180E-02
    3950  2.37018251E-02 -4.97792401E-02  1.63432943E-01  2.46812833E-01  9.41170872E-02
    4000  6.09213169E-02 -6.83366916E-04  2.85498515E-02  2.13419658E-01  6.49350205E-02
    4050  1.06480760E-01  2.50101344E-02 -2.17620108E-02  2.37048965E-01  9.02038086E-02
    4100  2.62587779E-02 -1.34538289E-01  1.38425272E-01  2.15838605E-01  4.27440067E-02
    4150 -3.33062633E-02 -1.22354027E-01  1.71082077E-01  2.77512331E-01  1.06764235E-01
    4200  7.14411721E-02  1.26200104E-01 -4.60232002E-02  2.15773990E-01  7.15561251E-02
    4250  2.64887085E-02  3.83900812E-02  6.40197896E-02  1.95891768E-01  1.33209981E-01
    4300 -6.32166726E-03  4.60149831E-02 -1.85220868E-02  1.84416814E-01  5.27512359E-02
    4350  7.65854137E-02 -6.85941409E-02  3.69699743E-02  1.95725823E-01  9.15340751E-02
    4400  1.74924642E-02  4.12737903E-02  4.77583942E-02  2.05991066E-01  9.46989525E-02
    4450  1.63269764E-01  3.11852180E-02  2.56153648E-02  2.12779713E-01  7.02314876E-02
    4500 -6.25524888E-02 -8.84201293E-02  2.96281640E-02  1.70028880E-01  9.01240001E-02
    4550  8.76756587E-02 -9.96171696E-02  1.15266315E-01  2.76529891E-01  4.96742409E-02
    4600 -7.19329825E-02 -8.41816809E-04  7.21190105E-02  1.30176656E-01  8.27329542E-02
    4650 -3.49242086E-02 -1.20498633E-02 -4.68882780E-02  1.40953073E-01  5.24984528E-02
    4700 -9.80886908E-02  3.03619942E-02  2.45496549E-02  1.71449499E-01  2.34332711E-02
    4750 -5.56914804E-02  1.01955871E-01 -8.96005347E-02  2.41174478E-01  5.66827695E-02
    4800  4.34017635E-02  1.19531356E-01  9.71558783E-02  2.54123569E-01  6.82664194E-02
    4850  6.99760100E-02  3.72758993E-02 -3.70465704E-02  1.34708291E-01  7.79141555E-02
    4900  4.65654098E-02 -1.42760108E-02 -1.33697284E-02  1.35093430E-01  3.89644977E-02
    4950  1.45805183E-01  1.26322373E-01 -1.52737392E-01  2.74954813E-01  8.69318811E-02
    5000  4.21238380E-02  1.31083303E-01  6.98213774E-02  1.67890443E-01  6.62779374E-02
    5050  1.07493077E-01  1.25120357E-01  4.09529603E-02  2.53608309E-01  8.31345711E-02
    5100  1.16762156E-01 -4.07953193E-02  1.71892920E-01  2.75677320E-01  4.43204038E-02
    5150 -9.71207766E-03 -2.01431972E-02 -1.36850937E-01  1.79215396E-01  6.55275959E-02
    5200  5.61498437E-02 -6.60920185E-02 -1.19167006E-01  2.06213098E-01  7.86242385E-02
    5250  7.73382692E-02  6.01545479E-02 -8.90176414E-02  1.62215197E-01  6.40109458E-02
    5300  5.32954236E-02 -1.39176100E-02 -7.95948735E-02  1.44627711E-01  3.17458566E-02
    5350 -7.74319842E-02  1.28135876E-03 -1.09933508E-01  1.76282785E-01  4.54892359E-02
    5400 -1.10349168E-01 -1.19894753E-01 -8.18508835E-02  2.10742066E-01  2.80717155E-02
    5450 -8.46660945E-02 -1.60209120E-01  6.37176894E-02  2.14974779E-01  5.82429119E-02
    5500 -9.92504280E-02 -1.29703746E-01 -6.64546484E-02  2.10614300E-01  5.04561599E-02
    5550 -9.37221975E-02 -1.56797414E-01 -1.33067905E-02  2.46478166E-01  6.72751404E-02
    5600 -1.65724392E-01  6.82392264E-02 -1.45985720E-01  2.93507385E-01  1.06077246E-01
    5650  4.63202581E-02  3.71048470E-02  7.34873107E-02  1.65385147E-01  6.87445345E-02
    5700  4.21459995E-02 -5.97005876E-05  4.02164092E-02  1.72021448E-01  4.03715528E-02
    5750  6.70550357E-02  5.33424292E-02  4.37028125E-02  1.60501916E-01  7.57977132E-02
    5800 -5.68722197E-02  9.34239300E-02  7.81087366E-02  1.74091709E-01  5.69447018E-02
    5850  6.73499261E-02 -2.12087798E-02  6.21341438E-02  2.48626229E-01  8.79095771E-02
    5900 -1.25386705E-01 -1.30160572E-01 -1.12740991E-01  2.76790796E-01  5.35036411E-02
    5950 -6.43892430E-02  1.74107073E-02 -8.95874398E-02  1.83820225E-01  5.06817252E-02
    6000 -1.59419160E-02  8.38387799E-02 -1.81718444E-01  3.35308228E-01  9.35109431E-02
    6050  3.56770801E-02 -5.63464030E-02 -1.48177180E-01  2.32966979E-01  1.01807936E-01
    6100  1.18371331E-02  1.03046767E-01 -1.56735577E-01  2.15687590E-01  6.00998953E-02
    6150  8.76552579E-02  6.61507448E-02 -1.11242999E-01  1.97324005E-01  7.07076636E-02
    6200 -7.88230605E-03  1.78852191E-01 -2.46188540E-01  3.45776043E-01  1.26958433E-01
    6250  7.12277976E-02  1.32435451E-01 -6.62191375E-02  2.25626839E-01  6.62520468E-02
    6300 -3.98813029E-03  1.28127783E-01  1.88132372E-02  2.14410978E-01  4.70105159E-02
    6350  6.20946999E-02  8.28060966E-02 -8.30311909E-02  1.79085617E-01  9.23763435E-02
    6400 -4.22159605E-02  2.58399420E-02 -6.01580557E-02  1.99974458E-01  4.30426814E-02
    6450  6.69584609E-02 -6.24925553E-02 -6.44464288E-02  1.53453680E-01  6.97807774E-02
    6500  6.54024722E-02  1.01252323E-01  9.79047566E-02  1.99578525E-01  5.81838940E-02
    6550  1.10297026E-01 -2.02266752E-02  3.73055436E-02  2.01519350E-01  2.09723212E-02
    6600 -1.09480763E-02  1.00402574E-01 -4.48169925E-02  2.33383085E-01  2.44963559E-02
    6650  8.09970315E-02  1.84915750E-02  1.37199291E-01  2.48621453E-01  3.08287058E-02
    6700 -1.01056051E-02  5.20123780E-02  8.26253956E-02  1.99394058E-01  6.45721052E-02
    6750 -8.35535175E-03  1.55309268E-02 -7.22593439E-02  1.42916829E-01  7.42375612E-02
    6800 -1.13662643E-04 -3.62200150E-02 -1.10673939E-01  1.79844774E-01  4.52369827E-02
    6850 -3.11605368E-02 -1.90935284E-03 -8.87995255E-04  1.67813965E-01  9.97110889E-02
    6900  9.08880403E-02  3.72245224E-02  6.37522429E-02  2.41177033E-01  8.68381771E-02
    6950  9.16739071E-02 -1.37104450E-01  1.00309581E-01  2.41325954E-01  1.30668581E-01
    7000  6.52462398E-03 -3.07979498E-02  6.35391176E-02  1.66883899E-01  8.67881253E-02
    7050 -1.94254322E-02  5.40165468E-02 -1.79972481E-01  2.31607778E-01  1.11924183E-01
    7100  1.46577556E-01 -5.55662404E-02  1.04528975E-02  2.02182379E-01  1.28653355E-01
    7150 -2.65249017E-03 -8.52423246E-02 -1.30006491E-01  1.88467002E-01  1.13695634E-01
    7200 -7.91566937E-02 -1.51900134E-01 -1.06623857E-01  2.31566032E-01  6.66116915E-02
    7250 -1.24896889E-02 -8.68196855E-02  5.89228485E-02  1.98628781E-01  5.43230789E-02
    7300  5.46815687E-02  5.10485996E-02  1.30641746E-01  2.21597277E-01  1.13164328E-01
    7350 -4.06945903E-03 -8.68122575E-03  3.95559051E-02  2.13410182E-01  8.65160016E-02
    7400 -1.07353432E-01  6.86354942E-02  5.18786873E-02  2.28178106E-01  1.28579984E-01
    7450 -1.66428543E-01  1.54301353E-02  1.04612095E-01  2.56496017E-01  6.94842021E-02
    7500 -5.36410442E-02 -7.97055123E-02  1.54186023E-01  2.04977436E-01  9.67241785E-02
    7550  3.77325764E-03 -1.24390560E-01 -5.00728305E-02  1.97539949E-01  4.15721242E-02
    7600  8.56335458E-02 -1.37771347E-01 -1.30041120E-01  2.32327655E-01  2.02271811E-02
    7650  5.04716815E-03  6.31376663E-02 -4.49092947E-03  1.40017082E-01  5.25890901E-02
    7700  2.41437843E-02  4.18089810E-02  4.11496945E-02  1.70250304E-01  5.12103674E-02
    7750 -1.50222531E-01 -1.13290469E-01  1.10300433E-02  2.38327222E-01  2.24118315E-02
    7800 -3.09298300E-03 -1.04521818E-01  5.45964325E-02  2.04057604E-01  5.54022141E-02
    7850  9.48203762E-02 -1.98383946E-01 -2.06817506E-02  2.62705479E-01  1.07822329E-01
    7900 -1.35633552E-03 -2.72741578E-01 -1.21405721E-02  3.06763721E-01  1.43305794E-01
    7950  8.34083591E-02 -3.05653130E-01 -1.12858726E-01  3.71353898E-01  6.84783190E-02
    8000 -1.19849284E-01 -9.22305103E-02 -1.52723761E-01  2.57957130E-01  5.30585214E-02
    8050 -3.58768675E-02 -7.17798739E-03 -1.46151264E-01  2.34126277E-01  6.20608859E-02
    8100  4.72985739E-02 -4.89822964E-02  2.83692419E-02  1.64392204E-01  7.53785536E-02
    8150 -9.64914402E-02 -3.06496651E-03  5.27313985E-02  2.38736112E-01  7.05070844E-02
    8200 -3.37401969E-02 -9.62243902E-02  4.43558912E-02  2.14998754E-01  7.57575067E-02
    8250 -3.13818212E-02  7.65673175E-02 -1.25606374E-02  1.98903128E-01  1.06606569E-01
    8300  3.21438748E-02  9.31855717E-02  4.20154218E-02  2.15926041E-01  3.51980131E-02
    8350  2.39474881E-01 -1.59272440E-02 -2.66517433E-02  2.50605990E-01  5.61638411E-02
    8400  1.34567953E-01  2.98548855E-02  1.52571125E-03  2.02967373E-01  7.55234637E-02
    8450  1.70500862E-01 -1.79399971E-01  3.16592766E-02  2.70369972E-01  8.03228349E-02
    8500 -6.54520249E-02 -2.01944007E-01 -1.15338006E-01  3.26364070E-01  1.08855403E-01
    8550 -1.23248542E-01 -1.90747871E-01 -3.66795974E-02  3.15184231E-01  1.40763940E-01
    8600 -3.25429548E-02  6.71078493E-02  1.60730616E-02  2.77332156E-01  6.58395604E-02
    8650 -2.09321490E-02 -2.12208652E-02  7.66870237E-02  1.98213426E-01  5.48489108E-02
    8700 -2.58564607E-02 -1.52599243E-02  2.11805506E-02  1.64627082E-01  3.58020134E-02
    8750 -2.19278247E-02 -1.19896082E-01 -1.26790273E-01  2.44483408E-01  9.09323598E-02
    8800  1.30080324E-01  6.90762380E-02 -6.23845717E-03  2.40210708E-01  1.02816689E-01
    8850  5.26501836E-02  1.23028692E-01  3.59818815E-02  2.06540762E-01  1.03868853E-01
    8900 -5.79076478E-02  7.77427707E-03  5.14992942E-02  1.91892205E-01  7.87078755E-02
    8950 -5.16259794E-02 -1.23052729E-01  1.79788898E-02  2.01572795E-01  5.50005958E-02
    9000 -8.33355565E-02  6.17358451E-02  3.64432662E-03  1.56164837E-01  1.81781788E-02
    9050 -2.17150003E-01  6.67603795E-02 -5.57477921E-02  2.60594668E-01  1.25447543E-01
    9100  3.77044748E-02 -4.84416908E-02  8.65534504E-03  1.80262186E-01  4.09263262E-02
    9150  1.14369236E-01 -1.17855565E-01  2.95868594E-02  2.47414037E-01  1.13262756E-01
    9200 -7.94675710E-02  9.49652488E-03 -1.81943880E-02  1.61404163E-01  7.11733847E-02
    9250 -1.25886605E-01 -2.71868100E-03  4.74402829E-03  1.98189507E-01  3.57117182E-02
    9300  1.34616349E-01 -9.00372619E-03  1.27527696E-01  2.43761067E-01  5.95437856E-02
    9350 -4.74950486E-02  6.63480615E-03  2.11631280E-02  1.94837474E-01  7.09349118E-02
    9400  1.57719226E-02  1.95727223E-02  1.09434438E-02  1.46673638E-01  3.27599559E-02
    9450  1.08155314E-02 -1.60584268E-01  9.86972298E-02  2.14882109E-01  7.24113591E-02
    9500  1.46798957E-01  4.43188618E-03 -3.15572391E-03  2.53990093E-01  8.17790483E-02
    9550 -2.51828919E-02 -1.60209927E-02 -7.17647164E-02  1.87257450E-01  7.80928895E-02
    9600  7.66530896E-02  4.30285730E-04  4.55925833E-02  1.80192012E-01  5.46094598E-02
    9650 -7.35704800E-02 -1.10470481E-01 -3.13510501E-02  2.03046051E-01  9.96970545E-02
    9700 -1.49646891E-01 -6.51887345E-02  3.28088724E-02  1.98521780E-01  4.93824665E-02
    9750  4.76240437E-02 -1.07862635E-01 -3.15505808E-02  1.75004871E-01  7.70073829E-02
    9800  1.71419507E-01  4.01185387E-02 -4.63453702E-02  2.36328265E-01  5.25553304E-02
    9850 -6.37354950E-02  1.52677897E-02 -7.02434500E-02  1.73512920E-01  5.48521216E-02
    9900 -8.25658285E-02 -2.24175936E-01  1.03508916E-01  3.06695062E-01  8.71316069E-02
    9950 -8.60606059E-02 -1.42003790E-01 -8.46350246E-02  2.60773078E-01  4.28679799E-02
   10000  2.40242266E-02 -3.46498950E-02 -1.55780060E-01  2.06916767E-01  7.07582843E-02
   10050 -6.66183848E-02 -6.95149083E-03 -5.10835240E-02  1.61312738E-01  9.38399766E-02
   10100 -1.06019663E-01 -4.73880072E-02  4.11904835E-02  1.71848635E-01  7.64160279E-02
   10150 -3.73049764E-03 -4.39829334E-02  1.05063673E-01  2.01957918E-01  8.19466353E-02
   10200 -8.46111601E-02  1.07205605E-01  4.20715470E-02  2.07878278E-01  4.18029569E-02
   10250  4.30990813E-03  2.75742298E-02 -2.37512027E-02  1.73109613E-01  8.58899967E-02
   10300  3.81924164E-02  1.47317700E-02 -4.01838433E-02  2.23699972E-01  8.79254665E-02
   10350  1.07086726E-01 -1.32378839E-01 -5.43965436E-02  2.19152350E-01  1.11749371E-01
   10400 -5.44997804E-03 -1.08959408E-01 -9.69122332E-02  2.11475963E-01  1.34212324E-01
   10450 -7.38061551E-03 -1.27594693E-01 -1.18052101E-01  2.03236617E-01  8.53896236E-02
   10500 -4.70556641E-02 -8.17144524E-02  3.26644202E-02  1.37548441E-01  6.32009212E-02
   10550 -1.35143590E-02  3.40117418E-02 -1.49583698E-02  1.33785648E-01  6.25838444E-02
   10600 -5.03584393E-02 -1.33763711E-01 -3.13761243E-02  2.01112385E-01  5.40546438E-02
   10650  2.30035113E-02 -8.99295727E-02  4.15631284E-02  1.55189959E-01  4.20012103E-02
   10700 -7.16542919E-02 -5.16953914E-02 -7.97257676E-02  1.81493398E-01  8.57126913E-02
   10750  9.71148508E-02  1.50688805E-01 -6.78538616E-02  2.84853474E-01  9.89204250E-02
   10800 -4.55960071E-02 -2.78471565E-02 -1.47826255E-01  2.48733794E-01  8.11447772E-02
   10850 -5.14485935E-02 -4.34046992E-02 -6.16202471E-02  2.15044911E-01  6.82630001E-02
   10900  4.40563573E-02 -7.73002249E-02  3.03425636E-02  1.85199426E-01  9.38262408E-02
   10950  4.35301249E-02 -1.96535393E-01 -6.94696556E-02  2.33113967E-01  3.37826181E-02
   11000  3.36150120E-03 -7.68420289E-02  6.25350726E-02  1.66596553E-01  5.03993307E-02
   11050  1.29030123E-01 -3.38124253E-02  3.90777273E-02  2.26862655E-01  1.16714688E-01
   11100  6.64276159E-02 -4.29390824E-02  1.90333651E-01  2.44820546E-01  4.66811252E-02
   11150 -7.06017464E-03 -8.47852672E-02  1.69518112E-01  2.31926470E-01  9.12201706E-02
   11200  5.85698759E-02  8.66541846E-03  1.74398453E-01  2.21953890E-01  6.79931785E-02
   11250 -8.25720306E-02 -7.88081094E-02  1.64260990E-02  1.53385266E-01  8.65071280E-02
   11300  1.56552924E-02 -8.00267727E-04  4.26045599E-02  1.05094818E-01  4.38483723E-02
   11350  1.76861288E-01 -4.79916787E-02 -1.77946875E-01  2.71581375E-01  4.26614371E-02
   11400  1.53324867E-01 -4.92911250E-02 -1.53416304E-01  2.65165321E-01  1.06429294E-01
   11450  8.84047517E-02  3.31728489E-02  3.62580037E-02  2.49160544E-01  8.08553032E-02
   11500  1.24707563E-01 -4.62938909E-02  8.46578969E-02  2.54698990E-01  6.16139506E-02
   11550  1.65570591E-02  1.74817653E-01  1.11422211E-01  2.50868304E-01  4.40930930E-02
   11600 -2.18704404E-02 -5.66065081E-02  1.10508405E-01  1.80675509E-01  3.52810556E-02
   11650  3.87870454E-02 -3.29862252E-03  1.60275800E-02  1.42997187E-01  5.65638365E-02
   11700  4.45487138E-02  8.32900569E-02  1.02079064E-01  2.32365719E-01  6.70936385E-02
   11750 -1.95947612E-02 -1.22895677E-03  8.94213341E-02  1.70089895E-01  2.20753404E-02
   11800 -1.15716027E-01 -1.19004433E-01 -7.13920412E-02  2.59098601E-01  2.48700972E-02
   11850 -1.44953891E-01 -1.52962513E-01 -7.24579859E-02  2.53084701E-01  1.19791709E-01
   11900 -1.08171804E-02 -4.69459485E-03  7.87120441E-02  1.61907089E-01  8.13353030E-02
   11950 -3.27469461E-02 -3.18278564E-02  7.91272732E-02  1.63362100E-01  1.37717596E-01
   12000 -1.25986767E-01 -9.89024590E-02  8.24159316E-02  2.57090935E-01  9.77553438E-02
   12050 -1.14605144E-01 -5.27258625E-02 -1.24975062E-02  1.52682230E-01  4.64473903E-02
   12100 -9.47727758E-02  9.35787412E-02 -8.18152104E-02  2.00180753E-01  7.90849457E-02
   12150  6.39118878E-02  3.74719301E-02  5.65255992E-02  1.86885307E-01  3.73793207E-02
   12200 -4.15880786E-02 -5.35802036E-02 -2.91904177E-03  1.60991557E-01  5.07528333E-02
   12250  1.15730555E-01 -4.46835153E-02 -7.02808165E-02  2.12698813E-01  5.06977628E-02
   12300 -1.41593504E-02  3.41846118E-02  8.98258349E-02  1.91657727E-01  7.58042797E-02
   12350  1.45216847E-01 -5.49112640E-02 -1.71608731E-02  2.02248838E-01  2.69493187E-02
   12400  1.83406744E-01  1.43700683E-01  1.33287256E-03  2.55507518E-01  1.28341976E-01
   12450  1.11526586E-01  4.39465469E-02 -2.07176808E-01  2.59852696E-01  8.65701882E-02
   12500  6.14141757E-03  9.09874465E-02 -3.04555875E-02  1.64966773E-01  7.71010078E-02
   12550 -4.24559996E-02 -1.76756685E-02  2.92434063E-02  1.57746485E-01  3.63492953E-02
   12600 -4.51161191E-03  7.10041783E-03 -2.81097557E-02  1.75004972E-01  3.84871556E-02
   12650 -1.58178773E-02 -2.71701361E-02 -1.80522543E-01  2.44749967E-01  1.04445150E-01
   12700 -1.07932815E-01  4.80760846E-02 -3.80151179E-02  2.13138210E-01  1.04803073E-01
   12750  9.54706272E-02 -4.06486566E-02 -6.66135108E-02  1.99698402E-01  6.67844045E-02
   12800  9.10854673E-02  8.56574852E-02 -9.61806409E-02  1.95668383E-01  9.75979892E-02
   12850  1.47611139E-01  1.64876527E-02 -2.88395669E-02  2.13747333E-01  7.91478298E-02
   12900  1.75385713E-01  1.67218517E-02 -1.94884400E-01  2.88599782E-01  1.07064602E-01
   12950 -1.42885814E-02  8.56536381E-02 -4.27377729E-02  1.56656829E-01  8.00343677E-02
   13000  3.63575408E-03  1.35153317E-01 -1.03463431E-01  2.62046587E-01  3.01083785E-02
   13050  2.30886824E-03  2.34140976E-01 -3.82991004E-02  2.79713712E-01  9.14312666E-02
   13100 -1.09204415E-01  8.27804048E-02  1.35297683E-01  2.85592201E-01  1.05256284E-01
   13150  7.16732678E-02 -6.16362868E-02  2.20871147E-01  2.97380398E-01  9.54253359E-02
   13200 -9.76697389E-02  2.58322303E-02  2.03327062E-02  1.49541095E-01  8.77095416E-02
   13250  1.07014912E-01 -4.71924279E-02  1.19712826E-01  2.46287948E-01  4.36215663E-02
   13300  1.84438039E-01  1.18741450E-01  1.52335098E-02  2.60153152E-01  7.66356977E-02
   13350  1.73903916E-01 -1.42538031E-01 -1.52090273E-02  2.51388973E-01  6.62137284E-02
   13400  1.66011941E-01 -1.80725180E-01 -1.53636552E-01  3.16303836E-01  1.27872795E-01
   13450  7.58850552E-02 -1.57044044E-01 -8.17325267E-03  2.09826541E-01  8.56013638E-02
   13500  1.06414987E-01  3.23976056E-02  3.31842180E-02  1.96956730E-01  6.80461130E-02
   13550  2.97697071E-02  2.63652206E-03 -1.12885860E-01  1.87998873E-01  7.49719959E-02
   13600  3.71188310E-05 -2.47710827E-02 -4.19593445E-02  1.53377488E-01  4.49143016E-02
   13650 -1.07695773E-01 -9.63259265E-02 -1.79419284E-02  2.08117510E-01  6.06031931E-02
   13700 -1.52652816E-01 -4.43939354E-02 -4.44894333E-02  2.25250924E-01  8.85458331E-02
   13750 -8.87350443E-02  1.07108778E-01  5.01691392E-02  2.57647953E-01  6.89629137E-02
   13800  6.96567225E-02  2.97738190E-02  1.64424119E-02  1.66377991E-01  6.21374357E-02
   13850  6.73686811E-02  3.57767505E-02 -2.38210512E-01  2.83987792E-01  1.60036605E-01
   13900 -3.11717546E-02  8.34720353E-02 -2.50377357E-01  2.76462972E-01  6.19732771E-02
   13950 -2.15140094E-02  4.99063314E-02  6.80306766E-03  1.20772790E-01  6.16355211E-02
   14000 -1.01324500E-01  4.56006269E-03 -6.20552115E-02  1.71291993E-01  3.51362932E-02
   14050 -8.86746025E-02  5.76673588E-02  9.13144026E-02  2.33650425E-01  9.60430856E-02
   14100  1.05167517E-01  3.22403849E-02 -9.23323450E-02  1.97629002E-01  7.42535107E-02
   14150  1.22364339E-01  3.60281193E-02 -9.97942265E-03  1.49933701E-01  2.17273498E-02
   14200  5.70331969E-02  7.71642627E-02  2.96657155E-02  1.98646358E-01  4.63645434E-02
   14250 -4.59592575E-02 -1.52899909E-02  1.10699207E-01  2.04945356E-01  1.19410629E-01
   14300  9.79845341E-02  8.89570701E-02 -7.82968969E-04  2.14929118E-01  1.02831918E-01
   14350  2.12154820E-01  4.69490014E-02 -9.69840923E-02  2.58586235E-01  7.10831434E-02
   14400  6.74993836E-02 -2.34113462E-03  7.01223581E-03  1.97785757E-01  8.24261185E-02
   14450  4.28712168E-02  1.06584824E-01 -2.76181339E-03  2.15394182E-01  9.97335469E-02
   14500  1.07872864E-01  5.22624181E-02  4.75890408E-03  2.24527619E-01  1.02146879E-01
   14550  4.95903614E-02  3.25058270E-02 -3.37133354E-02  1.60947895E-01  5.62556055E-02
   14600  1.34531012E-01 -8.06567747E-03 -7.02657634E-02  1.86907096E-01  8.20608979E-02
   14650  1.43245774E-03 -5.98976159E-02 -9.84592850E-02  1.98049631E-01  4.78116892E-02
   14700 -1.40440621E-02  2.58896338E-02  6.86795416E-02  1.77122599E-01  6.76747179E-02
   14750 -1.46077023E-01  5.48586855E-02  2.78762715E-02  2.04067449E-01  3.12443671E-02
   14800 -1.12200981E-01 -2.50140126E-02 -1.29890367E-01  2.05392913E-01  1.16870730E-01
   14850 -1.14196401E-01 -7.35865490E-02 -2.67243468E-01  3.22105424E-01  9.41028507E-02
   14900  3.54259710E-02 -7.11122353E-02 -2.12204004E-01  2.41807134E-01  8.41234054E-02
   14950 -1.02408188E-01 -7.24944481E-02 -1.44060720E-01  2.35421632E-01  6.56444383E-02
   15000 -3.25803275E-02  1.31620017E-02 -5.98842205E-03  1.79367807E-01  6.00306723E-02
   15050  1.17522274E-02  9.80088297E-02  3.46648367E-02  2.00579071E-01  7.64881132E-02
   15100 -3.33807045E-02 -6.37165061E-02 -6.14237992E-02  1.88033607E-01  6.15566097E-02
   15150  6.24549016E-02 -1.26811956E-01  4.83251810E-02  2.11383629E-01  1.09686408E-01
   15200 -5.47147967E-02  1.08200117E-01  3.72650659E-02  2.06960029E-01  4.91732341E-02
   15250 -1.63469392E-02  4.50332621E-02  4.77854860E-02  1.91383500E-01  1.18115052E-01
   15300  6.52331963E-02  5.96385363E-02  7.62952197E-02  1.67171523E-01  8.85899194E-02
   15350 -3.79583178E-02  1.85559291E-03  9.31159929E-02  1.55637663E-01  8.26992438E-02
   15400  4.04525388E-02  8.11003504E-02  2.32909148E-01  3.11132301E-01  9.40848152E-02
   15450  2.03657763E-01  3.26831636E-02  1.88804050E-01  2.94289390E-01  1.04610595E-01
   15500 -3.26982087E-02  4.07786477E-02  1.07219647E-01  1.86571676E-01  5.73176792E-02
   15550 -1.27583686E-01 -4.50471600E-02 -5.42812156E-02  2.12400648E-01  5.17282504E-02
   15600 -4.90753311E-02 -2.23590342E-04  1.58387537E-01  2.53632240E-01  7.88915408E-02
   15650  4.84152979E-02  5.94895131E-02 -2.57119924E-02  1.60187196E-01  6.14662799E-02
   15700 -2.91270476E-02 -5.42718082E-02 -4.84949822E-02  1.80206893E-01  6.42030885E-02
   15750 -3.91927621E-02 -2.72816429E-02 -5.53695657E-02  1.93014262E-01  8.37801356E-02
   15800 -6.85588695E-02  1.26547025E-01  2.13573379E-02  1.87038118E-01  8.19650136E-02
   15850 -2.26214735E-01 -1.22888628E-02  1.53206444E-02  2.73641901E-01  9.36983805E-02
   15900 -2.34793227E-02  4.95174072E-02  6.39168237E-03  1.72312266E-01  7.58760319E-02
   15950 -1.94433621E-01  7.28465279E-02 -1.18033098E-01  2.82217326E-01  1.46598633E-01
   16000  9.01587146E-03  7.34689083E-02 -9.31692038E-02  1.97031151E-01  6.78385493E-02
   16050  1.64124173E-01  5.74005657E-02  1.29766009E-02  2.47200703E-01  5.28593455E-02
   16100  3.76355549E-02  4.16294813E-02 -2.52899047E-02  1.71164486E-01  5.37362937E-02
   16150  1.04222296E-02 -4.16126441E-02 -6.97960806E-02  1.98105068E-01  7.19732848E-02
   16200 -5.10152993E-02  3.97939814E-02  4.25499640E-02  1.38302477E-01  4.32121054E-02
   16250  3.63698244E-02  8.11211654E-02  8.70355662E-02  1.85974943E-01  9.39173085E-02
   16300  9.44923743E-02 -2.04666619E-02  1.28032118E-01  2.13845380E-01  6.54709899E-02
   16350 -3.21344937E-03 -7.15626484E-02  7.30213060E-02  2.23394476E-01  1.04419602E-01
   16400  1.98910189E-02  1.07692632E-01 -4.02431720E-02  1.76948521E-01  8.23263405E-02
   16450 -1.33595677E-01  9.51511526E-02  6.00087639E-02  2.19380552E-01  2.81207440E-02
   16500  9.46168876E-03  5.19876600E-03  4.39515588E-02  1.60832991E-01  6.10742935E-02
   16550 -7.53672091E-02 -7.43552289E-02 -9.19754092E-04  2.34575692E-01  8.94335354E-02
   16600 -1.24376285E-01 -9.89651289E-04 -4.33487870E-02  2.25759377E-01  1.06592215E-01
   16650  1.00565927E-02  7.47859623E-02 -8.53006397E-02  2.29727824E-01  9.25283506E-02
   16700 -2.45179443E-02  8.39162867E-02  1.70915383E-01  2.30331131E-01  6.45066842E-02
   16750 -7.43383479E-02 -8.19088563E-02  3.92299930E-02  2.22916477E-01  7.68067265E-02
   16800  2.57758202E-02  8.45480315E-02  7.45619079E-02  2.23200638E-01  5.13336922E-02
   16850 -2.88154305E-02 -2.71398631E-02  2.03214716E-01  2.39682388E-01  6.91178416E-02
   16900  8.42579046E-02  9.22932121E-02 -2.78735305E-02  1.98552843E-01  7.43420479E-02
   16950  2.32494299E-02 -1.06289412E-01 -3.92604322E-02  2.30897187E-01  2.22877726E-02
   17000 -1.12301266E-01 -8.52578036E-02  3.33919904E-02  1.96138070E-01  6.01733798E-02
   17050 -1.30531831E-01 -9.44782482E-02 -3.09452085E-02  2.20512280E-01  3.97636935E-02
   17100 -5.12859742E-02 -6.60795456E-02  1.60506706E-01  2.35445077E-01  1.01109694E-01
   17150 -8.27660120E-02  1.41014621E-01  1.73995813E-02  2.05376062E-01  8.49512836E-02
   17200  3.78935465E-02  5.59648570E-02  1.05309350E-01  1.97143097E-01  4.58188285E-02
   17250  8.11712783E-02 -3.80697123E-02  5.37012010E-02  2.15037058E-01  6.59565270E-02
   17300  1.29506012E-02  7.56999130E-02  1.26682450E-01  2.82542562E-01  5.12882637E-02
   17350  6.92604633E-02 -9.61943978E-02  1.99251603E-03  2.14973569E-01  6.96646416E-02
   17400  3.90474564E-02  4.72814757E-02 -1.69770730E-01  2.28642500E-01  9.27401542E-02
   17450 -1.02583503E-01 -2.38720241E-03 -1.17767860E-01  2.03378318E-01  9.20818247E-02
   17500 -6.42977851E-02 -4.16013088E-02 -7.91008000E-02  1.86503481E-01  5.33982658E-02
   17550 -7.57888397E-02  1.21704349E-03  5.93197414E-02  2.73241250E-01  4.67691591E-02
   17600 -1.45213711E-01 -1.27086899E-02  1.67911747E-02  2.44397345E-01  9.77985700E-02
   17650 -9.16846789E-02 -1.11095811E-01  2.75141911E-02  2.53884064E-01  1.06119154E-01
   17700 -9.29132702E-02  4.66859154E-02  1.85344769E-01  2.58603551E-01  7.90999709E-02
   17750  1.02139070E-01  1.25074659E-01  6.63055459E-02  2.54111067E-01  1.12021786E-01
   17800  1.96349105E-01  1.27930902E-01  3.96039586E-02  2.92026464E-01  8.54599202E-02
   17850 -1.80749937E-02  1.50242710E-01  2.06165610E-02  2.18474344E-01  9.25730723E-02
   17900  8.77621155E-02 -3.27795068E-02 -1.42300702E-02  1.80368617E-01  5.09544982E-02
   17950 -5.90920657E-02 -6.70986566E-02 -1.81754088E-01  2.35113980E-01  7.05964760E-02
   18000 -5.58143977E-03  6.10836071E-03 -1.48185319E-01  1.91133595E-01  5.22906364E-02
   18050 -2.06667103E-02  5.77819786E-02 -9.88166370E-02  2.18538867E-01  8.11445641E-02
   18100  1.82883970E-02  8.24014007E-02  1.72673525E-01  2.25926013E-01  9.51706813E-02
   18150 -2.17293016E-03  1.01096419E-01  8.43760467E-02  2.20353804E-01  5.44125583E-02
   18200  1.17735505E-02  1.03471755E-01  8.84311630E-02  2.51177066E-01  5.74830010E-02
   18250  1.21437471E-02  7.12998174E-02 -7.30705969E-02  1.36551933E-01  5.05551609E-02
   18300  7.87207256E-02 -1.00183643E-01  9.61967521E-02  2.28235333E-01  1.09078173E-01
   18350 -8.90045047E-02  2.74751025E-02 -6.42642232E-02  1.69369466E-01  8.47675589E-02
   18400  3.92329703E-05 -3.76515211E-03 -2.56356634E-02  2.17340205E-01  6.71883231E-02
   18450  3.17086336E-02 -6.75907346E-02 -5.93007406E-02  2.68853037E-01  6.60290090E-02
   18500 -1.03949252E-01 -9.75960923E-02  6.37357327E-02  2.03498688E-01  9.18830840E-02
   18550 -7.34523264E-02 -3.61081422E-02  2.56813015E-02  1.53043870E-01  2.62431023E-02
   18600  1.11732419E-02  2.75817480E-02  8.45387458E-02  1.79969813E-01  7.75622165E-02
   18650  5.65888507E-02  1.22884248E-02 -8.89633055E-02  2.03981305E-01  7.64171794E-02
   18700  3.94052564E-02  1.00239505E-01  4.38515793E-02  1.95721409E-01  7.03835626E-02
   18750  1.53777553E-01  5.84710082E-02  2.38158810E-02  2.12259684E-01  1.11438633E-01
   18800 -7.53166817E-02  9.07292360E-02 -1.03595769E-01  1.80629552E-01  6.59629545E-02
   18850  1.41273828E-01  1.66359998E-02 -3.50518091E-02  2.07849497E-01  7.12058893E-02
   18900  5.10036656E-02 -2.48700839E-02  5.10607172E-02  1.40409643E-01  4.61651576E-02
   18950  1.36924969E-01  1.07724393E-01  6.51467686E-02  2.32538090E-01  7.32642295E-02
   19000 -1.90584456E-02 -9.80358248E-02  1.38409758E-01  2.25600753E-01  8.98690713E-02
   19050  3.46922148E-02 -3.61671500E-02 -6.05800661E-02  1.73866082E-01  8.54900125E-02
   19100 -4.07886729E-02  1.12187491E-02  4.36712264E-02  1.71342528E-01  5.15993091E-02
   19150  1.53763106E-01 -1.73615046E-02 -7.94899339E-02  2.72653429E-01  9.54012895E-02
   19200 -1.85472594E-01 -1.49625605E-01  1.31188243E-03  2.62707393E-01  4.40562619E-02
   19250  4.13383797E-02  1.27068203E-01 -6.84466897E-02  2.05095036E-01  5.27685001E-02
   19300  1.11825119E-01 -3.08433121E-02  4.52534388E-03  2.17884686E-01  7.82707105E-02
   19350 -1.83903559E-02 -3.37126171E-02 -8.29021004E-02  1.89396165E-01  5.66568754E-02
   19400  6.39188624E-02 -3.22010366E-02  7.97359397E-02  1.92946737E-01  4.17372544E-02
   19450 -3.50815614E-03  5.00787773E-02  5.77282560E-02  2.16699035E-01  1.07737411E-01
   19500 -8.72224739E-04  6.82247698E-02  2.95666319E-02  2.02727707E-01  6.04278678E-02
   19550  2.56893606E-02 -1.26294107E-01  1.12280085E-01  1.91826091E-01  4.84225940E-02
   19600  1.38011431E-01 -1.22013044E-01  8.44015325E-02  2.83580717E-01  6.37977428E-02
   19650  5.77309983E-02  4.78995319E-02  8.09638588E-02  1.68256000E-01  6.88044840E-02
   19700  9.23655211E-02  9.20487793E-02 -6.63391303E-02  2.25261419E-01  4.91036874E-02
   19750  1.18506268E-03  1.68989508E-01  1.71334488E-01  2.59834604E-01  6.59689864E-02
   19800  6.41011964E-02  1.27488637E-02  7.94110969E-02  1.83675890E-01  8.34833522E-02
   19850  7.04990977E-02 -9.87304081E-03  9.30709131E-02  1.52561168E-01  8.82097306E-02
   19900  4.75163808E-02 -3.89563260E-02  2.41948320E-02  1.46476905E-01  6.41551667E-02
   19950  1.43560284E-02 -1.07129103E-01  5.15473598E-02  1.79738159E-01  7.96591261E-02
   20000  1.36675031E-01  3.88477282E-02  1.35692708E-02  2.80323961E-01  1.29483700E-01
   20050  7.79628101E-02 -1.11530153E-02 -3.12057662E-02  2.29853128E-01  1.04648567E-01
   20100  2.17408735E-02 -2.40089734E-02 -1.19322452E-01  1.56104504E-01  5.29137648E-02
   20150 -1.36389931E-02  2.61572884E-02 -3.07958528E-02  1.23954419E-01  5.46381828E-02
   20200 -5.39915755E-03  2.43327483E-02 -1.23016800E-01  2.63321346E-01  9.40002771E-02
   20250  2.35154146E-02  2.05430952E-01 -1.08420389E-01  2.81066847E-01  1.10322755E-01
   20300  4.39953653E-02  1.15512631E-01 -5.18315785E-02  2.25973937E-01  3.83439419E-02
   20350 -3.86906277E-02  1.87645930E-02 -1.30352126E-01  1.98936158E-01  7.58010438E-02
   20400  9.92833670E-02  5.17269903E-02 -1.35829791E-01  2.45421910E-01  8.73477472E-02
   20450  1.26370018E-01  2.33238643E-02 -8.82593978E-02  2.39436686E-01  1.00370597E-01
   20500  6.82436682E-02 -1.37272968E-02 -9.71045106E-02  1.97183882E-01  9.41638936E-02
   20550 -2.45595096E-02  1.18444129E-01 -1.23446664E-02  2.08068508E-01  4.23687735E-02
   20600 -5.44639571E-02  1.47560310E-01 -6.55539884E-02  1.88911836E-01  6.66647832E-02
   20650 -1.31772681E-02  1.42136084E-01  3.28844935E-03  2.27059490E-01  1.10623246E-01
   20700  9.63138600E-03  1.30186643E-01 -8.56315494E-02  2.56933690E-01  9.92558425E-02
   20750 -3.22856458E-02  6.69702272E-02 -9.49910516E-02  1.87483629E-01  5.13687047E-02
   20800  1.15963813E-01 -4.39816595E-02  1.58991182E-01  2.25410003E-01  9.45587920E-02
   20850 -2.85026237E-02 -5.55898632E-02  4.88057377E-02  1.65383040E-01  5.96791427E-02
   20900  3.17227498E-02  1.45197076E-01 -1.34499309E-02  1.56476872E-01  8.11675537E-02
   20950  1.11364654E-02 -1.85879964E-01 -4.70613459E-02  2.22309025E-01  3.83560851E-02
   21000  1.29042423E-02 -8.84715568E-02  5.96525873E-02  2.56169457E-01  1.11084993E-01
   21050 -3.30427583E-02 -1.13496796E-01 -7.36326515E-02  2.11007879E-01  8.83844680E-02
   21100  1.05667302E-01 -3.59868660E-02  6.39390182E-02  2.08297647E-01  7.04627709E-02
   21150  1.44480885E-01 -3.05017365E-02  5.25202924E-02  2.70785144E-01  1.04085232E-01
   21200  1.98136131E-01 -7.07946266E-03  1.52353901E-01  2.91859670E-01  1.15077565E-01
   21250  1.65323129E-01  9.03400446E-02  5.16693798E-02  2.44198750E-01  5.61175936E-02
   21300 -5.13407097E-02  4.06151295E-02  7.42028102E-03  1.51877347E-01  5.22453692E-02
   21350 -2.78461584E-01  1.58980685E-02  4.55981342E-02  3.19723614E-01  5.67170479E-02
   21400 -1.78970381E-02  6.07623489E-02 -4.17015492E-02  2.34367884E-01  7.41344112E-02
   21450 -1.47270063E-02  1.23026841E-01  1.18344207E-01  2.05175815E-01  1.21622904E-01
   21500 -1.25707345E-03  1.81117643E-02 -9.09955415E-03  1.80427989E-01  1.01404440E-01
   21550 -1.63490508E-02  1.16068461E-01 -1.14199055E-01  2.14272488E-01  1.01378402E-01
   21600 -6.47465510E-02  5.64078366E-02 -7.97494258E-02  2.06191342E-01  9.16425534E-02
   21650 -5.11054828E-03  1.20026662E-01  1.71573970E-02  1.79649138E-01  7.82341473E-02
   21700  1.73144775E-02  3.28641751E-02 -7.41816962E-02  1.56138066E-01  4.53397742E-02
   21750  1.57659269E-02  1.03572175E-01  8.53031715E-02  1.98927107E-01  8.87656632E-02
   21800  3.84542587E-02 -1.77251498E-02 -4.18885418E-02  2.18783917E-01  6.61855560E-02
   21850 -3.01733016E-02  4.17203568E-02 -1.03784421E-01  2.20855548E-01  1.03118103E-01
   21900  1.67024714E-01  3.30610922E-02  2.72637866E-02  2.74323742E-01  1.06525291E-01
   21950  9.45873237E-02  1.52465610E-01  6.14975334E-02  2.96326726E-01  5.58100076E-02
   22000 -9.77542853E-02 -9.20906153E-02  3.04978831E-03  2.04218136E-01  8.06066974E-02
   22050 -1.66612420E-01 -8.10727304E-03 -5.14508838E-02  2.79584243E-01  1.19945601E-01
   22100 -5.92314254E-02  1.83244769E-01  1.03748127E-02  2.57072363E-01  1.11284865E-01
   22150 -4.75149538E-02  2.88826715E-02  3.18427821E-02  1.69616041E-01  7.68441474E-02
   22200  3.40963978E-02 -9.76672751E-02 -6.47538544E-02  2.05632715E-01  3.94009604E-02
   22250  3.66389138E-02  1.95816530E-02 -9.46066008E-02  2.14171837E-01  8.21997950E-02
   22300 -1.23678529E-02  8.38831885E-02  9.68156324E-02  2.04775818E-01  1.07064720E-01
   22350 -1.65790488E-01  4.14198270E-02  1.48868829E-01  2.54592668E-01  7.84113944E-02
   22400 -1.86136200E-01  1.35008123E-01  1.71450109E-01  3.29225684E-01  3.70421194E-02
   22450  3.65514441E-02 -2.91797876E-04  1.39487595E-01  1.90481063E-01  7.73746591E-02
   22500  1.37344670E-01  2.44593509E-02 -4.36231947E-02  2.24019246E-01  8.43241950E-02
   22550  1.64149357E-01 -3.95547834E-02  7.08598097E-04  2.56820926E-01  7.71060271E-02
   22600  2.28135945E-01  1.61170888E-02 -1.07358257E-01  2.86670372E-01  7.29505799E-02
   22650  4.76191804E-02 -1.81247146E-02  9.29950339E-03  1.36502273E-01  5.14492944E-02
   22700 -8.79575459E-02  4.43014833E-02  1.06062938E-01  2.31657904E-01  8.38179611E-02
   22750 -1.23129444E-02  2.78789340E-02 -9.03267460E-02  2.22097322E-01  7.10187115E-02
   22800  3.87516756E-02 -7.51457074E-02  2.05919674E-02  1.24223978E-01  6.41627468E-02
   22850  3.44350372E-02 -8.94918938E-03 -2.83942835E-02  2.16075714E-01  3.44623388E-02
   22900  6.36522140E-02 -6.31294598E-02  3.96393224E-02  1.71672879E-01  7.04423288E-02
   22950  1.60221307E-01 -2.91759369E-02  6.89876778E-02  2.40269015E-01  8.78699439E-02
   23000  7.53077720E-04 -6.44588236E-02  9.56472661E-02  1.92353472E-01  9.11438239E-02
   23050  1.09504426E-01  5.59719189E-02 -3.57099374E-02  2.15727448E-01  9.14929874E-02
   23100  3.15889683E-02 -8.82619331E-02 -3.65607700E-03  1.39283824E-01  2.88863712E-02
   23150  1.88792428E-02 -1.20538264E-01  2.64683782E-03  2.19592274E-01  1.00292507E-01
   23200  3.34663127E-02  2.81470803E-03 -4.01958454E-02  1.61564704E-01  2.37120168E-02
   23250 -5.68296096E-02 -1.17928895E-01 -4.40820845E-03  1.70102138E-01  5.74367945E-02
   23300 -1.24898342E-01 -1.11341024E-02 -2.03711112E-02  2.03356250E-01  9.45265309E-02
   23350  3.12220922E-02  3.76741446E-02 -4.72488437E-02  1.58247109E-01  4.83711745E-02
   23400 -4.23055583E-02 -8.09884267E-03 -1.76843012E-01  2.10695075E-01  5.48042465E-02
   23450 -8.93759379E-02 -1.13453818E-01 -4.06677757E-02  2.31935308E-01  6.69826614E-02
   23500 -5.66506208E-02  1.08573948E-01 -1.26337558E-01  2.20141451E-01  7.19385031E-02
   23550 -1.70494160E-02  3.35124900E-02 -1.17092931E-02  1.19839601E-01  8.32288751E-02
   23600 -2.77154042E-02  1.18343193E-01 -1.59393818E-02  1.71898603E-01  4.07698629E-02
   23650  3.94548587E-02  1.60880745E-02 -1.75386324E-02  1.69960413E-01  8.69677978E-02
   23700 -9.47395657E-02  7.29172658E-02 -5.00213542E-02  1.82008366E-01  6.80473079E-02
   23750  4.02904705E-02  4.79480724E-02  1.14632335E-01  1.91508464E-01  4.86938123E-02
   23800 -6.14894920E-02  1.83517064E-02  5.96342262E-02  1.71530672E-01  6.02168341E-02
   23850 -7.96189750E-02  1.85571649E-01  5.71608091E-02  2.46838736E-01  1.05389927E-01
   23900  5.58155419E-02  1.14891514E-03 -7.44016138E-02  1.86702682E-01  4.45620982E-02
   23950  6.79252133E-02  1.12245942E-01  5.71644495E-03  2.06959326E-01  4.53014985E-02
   24000 -2.99230599E-02  7.96228881E-02 -1.69969871E-02  1.39616552E-01  4.36580843E-02
   24050  4.74976005E-02  7.22829554E-02  1.36378679E-01  2.35957934E-01  5.33161936E-02
   24100  9.94714688E-02 -1.02857672E-02 -1.21393211E-01  2.19276922E-01  7.37537991E-02
   24150  6.88981858E-02 -2.66450783E-03 -5.68165030E-02  2.16303315E-01  1.01278362E-01
   24200  1.12308286E-01  4.64594042E-02  4.93503497E-02  2.13856265E-01  5.94881074E-02
   24250  4.48462688E-02  4.77656120E-02 -2.93763080E-02  1.52267554E-01  7.67814645E-02
   24300  1.00194914E-02 -2.55347478E-02  1.44853540E-02  1.47123650E-01  6.76056581E-02
   24350 -1.77365349E-01  2.52145501E-02  2.05585223E-01  3.10804296E-01  1.03748011E-01
   24400 -6.47507044E-02  1.19168587E-02  2.21559263E-01  2.55942591E-01  7.68198960E-02
   24450  9.59571455E-03 -9.50016217E-02  6.28084795E-02  1.67948572E-01  6.18705772E-02
   24500  4.53986843E-02  8.03251636E-02  2.21370087E-01  2.70178779E-01  4.79656212E-02
   24550  1.17437126E-01  1.23367937E-02 -7.67821928E-02  1.81951503E-01  5.66533072E-02
   24600  8.29715233E-02  1.08264591E-01  1.37701527E-02  2.12076821E-01  1.87792565E-02
   24650 -6.91798299E-02  1.11462484E-01 -4.82171025E-02  2.43645882E-01  3.48918396E-02
   24700  4.20842220E-02  1.24118153E-01  6.42353404E-02  1.78619888E-01  8.39846386E-02
   24750  2.80006311E-02 -5.84204941E-02  1.11715372E-01  2.14493870E-01  1.02159701E-01
   24800  1.46017784E-03 -1.45276474E-01 -1.10422912E-01  2.55239155E-01  6.79920048E-02
   24850  4.06140614E-02 -1.94143877E-01  7.38845042E-02  2.49310132E-01  3.45147310E-02
   24900  4.58276929E-02  8.66079753E-02  7.15151088E-02  1.79764520E-01  5.16009705E-02
   24950 -7.25418761E-02 -2.20075745E-02  6.66335238E-02  1.64760370E-01  6.31688087E-02
   25000 -2.80541243E-02  9.88197702E-02  8.34561459E-02  2.20088954E-01  6.29559132E-02
   25050 -2.59490667E-02  9.55158674E-02  1.71399767E-02  1.79172801E-01  9.13227217E-02
   25100 -2.47062578E-01 -2.14813932E-02  8.99629707E-02  3.24631001E-01  1.47355629E-01
   25150  3.01209460E-02 -8.83043033E-02  1.00636974E-01  2.61574913E-01  7.82630992E-02
   25200 -9.65588413E-02 -8.71220243E-02  4.61304098E-02  1.84968180E-01  5.97102803E-02
   25250 -9.93164553E-02 -2.21394025E-02  3.74084157E-02  1.31850918E-01  7.79563155E-02
   25300 -3.66595927E-02 -4.24602540E-02  1.21065115E-02  1.45229783E-01  6.29059938E-02
   25350  2.52002264E-02 -4.91054229E-02  2.27498026E-02  1.98648807E-01  7.47024121E-02
   25400  1.18073287E-01  2.37214325E-02  2.23721484E-02  1.72632069E-01  3.34220222E-02
   25450  1.36308084E-02  3.83314060E-02  5.02840035E-02  2.26472575E-01  3.00436952E-02
   25500 -1.28480526E-01  7.66295903E-02 -1.59538530E-02  2.02430012E-01  2.64179734E-02
   25550 -7.06633113E-02  1.30111833E-01 -3.77790237E-02  2.30072222E-01  7.84455416E-02
   25600  2.93769578E-02 -3.79006611E-02  6.58734835E-02  1.62334037E-01  8.40104369E-02
   25650  1.03666068E-02  1.48022807E-02 -1.94784721E-01  2.18947191E-01  6.24694073E-02
   25700  1.79700304E-02 -2.40764940E-02 -4.90328373E-02  1.70287367E-01  8.24448182E-02
   25750  6.30161114E-02  1.31540923E-01 -4.95112792E-04  1.76949419E-01  8.02737839E-02
   25800  4.86740815E-02  1.35503478E-01 -8.51633829E-02  2.17639609E-01  6.34262708E-02
   25850  4.28417237E-02  2.12378821E-02  1.28643533E-01  2.74589720E-01  8.84771830E-02
   25900  1.10662771E-01  2.57008836E-02  4.09512527E-02  1.94340354E-01  9.14951770E-02
   25950  9.75100468E-02  2.79151298E-02  1.15767835E-01  1.89481853E-01  9.74991340E-02
   26000  2.27754860E-02  4.50612481E-02 -5.94859229E-02  2.05551151E-01  3.91723804E-02
   26050  3.22911591E-02 -4.68884588E-03  7.55922678E-02  1.74256310E-01  7.39317880E-02
   26100 -4.01493697E-02 -1.37455465E-01  1.85973716E-02  2.08949480E-01  6.20259174E-02
   26150  9.81676783E-03 -1.43524048E-01 -7.88585254E-03  2.23568891E-01  2.70549370E-02
   26200  5.61597855E-02 -8.48153765E-02  6.68010420E-03  1.56373032E-01  8.14589679E-02
   26250  2.47502056E-01  5.02050746E-02  8.67647743E-02  2.94227322E-01  6.23669842E-02
   26300  6.37131313E-02  1.63926419E-01  6.86884069E-02  2.35077548E-01  6.56486588E-02
   26350  1.82033335E-01  1.12943343E-02  5.96944732E-02  2.42225535E-01  1.00212978E-01
   26400 -5.02652824E-02 -1.85924706E-01  1.91542959E-02  2.39100947E-01  1.11382283E-01
   26450 -7.15076750E-02 -6.29704424E-02  3.82895409E-02  1.92098131E-01  9.54710047E-02
   26500 -1.80866307E-02 -4.09200872E-02 -8.61095999E-02  2.03218571E-01  6.67222947E-02
   26550  7.29491512E-02  7.45553866E-02 -2.67418779E-02  1.92358791E-01  7.49090186E-02
   26600  8.24405797E-02 -2.37495270E-01 -1.57839370E-02  2.62982222E-01  3.96619988E-02
   26650  1.14697020E-01 -1.30861287E-01  3.47870835E-02  2.12026314E-01  8.13929053E-02
   26700  1.52463172E-01  8.47442094E-02 -2.21856887E-02  2.32935069E-01  5.33325201E-02
   26750  2.34327991E-02 -4.04940357E-03  6.21887697E-02  1.74800242E-01  1.89726114E-02
   26800  3.70300875E-02  1.54483212E-02  2.77306144E-02  2.18115156E-01  4.77006312E-02
   26850 -6.94752016E-02 -5.27982313E-02  5.44231694E-03  1.63848762E-01  6.55857584E-02
   26900  6.38437005E-04 -9.90118982E-03  4.79729752E-02  1.46747960E-01  2.90078064E-02
   26950 -2.83127237E-02  1.28460175E-02 -8.00829955E-02  1.06038672E-01  3.63992098E-02
   27000 -2.47484023E-02  1.03546949E-01  1.44430070E-01  2.45499518E-01  8.38844773E-02
   27050 -5.39412673E-02 -1.15530379E-01  8.39844401E-02  2.38142353E-01  8.81339616E-02
   27100  1.95334476E-02 -8.33253827E-02 -4.50528502E-02  2.03596691E-01  4.67751187E-02
   27150 -2.94671019E-01 -8.27268277E-02 -1.31809514E-01  3.55074536E-01  6.27588377E-02
   27200 -1.60816509E-01 -2.37565471E-02 -6.11654016E-02  2.32182999E-01  1.04533994E-01
   27250  1.75133723E-02  2.20301625E-02  4.76793459E-02  1.76801720E-01  7.59952556E-02
   27300 -9.56285402E-02 -4.04951726E-02  4.86776408E-02  1.94131230E-01  3.74038922E-02
   27350 -1.66761151E-01  2.96270783E-02  7.66838881E-02  2.19528558E-01  6.07271570E-02
   27400 -7.35418653E-02  8.34872664E-02 -2.94983242E-02  1.62564152E-01  6.98113098E-02
   27450  5.53337761E-02  1.30023007E-02  1.56741193E-02  1.54708957E-01  5.24478623E-02
   27500 -3.36781798E-02  9.00074373E-02  2.56658333E-02  2.13612165E-01  8.39262565E-02
   27550  1.60931204E-02  5.92576441E-03 -2.77479947E-02  1.54769379E-01  6.02267095E-02
   27600  1.82702885E-03  4.13429304E-02  1.34463301E-02  1.71271365E-01  7.09391245E-02
   27650 -7.03844910E-02  9.41930842E-02 -8.18511048E-02  2.22380851E-01  1.28015554E-01
   27700  2.89729822E-02 -7.22498139E-02  1.19195548E-01  2.01681762E-01  4.78002449E-02
   27750  7.50950294E-03  5.03299565E-02  4.69028250E-02  2.06783259E-01  8.27931954E-02
   27800  1.03692413E-01 -1.05957685E-01 -3.24727510E-02  2.18978233E-01  1.06317225E-01
   27850 -2.07752482E-02 -2.67326628E-02 -7.76286338E-02  1.78146203E-01  6.70958886E-02
   27900  6.56550883E-03  1.80215865E-01 -3.19279770E-02  2.41397662E-01  7.98149276E-02
   27950 -1.99090022E-02  1.70583063E-01 -5.55078469E-02  2.28843537E-01  1.03484872E-01
   28000 -4.52307197E-02  1.70018052E-01 -8.56043477E-02  2.47752637E-01  7.47574182E-02
   28050 -4.21664951E-02  1.16989625E-01 -4.92015100E-03  1.62206170E-01  5.50257718E-02
   28100  5.73259920E-02  6.65064084E-02 -7.38804143E-04  1.80799277E-01  7.21697858E-02
   28150  1.68070796E-01 -9.80021419E-03  1.01980091E-01  2.20452362E-01  3.98979682E-02
   28200  2.25021162E-02 -1.35938062E-02  3.59072661E-02  1.33815387E-01  6.49944218E-02
   28250 -1.47966895E-01  1.24104935E-01 -8.56952024E-02  2.56952774E-01  8.22326489E-02
   28300  2.21430642E-02  9.21324505E-02 -5.65726206E-03  1.81537712E-01  7.62831727E-02
   28350 -1.11420561E-01 -1.54667363E-01  1.22833731E-01  2.54809733E-01  1.26379111E-01
   28400 -6.52340928E-02 -2.79423178E-02  6.38929072E-02  1.64752286E-01  6.79460229E-02
   28450 -5.79399864E-03  3.34725162E-02 -6.16070580E-02  1.46187594E-01  4.53477524E-02
   28500 -1.73824397E-01  3.83012836E-02 -1.12914836E-02  2.81729125E-01  6.85300379E-02
   28550 -1.64659292E-01  2.32280887E-02 -6.44370086E-03  2.46994278E-01  4.23848827E-02
   28600 -3.64256581E-02 -1.71349827E-01  7.37876939E-02  2.46754928E-01  7.90427975E-02
   28650 -7.28102135E-02 -1.46215376E-01 -1.31031582E-02  1.99917982E-01  5.64743268E-02
   28700 -1.34290317E-02 -6.71731845E-02  1.08807622E-01  1.70314267E-01  6.60339237E-02
   28750  6.71769912E-02  5.80669568E-02  3.31403288E-02  1.55987551E-01  5.72599850E-02
   28800 -1.64703386E-01  1.33273960E-01  1.57214657E-01  2.72614244E-01  6.82642687E-02
   28850 -2.45331551E-02  6.40954748E-02  1.21095038E-01  1.94178217E-01  9.72384166E-02
   28900  7.91500843E-03 -8.80281673E-02 -2.60833674E-02  1.52814401E-01  3.11976389E-02
   28950  3.56591723E-02 -5.03842076E-02 -5.42909685E-02  1.87151295E-01  1.05314876E-01
   29000 -1.14578202E-02 -1.66780270E-01 -3.17408529E-02  2.40591213E-01  3.04597608E-02
   29050 -3.02056694E-02 -3.10507697E-02  2.00757788E-01  2.28249214E-01  6.14047879E-02
   29100  1.98869580E-01  1.65411424E-01  1.17663633E-01  3.58074582E-01  9.34090961E-02
   29150  4.25746468E-02  4.01888456E-03  7.30998182E-03  1.82723954E-01  7.41614477E-02
   29200 -2.49689264E-02 -9.40768272E-02  9.62491646E-03  1.57654217E-01  3.63522909E-02
   29250  2.70180673E-02 -1.62489414E-02 -1.58322371E-01  2.42554022E-01  5.63159494E-02
   29300 -6.84330670E-02  1.70248776E-01  6.59920054E-02  2.90739962E-01  7.24058626E-02
   29350 -2.83903588E-02  8.87717503E-02  8.85381624E-02  2.07535619E-01  6.74792949E-02
   29400  2.35616737E-01  9.22132018E-02 -4.90645661E-02  3.18067726E-01  1.17998159E-01
   29450  9.06990316E-02 -3.64500849E-02  4.59332621E-02  1.50465935E-01  6.17439064E-02
   29500  4.42389877E-03 -5.78191383E-02  4.93751870E-03  1.49087210E-01  5.97764494E-02
   29550 -7.26799193E-02 -1.12258039E-01  3.24891533E-02  1.98602036E-01  6.95289650E-02
   29600 -1.66565357E-02 -8.13232273E-02  9.21046501E-02  1.52305091E-01  7.66942250E-02
   29650 -1.78160134E-03 -2.64583963E-02  1.09309538E-01  1.83747474E-01  9.50455461E-02
   29700 -8.51838277E-02 -7.23496365E-05 -1.20832481E-01  2.26646383E-01  8.72234606E-02
   29750 -1.55981049E-02  5.82601277E-02 -3.74954388E-02  1.35845265E-01  4.57549548E-02
   29800  4.62392527E-02 -1.03025723E-01 -4.83384958E-02  1.77045263E-01  4.54298581E-02
   29850  8.76585207E-02 -1.60375679E-01  7.49447253E-02  2.39715114E-01  7.33241794E-02
   29900 -3.28006348E-02 -5.77615752E-02 -1.05286352E-01  1.52580089E-01  8.60043334E-02
   29950  5.32392724E-02  3.28274139E-02 -5.23548081E-02  2.04828208E-01  4.68059857E-02
   30000 -2.72449060E-02 -1.10106121E-02 -3.00642148E-02  2.05344284E-01  2.93338208E-02
   30050 -7.46947580E-03  4.64463261E-02  3.63275666E-03  1.72384004E-01  3.43096980E-02
   30100 -8.44646981E-02 -9.60724198E-02 -7.18636699E-02  2.17054245E-01  1.09525883E-01
   30150  1.09323293E-01 -4.24053296E-02 -5.45814952E-02  1.95156072E-01  6.47535954E-02
   30200  1.66817884E-01  3.91726707E-02 -4.85537907E-02  2.56763386E-01  7.63624020E-02
   30250 -1.78297670E-02  8.78627846E-03 -1.42053769E-01  2.48526609E-01  6.63385260E-02
   30300 -7.26874233E-02  1.04117137E-01 -8.53867665E-02  1.99215795E-01  8.89022210E-02
   30350  7.34695671E-02 -9.56854716E-02  8.49570663E-02  2.30267874E-01  6.85451909E-02
   30400 -1.20200908E-01 -3.30675000E-02  1.40628171E-01  2.36390014E-01  4.32766165E-02
   30450 -4.64770948E-02 -1.06194394E-01  2.09462193E-01  2.69968608E-01  8.05178349E-02
   30500 -8.70305916E-02 -4.50654445E-02  7.27510670E-02  2.15171903E-01  7.14007932E-02
   30550 -8.09745126E-02 -1.55703170E-01 -1.59252678E-02  2.12463990E-01  3.82623561E-02
   30600  6.88486518E-02  3.22892452E-02  1.07205011E-02  1.38284725E-01  5.71878869E-02
   30650  9.02645958E-02 -1.87452069E-03  1.10193270E-01  2.27813639E-01  7.00094384E-02
   30700 -1.74959337E-02  8.18489242E-02  6.34183536E-02  1.28000907E-01  4.54396304E-02
   30750  1.92061698E-02  1.84216023E-01  1.32391622E-01  2.70184077E-01  1.02490902E-01
   30800 -1.06243468E-01 -1.29373830E-02  4.35539911E-02  2.29221938E-01  9.04775758E-02
   30850 -1.42280896E-01 -8.53247302E-02  5.97726757E-02  2.27045717E-01  8.70041253E-02
   30900 -1.37954311E-01  8.29018939E-03  1.12614487E-01  2.13480887E-01  2.71889628E-02
   30950  9.72526063E-02  1.01582511E-01 -2.14271346E-02  2.13884815E-01  8.28264103E-02
   31000  1.97170887E-02 -1.68561560E-02  6.91874078E-02  1.38299956E-01  4.07995845E-02
   31050 -6.55348452E-02 -9.82419183E-02 -2.52467644E-02  2.01271222E-01  6.79167080E-02
   31100  5.28992965E-02 -1.76914106E-01  4.59442248E-02  2.49287560E-01  5.41162621E-02
   31150 -4.31591323E-02 -2.11675817E-02  4.73275735E-02  1.77395896E-01  3.05863839E-02
   31200  6.30194206E-02 -2.26552330E-02 -2.85643481E-02  1.99440566E-01  1.13780509E-01
   31250  7.00151085E-02  4.69939548E-02 -8.94623046E-02  1.88883187E-01  6.34329129E-02
   31300 -1.65259840E-02  5.85875530E-02 -3.24956725E-03  1.51759489E-01  5.11994059E-02
   31350  3.19441305E-03 -4.96409210E-02 -4.62777263E-02  1.88226780E-01  8.12728720E-02
   31400  3.71171164E-02 -3.50105016E-02 -1.34644079E-01  2.15587635E-01  9.07705363E-02
   31450 -1.53368624E-01 -1.11467443E-01 -1.30079868E-01  2.99052895E-01  8.34640363E-02
   31500  2.59511883E-02 -2.51827293E-02 -8.74830175E-02  2.54492376E-01  5.67195028E-02
   31550  3.18128664E-02 -9.37374960E-03  5.41301790E-02  1.53494019E-01  6.34652525E-02
   31600 -5.65414265E-02 -4.04813673E-02 -6.79968163E-02  1.85387066E-01  4.38012725E-02
   31650  3.57389657E-02  1.11427576E-02  3.19752943E-04  1.34495187E-01  5.00429034E-02
   31700 -5.71176204E-02  1.13102159E-01  7.78608208E-02  2.54533119E-01  1.11880153E-01
   31750 -1.98349602E-02 -6.37619675E-02 -1.86522359E-03  1.46364916E-01  5.36202335E-02
   31800  4.16817104E-02 -1.23725326E-01 -3.77306605E-02  2.54372898E-01  7.64136110E-02
   31850  1.04258619E-02 -2.77803877E-01 -5.86398505E-03  3.18893206E-01  6.15146746E-02
   31900 -5.67056344E-02 -1.15466707E-01 -9.57386625E-02  1.93128092E-01  6.41208095E-02
   31950 -5.45590202E-02  4.10007526E-02  1.84757697E-01  2.45190670E-01  1.38554178E-01
   32000 -5.98021463E-02 -3.02088663E-02  4.83299529E-02  1.76689664E-01  7.45552039E-02
   32050 -1.26505015E-01  6.12188510E-02 -7.51324251E-02  2.12288740E-01  7.14851372E-02
   32100  5.58615940E-05 -7.60656288E-02 -1.46722829E-02  2.04833131E-01  9.62677903E-02
   32150  1.72672761E-02 -3.55054806E-02  2.29821750E-01  2.67682085E-01  3.66038405E-02
   32200  4.03009557E-02 -4.30348247E-02  9.06345941E-02  1.57811722E-01  1.25677087E-01
   32250  2.00970996E-02  6.82749458E-02  9.45826545E-02  1.62625865E-01  7.97509097E-02
   32300  1.75705126E-02 -1.40208499E-01  1.83296347E-01  2.89136246E-01  7.91191395E-02
   32350  1.25782537E-01 -1.16072076E-01 -1.03129627E-01  2.30007108E-01  9.97806618E-02
   32400  4.49502998E-03  2.07872204E-02 -5.79880711E-02  1.59374130E-01  4.49543925E-02
   32450  4.43956131E-02 -2.60479889E-02 -1.24666372E-01  1.72241031E-01  3.80697848E-02
   32500  5.86257615E-02  2.93439257E-02  6.74872148E-04  1.50520850E-01  5.75921047E-02
   32550 -1.08352331E-01  4.08922566E-02  5.79072737E-02  2.48490710E-01  6.98583279E-02
   32600 -1.18220247E-01  5.30711114E-02 -4.27210841E-02  2.14217737E-01  8.11133000E-02
   32650  3.58842876E-02 -2.19798596E-02 -5.86787985E-02  2.10885718E-01  6.13689064E-02
   32700  1.40932110E-01  2.83646801E-02 -2.62139906E-02  2.17835300E-01  5.39937365E-02
   32750  2.43342180E-02  2.70362476E-02  2.38964446E-02  2.56796521E-01  6.28995436E-02
   32800 -1.33516116E-01 -1.79900510E-02  1.36591997E-01  2.34757750E-01  1.44343203E-01
   32850 -6.72526712E-02 -2.61622673E-02  9.31249066E-02  1.89509034E-01  4.08686026E-02
   32900  3.64468495E-02  4.02303835E-02  3.33981082E-02  1.66246096E-01  6.52479348E-02
   32950 -3.65065126E-02 -4.25224315E-02 -1.81221785E-02  2.29383801E-01  8.44721293E-02
   33000  1.23627328E-01 -2.49987086E-02 -1.33138682E-01  2.41315415E-01  7.98998242E-02
   33050  3.75061414E-02  1.22529388E-02 -1.21432540E-01  1.74665878E-01  6.70340330E-02
   33100 -3.34099630E-02  1.01548468E-02 -1.12671093E-01  2.15910772E-01  9.37927254E-02
   33150  3.02242041E-02 -8.84903289E-03 -1.89592381E-02  1.61777516E-01  6.39634471E-02
   33200  4.51598603E-02  9.73693942E-02 -1.00272568E-01  2.21517749E-01  7.78879100E-02
   33250  9.39166047E-02 -4.68540261E-02 -7.55994979E-02  2.22055496E-01  4.57413573E-02
   33300  2.56493735E-02  9.48111632E-02 -7.91526935E-02  1.89361010E-01  6.11093684E-02
   33350  1.93167126E-01  9.97978103E-03 -6.67047737E-02  2.75735725E-01  3.59103400E-02
   33400 -1.03702856E-01  2.08924474E-02  7.11890367E-02  2.09494143E-01  8.13756039E-02
   33450  4.18973733E-02 -5.85810034E-02  8.65419345E-03  2.13894792E-01  5.33916925E-02
   33500  7.27895064E-02 -9.58578564E-02 -1.50567884E-01  2.17028783E-01  1.00664172E-01
   33550  5.77206928E-02  1.09118554E-01 -9.99044193E-03  1.60918990E-01  6.09886162E-02
   33600  2.25766284E-01  7.09754446E-02 -9.54272337E-02  2.85184926E-01  1.13938007E-01
   33650  8.80969339E-02  4.18895186E-02 -3.64348147E-02  1.67749129E-01  7.44781480E-02
   33700  1.38492629E-01  8.39078154E-03  8.54836594E-02  2.16085989E-01  9.77046134E-02
   33750 -4.73164318E-02  1.08020710E-01  2.35443205E-02  1.49086841E-01  6.69958147E-02
   33800 -3.81810834E-02  1.12874768E-01  1.34565128E-01  1.93514239E-01  3.67008994E-02
   33850 -1.33989031E-02  1.11216211E-01  7.53765591E-02  1.66721643E-01  8.71680514E-02
   33900 -7.23598571E-02 -3.82850362E-02  5.93611803E-02  2.10636528E-01  5.67362175E-02
   33950 -3.64233330E-02  7.28444602E-02  1.93322196E-01  2.49798058E-01  2.84458210E-02
   34000 -5.14401286E-02 -7.50771129E-02  1.07568366E-01  2.02734926E-01  7.14568214E-02
   34050  6.65820187E-02  1.79361382E-01 -1.05910479E-02  2.35691195E-01  5.32109551E-02
   34100  6.38070750E-02 -9.37155051E-04 -7.15735027E-03  1.62671489E-01  5.29561543E-02
   34150  8.04974998E-03 -1.62023609E-01  1.81276402E-03  2.01727283E-01  6.95000768E-02
   34200 -1.81080165E-01  7.31153482E-03  8.33519975E-02  2.45906896E-01  1.34927273E-01
   34250  4.61559150E-04  3.25852762E-02  2.48043573E-02  2.11417690E-01  4.99238955E-02
   34300 -4.69131594E-02 -5.92506931E-02  4.88786389E-02  2.12032144E-01  8.24842595E-02
   34350  3.89410134E-02  6.56093809E-02 -6.50012177E-02  2.37614640E-01  9.28375683E-02
   34400  7.42492478E-02  1.20392264E-01  7.98012517E-03  1.84471560E-01  7.72236379E-02
   34450  6.03649711E-03  4.90018134E-03 -2.18863738E-02  1.58193253E-01  5.15585426E-02
   34500 -5.79774774E-02  1.92294095E-01 -6.62703529E-03  2.32645795E-01  5.81598126E-02
   34550 -3.05738410E-02  8.69050365E-02  3.32497292E-02  1.97068169E-01  5.86374559E-02
   34600 -1.11427209E-01 -3.58371629E-02  1.76530407E-02  2.36301296E-01  6.78465977E-02
   34650 -7.26532875E-02 -2.98926008E-01  2.06311288E-02  3.37004291E-01  1.13344419E-01
   34700  3.30478269E-02  2.72239153E-03  7.91723710E-02  2.21838669E-01  8.35735750E-02
   34750 -4.07867775E-02  4.36158080E-02 -4.22364800E-02  2.04903343E-01  2.41107987E-02
   34800 -1.16212426E-01 -4.13215954E-02 -3.70562385E-02  2.04625888E-01  9.34783821E-02
   34850  7.19285043E-02 -1.36894349E-02 -5.55778589E-02  2.09699504E-01  6.42455863E-02
   34900  3.74430200E-02 -5.35175267E-02  5.70511154E-02  1.46444502E-01  4.75138220E-02
   34950 -4.89951369E-02 -4.48852346E-02 -5.87681328E-02  1.71029223E-01  1.09009114E-01
   35000  4.03660440E-02  7.37433103E-02  2.42015654E-01  2.94066952E-01  8.34255726E-02
   35050 -1.32402168E-01 -1.47001952E-01  1.34805788E-01  2.89013371E-01  8.51043775E-02
   35100  7.38499576E-02 -1.16737438E-01  6.98926890E-03  1.80772232E-01  9.95235357E-02
   35150  3.19396756E-03 -5.51234167E-02 -8.77225278E-02  2.42744277E-01  8.46334116E-02
   35200 -1.34734933E-01  1.02320768E-01 -4.15160853E-02  2.23252129E-01  1.05773126E-01
   35250 -1.27927156E-01  1.88019146E-01  5.81733857E-02  2.90511313E-01  7.62259958E-02
   35300 -5.17585580E-02  3.31928137E-02  1.14612094E-01  2.67948980E-01  1.55243658E-01
   35350  3.33119325E-03  5.93194380E-02 -1.06300171E-01  2.33882062E-01  3.40944454E-02
   35400 -1.62381160E-02  1.53591043E-04 -2.31153693E-02  1.65472582E-01  6.53081815E-02
   35450 -3.18466972E-02 -6.44996097E-02 -7.33388775E-02  1.92955100E-01  5.16334174E-02
   35500 -1.30803894E-01 -5.82910808E-02 -1.04078953E-01  2.19666639E-01  4.92960901E-02
   35550  1.20012032E-01  3.49395918E-02 -2.00360162E-02  1.83232300E-01  6.10130110E-02
   35600  1.28795875E-01  9.28170836E-02  6.93447229E-02  1.95125455E-01  8.24949039E-02
   35650  6.05502073E-02  7.14744304E-02  7.47476903E-02  1.62324111E-01  6.03938662E-02
   35700  8.33151519E-02 -6.77487296E-02 -4.83482688E-03  1.55509714E-01  1.72829227E-02
   35750 -8.36009740E-02 -4.02140821E-03 -3.58260742E-02  1.66350480E-01  7.96600555E-02
   35800  2.11768279E-02 -5.84010466E-02 -7.02179650E-02  1.52898110E-01  3.59548413E-02
   35850 -1.55493250E-01  1.99923643E-01 -2.53355944E-02  2.74414751E-01  1.18094975E-01
   35900 -1.10196718E-01 -3.66411275E-02  1.00749662E-01  2.23720513E-01  4.81825185E-02
   35950  5.84930914E-02 -3.07427061E-02  1.07143766E-01  2.34330124E-01  8.20016357E-02
   36000 -6.17630215E-02  7.30451141E-02  1.26374830E-02  1.75408352E-01  1.08132897E-01
   36050 -9.08791136E-02  5.61125346E-02  1.09938409E-01  2.14505417E-01  8.16494042E-02
   36100 -9.47995748E-02  2.19367030E-02  4.16890389E-03  1.93698768E-01  1.00516185E-01
   36150 -3.79988626E-02 -4.79131801E-02 -1.15429351E-02  1.58382057E-01  4.70609149E-02
   36200 -1.57001739E-02  1.11103976E-01 -1.42372105E-02  1.64723106E-01  9.93440460E-02
   36250  1.35257189E-01  1.79711573E-01 -7.48270701E-02  2.86011372E-01  1.28065739E-01
   36300  8.73642953E-02 -1.06009998E-02 -1.22136452E-01  2.15668325E-01  7.05984497E-02
   36350  8.67348747E-02  2.52246580E-02 -1.49992151E-01  2.15807107E-01  8.09037112E-02
   36400 -4.64106699E-02 -1.54625892E-03 -5.05701429E-02  1.91385111E-01  5.64789417E-02
   36450 -1.71011282E-03 -5.89661459E-02  2.17054801E-02  2.05469966E-01  1.00722588E-01
   36500 -1.51553290E-01 -3.73424028E-02 -1.55832190E-02  2.11394051E-01  7.87544392E-02
   36550  7.12244017E-02  3.16743208E-02  4.38220791E-02  2.09290156E-01  8.07937721E-02
   36600 -4.79497697E-02  4.01663443E-03  5.29232412E-02  1.87870041E-01  6.55946432E-02
   36650  5.00097477E-02  4.05704287E-02  5.39718827E-03  1.48808498E-01  8.12230342E-02
   36700 -2.39990489E-02  1.05633775E-01  1.87062274E-01  2.61263309E-01  5.63937773E-02
   36750 -7.28985574E-02 -4.38635411E-02  3.93041340E-03  1.76479965E-01  5.98132303E-02
   36800  5.34551357E-02 -3.40909505E-02 -2.59873908E-03  1.98535971E-01  6.27703392E-02
   36850  3.29380656E-02  3.09206893E-02  8.66032044E-02  2.15604251E-01  4.83394251E-02
   36900 -9.42877949E-02 -1.66418638E-02  9.91377547E-02  1.93934304E-01  6.83265488E-02
   36950 -9.33534865E-02 -8.01372678E-02  2.18115930E-01  2.72315289E-01  6.04988925E-02
   37000  2.84017963E-02 -7.96485507E-02  8.88382746E-02  1.52255731E-01  5.28527521E-02
   37050 -1.32046250E-01  5.36717660E-03  9.75316263E-03  1.95630832E-01  9.17138670E-02
   37100 -1.13188268E-01 -1.80081212E-01 -5.02933028E-02  2.62135779E-01  4.53095553E-02
   37150  1.27584608E-04 -1.97915141E-01  4.35661490E-02  2.56477016E-01  5.62355147E-02
   37200 -4.13447965E-02 -7.44700456E-02  4.73655527E-03  2.17857543E-01  5.76343975E-02
   37250  9.36521450E-02  6.97461893E-02 -1.24792940E-01  2.19714240E-01  5.96911012E-02
   37300  2.99921085E-02 -1.19822444E-01 -1.31399072E-01  2.51963955E-01  5.43910715E-02
   37350  9.60814210E-02 -2.72744227E-02 -8.12667971E-02  2.36133354E-01  1.14914643E-01
   37400 -2.83326089E-03 -2.57153284E-02  4.96488513E-02  1.90712514E-01  9.28232369E-02
   37450 -1.12004939E-01 -6.48772918E-02  1.19080294E-01  2.60907400E-01  8.88294167E-02
   37500 -3.68630152E-02  6.79884108E-02 -6.28266606E-02  2.32048756E-01  2.00304989E-02
   37550  8.91099621E-03  1.30630888E-02 -1.20796205E-01  2.17112988E-01  6.96487024E-02
   37600 -1.85804650E-01 -5.26409118E-02 -1.48537917E-01  2.82368813E-01  8.04830238E-02
   37650 -1.84713137E-01 -3.07150878E-02 -3.61388331E-02  2.39166566E-01  1.31096846E-01
   37700 -6.78052054E-02 -3.20769582E-02  2.69633758E-02  1.89917432E-01  5.99016737E-02
   37750  9.23543393E-02  7.29581377E-03 -3.00627163E-02  1.22741534E-01  5.82274376E-02
   37800  1.50946264E-01  1.34959555E-02  1.31669972E-01  2.28302102E-01  9.53157226E-02
   37850  1.94407129E-03  8.46577493E-02  1.02105806E-01  1.71467433E-01  4.95774465E-02
   37900 -1.07786471E-01  5.83102499E-02 -6.62493106E-02  1.86173785E-01  8.66949505E-02
   37950 -3.02943057E-01  1.07273732E-01 -3.82679809E-02  3.69063231E-01  1.17726629E-01
   38000 -1.65693418E-02  1.21416396E-01 -1.93042968E-02  1.70229419E-01  9.74731049E-02
   38050  7.26650161E-02 -5.87680480E-02 -1.20142926E-01  2.38816127E-01  9.30304461E-02
   38100 -5.47039367E-02 -1.60213627E-02 -7.47574419E-02  2.21194309E-01  6.65568332E-02
   38150 -1.46723409E-01 -1.37904220E-02 -2.40812046E-02  2.49049104E-01  8.41706762E-02
   38200  9.80991484E-02  5.15858793E-02  8.11403558E-03  1.88515326E-01  5.22511814E-02
   38250  6.09035241E-03  9.10292709E-02 -1.59903854E-01  2.41898804E-01  8.45235580E-02
   38300 -9.29210403E-02 -2.15154523E-02 -1.23306439E-01  1.95410135E-01  1.04600053E-01
   38350  8.12383895E-02 -2.19874280E-03  1.16227137E-01  2.02447506E-01  6.05923358E-02
   38400 -1.19135943E-01 -2.15849207E-01 -6.34661688E-02  3.04033589E-01  1.09716818E-01
   38450 -4.47411306E-02 -5.88605363E-02 -9.82695424E-02  1.69359417E-01  3.59381954E-02
   38500 -7.85316816E-02  1.45987581E-01 -6.67950086E-02  2.29745315E-01  4.80608772E-02
   38550  9.41892212E-03  1.64410527E-01  4.29207285E-02  2.11379713E-01  7.55939439E-02
   38600  1.78297267E-01 -1.27834520E-01  2.82198439E-02  2.48325942E-01  7.68104200E-02
   38650  1.93707792E-01  5.61155245E-02  5.04752508E-02  2.49564304E-01  8.49458404E-02
   38700  2.26221268E-01  4.55855983E-02 -7.84862649E-02  2.70735379E-01  8.82173994E-02
   38750  2.54621084E-02  3.73402494E-02 -2.18082768E-02  1.65273319E-01  7.85245666E-02
   38800 -1.81530795E-02  1.56376022E-01 -3.38855004E-02  2.33533543E-01  6.40207341E-02
   38850  1.06833651E-01 -5.57633029E-02  1.26399317E-02  2.15965756E-01  1.07731598E-01
   38900 -2.96455199E-02 -6.59817690E-02 -1.59531826E-01  1.96346510E-01  6.92223543E-02
   38950  7.81877117E-02 -2.10955497E-02 -9.51679112E-03  1.55911673E-01  4.73522786E-02
   39000  6.95475135E-02  1.44989553E-03 -5.84011727E-04  2.00825485E-01  6.14191606E-02
   39050 -7.72211581E-02  5.96071813E-02  4.78966149E-02  1.97779696E-01  5.16560910E-02
   39100 -1.05272002E-01  1.30018843E-01 -5.10381453E-03  2.10659739E-01  7.47796193E-02
   39150 -1.80811621E-01 -2.08439894E-02  3.18775161E-02  2.18734986E-01  7.14532270E-02
   39200 -6.59864523E-02  4.23941569E-02 -1.13271031E-01  2.16688821E-01  8.84320684E-02
   39250 -2.23668120E-02  3.43798199E-02  9.30092703E-02  2.31371858E-01  4.48939844E-02
   39300 -3.70241859E-02  9.51979656E-02  1.84555189E-01  2.93004859E-01  5.76800123E-02
   39350  1.25667223E-02  6.13305137E-02  1.13667992E-01  2.40971917E-01  5.52059308E-02
   39400 -5.56461380E-03 -1.87019564E-01  1.44566169E-01  2.78378963E-01  1.12154398E-01
   39450 -9.67455616E-02  7.52075849E-04 -1.05187888E-01  2.10222405E-01  6.49704830E-02
   39500 -1.10396444E-01 -1.15836738E-01 -2.96726436E-02  1.91200487E-01  9.91153122E-02
   39550  1.88690837E-02 -1.18575212E-01  8.74372801E-03  2.14698163E-01  6.40473652E-02
   39600  6.10263420E-04 -2.41015377E-02  1.17077621E-01  1.52463325E-01  4.82079182E-02
   39650  6.17780686E-02  2.47720174E-03  7.19938636E-02  1.81438653E-01  1.02261401E-01
   39700  1.50412067E-01 -1.18232018E-01  3.45126234E-02  2.85375446E-01  7.34239722E-02
   39750 -2.25248589E-02  6.15446288E-02 -5.50262531E-04  1.74412175E-01  1.15504702E-01
   39800 -1.46942459E-02  7.96271390E-02 -1.31004988E-01  2.09666095E-01  5.74016455E-02
   39850  5.17082838E-02 -1.09847086E-01 -7.68125779E-02  2.22453999E-01  5.94283687E-02
   39900  4.37905987E-02 -5.96987739E-03  9.67789573E-02  2.08683990E-01  6.49384044E-02
   39950 -3.15611383E-02 -6.27071703E-03  1.69471691E-01  2.16031556E-01  9.01260818E-02
