   #Iter             <M>           <M^2>           <M^4>      U_{Binder}            \chi        C_v(tot)             <E>       <E_{exc}>       <E_{lsf}>
       1  2.42231160E-01  6.96176167E-02  6.66138777E-03  5.41852672E-01  9.14237791E-03  2.33953201E-01 -3.05523280E+00 -3.05523280E+00  0.00000000E+00
      11  2.07599346E-01  4.79269492E-02  3.11971244E-03  5.47275768E-01  4.03528058E-03  9.87782631E-01 -3.16586517E+00 -3.16586517E+00  0.00000000E+00
      21  2.00774018E-01  4.74179450E-02  3.83770011E-03  4.31062810E-01  5.93890728E-03  1.20613970E+00 -3.14334649E+00 -3.14334649E+00  0.00000000E+00
      31  2.19166610E-01  5.68735965E-02  5.45042619E-03  4.38321469E-01  7.38596738E-03  1.23695751E+00 -3.17092739E+00 -3.17092739E+00  0.00000000E+00
      41  2.20696496E-01  5.78875897E-02  5.63654607E-03  4.39312502E-01  7.67093587E-03  1.18252194E+00 -3.15741366E+00 -3.15741366E+00  0.00000000E+00
      51  2.28018562E-01  6.10972849E-02  6.10006883E-03  4.55284595E-01  7.60757908E-03  1.18671308E+00 -3.16162024E+00 -3.16162024E+00  0.00000000E+00
      61  2.19513251E-01  5.61927693E-02  5.10053528E-03  4.61564570E-01  6.69004065E-03  1.13374656E+00 -3.16121921E+00 -3.16121921E+00  0.00000000E+00
      71  2.17832053E-01  5.58125426E-02  5.15272800E-03  4.48618301E-01  6.98669396E-03  1.10282077E+00 -3.16354202E+00 -3.16354202E+00  0.00000000E+00
      81  2.16939583E-01  5.46873129E-02  4.80505123E-03  4.64445592E-01  6.37071533E-03  1.10635599E+00 -3.15650713E+00 -3.15650713E+00  0.00000000E+00
      91  2.16752465E-01  5.48223729E-02  4.82384139E-03  4.64997136E-01  6.55137194E-03  1.05408693E+00 -3.14356561E+00 -3.14356561E+00  0.00000000E+00
     101  2.12384956E-01  5.29038259E-02  4.52878009E-03  4.60631204E-01  6.51436904E-03  1.04972820E+00 -3.13472584E+00 -3.13472584E+00  0.00000000E+00
     111  2.09811097E-01  5.13905604E-02  4.22804017E-03  4.66356600E-01  6.15792759E-03  1.00739185E+00 -3.12853914E+00 -3.12853914E+00  0.00000000E+00
     121  2.12847850E-01  5.32651372E-02  4.74326020E-03  4.42724956E-01  6.65179578E-03  1.01625800E+00 -3.13330455E+00 -3.13330455E+00  0.00000000E+00
     131  2.13261027E-01  5.34016019E-02  4.76888497E-03  4.42574256E-01  6.61871284E-03  1.03387915E+00 -3.13472851E+00 -3.13472851E+00  0.00000000E+00
     141  2.12199706E-01  5.30239549E-02  4.75977579E-03  4.35685765E-01  6.68046318E-03  1.01739936E+00 -3.13843030E+00 -3.13843030E+00  0.00000000E+00
     151  2.12449200E-01  5.32374953E-02  4.82033004E-03  4.33081944E-01  6.77036343E-03  1.02974383E+00 -3.14256196E+00 -3.14256196E+00  0.00000000E+00
     161  2.15238829E-01  5.47147393E-02  5.19860726E-03  4.21161932E-01  7.00778865E-03  1.06657804E+00 -3.14494114E+00 -3.14494114E+00  0.00000000E+00
     171  2.18633835E-01  5.65964030E-02  5.62099396E-03  4.15056117E-01  7.34924955E-03  1.08856661E+00 -3.14458159E+00 -3.14458159E+00  0.00000000E+00
     181  2.17832369E-01  5.62188246E-02  5.53242232E-03  4.16513856E-01  7.32604982E-03  1.06531195E+00 -3.14266944E+00 -3.14266944E+00  0.00000000E+00
     191  2.16325874E-01  5.53226228E-02  5.34370441E-03  4.18009830E-01  7.12372470E-03  1.00823842E+00 -3.14336481E+00 -3.14336481E+00  0.00000000E+00
     201  2.15613012E-01  5.49931267E-02  5.27081926E-03  4.19048277E-01  7.10569066E-03  1.03931567E+00 -3.13736273E+00 -3.13736273E+00  0.00000000E+00
     211  2.13125434E-01  5.39396662E-02  5.09281559E-03  4.16527774E-01  7.11660278E-03  1.03612557E+00 -3.13598318E+00 -3.13598318E+00  0.00000000E+00
     221  2.12579973E-01  5.36542184E-02  5.00089799E-03  4.20946094E-01  7.07211627E-03  1.01965830E+00 -3.13568705E+00 -3.13568705E+00  0.00000000E+00
     231  2.13666166E-01  5.39753001E-02  4.98470708E-03  4.29667322E-01  6.95354761E-03  1.04136538E+00 -3.13331709E+00 -3.13331709E+00  0.00000000E+00
     241  2.12175099E-01  5.34061333E-02  4.91489500E-03  4.25604909E-01  7.00851971E-03  1.06736725E+00 -3.12989843E+00 -3.12989843E+00  0.00000000E+00
     251  2.11268609E-01  5.29499077E-02  4.84659325E-03  4.23784543E-01  6.94804397E-03  1.05025587E+00 -3.12924118E+00 -3.12924118E+00  0.00000000E+00
     261  2.12285538E-01  5.33807219E-02  4.90350282E-03  4.26390561E-01  6.94811897E-03  1.06428224E+00 -3.13256899E+00 -3.13256899E+00  0.00000000E+00
     271  2.14655984E-01  5.45926725E-02  5.12582196E-03  4.26711074E-01  7.11515357E-03  1.03564353E+00 -3.13303407E+00 -3.13303407E+00  0.00000000E+00
     281  2.14732569E-01  5.47016494E-02  5.16488283E-03  4.24641710E-01  7.17873287E-03  1.05027815E+00 -3.12748298E+00 -3.12748298E+00  0.00000000E+00
     291  2.14138585E-01  5.44571464E-02  5.11379817E-03  4.25205548E-01  7.18728875E-03  1.05095579E+00 -3.12962152E+00 -3.12962152E+00  0.00000000E+00
     301  2.14418968E-01  5.44885315E-02  5.08550071E-03  4.29044505E-01  7.11311219E-03  1.04548715E+00 -3.13042062E+00 -3.13042062E+00  0.00000000E+00
     311  2.13982549E-01  5.42866082E-02  5.04906635E-03  4.28910196E-01  7.10061140E-03  1.06463259E+00 -3.13545419E+00 -3.13545419E+00  0.00000000E+00
     321  2.14033674E-01  5.43237065E-02  5.07185222E-03  4.27116190E-01  7.11332524E-03  1.06373206E+00 -3.13419740E+00 -3.13419740E+00  0.00000000E+00
     331  2.12477765E-01  5.36093752E-02  4.95354879E-03  4.25468692E-01  7.07094746E-03  1.06674662E+00 -3.13294109E+00 -3.13294109E+00  0.00000000E+00
     341  2.12958422E-01  5.36072292E-02  4.88873383E-03  4.32940780E-01  6.89829256E-03  1.04946123E+00 -3.13237736E+00 -3.13237736E+00  0.00000000E+00
     351  2.13387282E-01  5.37125032E-02  4.86636104E-03  4.37746345E-01  6.83347982E-03  1.03847764E+00 -3.13112757E+00 -3.13112757E+00  0.00000000E+00
     361  2.14189025E-01  5.41955426E-02  4.96720006E-03  4.36280238E-01  6.95065222E-03  1.04687308E+00 -3.13184369E+00 -3.13184369E+00  0.00000000E+00
     371  2.13834116E-01  5.38959402E-02  4.87959816E-03  4.40048129E-01  6.82724638E-03  1.04212195E+00 -3.13234613E+00 -3.13234613E+00  0.00000000E+00
     381  2.13011078E-01  5.34923327E-02  4.81049804E-03  4.39616018E-01  6.78354881E-03  1.04790676E+00 -3.13034642E+00 -3.13034642E+00  0.00000000E+00
     391  2.12986867E-01  5.33625336E-02  4.75483938E-03  4.43401907E-01  6.68371214E-03  1.03316313E+00 -3.13006205E+00 -3.13006205E+00  0.00000000E+00
     401  2.13028481E-01  5.34487662E-02  4.78438186E-03  4.41749382E-01  6.74095146E-03  1.03892881E+00 -3.13051452E+00 -3.13051452E+00  0.00000000E+00
     411  2.13238970E-01  5.35104232E-02  4.79225990E-03  4.42118016E-01  6.71749956E-03  1.03592776E+00 -3.13100001E+00 -3.13100001E+00  0.00000000E+00
     421  2.12961914E-01  5.33948327E-02  4.77918713E-03  4.41228405E-01  6.71958097E-03  1.03665667E+00 -3.12972633E+00 -3.12972633E+00  0.00000000E+00
     431  2.13783021E-01  5.38799607E-02  4.88455322E-03  4.39146995E-01  6.83215090E-03  1.02211077E+00 -3.13116505E+00 -3.13116505E+00  0.00000000E+00
     441  2.14053559E-01  5.40551848E-02  4.91560830E-03  4.39234480E-01  6.88184806E-03  1.01378372E+00 -3.13108922E+00 -3.13108922E+00  0.00000000E+00
     451  2.14705352E-01  5.42996849E-02  4.92524221E-03  4.43183982E-01  6.85263530E-03  1.03685205E+00 -3.13289362E+00 -3.13289362E+00  0.00000000E+00
     461  2.14368370E-01  5.41115367E-02  4.88646688E-03  4.43719330E-01  6.81624005E-03  1.06065141E+00 -3.13150713E+00 -3.13150713E+00  0.00000000E+00
     471  2.13016771E-01  5.34913149E-02  4.79546446E-03  4.41346049E-01  6.78067174E-03  1.05715835E+00 -3.13015996E+00 -3.13015996E+00  0.00000000E+00
     481  2.12257135E-01  5.30803012E-02  4.72127104E-03  4.41438597E-01  6.70717610E-03  1.05555835E+00 -3.13119839E+00 -3.13119839E+00  0.00000000E+00
     491  2.12535611E-01  5.32669284E-02  4.76090145E-03  4.40689942E-01  6.76427172E-03  1.05460082E+00 -3.13121049E+00 -3.13121049E+00  0.00000000E+00
     501  2.12298574E-01  5.30875532E-02  4.70542650E-03  4.43465205E-01  6.69853544E-03  1.05552916E+00 -3.12950868E+00 -3.12950868E+00  0.00000000E+00
     511  2.12055829E-01  5.30004484E-02  4.69824883E-03  4.42486136E-01  6.71182523E-03  1.05874150E+00 -3.12832455E+00 -3.12832455E+00  0.00000000E+00
     521  2.11589123E-01  5.27579738E-02  4.65195550E-03  4.42893685E-01  6.67442827E-03  1.04540615E+00 -3.12751808E+00 -3.12751808E+00  0.00000000E+00
     531  2.11724984E-01  5.28148167E-02  4.65645201E-03  4.43554900E-01  6.67386940E-03  1.03772753E+00 -3.12673827E+00 -3.12673827E+00  0.00000000E+00
     541  2.11173969E-01  5.25451981E-02  4.60051414E-03  4.44583155E-01  6.64329204E-03  1.04914088E+00 -3.12713974E+00 -3.12713974E+00  0.00000000E+00
     551  2.10904105E-01  5.24488025E-02  4.59471773E-03  4.43242048E-01  6.65792093E-03  1.04707583E+00 -3.12757212E+00 -3.12757212E+00  0.00000000E+00
     561  2.10871660E-01  5.24823884E-02  4.60775826E-03  4.42376267E-01  6.69741812E-03  1.04828507E+00 -3.12702279E+00 -3.12702279E+00  0.00000000E+00
     571  2.10889885E-01  5.24968979E-02  4.59850048E-03  4.43804208E-01  6.70311905E-03  1.05672851E+00 -3.12774862E+00 -3.12774862E+00  0.00000000E+00
     581  2.10559712E-01  5.22820408E-02  4.55538929E-03  4.44480667E-01  6.63986259E-03  1.05663231E+00 -3.12918598E+00 -3.12918598E+00  0.00000000E+00
     591  2.11208155E-01  5.26444384E-02  4.63727987E-03  4.42253237E-01  6.71414781E-03  1.08826199E+00 -3.13203641E+00 -3.13203641E+00  0.00000000E+00
     601  2.10172630E-01  5.21527318E-02  4.55826710E-03  4.41369825E-01  6.66789471E-03  1.08831405E+00 -3.13133695E+00 -3.13133695E+00  0.00000000E+00
     611  2.10810675E-01  5.23971838E-02  4.58090891E-03  4.43821097E-01  6.64771257E-03  1.09491518E+00 -3.13207705E+00 -3.13207705E+00  0.00000000E+00
     621  2.10452735E-01  5.21992580E-02  4.54174580E-03  4.44386346E-01  6.60832551E-03  1.09059173E+00 -3.13137039E+00 -3.13137039E+00  0.00000000E+00
     631  2.10502386E-01  5.21643897E-02  4.52330996E-03  4.45901680E-01  6.56172715E-03  1.09422158E+00 -3.13154359E+00 -3.13154359E+00  0.00000000E+00
     641  2.10322817E-01  5.21262818E-02  4.52458693E-03  4.44934562E-01  6.59302641E-03  1.08662375E+00 -3.13216913E+00 -3.13216913E+00  0.00000000E+00
     651  2.10339131E-01  5.21503965E-02  4.52568377E-03  4.45313341E-01  6.60744147E-03  1.08470304E+00 -3.13118707E+00 -3.13118707E+00  0.00000000E+00
     661  2.10335004E-01  5.21052415E-02  4.50593317E-03  4.46776443E-01  6.57116274E-03  1.08130220E+00 -3.12971147E+00 -3.12971147E+00  0.00000000E+00
     671  2.10298973E-01  5.19891398E-02  4.46298331E-03  4.49599596E-01  6.48681694E-03  1.07907343E+00 -3.13025304E+00 -3.13025304E+00  0.00000000E+00
     681  2.10356445E-01  5.19755042E-02  4.45636350E-03  4.50127587E-01  6.45522329E-03  1.07701263E+00 -3.12969252E+00 -3.12969252E+00  0.00000000E+00
     691  2.10026650E-01  5.18436514E-02  4.44771055E-03  4.48400202E-01  6.46089428E-03  1.06851183E+00 -3.12984366E+00 -3.12984366E+00  0.00000000E+00
     701  2.10528398E-01  5.21000860E-02  4.49276430E-03  4.48284101E-01  6.49884719E-03  1.06656547E+00 -3.13157277E+00 -3.13157277E+00  0.00000000E+00
     711  2.10535581E-01  5.20986737E-02  4.49014276E-03  4.48576132E-01  6.49513997E-03  1.09152917E+00 -3.13122350E+00 -3.13122350E+00  0.00000000E+00
     721  2.10142005E-01  5.19334563E-02  4.46821216E-03  4.47772440E-01  6.49543345E-03  1.08396811E+00 -3.13156662E+00 -3.13156662E+00  0.00000000E+00
     731  2.09925947E-01  5.18451735E-02  4.45761708E-03  4.47204065E-01  6.49750215E-03  1.07905576E+00 -3.13272958E+00 -3.13272958E+00  0.00000000E+00
     741  2.09516802E-01  5.16196816E-02  4.41292559E-03  4.47954712E-01  6.45248328E-03  1.07132950E+00 -3.13262580E+00 -3.13262580E+00  0.00000000E+00
     751  2.10245040E-01  5.18879033E-02  4.43477452E-03  4.50942225E-01  6.42117955E-03  1.06782057E+00 -3.13324396E+00 -3.13324396E+00  0.00000000E+00
     761  2.10350254E-01  5.20804694E-02  4.50781773E-03  4.46018435E-01  6.54510388E-03  1.06953983E+00 -3.13422730E+00 -3.13422730E+00  0.00000000E+00
     771  2.10548994E-01  5.21197234E-02  4.50319218E-03  4.47420178E-01  6.50800859E-03  1.05983624E+00 -3.13490072E+00 -3.13490072E+00  0.00000000E+00
     781  2.10647073E-01  5.21331465E-02  4.49650999E-03  4.48524233E-01  6.48470714E-03  1.06278150E+00 -3.13589721E+00 -3.13589721E+00  0.00000000E+00
     791  2.11071303E-01  5.22833947E-02  4.50478442E-03  4.50680264E-01  6.46076243E-03  1.05762798E+00 -3.13657329E+00 -3.13657329E+00  0.00000000E+00
