   #Iter             <M>           <M^2>           <M^4>      U_{Binder}            \chi        C_v(tot)             <E>       <E_{exc}>       <E_{lsf}>
       1  1.64810911E-01  2.93068692E-02  1.08640868E-03  5.78368433E-01  1.69732861E-03  2.14800474E-01 -2.78314241E+00 -2.78314241E+00  0.00000000E+00
      11  1.83533763E-01  4.01475099E-02  2.92695039E-03  3.94691352E-01  5.11586741E-03  1.09064794E+00 -2.82730584E+00 -2.82730584E+00  0.00000000E+00
      21  1.86032196E-01  4.18021206E-02  3.08798190E-03  4.10943621E-01  5.69472865E-03  9.34310242E-01 -2.81893149E+00 -2.81893149E+00  0.00000000E+00
      31  1.79124125E-01  3.86018207E-02  2.58877368E-03  4.20895084E-01  5.15821735E-03  8.51765935E-01 -2.83282143E+00 -2.83282143E+00  0.00000000E+00
      41  1.75948647E-01  3.68019538E-02  2.25909524E-03  4.44004169E-01  4.62600655E-03  8.44080433E-01 -2.80577931E+00 -2.80577931E+00  0.00000000E+00
      51  1.82773354E-01  3.86097007E-02  2.32848568E-03  4.79333726E-01  4.11905948E-03  8.08701122E-01 -2.81715562E+00 -2.81715562E+00  0.00000000E+00
      61  1.77735366E-01  3.68394574E-02  2.18301599E-03  4.63821725E-01  4.15546814E-03  8.57224540E-01 -2.83454584E+00 -2.83454584E+00  0.00000000E+00
      71  1.78831005E-01  3.70036029E-02  2.15479363E-03  4.75438508E-01  3.97615776E-03  8.44367554E-01 -2.83675223E+00 -2.83675223E+00  0.00000000E+00
      81  1.77556048E-01  3.64909231E-02  2.10383795E-03  4.73350920E-01  3.93000765E-03  8.57109450E-01 -2.83762316E+00 -2.83762316E+00  0.00000000E+00
      91  1.76301401E-01  3.61537943E-02  2.07819874E-03  4.70021739E-01  4.01457783E-03  8.31401510E-01 -2.83518318E+00 -2.83518318E+00  0.00000000E+00
     101  1.76929402E-01  3.64159520E-02  2.09426710E-03  4.73585943E-01  4.04650094E-03  8.27786552E-01 -2.84622943E+00 -2.84622943E+00  0.00000000E+00
     111  1.73391872E-01  3.53940309E-02  2.05684831E-03  4.52705658E-01  4.21855104E-03  8.01331514E-01 -2.85089635E+00 -2.85089635E+00  0.00000000E+00
     121  1.75451994E-01  3.60518706E-02  2.11156761E-03  4.58463006E-01  4.17040638E-03  7.71528134E-01 -2.85284367E+00 -2.85284367E+00  0.00000000E+00
     131  1.74197132E-01  3.54638837E-02  2.04145965E-03  4.58938095E-01  4.05228263E-03  7.50557693E-01 -2.84334252E+00 -2.84334252E+00  0.00000000E+00
     141  1.74413691E-01  3.56445063E-02  2.07549727E-03  4.55477659E-01  4.13549961E-03  7.26321103E-01 -2.84174288E+00 -2.84174288E+00  0.00000000E+00
     151  1.74795738E-01  3.57606678E-02  2.11037747E-03  4.49917731E-01  4.12184244E-03  7.42280107E-01 -2.84292757E+00 -2.84292757E+00  0.00000000E+00
     161  1.76364912E-01  3.64249338E-02  2.17714834E-03  4.53022798E-01  4.21147598E-03  7.82981322E-01 -2.85006478E+00 -2.85006478E+00  0.00000000E+00
     171  1.74424058E-01  3.57742627E-02  2.12100702E-03  4.47567185E-01  4.23534943E-03  8.30721965E-01 -2.84638889E+00 -2.84638889E+00  0.00000000E+00
     181  1.71837403E-01  3.47678056E-02  2.01815799E-03  4.43481833E-01  4.14764401E-03  8.24516474E-01 -2.83908470E+00 -2.83908470E+00  0.00000000E+00
     191  1.71287973E-01  3.44893238E-02  1.98389782E-03  4.44059023E-01  4.07643478E-03  8.59145488E-01 -2.83781557E+00 -2.83781557E+00  0.00000000E+00
     201  1.71203019E-01  3.44401287E-02  1.97364713E-03  4.45350379E-01  4.06052482E-03  8.76090475E-01 -2.83894462E+00 -2.83894462E+00  0.00000000E+00
     211  1.70056225E-01  3.38942928E-02  1.89975975E-03  4.48780878E-01  3.93824008E-03  8.75741223E-01 -2.84022209E+00 -2.84022209E+00  0.00000000E+00
     221  1.72194452E-01  3.48123915E-02  1.99967102E-03  4.49991275E-01  4.08570258E-03  8.77360455E-01 -2.84135957E+00 -2.84135957E+00  0.00000000E+00
     231  1.72796690E-01  3.49635312E-02  2.00162023E-03  4.54204627E-01  4.04087790E-03  8.73856545E-01 -2.84274650E+00 -2.84274650E+00  0.00000000E+00
     241  1.73207311E-01  3.50565275E-02  1.99831029E-03  4.57994266E-01  4.00202699E-03  9.00094371E-01 -2.83897348E+00 -2.83897348E+00  0.00000000E+00
     251  1.73512881E-01  3.51808898E-02  2.01076156E-03  4.58466060E-01  4.01660393E-03  8.95863636E-01 -2.83759071E+00 -2.83759071E+00  0.00000000E+00
     261  1.73046462E-01  3.49837562E-02  2.00000941E-03  4.55274248E-01  3.98850938E-03  9.01363647E-01 -2.84019248E+00 -2.84019248E+00  0.00000000E+00
     271  1.73530006E-01  3.52318732E-02  2.03491821E-03  4.53545214E-01  4.05225684E-03  8.96173241E-01 -2.83984928E+00 -2.83984928E+00  0.00000000E+00
     281  1.73465508E-01  3.52534875E-02  2.04339082E-03  4.51942645E-01  4.08708215E-03  8.89890650E-01 -2.84282834E+00 -2.84282834E+00  0.00000000E+00
     291  1.73287860E-01  3.51808736E-02  2.02700992E-03  4.54089583E-01  4.07836371E-03  9.11829526E-01 -2.84359908E+00 -2.84359908E+00  0.00000000E+00
     301  1.74575167E-01  3.57413719E-02  2.08640306E-03  4.55579437E-01  4.16756811E-03  9.07152600E-01 -2.84251655E+00 -2.84251655E+00  0.00000000E+00
     311  1.73061278E-01  3.52319638E-02  2.04253136E-03  4.51503607E-01  4.18092611E-03  9.49591533E-01 -2.84108756E+00 -2.84108756E+00  0.00000000E+00
     321  1.71645948E-01  3.47797347E-02  2.00162821E-03  4.48418579E-01  4.20914226E-03  9.30245061E-01 -2.84052251E+00 -2.84052251E+00  0.00000000E+00
     331  1.71401098E-01  3.47653839E-02  2.02085582E-03  4.42660254E-01  4.26427097E-03  9.30758506E-01 -2.84089311E+00 -2.84089311E+00  0.00000000E+00
     341  1.71375985E-01  3.47641358E-02  2.01636798E-03  4.43858042E-01  4.27009702E-03  9.29289090E-01 -2.84256291E+00 -2.84256291E+00  0.00000000E+00
     351  1.72364891E-01  3.50712467E-02  2.03410139E-03  4.48749581E-01  4.24412021E-03  9.13919864E-01 -2.84055718E+00 -2.84055718E+00  0.00000000E+00
     361  1.72458954E-01  3.51126218E-02  2.03278230E-03  4.50404587E-01  4.25119702E-03  9.13292124E-01 -2.84062346E+00 -2.84062346E+00  0.00000000E+00
     371  1.71997199E-01  3.48839047E-02  1.99785726E-03  4.52740866E-01  4.19605337E-03  9.06280461E-01 -2.83983727E+00 -2.83983727E+00  0.00000000E+00
     381  1.71579162E-01  3.47678780E-02  2.00204388E-03  4.47927689E-01  4.21790189E-03  8.96574764E-01 -2.84050405E+00 -2.84050405E+00  0.00000000E+00
     391  1.71407911E-01  3.46177465E-02  1.97556830E-03  4.50493028E-01  4.14555568E-03  8.92267255E-01 -2.84077781E+00 -2.84077781E+00  0.00000000E+00
     401  1.71478603E-01  3.46825864E-02  1.98838087E-03  4.48995218E-01  4.17769437E-03  8.96246189E-01 -2.83964472E+00 -2.83964472E+00  0.00000000E+00
     411  1.71817226E-01  3.47685905E-02  1.98868879E-03  4.51632887E-01  4.15375397E-03  8.83562150E-01 -2.84159084E+00 -2.84159084E+00  0.00000000E+00
     421  1.71854421E-01  3.47478873E-02  1.98488774E-03  4.52028609E-01  4.12724708E-03  8.75907672E-01 -2.84116177E+00 -2.84116177E+00  0.00000000E+00
     431  1.73122117E-01  3.52419640E-02  2.03686981E-03  4.53334320E-01  4.17217010E-03  8.73752902E-01 -2.84258802E+00 -2.84258802E+00  0.00000000E+00
     441  1.73807811E-01  3.54985630E-02  2.05890319E-03  4.55380577E-01  4.18698166E-03  8.73910185E-01 -2.84445504E+00 -2.84445504E+00  0.00000000E+00
     451  1.73663818E-01  3.54121141E-02  2.04265561E-03  4.57037063E-01  4.15815600E-03  8.88139884E-01 -2.84558315E+00 -2.84558315E+00  0.00000000E+00
     461  1.74032612E-01  3.55444076E-02  2.05401959E-03  4.58073030E-01  4.16137383E-03  8.91876105E-01 -2.84530620E+00 -2.84530620E+00  0.00000000E+00
     471  1.74228102E-01  3.55762747E-02  2.05469141E-03  4.58866512E-01  4.13270723E-03  9.08229672E-01 -2.84495198E+00 -2.84495198E+00  0.00000000E+00
     481  1.73803279E-01  3.53779880E-02  2.03346694E-03  4.58436230E-01  4.09278416E-03  9.03414230E-01 -2.84315008E+00 -2.84315008E+00  0.00000000E+00
     491  1.74109198E-01  3.54817861E-02  2.03821433E-03  4.60343206E-01  4.09069829E-03  9.01602738E-01 -2.84403347E+00 -2.84403347E+00  0.00000000E+00
     501  1.74289807E-01  3.55447992E-02  2.04620706E-03  4.60146162E-01  4.09076877E-03  8.92417279E-01 -2.84444954E+00 -2.84444954E+00  0.00000000E+00
     511  1.74257572E-01  3.55477166E-02  2.04337671E-03  4.60981381E-01  4.10197186E-03  8.82003590E-01 -2.84518136E+00 -2.84518136E+00  0.00000000E+00
     521  1.74677440E-01  3.56781072E-02  2.05038207E-03  4.63079571E-01  4.08921479E-03  8.78143326E-01 -2.84443059E+00 -2.84443059E+00  0.00000000E+00
     531  1.75692785E-01  3.61524596E-02  2.11974648E-03  4.59386398E-01  4.18310054E-03  8.68836473E-01 -2.84571097E+00 -2.84571097E+00  0.00000000E+00
     541  1.76277023E-01  3.63517006E-02  2.13656990E-03  4.61052594E-01  4.17803994E-03  8.74717832E-01 -2.84736488E+00 -2.84736488E+00  0.00000000E+00
     551  1.76369465E-01  3.63664037E-02  2.13907171E-03  4.60857736E-01  4.16387369E-03  8.79031567E-01 -2.84881385E+00 -2.84881385E+00  0.00000000E+00
     561  1.75921485E-01  3.62161227E-02  2.12566156E-03  4.59782114E-01  4.16984086E-03  8.76690247E-01 -2.84980247E+00 -2.84980247E+00  0.00000000E+00
     571  1.76518312E-01  3.64912655E-02  2.15156488E-03  4.61413648E-01  4.22113296E-03  8.79484497E-01 -2.84960853E+00 -2.84960853E+00  0.00000000E+00
     581  1.75829885E-01  3.62100342E-02  2.12292874E-03  4.60295185E-01  4.19052623E-03  8.77357044E-01 -2.84988134E+00 -2.84988134E+00  0.00000000E+00
     591  1.75787721E-01  3.61974200E-02  2.11966334E-03  4.60749695E-01  4.19227684E-03  8.80681763E-01 -2.84898031E+00 -2.84898031E+00  0.00000000E+00
     601  1.76208729E-01  3.63984856E-02  2.14350169E-03  4.60693137E-01  4.23412926E-03  8.76954947E-01 -2.84932036E+00 -2.84932036E+00  0.00000000E+00
     611  1.76982694E-01  3.66908818E-02  2.17017355E-03  4.62650420E-01  4.24919979E-03  8.72637517E-01 -2.84765791E+00 -2.84765791E+00  0.00000000E+00
     621  1.76997832E-01  3.66797884E-02  2.16446375E-03  4.63739982E-01  4.23617653E-03  8.71442678E-01 -2.84813937E+00 -2.84813937E+00  0.00000000E+00
     631  1.76750190E-01  3.65543415E-02  2.14661363E-03  4.64505890E-01  4.20622015E-03  8.71281951E-01 -2.84883770E+00 -2.84883770E+00  0.00000000E+00
     641  1.76615997E-01  3.65197824E-02  2.15887464E-03  4.60427500E-01  4.21639997E-03  8.70926956E-01 -2.84944527E+00 -2.84944527E+00  0.00000000E+00
     651  1.76368961E-01  3.64479618E-02  2.15380269E-03  4.59571598E-01  4.22857398E-03  8.59775767E-01 -2.85008006E+00 -2.85008006E+00  0.00000000E+00
     661  1.76544294E-01  3.65261081E-02  2.16311482E-03  4.59554983E-01  4.24145223E-03  8.63709989E-01 -2.84990900E+00 -2.84990900E+00  0.00000000E+00
     671  1.76150084E-01  3.63916858E-02  2.15605339E-03  4.57332381E-01  4.24510408E-03  8.68134099E-01 -2.84829742E+00 -2.84829742E+00  0.00000000E+00
     681  1.76271907E-01  3.64306553E-02  2.15593193E-03  4.58523237E-01  4.24196644E-03  8.76163900E-01 -2.84728510E+00 -2.84728510E+00  0.00000000E+00
     691  1.75356025E-01  3.61009784E-02  2.12306627E-03  4.56994345E-01  4.23592875E-03  8.73449537E-01 -2.84690909E+00 -2.84690909E+00  0.00000000E+00
     701  1.75537696E-01  3.61531285E-02  2.12366861E-03  4.58406150E-01  4.22674901E-03  8.84985825E-01 -2.84694286E+00 -2.84694286E+00  0.00000000E+00
     711  1.75730652E-01  3.62070634E-02  2.12422191E-03  4.59877804E-01  4.21578982E-03  8.82885093E-01 -2.84721927E+00 -2.84721927E+00  0.00000000E+00
     721  1.75138219E-01  3.59765587E-02  2.09893856E-03  4.59445816E-01  4.19786996E-03  8.74414790E-01 -2.84716830E+00 -2.84716830E+00  0.00000000E+00
     731  1.75259171E-01  3.60229825E-02  2.10629788E-03  4.58947756E-01  4.20106982E-03  8.69134766E-01 -2.84792402E+00 -2.84792402E+00  0.00000000E+00
     741  1.75387184E-01  3.60693908E-02  2.11051919E-03  4.59257585E-01  4.20227389E-03  8.66012885E-01 -2.84705938E+00 -2.84705938E+00  0.00000000E+00
     751  1.75279983E-01  3.60066864E-02  2.09971008E-03  4.60151666E-01  4.18239545E-03  8.65978374E-01 -2.84831435E+00 -2.84831435E+00  0.00000000E+00
     761  1.75807160E-01  3.62143190E-02  2.12024781E-03  4.61104295E-01  4.20024339E-03  8.75142840E-01 -2.84794288E+00 -2.84794288E+00  0.00000000E+00
     771  1.76275903E-01  3.64068173E-02  2.14199033E-03  4.61320035E-01  4.22198173E-03  8.80976886E-01 -2.84871989E+00 -2.84871989E+00  0.00000000E+00
     781  1.75885577E-01  3.63273670E-02  2.14917273E-03  4.57147021E-01  4.26789908E-03  8.78195264E-01 -2.84916394E+00 -2.84916394E+00  0.00000000E+00
     791  1.75687364E-01  3.62533939E-02  2.14033152E-03  4.57171735E-01  4.26450570E-03  8.74434838E-01 -2.84840809E+00 -2.84840809E+00  0.00000000E+00
