   #Iter             <M>           <M^2>           <M^4>      U_{Binder}            \chi        C_v(tot)             <E>       <E_{exc}>       <E_{lsf}>
       1  1.41873958E-01  2.14117427E-02  5.60202758E-04  5.92694800E-01  8.51654739E-04  1.02651401E-01 -2.03554044E+00 -2.03554044E+00  0.00000000E+00
      11  1.33327323E-01  2.08527316E-02  6.61507939E-04  4.92906668E-01  2.04138457E-03  6.08162197E-01 -2.09323069E+00 -2.09323069E+00  0.00000000E+00
      21  1.23119146E-01  1.72524440E-02  4.57173982E-04  4.88012922E-01  1.38950936E-03  5.64992329E-01 -2.10499152E+00 -2.10499152E+00  0.00000000E+00
      31  1.20427926E-01  1.73633428E-02  5.59293930E-04  3.81624649E-01  1.89799665E-03  6.13403847E-01 -2.10683686E+00 -2.10683686E+00  0.00000000E+00
      41  1.20227731E-01  1.72106936E-02  5.47356099E-04  3.84040776E-01  1.82867697E-03  5.39817901E-01 -2.08525288E+00 -2.08525288E+00  0.00000000E+00
      51  1.14910563E-01  1.59348168E-02  4.73740800E-04  3.78093087E-01  1.81168600E-03  5.04344622E-01 -2.09759926E+00 -2.09759926E+00  0.00000000E+00
      61  1.18023455E-01  1.64148160E-02  4.64979317E-04  4.24771569E-01  1.64905553E-03  5.15978993E-01 -2.12593578E+00 -2.12593578E+00  0.00000000E+00
      71  1.14686507E-01  1.54813232E-02  4.14497731E-04  4.23519335E-01  1.54491345E-03  5.48614814E-01 -2.13253849E+00 -2.13253849E+00  0.00000000E+00
      81  1.17541625E-01  1.64961326E-02  4.89660100E-04  4.00196240E-01  1.77832362E-03  5.04579715E-01 -2.13062680E+00 -2.13062680E+00  0.00000000E+00
      91  1.17097346E-01  1.64006867E-02  4.76965870E-04  4.08925829E-01  1.78416216E-03  5.18107941E-01 -2.12997808E+00 -2.12997808E+00  0.00000000E+00
     101  1.16358178E-01  1.61964545E-02  4.58141960E-04  4.17844633E-01  1.76314862E-03  4.82271047E-01 -2.12879539E+00 -2.12879539E+00  0.00000000E+00
     111  1.20280956E-01  1.74128910E-02  5.62132189E-04  3.82018552E-01  1.95434693E-03  4.84428390E-01 -2.12924661E+00 -2.12924661E+00  0.00000000E+00
     121  1.21852382E-01  1.76638919E-02  5.56327428E-04  4.05658003E-01  1.86842413E-03  4.69312726E-01 -2.12712539E+00 -2.12712539E+00  0.00000000E+00
     131  1.21580262E-01  1.75291912E-02  5.40815003E-04  4.13316710E-01  1.82300040E-03  4.91158684E-01 -2.12677389E+00 -2.12677389E+00  0.00000000E+00
     141  1.20261722E-01  1.71183690E-02  5.11612550E-04  4.18037276E-01  1.76199297E-03  4.68922079E-01 -2.13610677E+00 -2.13610677E+00  0.00000000E+00
     151  1.21340561E-01  1.73304372E-02  5.10706593E-04  4.33198261E-01  1.72975742E-03  4.79027652E-01 -2.13612273E+00 -2.13612273E+00  0.00000000E+00
     161  1.20877125E-01  1.71608885E-02  5.00076592E-04  4.33974843E-01  1.69173974E-03  4.82452522E-01 -2.13850969E+00 -2.13850969E+00  0.00000000E+00
     171  1.20622027E-01  1.69748715E-02  4.80191311E-04  4.44505131E-01  1.60918937E-03  4.81694145E-01 -2.14114121E+00 -2.14114121E+00  0.00000000E+00
     181  1.22111249E-01  1.74903634E-02  5.16213370E-04  4.37515800E-01  1.71137836E-03  4.96140811E-01 -2.14065389E+00 -2.14065389E+00  0.00000000E+00
     191  1.22640472E-01  1.75823699E-02  5.13903780E-04  4.45877570E-01  1.68648161E-03  4.81196760E-01 -2.14404668E+00 -2.14404668E+00  0.00000000E+00
     201  1.21770489E-01  1.73250438E-02  4.97060949E-04  4.47999200E-01  1.65682661E-03  4.83339997E-01 -2.14574392E+00 -2.14574392E+00  0.00000000E+00
     211  1.22504203E-01  1.75097458E-02  5.06031773E-04  4.49830068E-01  1.66045885E-03  4.80075985E-01 -2.14487427E+00 -2.14487427E+00  0.00000000E+00
     221  1.24016323E-01  1.79299197E-02  5.26074274E-04  4.54532195E-01  1.69191375E-03  4.80895795E-01 -2.14486550E+00 -2.14486550E+00  0.00000000E+00
     231  1.23859506E-01  1.79557607E-02  5.32643406E-04  4.49309376E-01  1.73485212E-03  5.03652324E-01 -2.14284604E+00 -2.14284604E+00  0.00000000E+00
     241  1.25499970E-01  1.84288023E-02  5.63599353E-04  4.46834598E-01  1.77730221E-03  5.09513010E-01 -2.14008934E+00 -2.14008934E+00  0.00000000E+00
     251  1.25902129E-01  1.85684414E-02  5.69546918E-04  4.49373195E-01  1.80287173E-03  5.14033134E-01 -2.13687770E+00 -2.13687770E+00  0.00000000E+00
     261  1.26659727E-01  1.87636674E-02  5.81130016E-04  4.49805048E-01  1.80544993E-03  5.15804199E-01 -2.13521218E+00 -2.13521218E+00  0.00000000E+00
     271  1.26113314E-01  1.85677041E-02  5.66208427E-04  4.52557310E-01  1.76706821E-03  5.19528151E-01 -2.13047555E+00 -2.13047555E+00  0.00000000E+00
     281  1.26043481E-01  1.85173908E-02  5.59345251E-04  4.56250193E-01  1.74536783E-03  5.16443188E-01 -2.12648401E+00 -2.12648401E+00  0.00000000E+00
     291  1.25895870E-01  1.84675399E-02  5.55976972E-04  4.56602725E-01  1.73696629E-03  5.11738618E-01 -2.12774924E+00 -2.12774924E+00  0.00000000E+00
     301  1.25816757E-01  1.84458811E-02  5.53294525E-04  4.57953797E-01  1.73580850E-03  5.01558494E-01 -2.12706691E+00 -2.12706691E+00  0.00000000E+00
     311  1.25663166E-01  1.84102427E-02  5.51360705E-04  4.57755034E-01  1.73779014E-03  5.00794178E-01 -2.12431731E+00 -2.12431731E+00  0.00000000E+00
     321  1.25714367E-01  1.85047103E-02  5.64504244E-04  4.50482691E-01  1.79193205E-03  4.88834371E-01 -2.12331981E+00 -2.12331981E+00  0.00000000E+00
     331  1.24708962E-01  1.82595897E-02  5.54587880E-04  4.45543996E-01  1.79634859E-03  4.84776741E-01 -2.12352486E+00 -2.12352486E+00  0.00000000E+00
     341  1.24371145E-01  1.81890100E-02  5.55515851E-04  4.40297715E-01  1.80534864E-03  4.85616711E-01 -2.12282878E+00 -2.12282878E+00  0.00000000E+00
     351  1.24821309E-01  1.83999902E-02  5.77218266E-04  4.31692188E-01  1.87090719E-03  4.86637239E-01 -2.12116296E+00 -2.12116296E+00  0.00000000E+00
     361  1.24917267E-01  1.84010534E-02  5.72886911E-04  4.36021854E-01  1.85571151E-03  4.87544701E-01 -2.12292461E+00 -2.12292461E+00  0.00000000E+00
     371  1.24763566E-01  1.83792566E-02  5.72186594E-04  4.35374433E-01  1.86671241E-03  4.98234593E-01 -2.12186995E+00 -2.12186995E+00  0.00000000E+00
     381  1.24679938E-01  1.83145080E-02  5.64600126E-04  4.38914294E-01  1.83759126E-03  4.97669688E-01 -2.12344523E+00 -2.12344523E+00  0.00000000E+00
     391  1.25008992E-01  1.84287020E-02  5.71625198E-04  4.38951229E-01  1.85884610E-03  4.93206730E-01 -2.12342858E+00 -2.12342858E+00  0.00000000E+00
     401  1.25247206E-01  1.84687969E-02  5.72534683E-04  4.40495822E-01  1.84589420E-03  5.03878476E-01 -2.12281481E+00 -2.12281481E+00  0.00000000E+00
     411  1.25768800E-01  1.85914684E-02  5.76039481E-04  4.44474999E-01  1.84041545E-03  5.15107814E-01 -2.12813896E+00 -2.12813896E+00  0.00000000E+00
     421  1.25376357E-01  1.84779895E-02  5.67901826E-04  4.45575286E-01  1.83051653E-03  5.16266445E-01 -2.12695423E+00 -2.12695423E+00  0.00000000E+00
     431  1.25261847E-01  1.84377101E-02  5.65641447E-04  4.45366615E-01  1.82283350E-03  5.16703742E-01 -2.12746737E+00 -2.12746737E+00  0.00000000E+00
     441  1.24821187E-01  1.83229035E-02  5.60100848E-04  4.43895531E-01  1.81977812E-03  5.15469166E-01 -2.12458765E+00 -2.12458765E+00  0.00000000E+00
     451  1.24300584E-01  1.81615100E-02  5.49823818E-04  4.44353751E-01  1.79874426E-03  5.22333242E-01 -2.12233975E+00 -2.12233975E+00  0.00000000E+00
     461  1.24710362E-01  1.83191671E-02  5.63394470E-04  4.40397202E-01  1.83564823E-03  5.16589456E-01 -2.12361253E+00 -2.12361253E+00  0.00000000E+00
     471  1.25029373E-01  1.83795769E-02  5.64121687E-04  4.43352167E-01  1.82286880E-03  5.06329122E-01 -2.12357785E+00 -2.12357785E+00  0.00000000E+00
     481  1.24398886E-01  1.82193966E-02  5.55405457E-04  4.42273980E-01  1.82093202E-03  5.03248388E-01 -2.12361210E+00 -2.12361210E+00  0.00000000E+00
     491  1.24644778E-01  1.82897011E-02  5.59384963E-04  4.42587994E-01  1.82694786E-03  4.99513090E-01 -2.12245817E+00 -2.12245817E+00  0.00000000E+00
     501  1.25015157E-01  1.83741313E-02  5.61580007E-04  4.45531663E-01  1.82161408E-03  4.97998784E-01 -2.12347034E+00 -2.12347034E+00  0.00000000E+00
     511  1.25310689E-01  1.84472910E-02  5.65422438E-04  4.46157107E-01  1.82107021E-03  5.07215061E-01 -2.12406002E+00 -2.12406002E+00  0.00000000E+00
     521  1.24747020E-01  1.82877141E-02  5.55970697E-04  4.45869825E-01  1.80871056E-03  5.07709295E-01 -2.12442372E+00 -2.12442372E+00  0.00000000E+00
     531  1.25151664E-01  1.84048122E-02  5.64547971E-04  4.44458105E-01  1.81931243E-03  5.14351858E-01 -2.12487942E+00 -2.12487942E+00  0.00000000E+00
     541  1.25519736E-01  1.85232362E-02  5.71024015E-04  4.45247343E-01  1.83666963E-03  5.16024450E-01 -2.12492851E+00 -2.12492851E+00  0.00000000E+00
     551  1.25553425E-01  1.85255117E-02  5.68523362E-04  4.47812419E-01  1.83256716E-03  5.15545234E-01 -2.12366620E+00 -2.12366620E+00  0.00000000E+00
     561  1.25424894E-01  1.84779654E-02  5.65554241E-04  4.47865724E-01  1.82242335E-03  5.12336853E-01 -2.12425045E+00 -2.12425045E+00  0.00000000E+00
     571  1.25129654E-01  1.83888620E-02  5.59433247E-04  4.48535815E-01  1.81238430E-03  5.09585896E-01 -2.12424393E+00 -2.12424393E+00  0.00000000E+00
     581  1.25139856E-01  1.83757606E-02  5.57336124E-04  4.49819380E-01  1.80199704E-03  5.08912578E-01 -2.12359062E+00 -2.12359062E+00  0.00000000E+00
     591  1.24701925E-01  1.82472689E-02  5.49447558E-04  4.49941034E-01  1.78933802E-03  5.02883134E-01 -2.12417843E+00 -2.12417843E+00  0.00000000E+00
     601  1.24871875E-01  1.82713661E-02  5.48154484E-04  4.52682071E-01  1.77718353E-03  4.99750257E-01 -2.12281257E+00 -2.12281257E+00  0.00000000E+00
     611  1.24646663E-01  1.82221717E-02  5.45392395E-04  4.52495673E-01  1.78182838E-03  5.03824318E-01 -2.12422170E+00 -2.12422170E+00  0.00000000E+00
     621  1.24931003E-01  1.83306055E-02  5.56349937E-04  4.48083769E-01  1.80669015E-03  5.03076929E-01 -2.12514983E+00 -2.12514983E+00  0.00000000E+00
     631  1.25072146E-01  1.83764248E-02  5.59667476E-04  4.47557897E-01  1.81367906E-03  4.97743657E-01 -2.12510131E+00 -2.12510131E+00  0.00000000E+00
     641  1.25387730E-01  1.84791750E-02  5.65309002E-04  4.48177393E-01  1.82941074E-03  4.98802813E-01 -2.12496788E+00 -2.12496788E+00  0.00000000E+00
     651  1.24970084E-01  1.83406268E-02  5.56263270E-04  4.48772619E-01  1.80685918E-03  4.94489468E-01 -2.12444450E+00 -2.12444450E+00  0.00000000E+00
     661  1.24825369E-01  1.83283074E-02  5.57639391E-04  4.46665858E-01  1.82267102E-03  4.89725213E-01 -2.12430452E+00 -2.12430452E+00  0.00000000E+00
     671  1.24181828E-01  1.81786499E-02  5.50487742E-04  4.44731361E-01  1.82969700E-03  4.93017827E-01 -2.12475313E+00 -2.12475313E+00  0.00000000E+00
     681  1.23783013E-01  1.80721559E-02  5.45180419E-04  4.43584698E-01  1.82465280E-03  4.92201930E-01 -2.12262266E+00 -2.12262266E+00  0.00000000E+00
     691  1.23538010E-01  1.79840515E-02  5.38270329E-04  4.45241317E-01  1.80639917E-03  4.88150335E-01 -2.12271310E+00 -2.12271310E+00  0.00000000E+00
     701  1.23675710E-01  1.80297148E-02  5.41700619E-04  4.44530316E-01  1.81411075E-03  4.94642327E-01 -2.12279298E+00 -2.12279298E+00  0.00000000E+00
     711  1.23833711E-01  1.80503084E-02  5.40142176E-04  4.47391472E-01  1.80182673E-03  4.92361368E-01 -2.12281234E+00 -2.12281234E+00  0.00000000E+00
     721  1.24015432E-01  1.81382802E-02  5.47375128E-04  4.45410567E-01  1.83031364E-03  4.95351872E-01 -2.12312283E+00 -2.12312283E+00  0.00000000E+00
     731  1.23908424E-01  1.80977892E-02  5.44053751E-04  4.46306403E-01  1.82105004E-03  4.90777079E-01 -2.12322682E+00 -2.12322682E+00  0.00000000E+00
     741  1.23759233E-01  1.80601130E-02  5.41653808E-04  4.46446474E-01  1.82056792E-03  4.88815908E-01 -2.12256807E+00 -2.12256807E+00  0.00000000E+00
     751  1.23757070E-01  1.80507850E-02  5.40458643E-04  4.47096901E-01  1.81473386E-03  4.89292887E-01 -2.12230546E+00 -2.12230546E+00  0.00000000E+00
     761  1.23468687E-01  1.79678931E-02  5.35669768E-04  4.46928127E-01  1.80703929E-03  4.88639214E-01 -2.12184541E+00 -2.12184541E+00  0.00000000E+00
     771  1.23158969E-01  1.78781090E-02  5.30387637E-04  4.46867755E-01  1.79814878E-03  4.83548103E-01 -2.12187202E+00 -2.12187202E+00  0.00000000E+00
     781  1.23400786E-01  1.79514404E-02  5.35004181E-04  4.46602338E-01  1.80724510E-03  4.82717281E-01 -2.12107888E+00 -2.12107888E+00  0.00000000E+00
     791  1.23169700E-01  1.78818715E-02  5.31151179E-04  4.46304547E-01  1.79889120E-03  4.80960104E-01 -2.12153953E+00 -2.12153953E+00  0.00000000E+00
