   #Iter             <M>           <M^2>           <M^4>      U_{Binder}            \chi        C_v(tot)             <E>       <E_{exc}>       <E_{lsf}>
       1  9.62139745E-01  9.33397242E-01  8.98942145E-01  6.56064139E-01  7.87995039E-03  3.18580018E+00 -5.22069486E+00 -5.22069486E+00  0.00000000E+00
      11  9.49762638E-01  9.14139915E-01  8.76678947E-01  6.50301333E-01  1.23986079E-02  2.83158855E+00 -5.19870647E+00 -5.19870647E+00  0.00000000E+00
      21  9.86873667E-01  9.82651605E-01  9.97486270E-01  6.55660744E-01  8.95423452E-03  2.77555344E+00 -5.23554895E+00 -5.23554895E+00  0.00000000E+00
      31  9.75124432E-01  9.58785688E-01  9.48009562E-01  6.56245512E-01  8.11957572E-03  2.32370962E+00 -5.22325718E+00 -5.22325718E+00  0.00000000E+00
      41  9.63467327E-01  9.36689677E-01  9.07685034E-01  6.55156176E-01  8.63471986E-03  2.19250633E+00 -5.19329501E+00 -5.19329501E+00  0.00000000E+00
      51  9.66594594E-01  9.41752630E-01  9.13610850E-01  6.56626867E-01  7.63709069E-03  2.22610847E+00 -5.19947247E+00 -5.19947247E+00  0.00000000E+00
      61  9.70195533E-01  9.48548580E-01  9.25893550E-01  6.56979048E-01  7.45423897E-03  2.10799090E+00 -5.20922998E+00 -5.20922998E+00  0.00000000E+00
      71  9.69094598E-01  9.46206167E-01  9.20740712E-01  6.57197056E-01  7.24157910E-03  2.26679580E+00 -5.19709908E+00 -5.19709908E+00  0.00000000E+00
      81  9.74290837E-01  9.56661576E-01  9.42313412E-01  6.56791958E-01  7.60778188E-03  2.62394082E+00 -5.21356393E+00 -5.21356393E+00  0.00000000E+00
      91  9.79993704E-01  9.67196130E-01  9.60530403E-01  6.57736363E-01  6.98177261E-03  2.35581328E+00 -5.22422772E+00 -5.22422772E+00  0.00000000E+00
     101  9.88796466E-01  9.84551571E-01  9.95211973E-01  6.57770535E-01  7.00704995E-03  2.45053584E+00 -5.23907418E+00 -5.23907418E+00  0.00000000E+00
     111  9.83923474E-01  9.74949635E-01  9.76405452E-01  6.57591467E-01  7.01844663E-03  2.35206426E+00 -5.23740048E+00 -5.23740048E+00  0.00000000E+00
     121  9.77557152E-01  9.62927275E-01  9.54370695E-01  6.56909365E-01  7.49533929E-03  2.35562394E+00 -5.23516875E+00 -5.23516875E+00  0.00000000E+00
     131  9.75953749E-01  9.59912784E-01  9.49129436E-01  6.56647166E-01  7.61611106E-03  2.59556123E+00 -5.22986839E+00 -5.22986839E+00  0.00000000E+00
     141  9.71247313E-01  9.50556264E-01  9.30342225E-01  6.56785347E-01  7.41907981E-03  2.65532238E+00 -5.21620769E+00 -5.21620769E+00  0.00000000E+00
     151  9.67715185E-01  9.44521093E-01  9.21803035E-01  6.55575881E-01  8.25327796E-03  2.71820190E+00 -5.21041027E+00 -5.21041027E+00  0.00000000E+00
     161  9.63239291E-01  9.36647476E-01  9.08750289E-01  6.54720358E-01  9.04198593E-03  2.70961585E+00 -5.19984849E+00 -5.19984849E+00  0.00000000E+00
     171  9.59413224E-01  9.29620517E-01  8.96438832E-01  6.54229446E-01  9.37960522E-03  2.63874753E+00 -5.19561479E+00 -5.19561479E+00  0.00000000E+00
     181  9.55362580E-01  9.22113867E-01  8.83133126E-01  6.53793024E-01  9.63537766E-03  2.76470986E+00 -5.19145364E+00 -5.19145364E+00  0.00000000E+00
     191  9.55734478E-01  9.22948346E-01  8.85062443E-01  6.53663818E-01  9.76227411E-03  2.74423469E+00 -5.19463889E+00 -5.19463889E+00  0.00000000E+00
     201  9.54323791E-01  9.20089135E-01  8.79299754E-01  6.53777018E-01  9.59336608E-03  2.69638796E+00 -5.19740687E+00 -5.19740687E+00  0.00000000E+00
     211  9.55927577E-01  9.23408076E-01  8.85994137E-01  6.53644366E-01  9.85517112E-03  2.74318652E+00 -5.19822263E+00 -5.19822263E+00  0.00000000E+00
     221  9.55362349E-01  9.22272622E-01  8.83626314E-01  6.53718928E-01  9.79862587E-03  2.79473009E+00 -5.19818715E+00 -5.19818715E+00  0.00000000E+00
     231  9.56157082E-01  9.23532421E-01  8.85095293E-01  6.54088912E-01  9.53267728E-03  2.77392954E+00 -5.19623669E+00 -5.19623669E+00  0.00000000E+00
     241  9.57264737E-01  9.25588795E-01  8.88823857E-01  6.54173498E-01  9.46803531E-03  2.75713251E+00 -5.20061930E+00 -5.20061930E+00  0.00000000E+00
     251  9.56828075E-01  9.24822680E-01  8.87512915E-01  6.54111213E-01  9.53950586E-03  2.69185676E+00 -5.20064076E+00 -5.20064076E+00  0.00000000E+00
     261  9.53565202E-01  9.19021354E-01  8.77578707E-01  6.53651256E-01  9.98254731E-03  2.78382059E+00 -5.19627558E+00 -5.19627558E+00  0.00000000E+00
     271  9.55936551E-01  9.23467370E-01  8.85765174E-01  6.53778338E-01  9.89837992E-03  2.81907099E+00 -5.19664569E+00 -5.19664569E+00  0.00000000E+00
     281  9.57201805E-01  9.25723552E-01  8.89461875E-01  6.54026004E-01  9.72976951E-03  2.77973223E+00 -5.19887241E+00 -5.19887241E+00  0.00000000E+00
     291  9.55670250E-01  9.22929958E-01  8.84636432E-01  6.53816727E-01  9.86930825E-03  2.81045953E+00 -5.20016351E+00 -5.20016351E+00  0.00000000E+00
     301  9.53884704E-01  9.19895357E-01  8.80077695E-01  6.53324696E-01  1.02538520E-02  2.80896916E+00 -5.19805520E+00 -5.19805520E+00  0.00000000E+00
     311  9.53836699E-01  9.19856014E-01  8.80368265E-01  6.53180570E-01  1.03074171E-02  2.77974144E+00 -5.20090358E+00 -5.20090358E+00  0.00000000E+00
     321  9.54490867E-01  9.20947085E-01  8.81902883E-01  6.53398728E-01  1.01461184E-02  2.77433723E+00 -5.19973503E+00 -5.19973503E+00  0.00000000E+00
     331  9.56059701E-01  9.23878477E-01  8.87233656E-01  6.53512913E-01  1.00784943E-02  2.71714111E+00 -5.20122374E+00 -5.20122374E+00  0.00000000E+00
     341  9.54787777E-01  9.21695900E-01  8.83961736E-01  6.53153832E-01  1.03326808E-02  2.75583491E+00 -5.20352042E+00 -5.20352042E+00  0.00000000E+00
     351  9.52425286E-01  9.17304600E-01  8.76145474E-01  6.52921410E-01  1.04500692E-02  2.72358007E+00 -5.19931925E+00 -5.19931925E+00  0.00000000E+00
     361  9.52904376E-01  9.18174786E-01  8.77679404E-01  6.52972471E-01  1.04063434E-02  2.75002257E+00 -5.19539952E+00 -5.19539952E+00  0.00000000E+00
     371  9.52889381E-01  9.18032441E-01  8.77170180E-01  6.53066253E-01  1.02896803E-02  2.76817768E+00 -5.19545280E+00 -5.19545280E+00  0.00000000E+00
     381  9.51647738E-01  9.15681720E-01  8.72913485E-01  6.52974923E-01  1.03040734E-02  2.72632208E+00 -5.19402335E+00 -5.19402335E+00  0.00000000E+00
     391  9.47599833E-01  9.08559160E-01  8.61462458E-01  6.52136647E-01  1.08838784E-02  2.76143999E+00 -5.19027609E+00 -5.19027609E+00  0.00000000E+00
     401  9.48226506E-01  9.09688502E-01  8.63431516E-01  6.52206684E-01  1.08236612E-02  2.78648347E+00 -5.18907544E+00 -5.18907544E+00  0.00000000E+00
     411  9.48959667E-01  9.10835842E-01  8.64747334E-01  6.52553650E-01  1.05738584E-02  2.80564844E+00 -5.18711209E+00 -5.18711209E+00  0.00000000E+00
     421  9.48975307E-01  9.10809047E-01  8.64579353E-01  6.52600705E-01  1.05159430E-02  2.75971000E+00 -5.18852051E+00 -5.18852051E+00  0.00000000E+00
     431  9.49589520E-01  9.11950575E-01  8.66608034E-01  6.52656759E-01  1.04907208E-02  2.74867933E+00 -5.18928245E+00 -5.18928245E+00  0.00000000E+00
     441  9.49963424E-01  9.12768435E-01  8.68442990E-01  6.52544786E-01  1.06010700E-02  2.80256950E+00 -5.19156178E+00 -5.19156178E+00  0.00000000E+00
     451  9.49118209E-01  9.11372404E-01  8.66543308E-01  6.52241888E-01  1.08154929E-02  2.80289407E+00 -5.19103442E+00 -5.19103442E+00  0.00000000E+00
     461  9.49490083E-01  9.11944145E-01  8.67180081E-01  6.52422576E-01  1.06777724E-02  2.78005877E+00 -5.19148668E+00 -5.19148668E+00  0.00000000E+00
     471  9.49403706E-01  9.11675018E-01  8.66374560E-01  6.52540390E-01  1.05699908E-02  2.77551614E+00 -5.18919903E+00 -5.18919903E+00  0.00000000E+00
     481  9.49284414E-01  9.11371043E-01  8.65541672E-01  6.52642823E-01  1.04905418E-02  2.78000915E+00 -5.19062165E+00 -5.19062165E+00  0.00000000E+00
     491  9.49272361E-01  9.11342629E-01  8.65491261E-01  6.52641395E-01  1.04848707E-02  2.77798484E+00 -5.19083649E+00 -5.19083649E+00  0.00000000E+00
     501  9.50529361E-01  9.13642496E-01  8.69435430E-01  6.52812967E-01  1.03944432E-02  2.74740618E+00 -5.19292075E+00 -5.19292075E+00  0.00000000E+00
     511  9.49933345E-01  9.12349359E-01  8.66527847E-01  6.52992448E-01  1.02299278E-02  2.76394019E+00 -5.19037833E+00 -5.19037833E+00  0.00000000E+00
     521  9.50022151E-01  9.12466774E-01  8.66596140E-01  6.53054406E-01  1.01773091E-02  2.73712456E+00 -5.19110324E+00 -5.19110324E+00  0.00000000E+00
     531  9.51107758E-01  9.14472869E-01  8.70122821E-01  6.53169203E-01  1.01180537E-02  2.71370893E+00 -5.19327392E+00 -5.19327392E+00  0.00000000E+00
     541  9.51165193E-01  9.14624973E-01  8.70522382E-01  6.53125339E-01  1.01619925E-02  2.72185983E+00 -5.19526939E+00 -5.19526939E+00  0.00000000E+00
     551  9.50443442E-01  9.13341536E-01  8.68409890E-01  6.52993916E-01  1.02533098E-02  2.72758801E+00 -5.19407281E+00 -5.19407281E+00  0.00000000E+00
     561  9.49416167E-01  9.11353846E-01  8.64666249E-01  6.52981050E-01  1.02163793E-02  2.73356993E+00 -5.19285926E+00 -5.19285926E+00  0.00000000E+00
     571  9.48871071E-01  9.10189080E-01  8.62085829E-01  6.53130583E-01  1.00830539E-02  2.73312859E+00 -5.19021878E+00 -5.19021878E+00  0.00000000E+00
     581  9.49232421E-01  9.10976500E-01  8.63756232E-01  6.53059027E-01  1.01871788E-02  2.71821329E+00 -5.19056347E+00 -5.19056347E+00  0.00000000E+00
     591  9.48425356E-01  9.09498946E-01  8.61192342E-01  6.52964020E-01  1.02425326E-02  2.71000943E+00 -5.18915990E+00 -5.18915990E+00  0.00000000E+00
     601  9.49035049E-01  9.10642313E-01  8.63314150E-01  6.52982040E-01  1.02286862E-02  2.69741850E+00 -5.19135285E+00 -5.19135285E+00  0.00000000E+00
     611  9.49967017E-01  9.12323827E-01  8.66130810E-01  6.53132031E-01  1.01381448E-02  2.69121607E+00 -5.19220427E+00 -5.19220427E+00  0.00000000E+00
     621  9.51460611E-01  9.15183095E-01  8.71541232E-01  6.53142807E-01  1.01579416E-02  2.74327633E+00 -5.19599485E+00 -5.19599485E+00  0.00000000E+00
     631  9.50100624E-01  9.12949856E-01  8.68046305E-01  6.52841511E-01  1.05197834E-02  2.78738059E+00 -5.19381901E+00 -5.19381901E+00  0.00000000E+00
     641  9.50772734E-01  9.14188788E-01  8.70205921E-01  6.52920472E-01  1.04801363E-02  2.80431901E+00 -5.19351525E+00 -5.19351525E+00  0.00000000E+00
     651  9.51366229E-01  9.15260477E-01  8.72084570E-01  6.52985254E-01  1.04214594E-02  2.79608327E+00 -5.19310684E+00 -5.19310684E+00  0.00000000E+00
     661  9.51740118E-01  9.15908986E-01  8.73119905E-01  6.53065096E-01  1.03568126E-02  2.80149387E+00 -5.19406401E+00 -5.19406401E+00  0.00000000E+00
     671  9.52153770E-01  9.16614465E-01  8.74192683E-01  6.53173319E-01  1.02726531E-02  2.80764993E+00 -5.19331371E+00 -5.19331371E+00  0.00000000E+00
     681  9.51450999E-01  9.15243056E-01  8.71531114E-01  6.53192280E-01  1.02381862E-02  2.79942795E+00 -5.19122649E+00 -5.19122649E+00  0.00000000E+00
     691  9.52463111E-01  9.17245077E-01  8.75527311E-01  6.53121275E-01  1.03151437E-02  2.81890644E+00 -5.19363642E+00 -5.19363642E+00  0.00000000E+00
     701  9.53462604E-01  9.19238980E-01  8.79569335E-01  6.53029972E-01  1.04063508E-02  2.81753795E+00 -5.19515498E+00 -5.19515498E+00  0.00000000E+00
     711  9.52730758E-01  9.18046529E-01  8.77773825E-01  6.52838157E-01  1.06140960E-02  2.84192619E+00 -5.19219762E+00 -5.19219762E+00  0.00000000E+00
     721  9.52139022E-01  9.16941350E-01  8.75746754E-01  6.52804438E-01  1.06366583E-02  2.82488153E+00 -5.19137967E+00 -5.19137967E+00  0.00000000E+00
     731  9.52275473E-01  9.17119340E-01  8.75830549E-01  6.52905980E-01  1.05527050E-02  2.81135831E+00 -5.19146007E+00 -5.19146007E+00  0.00000000E+00
     741  9.52636501E-01  9.17739760E-01  8.76791940E-01  6.52994627E-01  1.04836848E-02  2.79832517E+00 -5.19192653E+00 -5.19192653E+00  0.00000000E+00
     751  9.52824180E-01  9.18059285E-01  8.77333910E-01  6.53021786E-01  1.04446248E-02  2.81381309E+00 -5.19178950E+00 -5.19178950E+00  0.00000000E+00
     761  9.52321540E-01  9.17048330E-01  8.75312853E-01  6.53057422E-01  1.03899159E-02  2.80782692E+00 -5.19031971E+00 -5.19031971E+00  0.00000000E+00
     771  9.52881869E-01  9.17984699E-01  8.76622719E-01  6.53246716E-01  1.02554040E-02  2.78947700E+00 -5.19036291E+00 -5.19036291E+00  0.00000000E+00
     781  9.53076967E-01  9.18373554E-01  8.77440765E-01  6.53216988E-01  1.02728429E-02  2.81950303E+00 -5.18992770E+00 -5.18992770E+00  0.00000000E+00
     791  9.54050594E-01  9.20326696E-01  8.81525673E-01  6.53079734E-01  1.03716059E-02  2.85396862E+00 -5.19166630E+00 -5.19166630E+00  0.00000000E+00
