   #Iter           <M>_x           <M>_y           <M>_z             <M>        M_{stdv}
       0 -2.17223942E-01  4.23233699E-01 -1.14201699E+00  2.16212930E+00  1.71175745E-03
      50 -2.08888127E-01  4.43363603E-01 -1.13470237E+00  2.16058333E+00  3.43813385E-03
     100 -2.14201569E-01  4.35913624E-01 -1.13501088E+00  2.16272634E+00  3.89992861E-03
     150 -2.24902696E-01  4.32558681E-01 -1.13154730E+00  2.16309313E+00  3.59191688E-03
     200 -2.23658303E-01  4.33621548E-01 -1.13562064E+00  2.16351630E+00  3.04570110E-03
     250 -2.30485164E-01  4.25872840E-01 -1.12894201E+00  2.16233407E+00  3.89590043E-03
     300 -2.34902387E-01  4.31931178E-01 -1.13066351E+00  2.16159160E+00  3.53236175E-03
     350 -2.32028149E-01  4.36697195E-01 -1.13569169E+00  2.15987362E+00  4.28508055E-03
     400 -2.25021308E-01  4.41175029E-01 -1.13010156E+00  2.16311557E+00  1.26471295E-03
     450 -2.28268536E-01  4.47084656E-01 -1.12302811E+00  2.16257053E+00  2.17067918E-03
     500 -2.34460998E-01  4.45739131E-01 -1.13143751E+00  2.16164626E+00  1.83406758E-03
     550 -2.31425505E-01  4.45983723E-01 -1.13702849E+00  2.16211677E+00  2.41921609E-03
     600 -2.28722455E-01  4.35553416E-01 -1.14131917E+00  2.16139042E+00  3.13733455E-03
     650 -2.25224172E-01  4.30206794E-01 -1.13877149E+00  2.16289554E+00  1.99311864E-03
     700 -2.21631537E-01  4.35200215E-01 -1.13981380E+00  2.16252494E+00  1.97205009E-03
     750 -2.16139752E-01  4.18236461E-01 -1.13748176E+00  2.16175654E+00  1.96083900E-03
     800 -2.32113126E-01  4.23913234E-01 -1.12767441E+00  2.16237767E+00  2.24962523E-03
     850 -2.26634007E-01  4.31003462E-01 -1.12486229E+00  2.16119329E+00  2.18062086E-03
     900 -2.28208068E-01  4.25448028E-01 -1.11528419E+00  2.15921977E+00  3.40340355E-03
     950 -2.27780935E-01  4.19964419E-01 -1.11270766E+00  2.16079261E+00  4.07397004E-03
    1000 -2.31010515E-01  4.14506289E-01 -1.11018478E+00  2.16108042E+00  1.51538926E-03
    1050 -2.24312669E-01  4.29354758E-01 -1.11573634E+00  2.16277259E+00  2.90776520E-03
    1100 -2.32077963E-01  4.26345500E-01 -1.10943994E+00  2.15922552E+00  3.07530373E-03
    1150 -2.38571898E-01  4.21176782E-01 -1.10768156E+00  2.16053903E+00  3.40860470E-03
    1200 -2.46876064E-01  4.16862972E-01 -1.10604919E+00  2.15740633E+00  4.26937678E-03
    1250 -2.39665707E-01  4.18114366E-01 -1.11013177E+00  2.15915441E+00  3.54735642E-03
    1300 -2.41686898E-01  4.15573441E-01 -1.11259009E+00  2.16097372E+00  3.43877898E-03
    1350 -2.39516360E-01  4.21757927E-01 -1.10577265E+00  2.16062324E+00  4.70279195E-03
    1400 -2.41195965E-01  4.14115073E-01 -1.10172955E+00  2.16130397E+00  3.06292745E-03
    1450 -2.46152923E-01  4.18121041E-01 -1.09360755E+00  2.16045029E+00  1.69260438E-03
    1500 -2.51985250E-01  4.17870600E-01 -1.10143925E+00  2.16195061E+00  2.60733628E-03
    1550 -2.66033129E-01  4.31487632E-01 -1.07967832E+00  2.16356830E+00  2.02005094E-03
    1600 -2.42649505E-01  4.36909731E-01 -1.06196740E+00  2.16311624E+00  1.55093515E-03
    1650 -2.37341167E-01  4.29548225E-01 -1.04524799E+00  2.16177447E+00  3.74128065E-03
    1700 -2.30180933E-01  4.21794311E-01 -1.04254385E+00  2.16408423E+00  6.41912716E-04
    1750 -2.37391790E-01  4.30069958E-01 -1.03229515E+00  2.16260672E+00  2.44752430E-03
    1800 -2.27959847E-01  4.33228393E-01 -1.01689378E+00  2.16203551E+00  1.70640834E-03
    1850 -2.28621337E-01  4.28318861E-01 -1.01664708E+00  2.16386186E+00  2.48087853E-03
    1900 -2.21297326E-01  4.26252260E-01 -9.98798186E-01  2.16136644E+00  3.49061675E-03
    1950 -2.19346896E-01  4.20964317E-01 -1.00689159E+00  2.16062595E+00  2.46217108E-03
