   #Iter             <M>           <M^2>           <M^4>      U_{Binder}            \chi        C_v(tot)             <E>       <E_{exc}>       <E_{lsf}>
       1  2.15975049E+00  4.66452942E+00  2.17579701E+01  6.66664594E-01  8.19487694E-05  8.34537531E-01 -1.18938171E+01 -1.18938171E+01  0.00000000E+00
      11  2.16188222E+00  4.67374511E+00  2.18440872E+01  6.66663708E-01  1.17156472E-04  1.09065163E+00 -1.19013991E+01 -1.19013991E+01  0.00000000E+00
      21  2.16115337E+00  4.67059489E+00  2.18146617E+01  6.66663533E-01  1.23868836E-04  8.59403776E-01 -1.19016129E+01 -1.19016129E+01  0.00000000E+00
      31  2.16056961E+00  4.66807225E+00  2.17911082E+01  6.66663461E-01  1.26672281E-04  1.01506383E+00 -1.18979534E+01 -1.18979534E+01  0.00000000E+00
      41  2.16111191E+00  4.67041342E+00  2.18129246E+01  6.66664173E-01  9.85948277E-05  9.54798038E-01 -1.18972501E+01 -1.18972501E+01  0.00000000E+00
      51  2.16133242E+00  4.67136879E+00  2.18218907E+01  6.66663544E-01  1.23553689E-04  1.04705391E+00 -1.18981160E+01 -1.18981160E+01  0.00000000E+00
      61  2.16117089E+00  4.67067083E+00  2.18153750E+01  6.66663474E-01  1.26312740E-04  1.15122522E+00 -1.18981555E+01 -1.18981555E+01  0.00000000E+00
      71  2.16134564E+00  4.67142456E+00  2.18223862E+01  6.66663936E-01  1.08021842E-04  1.07532545E+00 -1.18982439E+01 -1.18982439E+01  0.00000000E+00
      81  2.16140073E+00  4.67166254E+00  2.18246069E+01  6.66663979E-01  1.06311665E-04  1.11392789E+00 -1.18985411E+01 -1.18985411E+01  0.00000000E+00
      91  2.16142436E+00  4.67176440E+00  2.18255530E+01  6.66664064E-01  1.02967425E-04  1.07543439E+00 -1.18983363E+01 -1.18983363E+01  0.00000000E+00
     101  2.16152272E+00  4.67218940E+00  2.18295206E+01  6.66664119E-01  1.00768073E-04  1.08737466E+00 -1.18983584E+01 -1.18983584E+01  0.00000000E+00
     111  2.16128001E+00  4.67114091E+00  2.18197368E+01  6.66663925E-01  1.08444844E-04  1.15686609E+00 -1.18983753E+01 -1.18983753E+01  0.00000000E+00
     121  2.16111822E+00  4.67044192E+00  2.18132134E+01  6.66663828E-01  1.12247346E-04  1.14450996E+00 -1.18984411E+01 -1.18984411E+01  0.00000000E+00
     131  2.16102071E+00  4.67002039E+00  2.18092748E+01  6.66663849E-01  1.11409487E-04  1.11482641E+00 -1.18982447E+01 -1.18982447E+01  0.00000000E+00
     141  2.16108110E+00  4.67028123E+00  2.18117080E+01  6.66663897E-01  1.09524706E-04  1.12430368E+00 -1.18984173E+01 -1.18984173E+01  0.00000000E+00
     151  2.16115639E+00  4.67060749E+00  2.18147715E+01  6.66663653E-01  1.19140614E-04  1.10067272E+00 -1.18984876E+01 -1.18984876E+01  0.00000000E+00
     161  2.16109160E+00  4.67032738E+00  2.18121532E+01  6.66663681E-01  1.18038113E-04  1.10457137E+00 -1.18981677E+01 -1.18981677E+01  0.00000000E+00
     171  2.16104022E+00  4.67010521E+00  2.18100763E+01  6.66663708E-01  1.16943279E-04  1.10135519E+00 -1.18980424E+01 -1.18980424E+01  0.00000000E+00
     181  2.16101943E+00  4.67001506E+00  2.18092285E+01  6.66663796E-01  1.13493094E-04  1.11819415E+00 -1.18986006E+01 -1.18986006E+01  0.00000000E+00
     191  2.16095965E+00  4.66975696E+00  2.18068230E+01  6.66663718E-01  1.16560316E-04  1.13881152E+00 -1.18982295E+01 -1.18982295E+01  0.00000000E+00
     201  2.16099412E+00  4.66990601E+00  2.18082162E+01  6.66663700E-01  1.17302504E-04  1.12605486E+00 -1.18978925E+01 -1.18978925E+01  0.00000000E+00
     211  2.16099720E+00  4.66991908E+00  2.18083341E+01  6.66663765E-01  1.14715613E-04  1.12833146E+00 -1.18981602E+01 -1.18981602E+01  0.00000000E+00
     221  2.16100518E+00  4.66995353E+00  2.18086553E+01  6.66663772E-01  1.14414892E-04  1.13848386E+00 -1.18980847E+01 -1.18980847E+01  0.00000000E+00
     231  2.16104268E+00  4.67011534E+00  2.18101618E+01  6.66663847E-01  1.11475558E-04  1.11300277E+00 -1.18980284E+01 -1.18980284E+01  0.00000000E+00
     241  2.16102350E+00  4.67003252E+00  2.18093897E+01  6.66663825E-01  1.12319765E-04  1.14668102E+00 -1.18980143E+01 -1.18980143E+01  0.00000000E+00
     251  2.16112480E+00  4.67047045E+00  2.18134822E+01  6.66663793E-01  1.13585705E-04  1.17419391E+00 -1.18981055E+01 -1.18981055E+01  0.00000000E+00
     261  2.16109977E+00  4.67036229E+00  2.18124722E+01  6.66663789E-01  1.13745264E-04  1.17490495E+00 -1.18980781E+01 -1.18980781E+01  0.00000000E+00
     271  2.16113764E+00  4.67052579E+00  2.18139962E+01  6.66663839E-01  1.11760951E-04  1.13713347E+00 -1.18980752E+01 -1.18980752E+01  0.00000000E+00
     281  2.16112955E+00  4.67049090E+00  2.18136714E+01  6.66663822E-01  1.12438022E-04  1.12494135E+00 -1.18981980E+01 -1.18981980E+01  0.00000000E+00
     291  2.16107534E+00  4.67025637E+00  2.18114762E+01  6.66663891E-01  1.09712579E-04  1.10327397E+00 -1.18981016E+01 -1.18981016E+01  0.00000000E+00
     301  2.16112942E+00  4.67048991E+00  2.18136537E+01  6.66663951E-01  1.07363257E-04  1.10399334E+00 -1.18979569E+01 -1.18979569E+01  0.00000000E+00
     311  2.16112800E+00  4.67048381E+00  2.18135978E+01  6.66663935E-01  1.07968331E-04  1.08734489E+00 -1.18977291E+01 -1.18977291E+01  0.00000000E+00
     321  2.16119662E+00  4.67078051E+00  2.18163715E+01  6.66663903E-01  1.09246134E-04  1.09343529E+00 -1.18979934E+01 -1.18979934E+01  0.00000000E+00
     331  2.16118440E+00  4.67072790E+00  2.18158839E+01  6.66663843E-01  1.11611782E-04  1.10573890E+00 -1.18980858E+01 -1.18980858E+01  0.00000000E+00
     341  2.16113775E+00  4.67052616E+00  2.18139973E+01  6.66663875E-01  1.10339989E-04  1.10444358E+00 -1.18981155E+01 -1.18981155E+01  0.00000000E+00
     351  2.16115189E+00  4.67058708E+00  2.18145632E+01  6.66663924E-01  1.08424353E-04  1.10702753E+00 -1.18980807E+01 -1.18980807E+01  0.00000000E+00
     361  2.16114186E+00  4.67054369E+00  2.18141567E+01  6.66663942E-01  1.07702636E-04  1.09616877E+00 -1.18981346E+01 -1.18981346E+01  0.00000000E+00
     371  2.16107074E+00  4.67023632E+00  2.18112863E+01  6.66663931E-01  1.08108837E-04  1.08893473E+00 -1.18980082E+01 -1.18980082E+01  0.00000000E+00
     381  2.16103022E+00  4.67006142E+00  2.18096571E+01  6.66663863E-01  1.10822271E-04  1.08388060E+00 -1.18980808E+01 -1.18980808E+01  0.00000000E+00
     391  2.16099317E+00  4.66990169E+00  2.18081729E+01  6.66663747E-01  1.15425277E-04  1.09005730E+00 -1.18980354E+01 -1.18980354E+01  0.00000000E+00
     401  2.16098612E+00  4.66987106E+00  2.18078834E+01  6.66663798E-01  1.13383768E-04  1.09406929E+00 -1.18980709E+01 -1.18980709E+01  0.00000000E+00
     411  2.16098040E+00  4.66984618E+00  2.18076483E+01  6.66663839E-01  1.11755028E-04  1.08404508E+00 -1.18980155E+01 -1.18980155E+01  0.00000000E+00
     421  2.16097783E+00  4.66983509E+00  2.18075447E+01  6.66663839E-01  1.11763636E-04  1.07937316E+00 -1.18980218E+01 -1.18980218E+01  0.00000000E+00
     431  2.16094952E+00  4.66971279E+00  2.18064033E+01  6.66663827E-01  1.12254677E-04  1.10602042E+00 -1.18978787E+01 -1.18978787E+01  0.00000000E+00
     441  2.16091151E+00  4.66954839E+00  2.18048658E+01  6.66663861E-01  1.10912148E-04  1.09685958E+00 -1.18979138E+01 -1.18979138E+01  0.00000000E+00
     451  2.16089807E+00  4.66949032E+00  2.18043241E+01  6.66663850E-01  1.11324078E-04  1.10114874E+00 -1.18978806E+01 -1.18978806E+01  0.00000000E+00
     461  2.16091335E+00  4.66955623E+00  2.18049370E+01  6.66663890E-01  1.09746353E-04  1.09489858E+00 -1.18978104E+01 -1.18978104E+01  0.00000000E+00
     471  2.16092898E+00  4.66962379E+00  2.18055682E+01  6.66663886E-01  1.09905692E-04  1.08271864E+00 -1.18977496E+01 -1.18977496E+01  0.00000000E+00
     481  2.16092227E+00  4.66959478E+00  2.18052971E+01  6.66663889E-01  1.09795577E-04  1.08199964E+00 -1.18976999E+01 -1.18976999E+01  0.00000000E+00
     491  2.16091612E+00  4.66956833E+00  2.18050525E+01  6.66663852E-01  1.11228267E-04  1.08673934E+00 -1.18978459E+01 -1.18978459E+01  0.00000000E+00
     501  2.16086961E+00  4.66936724E+00  2.18031726E+01  6.66663881E-01  1.10104876E-04  1.08744915E+00 -1.18978811E+01 -1.18978811E+01  0.00000000E+00
     511  2.16085748E+00  4.66931491E+00  2.18026856E+01  6.66663856E-01  1.11089975E-04  1.09017976E+00 -1.18978071E+01 -1.18978071E+01  0.00000000E+00
     521  2.16087992E+00  4.66941190E+00  2.18035914E+01  6.66663855E-01  1.11120630E-04  1.09841500E+00 -1.18978226E+01 -1.18978226E+01  0.00000000E+00
     531  2.16095241E+00  4.66972516E+00  2.18065171E+01  6.66663854E-01  1.11161494E-04  1.11017204E+00 -1.18977904E+01 -1.18977904E+01  0.00000000E+00
     541  2.16099934E+00  4.66992792E+00  2.18084091E+01  6.66663881E-01  1.10109305E-04  1.10432593E+00 -1.18978166E+01 -1.18978166E+01  0.00000000E+00
     551  2.16101396E+00  4.66999103E+00  2.18089976E+01  6.66663895E-01  1.09562879E-04  1.11561630E+00 -1.18979168E+01 -1.18979168E+01  0.00000000E+00
     561  2.16100051E+00  4.66993294E+00  2.18084555E+01  6.66663887E-01  1.09869981E-04  1.12055283E+00 -1.18977362E+01 -1.18977362E+01  0.00000000E+00
     571  2.16103482E+00  4.67008115E+00  2.18098385E+01  6.66663907E-01  1.09075684E-04  1.11801935E+00 -1.18979047E+01 -1.18979047E+01  0.00000000E+00
     581  2.16105223E+00  4.67015631E+00  2.18105389E+01  6.66663932E-01  1.08085147E-04  1.11458554E+00 -1.18978885E+01 -1.18978885E+01  0.00000000E+00
     591  2.16102797E+00  4.67005145E+00  2.18095590E+01  6.66663939E-01  1.07798517E-04  1.11144179E+00 -1.18977757E+01 -1.18977757E+01  0.00000000E+00
     601  2.16105480E+00  4.67016727E+00  2.18106384E+01  6.66663975E-01  1.06370379E-04  1.10569738E+00 -1.18977450E+01 -1.18977450E+01  0.00000000E+00
     611  2.16109677E+00  4.67034862E+00  2.18123310E+01  6.66663997E-01  1.05534588E-04  1.09648700E+00 -1.18977226E+01 -1.18977226E+01  0.00000000E+00
     621  2.16110581E+00  4.67038764E+00  2.18126944E+01  6.66664012E-01  1.04941082E-04  1.09418535E+00 -1.18977361E+01 -1.18977361E+01  0.00000000E+00
     631  2.16110687E+00  4.67039223E+00  2.18127376E+01  6.66664007E-01  1.05140926E-04  1.10678081E+00 -1.18978090E+01 -1.18978090E+01  0.00000000E+00
     641  2.16108482E+00  4.67029697E+00  2.18118485E+01  6.66663997E-01  1.05519177E-04  1.11328259E+00 -1.18977751E+01 -1.18977751E+01  0.00000000E+00
     651  2.16109303E+00  4.67033240E+00  2.18121791E+01  6.66664003E-01  1.05286725E-04  1.12026590E+00 -1.18977700E+01 -1.18977700E+01  0.00000000E+00
     661  2.16109807E+00  4.67035467E+00  2.18123962E+01  6.66663863E-01  1.10812357E-04  1.12509691E+00 -1.18977814E+01 -1.18977814E+01  0.00000000E+00
     671  2.16109560E+00  4.67034396E+00  2.18122951E+01  6.66663880E-01  1.10146974E-04  1.12882605E+00 -1.18978342E+01 -1.18978342E+01  0.00000000E+00
     681  2.16109137E+00  4.67032565E+00  2.18121234E+01  6.66663890E-01  1.09785074E-04  1.13877102E+00 -1.18978344E+01 -1.18978344E+01  0.00000000E+00
     691  2.16110572E+00  4.67038776E+00  2.18127056E+01  6.66663858E-01  1.11023289E-04  1.14407878E+00 -1.18978981E+01 -1.18978981E+01  0.00000000E+00
     701  2.16113587E+00  4.67051812E+00  2.18139236E+01  6.66663854E-01  1.11194672E-04  1.13942671E+00 -1.18979902E+01 -1.18979902E+01  0.00000000E+00
     711  2.16114595E+00  4.67056167E+00  2.18143305E+01  6.66663852E-01  1.11295238E-04  1.14169899E+00 -1.18979310E+01 -1.18979310E+01  0.00000000E+00
     721  2.16114935E+00  4.67057654E+00  2.18144720E+01  6.66663811E-01  1.12898964E-04  1.14500966E+00 -1.18979010E+01 -1.18979010E+01  0.00000000E+00
     731  2.16117667E+00  4.67069451E+00  2.18155726E+01  6.66663834E-01  1.12012982E-04  1.13997979E+00 -1.18978943E+01 -1.18978943E+01  0.00000000E+00
     741  2.16119664E+00  4.67078076E+00  2.18163768E+01  6.66663858E-01  1.11062429E-04  1.13726631E+00 -1.18978700E+01 -1.18978700E+01  0.00000000E+00
     751  2.16118982E+00  4.67075126E+00  2.18161005E+01  6.66663868E-01  1.10640145E-04  1.13832172E+00 -1.18979558E+01 -1.18979558E+01  0.00000000E+00
     761  2.16116614E+00  4.67064884E+00  2.18151430E+01  6.66663879E-01  1.10235333E-04  1.13539264E+00 -1.18979575E+01 -1.18979575E+01  0.00000000E+00
     771  2.16116293E+00  4.67063496E+00  2.18150132E+01  6.66663883E-01  1.10078314E-04  1.12470597E+00 -1.18979395E+01 -1.18979395E+01  0.00000000E+00
     781  2.16114094E+00  4.67053992E+00  2.18141252E+01  6.66663885E-01  1.09973734E-04  1.13437164E+00 -1.18978584E+01 -1.18978584E+01  0.00000000E+00
     791  2.16115385E+00  4.67059564E+00  2.18146444E+01  6.66663905E-01  1.09186746E-04  1.12888162E+00 -1.18978479E+01 -1.18978479E+01  0.00000000E+00
