   #Iter           <M>_x           <M>_y           <M>_z             <M>        M_{stdv}
       0 -2.84853115E-02 -3.04469512E-02  8.34152539E-02  1.09470297E-01  3.57479633E-02
      50 -7.99484633E-02 -4.69557188E-02  5.37736536E-03  1.39414560E-01  5.42196522E-02
     100  7.60615384E-02  5.24472622E-02  7.20414683E-02  1.27811177E-01  5.40236388E-02
     150  5.78020702E-02  3.51260302E-03  3.42859688E-02  8.13668545E-02  3.35822790E-02
     200 -9.21886121E-04 -1.35254983E-02  5.18021198E-02  7.69736439E-02  1.92184438E-02
     250 -1.09204680E-02 -3.80969643E-02  2.45751989E-02  7.65801580E-02  1.27922735E-02
     300 -1.01809940E-02  1.29490344E-01  4.49822528E-02  1.56723429E-01  5.84662556E-02
     350 -3.64593280E-02 -1.78967029E-02 -4.86711324E-02  1.00742220E-01  4.02000524E-02
     400 -5.10022690E-02 -1.52010761E-02 -5.20186221E-02  1.11427145E-01  5.19793412E-02
     450  7.00574344E-02  6.50652879E-02  7.75563594E-02  1.38870687E-01  2.43237165E-02
     500  6.42217891E-02 -8.57481476E-03  2.59956516E-02  9.78985031E-02  4.47089864E-02
     550  3.43640872E-02 -1.14005871E-02  1.77354428E-02  1.07124050E-01  4.48859364E-02
     600  1.05351728E-01 -2.62004098E-02 -3.59176509E-02  1.37173370E-01  3.29727159E-02
     650 -5.06403777E-02  7.24512723E-02  6.66635020E-02  1.21885747E-01  4.68207039E-02
     700 -4.89822664E-02 -6.20123020E-02 -8.37346931E-03  9.79353220E-02  1.66443539E-02
     750  1.16583499E-01 -8.13102002E-03  1.08319416E-02  1.61969986E-01  2.23211934E-02
     800  6.09941342E-02  7.75955907E-02 -2.90531625E-02  1.13738301E-01  2.72984736E-02
     850  1.56682262E-02 -8.10913805E-03  1.89513873E-02  1.07555839E-01  2.29292474E-02
     900 -3.88000203E-02 -3.77588440E-02 -6.33857137E-02  1.08933018E-01  3.02493720E-02
     950 -2.49949267E-02 -3.94701465E-02  5.87305597E-02  1.03319604E-01  2.21499530E-02
    1000 -8.03555505E-02 -3.30828217E-02  2.32757571E-02  1.02479460E-01  3.10797814E-02
    1050 -3.58971642E-02 -1.34710508E-03 -2.64089439E-02  6.38538295E-02  2.72013042E-02
    1100 -2.59530083E-02  3.57590647E-02  5.76734426E-02  1.03020485E-01  3.80550919E-02
    1150 -6.76471182E-02  2.21910606E-02 -4.96506538E-03  8.82899817E-02  3.72943875E-02
    1200  2.05508800E-03 -1.19650928E-02  1.48633796E-02  7.80059631E-02  2.94757740E-02
    1250 -1.96204915E-02  2.93455861E-02 -4.81618149E-02  7.44607804E-02  3.57348915E-02
    1300 -6.49584162E-02  4.41714723E-02 -3.10393137E-02  1.25042678E-01  1.88675585E-02
    1350 -3.25042453E-02  3.29381165E-02  3.03432592E-02  1.02532712E-01  3.81122332E-02
    1400  4.20483588E-02 -4.63551542E-02 -8.93497978E-02  1.16292413E-01  5.33593911E-02
    1450 -4.08711514E-02 -2.22653924E-02  4.98291321E-02  9.41830732E-02  1.96927861E-02
    1500 -9.79339290E-03  1.21848026E-02  1.15270127E-02  7.09877294E-02  2.45470372E-02
    1550  2.33156660E-02 -6.69201379E-02  3.72023835E-02  8.98783609E-02  2.14373064E-02
    1600 -2.46433771E-02  4.07446783E-02  4.34505759E-02  9.46559317E-02  4.51672086E-02
    1650  5.44346854E-02  1.61075457E-02 -4.70864622E-02  1.05009369E-01  1.26503747E-02
    1700 -2.32706841E-02 -7.65498145E-02  5.39616859E-02  1.38384562E-01  7.74767138E-02
    1750  6.37044046E-02 -1.16760439E-01  3.12842393E-02  1.46044135E-01  4.68287952E-02
    1800  1.30662241E-02  8.42494783E-03 -7.46552236E-02  9.42472883E-02  2.33110127E-02
    1850 -2.47387512E-02 -6.80995113E-02  7.56774763E-02  1.16708306E-01  4.14026285E-02
    1900  6.02488115E-02 -2.22940090E-02  3.19116605E-02  1.07691336E-01  3.36558087E-02
    1950  4.55183914E-02 -3.31206549E-02 -1.94144673E-02  1.15494375E-01  5.77418804E-02
    2000  5.93828864E-02  2.64220942E-02  3.26581051E-02  9.95977827E-02  5.82130904E-02
    2050 -1.39835685E-02  4.36594626E-03 -2.62722817E-02  8.30653034E-02  1.07897212E-02
    2100  5.06324279E-02  7.40456951E-02  1.54889362E-02  1.02899545E-01  5.14060491E-02
    2150 -7.44548715E-03  2.81691522E-02  1.99400163E-02  8.86413668E-02  2.14323473E-02
    2200 -4.15052198E-02 -4.10009159E-02 -3.32790162E-02  8.49633789E-02  2.01545525E-02
    2250  1.66407081E-03  8.26712844E-02  2.00452376E-02  1.05290248E-01  3.27539806E-02
    2300 -1.74911093E-02 -4.08162319E-03  1.60073078E-02  5.50189730E-02  2.39279760E-02
    2350  1.21554928E-02 -6.38352289E-02  2.73591831E-02  1.15938995E-01  3.84593564E-02
    2400 -4.07612327E-02  5.49889204E-02  5.21677264E-02  1.00453057E-01  2.10119591E-02
    2450 -4.14983095E-02 -6.56663893E-02  6.69322230E-02  1.19498235E-01  3.84047946E-02
    2500  3.94374608E-03  9.06613433E-04 -3.81720558E-03  6.36971817E-02  1.83490465E-02
    2550  2.82270647E-02 -8.97554450E-02  7.84331625E-03  1.27799876E-01  6.03187189E-02
    2600  7.04185122E-03  2.10571117E-02  4.16723461E-02  7.53087574E-02  4.01270801E-02
    2650 -4.10932305E-02  7.67139292E-03  7.69684367E-02  1.21038703E-01  4.46836357E-02
    2700  4.81827009E-02  3.27981311E-02  5.51527469E-02  1.01683064E-01  2.85024854E-02
    2750 -7.01061668E-02  3.50120493E-02 -2.96698593E-02  1.09533204E-01  3.71030826E-02
    2800  7.81457986E-02 -1.78126389E-02  1.66475187E-02  1.03680650E-01  6.09566104E-02
    2850  5.87558688E-02 -5.10376586E-02  4.34796710E-02  1.14570993E-01  1.50493754E-02
    2900  4.44050281E-03  2.92196171E-02 -5.84066858E-03  8.28115942E-02  4.52430059E-02
    2950  7.74327161E-02 -2.71894060E-02  1.68227887E-02  1.01190767E-01  2.68914239E-02
    3000 -1.45594952E-02  2.17587639E-02 -1.39901889E-02  9.61914536E-02  3.70236850E-02
    3050  1.24910001E-02 -6.62769663E-02 -2.33898753E-03  7.91527323E-02  3.75565322E-02
    3100 -2.15561801E-02  1.00058754E-01 -6.86832077E-02  1.40221048E-01  3.67120967E-02
    3150 -3.62458654E-02  1.81838366E-02 -2.95306242E-02  7.29264331E-02  3.95672183E-02
    3200 -3.47342776E-03  1.27181863E-02  2.00116662E-04  1.01047707E-01  3.41581954E-02
    3250  5.12258685E-02 -1.14689342E-01  6.59835308E-03  1.40966081E-01  5.19268946E-02
    3300 -3.51879598E-02  6.80199417E-02 -5.51733891E-02  1.00753475E-01  3.10385704E-02
    3350  4.50407476E-02  6.31060321E-02  1.68014769E-03  1.22558813E-01  3.87240385E-02
    3400 -8.80182185E-04  2.52296860E-02 -2.10741445E-02  6.74383985E-02  1.66261816E-02
    3450  5.70679158E-02 -2.03188926E-02 -3.89966223E-02  9.32831631E-02  3.66676394E-02
    3500  1.09283993E-01  5.61673148E-02  2.68173997E-02  1.51632659E-01  6.26322323E-02
    3550  1.60234045E-02  8.30340858E-02 -3.35212864E-02  1.01567687E-01  2.23283556E-02
    3600  3.00836384E-03  1.26821573E-02  5.58520000E-02  8.75773944E-02  4.60862559E-02
    3650 -1.79602119E-02  8.34454492E-03 -6.51107531E-02  8.98089189E-02  4.37989025E-02
    3700  1.27424944E-02  8.19224155E-02  6.74166756E-02  1.22139474E-01  5.42372507E-02
    3750  1.83579282E-02  6.19834879E-02 -5.31937628E-02  1.10079658E-01  3.25898359E-02
    3800 -1.45782093E-02 -6.67157771E-02 -5.91152927E-02  1.21527776E-01  4.91251311E-02
    3850  1.47898064E-02  4.14093129E-02 -9.24398736E-03  6.72999930E-02  2.66717579E-02
    3900 -7.34909773E-02 -2.59638940E-02 -8.31923947E-03  1.13879453E-01  4.68560226E-02
    3950 -7.35088590E-02  1.18960676E-02  1.51770075E-02  1.00454794E-01  4.59743827E-02
    4000  3.81914581E-02  2.15350773E-02  1.61105677E-02  7.99907939E-02  3.92372446E-02
    4050  4.98407849E-02  6.96099460E-02 -6.60301840E-02  1.28002371E-01  1.49747987E-02
    4100 -3.25899922E-02  5.89586988E-02 -2.01106731E-02  8.86429980E-02  3.03297141E-02
    4150 -1.65435733E-02 -4.99728950E-03  7.06674626E-02  9.23146316E-02  3.42456828E-02
    4200  5.45080193E-02  3.90575375E-02  5.18347547E-03  8.72073951E-02  4.21720144E-02
    4250 -2.30116147E-02 -1.26348050E-02 -3.68496212E-02  8.58827508E-02  3.51911905E-02
    4300 -1.18073809E-01  2.39010016E-02 -4.06239527E-02  1.41851568E-01  5.76231542E-02
    4350  1.59803646E-02  2.12781546E-02  8.51973051E-02  1.06345505E-01  3.80103432E-02
    4400  1.04771609E-02  6.24048930E-03  1.20848629E-02  5.62265329E-02  2.10865620E-02
    4450  3.31611673E-02 -7.70316510E-03 -5.97740622E-02  9.08941386E-02  2.84903562E-02
    4500 -2.75483488E-02  4.70191309E-02 -1.94523199E-02  9.93004168E-02  3.44107575E-02
    4550  4.45518546E-02  3.78831726E-02 -1.28002268E-02  9.66574456E-02  2.56083461E-02
    4600  1.49908418E-02 -1.11118698E-02  2.37500940E-03  8.72062269E-02  3.39872898E-02
    4650  1.04412881E-02  1.51720859E-02  1.33219308E-01  1.45195623E-01  1.60456451E-02
    4700 -5.47410832E-02 -6.34208930E-02  1.30584503E-02  1.08518663E-01  4.11278256E-02
    4750  5.41852246E-02  6.40319317E-02 -5.04014135E-02  1.04201960E-01  3.98681021E-02
    4800  7.31612867E-02  7.49984182E-02  8.71849166E-02  1.42173737E-01  4.69802095E-02
    4850  1.91070745E-02 -2.90520510E-02  5.58372293E-02  1.07415226E-01  4.39364338E-02
    4900 -1.34640145E-02 -6.86684727E-03  6.58397915E-02  9.37661191E-02  1.83933585E-02
    4950 -7.06965195E-02 -1.41141390E-02 -9.51534741E-03  9.01259540E-02  1.99149386E-02
    5000  3.65463811E-02 -4.02018025E-02  1.18808148E-02  7.74779980E-02  1.81039848E-02
    5050 -5.86236808E-02  2.49330140E-02  1.71168234E-02  9.81898769E-02  4.12306621E-02
    5100  1.00914151E-01  8.09435365E-02  4.17776319E-02  1.45544858E-01  3.77815544E-02
    5150  7.74978882E-02  8.26956310E-02  2.50787389E-03  1.47626088E-01  2.32158751E-02
    5200  5.40329571E-03  4.92121651E-02 -6.04515964E-02  1.19947283E-01  1.34745489E-02
    5250 -5.16399356E-02 -3.50834614E-02 -4.91713946E-02  9.83437360E-02  2.32125442E-02
    5300  8.95464520E-03  5.17256760E-03  8.83726004E-02  1.10172206E-01  2.29763790E-02
    5350 -3.16482466E-02  2.84999593E-02 -2.99822244E-02  6.61776842E-02  4.20944400E-02
    5400 -5.70252113E-02  3.92104842E-02 -9.93395640E-03  9.14867302E-02  2.92648454E-02
    5450 -1.86732093E-02  2.67231935E-02 -1.16609925E-01  1.28089953E-01  4.78084133E-02
    5500  4.48133584E-02  5.80676448E-02 -1.22551891E-02  9.61214995E-02  3.99333462E-02
    5550 -4.52252088E-02 -1.51006581E-03 -5.83572283E-02  9.39052673E-02  4.69308720E-02
    5600  4.05504952E-02 -2.10351131E-02  1.27772851E-02  7.57502036E-02  5.09384945E-02
    5650 -1.77577046E-02  1.47189973E-02 -1.58640136E-02  8.78148726E-02  4.52340047E-02
    5700  5.67262345E-02  1.73953045E-02 -5.59967560E-02  1.13794838E-01  3.83246414E-02
    5750  5.07760330E-02 -5.21654112E-02 -8.58244047E-02  1.35884401E-01  4.08530183E-02
    5800  2.60837577E-02 -4.93217256E-03 -8.56189989E-02  1.05782502E-01  3.16447890E-02
    5850 -1.17559073E-02  1.89443714E-02  7.14441650E-02  1.07288716E-01  1.76305147E-02
    5900  2.71452319E-02  2.13526582E-02 -1.00363971E-02  8.31307101E-02  1.39463107E-02
    5950 -5.06268804E-02 -2.11073881E-02 -3.79589229E-02  8.86880064E-02  5.10870774E-02
    6000 -4.90297715E-02 -1.60282630E-02 -7.93665471E-02  1.18891964E-01  2.34999689E-02
    6050  4.43102936E-02  9.40416217E-02  9.54916430E-02  1.54342449E-01  3.89864972E-02
    6100  1.98699603E-02  4.07164026E-02 -5.27608454E-02  9.56264904E-02  4.18021269E-02
    6150 -4.37976837E-02  3.34248565E-02  5.55179491E-02  9.55533777E-02  3.87753216E-02
    6200 -5.67087610E-02  3.85760239E-03  6.21919411E-02  1.12270660E-01  3.47533076E-02
    6250  1.54948454E-02  5.08705953E-02 -7.22519726E-03  1.08184387E-01  2.47338926E-02
    6300  3.40564199E-02  5.57976287E-02  4.31305271E-02  9.85453790E-02  1.91265386E-02
    6350  9.53630050E-03 -1.29092822E-02  1.79395592E-01  1.97428726E-01  6.22184433E-02
    6400 -6.59000196E-03  5.98801128E-02  4.86936240E-02  9.28390572E-02  3.51549960E-02
    6450 -5.34067442E-02  1.41754869E-02 -2.76032408E-02  9.65742134E-02  1.21166560E-02
    6500 -5.91015567E-03  3.72985636E-02 -7.82824324E-02  1.20841569E-01  1.53268585E-02
    6550  4.11658029E-02  2.67689899E-03  9.98122603E-03  6.31092851E-02  3.74610763E-02
    6600  1.07959202E-02  3.55773984E-02 -5.36014748E-02  9.49317641E-02  3.41035422E-02
    6650 -5.82603459E-02 -8.64694213E-02  8.55480902E-02  1.53670122E-01  5.43461989E-02
    6700  6.83763120E-02 -6.73414834E-02 -3.42223530E-02  1.18524908E-01  4.63074510E-02
    6750 -1.60834127E-02 -1.66611031E-02  1.42499315E-01  1.55482095E-01  8.04461716E-02
    6800 -3.22676290E-02 -4.36145249E-02  9.72520646E-03  8.10360561E-02  2.74565818E-02
    6850  4.33769693E-02 -5.93063980E-02  4.12672105E-02  9.71750131E-02  5.23568747E-02
    6900  9.62144105E-02 -2.87941649E-02 -1.99615210E-02  1.08433016E-01  4.21505872E-02
    6950  4.45157579E-02 -4.06938751E-03  1.84623049E-02  8.11346117E-02  2.29114928E-02
    7000  2.46386121E-02  3.34822524E-02  1.07933086E-02  8.33917129E-02  3.61181654E-02
    7050 -4.63132107E-02  8.55551245E-03 -1.35338468E-02  8.88741215E-02  1.71926319E-02
    7100 -1.40155831E-02  2.10344219E-02  3.94129373E-03  9.30261774E-02  1.42010294E-02
    7150 -2.11338280E-02 -4.45744232E-02  7.57621922E-02  1.20157211E-01  4.88713237E-02
    7200 -5.11886246E-02  5.95058183E-02 -4.53371641E-02  1.15643219E-01  2.40585741E-02
    7250 -3.23925383E-02  4.15730932E-04  6.57609059E-02  8.29091895E-02  1.78322819E-02
    7300  1.96864956E-02 -1.37955040E-02  8.46481046E-02  9.49007085E-02  1.66279476E-02
    7350 -2.11175794E-02 -5.35008208E-03  1.03266846E-02  7.74531846E-02  5.60374914E-02
    7400  2.62840731E-02  5.20027654E-02 -2.87086341E-02  8.27176673E-02  2.76373179E-02
    7450  6.82750607E-02  6.61907010E-02 -1.37003458E-02  1.16606435E-01  3.74239470E-02
    7500 -2.35144066E-02  2.68935253E-02 -2.04266218E-03  7.47270460E-02  2.73370713E-02
    7550  3.55438432E-02  5.84130311E-02 -2.38258127E-02  9.17438185E-02  4.17754223E-02
    7600  3.67692136E-02  9.30249904E-03 -1.26813870E-02  7.50917507E-02  2.94996675E-02
    7650  4.92011805E-03  3.96157306E-02  4.35260782E-02  8.03473797E-02  2.84100309E-02
    7700  3.27953099E-02  8.22180248E-02 -3.70594754E-03  1.13402425E-01  4.34296662E-02
    7750  2.34868993E-02 -7.29211866E-02  3.09105901E-02  1.06989086E-01  2.40753276E-02
    7800 -2.31212320E-02 -5.14530975E-02  3.28024405E-02  7.99787358E-02  3.11680549E-02
    7850  4.90957665E-02  4.47140934E-02  3.55018876E-02  1.00178019E-01  4.32491397E-02
    7900  4.04494915E-02 -2.33419853E-02  5.10967330E-02  1.37816525E-01  3.25631819E-02
    7950  8.22775104E-03 -1.01772225E-01  1.76788541E-02  1.12693895E-01  5.47638575E-02
    8000  3.45996386E-02  5.82514989E-03  4.82405482E-02  1.28901649E-01  2.11497361E-02
    8050  2.07728577E-03  1.10975556E-02 -1.29633394E-02  6.63215509E-02  1.40740547E-02
    8100  4.53980192E-02  2.62312136E-02 -2.10020706E-02  8.76721192E-02  2.21303053E-02
    8150  3.49614180E-02 -7.23126305E-03  1.37026314E-02  7.01259368E-02  2.04590827E-02
    8200 -3.47965946E-02 -5.64616048E-02 -8.77565041E-02  1.28104905E-01  3.51892409E-02
    8250  6.43995762E-02  2.36497840E-02  4.40661576E-02  1.14864973E-01  5.24403236E-02
    8300  5.99419540E-02  2.68115096E-03 -3.49414932E-02  8.06736216E-02  3.30189718E-02
    8350 -6.60568485E-02 -3.34065696E-02 -1.35196031E-02  9.61826087E-02  3.50194238E-02
    8400  3.09779099E-02 -3.09820679E-02  1.04213875E-01  1.21239987E-01  1.67181211E-02
    8450 -5.57332281E-02  1.46312102E-02  4.67616059E-02  9.68489598E-02  3.32061534E-02
    8500 -6.53798426E-02  4.33545744E-03  1.42875802E-02  8.46201978E-02  4.42105830E-02
    8550 -3.32965800E-02  4.31620471E-03  7.33881519E-02  1.06550545E-01  4.32755783E-02
    8600  2.73008425E-02 -2.33989176E-02  5.93764611E-02  8.04277330E-02  3.84055052E-02
    8650  4.48042082E-02  4.30548931E-02  6.59806788E-02  9.77004131E-02  2.20536293E-02
    8700  3.72333377E-02 -5.50158284E-03  1.00603762E-01  1.36086971E-01  1.98852752E-02
    8750 -6.38708986E-02  1.59254251E-02 -5.25233879E-02  1.00904653E-01  2.36716704E-02
    8800 -3.05886036E-02  5.05575951E-02 -1.81776731E-02  8.76706275E-02  1.90973580E-02
    8850  1.81645785E-02 -1.55005673E-02 -3.38702441E-02  7.69853156E-02  3.97582596E-02
    8900 -1.29576895E-02  9.19925720E-02  3.01915974E-02  1.16473847E-01  3.23235541E-02
    8950 -4.07464191E-02 -2.40156559E-02 -2.16191749E-02  8.35798983E-02  4.39873254E-02
    9000 -8.98945712E-02  6.01169755E-02 -9.26043428E-03  1.25972950E-01  3.41671512E-02
    9050  5.37351798E-03 -3.74472277E-02 -5.59984239E-03  5.43518461E-02  1.26908267E-02
    9100 -2.69508512E-02 -1.19241675E-01 -3.67798653E-02  1.31203436E-01  4.39195324E-02
    9150 -1.32244709E-01 -4.98665685E-02  5.36340577E-02  1.60777922E-01  6.58274519E-02
    9200 -9.11439312E-02 -1.08898121E-02  7.93415511E-02  1.30324809E-01  2.78340058E-02
    9250 -3.53100188E-02  3.01660415E-02 -4.26942996E-02  1.04092592E-01  2.33054810E-02
    9300  1.75493288E-02 -5.06582304E-02  1.36578482E-02  8.95036117E-02  3.50920302E-02
    9350  8.36246012E-02 -1.56058648E-02 -2.54490548E-02  1.14330460E-01  3.10077045E-02
    9400  1.82770013E-03  8.02315215E-03 -8.07697235E-02  1.02048991E-01  5.12117085E-02
    9450  6.50553877E-03 -7.16231760E-03 -9.92987202E-03  6.42567122E-02  3.15003653E-02
    9500 -5.13059779E-02 -2.40592964E-02 -3.23699914E-02  1.10636447E-01  3.79965353E-02
    9550  8.00310536E-02  2.20330718E-02 -3.35550190E-02  1.13798945E-01  3.43265639E-02
    9600 -5.85795718E-04 -5.37723974E-03 -6.58370373E-02  8.53725859E-02  1.19843190E-02
    9650 -3.25094259E-02 -1.03277772E-02  5.47593847E-02  9.45461306E-02  1.69302136E-02
    9700  7.79175860E-02  3.37380071E-02  1.52940604E-02  1.00350070E-01  4.66235442E-02
    9750  3.15327346E-02  2.21123963E-02 -8.59530657E-04  8.07245543E-02  2.71275578E-02
    9800 -4.01504379E-02  8.13530766E-03  3.23720885E-02  1.01448239E-01  6.98607413E-02
    9850  3.13300643E-02  5.00443145E-02 -3.03715662E-02  8.24023224E-02  2.78741346E-02
    9900 -2.42766506E-02 -1.75722214E-02 -1.46209549E-02  8.40567250E-02  3.10808602E-02
    9950 -7.06735460E-03  1.90138077E-02  1.89330206E-02  9.45895366E-02  1.87974567E-02
   10000  2.94176423E-02 -3.28740307E-02 -1.08513588E-02  7.82547984E-02  2.73890632E-02
   10050 -1.46005032E-02 -4.57576291E-02  1.10519361E-02  8.12076278E-02  4.16955165E-02
   10100 -5.47067534E-02 -2.00011635E-02 -6.85455857E-02  1.16801617E-01  4.03358715E-02
   10150 -2.29366223E-02 -2.67434780E-02  1.47613686E-02  7.72764185E-02  3.11116346E-02
   10200  1.41671903E-02  4.07008281E-02  2.23444587E-02  7.57940837E-02  3.70496911E-02
   10250 -5.42900929E-02 -8.48445779E-02  1.09239519E-02  1.11475035E-01  5.04285242E-02
   10300 -1.66861912E-01 -4.28017523E-02 -9.27258679E-02  2.01036372E-01  7.22360290E-02
   10350  5.32380926E-02  4.72293768E-02  3.39546080E-03  1.06179522E-01  3.82529285E-02
   10400  8.32606377E-02  3.35617850E-02  1.36796008E-02  1.08978420E-01  4.92171841E-02
   10450 -6.73503830E-02 -4.16680705E-02 -5.61963819E-02  1.15147837E-01  4.73643260E-02
   10500 -2.99948942E-03 -3.30164119E-03 -1.75910277E-02  8.60482342E-02  3.25834346E-02
   10550  2.80857644E-02  7.55428287E-02  8.36070126E-03  9.83702336E-02  1.81434846E-02
   10600 -4.82144377E-02 -2.92165858E-02  2.11989032E-02  8.93688281E-02  4.70167110E-02
   10650  1.17339520E-02  1.32695122E-02 -2.05443024E-02  6.45175870E-02  1.92396597E-02
   10700 -1.04711214E-03 -5.17979261E-03  5.95332142E-02  9.00305132E-02  3.82206873E-02
   10750 -4.00506732E-02 -1.30470110E-02 -2.00384669E-02  9.37155118E-02  1.26437477E-02
   10800 -2.76100607E-02  1.87377030E-02  3.69748765E-02  8.69909515E-02  2.30045485E-02
   10850 -2.99902504E-02 -1.38512170E-03  6.23274281E-02  8.89187887E-02  4.93476012E-02
   10900 -2.92953301E-02 -6.45432884E-02  2.53112736E-02  9.34910777E-02  2.71173540E-02
   10950  5.30362530E-02  3.57049546E-02  9.83987120E-02  1.28199886E-01  4.01396737E-02
   11000  2.40791442E-02 -1.96170629E-02 -3.20141588E-02  5.16290120E-02  2.54278854E-02
   11050 -3.28600461E-03 -5.44180237E-03  6.14459196E-03  6.58245541E-02  2.30948633E-02
   11100 -3.17883787E-02 -6.09553011E-02 -4.07464131E-02  9.77343232E-02  4.65914418E-02
   11150 -5.47785119E-02 -6.80823455E-02  9.37902776E-02  1.39093024E-01  3.81947293E-02
   11200 -2.39546451E-02 -5.79598812E-02  2.58655834E-03  8.45067796E-02  3.61189681E-02
   11250  4.53341560E-02  3.95808992E-02  3.75401476E-02  9.15416454E-02  3.99224352E-02
   11300  1.80144537E-02  3.03501160E-02 -1.02889875E-01  1.18678940E-01  2.80686098E-02
   11350  3.63601893E-02 -2.61121252E-02  7.94553911E-02  1.02900979E-01  4.51087163E-02
   11400  1.77202921E-02  2.84450268E-02 -2.71122009E-02  7.58701443E-02  3.04890788E-02
   11450  5.78412669E-04 -7.42680597E-02  1.38370222E-02  9.02976070E-02  3.42265610E-02
   11500 -8.19473439E-02 -6.05366410E-02  1.58785736E-02  1.23051692E-01  5.22185841E-02
   11550 -7.71292958E-04  5.79659003E-02  3.66633044E-02  8.15242430E-02  2.86924385E-02
   11600 -2.26785624E-02 -8.84206387E-02  9.81787689E-02  1.63944437E-01  3.67313800E-02
   11650 -6.99198955E-02 -3.96167785E-02  1.73139557E-02  1.19885478E-01  6.02837863E-02
   11700  1.19256417E-02 -8.73791586E-02 -4.59758377E-02  1.09085963E-01  3.24525418E-02
   11750 -4.80514231E-02  5.92631545E-02 -8.77962676E-02  1.28780343E-01  5.69745956E-02
   11800  3.42802717E-03 -7.29741762E-03  4.61928864E-02  8.33374768E-02  2.08148566E-02
   11850 -3.88654899E-02  9.64047603E-02  1.21408292E-02  1.23676971E-01  4.14166481E-02
   11900  1.10728900E-01  1.33922816E-03 -9.84478006E-02  1.63250579E-01  1.25403238E-02
   11950  5.69042095E-02 -3.16273596E-03 -5.17354555E-02  1.13666567E-01  3.15523138E-02
   12000  2.63240671E-02  4.23785800E-02  6.69000565E-03  8.02117153E-02  1.00510296E-02
   12050 -5.01814364E-02 -2.04523785E-02 -8.38776437E-02  1.15386562E-01  3.11353867E-02
   12100 -5.20493342E-02  4.00849709E-02  5.37220658E-02  9.95934613E-02  4.59059439E-02
   12150  1.80469651E-02  4.98736340E-02 -2.63520861E-02  7.77676459E-02  2.66166287E-02
   12200 -3.68397020E-02 -3.75001440E-02 -1.00693597E-01  1.23850916E-01  2.76225360E-02
   12250 -1.35057846E-02  2.41786999E-02 -3.05631187E-02  7.10011678E-02  2.93397066E-02
   12300  3.09166472E-02  1.17116350E-01 -1.17170813E-02  1.32031252E-01  6.76696594E-02
   12350 -3.20572638E-02  4.35965648E-03  3.88641737E-02  7.31421665E-02  2.38959665E-02
   12400  5.89088278E-02 -8.06330730E-03 -5.21389122E-02  1.22845946E-01  3.47068395E-02
   12450  6.96712719E-02  3.38178319E-02  3.80300328E-02  1.14760196E-01  3.75695732E-02
   12500  2.29606463E-02  8.98275514E-02  6.68488445E-04  1.25775546E-01  3.90418395E-02
   12550  3.31801989E-02  9.26788730E-02 -1.62800285E-02  1.07202905E-01  2.84151495E-02
   12600 -6.86657916E-02  1.68670934E-02  7.07082996E-02  1.38441095E-01  1.22815664E-02
   12650 -5.43189866E-03  2.71851573E-02 -4.20253517E-02  8.14506512E-02  2.55127582E-02
   12700  6.05223858E-02 -1.90353901E-02  8.51728777E-02  1.33332818E-01  2.83575569E-02
   12750 -5.47708535E-02 -5.65341672E-02  2.30802096E-02  1.07708334E-01  3.27687513E-02
   12800  5.64334302E-02 -4.25862064E-02  5.85843316E-02  9.91472852E-02  2.15017132E-02
   12850  1.09615444E-03  4.96703316E-02 -4.60136927E-03  8.31993483E-02  2.23365888E-02
   12900 -1.94562732E-02 -1.90476515E-02  3.24578317E-04  7.27153112E-02  3.37949378E-02
   12950  4.34618927E-02  4.61366006E-02 -6.07475421E-02  1.08696244E-01  2.29437924E-02
   13000  1.17627107E-02 -2.31436515E-02 -3.98605675E-02  9.87690902E-02  4.79412851E-02
   13050 -2.62601191E-02  5.74926804E-02 -5.38450501E-03  8.84258489E-02  2.37737177E-02
   13100  2.20918231E-02 -6.21760808E-02 -3.44870144E-02  1.00520810E-01  4.18018182E-02
   13150 -3.18491616E-02  1.24274331E-02 -5.52722266E-02  7.80603618E-02  2.97996890E-02
   13200  2.93601816E-02 -1.01238748E-02  5.32622945E-02  7.75361386E-02  3.62940506E-02
   13250 -1.55248585E-02 -5.67097205E-03 -2.47487806E-02  9.51446769E-02  2.73062039E-02
   13300  6.35344953E-02  3.52696652E-02  3.23013750E-02  9.84381281E-02  2.57747691E-02
   13350 -5.11144400E-02  1.66455443E-02 -5.03029251E-02  1.04413582E-01  3.13498071E-02
   13400  6.29746310E-02 -1.17043775E-01 -4.80656667E-02  1.67064899E-01  2.17215084E-02
   13450 -4.26394624E-02  2.64388910E-02  3.25262494E-02  1.01352413E-01  1.64993502E-02
   13500 -1.88715143E-02  4.99891550E-02  3.23021430E-02  8.81426297E-02  4.61311456E-02
   13550 -4.19835800E-03  5.33005978E-02  8.81207688E-02  1.24933805E-01  3.88986677E-02
   13600  3.23588936E-03 -2.35093221E-02  3.12164007E-03  9.80015904E-02  2.75239638E-02
   13650  5.09676642E-02 -3.33948334E-02  1.66323089E-02  1.03649689E-01  2.52429649E-02
   13700  3.55660343E-02 -3.16480891E-02  2.87872591E-02  9.41634937E-02  1.46658926E-02
   13750 -2.41679906E-02 -2.38924027E-02 -1.46988344E-03  7.97925502E-02  3.84271041E-02
   13800 -5.52279812E-02  2.09781344E-02 -4.12622908E-02  1.03989472E-01  3.56668102E-02
   13850 -2.96106067E-02 -1.64508354E-02 -2.53195642E-02  7.22827767E-02  3.19107893E-02
   13900  1.92659825E-02 -3.53001297E-03  6.89221848E-02  9.63038999E-02  3.64255681E-02
   13950  1.06764367E-01  4.11282582E-02 -1.16938267E-02  1.27526232E-01  2.75967395E-02
   14000 -5.74442210E-02  3.44288572E-02  3.17629476E-02  1.02438525E-01  2.89392430E-02
   14050 -2.48367722E-02  2.26836883E-02  6.46132695E-03  7.80039125E-02  2.81572647E-02
   14100 -2.57321012E-02 -7.56792115E-02 -6.55033875E-02  1.20263952E-01  5.11872664E-02
   14150 -3.88717854E-02  4.55935700E-02  1.10831997E-01  1.40008478E-01  2.70977671E-02
   14200  8.81835820E-02 -1.05757385E-01 -5.24868282E-02  1.53786936E-01  4.07072374E-02
   14250  1.91519028E-02 -5.22655520E-03 -9.71222646E-02  1.15272948E-01  4.08994215E-02
   14300  7.98244700E-02 -2.99620051E-02 -3.01053066E-02  1.26216122E-01  4.29972611E-02
   14350  3.09000404E-02 -2.40747891E-02 -1.94914361E-02  8.02914121E-02  2.36801900E-02
   14400 -4.87164818E-02 -3.58223401E-02  3.39589335E-02  9.13338910E-02  3.07744058E-02
   14450 -2.51019298E-02  2.21003164E-02  1.19681785E-02  9.05459703E-02  2.45140765E-02
   14500  2.93717034E-02  1.82225407E-02  4.49203333E-03  8.06605253E-02  1.43986239E-02
   14550 -1.34291386E-02  6.83444865E-02  8.10060774E-02  1.28214685E-01  4.19336707E-02
   14600  4.01772812E-02  1.32367648E-01  3.79391922E-03  1.44198772E-01  3.21004955E-02
   14650 -7.46506315E-02 -4.90237092E-02 -5.80704747E-02  1.18270340E-01  3.55198607E-02
   14700  2.70259632E-02  6.45604480E-02  6.76060291E-02  1.14248115E-01  1.00075723E-02
   14750 -5.91452343E-02  2.48776463E-03 -6.13740332E-02  1.00258422E-01  6.02229317E-03
   14800  5.28814652E-03  1.78679089E-03 -9.24223406E-03  6.33248310E-02  5.79439853E-03
   14850  3.12144168E-02 -9.00555648E-02  7.14545218E-02  1.44582674E-01  5.37184552E-02
   14900  1.26228644E-01  9.53882911E-04 -5.58893142E-02  1.56282881E-01  6.86861249E-02
   14950 -2.34597101E-02 -3.49708787E-02  5.66730737E-02  1.04559811E-01  4.59337070E-02
   15000 -2.37052421E-02  7.22153278E-03 -4.41334871E-02  9.49393625E-02  2.68279364E-02
   15050 -3.69538179E-02  3.38566669E-03  3.08724963E-02  1.09015891E-01  4.20698997E-02
   15100 -4.88791808E-02 -8.45809032E-03  3.56037310E-02  6.86422499E-02  2.08467830E-02
   15150  1.27059602E-02  3.42154683E-02  3.53112597E-03  4.72619463E-02  2.17200738E-02
   15200 -1.08200356E-02  7.25563048E-02  5.23782486E-02  1.12621338E-01  2.65314144E-02
   15250  7.38632024E-02  1.03181205E-02 -1.69578041E-02  1.13315916E-01  6.11878090E-02
   15300 -4.81486828E-02  9.69551436E-02  3.27835994E-02  1.26856026E-01  3.18873498E-02
   15350  4.04275379E-04 -3.49937577E-02 -8.48912879E-02  1.16861351E-01  2.58310355E-02
   15400 -3.99869600E-02  3.16041096E-02  2.59345346E-02  9.64350859E-02  2.53802826E-02
   15450 -1.40920655E-02 -2.17846949E-02 -4.50376060E-02  6.43170687E-02  2.75700619E-02
   15500  5.31631161E-02 -4.09534079E-04  1.29200083E-01  1.53677142E-01  3.07706678E-02
   15550 -4.54460188E-02 -6.78296782E-02 -3.19793284E-02  1.23873041E-01  4.53172819E-02
   15600 -5.00021373E-03 -6.91012541E-03  6.41697860E-02  8.52465227E-02  2.79934531E-02
   15650  3.23759110E-02 -6.10645566E-02  2.83942687E-02  1.13358566E-01  4.16732852E-02
   15700  1.30385407E-02 -2.20236124E-02 -6.08551518E-03  5.32151939E-02  2.24712635E-02
   15750 -8.11149665E-02  2.81630166E-02  1.31285623E-02  9.89160308E-02  4.13705203E-02
   15800 -1.86948118E-03  7.52801169E-03  3.24973082E-02  8.14194233E-02  1.20833359E-02
   15850  7.09431617E-03 -8.77188385E-02  4.36167973E-02  1.27984036E-01  4.48270015E-02
   15900 -4.24851944E-02 -3.92639694E-02 -1.21963166E-02  6.24197077E-02  2.36750190E-02
   15950 -3.32431878E-02  4.91978186E-02 -2.56500306E-02  8.64617360E-02  4.19856362E-02
   16000  1.98240901E-02  2.87681533E-02 -8.24440389E-02  1.09416237E-01  2.08550269E-02
   16050  1.51214217E-02  6.76520278E-03  5.29557224E-03  7.11574727E-02  2.09202221E-02
   16100  7.46212774E-02  3.58290624E-02  7.63081544E-03  1.10936250E-01  3.82766442E-02
   16150 -1.23136237E-04 -8.47574981E-02  9.80085348E-02  1.42985929E-01  3.73608926E-02
   16200  4.50174289E-02 -3.42227292E-02 -1.49477145E-02  8.78862875E-02  1.29367755E-02
   16250 -4.38314055E-02  7.92637997E-02  8.65740948E-03  1.08237613E-01  5.11625165E-02
   16300 -8.88410935E-02  9.66940819E-02 -1.75821364E-02  1.47706678E-01  3.26433026E-02
   16350 -7.69083518E-02 -3.00557953E-02  1.80470762E-02  1.05456667E-01  2.63262701E-02
   16400  1.71442211E-02 -2.97824808E-02  2.00591652E-02  7.55296186E-02  1.86372862E-02
   16450 -4.15289029E-02 -4.33505533E-02 -5.10960846E-02  9.20943093E-02  5.54103973E-02
   16500  3.02267629E-03  8.70702249E-03  9.38452338E-03  5.51131239E-02  3.75557601E-02
   16550 -1.67361592E-02 -6.17536663E-02  1.31791959E-01  1.54434183E-01  5.25932767E-02
   16600 -2.57745477E-02 -8.17296368E-04 -9.07855362E-02  1.08939643E-01  3.91443543E-02
   16650  3.89501800E-02 -7.12834417E-02  1.57879418E-04  9.51356527E-02  3.55691205E-02
   16700 -3.84937345E-02 -8.53859746E-03  1.27231439E-02  8.04733264E-02  2.81792670E-02
   16750  1.41827405E-02 -5.90208504E-02  4.40730378E-02  1.05994446E-01  2.30944470E-02
   16800  8.13974398E-02 -5.96143658E-02  1.26363895E-02  1.27726277E-01  4.38785332E-02
   16850  3.83471307E-02 -1.90230225E-02 -6.80160116E-02  9.70810751E-02  2.44733100E-02
   16900  8.14237375E-02 -1.31080202E-02  5.19125009E-02  1.22817792E-01  4.86251051E-02
   16950  8.99404499E-02  2.07626058E-02 -6.08023685E-03  1.15771530E-01  3.98030267E-02
   17000 -4.70185952E-02 -2.71254474E-02 -6.18040717E-02  1.25539337E-01  5.41396920E-02
   17050  3.42556408E-02 -1.86206822E-02  1.39252618E-02  8.11823430E-02  1.92626835E-02
   17100  4.38859538E-02 -4.11334588E-03 -2.85826827E-02  8.66164980E-02  2.72024408E-02
   17150  1.31874867E-03 -1.14249607E-01  7.20150812E-02  1.39450716E-01  3.42443906E-02
   17200  1.52226389E-02 -5.86574052E-02 -3.76456190E-02  8.75017860E-02  4.37303724E-02
   17250 -3.80449979E-02 -3.27408293E-02  1.74239170E-02  7.80579159E-02  3.19738614E-02
   17300  4.72874657E-02 -8.59328503E-02 -3.07562472E-03  1.21425903E-01  3.12108641E-02
   17350  4.50250200E-02 -4.02645742E-02 -2.53747321E-02  7.83935247E-02  3.28992786E-02
   17400  3.37591669E-03  1.14783680E-02  1.21081153E-01  1.51820273E-01  1.59165038E-02
   17450  2.61852391E-02 -3.18271875E-03 -2.59295580E-02  7.43581383E-02  2.90771199E-02
   17500  4.73644160E-02 -5.13191163E-02 -5.50594666E-03  8.76394872E-02  1.12859520E-02
   17550 -3.47710623E-02  9.19429370E-03 -2.37054759E-02  1.05560499E-01  3.04017538E-02
   17600  3.84531998E-02  2.33392462E-02  5.68439808E-02  9.96655884E-02  1.61287988E-02
   17650  4.71997115E-03  2.23284973E-03  3.58180046E-02  9.77020993E-02  3.57530477E-02
   17700 -2.01479178E-02 -8.97973734E-02 -2.57431764E-02  1.10941808E-01  3.53589906E-02
   17750  7.23610446E-02 -3.89053550E-02 -5.41749235E-02  1.22924949E-01  5.33807651E-02
   17800 -4.68584837E-02  7.36359463E-02  1.12780982E-02  9.65426463E-02  2.10814438E-02
   17850 -5.34065131E-02  2.43201434E-02 -7.54651841E-02  1.18213332E-01  5.48442015E-02
   17900  1.23969310E-02 -5.26303394E-02 -3.67260616E-02  8.45627888E-02  1.92000203E-02
   17950  2.05195353E-02  6.70978009E-02 -3.24291512E-04  9.37594932E-02  3.74102340E-02
   18000  7.00727296E-02 -2.79775274E-03  3.50189667E-02  1.09587013E-01  1.50938212E-02
   18050 -1.59664326E-02  7.20591494E-02  3.36857243E-02  1.09533825E-01  5.15260930E-02
   18100  4.47967252E-02  5.69261353E-02  4.62375425E-02  1.07896296E-01  2.32848964E-02
   18150 -2.76813994E-02  2.91614805E-02 -5.69249540E-02  1.03128042E-01  6.40012045E-02
   18200 -4.67282581E-03  5.03235452E-02 -6.22243694E-02  9.03823612E-02  5.20194031E-02
   18250 -5.95984685E-04 -1.65683109E-02 -7.44121703E-02  1.01506550E-01  2.92353458E-02
   18300  8.59726673E-03 -1.22662284E-02 -4.57386855E-02  6.71594889E-02  2.95970100E-02
   18350  5.02224543E-02 -2.00282410E-02  7.48509435E-02  1.08884736E-01  2.52189348E-02
   18400 -1.14771774E-02 -7.33090217E-02 -5.31902330E-02  1.08512651E-01  3.58306051E-02
   18450  9.08867047E-02  2.74168604E-02 -1.12386006E-02  1.20577365E-01  4.61436137E-02
   18500  5.25309624E-02 -2.90248498E-02  3.26624869E-02  7.95314959E-02  5.67028616E-02
   18550 -3.02168421E-02  2.23806246E-02  7.50193400E-03  7.46793011E-02  3.33347450E-02
   18600 -2.48806217E-02 -1.75719442E-02  5.80754243E-02  8.36278517E-02  3.49707458E-02
   18650 -3.13099284E-03  2.38433458E-02 -8.62348622E-02  1.36933190E-01  4.41132494E-02
   18700  6.37842157E-02  1.03552165E-02  1.87436070E-02  9.03406116E-02  1.72550278E-02
   18750 -7.31581824E-04 -8.68112858E-02 -7.69167498E-03  1.01484265E-01  2.31095726E-02
   18800 -1.34042766E-01 -2.80509633E-03 -1.94397599E-02  1.47786234E-01  3.24977063E-02
   18850 -5.25318316E-03  3.32338973E-02 -1.12146968E-02  5.76284719E-02  2.18187903E-02
   18900  1.28067663E-02 -5.95025497E-02  2.00880181E-02  8.55690114E-02  3.24677022E-02
   18950 -1.05416107E-02 -3.24050594E-02 -5.97823648E-02  1.26817865E-01  1.98726566E-02
   19000 -5.42096234E-02  1.56329344E-03  7.18004114E-02  1.08718014E-01  4.27023059E-02
   19050  2.08141971E-02 -5.30803251E-02 -3.95663998E-02  8.36633988E-02  2.66271410E-02
   19100 -7.55379251E-03  2.74122595E-02  6.06116789E-02  8.46965028E-02  2.29206407E-02
   19150  7.95807924E-02 -8.40990508E-02  2.19136234E-02  1.33048306E-01  3.10396006E-02
   19200  5.41703111E-02  3.09467598E-02 -4.72206280E-02  1.22232308E-01  4.62105776E-02
   19250  2.66685479E-02  1.22859756E-01  6.84166206E-02  1.56056403E-01  4.57852937E-02
   19300  1.90303634E-02  1.27880347E-02 -4.06209091E-02  8.19297046E-02  2.97758142E-02
   19350  4.57996908E-02 -2.75247213E-02  9.89861140E-02  1.30119600E-01  4.93446807E-02
   19400  3.23692742E-02  3.08261214E-02 -2.46014434E-03  7.09753049E-02  2.87658820E-02
   19450  1.21135836E-02 -7.80297716E-03 -5.15922031E-02  7.32370050E-02  2.06146352E-02
   19500 -3.48551172E-02 -1.27641105E-03  3.65136669E-02  7.82493237E-02  3.43885700E-02
   19550  4.86798851E-02 -1.93204230E-02 -2.91507599E-02  1.05221301E-01  4.32335375E-02
   19600  6.66969681E-03 -4.80092252E-02  1.51006353E-02  1.02381633E-01  5.23230560E-02
   19650  7.10527410E-02  3.38346540E-02 -1.31271351E-02  1.09601931E-01  3.47378194E-02
   19700 -2.31470290E-02  3.29788101E-02  2.58529642E-02  9.43584108E-02  2.79280336E-02
   19750 -9.18804970E-02  5.23958778E-03 -9.70236632E-03  1.27764454E-01  4.12408660E-02
   19800 -2.16196378E-02  5.19446511E-02 -7.95745499E-04  8.79730342E-02  3.52124116E-02
   19850  2.29903968E-02  1.32208394E-02  1.34257987E-02  5.51512036E-02  2.38466077E-02
   19900 -7.21100210E-02  3.10978996E-02 -4.74056919E-02  1.29348586E-01  3.95022342E-02
   19950 -2.66213963E-02  1.14405635E-01  1.21913851E-01  1.77897894E-01  5.30656977E-02
   20000  1.52499784E-02  2.15928167E-02  1.30651271E-02  7.89917175E-02  2.43395894E-02
   20050  4.13006864E-02 -2.09745552E-02 -1.14224051E-02  6.87987551E-02  1.96812944E-02
   20100  1.68740208E-02 -9.11181479E-02  5.73882897E-03  9.69339211E-02  2.55062297E-02
   20150  5.97885631E-02 -7.36023617E-02  4.66001367E-02  1.16849882E-01  4.81593546E-02
   20200  1.82495435E-02  8.27037300E-02  4.89297741E-03  1.11819398E-01  1.17125509E-02
   20250 -7.29430283E-02  1.01716625E-03  7.58353271E-02  1.30612435E-01  2.74886670E-02
   20300  8.17004782E-03 -2.41921679E-03 -2.14152194E-02  4.83748219E-02  1.27584748E-02
   20350  2.32481681E-02  2.78713169E-02  6.31417730E-02  9.98932200E-02  2.39548603E-02
   20400  1.09670718E-01  5.76741085E-02 -2.33314362E-04  1.29386091E-01  4.89280432E-02
   20450 -4.80457117E-02  7.47599074E-04 -8.43049579E-02  1.18127676E-01  4.35128181E-02
   20500 -7.83251737E-02 -6.03648653E-02 -1.06553959E-01  1.58500996E-01  4.90102071E-02
   20550 -1.09235139E-01  2.28082035E-02  4.33293902E-02  1.38663171E-01  3.02632688E-02
   20600  2.72191813E-02  3.84544146E-02 -2.71895225E-03  7.78739864E-02  3.76602140E-02
   20650  2.66860868E-02 -1.00135968E-01 -1.58455955E-02  1.17962671E-01  2.77271084E-02
   20700 -3.15413928E-02 -1.04549283E-01 -7.80712052E-02  1.52596411E-01  5.72471443E-02
   20750  2.51775715E-02 -7.01090421E-02 -2.45985185E-02  1.11624848E-01  3.01051794E-02
   20800 -6.74088412E-02  1.15068925E-02  6.31959598E-03  9.37922009E-02  3.97732368E-02
   20850  1.76821940E-02 -4.70217175E-02 -4.43696631E-02  1.01073583E-01  1.06137788E-02
   20900 -9.85699099E-02 -9.59396480E-02 -5.68048479E-02  1.58673901E-01  5.36029325E-02
   20950 -1.07619800E-01  3.24428569E-02  2.80303133E-02  1.42343543E-01  5.21975769E-02
   21000 -1.59531393E-01  8.94957148E-02  5.73917680E-02  2.00479648E-01  5.15644926E-02
   21050  2.86509025E-02  6.44890720E-02 -8.19062211E-03  1.01088561E-01  4.62583439E-02
   21100 -1.90079161E-02  8.18240946E-02  1.44267399E-02  1.15613602E-01  5.31212719E-02
   21150 -9.29726031E-02 -1.57582961E-02 -2.80791959E-02  1.13616348E-01  3.27725871E-02
   21200 -6.43366696E-02  6.25793660E-04  1.52216543E-01  1.86901323E-01  7.00786705E-02
   21250  1.25644582E-02  5.48174133E-02  1.09897125E-02  1.06172160E-01  2.10644455E-02
   21300  4.05325322E-02 -6.69242727E-02 -2.65874651E-02  1.02637946E-01  3.25782092E-02
   21350  2.01162574E-02  1.44066360E-02  1.20004939E-02  6.86304681E-02  2.08534425E-02
   21400  1.03112483E-02 -4.65884193E-02  2.78812795E-03  9.99106023E-02  1.86878234E-02
   21450  2.69211386E-03  4.40361373E-04 -4.65401652E-02  9.22309602E-02  1.70938899E-02
   21500  1.37968186E-02 -4.13863824E-02  4.28383721E-02  7.86865507E-02  2.87781460E-02
   21550  5.57465057E-02  4.65349003E-02 -2.13396837E-02  1.13446514E-01  5.83182817E-02
   21600 -3.52677081E-02  6.71352891E-02  8.67481949E-02  1.29355941E-01  4.67841389E-02
   21650  1.11245337E-04  1.36261091E-02 -1.16259962E-01  1.34224648E-01  2.85356815E-02
   21700 -4.02479146E-02 -9.92147317E-03  4.59300076E-02  9.23492288E-02  1.81450585E-02
   21750 -5.78362646E-02  8.73852550E-03 -3.81180535E-02  9.58555727E-02  4.04800767E-02
   21800  6.31826775E-02 -4.55846124E-02 -1.19079946E-02  9.77195468E-02  3.56288548E-02
   21850 -1.14743762E-01 -1.06092943E-01  4.65652356E-02  1.74213554E-01  2.87906114E-02
   21900 -9.28233485E-02  1.93338619E-02 -5.17048428E-02  1.30051511E-01  3.00153024E-02
   21950  1.49167507E-01  3.70794842E-02  1.57701824E-02  1.65502186E-01  5.53774482E-02
   22000  1.76304393E-02  2.24813573E-02 -1.07104808E-01  1.33201838E-01  6.19257258E-02
   22050 -5.97748724E-03  5.20068849E-04 -7.44869730E-02  1.10095815E-01  2.94605488E-02
   22100 -6.03467726E-02  2.92720197E-03 -1.06543269E-02  8.17839156E-02  3.66671040E-02
   22150 -4.55314755E-02  5.76169176E-02  2.66085674E-02  1.03291526E-01  3.57055164E-02
   22200  3.24795352E-03 -9.64593212E-02 -4.28060376E-03  1.18682144E-01  3.67341449E-02
   22250 -2.10933036E-02 -7.27455193E-02 -1.25895409E-02  8.17998168E-02  2.97387762E-02
   22300 -1.60938134E-02 -2.66736010E-02  3.24885858E-03  9.39369262E-02  3.67636909E-02
   22350 -8.45226880E-02 -3.63295205E-03  4.81718651E-02  1.13777704E-01  2.30550788E-02
   22400  1.10622009E-02 -5.23900797E-02  5.00251333E-02  8.70349316E-02  4.75794773E-02
   22450  1.10849826E-02  2.19200465E-02  1.87658572E-03  5.95867635E-02  3.17545843E-02
   22500  4.85638636E-02 -3.90741278E-02  1.16469036E-01  1.35622627E-01  2.53362524E-02
   22550  6.87586918E-02 -1.56792347E-02  4.31613262E-02  9.25079372E-02  4.47218656E-02
   22600  7.52884692E-02 -5.10110721E-02  7.70510858E-02  1.34187242E-01  4.98716650E-02
   22650 -1.03807723E-01  2.16650719E-02 -1.02611481E-01  1.67577530E-01  5.73763506E-02
   22700  5.96995621E-02  2.09098007E-02  8.57132025E-02  1.32134854E-01  2.76625178E-02
   22750  1.80491636E-02 -2.65628554E-02  4.42954395E-03  9.29958056E-02  4.82240545E-02
   22800 -5.74475606E-02  1.18346608E-03 -7.66477468E-02  1.15261556E-01  4.66426104E-02
   22850  3.26322290E-02  3.88454683E-02  4.84077587E-02  8.85869687E-02  4.06081940E-02
   22900 -1.73799651E-03  7.50825111E-02  1.53671585E-02  8.96769473E-02  4.56424079E-02
   22950 -4.27266724E-02  6.62604120E-02 -3.99609335E-02  1.04628276E-01  4.02321524E-02
   23000  4.16865376E-02  1.61409332E-02  2.48629407E-02  9.07218259E-02  2.43592780E-02
   23050 -6.06749213E-02 -3.69033315E-02  6.82887792E-02  1.12026858E-01  3.79100619E-02
   23100 -2.53099349E-02  3.07010483E-02  7.86182755E-03  7.75004414E-02  9.42863521E-03
   23150  5.10196058E-02  6.13189108E-02 -1.36182990E-01  1.66848228E-01  4.55305123E-02
   23200  2.97848119E-03 -2.05013534E-02  1.20272412E-02  6.62011879E-02  2.50555684E-02
   23250 -3.57754919E-02  7.65846943E-03 -1.15793386E-01  1.46328015E-01  4.57871998E-02
   23300  1.30659165E-02 -6.24259354E-03 -6.98147996E-02  1.00236725E-01  3.81872245E-02
   23350 -5.64242605E-02 -9.32444269E-03  5.25939303E-02  1.04583691E-01  5.49062948E-02
   23400  7.77999864E-02 -8.24605324E-03 -1.53367219E-02  9.30822444E-02  4.35167903E-02
   23450 -2.09921368E-02 -8.86641076E-02  9.94527761E-02  1.43700704E-01  1.77080854E-02
   23500  1.31866704E-02 -1.19320140E-02 -1.51707000E-02  9.39707214E-02  2.63264253E-02
   23550  5.67166712E-03  2.08193691E-02  1.50195831E-02  4.83862274E-02  3.29625886E-02
   23600 -1.17632086E-02  8.63063590E-02 -1.07883375E-01  1.59032347E-01  2.67243732E-02
   23650 -2.36571624E-02 -4.18785329E-02  2.00485417E-03  6.34059731E-02  3.34101147E-02
   23700 -1.75256656E-02  4.50536623E-02  4.99913035E-02  9.68548307E-02  3.68923167E-02
   23750 -8.21229425E-04  5.38058121E-02 -6.65845157E-02  1.08313472E-01  1.39747530E-02
   23800 -1.05493208E-01  3.99088513E-03  5.80909001E-02  1.24980564E-01  3.19737351E-02
   23850 -4.70202957E-02  2.80298109E-03 -1.49151891E-01  1.77897352E-01  5.81963451E-02
   23900  1.98282441E-02  7.74383175E-02 -3.14985155E-02  9.90148517E-02  3.67123067E-02
   23950 -1.81563469E-03  3.60487701E-02  2.81552083E-02  9.12829046E-02  2.68610448E-02
   24000  4.39085140E-02 -4.88360864E-02  8.76920023E-02  1.29085471E-01  3.97178893E-02
   24050 -1.59478276E-02  3.34130205E-02 -1.53153436E-02  7.09637946E-02  1.40494949E-02
   24100 -4.89539700E-02  3.73765601E-02 -8.29774107E-02  1.12945763E-01  4.15218196E-02
   24150  3.93190630E-02  6.84516898E-02  5.63787079E-03  9.99701273E-02  3.54909742E-02
   24200  1.29144611E-02  5.38159797E-02 -9.29063054E-03  8.94615586E-02  3.04931820E-02
   24250 -2.63096441E-02 -3.66364290E-02 -3.48858710E-02  7.72573609E-02  4.48178296E-02
   24300 -2.08977526E-02 -4.19268102E-02 -2.43235173E-02  8.29554495E-02  2.72779281E-02
   24350  3.05623003E-02 -1.01020365E-02  3.45258395E-02  8.87014819E-02  3.21150990E-02
   24400 -5.44135407E-02  5.12104184E-02 -2.23887194E-02  9.81938969E-02  3.18234277E-02
   24450  4.80388025E-02 -5.84590714E-03 -3.19581072E-03  9.47031403E-02  2.03260595E-02
   24500  1.75271000E-02  4.63088038E-06 -2.43598645E-02  6.32387992E-02  3.19756196E-02
   24550  3.61226887E-02  3.35638691E-02 -3.59410641E-02  9.36221683E-02  3.21359868E-02
   24600  5.34129472E-02  5.35621359E-02 -2.30053186E-02  9.14450765E-02  3.86766745E-02
   24650 -3.47772500E-02 -2.60945837E-02  2.65862053E-02  6.39880846E-02  2.59365087E-02
   24700 -2.20143440E-02  1.84526866E-04 -4.60079926E-02  7.87016419E-02  3.09738016E-02
   24750  2.72109578E-02  4.17728948E-02 -4.47973052E-02  1.01813344E-01  3.08059665E-02
   24800 -7.17483914E-02  3.32276253E-02  3.21404995E-02  1.16392609E-01  5.31814847E-02
   24850 -5.72141631E-02  5.14637939E-03  9.37460003E-03  7.73114660E-02  4.90379427E-02
   24900 -8.33820765E-02  1.71232213E-02 -1.28441646E-02  1.17705182E-01  3.73140995E-02
   24950  5.15960626E-02 -6.80033954E-02 -1.37143078E-02  1.05146621E-01  3.66186553E-02
   25000  3.15454894E-02  6.73930498E-03 -1.63248997E-02  9.46207133E-02  1.22626271E-02
   25050  2.22865769E-03 -5.38605465E-02  7.07813393E-02  1.01539457E-01  4.77498989E-02
   25100 -2.65524813E-02 -2.36533740E-02  1.31307873E-02  6.90687147E-02  2.71029093E-02
   25150  2.59433976E-02  8.18382851E-02  4.00488839E-02  1.07280572E-01  3.38484109E-02
   25200  1.44599408E-02 -4.28584464E-02 -7.55154158E-03  8.76282560E-02  2.94888712E-02
   25250 -2.68273159E-04 -1.14533765E-01  2.31583462E-02  1.39528509E-01  3.88922749E-02
   25300 -3.90434016E-02 -1.63163486E-02 -7.46089283E-02  1.06385496E-01  5.33172752E-02
   25350 -3.23214981E-02  1.17005674E-02  2.14153104E-02  6.33226855E-02  1.53118978E-02
   25400 -8.85558143E-03 -7.95405672E-02 -7.40859334E-02  1.31295408E-01  2.03319979E-02
   25450 -2.30515066E-02  4.25600471E-02  7.26003267E-02  1.24017044E-01  4.03382754E-02
   25500  8.61234891E-02 -3.86095875E-02 -2.19824953E-03  1.10578060E-01  3.62383213E-02
   25550 -4.51045548E-04 -1.48967726E-02  3.54624473E-02  9.55371814E-02  2.18114801E-02
   25600  5.91159127E-04 -2.84488844E-02  4.93142702E-02  7.62042258E-02  3.58358899E-02
   25650  9.95501031E-02  1.06540879E-02  1.32872112E-01  1.84289227E-01  4.33574831E-02
   25700  6.76593116E-02  4.86639535E-02 -1.13138326E-02  1.25662588E-01  3.11317882E-02
   25750 -3.37572863E-02  7.74036230E-02  2.22644745E-02  1.14843053E-01  4.99293953E-02
   25800  4.17070410E-02 -6.92024952E-02  6.65183657E-02  1.14301362E-01  2.45912561E-02
   25850 -7.23605372E-03 -4.74171706E-02 -7.92483339E-02  1.10538047E-01  4.17752773E-02
   25900  4.39503066E-03  1.26345609E-02 -2.51960907E-02  6.23394387E-02  2.11656696E-02
   25950 -1.50884844E-02 -7.13496604E-02 -1.02849152E-02  1.31015717E-01  4.38453076E-02
   26000 -1.68573661E-02 -7.05649387E-02 -2.28501101E-02  1.14129073E-01  2.80718290E-02
   26050 -1.76722622E-02 -4.82005471E-02 -3.65393671E-02  8.12320127E-02  2.38776471E-02
   26100 -6.33511375E-02 -2.72212961E-03 -6.99980553E-03  9.15627924E-02  3.66871470E-02
   26150 -6.40536790E-02  2.95815371E-02  3.05796162E-03  9.43289983E-02  4.27060472E-02
   26200  2.23417333E-02 -5.72700771E-02  3.99949946E-02  9.20304630E-02  4.52762134E-02
   26250  3.01786284E-02 -3.95631740E-02  5.36785466E-03  7.62758915E-02  3.35662663E-02
   26300  4.43607173E-02  4.26277038E-02  2.14417177E-02  8.69485892E-02  3.35130040E-02
   26350  5.92942012E-02  5.17630304E-05  4.98629130E-02  1.25044755E-01  3.28382186E-02
   26400 -6.78445834E-02 -5.07151934E-03 -3.80921742E-02  1.20217346E-01  4.42360050E-02
   26450 -4.07844419E-02 -3.15405457E-02 -6.43929956E-02  1.07492985E-01  4.62031625E-02
   26500  1.47440102E-02  4.00612580E-02 -2.29628107E-02  1.02762629E-01  3.37094589E-02
   26550  2.38985163E-02 -9.44212580E-05  6.70315065E-02  1.12830992E-01  2.59501849E-02
   26600  1.01816816E-01  4.77092623E-02 -3.44696238E-02  1.33862608E-01  2.81511355E-02
   26650 -2.23157901E-02  7.89021940E-03  7.15922705E-02  1.00279608E-01  1.52611650E-02
   26700  4.50740898E-02 -1.82576235E-02 -2.08798967E-02  1.03464768E-01  1.54759462E-02
   26750  6.40025908E-03  5.75443827E-03 -3.01878455E-02  9.10932161E-02  2.73516935E-02
   26800 -1.33381851E-02  2.99271139E-02  9.05143352E-03  8.40563128E-02  3.26438243E-02
   26850  1.04090596E-01  2.37397542E-02  4.59139941E-03  1.12265045E-01  4.38864982E-02
   26900  5.62030099E-02 -1.13028166E-02  8.48806244E-02  1.17721452E-01  2.69348521E-02
   26950 -4.16674395E-02  8.70285573E-03  1.31217541E-02  9.34421231E-02  3.25622953E-02
   27000 -1.83714533E-03 -1.13587237E-02 -2.46350940E-02  8.11193973E-02  3.52147299E-02
   27050  3.39577027E-03 -8.79398274E-02 -5.54601230E-02  1.21892230E-01  3.74240641E-02
   27100 -5.29340154E-02 -6.00388285E-03  5.31873408E-02  8.59779699E-02  3.96428655E-02
   27150  8.35575575E-02  1.84215828E-02 -5.38960831E-02  1.09103297E-01  3.87039605E-02
   27200  1.98990488E-02  5.32749619E-02  7.63329149E-02  1.10134383E-01  2.17895315E-02
   27250  1.88950836E-02  9.65064140E-02  5.63671402E-02  1.33076341E-01  5.83635899E-02
   27300  1.21041775E-03 -5.13951119E-02  3.69408956E-02  8.83619596E-02  2.48603074E-02
   27350 -2.68726982E-02  7.93228554E-02  1.08154999E-02  1.22556847E-01  3.26193498E-02
   27400 -1.06077168E-01  1.82419414E-02  2.57046153E-02  1.27093967E-01  3.79914815E-02
   27450 -2.36786657E-02 -9.34422057E-02 -8.85568587E-02  1.41814750E-01  3.00612413E-02
   27500  2.59279140E-02  5.89796273E-02 -1.82593085E-02  1.03829518E-01  1.99863174E-02
   27550 -4.15291783E-03  4.25076836E-03 -1.55345535E-02  5.54054900E-02  2.16004107E-02
   27600 -6.21580409E-02 -3.08362468E-02 -4.34697322E-02  9.72865415E-02  2.05718581E-02
   27650 -2.57190756E-02  5.16243094E-02  4.03103994E-02  9.30627363E-02  5.69809608E-02
   27700  2.11730713E-02 -1.06544096E-02 -7.92959953E-03  6.28059763E-02  3.71447951E-02
   27750  2.41647399E-02 -3.13033172E-02  5.45595157E-02  9.54259639E-02  4.36251207E-02
   27800  3.22318453E-02 -6.34152544E-02 -4.52324327E-02  1.00275008E-01  5.05551363E-02
   27850 -3.29563515E-02 -7.70475926E-02  1.08751670E-02  1.04483247E-01  4.70908656E-02
   27900  3.47243436E-02 -3.72861261E-02 -2.32506411E-02  9.99564188E-02  5.07137146E-02
   27950  3.51582039E-02  2.94031593E-03 -1.99500276E-02  7.68910094E-02  1.75471486E-02
   28000 -7.80490078E-02  3.46401900E-02 -5.10095506E-02  1.12944306E-01  3.98402188E-02
   28050  3.30325696E-03  5.39696688E-02  2.60097884E-02  9.17024176E-02  5.09643681E-02
   28100  4.24125399E-03  2.84146772E-02  3.68561389E-02  9.84690535E-02  1.75254682E-02
   28150  4.14243000E-03 -1.30673560E-02  2.03625275E-02  6.97489318E-02  3.77091538E-02
   28200 -9.31448275E-03  7.26358349E-02 -5.37730212E-02  1.13597418E-01  2.45912057E-02
   28250  5.51129025E-02  2.71554875E-02 -2.65514062E-02  8.95227011E-02  2.25570438E-02
   28300  5.22509621E-02 -3.38065912E-02  2.96412622E-02  8.23534857E-02  1.97616292E-02
   28350  7.12227610E-02 -1.32925393E-01 -1.01953591E-01  1.88609648E-01  1.40521237E-02
   28400 -1.16582861E-02 -2.75889258E-03  4.32409758E-02  7.62434041E-02  3.27604405E-03
   28450 -2.11178624E-03 -3.24923102E-03  7.32400913E-02  8.05591023E-02  2.74301462E-02
   28500 -1.96683298E-03  1.16439093E-01 -7.98244793E-02  1.54532605E-01  4.91358778E-02
   28550 -1.81957065E-02 -2.73799084E-02 -5.06651713E-02  9.08087651E-02  3.56635440E-02
   28600  5.14268366E-02 -2.70139041E-02  8.42510792E-02  1.26844319E-01  2.93928506E-02
   28650 -3.70917536E-02 -2.57977318E-02 -2.65759522E-02  9.26806353E-02  3.81900017E-02
   28700  4.58902698E-02  3.89223149E-02 -6.94004016E-02  1.08494019E-01  4.99791292E-02
   28750 -4.80745664E-02 -3.77143560E-03  2.73888744E-02  7.82043789E-02  3.27809678E-02
   28800  5.63532812E-02  9.62876041E-03  5.03582351E-02  9.44311123E-02  4.19903374E-02
   28850 -3.98991950E-02 -4.84144920E-02  2.80461830E-02  9.10526499E-02  5.32283671E-02
   28900  5.71349102E-03 -6.73899962E-02 -1.10544477E-01  1.52510544E-01  3.80331948E-02
   28950 -2.03990399E-02  9.31793175E-03 -3.27646851E-03  8.44832019E-02  3.34345459E-02
   29000 -3.90363985E-02  3.88300321E-02 -1.28485393E-01  1.63057612E-01  4.46448120E-02
   29050 -1.05118636E-01  5.44139221E-02 -4.54775521E-02  1.40087517E-01  2.92802573E-02
   29100 -2.96439626E-02 -2.61543087E-02  1.69045205E-02  6.70168095E-02  2.74847224E-02
   29150 -8.24504607E-02  4.64112361E-02  8.85015537E-02  1.38703282E-01  1.96398911E-02
   29200  3.93104559E-02  7.85772550E-02 -4.43888923E-02  1.13771662E-01  2.24596744E-02
   29250  7.11828388E-02 -5.85015654E-02  5.93770319E-02  1.23077182E-01  4.63878912E-02
   29300 -9.37675435E-02  2.57324269E-02  1.64696898E-03  1.27852444E-01  2.20058704E-02
   29350 -1.98916856E-04  3.19960949E-02  1.89552402E-02  6.34825508E-02  3.20609617E-02
   29400  1.48560711E-02 -2.99309938E-02  8.99062158E-03  8.62162808E-02  3.54535635E-02
   29450 -1.67493574E-02 -1.00997525E-01 -4.48481164E-02  1.35285117E-01  3.79938221E-02
   29500  2.02361712E-02  3.41211655E-02 -1.30293650E-01  1.54665754E-01  3.02755215E-02
   29550  3.48634882E-02 -2.51403506E-03 -2.92228392E-02  1.09017254E-01  2.04602517E-02
   29600  2.42543728E-02 -5.77623190E-03 -3.55771215E-02  8.17308183E-02  3.59033446E-02
   29650 -5.34833561E-02  3.90193479E-03 -2.52961156E-02  9.65020757E-02  2.94471216E-02
   29700  1.95083812E-02 -2.43201785E-03 -4.29442939E-02  7.03068330E-02  3.21003687E-02
   29750 -4.15157591E-02 -3.94004736E-02  5.45134520E-02  1.07662666E-01  2.56737358E-02
   29800  2.99757147E-02 -8.56727120E-02  3.16184559E-02  1.22082854E-01  2.77116826E-02
   29850  1.96258935E-02 -1.48140637E-02 -1.12499545E-02  5.74573695E-02  3.29629089E-02
   29900  4.35743920E-02  5.40561050E-02 -7.34668952E-02  1.15538983E-01  5.31068636E-02
   29950  4.07164874E-02 -5.81644755E-02  5.70636747E-02  1.04337426E-01  3.02422081E-02
   30000  3.85035484E-03  2.20844096E-04  3.72109769E-02  1.22307187E-01  4.01556124E-02
   30050  4.60651348E-02  2.55346295E-02  5.24319822E-02  1.07455626E-01  7.14011432E-02
   30100  2.40926828E-02  2.54922002E-02  1.76738463E-02  9.49505215E-02  4.32358302E-02
   30150  7.30738770E-03 -2.49142920E-02 -9.55872760E-03  7.68122128E-02  2.86848968E-02
   30200 -9.64945888E-02  7.95169349E-02 -2.74820922E-02  1.42498328E-01  2.99135031E-02
   30250  7.75788766E-02 -2.04887965E-04 -3.47682609E-02  1.04982664E-01  1.65833872E-02
   30300  4.74048064E-02  3.42863862E-02  6.50206077E-02  1.20372260E-01  3.39712685E-02
   30350 -2.77837605E-02  4.31606411E-02 -1.54128271E-02  6.71293530E-02  2.26381143E-02
   30400  3.13566943E-02  6.14187777E-03 -3.39401477E-02  6.78280470E-02  3.00336387E-02
   30450  7.82564292E-03  1.22835473E-02 -4.00358896E-02  9.53964239E-02  2.72446054E-02
   30500 -3.56791239E-03 -1.28931351E-01 -2.19274882E-02  1.43884212E-01  4.21117595E-02
   30550 -3.59216943E-02  4.44680839E-02  4.24327834E-02  9.71972987E-02  1.70108148E-02
   30600 -7.83188989E-02  5.36072485E-02  3.74233301E-02  1.20144039E-01  3.95855258E-02
   30650  9.04482602E-02 -2.43482741E-02 -7.34915056E-03  1.10183360E-01  2.18563357E-02
   30700 -3.57610072E-02  2.76093675E-02  1.10575200E-02  7.90961550E-02  2.48531680E-02
   30750 -2.30898288E-02 -2.36794477E-02 -4.24248593E-02  8.60499754E-02  2.96309644E-02
   30800 -8.25342642E-04  1.18817241E-02 -2.41019910E-03  5.79025265E-02  1.76983409E-02
   30850  1.55253937E-02 -3.09578833E-02  4.25187119E-02  9.10626756E-02  2.55528466E-02
   30900 -4.59326343E-02  3.90475610E-02 -3.62513443E-03  9.32628741E-02  2.99923185E-02
   30950 -4.18992367E-02 -3.01092040E-02 -4.85533704E-02  1.13570678E-01  4.09915862E-02
   31000  6.60423398E-02  6.38135636E-03 -6.41001560E-02  1.22494900E-01  2.40510689E-02
   31050  2.86833124E-02  3.76812260E-02  6.12740973E-02  8.97363276E-02  4.33636405E-02
   31100  4.18989107E-02  4.36768351E-02  1.96045180E-02  9.24789914E-02  3.81562194E-02
   31150  1.77156907E-02  2.88487678E-02 -3.47923508E-02  7.12479467E-02  3.65129903E-02
   31200 -7.06198756E-02 -9.77912286E-02  3.49060851E-03  1.28731978E-01  3.12799411E-02
   31250 -8.96625612E-02 -2.84768333E-02 -2.56617444E-03  1.07836537E-01  4.72695689E-02
   31300  8.20303785E-02 -5.39340827E-02 -1.27491321E-02  1.18874874E-01  1.93650563E-02
   31350  4.44998624E-02  3.01025089E-02 -1.69985068E-02  8.99912628E-02  2.60442978E-02
   31400 -3.04229003E-02  1.78167828E-02 -1.20165460E-02  9.43748658E-02  3.45425435E-02
   31450  1.43319588E-02  5.96798471E-03  1.96924826E-02  9.07497582E-02  2.26998550E-02
   31500  6.13175732E-02  8.03899813E-02  3.61359993E-02  1.30321298E-01  3.07146613E-02
   31550  7.71359247E-03  1.48669351E-02 -4.33035795E-02  9.05985073E-02  4.50407968E-02
   31600 -2.65165702E-02 -2.04817630E-02  2.92468127E-02  8.44671332E-02  2.04202071E-02
   31650 -2.02935803E-02  5.15373015E-04 -2.24930432E-02  7.12965221E-02  2.82292259E-02
   31700 -6.36215136E-02  3.47417149E-02 -8.36482800E-02  1.24855679E-01  5.22300262E-02
   31750 -6.00586111E-02 -4.80492229E-03  2.07109057E-02  1.00620862E-01  3.28592560E-02
   31800 -2.69183919E-02 -4.06603409E-02 -3.70014823E-03  7.39359332E-02  3.92411528E-02
   31850  2.47182309E-02  7.42649703E-02  1.30828708E-01  1.69381158E-01  5.40252027E-02
   31900  6.30153662E-03  1.06682059E-01 -3.51044104E-02  1.25740640E-01  1.70246983E-02
   31950  1.10385863E-02 -1.61969719E-02  3.77352300E-02  9.50135294E-02  3.45047243E-02
   32000 -1.37304358E-03  6.31260103E-02 -2.75751746E-02  8.84400856E-02  5.42292983E-02
   32050  2.62266907E-02  6.44459998E-02  5.40436003E-02  1.29106213E-01  4.98969484E-02
   32100 -1.01133196E-01  6.55884157E-02  3.26066828E-02  1.46520721E-01  2.23380008E-02
   32150  5.24828308E-02 -8.25052422E-02  3.54473383E-02  1.12824780E-01  4.90679720E-02
   32200  7.18086800E-04  4.63718083E-02 -1.54072038E-02  7.40406164E-02  3.61770705E-02
   32250  3.73676569E-02 -2.72194318E-02  1.59594622E-02  1.13620462E-01  4.82605945E-02
   32300  2.73655326E-03 -1.76384174E-02  3.81775287E-02  6.28379377E-02  3.93339834E-02
   32350 -1.63578323E-01 -5.14313197E-02  8.88577673E-02  1.97231012E-01  2.58004955E-02
   32400 -5.45571134E-02 -5.74807826E-02 -8.29939670E-02  1.38298230E-01  3.73868175E-02
   32450 -4.31339509E-02 -3.26125021E-02  4.03222035E-04  7.70576520E-02  2.37267745E-02
   32500  2.23486341E-02  7.24552522E-02 -7.66347530E-03  1.06073100E-01  4.62767015E-02
   32550 -1.33610538E-02 -4.20901262E-02 -4.39194257E-02  9.61326056E-02  3.06656201E-02
   32600  2.82963994E-02  2.57654308E-02 -5.11564612E-02  8.41305520E-02  5.11573881E-02
   32650 -4.30669947E-02  6.18724665E-02  2.94651744E-02  1.09376213E-01  3.12876749E-02
   32700  1.68705235E-02 -4.40915770E-02 -9.53775145E-02  1.22172210E-01  3.93923559E-02
   32750 -1.33958613E-02 -7.47845055E-03 -3.85194531E-02  7.04637453E-02  2.51181555E-02
   32800  1.86475128E-03  1.16567371E-03 -1.34262719E-02  8.54699003E-02  3.11174055E-02
   32850  3.40786661E-02 -3.62494241E-02 -1.98862759E-02  8.42058415E-02  3.06077961E-02
   32900 -4.66810380E-02  1.46629613E-02  2.49964400E-02  1.21165404E-01  6.11695663E-02
   32950 -4.05870257E-02 -2.51454410E-02  1.59043583E-02  1.22619873E-01  5.13001632E-02
   33000  3.87029930E-02  5.43986238E-02 -4.93541811E-04  9.93700927E-02  2.26780438E-02
   33050 -1.50362032E-02  1.55525732E-02  7.27011990E-02  8.85393425E-02  2.28250090E-02
   33100 -4.37199244E-03  1.67322038E-02  2.89301484E-02  6.74938457E-02  3.24279507E-02
   33150 -9.34312605E-04  1.32349930E-02 -2.96168796E-02  6.80221611E-02  4.65962354E-02
   33200  3.90536531E-02 -5.19995141E-02  5.13900983E-02  1.12449306E-01  4.56317664E-02
   33250  3.26619320E-02 -4.59898462E-02  1.71256802E-02  9.03544548E-02  3.03962558E-02
   33300  1.19726245E-01 -1.82756238E-02 -1.82654989E-02  1.25213542E-01  2.37584501E-02
   33350 -2.17735311E-02 -1.01542481E-01 -5.22204021E-02  1.36128356E-01  2.62515452E-02
   33400 -5.79335280E-02  5.74691069E-04 -2.08854542E-02  1.03825579E-01  3.71652506E-02
   33450 -1.22088866E-02  6.63920271E-03  5.04390213E-02  1.04653219E-01  3.30726416E-02
   33500  3.33091286E-02  2.23285540E-02  3.33867082E-02  8.49161049E-02  1.75892489E-02
   33550  1.35632810E-02  5.24295478E-02  2.82370356E-02  1.01845129E-01  2.05349876E-02
   33600 -4.98131497E-02 -5.38997394E-02  8.96201545E-02  1.41089706E-01  4.67862124E-02
   33650  3.59257255E-02  4.04583286E-02 -4.98482813E-02  8.38092262E-02  5.04702553E-02
   33700  3.42428315E-02  8.67928941E-02  5.27773458E-02  1.28179436E-01  2.27861899E-02
   33750  9.44586861E-02  2.21308914E-02  7.17684918E-03  1.11205468E-01  3.50180250E-02
   33800  1.11668138E-01  1.48160028E-02  2.48064303E-03  1.25914848E-01  4.46476595E-02
   33850  7.05250592E-03  3.62025871E-02 -7.32535550E-02  9.82328111E-02  2.27277901E-02
   33900 -2.61441705E-02 -4.78955081E-02 -1.55767203E-02  9.74398551E-02  1.82072206E-02
   33950 -1.95891926E-02  1.22296628E-01  1.14570991E-03  1.34505728E-01  4.04123255E-02
   34000 -3.05323715E-02  4.39812492E-03 -3.71455277E-02  9.05072315E-02  2.24639718E-02
   34050 -4.32415543E-02 -5.65333424E-02  5.62129700E-02  1.01130401E-01  3.70487809E-02
   34100  3.68228032E-02  7.04573245E-02 -2.57411310E-02  9.75100904E-02  1.29989992E-02
   34150 -1.12927638E-01  6.59725962E-03 -5.59696294E-03  1.25540507E-01  3.90042533E-02
   34200  8.00230932E-03 -5.56464533E-02 -3.15817754E-02  7.83938433E-02  4.74642734E-02
   34250 -7.93146491E-02  3.64741650E-02 -1.21003743E-02  1.18039656E-01  3.08937167E-02
   34300  5.30777361E-02  9.69738104E-03 -1.89144468E-02  9.10196234E-02  1.95364776E-02
   34350  9.72329301E-02  1.17867093E-01  8.26128081E-03  1.61206537E-01  5.99602221E-02
   34400 -1.09117843E-01  7.99408924E-03 -4.55493974E-02  1.27711694E-01  2.59372378E-02
   34450  7.54997314E-03 -2.01880169E-02  6.03739218E-02  7.34812290E-02  1.84691006E-02
   34500  6.08631345E-02  1.50529766E-02 -8.27285982E-02  1.13499885E-01  4.69508070E-02
   34550  6.54396213E-02  5.48824022E-03  4.09355912E-02  1.10375272E-01  2.94581260E-02
   34600  4.19644050E-04 -6.02835452E-02  5.36848123E-03  8.88551145E-02  4.63542333E-02
   34650 -3.54848243E-02 -1.38864266E-02  1.45289959E-03  7.80514987E-02  1.72632306E-02
   34700  4.36055253E-03  5.18527160E-02  4.37821684E-02  9.09049311E-02  3.86127917E-02
   34750  5.46639286E-02  2.27593289E-02 -2.24145424E-02  7.98056112E-02  2.04357874E-02
   34800 -3.92383449E-02  6.98387519E-02  3.24873612E-02  1.11103162E-01  5.69758340E-02
   34850 -1.02679649E-02 -5.62274831E-03 -1.22425461E-02  6.75142634E-02  1.16680321E-02
   34900 -3.28188994E-02 -3.72444885E-02 -4.30979713E-02  8.05769300E-02  3.52570251E-02
   34950  4.35321012E-03 -4.47198030E-02  7.24107944E-02  9.75755200E-02  3.88243830E-02
   35000 -1.46534583E-02  3.82687693E-02  1.25087254E-02  9.22062935E-02  3.02736312E-02
   35050  1.42917204E-02 -2.01987787E-02  2.23235533E-02  7.69886532E-02  3.51914307E-02
   35100 -6.77484347E-02  6.84954649E-02  1.07179607E-03  1.24321247E-01  3.02842614E-02
   35150 -1.29840556E-02  8.28832416E-02 -1.16651046E-02  1.12220982E-01  1.41718033E-02
   35200  3.33647703E-02  5.83661655E-03 -1.04601412E-02  6.60755923E-02  3.01865305E-02
   35250  1.22077957E-01 -4.83012815E-02  7.88606442E-02  1.65894732E-01  4.89393032E-02
   35300 -8.22335904E-03 -2.34400817E-02  7.70888927E-02  1.10849188E-01  3.75775875E-02
   35350  5.58481019E-03  2.34944051E-02  4.16602664E-02  9.67680245E-02  3.82375543E-02
   35400  3.19728862E-02  3.41773482E-02  9.36598800E-04  7.05454680E-02  4.40142365E-02
   35450  6.21566583E-02  5.87356319E-02  6.87002521E-03  9.75841567E-02  3.24979603E-02
   35500  3.55827802E-03  1.22482080E-02 -5.41056499E-02  7.88765606E-02  2.83852922E-02
   35550 -1.44428474E-02  4.75264617E-03 -1.39820709E-02  5.09735234E-02  1.72274853E-02
   35600  7.85854498E-02  6.36606933E-02  2.43651017E-03  1.17850707E-01  2.81060249E-02
   35650  3.54041736E-02  1.53348697E-02 -1.82746479E-02  7.70713456E-02  1.51715619E-02
   35700  6.73620113E-02 -5.63684121E-02  4.40858771E-02  1.04787507E-01  5.46136422E-02
   35750 -7.43264489E-02  1.06112486E-02  4.50434151E-03  1.02053649E-01  5.24210296E-02
   35800  1.35485260E-02 -3.59081880E-02  3.93084211E-02  9.44239796E-02  3.10325606E-02
   35850 -2.56272218E-02  1.33875545E-01  3.99098200E-02  1.66572720E-01  3.57503715E-02
   35900 -5.76911472E-05  6.75071967E-03 -9.03313631E-02  1.07159547E-01  2.55999177E-02
   35950  3.70023761E-02 -4.55317274E-02  1.71531904E-02  6.80501839E-02  3.83418830E-02
   36000  9.12104135E-02 -2.13773428E-02 -9.20261677E-02  1.58541224E-01  3.78882085E-02
   36050  1.08538292E-02 -3.82531350E-02  3.63613167E-02  1.05994678E-01  4.99692022E-02
   36100  6.48473064E-02 -4.10399998E-02 -3.73716717E-02  1.09427659E-01  3.36513620E-02
   36150 -2.74449139E-02 -5.13411473E-02  3.90907746E-02  8.99955896E-02  3.94570617E-02
   36200 -1.30162181E-02 -4.46531614E-02  7.43713219E-02  1.16639436E-01  3.78428554E-02
   36250  1.13693525E-01 -5.99860612E-02 -8.15283203E-02  1.59811359E-01  4.50399559E-02
   36300  6.09859207E-02 -7.37149420E-02 -4.33163471E-02  1.17334104E-01  3.96935958E-02
   36350  8.43518462E-03 -5.36925195E-02 -2.69218389E-03  8.63308547E-02  3.26718120E-02
   36400  2.23454132E-02 -7.47652911E-03  2.87121383E-02  8.00918910E-02  3.10695098E-02
   36450  4.33327690E-02  4.84291043E-02 -2.35713187E-02  9.38991219E-02  5.02586962E-02
   36500  7.38333557E-02 -8.77109201E-02 -2.10042029E-02  1.32826690E-01  5.39072598E-02
   36550 -1.51769957E-03  8.19974409E-02  4.29741234E-02  1.08244994E-01  4.63789088E-02
   36600 -8.05265101E-02  7.67301116E-02  4.06359044E-02  1.33099938E-01  4.35137002E-02
   36650  1.67068417E-02  2.16686692E-02  4.97455103E-02  7.94900041E-02  2.45975558E-02
   36700 -1.32417963E-02 -8.35537150E-02 -1.07001154E-02  1.16248136E-01  3.25895265E-02
   36750  4.30241617E-03  7.15170148E-02  1.28191090E-02  9.62634333E-02  3.35787146E-02
   36800  2.60852051E-03  1.19544062E-02  4.91565119E-02  7.31746117E-02  1.94985258E-02
   36850 -3.88627547E-02 -1.05107421E-02 -3.26085053E-02  8.92633019E-02  5.36145782E-02
   36900  1.31533240E-02  2.74166210E-02 -6.58437804E-02  1.06742588E-01  2.71124340E-02
   36950  5.41714762E-03 -5.27836793E-03  1.38255122E-02  5.17550037E-02  7.40260668E-03
   37000 -8.10122016E-02 -8.40084071E-03  2.73174451E-02  1.22120478E-01  3.83147701E-02
   37050 -1.62103424E-02 -1.86812758E-02 -1.01651128E-02  6.90245908E-02  1.34319961E-02
   37100 -1.45022585E-02 -6.25878166E-02  5.86110298E-02  1.14646908E-01  4.71213666E-02
   37150  3.91215072E-02 -2.17948938E-02 -4.04854981E-02  8.58513921E-02  3.39681918E-02
   37200 -2.47095499E-02 -7.89266393E-02  8.14277395E-02  1.35671619E-01  3.68497543E-02
   37250  4.25485837E-02  2.75931226E-02  5.64456537E-02  8.91705284E-02  3.58208200E-02
   37300 -3.03516620E-02  4.17351135E-02 -4.65310492E-02  8.50102953E-02  2.49050101E-02
   37350  1.02702160E-02  1.29478846E-02  2.87592183E-03  7.89102660E-02  4.40048181E-02
   37400  2.71945149E-02 -3.44517213E-02  9.90877005E-02  1.19788339E-01  3.27211151E-02
   37450 -7.58672041E-02  4.27526254E-03  1.44623315E-02  1.11203743E-01  3.49090926E-02
   37500 -2.42881329E-03 -3.42464099E-02 -6.10050566E-02  9.34808096E-02  2.57412474E-02
   37550 -1.72933862E-02 -6.38508687E-02  7.77613445E-04  8.83396747E-02  3.23243824E-02
   37600 -9.80310000E-03  2.02974897E-02 -9.07735174E-03  6.24873011E-02  2.50192829E-02
   37650  5.15161703E-02  1.55251637E-02 -1.38373121E-02  7.56182135E-02  3.39817488E-02
   37700 -1.26471872E-03  5.45186054E-02  2.77292388E-02  7.65432491E-02  1.79382621E-02
   37750 -5.31340436E-02 -1.26832685E-02  7.28627470E-03  8.17023018E-02  3.51069924E-02
   37800 -1.96655246E-02 -2.04604722E-05  6.54834203E-03  5.43145655E-02  2.50493099E-02
   37850 -3.31457384E-02 -6.11311097E-03 -3.67430383E-02  1.15105860E-01  1.02062168E-02
   37900  4.82812956E-02 -4.76391136E-02 -3.00089328E-02  8.62427458E-02  3.97436270E-02
   37950  7.69836685E-03  2.50802777E-02  8.24027677E-02  9.60452556E-02  3.16672746E-02
   38000 -9.71052491E-03  8.94338534E-02 -2.00989144E-02  1.06049926E-01  4.61865857E-02
   38050  6.50515656E-03  1.08609454E-01 -1.50201607E-02  1.18712613E-01  2.25674877E-02
   38100 -6.01659866E-02  5.28697308E-02  1.60119968E-02  1.03404273E-01  2.79691775E-02
   38150  1.39166564E-02  4.15621123E-02 -5.88692155E-03  7.24489205E-02  5.06804335E-02
   38200  4.26047772E-02 -1.88590185E-02  9.57392459E-02  1.15905459E-01  3.08749479E-02
   38250  8.43912133E-03 -7.50989029E-02  3.12032040E-02  1.13676248E-01  2.90165204E-02
   38300 -4.93566974E-03  2.45345362E-02  2.00717226E-02  9.07870661E-02  2.30973639E-02
   38350  2.29795445E-03  7.06148188E-02 -2.86085897E-02  1.01874164E-01  4.46076347E-02
   38400  4.42667279E-02 -5.97380080E-02  2.64404097E-02  1.03874587E-01  4.08039903E-02
   38450 -3.38060152E-02 -1.61511524E-02 -2.82862296E-02  7.45548303E-02  2.14186669E-02
   38500  1.63124260E-02  2.49532277E-02 -1.37534550E-02  6.02970377E-02  2.43015594E-02
   38550  4.99298708E-02  4.53369065E-02 -1.05090179E-01  1.40656114E-01  4.98256799E-02
   38600  6.89442148E-02  2.36846964E-02 -2.37439908E-02  1.05600559E-01  4.41735748E-02
   38650  6.69922060E-02  2.05765360E-02  1.81758636E-02  9.97870729E-02  4.04043093E-02
   38700 -5.54329671E-02 -9.94648694E-02 -1.68872200E-02  1.33652658E-01  4.94284717E-02
   38750 -7.76608580E-02 -1.49392707E-01  4.61919884E-02  1.90248859E-01  3.00831273E-02
   38800  1.26356885E-01  2.99900501E-02 -1.96236237E-02  1.52904319E-01  1.93857932E-02
   38850 -4.03315850E-02  4.12252726E-02 -4.27813541E-03  8.47742381E-02  1.29314030E-02
   38900  4.76130227E-02  1.42523088E-01 -2.49705654E-02  1.80450555E-01  1.53663007E-02
   38950  9.08559764E-03  2.66620611E-02  4.00845270E-03  8.62225894E-02  3.27628898E-02
   39000  7.59212104E-02  3.11143365E-02 -4.12173952E-02  1.10706692E-01  1.85098705E-02
   39050 -3.18792277E-02  1.17855599E-02  4.02106625E-02  7.77158749E-02  1.68833345E-02
   39100 -1.40292008E-02  4.79943630E-03  6.77935757E-02  8.57608881E-02  4.42911841E-02
   39150 -1.14595059E-01 -2.43961309E-02 -6.50677437E-02  1.42111413E-01  3.63314124E-02
   39200  4.33294344E-02 -2.06997814E-02 -4.08129851E-04  9.47195934E-02  2.47353540E-02
   39250 -8.69741855E-02  1.00384250E-01  1.54149785E-02  1.39531271E-01  5.15280104E-02
   39300  1.79255967E-02  1.47567850E-03 -7.05542491E-02  9.76245250E-02  1.64828489E-02
   39350  7.22757039E-02  1.03355281E-02  5.39930870E-02  1.02577328E-01  2.21750070E-02
   39400 -5.01283433E-02 -4.71542443E-02 -3.15320459E-02  1.09068073E-01  2.74483979E-02
   39450  2.31754412E-02 -1.11194937E-02 -2.47957779E-03  9.35661941E-02  2.55637205E-02
   39500  8.69446904E-02 -4.75973439E-02 -5.58485089E-02  1.35492500E-01  2.60060937E-02
   39550  7.03892390E-02 -5.92587726E-02 -1.32506663E-02  9.74286467E-02  5.34578818E-02
   39600  3.27928582E-04 -2.83232697E-02  1.19749468E-02  7.67301185E-02  1.15822216E-02
   39650  9.36039354E-02 -2.52511513E-02 -1.81178114E-02  1.30189990E-01  5.07684658E-02
   39700 -8.15907478E-02 -4.02830504E-02  3.03947533E-02  1.09595581E-01  3.13573171E-02
   39750  6.43045127E-02  9.31069864E-03  8.14316895E-05  1.07153614E-01  3.61660788E-02
   39800 -6.36405604E-02  3.78906895E-02  6.17860874E-02  1.13679680E-01  2.58891168E-02
   39850  4.56026298E-03 -2.73637448E-03  3.51441514E-02  7.86566129E-02  4.99874283E-02
   39900  3.68909528E-02 -6.93196973E-03 -4.83845683E-02  9.66529471E-02  3.16200889E-02
   39950 -2.83719151E-02 -5.02401512E-02 -4.09419703E-03  1.04456986E-01  2.55031739E-02
