   #Iter             <M>           <M^2>           <M^4>      U_{Binder}            \chi        C_v(tot)             <E>       <E_{exc}>       <E_{lsf}>
       1  1.03275433E-01  1.07359885E-02  1.18456689E-04  6.57426108E-01  4.00787787E-05  3.34635060E-02 -1.76829604E+00 -1.76829604E+00  0.00000000E+00
      11  1.02866912E-01  1.32140997E-02  3.62750403E-04  3.07513213E-01  1.50352214E-03  2.83735569E-01 -1.73593838E+00 -1.73593838E+00  0.00000000E+00
      21  1.08964287E-01  1.37792933E-02  3.10225428E-04  4.55369132E-01  1.08863498E-03  2.79161559E-01 -1.71070126E+00 -1.71070126E+00  0.00000000E+00
      31  1.02664144E-01  1.21438145E-02  2.28670613E-04  4.83132945E-01  9.16042914E-04  3.00858387E-01 -1.67822630E+00 -1.67822630E+00  0.00000000E+00
      41  1.03859230E-01  1.23954490E-02  2.38032779E-04  4.83594351E-01  9.18796505E-04  3.10063838E-01 -1.68989239E+00 -1.68989239E+00  0.00000000E+00
      51  1.02396174E-01  1.20068795E-02  2.29849412E-04  4.68550706E-01  8.69218135E-04  2.95377753E-01 -1.69831328E+00 -1.69831328E+00  0.00000000E+00
      61  1.02014911E-01  1.20395512E-02  2.37486347E-04  4.53869040E-01  9.32389515E-04  2.94687271E-01 -1.70017042E+00 -1.70017042E+00  0.00000000E+00
      71  1.01388964E-01  1.21091638E-02  2.47500205E-04  4.37365967E-01  1.04486550E-03  3.12981987E-01 -1.69396572E+00 -1.69396572E+00  0.00000000E+00
      81  1.00320625E-01  1.19065936E-02  2.43572616E-04  4.27293461E-01  1.05224690E-03  2.97054501E-01 -1.69497725E+00 -1.69497725E+00  0.00000000E+00
      91  1.00263314E-01  1.18613452E-02  2.40325745E-04  4.30608275E-01  1.03296933E-03  2.72864382E-01 -1.69855007E+00 -1.69855007E+00  0.00000000E+00
     101  1.01193771E-01  1.21428046E-02  2.62462003E-04  4.06655160E-01  1.08666336E-03  2.69963979E-01 -1.69723174E+00 -1.69723174E+00  0.00000000E+00
     111  1.02462467E-01  1.24548739E-02  2.76271704E-04  4.06341786E-01  1.11732872E-03  2.89179397E-01 -1.70213455E+00 -1.70213455E+00  0.00000000E+00
     121  1.01670165E-01  1.22115090E-02  2.61953722E-04  4.14449106E-01  1.07070652E-03  2.79694676E-01 -1.70103684E+00 -1.70103684E+00  0.00000000E+00
     131  1.01333891E-01  1.22127621E-02  2.61587800E-04  4.15387044E-01  1.11041100E-03  2.90695832E-01 -1.69884063E+00 -1.69884063E+00  0.00000000E+00
     141  1.02347907E-01  1.24878068E-02  2.72071174E-04  4.18447488E-01  1.14953863E-03  2.93638203E-01 -1.70046603E+00 -1.70046603E+00  0.00000000E+00
     151  1.01882093E-01  1.24196356E-02  2.70686644E-04  4.15037714E-01  1.16493765E-03  2.97484405E-01 -1.70124700E+00 -1.70124700E+00  0.00000000E+00
     161  1.01119579E-01  1.21992644E-02  2.61152189E-04  4.15068338E-01  1.12748252E-03  3.10466120E-01 -1.69894728E+00 -1.69894728E+00  0.00000000E+00
     171  1.00419744E-01  1.19907076E-02  2.50769711E-04  4.18614495E-01  1.08892360E-03  2.99760241E-01 -1.69957261E+00 -1.69957261E+00  0.00000000E+00
     181  1.00077405E-01  1.19012083E-02  2.46592487E-04  4.19668060E-01  1.07700890E-03  3.10976300E-01 -1.70882752E+00 -1.70882752E+00  0.00000000E+00
     191  1.00533160E-01  1.20146984E-02  2.49671328E-04  4.23470324E-01  1.08960866E-03  3.15999799E-01 -1.70456933E+00 -1.70456933E+00  0.00000000E+00
     201  9.93929312E-02  1.17370403E-02  2.37501684E-04  4.25317134E-01  1.06122496E-03  3.07076394E-01 -1.70642717E+00 -1.70642717E+00  0.00000000E+00
     211  1.01040063E-01  1.21477524E-02  2.54471533E-04  4.25187650E-01  1.10724310E-03  3.09861796E-01 -1.70474705E+00 -1.70474705E+00  0.00000000E+00
     221  1.00923153E-01  1.20817315E-02  2.50251306E-04  4.28525651E-01  1.08302139E-03  3.00581191E-01 -1.70361311E+00 -1.70361311E+00  0.00000000E+00
     231  1.01247524E-01  1.20816241E-02  2.45458408E-04  4.39460762E-01  1.04550575E-03  3.00622285E-01 -1.70534667E+00 -1.70534667E+00  0.00000000E+00
     241  1.01730362E-01  1.21883628E-02  2.49411839E-04  4.40364749E-01  1.05049375E-03  2.93762552E-01 -1.70514058E+00 -1.70514058E+00  0.00000000E+00
     251  1.02770732E-01  1.24145661E-02  2.57265820E-04  4.43586389E-01  1.05817348E-03  3.20771726E-01 -1.70376034E+00 -1.70376034E+00  0.00000000E+00
     261  1.03047780E-01  1.25393150E-02  2.65649313E-04  4.36829607E-01  1.09685525E-03  3.16245814E-01 -1.70599392E+00 -1.70599392E+00  0.00000000E+00
     271  1.02934147E-01  1.25105126E-02  2.62746219E-04  4.40416361E-01  1.09377329E-03  3.21813047E-01 -1.70551176E+00 -1.70551176E+00  0.00000000E+00
     281  1.02547867E-01  1.24057732E-02  2.57550690E-04  4.42180376E-01  1.07928585E-03  3.16766258E-01 -1.70271933E+00 -1.70271933E+00  0.00000000E+00
     291  1.02722495E-01  1.24960490E-02  2.64005886E-04  4.36431236E-01  1.11037292E-03  3.11133463E-01 -1.70241368E+00 -1.70241368E+00  0.00000000E+00
     301  1.02836383E-01  1.25584496E-02  2.68616443E-04  4.32273342E-01  1.13264156E-03  3.09872624E-01 -1.70425953E+00 -1.70425953E+00  0.00000000E+00
     311  1.03748795E-01  1.27192305E-02  2.71358123E-04  4.40886604E-01  1.11681541E-03  3.07273701E-01 -1.70203361E+00 -1.70203361E+00  0.00000000E+00
     321  1.03578788E-01  1.26648951E-02  2.69331599E-04  4.40290267E-01  1.10591331E-03  3.15029808E-01 -1.70153592E+00 -1.70153592E+00  0.00000000E+00
     331  1.03118547E-01  1.25411814E-02  2.63281935E-04  4.42014509E-01  1.08958843E-03  3.10467088E-01 -1.70158140E+00 -1.70158140E+00  0.00000000E+00
     341  1.03329513E-01  1.25632226E-02  2.62623096E-04  4.45362090E-01  1.07730188E-03  3.09692323E-01 -1.69941726E+00 -1.69941726E+00  0.00000000E+00
     351  1.03352184E-01  1.26175452E-02  2.67574356E-04  4.39760795E-01  1.10565148E-03  3.04009657E-01 -1.69946521E+00 -1.69946521E+00  0.00000000E+00
     361  1.02338514E-01  1.24018112E-02  2.60191880E-04  4.36099794E-01  1.10152127E-03  3.08617110E-01 -1.69621046E+00 -1.69621046E+00  0.00000000E+00
     371  1.02477101E-01  1.24250251E-02  2.60941567E-04  4.36586228E-01  1.09856795E-03  3.10965775E-01 -1.69390515E+00 -1.69390515E+00  0.00000000E+00
     381  1.02154670E-01  1.23289592E-02  2.55599439E-04  4.39486845E-01  1.08138452E-03  3.13739418E-01 -1.69329733E+00 -1.69329733E+00  0.00000000E+00
     391  1.02259033E-01  1.23334452E-02  2.54512843E-04  4.42275615E-01  1.07176245E-03  3.17919141E-01 -1.69342548E+00 -1.69342548E+00  0.00000000E+00
     401  1.02726773E-01  1.24601639E-02  2.61277837E-04  4.39037529E-01  1.08937557E-03  3.14087383E-01 -1.69256060E+00 -1.69256060E+00  0.00000000E+00
     411  1.03563625E-01  1.26674593E-02  2.69786374E-04  4.39572135E-01  1.10917174E-03  3.11935027E-01 -1.69267822E+00 -1.69267822E+00  0.00000000E+00
     421  1.03899327E-01  1.27421940E-02  2.72288071E-04  4.40990830E-01  1.11207828E-03  3.09316656E-01 -1.69303102E+00 -1.69303102E+00  0.00000000E+00
     431  1.04196822E-01  1.28051027E-02  2.74776099E-04  4.41412048E-01  1.11265009E-03  3.08967096E-01 -1.69079135E+00 -1.69079135E+00  0.00000000E+00
     441  1.05437928E-01  1.31425760E-02  2.90724282E-04  4.38953242E-01  1.15679579E-03  3.09904837E-01 -1.68996700E+00 -1.68996700E+00  0.00000000E+00
     451  1.05514901E-01  1.31613900E-02  2.90672923E-04  4.40654944E-01  1.15826733E-03  3.12139580E-01 -1.68987487E+00 -1.68987487E+00  0.00000000E+00
     461  1.05509793E-01  1.31541981E-02  2.89826801E-04  4.41673127E-01  1.15477530E-03  3.16431944E-01 -1.68783574E+00 -1.68783574E+00  0.00000000E+00
     471  1.05505704E-01  1.31329960E-02  2.87759793E-04  4.43863708E-01  1.14315880E-03  3.15695666E-01 -1.68854875E+00 -1.68854875E+00  0.00000000E+00
     481  1.04873668E-01  1.29878241E-02  2.82341225E-04  4.42069318E-01  1.13618831E-03  3.15143699E-01 -1.68834918E+00 -1.68834918E+00  0.00000000E+00
     491  1.04309555E-01  1.28597304E-02  2.77411647E-04  4.40835352E-01  1.13042505E-03  3.14953024E-01 -1.68760328E+00 -1.68760328E+00  0.00000000E+00
     501  1.04307344E-01  1.28503821E-02  2.75887501E-04  4.43098116E-01  1.12534934E-03  3.11895039E-01 -1.68892050E+00 -1.68892050E+00  0.00000000E+00
     511  1.03838300E-01  1.27470571E-02  2.71852469E-04  4.42310892E-01  1.12209637E-03  3.09784228E-01 -1.68938856E+00 -1.68938856E+00  0.00000000E+00
     521  1.03871963E-01  1.27524799E-02  2.72249350E-04  4.41971605E-01  1.12120014E-03  3.10025299E-01 -1.69137104E+00 -1.69137104E+00  0.00000000E+00
     531  1.03487220E-01  1.26589823E-02  2.68138558E-04  4.42248908E-01  1.11336540E-03  3.07767684E-01 -1.69181433E+00 -1.69181433E+00  0.00000000E+00
     541  1.03574624E-01  1.26711046E-02  2.67796626E-04  4.44025475E-01  1.10995253E-03  3.07177651E-01 -1.69207103E+00 -1.69207103E+00  0.00000000E+00
     551  1.03006550E-01  1.25411130E-02  2.63109877E-04  4.42373079E-01  1.10273427E-03  3.06338559E-01 -1.69238830E+00 -1.69238830E+00  0.00000000E+00
     561  1.02756892E-01  1.24863591E-02  2.60617842E-04  4.42799818E-01  1.10080193E-03  3.03451523E-01 -1.69367498E+00 -1.69367498E+00  0.00000000E+00
     571  1.03100300E-01  1.25600404E-02  2.63145720E-04  4.43976711E-01  1.10250861E-03  3.02861625E-01 -1.69233240E+00 -1.69233240E+00  0.00000000E+00
     581  1.03208168E-01  1.25864765E-02  2.64328308E-04  4.43821643E-01  1.10489716E-03  3.00582849E-01 -1.69323923E+00 -1.69323923E+00  0.00000000E+00
     591  1.03146352E-01  1.25640261E-02  2.62697954E-04  4.45274958E-01  1.09936027E-03  3.01016226E-01 -1.69477014E+00 -1.69477014E+00  0.00000000E+00
     601  1.03328789E-01  1.25909508E-02  2.63233289E-04  4.46519274E-01  1.09322395E-03  3.04380718E-01 -1.69433919E+00 -1.69433919E+00  0.00000000E+00
     611  1.03105744E-01  1.25255290E-02  2.60210821E-04  4.47144105E-01  1.08215663E-03  3.07253747E-01 -1.69335323E+00 -1.69335323E+00  0.00000000E+00
     621  1.02918727E-01  1.24813735E-02  2.58234820E-04  4.47453560E-01  1.07894383E-03  3.07402723E-01 -1.69392818E+00 -1.69392818E+00  0.00000000E+00
     631  1.03043917E-01  1.25382447E-02  2.61186783E-04  4.46195523E-01  1.09669855E-03  3.08152171E-01 -1.69450628E+00 -1.69450628E+00  0.00000000E+00
     641  1.03047238E-01  1.25473149E-02  2.61848497E-04  4.45594872E-01  1.10148801E-03  3.10098522E-01 -1.69486515E+00 -1.69486515E+00  0.00000000E+00
     651  1.03253054E-01  1.26074872E-02  2.64208855E-04  4.45924378E-01  1.11160425E-03  3.07990808E-01 -1.69420662E+00 -1.69420662E+00  0.00000000E+00
     661  1.03258770E-01  1.26082670E-02  2.64116307E-04  4.46186973E-01  1.11137544E-03  3.05229795E-01 -1.69392782E+00 -1.69392782E+00  0.00000000E+00
     671  1.03485612E-01  1.26535845E-02  2.65144648E-04  4.48005857E-01  1.11047259E-03  3.04551152E-01 -1.69367226E+00 -1.69367226E+00  0.00000000E+00
     681  1.03821823E-01  1.27271607E-02  2.67202302E-04  4.50135240E-01  1.11268696E-03  3.01906197E-01 -1.69298728E+00 -1.69298728E+00  0.00000000E+00
     691  1.04029689E-01  1.27853802E-02  2.71131555E-04  4.47119188E-01  1.12126221E-03  3.02455320E-01 -1.69412802E+00 -1.69412802E+00  0.00000000E+00
     701  1.03688597E-01  1.26991379E-02  2.67540553E-04  4.47006680E-01  1.11247173E-03  3.01586404E-01 -1.69407112E+00 -1.69407112E+00  0.00000000E+00
     711  1.03641111E-01  1.26924697E-02  2.67663904E-04  4.46170248E-01  1.11428628E-03  3.01277452E-01 -1.69497136E+00 -1.69497136E+00  0.00000000E+00
     721  1.03466466E-01  1.26531183E-02  2.66515524E-04  4.45110998E-01  1.11246946E-03  3.02232011E-01 -1.69510217E+00 -1.69510217E+00  0.00000000E+00
     731  1.03427001E-01  1.26359914E-02  2.66400830E-04  4.43845221E-01  1.10735095E-03  3.02471234E-01 -1.69458468E+00 -1.69458468E+00  0.00000000E+00
     741  1.03102067E-01  1.25560710E-02  2.63125751E-04  4.43667322E-01  1.10003345E-03  3.06325802E-01 -1.69471979E+00 -1.69471979E+00  0.00000000E+00
     751  1.02793734E-01  1.24819473E-02  2.60054403E-04  4.43611345E-01  1.09395698E-03  3.06809290E-01 -1.69466224E+00 -1.69466224E+00  0.00000000E+00
     761  1.02501736E-01  1.24082503E-02  2.56944004E-04  4.43716550E-01  1.08610312E-03  3.08189373E-01 -1.69413276E+00 -1.69413276E+00  0.00000000E+00
     771  1.02383698E-01  1.23763961E-02  2.55282372E-04  4.44465328E-01  1.08172259E-03  3.08555014E-01 -1.69451622E+00 -1.69451622E+00  0.00000000E+00
     781  1.02459519E-01  1.23933696E-02  2.56108060E-04  4.44194053E-01  1.08254621E-03  3.07290056E-01 -1.69427481E+00 -1.69427481E+00  0.00000000E+00
     791  1.02608419E-01  1.24195211E-02  2.57013598E-04  4.44575353E-01  1.08004282E-03  3.07562989E-01 -1.69411551E+00 -1.69411551E+00  0.00000000E+00
