   #Iter           <M>_x           <M>_y           <M>_z             <M>        M_{stdv}
       0  5.29602625E-02 -8.59293790E-03  4.08992043E-02  1.15099933E-01  4.06368126E-02
      50 -9.39825374E-03  9.45238748E-03 -6.36687170E-02  1.65076002E-01  6.66836483E-02
     100 -2.50152865E-02  1.12854130E-01  2.65239373E-02  1.52752937E-01  4.42295917E-02
     150  1.73609424E-02 -1.69408925E-03  3.72772356E-02  8.55947785E-02  3.57050962E-02
     200  3.36214792E-02  9.39238304E-02 -1.31233757E-02  1.40351497E-01  5.17641368E-02
     250  2.19400304E-02 -2.55727206E-02  7.31518114E-02  1.16369038E-01  4.87970042E-02
     300 -6.95399687E-03  1.79656870E-03  1.01744534E-02  7.93387170E-02  3.58909752E-02
     350  5.62349688E-02  8.55968335E-02  5.88589947E-02  1.47083094E-01  4.56755162E-02
     400 -5.38465743E-02  1.06765489E-01 -6.41999610E-02  1.55316603E-01  6.84409208E-02
     450 -2.66987317E-02 -3.52823331E-02  3.79879555E-02  1.14780605E-01  4.56922088E-02
     500 -3.90421039E-02 -1.59795275E-01 -4.66402534E-03  1.82283626E-01  5.01181864E-02
     550 -6.80914367E-02  8.08943005E-02 -2.56720422E-02  1.19280369E-01  8.28861755E-02
     600  1.89539035E-02 -4.98527446E-02  2.34126456E-02  9.22791388E-02  2.09844136E-02
     650 -8.77839016E-02 -3.21862051E-02 -3.11960499E-02  1.39828535E-01  8.90789635E-02
     700  3.94239924E-03  2.60940600E-02 -2.48670800E-02  1.65714685E-01  5.76875550E-02
     750 -3.34447036E-02  2.18909649E-02  8.23103875E-04  1.20546469E-01  3.88209424E-02
     800  3.37369131E-02 -5.35652596E-03  1.18834504E-01  1.37346333E-01  6.20354559E-02
     850  2.21588131E-02 -3.38568587E-02  1.39496508E-02  1.15299292E-01  3.87960605E-02
     900  5.43653050E-03  3.46119056E-02  6.76301001E-02  1.20054945E-01  2.69606297E-02
     950 -7.94731106E-02 -2.74735148E-02 -2.64920820E-02  1.39385143E-01  4.44781689E-02
    1000  7.72562699E-02  4.56058118E-03 -3.88692381E-02  1.37249383E-01  2.57681950E-02
    1050 -1.33246340E-02 -6.00551703E-02  2.36671298E-02  1.42357278E-01  1.75365324E-02
    1100  1.31318602E-01 -8.12780714E-02  2.22610523E-02  1.86711787E-01  4.25220329E-02
    1150  3.83674994E-02  1.56507756E-02 -7.54858284E-02  1.15325607E-01  3.86303781E-02
    1200 -7.48735516E-02  2.78996850E-02  7.12840583E-04  1.13516839E-01  4.02585222E-02
    1250 -6.22740875E-02 -8.62859825E-03 -8.78828328E-02  1.24597084E-01  6.66566427E-02
    1300 -2.90309061E-04 -1.09687572E-02 -1.18264735E-01  1.55745345E-01  5.78438243E-02
    1350 -3.90742032E-02  4.42209703E-02  4.26153680E-02  1.19779265E-01  5.76835643E-02
    1400 -6.14472921E-02 -8.63176692E-02 -6.21774801E-02  1.49665288E-01  2.78551443E-02
    1450 -7.33543675E-02  9.24309602E-02  5.92462235E-02  1.44593447E-01  6.20057665E-02
    1500 -4.36718322E-02  3.01715998E-02  3.69627843E-02  1.57323564E-01  3.81939329E-02
    1550 -6.90867872E-02 -4.57624872E-02  8.57782605E-02  1.48858873E-01  4.37325973E-02
    1600 -2.74562097E-02  4.93854063E-02 -1.12959754E-02  1.02073711E-01  3.08568549E-02
    1650 -3.10735317E-03 -2.29716124E-02  8.15439408E-02  1.39879224E-01  6.49698391E-02
    1700 -2.33209044E-02  7.64061561E-04 -1.54106860E-02  1.12621696E-01  5.53678594E-02
    1750  1.10084232E-01 -1.15363539E-02 -9.49681597E-02  2.06981490E-01  5.95707788E-02
    1800  2.23354848E-02 -2.39445114E-02  7.05062162E-03  1.32275618E-01  1.46127063E-02
    1850 -6.34323401E-02 -3.64203481E-02  1.67688544E-02  1.06974444E-01  6.20493351E-02
    1900 -3.34499497E-02  7.62347760E-02  7.41831449E-02  1.49452777E-01  4.41694250E-02
    1950 -3.00863683E-02  2.16271349E-02 -5.88142911E-02  1.24286969E-01  8.58121514E-02
    2000  1.56358454E-02 -1.98325610E-03  8.58905314E-02  1.22798611E-01  2.35109925E-02
    2050 -5.29714032E-02  2.23275055E-02  3.15174686E-02  1.38485337E-01  8.19149264E-02
    2100  1.25648868E-02 -1.10619917E-01 -1.29822315E-02  1.40538611E-01  4.81971952E-02
    2150  8.86989031E-02  4.15843733E-02 -9.12645445E-02  1.42364518E-01  3.35416937E-02
    2200  4.49768201E-02  3.30129631E-02  4.28359125E-02  1.32809683E-01  7.05697626E-02
    2250  8.90266088E-02 -5.88942576E-02 -6.48710842E-02  1.51902324E-01  4.34601569E-02
    2300  1.47106984E-01 -1.06346172E-02 -2.37740678E-02  1.67241282E-01  7.85363230E-02
    2350 -1.32661292E-02  1.22056408E-01  2.29716718E-02  1.69827228E-01  6.28515358E-02
    2400 -1.38278447E-01  8.01742930E-03  8.65907784E-02  2.12278828E-01  5.37007973E-02
    2450  4.36574359E-02 -6.71280872E-03  5.00513656E-02  1.14188684E-01  4.79739929E-02
    2500  4.07998555E-02 -1.48337619E-02  1.87435085E-02  1.02858923E-01  4.29029051E-02
    2550  7.39216653E-02 -3.39220851E-02 -1.88343477E-02  1.07297193E-01  5.08730026E-02
    2600 -1.26061578E-01  5.92489365E-03 -2.83521796E-02  1.64244231E-01  5.63338888E-02
    2650 -2.13884704E-02 -2.24655832E-02 -7.33761925E-02  1.36726164E-01  4.48665241E-02
    2700  9.02824900E-02  6.05625263E-02  6.13973444E-02  1.62046767E-01  6.29790518E-02
    2750 -1.24723519E-02  1.10708590E-01 -2.31327860E-02  1.69330178E-01  6.05264766E-02
    2800  8.14996381E-02 -7.45357911E-03  3.44665564E-02  1.75086043E-01  9.25052065E-02
    2850  1.00083411E-01  7.07494558E-02  2.47269013E-02  1.36715553E-01  4.10225416E-02
    2900 -2.66690995E-02  4.95076926E-02  1.65302480E-02  9.72479598E-02  2.22221197E-02
    2950  2.42995529E-02  4.36551693E-02 -2.82022192E-02  1.10124906E-01  4.39584163E-02
    3000  7.15041611E-03  9.92572976E-02  8.76284307E-02  1.65238152E-01  2.00169581E-02
    3050 -3.51081612E-03  2.43737216E-02  3.20175566E-02  1.02628129E-01  2.92824825E-02
    3100  5.29137118E-02  8.48917973E-02  1.24842271E-02  1.28738035E-01  4.19447721E-02
    3150  9.44844676E-02  3.82507278E-02 -1.10321984E-01  1.70848911E-01  3.22471721E-02
    3200  2.89015183E-02  9.15331391E-02  9.82974707E-03  1.49609010E-01  5.86546674E-02
    3250  3.76300105E-02 -1.57485578E-02  5.09560144E-02  1.19270691E-01  2.02842242E-02
    3300  1.34980442E-02 -5.16910943E-02  1.85381952E-02  8.55825620E-02  5.17027114E-02
    3350 -5.34442910E-02  9.20022984E-02  7.66566411E-02  1.37459952E-01  4.84483136E-02
    3400 -1.77832686E-02  1.95858054E-02  1.22270544E-01  1.47051286E-01  3.16109262E-02
    3450  2.38661195E-02  4.15703028E-02  4.73826400E-02  1.35497706E-01  3.17597304E-02
    3500 -1.68140151E-03  8.26511939E-02 -6.69099960E-02  1.68420627E-01  7.40333964E-02
    3550  7.92127092E-04 -1.79372718E-02  1.38188607E-02  6.79553161E-02  2.59674092E-02
    3600 -6.81771625E-02  1.79362418E-02  2.17719897E-02  1.33158900E-01  3.56679986E-02
    3650 -1.37258874E-02  6.21471235E-02  2.97045625E-02  1.13627567E-01  3.22404571E-02
    3700 -7.26285533E-02 -2.75702694E-02 -2.77920748E-02  1.25160103E-01  4.40306141E-02
    3750  8.17314183E-03 -4.37116489E-02 -8.28216091E-02  1.25593468E-01  4.28469198E-02
    3800  1.51404377E-02  5.30750654E-02  7.31799217E-02  1.34043210E-01  2.90204087E-02
    3850  3.01165538E-02 -4.62483212E-02  3.60976594E-02  1.15737136E-01  2.20511549E-02
    3900 -7.08708859E-02  1.29312879E-01  4.27287393E-02  1.79549709E-01  4.88143221E-02
    3950  3.88428616E-02  3.86998973E-04  9.13975719E-02  1.40166323E-01  8.08107527E-02
    4000  9.87073796E-02 -7.24483662E-02  8.46989114E-02  1.90361503E-01  4.27241586E-02
    4050  4.59717366E-02 -5.79571843E-02  3.28440497E-02  1.18488708E-01  2.84058183E-02
    4100 -9.94389014E-02  8.88907468E-03 -1.15454330E-01  2.00526352E-01  7.75342689E-02
    4150 -1.17127926E-01 -4.44249843E-02  1.63813006E-02  1.52632822E-01  6.46435449E-02
    4200  4.00913789E-02  4.38026788E-03  3.52615964E-02  1.50162688E-01  6.04127426E-02
    4250 -4.41068263E-02  5.87013145E-02 -4.18662055E-02  1.19997929E-01  1.13366612E-02
    4300 -3.54666233E-02 -6.61471648E-02  2.05814441E-02  1.15578889E-01  2.74144864E-02
    4350 -7.04426606E-02  1.41960785E-01 -5.23588441E-02  2.18811754E-01  8.67115004E-02
    4400 -1.22966163E-02  8.30380636E-02  4.72241539E-02  1.39311612E-01  2.43753816E-02
    4450 -3.47723614E-02  5.11653705E-02 -5.18175568E-02  9.71056459E-02  5.43313912E-02
    4500 -4.37549477E-02  2.50329612E-02  3.20050856E-03  9.48122117E-02  2.35839626E-02
    4550  1.63232583E-02  8.81831819E-02 -8.41969997E-02  1.68168338E-01  4.45588819E-02
    4600  2.72328981E-02  2.98898283E-02 -2.01619393E-01  2.15902105E-01  5.10997455E-02
    4650  1.25946195E-02  3.83614595E-02  4.06023378E-03  1.25182141E-01  2.67167986E-02
    4700 -1.66764874E-01 -7.05628368E-02 -1.01130173E-01  2.21345464E-01  6.32403314E-02
    4750  4.65819881E-02  5.08935630E-03  4.67016359E-02  1.13313827E-01  2.56684476E-02
    4800  1.02763110E-02 -3.48620329E-02 -3.86226662E-02  1.05576336E-01  1.04566679E-02
    4850 -4.76747335E-02  5.18903798E-02  2.32174254E-02  1.41326873E-01  5.59067749E-02
    4900  5.47352434E-02  7.89525295E-02  5.37302552E-03  1.48973982E-01  5.52218747E-02
    4950 -6.90571527E-02 -4.65688749E-02 -2.60185304E-02  1.39222572E-01  6.63324949E-02
    5000  1.20820054E-02  3.24583701E-02 -1.70287524E-01  1.99670893E-01  5.39927365E-02
    5050  2.16541931E-02  4.42238323E-02  9.05422659E-02  1.14921408E-01  2.47503336E-02
    5100 -1.27761018E-02 -5.35586542E-02 -5.25312481E-03  9.99067358E-02  4.02862224E-02
    5150 -3.22504787E-02  1.16296376E-02  1.01050833E-02  7.79551118E-02  3.52031837E-02
    5200 -3.68942617E-02 -3.68982786E-03 -1.13393098E-01  1.51799647E-01  6.77479984E-02
    5250 -5.88562187E-02 -1.41549955E-02 -9.48221997E-03  1.05448094E-01  5.27541282E-02
    5300  6.71205437E-02  2.10524567E-02  3.05194241E-02  1.36447787E-01  4.97405787E-02
    5350 -3.28908468E-02  2.39356395E-02  7.60240837E-02  1.41302408E-01  3.50286065E-02
    5400  2.77431407E-02  1.12787461E-01 -7.86022716E-03  1.41758971E-01  7.60174928E-02
    5450 -3.37971604E-02  1.10716695E-02  9.34875775E-02  1.67512193E-01  4.81742227E-02
    5500  4.81525910E-02 -1.90749687E-02 -1.04459777E-01  1.44418759E-01  5.01455117E-02
    5550 -4.54790291E-02  1.13000425E-01 -9.20991489E-02  2.11359777E-01  7.59401539E-02
    5600 -8.26919623E-02  1.40776819E-02  7.42325344E-02  1.45206887E-01  5.41261524E-02
    5650 -1.42642461E-02 -3.11226204E-02  3.81520127E-02  8.18242092E-02  5.98914400E-02
    5700  6.97186755E-02  1.44005465E-02 -6.46129528E-02  1.13679639E-01  6.34574397E-02
    5750 -1.27002118E-02 -6.10745430E-03  5.95889149E-02  1.10291932E-01  4.13424479E-02
    5800 -6.46295460E-02  1.33239068E-03  6.68860927E-02  1.07950289E-01  5.63567401E-02
    5850  1.22673734E-02 -5.45978418E-02  2.85376842E-02  9.44611734E-02  4.18611377E-02
    5900  1.11764634E-02 -2.98220933E-02  4.66421973E-02  1.16198326E-01  6.35698092E-02
    5950  1.08462984E-01  1.93392229E-02 -9.65784022E-02  1.62604210E-01  7.29428023E-02
    6000  1.35062615E-02 -6.40810599E-02 -1.36723621E-01  1.74741252E-01  4.52095635E-02
    6050  3.06741419E-02  6.18782775E-02  4.18968460E-02  1.23448372E-01  2.19965808E-02
    6100 -2.61160190E-03  7.86847046E-02 -4.70235139E-02  1.60993103E-01  3.31082792E-02
    6150 -2.02783000E-02  1.65143050E-02  5.94635065E-02  1.13510340E-01  2.23022110E-02
    6200 -7.64167063E-02  7.89214030E-03 -3.34397838E-02  1.08592707E-01  2.28945539E-02
    6250 -5.37578305E-02 -1.78676420E-02 -1.57067795E-02  1.29662489E-01  3.36635937E-02
    6300  9.58714098E-02  2.97548016E-02 -5.50014507E-02  1.34144221E-01  5.83651302E-02
    6350 -7.25104849E-03 -5.61599924E-02  4.78025541E-02  1.02222530E-01  4.97668630E-02
    6400  7.90380487E-02 -1.01435365E-01  6.11236138E-02  1.48578376E-01  6.73397086E-02
    6450  4.23580805E-02 -1.27566195E-01 -4.64188972E-02  1.99255622E-01  1.67593656E-02
    6500 -1.21073793E-01 -5.49621306E-02 -2.97324951E-02  1.97677992E-01  4.09732028E-02
    6550  6.41119248E-03  3.85140291E-02  5.69841419E-02  1.29744498E-01  4.18546797E-02
    6600 -1.45471312E-02 -4.88866408E-02 -8.21487346E-03  8.70517870E-02  5.79581410E-02
    6650  8.12745406E-02  6.22999080E-02 -4.47281225E-02  1.27568395E-01  4.14046635E-02
    6700 -6.47334997E-02 -6.44482266E-02 -1.18026039E-03  1.77560067E-01  7.88360319E-02
    6750 -4.99171328E-02 -1.63211175E-01 -4.81889601E-02  2.13104615E-01  8.25439268E-02
    6800 -3.83752548E-02 -1.69376323E-02 -4.64769477E-04  1.44461166E-01  5.21033892E-02
    6850 -7.08568792E-02  4.48530191E-02  5.32543757E-02  1.26090666E-01  2.52813029E-02
    6900 -1.13718801E-01  7.42410112E-02 -4.09838047E-03  1.77518562E-01  3.13398435E-02
    6950 -1.85604130E-02  5.42047859E-02 -1.71215403E-02  1.09573608E-01  4.21203105E-02
    7000 -2.73859907E-02  5.69579119E-02  7.81456685E-02  1.51327753E-01  2.92324788E-02
    7050  2.88360235E-02  5.34458064E-02  6.40951755E-02  1.63881869E-01  5.47710747E-02
    7100 -3.57184333E-02 -1.02956029E-01  2.64050374E-02  1.50746443E-01  5.47953705E-02
    7150  4.57572407E-02 -6.11960229E-02  8.60530586E-03  1.15809551E-01  5.04202498E-02
    7200 -7.94551188E-02 -8.92428578E-02 -8.37754275E-02  1.75676994E-01  3.61167883E-02
    7250  7.22859910E-02  2.33128678E-02 -8.44257331E-03  1.49129996E-01  7.37528062E-02
    7300  3.95946128E-02  5.72284727E-02 -1.42867774E-01  1.97125983E-01  6.55802242E-02
    7350 -1.05710311E-01 -1.57514363E-02 -2.35112540E-02  1.25780836E-01  3.21473956E-02
    7400 -4.75241382E-02  3.43825959E-02 -7.16971887E-02  1.36036026E-01  4.32760039E-02
    7450  3.02710455E-02 -6.47472883E-02 -2.24039891E-02  1.20613064E-01  5.44382572E-02
    7500  1.00922194E-02  1.23598814E-01 -3.63488737E-02  1.62010502E-01  7.83563754E-02
    7550  1.53267736E-01  4.37117706E-02  8.02250489E-04  1.96734738E-01  5.38422556E-02
    7600 -4.83064478E-02 -5.05682981E-02  5.24557200E-02  1.28096788E-01  2.10068228E-02
    7650 -6.40345674E-03  6.50017641E-02 -1.14796286E-02  1.00441224E-01  2.32427779E-02
    7700  3.00031522E-02 -2.41686719E-02  3.65561620E-02  7.72272072E-02  2.56679020E-02
    7750 -1.72982196E-03 -8.79524940E-02  5.36752715E-02  1.23871421E-01  6.95292394E-02
    7800  8.35214892E-02  9.56214172E-02  1.07624242E-02  1.40839582E-01  5.37551890E-02
    7850  7.16409897E-02  2.31421596E-02 -6.66958360E-02  1.35632100E-01  6.92569623E-02
    7900  6.76202531E-02 -5.10031825E-02  4.89187654E-02  1.20092668E-01  4.39845000E-02
    7950  1.02651120E-01 -1.68557024E-02 -2.81137981E-02  1.69724932E-01  3.44642974E-02
    8000  9.09963830E-02  5.19776044E-02 -3.13967310E-02  1.94307757E-01  5.55785800E-02
    8050  4.91285368E-02  6.47404990E-03  1.80350366E-02  1.00671753E-01  5.76149678E-02
    8100  2.79623732E-02  6.08328254E-02 -1.13128314E-02  1.18130080E-01  5.13626705E-02
    8150 -4.14632115E-02  4.29265709E-02  6.98133669E-02  1.20934900E-01  7.37341945E-02
    8200  5.12602299E-02 -6.79877412E-02  2.55668363E-03  1.17811388E-01  3.70840103E-02
    8250  7.45665413E-02 -1.16957731E-01 -1.09549470E-01  1.79706359E-01  5.12207113E-02
    8300  1.12993095E-01 -2.57804033E-02  6.47795957E-02  1.60228055E-01  4.83432130E-02
    8350  8.46648864E-02  1.16753469E-01  7.31237656E-02  1.68022822E-01  5.88587495E-02
    8400 -1.04539001E-02  3.98075126E-02 -4.86265638E-02  1.35308387E-01  3.65799410E-02
    8450  6.28162407E-02  1.09260169E-02  4.96316903E-02  1.14346332E-01  6.87280224E-02
    8500  3.18121770E-02 -6.92118800E-02  8.68952655E-03  1.18648281E-01  5.70728830E-02
    8550  5.27073421E-02 -5.02536282E-02  5.37134500E-02  1.43274664E-01  6.79074528E-02
    8600  7.57408854E-02  2.12718850E-02  9.17345245E-02  1.75523500E-01  5.09840535E-02
    8650 -3.42164098E-03  1.05233821E-01  2.22619382E-02  1.53894309E-01  6.50834098E-02
    8700  9.60722185E-02  2.96138540E-02  4.07704646E-02  1.94556608E-01  3.88017920E-02
    8750  5.48389735E-03 -4.37724130E-02  4.30997500E-02  1.16040783E-01  6.69750262E-02
    8800  5.88933313E-02  1.04891025E-02 -2.97098321E-02  1.09303415E-01  5.79888943E-02
    8850  5.62226650E-02 -9.88593482E-02 -8.20826628E-02  1.54211586E-01  6.63867408E-02
    8900 -1.96246594E-02  9.05017508E-02 -1.59543082E-02  1.41276638E-01  6.88784828E-02
    8950  1.39724814E-02  2.47705484E-02 -5.25755967E-02  1.27418960E-01  5.12264158E-02
    9000 -7.63904930E-02 -3.25330563E-02  1.82915018E-02  1.22238124E-01  5.06564818E-02
    9050  1.03873954E-01  2.23759060E-02 -1.25479140E-01  1.72999878E-01  8.47445376E-02
    9100 -2.98542201E-03  7.79540585E-03 -1.01321048E-02  1.08292128E-01  4.28707526E-02
    9150  4.86537908E-02 -5.20008883E-02 -9.13297481E-02  1.31551513E-01  6.43472661E-02
    9200  3.45822085E-02  7.20205045E-02  8.06484661E-03  1.18247224E-01  4.53878327E-02
    9250 -4.32558737E-02  1.37867062E-02 -3.04506319E-02  7.16356632E-02  3.94932834E-02
    9300 -4.78950732E-02  2.11717547E-02  8.25977621E-02  1.18200075E-01  4.38109218E-02
    9350  3.18594158E-02  1.66046581E-03  1.38987906E-03  9.78710328E-02  2.90921945E-02
    9400 -8.00999519E-03  6.68222638E-02  6.36684881E-03  1.30125152E-01  5.23754181E-02
    9450  2.50264600E-02 -1.23991490E-01 -1.91847900E-02  1.61174740E-01  4.80432487E-02
    9500 -3.38082027E-02 -9.27522744E-02 -9.16932718E-02  1.66583883E-01  1.97040869E-02
    9550  2.43743583E-02 -4.99502823E-02 -2.35399926E-02  1.16138552E-01  3.78533040E-02
    9600  3.78538511E-03  7.86826588E-02 -2.80009910E-02  1.46968681E-01  6.51840497E-02
    9650  6.59948328E-02  6.39448320E-02 -1.04075558E-01  1.64281380E-01  6.08464211E-02
    9700  6.01866800E-02 -1.04179988E-01 -2.48803531E-03  1.66504887E-01  4.48064373E-02
    9750  2.37517817E-02  3.69965597E-02  7.77709096E-02  1.18399612E-01  3.58064181E-02
    9800 -1.39222534E-02  1.00687288E-01  3.83973373E-02  1.78353767E-01  3.34793311E-02
    9850  7.15785630E-02  7.11829915E-02  2.37813452E-02  1.41024013E-01  7.33331109E-02
    9900  6.89725703E-02  7.59499847E-02  4.55288906E-02  1.42141842E-01  3.80212534E-02
    9950 -7.88276043E-03  1.22775145E-01  4.19783727E-02  1.87915435E-01  6.17989018E-02
   10000  4.08577896E-02  3.80352059E-02 -5.56807245E-03  1.53048900E-01  7.00492249E-02
   10050  6.44195048E-02  1.13807288E-01 -3.18097238E-02  1.74241296E-01  6.96544866E-02
   10100 -8.45232229E-04  2.02549924E-02 -3.05107787E-03  8.51223960E-02  5.01343872E-02
   10150  3.68543346E-02 -4.42237804E-03  4.86503399E-03  1.00236649E-01  4.18469787E-02
   10200 -8.87344444E-02  1.76953141E-02 -1.73602547E-02  1.27004939E-01  4.10999960E-02
   10250  1.46548855E-02  5.34731153E-03  6.15243040E-02  1.15059450E-01  6.44328826E-02
   10300  4.40688301E-02  1.82394501E-02 -6.93309432E-02  1.21403023E-01  4.55759812E-02
   10350  1.29680955E-01  1.22540233E-02 -6.42856254E-02  1.83294318E-01  4.73791403E-02
   10400 -4.97003617E-02 -2.16027779E-02 -3.72107706E-02  1.33786537E-01  4.98383300E-02
   10450 -9.64533046E-02  3.62111043E-02  3.47367020E-02  1.15811540E-01  4.88504992E-02
   10500 -9.57612959E-02 -1.08177740E-02  6.66337770E-03  1.46904377E-01  6.64592156E-02
   10550 -3.13362839E-02  2.42530183E-02  6.57780762E-02  1.64401893E-01  4.39843381E-02
   10600 -5.28824963E-02 -1.46074671E-01  5.99036651E-03  1.77339014E-01  2.32456364E-02
   10650 -7.32713714E-02  5.74020502E-02 -6.29983020E-02  1.37978042E-01  4.65818185E-02
   10700 -1.95567922E-02  4.71255526E-02  8.15077176E-02  1.66498199E-01  4.61587131E-02
   10750 -3.57450011E-02  5.45933017E-02  1.66434531E-03  1.28352123E-01  2.81236236E-02
   10800 -5.52643704E-02  1.43400732E-01  2.86081597E-02  1.88255387E-01  9.59375087E-02
   10850 -1.04264155E-01  6.48606786E-02 -1.18981668E-01  2.01204419E-01  3.36385983E-02
   10900 -5.38280418E-02  2.48988369E-03 -3.11892246E-03  1.31431811E-01  5.42843699E-02
   10950  7.00474892E-02  3.73839106E-02 -2.06078102E-02  1.42755436E-01  3.93879400E-02
   11000  3.93549106E-02  2.18434245E-02  9.63352725E-02  1.25925523E-01  6.11000710E-02
   11050  8.00115226E-02 -5.93463796E-02 -2.48124633E-03  1.19961360E-01  4.63336781E-02
   11100 -5.88858786E-02 -9.87153885E-02 -1.87620551E-02  1.39895906E-01  3.68909275E-02
   11150 -3.07493671E-02  8.34890500E-02 -1.17907007E-01  1.70368339E-01  9.16164083E-02
   11200 -1.15861582E-01  5.07643549E-02 -4.15472474E-02  1.61960226E-01  6.43942311E-02
   11250  4.00879694E-02 -1.81564516E-02 -2.22811851E-02  1.25344748E-01  1.15171408E-02
   11300 -9.05202865E-02 -8.36077846E-02  7.99537959E-04  1.74391887E-01  3.96856196E-02
   11350 -4.61073779E-02  1.05912447E-02 -1.90198637E-02  1.26993093E-01  3.47758198E-02
   11400  2.99985436E-02  1.81249485E-02 -1.30549283E-03  1.04556211E-01  1.95959285E-02
   11450 -5.76643907E-02 -8.34107684E-02 -1.28517494E-02  1.49157602E-01  4.18954800E-02
   11500  8.10850159E-02  8.09217365E-03 -5.90382531E-02  1.33958574E-01  4.51398583E-02
   11550  1.33975959E-02 -3.79861603E-02 -1.70138879E-02  1.08955670E-01  3.13895179E-02
   11600  1.81155041E-02  6.14046046E-02 -4.35156340E-03  1.24189772E-01  4.46478231E-02
   11650  1.88636533E-02 -1.23319620E-02 -7.00491076E-02  1.36800655E-01  1.72956818E-02
   11700  6.86235914E-03  9.26905031E-02  3.48123671E-03  1.37807071E-01  7.21419133E-02
   11750 -1.39720647E-02  9.70374175E-02 -3.68128692E-02  1.32693669E-01  6.29024599E-02
   11800  7.48109326E-02 -5.32517045E-03 -6.47857183E-02  1.43517947E-01  6.64152857E-02
   11850 -6.05254546E-02  5.93083491E-02 -4.83301301E-02  1.31615864E-01  1.79488382E-02
   11900  8.44913157E-02  9.04840397E-02 -1.44936816E-01  2.06397374E-01  3.42767971E-02
   11950 -1.34221264E-02  1.08970779E-01  3.33011314E-02  1.53299987E-01  7.91248431E-02
   12000 -7.34042182E-03  1.28183866E-01  1.67904683E-02  1.63818796E-01  2.74920235E-02
   12050  1.20245248E-02 -1.89965804E-02 -7.10419232E-02  1.34370793E-01  1.74440673E-02
   12100 -1.11582832E-01 -7.30553227E-02 -1.91226451E-02  1.61489254E-01  4.31785251E-02
   12150 -5.31003120E-02 -3.29510282E-02 -1.26488941E-03  1.17035317E-01  4.19241076E-02
   12200  5.39822456E-02 -1.03620940E-02  1.99339117E-02  1.33641953E-01  5.44197026E-02
   12250  7.95047249E-02 -1.76094583E-02  9.18365368E-03  1.02502508E-01  1.82038824E-02
   12300  3.75690415E-02 -4.53210840E-03 -2.95710452E-02  1.28820228E-01  4.59284896E-02
   12350 -7.40577233E-02  6.78348036E-02 -5.92200119E-02  1.62432281E-01  4.06850816E-02
   12400  4.31035208E-02 -3.39848700E-02  1.02205191E-02  9.24844018E-02  2.95365299E-02
   12450 -7.50239132E-02 -4.01170452E-02  3.96299190E-02  1.09938649E-01  3.41123585E-02
   12500  2.61330952E-02 -4.03826678E-02  2.14097080E-03  1.18492946E-01  3.38492543E-02
   12550 -6.56921012E-02  3.71480473E-02  7.24548429E-03  1.26722697E-01  5.07680042E-02
   12600  2.87003456E-02 -6.44340021E-03  8.93772828E-02  1.17211646E-01  5.45453180E-02
   12650 -6.77915230E-02 -4.58872866E-02  1.77448882E-02  1.39995712E-01  3.05570823E-02
   12700 -1.43273205E-01 -1.17696869E-02  8.92067669E-02  2.09456889E-01  1.91171327E-02
   12750 -1.30315615E-02 -3.08596513E-02  5.05474389E-02  1.17285503E-01  6.00364579E-02
   12800  9.38796480E-02 -6.22934775E-02  5.25470865E-02  1.67995907E-01  5.02459519E-02
   12850  1.09247193E-01 -2.07923986E-02 -5.06604575E-02  1.35148615E-01  5.30122596E-02
   12900 -7.82086800E-02 -8.22646471E-02  7.53678155E-02  1.93437725E-01  3.78369337E-02
   12950 -6.23171380E-02  2.88487379E-02 -4.75903454E-02  1.43837782E-01  4.31433205E-02
   13000  7.62899671E-03  3.35932006E-02  4.74451543E-02  1.16132125E-01  1.39878948E-02
   13050  1.10368467E-01  9.42325956E-02  1.16133843E-01  2.05359242E-01  6.82529158E-02
   13100  3.32248439E-03  4.43416693E-02  3.23060162E-02  1.18627884E-01  1.50202105E-02
   13150 -3.21604862E-02 -8.41573729E-02  7.10106774E-02  1.35413625E-01  2.84552785E-02
   13200 -6.36761220E-02 -5.76524792E-02  3.83031890E-02  1.33834250E-01  2.34984338E-02
   13250 -2.99987983E-02  9.63533698E-03  7.80203093E-02  1.29851072E-01  3.95330392E-02
   13300 -3.20786324E-02  7.12136975E-02 -4.64979692E-02  1.25856846E-01  4.73422437E-02
   13350 -4.91965891E-02 -3.01414747E-02  1.89039485E-02  1.49752781E-01  4.46897799E-02
   13400 -4.61950403E-02 -2.90736680E-02  1.37169789E-01  1.74861520E-01  7.62704286E-02
   13450 -2.10748940E-02  1.07946594E-01 -2.39370320E-03  1.51907925E-01  7.68547720E-02
   13500  5.64269137E-03 -2.68622989E-02  7.34879663E-02  1.17190242E-01  5.83380645E-02
   13550 -3.40604146E-02 -4.57218798E-03  5.75365312E-02  1.20447746E-01  6.03593705E-02
   13600  5.10500715E-02 -6.32157242E-02  7.53479299E-02  1.35774693E-01  3.79931987E-02
   13650  5.56952168E-02 -5.89189430E-02 -8.48290053E-03  1.03988580E-01  2.28954618E-02
   13700 -1.63522859E-02 -1.08832664E-01  7.36435525E-03  1.47001762E-01  2.75567839E-02
   13750  3.21216435E-02  1.29770621E-02  9.47416002E-03  7.76436260E-02  2.32752591E-02
   13800  3.21291494E-03  1.04262045E-01 -5.91954491E-02  1.44960391E-01  4.68032032E-02
   13850  7.63115796E-02  5.12608482E-02 -4.59390478E-02  1.51404660E-01  5.31099012E-02
   13900 -1.85403500E-02  3.17282070E-02 -7.43626829E-02  1.46786449E-01  5.28639153E-02
   13950  4.38942588E-02  8.32763960E-02  9.68797122E-03  1.81156069E-01  3.14897002E-02
   14000 -4.93954989E-03  6.19237000E-03 -7.08872901E-02  1.70890602E-01  2.64667977E-02
   14050 -5.76773549E-03 -6.93680864E-02 -1.38040269E-01  1.75158651E-01  5.02985697E-02
   14100 -8.59103240E-03 -6.68476884E-02  1.38960147E-02  1.25367583E-01  3.55206525E-02
   14150 -3.02243827E-02 -2.44909911E-02  5.76167441E-02  1.31918719E-01  2.20251658E-02
   14200 -1.42927675E-02  5.27715771E-02  3.96668281E-02  1.20935410E-01  1.01831232E-01
   14250  5.24558134E-03  6.95087886E-02 -5.03983391E-02  1.47151231E-01  2.29411820E-02
   14300 -1.22125292E-02  8.40148742E-02 -4.37025329E-02  1.24360089E-01  6.87939151E-02
   14350  6.46993689E-02 -8.35173716E-02  3.44813639E-02  1.45287196E-01  5.24016052E-02
   14400  6.56057172E-02 -1.01039086E-01 -7.10554579E-02  1.92725900E-01  3.79516667E-02
   14450 -1.85144645E-02 -1.23120453E-02 -7.59888846E-02  1.21541547E-01  5.50054270E-02
   14500 -6.15087795E-03 -3.59251097E-02  3.15562728E-02  7.31421773E-02  1.54847008E-02
   14550 -1.66769539E-02  3.70372467E-02 -9.79893345E-02  1.36795842E-01  3.85301452E-02
   14600  3.71959845E-02  9.53785710E-02 -2.85242778E-03  1.43754005E-01  5.05927764E-02
   14650  2.18920990E-02  7.36743021E-03 -7.12090208E-02  1.32122708E-01  1.15238207E-02
   14700 -4.41773763E-02  5.26878592E-03  1.64243983E-02  1.00037679E-01  5.63566515E-02
   14750 -1.24656126E-01  1.03160229E-02  3.21877071E-02  1.85762521E-01  6.47256455E-02
   14800  1.03579013E-01  8.08896862E-03  8.95898951E-02  1.70456252E-01  4.82535818E-02
   14850  6.11873112E-02  4.50297208E-02 -3.00082241E-02  1.17143941E-01  5.08027778E-02
   14900  4.19629183E-02 -5.24100836E-02  4.58048074E-03  1.03064012E-01  5.61248903E-02
   14950 -9.61869194E-02  5.02267097E-02  3.52532878E-02  1.63403432E-01  6.41502411E-02
   15000  2.84160934E-02  4.29099989E-02 -1.49493137E-01  1.91298780E-01  4.71560924E-02
   15050 -2.13752157E-02 -1.34812205E-02 -1.26460770E-01  1.60310973E-01  2.35122573E-02
   15100  1.10958609E-01 -1.45093934E-02 -9.30329212E-02  1.69692849E-01  7.50131390E-02
   15150  8.59231170E-03  2.83032031E-02  1.44370208E-01  1.74785786E-01  3.14272411E-02
   15200  1.00578299E-01  4.08525222E-02 -7.42976215E-02  1.72994271E-01  7.93031636E-02
   15250  4.92867746E-02 -7.05704468E-02  6.39576955E-02  1.37602146E-01  8.72947358E-02
   15300  1.05861489E-01  1.39601660E-02  6.58748566E-02  1.70049091E-01  4.70958555E-02
   15350  5.36125251E-02  4.99229527E-03 -1.54848472E-02  1.08047911E-01  2.00392800E-02
   15400  1.61643202E-02  8.27887739E-02 -2.29150762E-02  1.31737965E-01  6.37689988E-02
   15450  6.44542593E-02  1.86239947E-02 -4.18418523E-02  1.21006882E-01  2.40871796E-02
   15500  5.84327059E-02 -2.06216516E-02 -9.29875353E-03  1.25886900E-01  5.87434012E-02
   15550 -2.68502605E-02 -5.92757260E-02  7.23686057E-02  1.62102499E-01  8.39978977E-02
   15600  3.44538246E-02 -1.16625776E-01 -1.15667906E-01  1.80791539E-01  5.41202417E-02
   15650 -2.37856223E-02  4.93072222E-02  4.65867058E-02  9.62326434E-02  4.07381353E-02
   15700 -4.81816044E-02 -9.88026768E-03  2.13343300E-02  1.27966620E-01  8.47257218E-02
   15750 -6.75543430E-02  1.26185154E-02 -6.93732662E-02  1.17717482E-01  4.94786473E-02
   15800 -1.30531127E-02 -5.77719086E-03 -2.25110807E-02  9.01653226E-02  3.75740749E-02
   15850  1.13890323E-02  1.28531557E-01 -6.91523607E-02  1.88144529E-01  5.43173597E-02
   15900  2.27954801E-02 -1.78975327E-02  2.95757231E-02  1.50039989E-01  2.31571702E-02
   15950 -5.55150300E-02  4.77707634E-02 -8.43986467E-03  1.56230254E-01  5.41351154E-02
   16000  8.52381934E-02 -4.77374740E-02  8.20209426E-02  1.61339787E-01  2.64939383E-02
   16050 -3.28025562E-02  1.88324320E-02 -1.55642789E-02  1.27828227E-01  1.29754854E-02
   16100  1.56598096E-01  7.72966811E-03  8.54255757E-02  2.11041476E-01  3.63092304E-02
   16150 -1.67158076E-02 -7.36871267E-02  1.16178054E-02  1.19727704E-01  6.36499329E-02
   16200 -9.13716272E-02  7.91855562E-02 -1.02513211E-01  2.11181324E-01  5.40405571E-02
   16250 -9.24675765E-02  3.10513822E-02  6.26568157E-02  1.42061120E-01  5.42022188E-02
   16300 -1.01634083E-02 -2.22544988E-02 -3.20829921E-03  1.11170987E-01  2.93249618E-02
   16350 -6.20471947E-02  5.49119303E-02 -5.14352225E-02  1.49336172E-01  4.33768656E-02
   16400  2.49056578E-02  1.36792649E-01 -2.63621810E-03  1.70734755E-01  3.35529361E-02
   16450 -8.68273652E-02 -4.61587806E-02  5.44803796E-02  1.60258521E-01  4.09617420E-02
   16500 -8.81201529E-03 -4.61014165E-03  9.66166006E-02  1.37309789E-01  2.99769307E-02
   16550  7.32024369E-02 -6.21173759E-02  4.94876831E-03  1.32344676E-01  3.66231227E-02
   16600  1.63895400E-01  9.90360229E-02  6.20468194E-02  2.06420065E-01  5.74267680E-02
   16650  8.61103527E-02 -4.89015623E-02  5.23238691E-02  1.34893547E-01  2.92035331E-02
   16700 -6.76333519E-02 -6.26503050E-02  4.47525433E-02  1.60207617E-01  4.97959383E-02
   16750 -7.35880239E-03 -8.16307899E-02  1.59059020E-01  2.06426797E-01  6.44499477E-02
   16800  7.67153790E-02 -2.72730237E-02  1.10593209E-01  1.61453186E-01  3.96721074E-02
   16850  2.64269859E-03  2.07112752E-03  3.48578648E-02  1.20893946E-01  3.68134571E-02
   16900 -1.36913553E-04  1.36200806E-02 -3.16230422E-03  1.11295754E-01  5.10390976E-02
   16950  7.11225476E-02  4.39661230E-02 -7.62780428E-03  1.56966386E-01  6.42492494E-02
   17000  1.36165378E-01 -5.97991298E-02  1.85233924E-02  1.90591644E-01  4.87588065E-02
   17050 -4.14016719E-02  6.61037769E-02 -1.48702878E-02  1.16100430E-01  7.29125239E-02
   17100  2.09917540E-02 -2.36167678E-03 -5.46832715E-02  9.72481151E-02  1.20309910E-02
   17150  4.92350649E-02  5.19306933E-02 -1.96869271E-02  1.59452789E-01  8.57644019E-02
   17200 -2.37766547E-02  1.17524721E-01  6.78435966E-02  1.87122934E-01  4.29875271E-02
   17250  1.09209349E-02  2.64686437E-02 -1.06829492E-02  8.10053733E-02  3.28466893E-02
   17300 -2.31180466E-02  4.49747749E-03  1.84265320E-03  7.83072189E-02  1.38247161E-02
   17350 -3.60681531E-02  7.20645319E-02 -2.51891337E-02  1.23736628E-01  3.66149615E-02
   17400 -1.67801903E-02  5.09987008E-02  6.81070884E-02  1.10073861E-01  5.28946761E-02
   17450  5.02705057E-02  3.71429779E-02 -5.89933098E-02  1.22086000E-01  2.54368577E-02
   17500  7.58673205E-02 -5.75765745E-02 -8.72239986E-02  1.76689943E-01  4.62037149E-02
   17550 -5.53072790E-03 -1.18980727E-01  6.84876321E-02  1.81067326E-01  9.36000662E-02
   17600  8.55147621E-02 -5.39480484E-02 -1.21824064E-01  2.15014817E-01  9.21280923E-02
   17650 -2.56032519E-02  6.57738416E-02  6.24177159E-02  1.47229950E-01  5.95340164E-02
   17700 -2.12596144E-02  7.42908928E-02 -5.43406456E-02  1.24282944E-01  4.74432418E-02
   17750  5.02932846E-02 -5.15796455E-03  1.17281817E-01  1.40799649E-01  3.13248010E-02
   17800  4.82238220E-02  2.24267066E-03  4.13290600E-02  1.15616909E-01  5.10726119E-02
   17850  2.17898774E-02 -9.96768286E-03  1.01081925E-01  1.31847939E-01  4.84124213E-02
   17900  4.82981918E-02  2.47817688E-02  2.02743416E-02  1.36905944E-01  5.65985383E-02
   17950  8.35137719E-02  5.42146895E-02 -2.93251470E-03  1.37241577E-01  4.43581192E-02
   18000  1.01325150E-01 -1.14827065E-02 -3.90975585E-02  1.37871337E-01  3.76554429E-02
   18050  5.16596071E-02 -3.91915751E-02  1.18069987E-02  1.29238566E-01  7.74946789E-02
   18100 -6.10303329E-02  1.86073153E-02  5.52064307E-02  1.17050799E-01  5.12469057E-02
   18150  2.84344108E-02  1.21184581E-03 -8.05983547E-03  1.03176707E-01  1.79025169E-02
   18200  1.03318588E-01 -3.41850551E-02  3.76758003E-03  1.52541681E-01  6.90915726E-02
   18250  8.13402937E-02  2.18163823E-02 -9.86852540E-02  1.43707871E-01  5.31458114E-02
   18300 -5.66695890E-02 -1.27049401E-02  8.72037256E-02  1.32307595E-01  4.54385572E-02
   18350  5.65110709E-02  1.58217495E-02 -7.58306481E-02  1.29071314E-01  6.08609627E-02
   18400  3.04198899E-02  5.02215057E-02 -5.83478324E-02  1.13322739E-01  6.16115993E-02
   18450  6.43473755E-03 -2.17262512E-02  1.21113256E-01  1.63688464E-01  4.58431594E-02
   18500 -2.87431542E-02 -7.03942967E-02 -1.14081508E-02  1.01040676E-01  5.96095494E-02
   18550  3.07463510E-02 -2.09774638E-02  4.77874772E-02  1.32382747E-01  6.36785819E-02
   18600  1.26195538E-01 -2.40296442E-02 -1.99981975E-02  1.51910460E-01  5.25231390E-02
   18650 -2.81885407E-02  1.24922532E-02 -1.97023216E-02  1.32456329E-01  3.93362552E-02
   18700 -2.62707104E-02  5.67652405E-02 -7.70094576E-02  1.46457817E-01  3.55822792E-02
   18750  5.90011748E-03  1.67240121E-02  3.16029405E-02  1.27113154E-01  5.37518849E-02
   18800  7.21899914E-02 -2.82352729E-02 -1.34154650E-01  1.67776861E-01  4.50701939E-02
   18850 -9.06330467E-03 -1.13103228E-01 -4.89631870E-02  1.87378745E-01  6.28221268E-02
   18900 -1.12705396E-01  4.04553044E-02 -1.36319843E-02  1.56968593E-01  5.42207737E-02
   18950 -5.23056197E-03 -2.37560074E-02  4.93085534E-02  1.12680455E-01  2.41273372E-02
   19000 -4.63372253E-02 -5.23993610E-03 -3.09955356E-02  1.04006468E-01  4.14665737E-02
   19050  2.06379285E-02 -7.91779158E-02  2.69797989E-02  1.37587435E-01  6.03959002E-02
   19100  2.12870423E-03  3.43597372E-02 -3.69988778E-02  1.01509983E-01  5.68021021E-02
   19150  5.93663020E-03  5.91829183E-02 -4.70928133E-03  1.14380549E-01  2.64233049E-02
   19200  1.38116098E-02 -2.50065850E-02  1.19302883E-01  1.71995862E-01  6.31867995E-02
   19250 -1.96071648E-02  6.11104478E-03 -5.93660666E-02  1.12011374E-01  4.07191618E-02
   19300 -1.12598244E-02  5.23773909E-02 -4.36442322E-02  1.20647838E-01  3.06620921E-02
   19350 -3.58203762E-02  8.98929776E-02  7.89708954E-02  1.62610788E-01  2.09911550E-02
   19400 -4.01794392E-02  8.99556173E-02  5.54463957E-02  1.64987789E-01  7.39114696E-02
   19450  8.33697687E-03 -7.52118418E-02 -6.72711088E-02  1.57182922E-01  4.22704185E-02
   19500  5.07528737E-02  5.13097930E-02  1.33278225E-04  1.04425835E-01  4.18603398E-02
   19550  6.24353662E-02 -1.96182182E-02  1.12502484E-01  1.58048213E-01  8.14754949E-02
   19600  3.00081711E-02  5.00729625E-03 -3.19863028E-02  1.01822740E-01  6.54226441E-02
   19650  6.45452672E-02 -9.50148485E-02  3.13675342E-02  1.52745620E-01  2.14203503E-02
   19700  7.48387319E-02 -7.22081432E-03 -1.72357938E-02  1.34940122E-01  4.23043085E-02
   19750  6.01292449E-02  9.40511342E-03 -2.75369577E-02  1.08346051E-01  4.60147903E-02
   19800 -1.09814571E-01 -5.69537968E-02  2.95787145E-02  1.60565466E-01  6.52106721E-02
   19850  2.25931702E-02  5.33526579E-02 -1.49505803E-03  1.39769726E-01  4.03017965E-02
   19900 -1.05584560E-01 -7.15919610E-02  4.88186239E-03  1.62827595E-01  6.76869723E-02
   19950 -3.50434967E-03  1.03730901E-02 -2.96089934E-03  9.39870420E-02  2.47557271E-02
   20000  3.09400875E-02  8.23634177E-02  1.97079161E-02  1.18287660E-01  4.02785768E-02
   20050  5.03597380E-02 -7.35308096E-02  7.53647870E-02  1.45816218E-01  5.56231009E-02
   20100 -1.15670887E-02  8.21377264E-02  7.57526003E-02  1.46739772E-01  3.70220436E-02
   20150  9.08330747E-02  8.09866204E-03 -8.99912457E-02  1.62695290E-01  6.23111258E-02
   20200 -7.78002265E-02  2.95945539E-02 -6.97975576E-02  1.36094695E-01  4.61840730E-02
   20250  2.43106455E-02 -5.53781082E-02  1.69620058E-03  1.06689643E-01  5.70951129E-02
   20300 -2.68574150E-02 -7.05091221E-02 -6.29867311E-02  1.25341104E-01  1.65305075E-02
   20350  1.04206742E-01 -7.95188057E-02  4.14189830E-03  1.54143830E-01  7.16327654E-02
   20400 -1.27357950E-04 -4.71801348E-02 -1.56743702E-02  1.07767209E-01  2.03771152E-02
   20450  3.89337390E-02 -1.81294060E-02 -1.15190623E-02  1.22872574E-01  5.46475007E-02
   20500 -7.61479254E-02 -7.70826204E-02 -1.38618827E-02  1.68278697E-01  5.44852771E-02
   20550 -1.21179158E-02 -8.49717747E-02 -5.34281494E-02  1.52873800E-01  4.65590741E-02
   20600  2.76463742E-02  2.01871798E-03  8.61834185E-02  1.18726973E-01  4.50724661E-02
   20650  5.80095039E-03 -4.46137428E-03 -3.55520269E-02  1.56581428E-01  5.07793421E-02
   20700  1.33689555E-03  4.52932910E-02 -1.60467605E-01  1.76775471E-01  4.56466799E-02
   20750 -3.49336936E-02  8.02714476E-02 -2.87474925E-02  1.31735821E-01  4.33833486E-02
   20800  2.20513448E-03  5.04635264E-02 -1.18055118E-03  8.90983782E-02  2.99209911E-02
   20850  7.65216406E-04 -3.01280624E-02  6.09466296E-02  9.81675311E-02  3.91699687E-02
   20900  6.62245349E-03  1.27041315E-02  5.03620303E-02  1.31997722E-01  4.42573784E-02
   20950  1.04920674E-01  9.05487253E-02 -3.62753927E-02  1.78763650E-01  6.92474568E-02
   21000  1.32749605E-02 -1.13379833E-01  9.68515534E-02  1.78479093E-01  4.92775678E-02
   21050 -5.45858532E-02 -8.49069790E-03  7.60567420E-02  1.36787797E-01  6.24216538E-02
   21100 -5.66822281E-02  9.98552647E-02 -1.54430632E-02  1.30942944E-01  1.51909631E-02
   21150 -4.07172089E-02 -7.71027848E-02  2.35211766E-02  1.30683606E-01  2.22169725E-02
   21200 -2.08904706E-02  4.36270442E-02  8.77630391E-03  1.07155201E-01  2.65491423E-02
   21250 -7.35264816E-03 -3.56831433E-02 -4.69351363E-02  1.50624232E-01  5.83609305E-02
   21300  8.59921443E-03  9.02510401E-04  3.82147746E-03  1.17748743E-01  7.79265095E-02
   21350  1.45678732E-02 -6.35936497E-03  1.32265565E-01  1.68414622E-01  6.36226987E-02
   21400 -3.69948574E-02 -6.94912324E-02 -5.65737331E-03  1.15264244E-01  4.65320721E-02
   21450 -1.79551751E-02 -7.25559282E-02 -3.64969849E-02  1.21639055E-01  6.84122271E-02
   21500 -2.90697058E-02 -4.00806760E-02 -8.86030672E-03  1.07952534E-01  3.23811354E-02
   21550 -1.16050530E-02  2.06784774E-02  3.64309420E-02  1.21965446E-01  2.57676740E-02
   21600 -5.21806412E-02  3.44341505E-02  7.73635034E-02  1.37914625E-01  5.04884759E-02
   21650  1.05147890E-02 -8.42165758E-02 -6.42340133E-03  1.08963296E-01  2.88802314E-02
   21700  9.58049589E-02 -3.91833620E-02  1.27799376E-01  1.71922966E-01  2.93711996E-02
   21750  1.04866553E-02  5.53865893E-02  9.78200929E-03  1.34158112E-01  3.40625803E-02
   21800  4.17771991E-02  6.38593972E-02 -3.14266886E-02  1.11248515E-01  2.96785859E-02
   21850  5.07275204E-02 -2.93072455E-02  1.34665523E-02  8.92105192E-02  4.77342323E-02
   21900 -3.39971739E-02  3.14986496E-02  2.32841751E-02  9.80111384E-02  3.20670572E-02
   21950 -7.33544049E-02 -6.23314278E-02  6.42241863E-02  1.54814396E-01  5.74621633E-02
   22000  3.68070586E-02  6.08489367E-02 -2.83240024E-02  1.50540185E-01  4.04389250E-02
   22050  4.99454160E-02  3.02001101E-02  8.23287954E-02  1.42933681E-01  5.69118725E-02
   22100  3.99487597E-02  8.13185617E-02 -6.23453322E-02  1.87106906E-01  3.08095100E-02
   22150 -5.37205388E-02 -4.66780285E-02  3.74186911E-02  1.38900086E-01  4.84161064E-02
   22200 -2.05799294E-02  4.73351021E-03  5.25474579E-02  1.25551114E-01  3.03622636E-02
   22250  4.06204550E-02  2.46083977E-02  3.93950342E-02  1.05620516E-01  2.08266612E-02
   22300 -7.68984197E-02  1.56079872E-01 -6.11738081E-02  1.99399735E-01  5.85200464E-02
   22350 -3.45665229E-02  3.81281579E-02 -6.12752621E-02  1.38861585E-01  5.36747492E-02
   22400  4.10284303E-02 -1.18601809E-01 -5.38671194E-02  1.68298127E-01  2.91069110E-02
   22450  9.62863108E-03  3.43169288E-02 -6.28869443E-03  9.77819450E-02  4.53028271E-02
   22500  1.44317104E-01 -8.09395752E-03 -6.89621025E-02  1.72767328E-01  4.12722352E-02
   22550  5.51370765E-02  6.66456126E-02 -4.51770114E-02  1.58308602E-01  5.44531016E-02
   22600 -6.61867032E-02  2.33352154E-02  3.26686381E-02  1.23659213E-01  3.06520083E-02
   22650 -2.28587994E-02  5.80821864E-03 -5.84018197E-02  1.25359206E-01  4.05629591E-02
   22700 -5.28306251E-02 -1.14526238E-01  1.81102001E-03  1.61545474E-01  6.84940355E-02
   22750 -4.00845218E-02  1.30140631E-02  2.13959302E-02  8.18698833E-02  3.97582629E-02
   22800  5.13082705E-03  1.32999536E-02 -1.03534625E-01  1.46071335E-01  6.16567184E-02
   22850 -7.76253612E-03  1.27267819E-01  4.88392387E-02  1.66195679E-01  4.32294968E-02
   22900 -4.18460021E-03 -5.72338288E-02  3.47317465E-02  1.42668514E-01  3.77460643E-02
   22950 -5.23583451E-02 -8.58932546E-02 -1.81851690E-03  1.32342444E-01  3.98184175E-02
   23000  5.63782847E-02 -2.11228993E-02 -2.86752743E-02  1.05483881E-01  3.09315650E-02
   23050  3.08047291E-03  3.18517012E-03 -8.95993197E-02  1.26881458E-01  2.16704027E-02
   23100  4.22648304E-02  5.50531157E-02  5.59461621E-03  1.33334606E-01  5.33422946E-02
   23150 -3.77855380E-02 -1.23033170E-01  2.70376800E-02  1.58640350E-01  5.90531079E-02
   23200 -2.82634554E-02  3.55313088E-02  1.16944643E-02  1.38386163E-01  4.54983138E-02
   23250  9.77882557E-02  1.92525862E-02 -4.69427302E-02  1.50627774E-01  5.22314425E-02
   23300  3.90531851E-02 -1.17651909E-01 -8.89778032E-02  1.65768358E-01  4.74566995E-02
   23350 -4.93124686E-02  2.26116738E-02  3.49686957E-02  1.02989161E-01  4.58462005E-02
   23400 -7.02150443E-02 -4.71282802E-02  4.93202339E-02  1.53853991E-01  4.36453915E-02
   23450 -8.40321465E-02  3.43880349E-02 -2.75068212E-02  1.29400919E-01  5.21704432E-02
   23500  1.54014823E-02  1.17446073E-01 -2.19916239E-02  1.60410635E-01  3.17745985E-02
   23550 -1.81664885E-02  1.58703266E-02  9.74233791E-02  1.16595366E-01  5.75984645E-02
   23600  3.68561733E-02  7.21700770E-02  8.35853513E-03  1.26362091E-01  3.61954716E-02
   23650 -1.13702680E-01  1.07768730E-01  5.52618776E-03  1.93707633E-01  9.84135902E-02
   23700 -1.41697840E-02  1.82728242E-02  3.08428243E-02  1.32360486E-01  4.30309869E-02
   23750 -8.01308265E-02 -1.15444310E-01  4.90965394E-02  1.91018716E-01  5.78176295E-02
   23800 -4.92956296E-03  3.18409893E-03 -9.88543859E-02  1.41170830E-01  6.36222663E-02
   23850  3.56531623E-02  8.95675574E-03 -2.50432410E-02  1.04135758E-01  3.09864984E-02
   23900 -2.84273826E-03  5.10737374E-02 -2.60705420E-02  1.02773633E-01  2.44305918E-02
   23950  7.22964546E-02  2.32829027E-02 -1.89667006E-02  1.36835133E-01  6.11206292E-02
   24000 -1.82702294E-02  3.70034460E-02  3.74693381E-02  1.43662328E-01  6.88262402E-02
   24050 -1.04929497E-01  2.46249997E-04  1.09041781E-02  1.59954779E-01  2.13358367E-02
   24100 -9.50810091E-02 -5.41026011E-02  5.48822868E-02  1.47060670E-01  2.57359984E-02
   24150 -2.98023308E-03 -4.72232866E-02 -6.63973496E-02  1.05902956E-01  5.06147147E-02
   24200 -4.62589806E-03 -2.11717933E-02 -7.29126502E-02  1.46531386E-01  3.54860691E-02
   24250 -4.41941053E-03  6.32760857E-03  4.81057995E-02  1.11781830E-01  7.14365201E-02
   24300  1.92355965E-02  7.29589658E-02  8.37374967E-02  1.49833301E-01  4.64718494E-02
   24350 -1.78844834E-02  2.48343738E-02  1.33005659E-02  5.83315663E-02  1.70359932E-02
   24400 -6.34370827E-03 -4.58373011E-02 -3.23313368E-02  1.26468506E-01  5.39815863E-02
   24450 -5.67106297E-02 -4.67971030E-02 -4.74796506E-02  1.33669578E-01  1.63642554E-02
   24500  2.98529778E-02 -1.31419670E-01  1.13944769E-01  2.10090679E-01  1.92111113E-02
   24550  2.26552369E-02 -7.29032429E-02  1.00785918E-01  1.64628250E-01  4.17605942E-02
   24600  3.22748620E-02 -7.38426009E-02  2.48533709E-02  1.41162982E-01  4.38067121E-02
   24650  2.57844705E-02  2.01591384E-02  1.99093096E-02  6.99819387E-02  3.87821808E-02
   24700  1.42621497E-02  1.68826710E-01 -4.03173614E-02  1.86282568E-01  4.72568350E-02
   24750  1.05647213E-01  7.82225931E-02 -1.05701219E-01  2.20088651E-01  5.98457010E-02
   24800  6.79968791E-02  8.69688529E-03  2.91951575E-02  1.43133020E-01  1.88288635E-02
   24850 -2.06686174E-02  3.24613231E-02 -2.57518312E-02  1.01649305E-01  2.44364834E-02
   24900 -2.35011655E-02 -2.53925198E-02  2.52574134E-02  1.21670822E-01  5.51372507E-02
   24950  1.22081371E-03 -3.31642048E-02  1.19167119E-01  1.65426022E-01  3.70709891E-02
   25000 -6.86097885E-02  3.30268904E-02 -3.11171061E-02  1.38993070E-01  5.84343430E-02
   25050  7.73684838E-04  3.34813514E-02  1.80310046E-02  9.99339339E-02  2.98024994E-02
   25100 -6.02138754E-02  4.14263888E-02  7.56152354E-02  1.19005041E-01  6.53769639E-02
   25150 -7.30003791E-02  9.26243972E-02 -3.90381836E-02  1.42674181E-01  5.11804755E-02
   25200 -4.63425232E-02 -1.49395339E-02 -6.71265462E-02  1.27626976E-01  6.62413247E-02
   25250 -3.07230042E-02 -9.41518387E-02  3.18487102E-02  1.54974769E-01  2.60020543E-02
   25300 -4.69816121E-02  1.28863315E-02  3.48929483E-02  1.26077611E-01  5.41493847E-02
   25350 -1.45021126E-01  4.90729115E-02 -2.53331024E-02  2.00336890E-01  6.93715950E-02
   25400  3.91682111E-02  1.21333215E-01  2.57359559E-03  1.80827534E-01  7.64251098E-02
   25450  9.11166282E-03 -6.40813612E-02 -1.20363143E-01  1.70658756E-01  5.69582344E-02
   25500  1.47288405E-02 -9.85776416E-02 -1.01375670E-02  1.53585218E-01  2.08160590E-02
   25550 -7.75870847E-02 -1.01739667E-01  1.13748886E-02  1.57990728E-01  8.32355724E-02
   25600  1.28375644E-02  9.79793490E-02 -6.09836998E-02  1.34133309E-01  8.84666158E-02
   25650 -2.71691696E-02 -1.44612244E-01  9.07064878E-03  1.79139916E-01  5.53607725E-02
   25700  1.34275455E-02 -3.45110202E-02 -3.45232284E-02  1.21426878E-01  2.79989940E-02
   25750 -6.35941656E-02 -1.24481413E-01  1.15030752E-02  1.91004846E-01  1.11759380E-01
   25800  7.29935503E-02 -5.76160923E-02 -1.58893913E-02  1.11868566E-01  9.18288692E-02
   25850  3.11011137E-03 -8.08613964E-02 -6.56553608E-03  1.21303163E-01  4.60305759E-02
   25900  6.91183620E-02  2.34750318E-02  1.12874907E-01  1.53174109E-01  2.98485643E-02
   25950  6.50941617E-03  1.23582115E-01  4.74404369E-02  1.64744566E-01  6.09434426E-02
   26000  4.91691314E-03  1.14156197E-01 -3.29519083E-02  1.72771817E-01  7.66353641E-02
   26050 -5.41329602E-02  4.16031017E-02 -1.24949174E-02  1.11362827E-01  6.65607005E-02
   26100  6.58322817E-02 -2.56879761E-02 -7.02268051E-03  1.24501324E-01  4.76244801E-02
   26150 -2.69188713E-03  2.55330308E-02 -4.08464439E-02  9.57676645E-02  4.59827239E-02
   26200 -2.71504701E-02 -1.85989544E-01  9.96524694E-03  2.02587000E-01  5.81384079E-02
   26250 -1.13345686E-02 -1.34956916E-01 -1.06272189E-01  2.17870314E-01  5.63401895E-02
   26300 -2.55580692E-02 -4.95774434E-04  8.06828175E-02  1.18723128E-01  3.29703892E-02
   26350 -2.74578757E-02  4.64827705E-02  1.27756167E-01  1.48094582E-01  3.33816719E-02
   26400  2.62908417E-02  6.85022665E-02  4.51481596E-03  1.45771623E-01  2.25013378E-02
   26450  6.16777183E-02 -6.02574151E-02  7.98254109E-02  1.47356269E-01  5.44480999E-02
   26500 -1.31720425E-02  5.32809831E-02 -9.24936576E-02  1.59655299E-01  4.14071202E-02
   26550  3.01429780E-02 -2.55994236E-02  6.42969961E-02  1.45394699E-01  4.90196276E-02
   26600  5.82107011E-02 -5.65917996E-03  4.02272465E-02  1.44211590E-01  3.76658427E-02
   26650  7.24664665E-03 -6.37096325E-02  5.54969077E-02  1.35512958E-01  5.10672822E-02
   26700 -6.16585133E-02 -8.40054548E-02  3.79062535E-02  1.61333628E-01  6.43108237E-02
   26750  2.97016799E-02  1.58331545E-01  1.16463143E-02  2.11455525E-01  7.57210134E-02
   26800  4.28624634E-02 -6.75371658E-02  9.07916439E-02  1.49590386E-01  2.81975475E-02
   26850 -7.73225915E-02  5.23579499E-02  8.19384519E-02  1.47852307E-01  6.77689971E-02
   26900  3.58776777E-02  8.69175878E-02 -9.55099993E-02  1.60710206E-01  5.10578514E-02
   26950  1.15704651E-01 -9.94178962E-02  2.13954423E-02  1.88991863E-01  7.62323280E-02
   27000 -6.36225645E-02  7.06998958E-02 -4.00593333E-03  1.30525258E-01  5.09540661E-02
   27050 -2.90812304E-02 -5.19489501E-02  2.39222938E-02  9.14671081E-02  5.16165079E-02
   27100 -7.54522011E-02 -6.12530026E-02 -3.16722300E-02  1.57748729E-01  5.66653744E-02
   27150 -8.45668565E-02 -3.08239950E-02  1.59779020E-01  1.94692292E-01  2.90207430E-02
   27200  1.48531508E-02 -2.09972312E-02 -8.39962845E-02  1.19378084E-01  2.63584994E-02
   27250 -5.63396534E-02  2.22106885E-02 -3.61553831E-02  1.32636976E-01  8.99315159E-02
   27300 -3.91715069E-02 -3.29137941E-02 -1.89832082E-02  1.13214975E-01  3.85999454E-02
   27350 -6.18431738E-02 -4.24957245E-02  3.48654087E-03  1.28375477E-01  5.59729246E-02
   27400  2.45527590E-02  6.08473507E-02  1.12049624E-01  1.46051168E-01  4.06063140E-02
   27450  1.73059550E-02 -3.07045602E-02 -3.23799716E-02  8.51430425E-02  1.40922242E-02
   27500  2.98524459E-03 -5.41611627E-02 -5.35244800E-02  1.23340598E-01  3.39720054E-02
   27550  1.10838192E-01  7.25865602E-02 -1.26259501E-01  1.99377616E-01  6.74711081E-02
   27600  1.04352710E-01 -3.26887006E-03 -1.39754069E-04  1.62298682E-01  7.50188806E-02
   27650 -6.20167975E-02  1.64222809E-02  1.50978061E-02  7.81220677E-02  5.66412797E-02
   27700  1.14965388E-01  1.05115842E-02  8.67762447E-02  1.76759854E-01  6.54377564E-02
   27750 -4.64997945E-02 -5.75762617E-02 -6.40386184E-02  1.27993486E-01  4.19781118E-02
   27800 -9.17219766E-03  4.04938209E-02 -6.65732962E-02  1.30967900E-01  4.19127601E-02
   27850 -2.84499024E-02 -2.17305788E-02 -2.54075325E-02  1.18349936E-01  2.85575170E-02
   27900 -9.03402802E-03  4.33257270E-02  1.53005622E-01  1.80526353E-01  6.12536649E-02
   27950 -1.20370258E-01  4.85520984E-03 -3.43502326E-02  1.57305816E-01  2.06960122E-02
   28000 -5.78907723E-03 -6.32267970E-03  2.74635132E-02  1.03325048E-01  3.96626952E-02
   28050 -9.98301651E-03  9.23320208E-02 -3.23883100E-02  1.42356356E-01  3.74419194E-02
   28100 -7.99210516E-02  6.31961805E-02  7.66104266E-02  1.51183211E-01  5.50448647E-02
   28150  8.72647829E-02 -7.62317930E-02 -3.79049059E-02  1.79998878E-01  6.17688417E-02
   28200 -9.40792129E-02  1.12203710E-01 -3.41354578E-02  1.59422508E-01  8.12736434E-02
   28250  6.38750792E-02  5.34763561E-02  1.93441158E-03  1.35124078E-01  6.16240646E-02
   28300 -7.98064337E-02 -6.16847104E-02 -1.93843426E-01  2.40781129E-01  5.14201431E-02
   28350  5.33512505E-02  5.22521008E-03  1.58631557E-02  1.22816179E-01  5.40448767E-02
   28400 -4.60721409E-02  5.89420100E-02 -2.78063347E-02  1.14374661E-01  1.98848861E-02
   28450  5.79954736E-02 -4.63019223E-02 -1.03119653E-01  1.75185439E-01  3.22447363E-02
   28500  1.15332562E-02  5.95851920E-02 -6.06444111E-02  1.16142007E-01  2.17067128E-02
   28550 -5.46032613E-02  9.82239492E-02  6.28271099E-02  1.55417965E-01  7.16601031E-02
   28600  5.68921544E-02  2.93902698E-02 -8.86564753E-02  1.36098094E-01  4.91420655E-02
   28650 -5.76292856E-02  1.14829114E-01 -2.26241036E-02  1.62529882E-01  8.39909166E-02
   28700  1.06528843E-01  1.10775749E-02  2.90468200E-02  1.29226667E-01  4.22507250E-02
   28750  5.80766068E-02  5.39272543E-02  3.15948036E-02  1.34203735E-01  5.92366585E-02
   28800  1.06639752E-02 -7.95316926E-02  4.39717115E-02  1.36496939E-01  4.59030319E-02
   28850  4.79089899E-02 -4.75990773E-02  1.20167206E-02  1.18563620E-01  4.51642642E-02
   28900 -3.99188077E-03  7.45990960E-03 -9.61548972E-02  1.20397990E-01  5.58499193E-02
   28950 -5.25010819E-04  3.04762039E-02 -8.67181323E-02  1.16433131E-01  2.95240041E-02
   29000 -1.04183401E-01 -4.43137732E-02 -1.02162976E-01  1.66499075E-01  4.40351486E-02
   29050 -2.24144587E-02 -1.70121324E-02 -2.78348198E-02  1.69455576E-01  9.22508615E-02
   29100 -3.42251436E-02  9.42225377E-02  1.07706180E-01  1.84548539E-01  5.86733168E-02
   29150 -3.47920277E-02 -1.59061156E-02 -4.53077487E-02  1.06118343E-01  3.43694113E-02
   29200  3.73944183E-02  2.72947374E-02 -7.38427535E-02  1.34107788E-01  3.38274579E-02
   29250  1.33720845E-01 -1.05373837E-01  9.10988747E-02  2.06111277E-01  6.70136679E-02
   29300  2.48666231E-02 -8.49699966E-02  7.17649350E-02  1.22420034E-01  3.27136415E-02
   29350 -1.69318969E-02  5.36433214E-02 -7.43434984E-03  1.13493900E-01  4.89407973E-02
   29400 -2.87851218E-02 -9.96106531E-03  7.25705514E-03  1.24802541E-01  5.05285433E-02
   29450  1.61521968E-02 -1.12087472E-01 -4.64042805E-03  1.46147019E-01  6.52074652E-02
   29500  8.25054052E-02 -2.15030986E-02  2.97320985E-02  1.21791438E-01  1.75842159E-02
   29550 -3.17115962E-02  1.21354649E-01 -1.14140530E-02  1.71486595E-01  4.24913017E-02
   29600 -7.89414240E-02 -4.59617222E-03  6.85864613E-02  1.38879105E-01  3.13676081E-02
   29650 -1.68761508E-02  1.05793780E-01  4.90583319E-02  1.32968945E-01  1.02919550E-01
   29700  3.78270964E-02  1.31386507E-02 -7.68144706E-02  1.58228746E-01  6.09196966E-02
   29750 -6.89627476E-03 -7.50493600E-03  1.46818138E-02  8.06897584E-02  1.11427145E-02
   29800  5.20462244E-03  2.47356178E-02  4.56773989E-02  1.06641148E-01  3.93487513E-02
   29850  1.13163848E-01  1.02463457E-01  2.97579681E-02  1.71759318E-01  6.43547426E-02
   29900 -1.61384840E-03 -1.28466828E-02 -1.05990431E-03  1.05342684E-01  2.58048265E-02
   29950  5.04376237E-02  4.16558275E-03 -3.31124197E-02  1.51269017E-01  6.78844596E-02
   30000 -1.67242307E-03  2.23265912E-02  3.52752073E-02  1.25264879E-01  1.07242218E-02
   30050 -6.16062307E-03 -2.02684016E-02  5.38468075E-03  7.07107003E-02  3.16494135E-02
   30100 -3.45444853E-02 -6.13329030E-02  2.91370619E-02  1.00300728E-01  4.91944980E-02
   30150  2.06945055E-02  6.06935406E-02 -1.62437385E-02  1.43898328E-01  9.00492543E-02
   30200 -7.67665705E-02  3.90718414E-02 -4.21908846E-02  1.39122665E-01  4.57732135E-02
   30250  7.47169162E-03  6.81459152E-02 -1.88784397E-03  9.78860590E-02  3.16562720E-02
   30300  4.07694073E-02  9.64621165E-02  9.33504803E-03  1.19226978E-01  4.85317044E-02
   30350  1.73088632E-01 -5.07221499E-05  8.20089501E-02  2.17054003E-01  9.46062744E-02
   30400 -4.07680781E-02 -6.20463707E-02  9.88801309E-02  1.60782692E-01  6.20191331E-02
   30450 -3.29202567E-02 -5.87968747E-03 -5.79076916E-02  1.20739669E-01  4.33362548E-02
   30500  7.45055401E-02  6.31353027E-02  1.27460513E-02  1.35473711E-01  5.61135164E-02
   30550  6.53533278E-02  6.12636521E-02 -6.44709585E-02  1.51562756E-01  8.18365537E-02
   30600  8.88864972E-03 -3.07394477E-02 -8.97526322E-02  1.56988646E-01  4.60198752E-02
   30650  3.80740475E-02 -2.62219163E-02 -1.01250999E-01  1.57542119E-01  5.84382552E-02
   30700 -3.72877015E-02 -2.33285771E-02 -4.50453488E-02  1.03337603E-01  2.61399831E-02
   30750 -1.27759384E-01  1.71816488E-02 -4.24697718E-02  1.92749644E-01  9.75916499E-02
   30800  1.97594146E-02  1.14054655E-01  1.38340039E-01  1.92933218E-01  5.42154959E-02
   30850 -1.02752258E-01  9.62720672E-02 -2.75207191E-02  1.62418362E-01  9.35556194E-02
   30900  3.34600945E-02 -5.22249582E-03  3.24214576E-03  8.79818816E-02  3.44783628E-02
   30950  1.40604551E-01  8.97563980E-02  3.19259887E-02  2.00415733E-01  2.21811436E-02
   31000 -2.72253819E-02  5.14666261E-02  1.37751937E-02  1.00444152E-01  5.50566299E-02
   31050  7.50353772E-02  2.94088155E-02 -7.49580283E-02  1.59058889E-01  2.73926296E-02
   31100 -1.16401937E-01 -9.76732187E-02  3.12710592E-02  1.76751678E-01  6.84796272E-02
   31150  1.34610090E-01 -5.19367793E-02  2.69123832E-02  1.66710530E-01  7.50634251E-02
   31200 -1.47073952E-02 -3.71838218E-02  6.40552266E-03  7.61265165E-02  4.47291653E-02
   31250  3.12127008E-02 -9.49345104E-04 -6.02431445E-02  1.10435313E-01  5.66043922E-02
   31300 -2.65680701E-03  5.45276246E-02 -4.22573296E-03  1.11222390E-01  4.11681992E-02
   31350  4.95157843E-02 -6.02258453E-02  3.60391538E-03  1.08576253E-01  3.22425802E-02
   31400 -3.85267958E-02  3.10469524E-02 -8.28390979E-02  1.37366535E-01  5.17326192E-02
   31450 -1.69340637E-02 -9.13466330E-02 -6.27082581E-03  1.44044213E-01  3.63712914E-02
   31500  4.43236960E-02 -1.91241790E-02 -2.26459060E-02  1.40020942E-01  5.28572411E-02
   31550  3.31737115E-02 -3.38924852E-02 -1.30545023E-02  1.22352789E-01  7.68330335E-02
   31600 -2.09128020E-02 -3.46639776E-03 -5.40898733E-02  1.23740478E-01  4.29144135E-02
   31650 -4.91796566E-02 -4.46097832E-03  8.60768604E-02  1.24298840E-01  4.44155623E-02
   31700 -1.20278102E-02  4.53147173E-02 -9.96655334E-02  1.56624436E-01  6.57962896E-02
   31750 -3.50461869E-02 -6.47459005E-02  7.10601578E-02  1.39872048E-01  5.49515711E-02
   31800 -5.23424320E-02  7.77668433E-03 -1.12927812E-01  1.65400470E-01  6.80407945E-02
   31850  1.04656808E-02 -9.46184217E-02  9.71209141E-02  1.75165783E-01  3.77733961E-02
   31900  5.44666153E-02 -3.86451682E-02  2.60818240E-02  9.28704194E-02  4.38550109E-02
   31950  4.61112896E-02  5.83562595E-02 -2.46640435E-02  1.28468633E-01  3.80586052E-02
   32000  1.87313894E-02 -2.83487516E-02  1.65060314E-01  1.95509643E-01  2.44553985E-02
   32050 -3.11836252E-03  6.10189902E-02 -5.20634923E-02  1.37154336E-01  2.90054042E-02
   32100 -3.61759180E-02 -4.72217889E-02 -7.50281107E-02  1.29154283E-01  3.73705879E-02
   32150 -3.74070749E-02  1.01560621E-02  5.18648625E-02  1.14928724E-01  4.17504171E-02
   32200  1.06040121E-01  7.08048787E-03 -4.96293298E-02  1.55494803E-01  7.78743889E-03
   32250  2.43893742E-02 -8.38309739E-08 -4.86273007E-02  1.20287501E-01  2.06661398E-02
   32300  2.27784714E-02 -2.65821605E-02 -1.95196552E-02  1.08929264E-01  3.68597903E-02
   32350 -5.50312916E-02 -4.20768721E-03 -1.04124489E-02  1.41303351E-01  5.94762259E-02
   32400  3.72499762E-02  6.42740039E-02 -3.63965335E-03  1.22686731E-01  5.06087762E-02
   32450 -5.59588486E-02 -3.82611953E-02  4.90856129E-02  1.45924171E-01  4.78249835E-02
   32500 -7.42268459E-02  3.28099769E-02 -8.50884465E-02  1.68342367E-01  3.05885965E-02
   32550 -1.82318050E-02  6.35316194E-02  3.36368982E-02  9.05674875E-02  4.14942948E-02
   32600 -5.27802903E-02  9.08479293E-02 -4.50241814E-03  1.80781702E-01  6.91811456E-02
   32650  7.88948190E-02  4.50577773E-03 -2.35245953E-02  1.11841397E-01  2.44248341E-02
   32700 -1.49490498E-02 -6.00575510E-02 -3.22098043E-02  1.19924344E-01  5.71010545E-02
   32750  7.66865848E-03 -5.09623878E-02 -3.34516289E-02  1.17942129E-01  2.49699340E-02
   32800 -5.34119061E-02  1.27023312E-01  2.49287526E-03  1.68998898E-01  6.63489831E-02
   32850  1.02350822E-02 -5.00818562E-02  3.87071296E-02  1.13986071E-01  3.75149540E-02
   32900  2.85095155E-02 -3.21782512E-02 -2.47745681E-02  1.08500439E-01  4.57715402E-02
   32950 -7.15310523E-02  1.08646872E-02 -5.67041113E-03  1.15799552E-01  3.96790680E-02
   33000  6.83073398E-02 -4.05542744E-03 -7.68697842E-03  1.25741711E-01  2.48676948E-02
   33050  1.30802859E-02  1.26776971E-01  4.40664930E-02  1.79475515E-01  1.92159532E-02
   33100  4.08463272E-02 -4.82358740E-02 -1.01767948E-01  1.57039957E-01  3.08654587E-02
   33150 -1.35485038E-02  3.71992425E-02 -2.81579412E-02  1.46649469E-01  4.44505978E-02
   33200  5.03939310E-02 -2.00899226E-02  2.72579946E-02  1.39643172E-01  7.36890360E-02
   33250 -2.00666224E-03  2.04775954E-02  6.26347594E-02  1.19842671E-01  2.80157613E-02
   33300  3.93636494E-02  6.58233352E-02  4.91276146E-03  1.35706582E-01  4.72819375E-02
   33350 -9.41325724E-03  4.02274649E-02  6.42723994E-02  1.21594786E-01  5.62680632E-02
   33400  2.72627067E-02 -7.68371011E-03  4.39562759E-02  9.81120680E-02  2.41334002E-02
   33450 -8.65744107E-02 -4.08256421E-02 -1.09562946E-02  1.37008055E-01  6.20896634E-02
   33500  5.59064291E-02  2.26849372E-02 -1.66390111E-02  1.50544477E-01  4.85729224E-02
   33550 -4.97498552E-02 -9.22834121E-03 -5.76671161E-02  1.16055487E-01  4.38495600E-02
   33600 -1.02315000E-01 -4.59499684E-02 -1.24500190E-01  1.94797069E-01  7.65284038E-02
   33650 -8.69137875E-02  1.66129527E-02 -5.50075977E-02  1.16997465E-01  5.26716980E-02
   33700  7.70049450E-02 -1.57779663E-02 -8.75284282E-02  1.62754616E-01  2.20180469E-02
   33750  3.09278720E-03 -3.15313148E-02 -1.83538838E-02  9.99833426E-02  6.08139413E-02
   33800 -5.27161850E-02  2.46748134E-02 -6.38159684E-02  1.20245797E-01  6.20186043E-02
   33850  2.26202238E-02 -1.01245945E-02  2.58952754E-03  8.14700116E-02  2.96326424E-02
   33900  4.80960784E-03 -1.04827715E-01  2.04305136E-03  1.39323095E-01  6.38354549E-02
   33950 -3.91255641E-02 -3.97551423E-02 -9.20362418E-03  8.19624841E-02  3.75613110E-02
   34000  2.94519831E-02 -7.29124905E-02 -6.99478574E-03  1.15351065E-01  2.41168961E-02
   34050  1.17884291E-02  1.01104166E-02  1.47877635E-02  7.84945347E-02  1.78884486E-02
   34100  7.56912713E-02 -6.85888335E-02 -3.90808647E-02  1.28382106E-01  4.82281603E-02
   34150  1.20178206E-02  2.98150787E-02  2.23592877E-02  1.20086516E-01  2.17106025E-02
   34200 -1.05316299E-01 -5.83717112E-02 -4.36839457E-02  1.92836817E-01  3.52691449E-02
   34250 -4.64895693E-03  5.42433379E-02  2.41550211E-02  1.22740797E-01  6.68946803E-02
   34300  5.10959319E-03  1.47939093E-01 -1.54299327E-02  1.83487578E-01  5.36636773E-02
   34350 -5.76768351E-02  1.43482186E-02 -4.73221077E-02  1.33199693E-01  5.50683366E-02
   34400 -5.92997019E-03  3.79187028E-03 -9.27892865E-02  1.39403704E-01  5.63666439E-02
   34450 -2.27578812E-02  5.42256206E-02 -1.73078561E-03  1.10394125E-01  5.35258003E-02
   34500  1.05814074E-02  3.53558261E-02  2.30805271E-03  1.57187051E-01  7.24676764E-02
   34550  3.74212030E-03  4.54720420E-02 -6.65196797E-02  1.14043698E-01  6.33333813E-02
   34600 -2.53892014E-02 -8.37623221E-02  3.03013316E-02  1.38929295E-01  4.14768466E-02
   34650 -3.18383487E-02  2.84589131E-02  1.93050684E-02  1.03766835E-01  4.39246179E-02
   34700  2.19927485E-02 -3.56759552E-02 -4.88403169E-02  1.23163573E-01  5.09341720E-02
   34750  1.04580684E-02 -1.08010580E-02 -2.67267377E-02  1.19718490E-01  5.82232937E-02
   34800  2.42554501E-02 -1.22461020E-01  2.62501704E-02  1.46343862E-01  5.22776390E-02
   34850  3.78022171E-02 -3.68241080E-02  2.74209410E-02  9.63548899E-02  5.77353104E-02
   34900 -5.08458143E-02 -3.82519483E-02  1.26823266E-01  1.65945950E-01  1.05283911E-01
   34950  4.17532328E-02 -9.08263410E-03  1.38591989E-02  1.02863706E-01  3.23726196E-02
   35000 -3.16774914E-02 -9.28838144E-02  4.43023900E-02  1.53192304E-01  3.39446220E-02
   35050  1.19518569E-01  8.50482439E-02  5.31579344E-03  1.75880763E-01  8.61836092E-02
   35100 -3.26137842E-02  4.64379015E-02 -2.37521514E-02  1.41614323E-01  3.93298824E-02
   35150 -3.79767830E-02 -1.17456824E-01 -1.73931516E-02  1.44215048E-01  6.16119746E-02
   35200  7.68667370E-02  6.20903021E-02 -3.69504294E-02  1.49617165E-01  4.16801276E-02
   35250  4.21476249E-02 -3.03749224E-03 -6.35552960E-02  1.58353003E-01  6.42087982E-02
   35300 -1.25610225E-01  2.78582267E-02  7.95239233E-02  1.70982440E-01  6.48699291E-02
   35350 -7.58132446E-02  5.26994108E-03  1.00859540E-01  1.80283445E-01  4.25728404E-02
   35400 -2.55405303E-02 -2.10796873E-02 -9.30316427E-02  1.45916322E-01  8.10015549E-02
   35450  6.23054599E-02 -3.34515805E-02  1.78130683E-02  8.71325716E-02  3.81528925E-02
   35500 -1.02897199E-01  4.72252571E-02  9.11567583E-02  1.59133409E-01  5.76995046E-02
   35550  1.39766124E-02  6.26539639E-02  9.30005997E-02  1.63202669E-01  6.03649931E-02
   35600  4.05434304E-02 -9.52941420E-02  7.67085838E-03  1.26274187E-01  6.83589625E-02
   35650  8.51978497E-02 -1.08851038E-01 -6.65893490E-02  1.69771946E-01  5.45035169E-02
   35700 -1.13246380E-01  1.63077460E-02  4.92315038E-03  1.55498006E-01  2.62922287E-02
   35750 -3.66806307E-02 -1.13219830E-01 -4.97551544E-03  1.46171266E-01  9.87931436E-02
   35800  7.68696925E-02  5.33051958E-02 -1.82040172E-03  1.31537703E-01  4.54010401E-02
   35850 -1.05002443E-02  1.19500599E-01  4.15434765E-02  1.77810279E-01  4.70792510E-02
   35900  3.13466586E-02 -9.91424039E-02  2.46601609E-02  1.46495159E-01  5.56574521E-02
   35950 -1.12805887E-02 -7.08486947E-02  1.16596672E-02  1.34401401E-01  5.82984659E-02
   36000  3.37011295E-02  7.92234125E-02  2.37845544E-02  1.43220716E-01  3.38328368E-02
   36050  2.45430252E-02 -3.22222800E-02  8.98122632E-02  1.40276562E-01  3.25858397E-02
   36100  1.04791271E-01  2.13388034E-03 -1.05479939E-02  1.94261853E-01  2.75643541E-02
   36150 -8.07769431E-02 -5.01781708E-02  4.74657517E-02  1.76657452E-01  5.86053579E-02
   36200  4.45756304E-02 -5.97251780E-02 -1.65595360E-02  1.40217013E-01  7.35445254E-02
   36250 -8.40929644E-03 -4.15064293E-02  6.56635840E-02  1.49104802E-01  5.63003983E-02
   36300  1.37031551E-01 -6.88669929E-02 -4.26623908E-02  1.80477875E-01  4.06935066E-02
   36350  3.70039269E-02  7.60634283E-02 -1.32724338E-02  1.14613714E-01  5.57678231E-02
   36400 -2.16480609E-02  5.21829041E-02  6.89517991E-02  1.42400668E-01  3.05848300E-02
   36450 -1.37690463E-01 -8.65225527E-02  9.16976941E-02  2.13265546E-01  5.18535941E-02
   36500 -3.90529604E-02 -4.16056399E-02 -8.75321337E-03  8.58083574E-02  6.68129887E-02
   36550 -1.78519310E-02  2.20508006E-02  2.50964982E-02  1.20053399E-01  4.66014393E-02
   36600 -1.24183440E-02 -2.03319878E-02 -5.11209810E-02  9.04793733E-02  8.52735946E-02
   36650  1.05267934E-02 -7.47233745E-02  7.57077931E-02  1.44925451E-01  4.09886252E-02
   36700 -2.54604100E-02 -4.27453491E-02  4.98971206E-02  1.02006460E-01  2.86185559E-02
   36750 -6.20194765E-02 -5.92067502E-02 -1.06053107E-01  1.46708040E-01  5.87601889E-02
   36800  9.24194021E-02  2.49322888E-02 -1.00828011E-01  1.70474741E-01  5.69652748E-02
   36850  1.18442811E-02  1.59089105E-02 -9.03505683E-02  1.31831086E-01  2.68771925E-02
   36900 -9.59354033E-02  1.09406371E-01 -6.14885639E-02  1.93596910E-01  8.96954903E-02
   36950 -8.61325748E-04  1.80557454E-02  3.61955069E-03  8.73584797E-02  3.50617822E-02
   37000 -5.69442653E-02 -5.84469147E-02  2.98707403E-02  1.50905312E-01  5.40698567E-02
   37050 -2.65901534E-02 -9.66993660E-03  8.69185030E-02  1.36962840E-01  3.56289744E-02
   37100 -3.99262574E-02  2.69341626E-02 -3.07802174E-02  1.18494344E-01  6.59649311E-02
   37150  3.97955528E-02 -1.13137963E-01 -1.88617082E-02  1.56680353E-01  6.93607529E-02
   37200 -3.56246438E-02  4.42945540E-02 -6.71853563E-02  1.14829209E-01  5.95906983E-02
   37250  9.11399368E-02  7.24555406E-02  1.62535923E-01  2.38085065E-01  4.21444391E-02
   37300  3.55754960E-02  2.26412855E-02  3.95469182E-02  9.96137191E-02  2.95938244E-02
   37350 -9.67659901E-03 -6.50321342E-02  1.19963929E-01  1.76270815E-01  1.95390825E-02
   37400  5.89565006E-02 -6.27456485E-02  4.79091895E-03  1.21052892E-01  4.63546966E-02
   37450 -3.73814822E-02  7.32381632E-02  5.41262895E-02  1.18896976E-01  3.95252438E-02
   37500 -3.32130884E-02  2.19143647E-02  2.15333415E-02  1.20772268E-01  5.12553036E-02
   37550  6.01749127E-02 -2.68968197E-02  6.92571498E-02  1.11606316E-01  6.62391790E-02
   37600 -8.77165980E-02  2.63026068E-02  3.66424505E-02  1.19813849E-01  4.82856534E-02
   37650  4.82970411E-02  2.39605093E-02 -4.27938460E-02  1.12620351E-01  5.78199118E-02
   37700 -3.78772025E-02  2.21730014E-02  2.18240950E-02  1.11975937E-01  6.15026457E-02
   37750 -1.16332217E-01  1.62178399E-02  8.82010830E-02  1.65554161E-01  5.52923229E-02
   37800 -6.46963945E-02 -7.59702848E-02  8.38397516E-02  1.54467224E-01  7.30767025E-02
   37850  4.53879695E-02 -5.94532122E-02 -1.12697767E-01  1.93561089E-01  3.97003978E-02
   37900  3.30082634E-02  1.75408869E-01  5.53513060E-02  1.97998881E-01  3.97943911E-02
   37950 -7.87503463E-02 -2.85997097E-02  5.07640942E-03  1.58125679E-01  5.09630247E-02
   38000 -7.66311472E-02  1.33350637E-02  7.25969977E-02  1.49452159E-01  4.83111769E-02
   38050  3.60754490E-02  9.91484844E-02 -1.29664956E-02  1.60611723E-01  3.12626796E-02
   38100  3.46813949E-02 -3.84372855E-02 -9.12815685E-03  1.00293628E-01  4.53930237E-02
   38150 -1.04731056E-01  9.41744751E-02  7.94801980E-02  1.79456209E-01  6.31764717E-02
   38200  7.90038431E-02 -4.65263801E-02 -1.93785011E-03  1.53124498E-01  1.94280907E-02
   38250 -5.20877403E-03 -1.27083284E-01 -4.33829859E-02  1.47980013E-01  4.16668658E-02
   38300 -1.54149413E-02 -2.87139885E-02 -7.86302808E-02  1.12237425E-01  2.65294887E-02
   38350 -1.12880324E-02  2.01017895E-02 -7.77012993E-02  1.32613671E-01  6.00571787E-02
   38400 -2.48612559E-02 -1.34526183E-01  5.90491327E-02  1.83208007E-01  2.93211542E-02
   38450 -7.55588175E-03 -1.00813812E-01  3.66814166E-02  1.50914597E-01  4.80252825E-02
   38500  2.17320181E-02  6.54185480E-02  6.63571977E-02  1.63528685E-01  6.74946234E-02
   38550 -1.79950837E-02 -4.01560780E-03  6.21849175E-02  1.17865639E-01  3.56488038E-02
   38600  8.35900642E-02 -7.97835624E-02 -7.61617960E-02  1.80821806E-01  5.76154331E-02
   38650  1.19042737E-02 -5.46229388E-04  3.07328334E-03  9.35602503E-02  3.80431030E-02
   38700  7.10919224E-02  3.86236831E-02  4.77425304E-03  1.36516556E-01  6.93266358E-02
   38750  5.19642838E-02  8.10856069E-03 -1.07230812E-01  1.57592814E-01  3.95474953E-02
   38800 -6.13062861E-02 -6.97090938E-02 -3.67119538E-04  1.04406968E-01  4.25698425E-02
   38850 -8.73938939E-02 -1.76649258E-02  3.62210666E-02  1.42298976E-01  3.29455024E-02
   38900 -2.49132832E-02 -5.17754207E-02 -1.21688154E-01  1.63330527E-01  6.66424466E-02
   38950  3.23635435E-02 -6.72387894E-02 -7.05667842E-02  1.35315196E-01  7.27989170E-02
   39000 -4.21542873E-02  5.69996680E-02  2.56634161E-02  1.14811627E-01  6.43022268E-02
   39050  1.25326014E-01 -2.69422946E-02 -1.54329239E-02  1.92723486E-01  4.71282351E-02
   39100  2.23605713E-02  2.11835988E-02 -1.64818681E-02  9.37067793E-02  3.67421408E-02
   39150 -5.56115199E-03 -1.78155151E-02  5.32935481E-02  1.36021643E-01  5.44448741E-02
   39200 -4.07886231E-03  1.02218092E-01 -1.23842308E-01  1.77198563E-01  3.17447948E-02
   39250  4.17905201E-02  9.32232094E-02  2.76028945E-02  1.73702445E-01  7.15721517E-02
   39300  4.67291146E-02 -5.24029818E-02 -7.35437326E-02  1.23093003E-01  7.50290879E-02
   39350  1.98126178E-02 -3.68455767E-02 -4.16450202E-02  1.01574461E-01  3.81128101E-02
   39400  1.01604331E-02  7.27960664E-04  4.27354163E-03  9.66548787E-02  6.57413978E-02
   39450 -1.76086646E-02 -8.78284452E-02 -1.07292688E-02  1.31910523E-01  4.52920534E-02
   39500  6.83480028E-03 -3.35331918E-02  1.09631407E-02  1.34641022E-01  4.38335567E-02
   39550 -4.00430583E-02  7.25424225E-02  5.27235056E-02  1.68871948E-01  5.02415089E-02
   39600  4.97657061E-02 -4.12467523E-02 -8.72173265E-02  1.22453142E-01  3.63435955E-02
   39650 -5.16192409E-02 -3.48339577E-03 -2.45562274E-02  9.77745237E-02  3.04581675E-02
   39700 -1.61976382E-02  2.69769511E-02 -9.27679437E-03  9.12839028E-02  4.43149296E-02
   39750 -2.27116736E-02  5.25203870E-02  4.02432258E-02  1.35992995E-01  5.55073936E-02
   39800  8.91100122E-03 -2.28803693E-02  3.72377913E-02  1.10386922E-01  4.05328783E-02
   39850 -4.83656442E-02  7.39903024E-02  1.91781969E-02  1.27156163E-01  3.61718122E-02
   39900 -4.48766805E-02 -2.05200042E-02  5.91691684E-03  8.24445461E-02  2.83402052E-02
   39950  1.23764300E-01  5.69689142E-02  6.88929586E-04  1.97146756E-01  7.48687760E-02
