   #Iter             <M>           <M^2>           <M^4>      U_{Binder}            \chi        C_v(tot)             <E>       <E_{exc}>       <E_{lsf}>
       1  1.55016522E-01  2.86722919E-02  1.09944188E-03  5.54214227E-01  3.37829977E-03  2.57221278E-01 -2.58492207E+00 -2.58492207E+00  0.00000000E+00
      11  1.28973930E-01  2.00434047E-02  6.62147759E-04  4.50597455E-01  2.48096566E-03  6.74579969E-01 -2.46551313E+00 -2.46551313E+00  0.00000000E+00
      21  1.39281341E-01  2.20784463E-02  6.87029062E-04  5.30195861E-01  1.94973184E-03  5.63757890E-01 -2.48553669E+00 -2.48553669E+00  0.00000000E+00
      31  1.41438248E-01  2.28808969E-02  7.64259469E-04  5.13398452E-01  2.09307120E-03  5.66520723E-01 -2.47501234E+00 -2.47501234E+00  0.00000000E+00
      41  1.39912058E-01  2.27380834E-02  8.12938482E-04  4.75882431E-01  2.30162777E-03  5.76611091E-01 -2.46855246E+00 -2.46855246E+00  0.00000000E+00
      51  1.38637528E-01  2.27199869E-02  8.32405675E-04  4.62476291E-01  2.54682073E-03  5.93149796E-01 -2.48575107E+00 -2.48575107E+00  0.00000000E+00
      61  1.40199356E-01  2.31468052E-02  8.81033429E-04  4.51863124E-01  2.54050624E-03  5.72787737E-01 -2.47929976E+00 -2.47929976E+00  0.00000000E+00
      71  1.39730153E-01  2.28074337E-02  8.40851499E-04  4.61178139E-01  2.38911586E-03  6.45242065E-01 -2.46904406E+00 -2.46904406E+00  0.00000000E+00
      81  1.40011099E-01  2.26217123E-02  8.00020832E-04  4.78890379E-01  2.19676379E-03  6.23489303E-01 -2.45931032E+00 -2.45931032E+00  0.00000000E+00
      91  1.39500992E-01  2.25373910E-02  8.06090863E-04  4.71000251E-01  2.23916192E-03  6.02110559E-01 -2.46312482E+00 -2.46312482E+00  0.00000000E+00
     101  1.42076825E-01  2.34770163E-02  8.82132802E-04  4.66509225E-01  2.39513712E-03  6.06100771E-01 -2.46701043E+00 -2.46701043E+00  0.00000000E+00
     111  1.42028531E-01  2.37269790E-02  9.19186048E-04  4.55751455E-01  2.58703041E-03  5.71317410E-01 -2.46722311E+00 -2.46722311E+00  0.00000000E+00
     121  1.40321336E-01  2.34368462E-02  9.17444515E-04  4.43250017E-01  2.72667942E-03  5.39223890E-01 -2.46427968E+00 -2.46427968E+00  0.00000000E+00
     131  1.39571822E-01  2.32100967E-02  8.96646737E-04  4.45187525E-01  2.71433282E-03  5.57730521E-01 -2.47099985E+00 -2.47099985E+00  0.00000000E+00
     141  1.40986110E-01  2.35841406E-02  9.10688111E-04  4.54231708E-01  2.69777977E-03  5.45320371E-01 -2.46558367E+00 -2.46558367E+00  0.00000000E+00
     151  1.43785462E-01  2.43744124E-02  9.61408200E-04  4.60590914E-01  2.69275536E-03  5.30118595E-01 -2.46560280E+00 -2.46560280E+00  0.00000000E+00
     161  1.42564973E-01  2.39834943E-02  9.33848039E-04  4.58834580E-01  2.66260453E-03  5.66567516E-01 -2.47078649E+00 -2.47078649E+00  0.00000000E+00
     171  1.43621060E-01  2.43039661E-02  9.57778329E-04  4.59507776E-01  2.67587445E-03  5.70156781E-01 -2.47455901E+00 -2.47455901E+00  0.00000000E+00
     181  1.43212250E-01  2.42362481E-02  9.57128156E-04  4.56852156E-01  2.71192855E-03  5.70463886E-01 -2.47291256E+00 -2.47291256E+00  0.00000000E+00
     191  1.41628130E-01  2.36777871E-02  9.13466346E-04  4.56888404E-01  2.63388579E-03  6.02989012E-01 -2.46792300E+00 -2.46792300E+00  0.00000000E+00
     201  1.42584947E-01  2.39783800E-02  9.32425913E-04  4.59428178E-01  2.65473771E-03  6.11766077E-01 -2.46749926E+00 -2.46749926E+00  0.00000000E+00
     211  1.41444095E-01  2.36769603E-02  9.14279168E-04  4.56367166E-01  2.67119587E-03  6.19205821E-01 -2.46735908E+00 -2.46735908E+00  0.00000000E+00
     221  1.43320271E-01  2.42243408E-02  9.47567789E-04  4.61748687E-01  2.68073837E-03  6.03979010E-01 -2.46721298E+00 -2.46721298E+00  0.00000000E+00
     231  1.43149624E-01  2.40549763E-02  9.27864706E-04  4.65492832E-01  2.59306068E-03  6.09486684E-01 -2.46443298E+00 -2.46443298E+00  0.00000000E+00
     241  1.43449930E-01  2.41670736E-02  9.39894633E-04  4.63574041E-01  2.61200354E-03  5.89745946E-01 -2.46416738E+00 -2.46416738E+00  0.00000000E+00
     251  1.41028218E-01  2.34454684E-02  8.94367786E-04  4.57653221E-01  2.58822027E-03  5.75130731E-01 -2.46517245E+00 -2.46517245E+00  0.00000000E+00
     261  1.41911248E-01  2.37107099E-02  9.08554211E-04  4.61308061E-01  2.59942562E-03  5.82274958E-01 -2.46503084E+00 -2.46503084E+00  0.00000000E+00
     271  1.41565756E-01  2.35977597E-02  9.02858886E-04  4.59548070E-01  2.58850140E-03  5.93559687E-01 -2.46365558E+00 -2.46365558E+00  0.00000000E+00
     281  1.41340941E-01  2.34704902E-02  8.88605074E-04  4.62296066E-01  2.54216763E-03  6.29041964E-01 -2.46503711E+00 -2.46503711E+00  0.00000000E+00
     291  1.40533399E-01  2.32431857E-02  8.76338093E-04  4.59296562E-01  2.54240107E-03  6.38968615E-01 -2.46627522E+00 -2.46627522E+00  0.00000000E+00
     301  1.40652747E-01  2.32289153E-02  8.70232814E-04  4.62403615E-01  2.50759354E-03  6.45992327E-01 -2.46646918E+00 -2.46646918E+00  0.00000000E+00
     311  1.40662179E-01  2.32813361E-02  8.79682971E-04  4.59010135E-01  2.54381155E-03  6.57851028E-01 -2.46533311E+00 -2.46533311E+00  0.00000000E+00
     321  1.40263769E-01  2.31621353E-02  8.71592259E-04  4.58454536E-01  2.53851554E-03  6.49048488E-01 -2.46547453E+00 -2.46547453E+00  0.00000000E+00
     331  1.40355922E-01  2.31942138E-02  8.75703280E-04  4.57404222E-01  2.54304120E-03  6.39311492E-01 -2.46694044E+00 -2.46694044E+00  0.00000000E+00
     341  1.41034062E-01  2.34264333E-02  8.99711002E-04  4.53526088E-01  2.57316790E-03  6.35402060E-01 -2.46832648E+00 -2.46832648E+00  0.00000000E+00
     351  1.41327844E-01  2.34821541E-02  9.01939545E-04  4.54769291E-01  2.55334993E-03  6.27977828E-01 -2.46779126E+00 -2.46779126E+00  0.00000000E+00
     361  1.40563175E-01  2.32791421E-02  8.92868372E-04  4.50797836E-01  2.56247693E-03  6.29927689E-01 -2.46707204E+00 -2.46707204E+00  0.00000000E+00
     371  1.39654838E-01  2.30251538E-02  8.76289381E-04  4.49038548E-01  2.56287280E-03  6.32137583E-01 -2.46432208E+00 -2.46432208E+00  0.00000000E+00
     381  1.40308568E-01  2.31760155E-02  8.81591881E-04  4.52897396E-01  2.53946949E-03  6.32834629E-01 -2.46436195E+00 -2.46436195E+00  0.00000000E+00
     391  1.40045350E-01  2.30472377E-02  8.68781996E-04  4.54805084E-01  2.49945574E-03  6.33796850E-01 -2.46365563E+00 -2.46365563E+00  0.00000000E+00
     401  1.40215196E-01  2.30728037E-02  8.66312766E-04  4.57558737E-01  2.48341977E-03  6.33569129E-01 -2.46120066E+00 -2.46120066E+00  0.00000000E+00
     411  1.40390200E-01  2.30937943E-02  8.67056874E-04  4.58079293E-01  2.46295819E-03  6.25819835E-01 -2.46131790E+00 -2.46131790E+00  0.00000000E+00
     421  1.40337561E-01  2.30520782E-02  8.63250884E-04  4.58503558E-01  2.44335386E-03  6.24801897E-01 -2.46137831E+00 -2.46137831E+00  0.00000000E+00
     431  1.40112913E-01  2.29783025E-02  8.55691477E-04  4.59793174E-01  2.43551367E-03  6.24816764E-01 -2.46238750E+00 -2.46238750E+00  0.00000000E+00
     441  1.39716864E-01  2.28497060E-02  8.47008913E-04  4.59238837E-01  2.42258168E-03  6.21357861E-01 -2.46305212E+00 -2.46305212E+00  0.00000000E+00
     451  1.40164812E-01  2.29604162E-02  8.49416940E-04  4.62918553E-01  2.41191140E-03  6.13013692E-01 -2.46507915E+00 -2.46507915E+00  0.00000000E+00
     461  1.40212195E-01  2.29502319E-02  8.46452040E-04  4.64318135E-01  2.39483175E-03  6.06634250E-01 -2.46450609E+00 -2.46450609E+00  0.00000000E+00
     471  1.40265507E-01  2.29562314E-02  8.46066055E-04  4.64842239E-01  2.38831596E-03  6.07209149E-01 -2.46569520E+00 -2.46569520E+00  0.00000000E+00
     481  1.40674563E-01  2.30700238E-02  8.56825752E-04  4.63369725E-01  2.38749532E-03  6.11683904E-01 -2.46650539E+00 -2.46650539E+00  0.00000000E+00
     491  1.40393449E-01  2.30278248E-02  8.57621300E-04  4.60901070E-01  2.41428562E-03  6.07335403E-01 -2.46602523E+00 -2.46602523E+00  0.00000000E+00
     501  1.39987484E-01  2.28982164E-02  8.48380409E-04  4.60655732E-01  2.40279925E-03  6.11812543E-01 -2.46711104E+00 -2.46711104E+00  0.00000000E+00
     511  1.40433914E-01  2.30661355E-02  8.63713525E-04  4.58873518E-01  2.43389607E-03  6.18837569E-01 -2.46781198E+00 -2.46781198E+00  0.00000000E+00
     521  1.40926852E-01  2.32711403E-02  8.85888338E-04  4.54716443E-01  2.48215367E-03  6.19022974E-01 -2.46720374E+00 -2.46720374E+00  0.00000000E+00
     531  1.41198064E-01  2.33437685E-02  8.89609159E-04  4.55828172E-01  2.47932466E-03  6.16296979E-01 -2.46703232E+00 -2.46703232E+00  0.00000000E+00
     541  1.41647914E-01  2.34742484E-02  8.97934722E-04  4.56824569E-01  2.48168377E-03  6.19166489E-01 -2.46610329E+00 -2.46610329E+00  0.00000000E+00
     551  1.41824493E-01  2.35357118E-02  9.03995074E-04  4.56010980E-01  2.48998588E-03  6.22070156E-01 -2.46463114E+00 -2.46463114E+00  0.00000000E+00
     561  1.41921521E-01  2.35515367E-02  9.00989467E-04  4.58548004E-01  2.48146668E-03  6.17905811E-01 -2.46503303E+00 -2.46503303E+00  0.00000000E+00
     571  1.41976001E-01  2.35787625E-02  9.04110593E-04  4.57926363E-01  2.49002418E-03  6.18329576E-01 -2.46634523E+00 -2.46634523E+00  0.00000000E+00
     581  1.41757734E-01  2.34944436E-02  8.96682483E-04  4.58514161E-01  2.47373069E-03  6.19124747E-01 -2.46769624E+00 -2.46769624E+00  0.00000000E+00
     591  1.41350041E-01  2.33892500E-02  8.93713808E-04  4.55441401E-01  2.48117352E-03  6.18029963E-01 -2.46732185E+00 -2.46732185E+00  0.00000000E+00
     601  1.40738925E-01  2.32450251E-02  8.89278796E-04  4.51398939E-01  2.50166978E-03  6.12073957E-01 -2.46620422E+00 -2.46620422E+00  0.00000000E+00
     611  1.40924976E-01  2.33099295E-02  8.97263431E-04  4.49551375E-01  2.51076708E-03  6.17225889E-01 -2.46566945E+00 -2.46566945E+00  0.00000000E+00
     621  1.41380100E-01  2.34798186E-02  9.11027780E-04  4.49165806E-01  2.54089923E-03  6.21865220E-01 -2.46629684E+00 -2.46629684E+00  0.00000000E+00
     631  1.41120715E-01  2.34130759E-02  9.08231508E-04  4.47721209E-01  2.54565421E-03  6.21719527E-01 -2.46516933E+00 -2.46516933E+00  0.00000000E+00
     641  1.41157440E-01  2.34063541E-02  9.06388535E-04  4.48525282E-01  2.53321821E-03  6.19608146E-01 -2.46588990E+00 -2.46588990E+00  0.00000000E+00
     651  1.41120759E-01  2.33917044E-02  9.03193468E-04  4.49780728E-01  2.53009233E-03  6.18410689E-01 -2.46657413E+00 -2.46657413E+00  0.00000000E+00
     661  1.40866761E-01  2.33076433E-02  8.96571696E-04  4.49867827E-01  2.52104156E-03  6.25337798E-01 -2.46521831E+00 -2.46521831E+00  0.00000000E+00
     671  1.40579740E-01  2.31987854E-02  8.87470496E-04  4.50329825E-01  2.50060883E-03  6.22987330E-01 -2.46382783E+00 -2.46382783E+00  0.00000000E+00
     681  1.40339891E-01  2.31236032E-02  8.82964539E-04  4.49558726E-01  2.49492956E-03  6.27048144E-01 -2.46352155E+00 -2.46352155E+00  0.00000000E+00
     691  1.40124808E-01  2.30589637E-02  8.77824035E-04  4.49690966E-01  2.49178846E-03  6.27086036E-01 -2.46345636E+00 -2.46345636E+00  0.00000000E+00
     701  1.40138190E-01  2.30845648E-02  8.82999159E-04  4.47673792E-01  2.50769003E-03  6.27371686E-01 -2.46303724E+00 -2.46303724E+00  0.00000000E+00
     711  1.40543610E-01  2.31984910E-02  8.89495066E-04  4.49061887E-01  2.50778620E-03  6.27414741E-01 -2.46248140E+00 -2.46248140E+00  0.00000000E+00
     721  1.40677845E-01  2.32483295E-02  8.94406748E-04  4.48392315E-01  2.51658357E-03  6.20638089E-01 -2.46245900E+00 -2.46245900E+00  0.00000000E+00
     731  1.41009844E-01  2.33321785E-02  8.96767050E-04  4.50904597E-01  2.50954566E-03  6.18562292E-01 -2.46241642E+00 -2.46241642E+00  0.00000000E+00
     741  1.41056107E-01  2.33427627E-02  8.97412196E-04  4.51007763E-01  2.50775181E-03  6.22795207E-01 -2.46246235E+00 -2.46246235E+00  0.00000000E+00
     751  1.40872671E-01  2.33115455E-02  8.98394095E-04  4.48934150E-01  2.52266955E-03  6.21107398E-01 -2.46250398E+00 -2.46250398E+00  0.00000000E+00
     761  1.41224641E-01  2.34247321E-02  9.06516613E-04  4.49312464E-01  2.53278286E-03  6.16198315E-01 -2.46349633E+00 -2.46349633E+00  0.00000000E+00
     771  1.41306429E-01  2.34412033E-02  9.06429679E-04  4.50138823E-01  2.52795316E-03  6.18813735E-01 -2.46487656E+00 -2.46487656E+00  0.00000000E+00
     781  1.41855958E-01  2.36061619E-02  9.16904537E-04  4.51530975E-01  2.53475939E-03  6.20496582E-01 -2.46507892E+00 -2.46507892E+00  0.00000000E+00
     791  1.41448993E-01  2.35115615E-02  9.11902313E-04  4.50124823E-01  2.54981999E-03  6.16744515E-01 -2.46442506E+00 -2.46442506E+00  0.00000000E+00
