   #Iter           <M>_x           <M>_y           <M>_z             <M>        M_{stdv}
       0  5.19976683E-01 -2.11779378E-02 -4.21150442E-01  1.54817099E+00  2.75690295E-02
      50  5.28561467E-01 -3.79712066E-02 -4.02619033E-01  1.57411846E+00  4.20151266E-02
     100  5.03558686E-01 -7.94557446E-02 -4.24590256E-01  1.56128216E+00  1.91836451E-02
     150  5.13911830E-01 -1.33161892E-01 -4.41813487E-01  1.58707061E+00  1.98499054E-02
     200  5.26196838E-01 -1.00844475E-01 -4.87629715E-01  1.57668807E+00  2.45192774E-02
     250  5.21644885E-01 -6.92683731E-02 -5.57904371E-01  1.58398504E+00  3.23577427E-02
     300  4.35704386E-01 -7.11623056E-02 -5.62028905E-01  1.56140964E+00  5.26482053E-02
     350  4.86167582E-01 -9.12252407E-02 -5.28472705E-01  1.58069325E+00  3.17278786E-02
     400  4.69926573E-01 -1.06065460E-01 -4.80977613E-01  1.58964630E+00  3.02778978E-02
     450  4.93621758E-01 -1.44185068E-01 -5.37049608E-01  1.54789548E+00  2.30233586E-02
     500  5.04213356E-01 -6.08525016E-02 -5.14200793E-01  1.55809410E+00  3.74811254E-02
     550  4.88295892E-01 -1.34181353E-01 -4.88979914E-01  1.57627271E+00  2.41081868E-02
     600  4.33250530E-01 -1.34085999E-01 -4.04221546E-01  1.55400558E+00  2.59306059E-02
     650  4.34507923E-01 -7.03155911E-02 -4.16725221E-01  1.56586174E+00  1.89856455E-02
     700  4.37443551E-01 -1.27579452E-01 -3.69394286E-01  1.58835828E+00  1.10693257E-02
     750  4.87651736E-01 -1.58824538E-01 -3.82908272E-01  1.55943519E+00  6.20892408E-03
     800  5.06272276E-01 -1.55731394E-01 -4.52233498E-01  1.55980821E+00  2.38468022E-02
     850  5.02799380E-01 -1.96593147E-01 -4.38478239E-01  1.57708761E+00  1.58494134E-02
     900  4.73391889E-01 -1.84787241E-01 -4.75745474E-01  1.57628519E+00  1.91081131E-02
     950  5.01628632E-01 -2.86738181E-01 -5.12306677E-01  1.57501819E+00  4.24376353E-02
    1000  5.22786880E-01 -2.20654926E-01 -5.45879588E-01  1.55262685E+00  2.39513506E-02
    1050  5.22801528E-01 -2.10713476E-01 -5.83082366E-01  1.58387538E+00  3.50979748E-02
    1100  4.82038810E-01 -1.81484891E-01 -6.22158364E-01  1.57925080E+00  1.81015155E-02
    1150  5.10209096E-01 -2.03106369E-01 -6.11915048E-01  1.56690488E+00  1.96345141E-02
    1200  5.66179087E-01 -2.02472080E-01 -6.58868886E-01  1.57872807E+00  1.27429206E-02
    1250  5.54523875E-01 -2.30987734E-01 -7.00499106E-01  1.56474133E+00  2.26668161E-02
    1300  5.52272693E-01 -2.16820606E-01 -7.00177843E-01  1.56919381E+00  2.17291283E-02
    1350  5.05009072E-01 -2.74554957E-01 -7.76037618E-01  1.59462980E+00  3.78145588E-02
    1400  4.99483575E-01 -2.20118416E-01 -8.24094637E-01  1.59740970E+00  4.24610861E-02
    1450  5.11281757E-01 -1.53931378E-01 -7.75645250E-01  1.57477162E+00  2.45795417E-02
    1500  5.62182319E-01 -1.75778855E-01 -7.75156827E-01  1.58417759E+00  7.80140241E-03
    1550  4.94486792E-01 -1.71599165E-01 -7.46700457E-01  1.55009745E+00  1.88433657E-02
    1600  4.95358670E-01 -1.35594079E-01 -7.39716187E-01  1.56168543E+00  1.25029267E-02
    1650  5.32213753E-01 -1.27973783E-01 -7.71197982E-01  1.58970121E+00  3.70014122E-02
    1700  5.15668265E-01 -1.86157864E-01 -7.75280738E-01  1.59881002E+00  1.66357003E-02
    1750  4.79595832E-01 -1.88510588E-01 -7.70162442E-01  1.57717637E+00  3.75723708E-02
    1800  4.74986877E-01 -1.70366023E-01 -6.46253942E-01  1.56823472E+00  2.85049530E-02
    1850  4.54443784E-01 -1.79242966E-01 -6.11496886E-01  1.57452199E+00  3.08744718E-02
    1900  4.49723200E-01 -1.68672581E-01 -5.96060696E-01  1.57205968E+00  8.94995900E-03
    1950  4.23144858E-01 -1.77498131E-01 -5.40111181E-01  1.56524074E+00  2.78634253E-02
    2000  3.88365808E-01 -2.29549982E-01 -6.29696446E-01  1.57488612E+00  3.54740561E-02
    2050  3.97443133E-01 -2.53147550E-01 -6.12412131E-01  1.56241876E+00  3.38835934E-02
    2100  3.88473031E-01 -2.44162181E-01 -6.37881126E-01  1.57489159E+00  3.04914984E-02
    2150  3.88847893E-01 -2.36480359E-01 -6.35320338E-01  1.55046625E+00  3.33700364E-02
    2200  4.60376346E-01 -2.26051141E-01 -6.06270943E-01  1.56603376E+00  3.50031225E-02
    2250  4.75615691E-01 -2.86594701E-01 -5.94482282E-01  1.57664333E+00  2.94611170E-02
    2300  5.35151518E-01 -2.65254636E-01 -5.92761996E-01  1.56772130E+00  2.04559248E-02
    2350  5.76635664E-01 -2.65371709E-01 -6.20098292E-01  1.58709271E+00  1.89868452E-02
    2400  5.72126021E-01 -2.69962618E-01 -5.72014368E-01  1.56825644E+00  3.40216237E-02
    2450  5.81829154E-01 -2.21504849E-01 -5.71885885E-01  1.55930397E+00  2.83402665E-02
    2500  6.19057852E-01 -1.83334384E-01 -5.23922452E-01  1.57670601E+00  2.28674855E-02
    2550  5.92536974E-01 -1.52981083E-01 -5.19613908E-01  1.59642328E+00  1.76392808E-02
    2600  5.73947722E-01 -1.39549845E-01 -4.92596943E-01  1.55733851E+00  3.35258460E-02
    2650  5.75570346E-01 -1.74683017E-01 -5.06045363E-01  1.57784789E+00  2.14731650E-02
    2700  5.31175391E-01 -1.71726855E-01 -4.87355305E-01  1.56761503E+00  1.53397421E-02
    2750  5.43211073E-01 -1.59937173E-01 -5.70106633E-01  1.55596934E+00  2.60278702E-02
    2800  5.53241472E-01 -1.81245903E-01 -5.92937104E-01  1.58273808E+00  3.54354458E-02
    2850  5.56775274E-01 -1.86782399E-01 -5.40761343E-01  1.60125032E+00  2.42879491E-02
    2900  5.73256722E-01 -1.61457560E-01 -5.78749362E-01  1.58167573E+00  4.13963447E-02
    2950  5.93553420E-01 -1.45165405E-01 -5.85782378E-01  1.57910286E+00  4.28036402E-02
    3000  5.84293408E-01 -1.92486199E-01 -6.20459366E-01  1.59737445E+00  3.37454865E-02
    3050  5.88401918E-01 -1.50885226E-01 -6.45914836E-01  1.58339462E+00  2.58703133E-02
    3100  5.69787369E-01 -1.80822952E-01 -6.08187064E-01  1.58398270E+00  2.67581994E-02
    3150  5.96794730E-01 -1.90989488E-01 -6.12114773E-01  1.59738573E+00  2.42718482E-02
    3200  5.45903353E-01 -1.84606815E-01 -5.80323960E-01  1.58484507E+00  2.42717835E-02
    3250  5.30947962E-01 -1.57953846E-01 -5.71787434E-01  1.57014370E+00  1.20579213E-02
    3300  5.19522428E-01 -1.35687903E-01 -5.55586982E-01  1.56838066E+00  2.00958514E-02
    3350  5.32838662E-01 -2.01950823E-01 -6.19012186E-01  1.56304747E+00  2.11458602E-02
    3400  4.94618204E-01 -1.51144944E-01 -6.32456543E-01  1.56979142E+00  5.64797315E-02
    3450  4.32317597E-01 -9.68592809E-02 -6.18336143E-01  1.55286403E+00  2.09339373E-02
    3500  4.64745030E-01 -7.40443219E-02 -6.31920964E-01  1.57648843E+00  2.61318632E-02
    3550  4.68291076E-01 -9.90728316E-02 -6.07967444E-01  1.56373345E+00  3.27639587E-02
    3600  4.58270810E-01 -2.07097481E-01 -5.72599350E-01  1.56375089E+00  2.53586839E-02
    3650  4.51443557E-01 -1.83652521E-01 -6.02155825E-01  1.58766661E+00  1.74612028E-02
    3700  4.96596363E-01 -1.59181580E-01 -6.25510097E-01  1.59475751E+00  1.52341103E-02
    3750  4.78705570E-01 -1.79678162E-01 -5.99742249E-01  1.57218970E+00  1.92897486E-02
    3800  4.68779986E-01 -2.05377045E-01 -5.99869798E-01  1.54745022E+00  2.58813517E-02
    3850  4.65473717E-01 -1.85572618E-01 -5.98792905E-01  1.58663651E+00  1.21938652E-02
    3900  4.30788844E-01 -2.00823682E-01 -5.73560006E-01  1.59178788E+00  4.82449885E-02
    3950  4.40919640E-01 -1.91671331E-01 -5.86288249E-01  1.58543849E+00  3.30903321E-02
    4000  4.08361638E-01 -2.10539041E-01 -5.28887681E-01  1.55561492E+00  2.49492698E-02
    4050  4.39025301E-01 -2.54543211E-01 -5.44909778E-01  1.55935325E+00  1.36626903E-02
    4100  4.50785115E-01 -2.71647426E-01 -5.68056410E-01  1.58931754E+00  2.94768303E-02
    4150  4.72772047E-01 -2.20055245E-01 -5.64918006E-01  1.58137431E+00  3.41507929E-02
    4200  4.49582964E-01 -2.33340633E-01 -5.65161981E-01  1.55412025E+00  3.35406601E-02
    4250  4.44259316E-01 -3.49269401E-01 -4.93091820E-01  1.56810266E+00  2.98582500E-02
    4300  4.01623275E-01 -3.41169095E-01 -4.19722603E-01  1.56265448E+00  1.07261717E-02
    4350  3.96938675E-01 -3.25550072E-01 -4.45728931E-01  1.58175972E+00  1.12324358E-02
    4400  3.96624437E-01 -2.88846925E-01 -4.14994607E-01  1.55530525E+00  3.05849940E-02
    4450  3.92103957E-01 -2.56903080E-01 -3.60396794E-01  1.56064479E+00  3.02184691E-02
    4500  3.72892576E-01 -2.39494992E-01 -3.51584707E-01  1.57154300E+00  1.20833350E-02
    4550  3.86979333E-01 -2.20135721E-01 -3.81615260E-01  1.56915524E+00  2.36427214E-02
    4600  4.23817092E-01 -1.89430359E-01 -4.26861078E-01  1.59425818E+00  3.75026759E-02
    4650  4.23286691E-01 -1.97177734E-01 -4.74449568E-01  1.54827465E+00  3.65085181E-02
    4700  4.45879678E-01 -3.21496295E-01 -4.82442324E-01  1.54722976E+00  5.63655519E-02
    4750  4.85096137E-01 -2.90688761E-01 -5.20758129E-01  1.58451086E+00  2.82762782E-02
    4800  4.43920582E-01 -2.96523113E-01 -5.32083002E-01  1.56544561E+00  2.97576626E-02
    4850  4.59186284E-01 -3.58759054E-01 -5.08372050E-01  1.56014457E+00  2.15812315E-02
    4900  4.69810608E-01 -4.11076025E-01 -5.15750765E-01  1.59828667E+00  2.08371314E-02
    4950  4.85000626E-01 -3.65031253E-01 -4.89121007E-01  1.58205078E+00  2.73788304E-02
    5000  4.43374254E-01 -3.26921666E-01 -4.86404577E-01  1.57555536E+00  2.03132966E-02
    5050  4.49438968E-01 -2.53973420E-01 -5.40194027E-01  1.57880905E+00  2.75009017E-02
    5100  4.17212688E-01 -2.73784560E-01 -5.46138612E-01  1.57525468E+00  2.88111971E-02
    5150  4.03529674E-01 -2.42909595E-01 -5.33993773E-01  1.56007222E+00  2.13206630E-02
    5200  4.31125285E-01 -2.12392540E-01 -4.89442845E-01  1.57635606E+00  2.24572583E-02
    5250  4.85109923E-01 -2.58427756E-01 -4.98602846E-01  1.59995977E+00  1.17970480E-02
    5300  4.68140903E-01 -2.74759635E-01 -4.64097462E-01  1.59355327E+00  2.51245931E-02
    5350  4.04914657E-01 -2.55206675E-01 -4.43553146E-01  1.58656500E+00  1.88616288E-02
    5400  3.32616857E-01 -2.17575191E-01 -4.16605474E-01  1.56122276E+00  3.08627079E-02
    5450  2.90929417E-01 -1.64410834E-01 -3.60198884E-01  1.58000143E+00  2.52026801E-02
    5500  2.60241355E-01 -1.67832271E-01 -3.25759922E-01  1.58816273E+00  3.49221478E-02
    5550  2.42611323E-01 -1.41706044E-01 -3.26832355E-01  1.55447969E+00  4.79772451E-02
    5600  2.43349021E-01 -1.46646176E-01 -3.61745933E-01  1.56529996E+00  4.39126014E-02
    5650  1.81111237E-01 -5.65036903E-02 -4.15054701E-01  1.57707935E+00  5.37745852E-02
    5700  1.75851850E-01 -6.28663101E-02 -3.89638686E-01  1.56818834E+00  3.34532648E-02
    5750  1.59794268E-01 -4.45130789E-02 -3.57342146E-01  1.57357702E+00  3.02604113E-02
    5800  1.74150882E-01 -1.29371488E-01 -3.22821321E-01  1.57072163E+00  1.31865328E-02
    5850  1.35191928E-01 -7.98427391E-02 -3.51317447E-01  1.55941681E+00  2.47891154E-02
    5900  1.53017681E-01 -9.30090704E-02 -3.20791815E-01  1.59291801E+00  2.29983053E-02
    5950  1.36716558E-01 -7.27125102E-02 -4.11352686E-01  1.56720837E+00  2.43891528E-02
    6000  9.94680008E-02 -1.26773992E-01 -4.12301346E-01  1.59132442E+00  1.47679354E-02
    6050  9.28500760E-02 -1.04602781E-01 -4.29503376E-01  1.60587692E+00  1.99207883E-02
    6100  5.65684100E-02 -1.11600187E-01 -3.98269359E-01  1.56606309E+00  1.33403005E-02
    6150  9.42641794E-02 -1.06273602E-01 -3.97325829E-01  1.58125578E+00  1.55548970E-02
    6200  9.61352966E-02  1.19312076E-02 -4.78883698E-01  1.59212549E+00  2.55973103E-02
    6250  9.29458609E-02  1.03182012E-02 -4.97750317E-01  1.58847603E+00  3.11214150E-02
    6300  1.09219761E-01 -5.67409924E-02 -4.97116802E-01  1.59250783E+00  2.96394778E-02
    6350  1.16182925E-01 -4.45222422E-02 -4.85716241E-01  1.57987016E+00  3.17027607E-02
    6400  1.07111244E-01 -1.20476732E-02 -5.06751410E-01  1.60945174E+00  1.77919897E-02
    6450  6.64793630E-02  9.53639350E-03 -5.01171073E-01  1.57949482E+00  1.55610330E-02
    6500  7.26716979E-02 -9.09573786E-03 -4.68407145E-01  1.58893426E+00  1.63147881E-02
    6550  4.64249976E-02 -1.15826833E-02 -4.50206458E-01  1.58511383E+00  4.29101265E-02
    6600  1.24400848E-02  1.28117387E-02 -4.71761985E-01  1.59393088E+00  3.48858382E-02
    6650 -2.02411417E-02  6.21192752E-02 -4.50592429E-01  1.58738307E+00  1.57422601E-02
    6700 -3.58761206E-02  1.13104215E-01 -4.29156278E-01  1.55767195E+00  1.86427492E-02
    6750 -5.35833180E-02  8.75116727E-02 -4.64709362E-01  1.57479087E+00  5.62724287E-02
    6800 -3.58281380E-02  1.17253232E-01 -4.73211968E-01  1.55653718E+00  3.17646606E-02
    6850  1.05794344E-03  1.61547342E-01 -4.34072406E-01  1.54072976E+00  4.62555483E-02
    6900 -6.39914594E-03  1.78671543E-01 -4.61305200E-01  1.57023970E+00  1.73512729E-02
    6950 -2.93106100E-02  1.75439142E-01 -4.69212434E-01  1.57329129E+00  1.67754353E-02
    7000  2.26709575E-03  1.99551121E-01 -4.86329667E-01  1.59580345E+00  1.79153805E-02
    7050 -2.30537594E-02  2.32088023E-01 -4.79313948E-01  1.58435815E+00  3.56846591E-02
    7100 -3.95667578E-02  1.90304444E-01 -4.82353989E-01  1.56058173E+00  2.74327101E-02
    7150 -6.10016247E-02  2.37180005E-01 -4.94606657E-01  1.58031873E+00  3.83951234E-02
    7200 -4.41746453E-02  2.74353889E-01 -4.58886510E-01  1.56771264E+00  5.01025058E-02
    7250 -4.97760604E-02  2.14799387E-01 -4.81006328E-01  1.56908600E+00  2.36703808E-02
    7300 -8.17266713E-03  2.31618751E-01 -5.10643318E-01  1.54580752E+00  1.75294459E-02
    7350 -8.68825607E-03  2.36198145E-01 -5.31648162E-01  1.59320570E+00  2.95327744E-02
    7400 -4.86436038E-02  3.01757647E-01 -5.59356843E-01  1.58766983E+00  2.79926150E-02
    7450 -9.67961143E-02  3.94037833E-01 -5.31825952E-01  1.58892432E+00  1.38398850E-02
    7500 -6.40192149E-02  3.79091877E-01 -5.40671308E-01  1.60221838E+00  1.47760171E-02
    7550 -1.01709575E-01  3.46918535E-01 -5.42624181E-01  1.59073502E+00  1.84756340E-02
    7600 -1.16527914E-01  3.22303235E-01 -4.95298257E-01  1.57948752E+00  2.64212597E-02
    7650 -1.11961710E-01  3.41266616E-01 -4.97964659E-01  1.58607560E+00  1.13200339E-02
    7700 -1.63111137E-01  3.52291306E-01 -4.67090084E-01  1.60845214E+00  2.99216167E-02
    7750 -1.86054114E-01  3.34053295E-01 -4.79103351E-01  1.58694474E+00  2.76563164E-02
    7800 -1.54463468E-01  3.31430647E-01 -4.63445882E-01  1.59206928E+00  3.02722259E-02
    7850 -1.29625327E-01  2.90940462E-01 -4.47923170E-01  1.56677979E+00  3.54312941E-02
    7900 -9.11067349E-02  2.85738395E-01 -4.97227788E-01  1.54316040E+00  2.50330850E-02
    7950 -8.86523228E-02  2.80537934E-01 -4.69578693E-01  1.56830600E+00  2.10423912E-02
    8000 -7.69566059E-02  2.95951170E-01 -5.25166613E-01  1.60729338E+00  2.37414112E-02
    8050  6.43661485E-04  2.89693437E-01 -5.49211686E-01  1.57407019E+00  3.18119813E-02
    8100  5.69686161E-03  2.89520152E-01 -5.74761506E-01  1.59545212E+00  1.80035861E-02
    8150 -2.88226287E-02  3.01205332E-01 -5.59792476E-01  1.58129695E+00  2.34781157E-02
    8200  4.82252620E-03  3.32991662E-01 -5.98480131E-01  1.57756814E+00  3.02449336E-02
    8250 -5.49058696E-02  4.12881949E-01 -5.97244959E-01  1.56956149E+00  3.42830850E-02
    8300 -4.30484037E-02  4.00564500E-01 -5.68974333E-01  1.58002134E+00  3.05130135E-02
    8350 -7.18139930E-02  4.40482632E-01 -5.25569387E-01  1.55553653E+00  3.04546952E-02
    8400 -8.75460065E-02  4.44709796E-01 -4.82841091E-01  1.59943459E+00  1.74945919E-02
    8450 -1.30837723E-01  3.94371258E-01 -4.78290015E-01  1.58480988E+00  1.45329681E-02
    8500 -1.87049784E-01  4.47799497E-01 -4.69943784E-01  1.58809827E+00  3.71137572E-02
    8550 -1.99389318E-01  4.30279450E-01 -4.67412588E-01  1.56225578E+00  4.47183905E-02
    8600 -2.38157092E-01  4.35173515E-01 -4.46533628E-01  1.56271813E+00  4.52158817E-02
    8650 -2.04657289E-01  3.45422701E-01 -4.17922660E-01  1.54431840E+00  2.38390537E-02
    8700 -1.96687406E-01  3.33235304E-01 -4.20831264E-01  1.55362288E+00  1.87934831E-02
    8750 -1.68853071E-01  3.48388875E-01 -4.77660249E-01  1.55716533E+00  2.20758254E-02
    8800 -2.01345002E-01  2.95063877E-01 -4.23929463E-01  1.57441969E+00  2.00655562E-02
    8850 -1.78804559E-01  2.84457202E-01 -4.28805296E-01  1.56059520E+00  2.81937390E-02
    8900 -1.49075635E-01  3.12026898E-01 -4.85611061E-01  1.55428779E+00  3.40445071E-02
    8950 -2.03314416E-01  4.21316586E-01 -5.40976577E-01  1.58576131E+00  1.49363868E-02
    9000 -2.19722369E-01  4.25607562E-01 -6.14370791E-01  1.56900798E+00  3.94099736E-02
    9050 -1.56113019E-01  4.33137409E-01 -6.06272612E-01  1.56742662E+00  2.69044557E-02
    9100 -1.36553005E-01  4.20662658E-01 -6.57112603E-01  1.55579374E+00  3.13301638E-02
    9150 -2.17680507E-01  4.60459025E-01 -6.56290768E-01  1.54075790E+00  3.88316076E-02
    9200 -2.58014746E-01  5.01519979E-01 -6.34242328E-01  1.53473968E+00  5.55843506E-02
    9250 -3.10830412E-01  5.61870553E-01 -6.39623784E-01  1.57714958E+00  3.41667225E-02
    9300 -3.09973299E-01  4.57485515E-01 -5.69593443E-01  1.53208837E+00  4.14902314E-02
    9350 -3.11950579E-01  5.31333504E-01 -5.69174484E-01  1.56590906E+00  1.60991237E-02
    9400 -2.82199162E-01  4.64881062E-01 -5.70956445E-01  1.57691516E+00  3.84318733E-02
    9450 -2.43361836E-01  4.41444144E-01 -5.61474394E-01  1.57550980E+00  4.28675463E-02
    9500 -2.13020033E-01  3.73753484E-01 -5.45265713E-01  1.56602133E+00  3.34985240E-02
    9550 -2.36216209E-01  3.55749103E-01 -4.75130498E-01  1.55143231E+00  2.31487017E-02
    9600 -2.53141537E-01  3.80167272E-01 -4.00518117E-01  1.54632641E+00  4.95540614E-02
    9650 -3.06083558E-01  4.23805510E-01 -4.14372190E-01  1.56163972E+00  2.93703572E-02
    9700 -2.66702125E-01  4.28741347E-01 -4.07077297E-01  1.57605751E+00  2.76018616E-02
    9750 -2.59175960E-01  4.09706408E-01 -4.32860905E-01  1.56440842E+00  2.29115016E-02
    9800 -2.80164016E-01  4.69600051E-01 -5.11237475E-01  1.59192481E+00  2.20503721E-02
    9850 -2.44930214E-01  4.72641359E-01 -5.06326769E-01  1.56435421E+00  1.27313536E-02
    9900 -2.35097553E-01  4.99964338E-01 -4.78498202E-01  1.56076274E+00  5.06790236E-02
    9950 -2.44249200E-01  5.16039306E-01 -5.48396011E-01  1.58660729E+00  2.86783751E-02
   10000 -2.30391460E-01  5.38578132E-01 -5.84755560E-01  1.58765705E+00  1.37237660E-02
   10050 -1.95384089E-01  5.89175451E-01 -5.93671667E-01  1.60228959E+00  1.56474370E-02
   10100 -2.28380646E-01  6.25408965E-01 -6.10061323E-01  1.60834938E+00  1.53728106E-02
   10150 -2.10847404E-01  6.34198538E-01 -5.81060196E-01  1.59165948E+00  2.10033559E-02
   10200 -2.18443741E-01  7.04299386E-01 -6.72274539E-01  1.60910215E+00  3.02813697E-02
   10250 -1.80864580E-01  6.67008058E-01 -6.92789811E-01  1.56648818E+00  3.10709146E-02
   10300 -1.84347113E-01  7.14498805E-01 -7.41388319E-01  1.59129426E+00  2.19472279E-02
   10350 -2.05631357E-01  6.98722896E-01 -6.99053748E-01  1.54942369E+00  2.83527547E-02
   10400 -2.23793132E-01  7.34957630E-01 -7.28654878E-01  1.57622779E+00  3.73120941E-02
   10450 -2.65464163E-01  7.75255558E-01 -7.02174375E-01  1.57821990E+00  4.79633095E-02
   10500 -2.43335923E-01  7.76266872E-01 -7.27460985E-01  1.59533702E+00  1.59678323E-02
   10550 -2.28199736E-01  7.35178719E-01 -6.77988325E-01  1.58137295E+00  1.27396186E-02
   10600 -2.15361740E-01  7.48608638E-01 -6.50534039E-01  1.57022670E+00  1.29764108E-02
   10650 -2.52659835E-01  7.04640150E-01 -6.14672650E-01  1.55484803E+00  1.78521560E-02
   10700 -2.57186523E-01  7.37400921E-01 -5.83767741E-01  1.56545295E+00  1.99311292E-02
   10750 -2.47862127E-01  6.91673602E-01 -5.38563380E-01  1.55076107E+00  1.88410529E-02
   10800 -2.32781560E-01  7.37830257E-01 -5.12392538E-01  1.57910809E+00  1.85585535E-02
   10850 -1.73997218E-01  7.66713427E-01 -4.88475573E-01  1.58928432E+00  2.36728404E-02
   10900 -1.60168561E-01  7.50600815E-01 -5.12710371E-01  1.57157196E+00  2.24692558E-02
   10950 -1.54075598E-01  7.35391072E-01 -5.66080670E-01  1.58202841E+00  1.89299547E-02
   11000 -1.61043408E-01  7.04785389E-01 -5.26203957E-01  1.57335136E+00  1.65581325E-02
   11050 -1.45988060E-01  6.52563984E-01 -4.53556654E-01  1.56108727E+00  2.12664563E-02
   11100 -1.31270153E-01  6.85757013E-01 -4.33622891E-01  1.57262976E+00  2.02289376E-02
   11150 -9.01309094E-02  6.99386321E-01 -4.67051149E-01  1.57615507E+00  1.32083665E-02
   11200 -9.80513662E-02  6.80313521E-01 -4.27837564E-01  1.57136545E+00  3.61840200E-02
   11250 -7.66758081E-02  6.87115022E-01 -4.24476103E-01  1.57785309E+00  2.05775745E-02
   11300 -8.54363759E-02  6.51355245E-01 -4.41877168E-01  1.56054274E+00  4.12514054E-02
   11350 -4.19349317E-02  6.29517215E-01 -4.05558790E-01  1.59298624E+00  3.34823297E-02
   11400 -1.03311753E-02  6.45237996E-01 -4.24952993E-01  1.56371352E+00  4.02475847E-02
   11450  5.60847135E-04  6.64086609E-01 -3.91854262E-01  1.57621481E+00  3.33896770E-02
   11500  5.47811689E-03  6.41145440E-01 -3.97038271E-01  1.57952789E+00  2.88732499E-02
   11550  1.86965200E-03  5.57632402E-01 -3.83645573E-01  1.56499760E+00  2.57999492E-02
   11600  4.67026123E-02  5.23530582E-01 -4.14736676E-01  1.58624766E+00  2.19347762E-02
   11650  9.29077238E-02  5.37353432E-01 -3.93744457E-01  1.57278442E+00  1.57909467E-02
   11700  1.05819452E-01  5.15546344E-01 -3.94678576E-01  1.59266232E+00  1.49012126E-02
   11750  7.54459487E-02  4.39666156E-01 -3.35798809E-01  1.53781266E+00  2.25967648E-02
   11800  8.90113635E-02  4.59897089E-01 -3.51814688E-01  1.56481809E+00  1.97471197E-02
   11850  1.04132654E-01  4.19133520E-01 -3.48059636E-01  1.56745430E+00  2.08651571E-02
   11900  9.69883558E-02  4.01637347E-01 -3.43572863E-01  1.58881156E+00  2.56719563E-02
   11950  1.01878280E-01  3.76141354E-01 -4.21628535E-01  1.56114200E+00  2.47614337E-02
   12000  8.97505520E-02  3.65126048E-01 -4.61293566E-01  1.55511083E+00  2.66622278E-02
   12050  1.23732422E-01  3.76575536E-01 -4.35412978E-01  1.56158134E+00  3.69049006E-02
   12100  1.71453867E-01  3.89595342E-01 -4.66066461E-01  1.57294483E+00  2.49156438E-02
   12150  1.70307280E-01  4.46579981E-01 -4.93010245E-01  1.56516372E+00  2.23632179E-02
   12200  1.78310210E-01  4.89260892E-01 -5.13508506E-01  1.56174166E+00  1.07439323E-02
   12250  1.49810503E-01  4.88771824E-01 -5.32742355E-01  1.56530440E+00  2.87854530E-02
   12300  1.49672939E-01  5.36177919E-01 -5.07783571E-01  1.57676245E+00  2.93559265E-02
   12350  1.06075956E-01  5.65418511E-01 -5.20580108E-01  1.54573791E+00  2.06330439E-02
   12400  1.43891506E-01  5.57707747E-01 -5.48995183E-01  1.57832588E+00  3.64599492E-02
   12450  1.35605003E-01  5.50574237E-01 -5.11459714E-01  1.54754594E+00  3.46958244E-02
   12500  1.47533669E-01  5.78849278E-01 -5.23398776E-01  1.59343680E+00  2.57047056E-02
   12550  1.69032251E-01  5.98982381E-01 -4.97665595E-01  1.55015879E+00  1.85245329E-02
   12600  1.32958897E-01  4.88542436E-01 -5.65110897E-01  1.57834221E+00  2.61477775E-02
   12650  1.02679844E-01  4.03276708E-01 -5.25796330E-01  1.55524528E+00  1.95048261E-02
   12700  1.17759025E-01  4.91091384E-01 -5.39326819E-01  1.59056354E+00  1.87404297E-02
   12750  1.43346417E-01  5.12407101E-01 -5.67095159E-01  1.58265785E+00  2.88188458E-02
   12800  6.20728591E-02  5.24794207E-01 -5.77203615E-01  1.59881364E+00  1.33210948E-02
   12850  9.81799085E-02  5.38062692E-01 -5.68432553E-01  1.60446743E+00  2.41065581E-02
   12900  1.30938452E-01  5.99035180E-01 -5.57449834E-01  1.55259338E+00  3.19650118E-02
   12950  1.36790566E-01  5.68762404E-01 -6.18789140E-01  1.59399284E+00  1.95523627E-02
   13000  1.00484588E-01  6.28601781E-01 -6.03789736E-01  1.54862205E+00  3.39713555E-02
   13050  1.33857848E-01  6.06754197E-01 -6.13294833E-01  1.56899065E+00  2.97288443E-02
   13100  1.70418032E-01  6.47702100E-01 -6.51483739E-01  1.58362915E+00  2.22250069E-02
   13150  2.55881288E-01  6.09358465E-01 -6.17487478E-01  1.57228975E+00  2.05349252E-02
   13200  2.29346060E-01  6.26274158E-01 -6.39738733E-01  1.58566357E+00  1.52667229E-02
   13250  2.66669535E-01  6.69147830E-01 -5.99354485E-01  1.57875232E+00  2.59968428E-02
   13300  2.68575829E-01  6.87025601E-01 -5.21285032E-01  1.58619704E+00  3.37844881E-02
   13350  2.23043569E-01  6.68106506E-01 -5.42053856E-01  1.57669937E+00  2.19653194E-02
   13400  2.51816241E-01  6.42406655E-01 -5.40495517E-01  1.57012830E+00  2.30073376E-02
   13450  2.02227291E-01  6.95251128E-01 -4.94159606E-01  1.59761154E+00  2.11094203E-02
   13500  2.28863978E-01  6.64519468E-01 -4.63087930E-01  1.57168522E+00  3.14295240E-02
   13550  2.54508797E-01  6.71345777E-01 -4.75620022E-01  1.58194326E+00  3.18096901E-02
   13600  2.82160261E-01  6.90059682E-01 -4.89578857E-01  1.58932093E+00  2.08301722E-02
   13650  2.78065636E-01  5.82255418E-01 -5.23606809E-01  1.58630443E+00  3.13157394E-02
   13700  2.64110200E-01  6.24169310E-01 -4.93880998E-01  1.58679625E+00  2.01681803E-02
   13750  2.11064807E-01  5.59134480E-01 -5.32803979E-01  1.57435451E+00  3.77000779E-02
   13800  1.46586476E-01  4.76163039E-01 -5.19782797E-01  1.58791385E+00  2.73310189E-02
   13850  1.18672145E-01  4.77499421E-01 -5.20494453E-01  1.55314434E+00  2.52685306E-02
   13900  2.02456445E-01  5.27449396E-01 -5.02453716E-01  1.57101534E+00  5.11250389E-02
   13950  1.67852365E-01  5.52701755E-01 -5.07229049E-01  1.59516435E+00  3.31996840E-02
   14000  1.63361101E-01  5.40181059E-01 -5.02117192E-01  1.57748105E+00  2.64499161E-02
   14050  2.10149573E-01  5.76947608E-01 -4.85829447E-01  1.59892204E+00  1.76221181E-02
   14100  2.18216311E-01  5.26762127E-01 -5.09645953E-01  1.58524204E+00  2.66523493E-02
   14150  2.00701263E-01  5.62454367E-01 -5.32523862E-01  1.58915820E+00  1.68200765E-02
   14200  1.64511021E-01  4.36230775E-01 -4.94823486E-01  1.55323793E+00  2.28213109E-02
   14250  1.83034982E-01  4.92418932E-01 -5.42285197E-01  1.58337050E+00  4.76206120E-02
   14300  1.64258379E-01  4.47464762E-01 -5.58744320E-01  1.56304137E+00  9.69767345E-03
   14350  1.29959894E-01  3.93802169E-01 -5.21408211E-01  1.56912007E+00  4.44640332E-02
   14400  1.29044355E-01  3.59458498E-01 -5.25305087E-01  1.55719148E+00  2.94448135E-02
   14450  1.56779182E-01  3.60325290E-01 -5.04467775E-01  1.58357853E+00  2.60048702E-02
   14500  1.06125200E-01  2.70340852E-01 -4.75898693E-01  1.55493929E+00  8.19997290E-03
   14550  1.20893230E-01  2.61478317E-01 -4.74492619E-01  1.58254401E+00  3.79326456E-02
   14600  1.77864888E-01  2.93753551E-01 -4.70075569E-01  1.59815984E+00  2.95079965E-02
   14650  1.39758378E-01  2.44031521E-01 -4.14653727E-01  1.58632259E+00  2.40701381E-02
   14700  1.70257135E-01  2.42865438E-01 -3.98961239E-01  1.57829730E+00  2.10494885E-02
   14750  1.51802681E-01  1.59256540E-01 -3.47384643E-01  1.56753978E+00  3.11667324E-02
   14800  1.40511889E-01  1.60521025E-01 -3.28687618E-01  1.57073962E+00  2.34431566E-02
   14850  1.24493804E-01  2.16782176E-01 -3.50367205E-01  1.58387363E+00  2.34231917E-02
   14900  1.36567965E-01  1.68653517E-01 -3.57896204E-01  1.57811567E+00  3.42611126E-02
   14950  7.47157790E-02  1.36742235E-01 -3.80454251E-01  1.58947625E+00  3.90611322E-02
   15000  4.04605881E-02  1.35913927E-01 -3.63023203E-01  1.58313867E+00  1.73855094E-02
   15050  5.52493070E-02  1.93303517E-01 -3.44359154E-01  1.57573405E+00  1.94565751E-02
   15100  7.52473691E-02  2.54751643E-01 -3.18325753E-01  1.55313692E+00  2.47782748E-02
   15150  6.75545234E-02  2.09404342E-01 -2.75880627E-01  1.55789386E+00  1.96646530E-02
   15200  4.75590362E-02  1.27399531E-01 -2.97715710E-01  1.56584608E+00  4.50633234E-02
   15250  1.31279865E-02  1.79633194E-01 -2.76827529E-01  1.56939105E+00  2.28110322E-02
   15300  1.33758685E-02  1.48872422E-01 -3.00008832E-01  1.57631934E+00  3.98212250E-02
   15350 -1.63471297E-02  1.66900454E-01 -2.95335555E-01  1.58342531E+00  2.44160532E-02
   15400  3.34140033E-02  1.82407772E-01 -3.44362323E-01  1.57868130E+00  2.86957532E-02
   15450  6.98390478E-02  2.13810509E-01 -3.62269348E-01  1.57792369E+00  2.45876935E-02
   15500  6.37792028E-02  2.83813474E-01 -3.86816558E-01  1.59946850E+00  3.21241002E-02
   15550  4.84544433E-02  2.67152977E-01 -3.58303091E-01  1.58937800E+00  2.64827832E-02
   15600  5.09503398E-02  2.44614950E-01 -3.53612670E-01  1.56166947E+00  2.95244757E-02
   15650  2.36399414E-02  2.70401784E-01 -3.52378135E-01  1.58509557E+00  1.72809378E-02
   15700  5.55244051E-02  3.05753077E-01 -3.47957425E-01  1.57600855E+00  2.56131478E-02
   15750  6.67845164E-02  3.32408259E-01 -3.34932328E-01  1.58299842E+00  2.99985517E-02
   15800  9.26754639E-02  3.90596471E-01 -3.57312976E-01  1.56605237E+00  1.75634210E-02
   15850  1.52552611E-01  4.20148026E-01 -3.61514311E-01  1.59919519E+00  1.13859588E-02
   15900  1.18852691E-01  3.60292683E-01 -3.79246032E-01  1.56840027E+00  3.84243519E-02
   15950  6.16025699E-02  3.98367778E-01 -3.64928799E-01  1.54338426E+00  1.68746124E-02
   16000  1.46287222E-01  4.00430735E-01 -3.82332613E-01  1.56172089E+00  1.71138129E-02
   16050  6.87992111E-02  3.76424837E-01 -3.63375775E-01  1.60047163E+00  1.75978863E-02
   16100  6.28764959E-02  3.90492347E-01 -3.11517209E-01  1.54278147E+00  1.44886008E-02
   16150  1.23149474E-01  4.02969786E-01 -2.85200610E-01  1.57165257E+00  2.08073618E-02
   16200  1.14460894E-01  4.60966683E-01 -3.07953492E-01  1.57822831E+00  3.00257383E-02
   16250  9.70341815E-02  4.13194826E-01 -3.15973275E-01  1.57510325E+00  1.98504021E-02
   16300  1.25304031E-01  3.82800390E-01 -3.25928114E-01  1.54654799E+00  1.91782384E-02
   16350  1.63062919E-01  4.22366894E-01 -3.51023007E-01  1.57057013E+00  1.38397438E-02
   16400  1.69938040E-01  5.17241657E-01 -3.14527733E-01  1.56260735E+00  3.05199818E-02
   16450  1.13359261E-01  5.84647464E-01 -3.16649088E-01  1.58332707E+00  1.86559393E-02
   16500  4.95448348E-02  6.46160433E-01 -2.87667144E-01  1.58739910E+00  2.85345870E-02
   16550  1.01642691E-01  6.11629406E-01 -3.26727913E-01  1.55111906E+00  1.93873031E-02
   16600  1.03276296E-01  6.46833473E-01 -3.55761240E-01  1.58198106E+00  1.99889285E-02
   16650  1.40025690E-01  6.12248548E-01 -3.87381241E-01  1.58207926E+00  2.67806400E-02
   16700  1.84072794E-01  6.30802596E-01 -3.43024498E-01  1.58880794E+00  3.73703978E-02
   16750  2.02570317E-01  6.18747929E-01 -3.62631470E-01  1.58890579E+00  2.16641760E-02
   16800  1.69560082E-01  5.67279767E-01 -4.22919921E-01  1.57109945E+00  1.93635940E-02
   16850  1.67716510E-01  6.00308136E-01 -3.65880658E-01  1.58097778E+00  1.71104184E-02
   16900  1.59814839E-01  6.01090046E-01 -3.86170597E-01  1.54920721E+00  2.16478510E-02
   16950  1.06657117E-01  6.50174995E-01 -3.83340644E-01  1.56495372E+00  7.20565606E-03
   17000  6.40413539E-02  7.17102144E-01 -3.51085228E-01  1.57594701E+00  3.16013336E-02
   17050  3.87866875E-02  6.30134847E-01 -4.11167944E-01  1.57413934E+00  3.06656992E-02
   17100  5.64994693E-02  6.43870100E-01 -4.06994598E-01  1.58792346E+00  2.60750358E-02
   17150  8.66717413E-02  6.05944351E-01 -3.85819368E-01  1.56949264E+00  2.94082164E-02
   17200  1.26969184E-01  5.83185690E-01 -3.95093286E-01  1.58639619E+00  1.85416863E-02
   17250  1.44789152E-01  5.63129081E-01 -4.23355994E-01  1.58870881E+00  1.32514048E-02
   17300  1.57219016E-01  5.85166719E-01 -3.76277036E-01  1.58595810E+00  2.26103132E-02
   17350  1.96071166E-01  6.03385708E-01 -4.05130012E-01  1.58934815E+00  1.23986918E-02
   17400  1.73472624E-01  5.71892419E-01 -3.62136851E-01  1.57670131E+00  1.95227624E-02
   17450  1.87801983E-01  5.76355543E-01 -3.95818991E-01  1.58460955E+00  2.09451987E-02
   17500  2.16755685E-01  5.93321041E-01 -4.03780876E-01  1.57533326E+00  1.15040454E-02
   17550  2.19208703E-01  5.77530959E-01 -4.10027872E-01  1.56646228E+00  3.68430410E-02
   17600  2.41931237E-01  5.67538336E-01 -3.98421048E-01  1.56709205E+00  4.26776380E-02
   17650  2.60069932E-01  5.94343483E-01 -3.97626640E-01  1.57659562E+00  1.65482886E-02
   17700  2.64247365E-01  6.26328530E-01 -3.77959559E-01  1.58235839E+00  2.97472282E-02
   17750  1.91813057E-01  6.78568224E-01 -3.35043144E-01  1.58123039E+00  2.02070353E-02
   17800  1.80722254E-01  6.47270164E-01 -3.50964019E-01  1.54129541E+00  1.57092364E-02
   17850  1.79491253E-01  6.37122464E-01 -3.23223044E-01  1.53530097E+00  2.67502215E-02
   17900  9.41695113E-02  6.79216333E-01 -2.74676851E-01  1.55990545E+00  3.00085364E-02
   17950  6.03896368E-02  7.15768739E-01 -2.31988584E-01  1.59121452E+00  1.20412056E-02
   18000  9.16927934E-02  7.13288434E-01 -2.53281841E-01  1.58491051E+00  1.07202971E-02
   18050  4.40411057E-02  6.72942473E-01 -2.56579359E-01  1.57672026E+00  1.76814555E-02
   18100 -3.61278490E-02  6.82292228E-01 -2.40071553E-01  1.58529855E+00  1.94765394E-02
   18150 -8.18643371E-02  5.88387928E-01 -2.00499385E-01  1.56915353E+00  3.23795898E-02
   18200 -9.01914200E-02  5.92859884E-01 -2.22324281E-01  1.58151738E+00  1.95368520E-02
   18250 -8.09785448E-02  6.03144002E-01 -2.26745211E-01  1.57174057E+00  2.75199388E-02
   18300  4.42006256E-03  6.18737691E-01 -2.68855929E-01  1.55716691E+00  2.45637058E-02
   18350  1.69018013E-02  6.07915099E-01 -3.07711956E-01  1.56369753E+00  2.57732569E-02
   18400  2.79217924E-02  5.69394074E-01 -3.04148407E-01  1.52435870E+00  3.27373509E-02
   18450  3.45628319E-02  5.38432653E-01 -2.80120605E-01  1.54229469E+00  3.50076160E-02
   18500 -1.07930978E-02  5.35802427E-01 -2.97962000E-01  1.56823339E+00  1.77179813E-02
   18550  6.81578497E-02  5.38750619E-01 -3.23243088E-01  1.58898340E+00  1.24816513E-02
   18600  1.09707615E-01  5.45745164E-01 -2.86989014E-01  1.56580536E+00  2.64412866E-02
   18650  1.91494919E-01  5.52607520E-01 -3.09233931E-01  1.59431111E+00  2.57260682E-02
   18700  1.43165829E-01  5.70521761E-01 -3.31882806E-01  1.57496424E+00  2.72303102E-02
   18750  1.46885056E-01  5.09875516E-01 -3.49885774E-01  1.57877438E+00  1.95762419E-02
   18800  2.08345231E-01  5.43363276E-01 -3.57455716E-01  1.58137480E+00  2.95859602E-02
   18850  2.02362249E-01  5.76591765E-01 -3.56633141E-01  1.61810190E+00  2.06510768E-02
   18900  1.26907577E-01  6.31548867E-01 -3.17802664E-01  1.60401502E+00  1.74109242E-02
   18950  1.61920066E-01  6.11327776E-01 -3.38567646E-01  1.58743067E+00  2.16646913E-02
   19000  1.70236359E-01  5.95266517E-01 -3.42770334E-01  1.58999058E+00  3.20003833E-02
   19050  1.44408254E-01  6.19357114E-01 -2.90007627E-01  1.58235126E+00  1.54045265E-02
   19100  1.05649917E-01  5.94077475E-01 -2.90853382E-01  1.55901153E+00  5.24139819E-03
   19150  9.83998152E-02  5.94689727E-01 -2.70389252E-01  1.57200254E+00  2.45348386E-02
   19200  4.56961843E-02  5.92864882E-01 -2.50867778E-01  1.56520720E+00  1.92456091E-02
   19250  4.49756987E-02  6.35685873E-01 -2.21845890E-01  1.57271668E+00  1.59204571E-02
   19300  4.46026784E-02  6.84063770E-01 -2.22139399E-01  1.56565777E+00  2.50901627E-02
   19350  1.97377848E-02  7.03363849E-01 -2.52189661E-01  1.56626008E+00  4.12874008E-02
   19400  6.14963173E-02  7.68497223E-01 -2.43950418E-01  1.55824896E+00  1.86392693E-02
   19450  4.97168782E-02  7.94755600E-01 -2.55402673E-01  1.58223658E+00  5.13721289E-02
   19500  4.62160748E-02  8.52309284E-01 -2.36323087E-01  1.57027028E+00  1.99280603E-02
   19550  7.49143686E-02  8.60421642E-01 -2.42464387E-01  1.57419669E+00  2.70467731E-02
   19600  9.67098573E-02  8.06985108E-01 -1.99869418E-01  1.56307089E+00  2.00038761E-02
   19650  1.55273848E-01  8.24747937E-01 -2.21858355E-01  1.57809671E+00  1.11191825E-02
   19700  1.22498633E-01  7.73641018E-01 -2.21566468E-01  1.55612276E+00  2.00035526E-02
   19750  1.12971794E-01  7.43317019E-01 -2.67670563E-01  1.55449341E+00  2.69338188E-02
   19800  1.82746044E-01  7.54382905E-01 -2.44249630E-01  1.56192995E+00  2.32451046E-02
   19850  2.24951511E-01  7.68504352E-01 -3.00808690E-01  1.56945454E+00  1.82674184E-02
   19900  1.69308991E-01  7.40865386E-01 -3.02343764E-01  1.56385690E+00  2.58677317E-02
   19950  1.55170568E-01  7.88491891E-01 -2.85575158E-01  1.57174289E+00  2.93324888E-02
   20000  2.04980534E-01  7.81563182E-01 -2.52433506E-01  1.57506063E+00  1.11301718E-02
   20050  2.02665351E-01  7.15921450E-01 -2.30668184E-01  1.55200575E+00  4.02503584E-02
   20100  2.09574469E-01  7.58432709E-01 -2.37362359E-01  1.54689253E+00  1.96477538E-02
   20150  1.76625682E-01  7.45413834E-01 -1.70785241E-01  1.54347306E+00  2.44300216E-02
   20200  2.22012466E-01  7.86764953E-01 -1.82811136E-01  1.55853275E+00  1.93752413E-02
   20250  2.28117053E-01  8.06682141E-01 -2.03332285E-01  1.55416801E+00  3.92415035E-02
   20300  1.99734768E-01  7.85435519E-01 -2.44399785E-01  1.57335195E+00  2.70640919E-02
   20350  1.83491894E-01  7.61844361E-01 -2.58202632E-01  1.58300641E+00  1.83612003E-02
   20400  1.20618056E-01  7.94929663E-01 -2.75816160E-01  1.59191897E+00  2.38556819E-02
   20450  1.02226771E-01  7.84292493E-01 -2.78144335E-01  1.58121984E+00  3.44836551E-02
   20500  8.58705548E-02  7.26895576E-01 -2.63289197E-01  1.55004815E+00  3.06623427E-02
   20550  1.08577562E-01  7.44308727E-01 -2.70377570E-01  1.57491517E+00  2.43013072E-02
   20600  5.58511054E-02  7.31267833E-01 -2.91052259E-01  1.57140033E+00  3.38847302E-02
   20650  5.72742266E-02  7.18930412E-01 -2.57444871E-01  1.54005871E+00  1.96998019E-02
   20700  4.08665175E-02  7.35485367E-01 -2.34560457E-01  1.53883491E+00  3.02871066E-02
   20750  3.92263138E-02  7.56880570E-01 -1.90676507E-01  1.55057047E+00  2.48810023E-02
   20800  3.14381242E-02  7.66155898E-01 -2.02424969E-01  1.57584515E+00  2.36031986E-02
   20850  4.09000575E-02  7.23149732E-01 -1.92275379E-01  1.55150607E+00  1.37160744E-02
   20900  3.55592761E-02  7.48925064E-01 -1.97044050E-01  1.57067329E+00  3.76021523E-02
   20950  1.17095242E-02  7.74595426E-01 -2.03226333E-01  1.59992286E+00  3.40085587E-02
   21000  2.18819067E-02  7.49530686E-01 -1.76698592E-01  1.59257914E+00  3.24629513E-02
   21050  5.55490225E-02  7.78761774E-01 -1.44938428E-01  1.58481175E+00  4.11111433E-02
   21100 -3.63159998E-03  8.13702702E-01 -2.11719477E-01  1.59691175E+00  3.02701383E-02
   21150 -4.23406717E-02  8.54007320E-01 -2.42609183E-01  1.60155559E+00  2.20006060E-02
   21200 -1.84143980E-02  8.80493515E-01 -2.18906389E-01  1.60816678E+00  1.14448329E-02
   21250  7.63065659E-03  8.67550866E-01 -2.16920141E-01  1.58308696E+00  2.79807907E-02
   21300 -1.55379698E-02  9.07712004E-01 -2.85817338E-01  1.59267329E+00  5.20573712E-02
   21350 -4.92475731E-02  8.98345482E-01 -2.73697048E-01  1.59002728E+00  2.54496000E-02
   21400 -2.11238891E-02  9.34821043E-01 -3.11621777E-01  1.57080817E+00  2.91809599E-02
   21450 -9.97512056E-03  8.37493946E-01 -2.97112210E-01  1.56188838E+00  2.52784932E-02
   21500 -4.14236074E-02  8.52559157E-01 -2.90289169E-01  1.58646357E+00  1.40588647E-02
   21550 -7.04116744E-03  8.35044579E-01 -3.38350827E-01  1.57402660E+00  4.14155113E-02
   21600 -7.02902591E-02  8.58733900E-01 -2.88340608E-01  1.60352374E+00  1.95761951E-02
   21650 -5.51946973E-02  8.67297360E-01 -3.02738832E-01  1.61022217E+00  2.66396274E-02
   21700 -6.52817471E-02  8.21446141E-01 -2.87884424E-01  1.57606871E+00  2.26699386E-02
   21750 -5.95068300E-02  8.09885443E-01 -2.67818678E-01  1.57579167E+00  1.24363852E-02
   21800 -7.84437109E-02  8.02457729E-01 -2.42777817E-01  1.58423256E+00  2.39332562E-02
   21850 -8.42084185E-02  7.67632166E-01 -2.46918133E-01  1.58402524E+00  1.61732722E-02
   21900 -1.29294132E-01  7.57184656E-01 -2.62060475E-01  1.55958454E+00  2.23228510E-02
   21950 -1.75632193E-01  7.57662458E-01 -2.62240036E-01  1.58785727E+00  1.42629036E-02
   22000 -1.87506487E-01  7.90946850E-01 -2.56429448E-01  1.56368243E+00  4.15284591E-02
   22050 -1.53954959E-01  7.67579236E-01 -2.52111660E-01  1.56969445E+00  1.63874773E-02
   22100 -1.79829176E-01  7.96804193E-01 -2.42482059E-01  1.58555836E+00  2.05398478E-02
   22150 -1.40978686E-01  8.97369076E-01 -2.82170179E-01  1.59265899E+00  2.44864568E-02
   22200 -1.07033805E-01  8.97906926E-01 -2.90508927E-01  1.58608414E+00  3.06292655E-02
   22250 -4.69504010E-02  9.11932569E-01 -2.79012090E-01  1.57642122E+00  3.98944160E-02
   22300 -5.39480598E-02  8.77654990E-01 -2.69243190E-01  1.57423031E+00  2.69731524E-02
   22350 -5.03744304E-02  8.96673915E-01 -3.00661666E-01  1.58358624E+00  3.17785798E-02
   22400  3.11829968E-02  8.86582165E-01 -3.27461797E-01  1.57007488E+00  1.66637880E-02
   22450 -1.18225924E-02  8.83575960E-01 -3.34349182E-01  1.56746524E+00  1.90422009E-02
   22500  7.30188263E-03  9.11355284E-01 -3.85044655E-01  1.57321744E+00  2.00828857E-02
   22550  5.40049070E-04  9.31887639E-01 -3.92321058E-01  1.58658306E+00  2.94451816E-02
   22600 -2.99553075E-02  8.89505273E-01 -4.26559628E-01  1.60240221E+00  1.86621123E-02
   22650 -1.68609589E-02  8.80509942E-01 -4.24322641E-01  1.60947947E+00  3.11733594E-02
   22700 -1.22866981E-02  9.02384323E-01 -4.31027192E-01  1.56860924E+00  2.10274960E-02
   22750 -3.37788307E-02  9.34590488E-01 -4.39691726E-01  1.59144770E+00  1.33441520E-02
   22800  5.49964992E-02  9.31763356E-01 -4.76784546E-01  1.57396502E+00  1.19494837E-02
   22850 -2.70855388E-02  9.41666567E-01 -4.13363748E-01  1.56976708E+00  2.82223878E-02
   22900 -2.70989837E-02  9.01400328E-01 -4.35655494E-01  1.57323639E+00  3.43287935E-02
   22950 -2.96984637E-02  8.91022565E-01 -4.14995027E-01  1.57594055E+00  1.93668192E-02
   23000 -7.82586226E-02  9.02997072E-01 -4.49688739E-01  1.56908727E+00  3.64675601E-02
   23050 -9.18468469E-02  9.17346327E-01 -3.23945923E-01  1.56098796E+00  2.68350171E-02
   23100 -7.54250720E-02  9.06491330E-01 -3.43628543E-01  1.56392054E+00  1.97688699E-02
   23150 -1.21698974E-01  9.25730498E-01 -3.13459723E-01  1.55596460E+00  3.76322133E-02
   23200 -4.53446913E-02  9.51281429E-01 -3.36332585E-01  1.57765211E+00  2.77990547E-02
   23250 -5.46716177E-02  9.44102092E-01 -3.56800289E-01  1.58898853E+00  4.63471902E-03
   23300 -8.98006504E-02  9.40749976E-01 -3.29017714E-01  1.59110624E+00  1.94524434E-02
   23350 -9.53752180E-02  9.52215112E-01 -2.84385682E-01  1.56393819E+00  3.32805926E-02
   23400 -2.45661502E-02  9.61027660E-01 -2.85100284E-01  1.58952140E+00  4.53878390E-02
   23450 -6.45852764E-02  9.41375900E-01 -2.60241149E-01  1.58140054E+00  4.44751163E-02
   23500  4.23804002E-04  9.36600557E-01 -2.82355036E-01  1.57715269E+00  1.28652352E-02
   23550  1.04471423E-01  9.36523591E-01 -3.14219974E-01  1.59664159E+00  2.02672770E-02
   23600  1.70700625E-01  8.51872879E-01 -3.37623962E-01  1.59960242E+00  3.58892261E-02
   23650  1.61830484E-01  8.60032539E-01 -3.50617567E-01  1.60627563E+00  1.89583062E-02
   23700  1.80244633E-01  8.43858879E-01 -3.58996680E-01  1.58197274E+00  2.26581070E-02
   23750  2.04601590E-01  8.40713541E-01 -4.04751959E-01  1.57813511E+00  2.18554979E-02
   23800  2.48470634E-01  7.94867916E-01 -3.89728273E-01  1.58605778E+00  3.10714846E-02
   23850  1.98494947E-01  7.79103031E-01 -3.60391491E-01  1.57702075E+00  2.35678232E-02
   23900  1.90528544E-01  8.48387883E-01 -4.14293554E-01  1.57792864E+00  2.63933389E-02
   23950  2.25788318E-01  8.30365895E-01 -3.44136904E-01  1.56215393E+00  4.53005779E-02
   24000  2.32401661E-01  8.38724470E-01 -3.60961754E-01  1.57397580E+00  2.49338619E-02
   24050  2.27137810E-01  8.63048655E-01 -3.18698681E-01  1.58996606E+00  2.75106483E-02
   24100  2.54716332E-01  8.59686045E-01 -2.82325895E-01  1.58249446E+00  3.57334324E-02
   24150  2.21638322E-01  8.60384124E-01 -2.80080460E-01  1.56777652E+00  3.29022016E-02
   24200  1.66232838E-01  8.97684477E-01 -2.66833850E-01  1.56621879E+00  1.53767312E-02
   24250  1.83697156E-01  8.83388158E-01 -2.64150077E-01  1.56833031E+00  3.13947653E-02
   24300  2.22998086E-01  8.35112088E-01 -2.67570016E-01  1.56235481E+00  3.25466490E-02
   24350  2.82496039E-01  8.55520287E-01 -3.04039401E-01  1.57932134E+00  9.71466962E-03
   24400  2.20329543E-01  8.97712472E-01 -3.20968504E-01  1.58016687E+00  1.92176589E-02
   24450  2.83259299E-01  9.23377016E-01 -3.59503365E-01  1.56917675E+00  2.87035660E-02
   24500  2.17582381E-01  9.39942722E-01 -3.16119393E-01  1.58592854E+00  2.83308797E-02
   24550  3.01751883E-01  9.60416502E-01 -3.07235160E-01  1.58998749E+00  3.15819693E-02
   24600  3.15217419E-01  9.67561855E-01 -3.04380173E-01  1.58329091E+00  1.80224170E-02
   24650  3.50747888E-01  9.50034459E-01 -3.04287145E-01  1.55281331E+00  2.12248370E-02
   24700  4.70308990E-01  9.19018300E-01 -2.82666282E-01  1.57345692E+00  3.75181197E-02
   24750  4.96578115E-01  9.56849451E-01 -2.43083946E-01  1.58636053E+00  2.52815219E-02
   24800  4.35735929E-01  9.35832121E-01 -2.25122038E-01  1.60523345E+00  4.42388617E-02
   24850  3.53206979E-01  8.95192855E-01 -2.42566250E-01  1.57431709E+00  3.37005580E-02
   24900  4.11892985E-01  8.97983763E-01 -2.17396305E-01  1.57069884E+00  1.60019954E-02
   24950  4.25388868E-01  8.20495411E-01 -2.46419794E-01  1.56362720E+00  1.91253059E-02
   25000  4.94719935E-01  8.28380575E-01 -2.54962579E-01  1.59991239E+00  4.10688726E-02
   25050  5.28160574E-01  8.13512864E-01 -2.08524275E-01  1.58770944E+00  3.19913043E-02
   25100  5.34135756E-01  7.81073539E-01 -1.90322561E-01  1.59842258E+00  6.11353914E-03
   25150  4.76673756E-01  7.68645531E-01 -1.92043108E-01  1.56645975E+00  1.58736637E-02
   25200  4.60283444E-01  6.95170521E-01 -2.45101718E-01  1.57233534E+00  2.18583658E-02
   25250  4.16330324E-01  6.97075938E-01 -2.55756318E-01  1.55766341E+00  2.20003559E-02
   25300  4.32244019E-01  6.93968092E-01 -2.38113731E-01  1.57859678E+00  2.79962810E-02
   25350  4.08165573E-01  6.88341989E-01 -2.17923884E-01  1.56714637E+00  1.26255723E-02
   25400  4.68244856E-01  6.91002011E-01 -1.65492373E-01  1.56106953E+00  2.46075238E-02
   25450  4.18259846E-01  6.37765247E-01 -2.16353751E-01  1.54812795E+00  1.59968813E-02
   25500  4.25126545E-01  6.31201980E-01 -2.09782747E-01  1.55334730E+00  4.41804887E-02
   25550  4.12968835E-01  6.39743729E-01 -2.22593488E-01  1.58938176E+00  3.25107452E-02
   25600  4.12130639E-01  6.13589754E-01 -1.87322930E-01  1.54387790E+00  2.76821744E-02
   25650  3.76432458E-01  6.62472385E-01 -1.80827472E-01  1.56976608E+00  3.55501431E-02
   25700  3.58931370E-01  6.38597861E-01 -2.12838648E-01  1.57483648E+00  3.22595067E-02
   25750  3.82777054E-01  6.13937205E-01 -2.28117411E-01  1.57293623E+00  1.21498143E-02
   25800  4.16595635E-01  6.08152297E-01 -1.69750436E-01  1.59443804E+00  1.74809678E-02
   25850  4.74580798E-01  6.19666603E-01 -1.75824088E-01  1.57943846E+00  2.39546437E-02
   25900  5.46473108E-01  5.29918601E-01 -1.59874662E-01  1.57263888E+00  1.85186323E-02
   25950  5.09016145E-01  5.45893745E-01 -1.34502010E-01  1.57422268E+00  1.71640007E-02
   26000  5.48123702E-01  5.76628765E-01 -7.46562247E-02  1.57006505E+00  1.44309704E-02
   26050  5.56452472E-01  5.10494711E-01 -9.69582516E-02  1.55153726E+00  2.52785035E-02
   26100  5.38463607E-01  5.46033509E-01 -1.11560858E-01  1.59924575E+00  3.27763530E-02
   26150  5.78157693E-01  5.63099018E-01 -9.34013408E-02  1.57769515E+00  3.83038230E-02
   26200  6.00948875E-01  5.18856887E-01 -1.16406112E-01  1.56375468E+00  2.54630191E-02
   26250  5.56161035E-01  5.76908639E-01 -1.38861113E-01  1.58641902E+00  5.63055718E-02
   26300  5.04585488E-01  5.59464543E-01 -1.23681757E-01  1.58435113E+00  4.14069785E-02
   26350  5.23142764E-01  6.14838775E-01 -8.00774529E-02  1.58607202E+00  2.78166220E-02
   26400  5.90663766E-01  6.25614208E-01 -5.67103173E-02  1.57810743E+00  2.02407726E-02
   26450  6.01794809E-01  5.19114652E-01 -2.10694489E-02  1.55933026E+00  1.29909737E-02
   26500  6.60792380E-01  6.04011297E-01 -5.07804532E-02  1.58309700E+00  2.22103738E-02
   26550  6.78365388E-01  5.82349964E-01 -2.57469463E-02  1.57536980E+00  2.98869949E-02
   26600  6.63534216E-01  5.56954868E-01 -2.83824164E-02  1.55680281E+00  2.18238722E-02
   26650  6.86305947E-01  6.04043616E-01 -8.36583738E-03  1.58227638E+00  3.54933188E-02
   26700  7.00685329E-01  6.58133582E-01 -4.17773429E-02  1.58848495E+00  3.39291528E-02
   26750  7.18967106E-01  5.96442453E-01  1.25752858E-02  1.57872234E+00  2.10335332E-02
   26800  7.14436316E-01  6.10082415E-01  2.79102458E-02  1.54496734E+00  1.77662143E-02
   26850  7.62969141E-01  5.27849022E-01  3.21831304E-02  1.54829134E+00  1.48429506E-02
   26900  7.89237038E-01  4.90353283E-01  4.68266572E-02  1.56376872E+00  2.44550227E-02
   26950  8.29964475E-01  4.55054617E-01  8.12862785E-02  1.60176566E+00  3.33545449E-02
   27000  7.90920124E-01  4.78875828E-01  9.00550741E-02  1.61088838E+00  1.90654645E-02
   27050  7.61172530E-01  5.08733099E-01  6.61649411E-02  1.58594901E+00  3.04975861E-02
   27100  7.53942738E-01  4.26770854E-01  3.39202834E-02  1.58048255E+00  3.40469908E-02
   27150  7.56775709E-01  4.53157437E-01  7.47298399E-02  1.60947810E+00  2.86926461E-02
   27200  7.91501002E-01  4.74744781E-01 -1.18824987E-02  1.60211136E+00  2.62817346E-02
   27250  8.07904274E-01  3.88351828E-01 -3.65820447E-02  1.58020809E+00  3.06966340E-02
   27300  8.89331037E-01  3.65484313E-01 -3.23819844E-02  1.58690602E+00  1.97986637E-02
   27350  8.94318207E-01  3.51095617E-01 -1.67933087E-02  1.58616637E+00  3.13303292E-02
   27400  8.95068131E-01  4.02432892E-01  4.72836271E-02  1.58536886E+00  1.66432250E-02
   27450  9.47253321E-01  3.83112483E-01  9.29017351E-02  1.57809113E+00  1.05999486E-02
   27500  8.91072996E-01  3.45588577E-01  6.12756590E-02  1.56669110E+00  2.39256937E-02
   27550  8.90746186E-01  3.95999404E-01  1.23505687E-01  1.56838517E+00  2.66628267E-02
   27600  8.59878944E-01  4.03976790E-01  1.21265811E-01  1.58006423E+00  2.98141734E-02
   27650  8.61161567E-01  4.34604540E-01  1.23637251E-01  1.58629236E+00  2.07604086E-02
   27700  8.73383665E-01  3.76685437E-01  1.61569820E-01  1.59061472E+00  3.87929873E-02
   27750  8.66633287E-01  3.80349999E-01  1.91956000E-01  1.59004011E+00  2.79663120E-02
   27800  8.22787974E-01  3.17002307E-01  1.54934753E-01  1.56943929E+00  4.64602552E-02
   27850  7.73509357E-01  3.57170577E-01  1.32539387E-01  1.56127173E+00  1.87822001E-02
   27900  7.01981887E-01  4.22263071E-01  1.71574318E-01  1.56595438E+00  4.22334640E-02
   27950  8.03269162E-01  3.54571976E-01  1.96176721E-01  1.55546264E+00  6.27919653E-02
   28000  8.47671465E-01  3.56525961E-01  2.08392441E-01  1.57960338E+00  2.90449236E-02
   28050  7.62527952E-01  3.32057865E-01  2.32385093E-01  1.55536116E+00  2.80182993E-02
   28100  7.76137699E-01  3.81538770E-01  2.47927033E-01  1.57305426E+00  3.79293065E-02
   28150  7.57535626E-01  4.01084325E-01  2.02825570E-01  1.55976272E+00  2.21165024E-02
   28200  7.61207991E-01  4.18775720E-01  1.56646697E-01  1.57063948E+00  2.76749527E-02
   28250  7.71206080E-01  4.40428679E-01  1.47760514E-01  1.57885710E+00  3.30270016E-02
   28300  7.95789921E-01  4.01254177E-01  1.02302537E-01  1.60401918E+00  1.95353709E-02
   28350  7.67343843E-01  3.28992308E-01  5.69085314E-02  1.57197985E+00  3.16553971E-02
   28400  7.57071416E-01  3.80832778E-01  1.17049392E-01  1.55281673E+00  2.03850786E-02
   28450  8.05789806E-01  3.45066367E-01  1.62371184E-01  1.55856765E+00  3.36883530E-02
   28500  8.03853624E-01  3.69339440E-01  1.20205304E-01  1.57881694E+00  2.68894898E-02
   28550  8.12700740E-01  4.14531958E-01  1.17738432E-01  1.58727967E+00  1.48442253E-02
   28600  7.73405359E-01  4.37724728E-01  1.14275348E-01  1.56537412E+00  3.01055234E-02
   28650  8.42620699E-01  4.04944220E-01  1.06759391E-01  1.57406075E+00  1.45535775E-02
   28700  8.22763638E-01  3.63535917E-01  9.29414967E-02  1.58358529E+00  1.63602155E-02
   28750  8.00103866E-01  3.60841857E-01  3.45805289E-02  1.56985152E+00  2.22121926E-02
   28800  7.86543006E-01  3.77802739E-01  1.58217780E-02  1.57219818E+00  3.38319249E-02
   28850  8.25622920E-01  3.18057392E-01 -1.36661087E-02  1.55702510E+00  1.79771592E-02
   28900  8.54357968E-01  3.65794259E-01  4.03781296E-02  1.58157243E+00  1.44693472E-02
   28950  8.54567660E-01  3.39497498E-01  3.42627900E-02  1.59906134E+00  2.14841438E-02
   29000  8.36879767E-01  3.78494186E-01  9.52893848E-02  1.58155684E+00  3.05434941E-02
   29050  8.53045029E-01  3.91406387E-01  6.80183765E-02  1.58073537E+00  3.49275078E-02
   29100  7.97141877E-01  3.67048389E-01  3.55641634E-02  1.58252670E+00  2.87240094E-02
   29150  8.29528951E-01  3.31220670E-01  5.71299235E-02  1.59806956E+00  2.78291527E-02
   29200  8.58143737E-01  3.18580986E-01  4.52585428E-02  1.59621158E+00  3.87738752E-02
   29250  8.41664421E-01  3.11238774E-01  3.89131464E-02  1.58294626E+00  2.30402701E-02
   29300  8.75837691E-01  2.98983977E-01 -2.09704041E-02  1.58082325E+00  2.59883326E-02
   29350  8.55062287E-01  3.05806287E-01 -1.49081486E-02  1.58786093E+00  4.11514868E-02
   29400  7.94349141E-01  2.89194909E-01 -5.47332941E-02  1.55549243E+00  2.70163324E-02
   29450  8.05725751E-01  2.80977420E-01 -4.45622942E-02  1.56251978E+00  3.21165978E-02
   29500  7.69651281E-01  2.71761162E-01 -1.47961957E-02  1.53957818E+00  2.55916678E-02
   29550  7.19131884E-01  3.05785309E-01 -7.40574366E-02  1.56881969E+00  2.84971805E-02
   29600  7.09850632E-01  2.49088113E-01 -6.48089913E-02  1.56518012E+00  2.29382666E-02
   29650  7.71382845E-01  2.93264675E-01 -2.99630808E-02  1.56508706E+00  2.15729473E-02
   29700  7.81351496E-01  3.06924043E-01 -2.56165898E-02  1.56667035E+00  2.02619277E-02
   29750  7.73655798E-01  2.94425438E-01 -4.93184775E-02  1.57030047E+00  2.01046443E-02
   29800  7.47974672E-01  3.23603660E-01 -1.05655465E-02  1.58407492E+00  2.91520246E-02
   29850  7.54714523E-01  3.36912364E-01  5.69273186E-02  1.57727037E+00  2.99246722E-02
   29900  6.86763378E-01  2.72578580E-01  4.44450758E-02  1.55147117E+00  1.74438989E-02
   29950  6.21807049E-01  3.16280993E-01 -4.44971830E-02  1.54803562E+00  1.27902026E-02
   30000  6.12322820E-01  3.44052308E-01  6.12015274E-03  1.57989912E+00  3.20181120E-02
   30050  5.85578235E-01  3.72232469E-01 -1.44274350E-03  1.55588235E+00  3.60885779E-02
   30100  5.67064102E-01  3.20306651E-01 -1.05256837E-01  1.55341274E+00  4.09617949E-02
   30150  5.64826297E-01  3.22023872E-01 -4.06206671E-02  1.55219445E+00  2.86942413E-02
   30200  6.35693844E-01  3.33654292E-01 -7.43664614E-02  1.57626522E+00  3.48958793E-02
   30250  6.32738678E-01  2.65874981E-01 -8.03897019E-02  1.55805531E+00  2.62834885E-02
   30300  6.64276175E-01  2.63772635E-01 -7.19405052E-02  1.57249026E+00  2.78824602E-02
   30350  7.17546022E-01  2.49741240E-01 -4.05527936E-02  1.56682441E+00  1.65192670E-02
   30400  7.25107484E-01  2.18044030E-01 -4.54717241E-02  1.55388631E+00  9.55654240E-03
   30450  7.71989085E-01  2.04940067E-01 -6.43514959E-02  1.57885803E+00  1.70626697E-02
   30500  7.38272137E-01  1.72519106E-01 -9.16062925E-02  1.56483406E+00  3.62803329E-02
   30550  8.07468935E-01  1.29076516E-01 -1.07446193E-01  1.61115854E+00  3.62933127E-02
   30600  7.68137099E-01  1.17807850E-01 -8.60686336E-02  1.58198504E+00  4.01609416E-02
   30650  6.86203022E-01  1.35509987E-01 -1.18772953E-01  1.57307488E+00  1.83539812E-02
   30700  6.94443689E-01  1.67264201E-01 -1.01540204E-01  1.58582058E+00  3.53948560E-02
   30750  6.95653787E-01  1.41876012E-01 -1.16326311E-01  1.58697329E+00  1.21556416E-02
   30800  6.32048591E-01  1.99857445E-01 -1.21065760E-01  1.56190245E+00  1.59492050E-02
   30850  6.83808913E-01  1.47415164E-01 -1.15347096E-01  1.57213630E+00  2.44300505E-02
   30900  6.31712429E-01  1.73327492E-01 -1.44942930E-01  1.58576477E+00  3.52021583E-02
   30950  6.77162180E-01  1.62627571E-01 -1.18141379E-01  1.57522572E+00  3.11031241E-02
   31000  6.20334752E-01  2.09722190E-01 -7.47266603E-03  1.55916748E+00  2.98494103E-02
   31050  6.25510519E-01  2.45194704E-01 -2.77095003E-02  1.58578440E+00  2.56236264E-02
   31100  6.63596953E-01  1.82464673E-01 -7.89252042E-02  1.59402255E+00  2.54876803E-02
   31150  6.37280438E-01  2.06500272E-01 -8.55645951E-02  1.56741807E+00  1.56104312E-02
   31200  6.81651050E-01  1.47208615E-01 -9.13629921E-02  1.57656587E+00  3.81221509E-02
   31250  6.79138628E-01  1.81143471E-01 -9.63573401E-02  1.57228430E+00  2.65810332E-02
   31300  6.79822824E-01  1.66265077E-01 -1.00253655E-01  1.56796201E+00  1.66693637E-02
   31350  6.83011050E-01  1.77832037E-01 -7.72410381E-02  1.56552843E+00  2.98111571E-02
   31400  6.66085070E-01  2.02348938E-01 -1.12032185E-01  1.58993825E+00  2.02094817E-02
   31450  6.78680381E-01  1.74073253E-01 -6.38455429E-02  1.57328465E+00  1.83161420E-02
   31500  7.08497998E-01  1.64810283E-01 -4.46320396E-02  1.57256939E+00  1.60886912E-02
   31550  6.76714137E-01  1.64023363E-01 -4.75419426E-03  1.55869697E+00  3.13228268E-02
   31600  7.26751728E-01  1.30814612E-01 -1.66747413E-02  1.57525165E+00  2.30499730E-02
   31650  7.44898115E-01  1.12299300E-01 -1.04861533E-02  1.56970139E+00  1.28404764E-02
   31700  7.82966910E-01  1.22551180E-01 -3.14380214E-02  1.57817757E+00  3.58722388E-02
   31750  7.62785231E-01  1.34754354E-01 -6.12562281E-02  1.57517027E+00  5.56999774E-02
   31800  8.36697461E-01  1.03315621E-01 -4.65660035E-02  1.57751377E+00  5.48617457E-02
   31850  7.96767609E-01  8.99277738E-02 -4.14249746E-02  1.57473507E+00  3.70881426E-02
   31900  8.79332397E-01  8.84994124E-02  1.75909593E-02  1.58671678E+00  3.80557261E-02
   31950  8.85882744E-01  1.18074937E-02 -4.61895278E-02  1.56301565E+00  4.08961953E-02
   32000  9.16240115E-01 -9.14766521E-02 -3.40340215E-04  1.57680938E+00  1.96412029E-02
   32050  8.64867750E-01 -4.08421909E-02  1.46443612E-02  1.57473033E+00  2.78893418E-02
   32100  8.71500101E-01  4.40597665E-02  5.63687112E-02  1.56844414E+00  3.81472144E-02
   32150  8.48713036E-01 -3.35742949E-02  3.99041042E-02  1.57775888E+00  1.46931553E-02
   32200  8.57509332E-01 -6.78395011E-02  8.16725411E-03  1.55411319E+00  3.11655644E-02
   32250  8.71430820E-01 -6.43884992E-02 -1.08540984E-02  1.56152472E+00  2.91473281E-02
   32300  8.52902002E-01 -5.56080374E-02  3.14972949E-02  1.53780400E+00  5.19494063E-02
   32350  9.12169335E-01 -4.21218513E-02  8.40005087E-02  1.56884737E+00  2.72090628E-02
   32400  9.39983065E-01 -1.12690075E-01  1.00289742E-01  1.56986650E+00  2.67837929E-02
   32450  9.09766024E-01 -3.53554478E-02  6.76764334E-02  1.55566506E+00  3.47409988E-02
   32500  8.86624017E-01 -5.22697413E-02  9.77779316E-02  1.55660535E+00  1.08644637E-02
   32550  9.03703215E-01 -1.14541424E-01  5.82104492E-02  1.58666249E+00  1.77047381E-02
   32600  8.77117630E-01 -9.83772602E-02  4.11970102E-02  1.57135756E+00  2.53346991E-02
   32650  9.19190623E-01 -7.22094179E-02  7.52766292E-02  1.56044587E+00  2.55682380E-02
   32700  9.38856125E-01 -4.49333477E-02  5.75241590E-02  1.58833045E+00  2.01596043E-02
   32750  9.22485718E-01 -3.09556531E-02  6.99397172E-02  1.56515534E+00  2.79799663E-02
   32800  8.88559450E-01 -1.05871028E-02  4.87941971E-02  1.56991421E+00  2.89316474E-02
   32850  9.23606448E-01 -3.11991646E-02  4.91637729E-02  1.57164677E+00  3.72224362E-02
   32900  9.14540981E-01 -8.07660179E-02  1.37505236E-01  1.58443006E+00  2.09578184E-02
   32950  9.19702463E-01 -4.89712347E-02  7.24275200E-02  1.60671846E+00  1.16051807E-02
   33000  8.62041482E-01 -7.60644259E-02 -5.75032747E-03  1.56535925E+00  2.07315035E-02
   33050  8.38533521E-01 -7.91048478E-02  3.09555220E-02  1.58190976E+00  3.79871240E-02
   33100  8.47175988E-01 -1.52588949E-01  9.66075193E-02  1.59889144E+00  2.13394120E-02
   33150  8.11410437E-01 -1.71154045E-01  5.25179511E-02  1.58424882E+00  2.00299499E-02
   33200  7.42678907E-01 -1.61942227E-01 -1.83959895E-02  1.57530170E+00  2.63179483E-02
   33250  7.44233434E-01 -1.94509050E-01 -2.52110023E-02  1.55548067E+00  3.32863993E-02
   33300  7.70051568E-01 -2.64514377E-01 -9.16306491E-03  1.53034739E+00  3.79383102E-02
   33350  7.99099378E-01 -2.95820413E-01 -2.49321932E-02  1.56468559E+00  2.93559331E-02
   33400  7.41001083E-01 -3.00489654E-01 -1.90186467E-02  1.53990944E+00  2.26836681E-02
   33450  8.18051276E-01 -2.69174678E-01  6.27546345E-02  1.55603076E+00  2.17159720E-02
   33500  8.32086156E-01 -2.99514173E-01 -3.63355290E-03  1.55676637E+00  3.45950230E-02
   33550  8.44738050E-01 -3.42946729E-01  2.19069936E-02  1.54521110E+00  1.52306595E-02
   33600  7.92230709E-01 -3.07897895E-01  1.91925393E-02  1.54403724E+00  2.73421990E-02
   33650  7.81618624E-01 -2.90179790E-01  1.16339993E-01  1.53848644E+00  4.72563859E-02
   33700  8.35043889E-01 -3.14946327E-01  1.11306927E-01  1.56101078E+00  2.28900492E-02
   33750  8.34895889E-01 -3.53961963E-01  1.09768825E-01  1.58167212E+00  1.99954713E-02
   33800  8.06922409E-01 -3.71696078E-01  1.25556664E-01  1.56256150E+00  3.10685290E-02
   33850  7.57053261E-01 -3.68257840E-01  1.90563947E-01  1.54896663E+00  2.90761062E-02
   33900  7.77476016E-01 -3.66593064E-01  2.03478723E-01  1.56982549E+00  3.23819444E-02
   33950  7.21240116E-01 -3.57127035E-01  2.66393492E-01  1.57405874E+00  1.85496696E-02
   34000  6.90992297E-01 -3.25489274E-01  3.24576953E-01  1.56777152E+00  3.18984184E-02
   34050  6.73707720E-01 -3.37472093E-01  3.28878899E-01  1.55886155E+00  3.40870763E-02
   34100  5.94385067E-01 -3.66822703E-01  3.18944720E-01  1.56603236E+00  2.02240056E-02
   34150  5.54624052E-01 -3.77628012E-01  3.47102555E-01  1.53292231E+00  1.07302738E-02
   34200  5.39053843E-01 -3.76488130E-01  3.12190292E-01  1.57852040E+00  2.98690873E-02
   34250  5.11878281E-01 -3.30888874E-01  3.18813136E-01  1.56506068E+00  2.52377051E-02
   34300  4.77630961E-01 -3.19123936E-01  3.57367559E-01  1.56695118E+00  2.29987100E-02
   34350  4.16138423E-01 -3.45841614E-01  3.69569998E-01  1.57459694E+00  2.09154806E-02
   34400  4.69813129E-01 -2.84747105E-01  3.94271862E-01  1.57297903E+00  3.58133055E-02
   34450  4.49083940E-01 -2.29903365E-01  4.16320884E-01  1.57368824E+00  5.22618178E-02
   34500  3.87228519E-01 -2.46288095E-01  3.71843637E-01  1.55555754E+00  2.89124746E-02
   34550  3.18009402E-01 -2.83237311E-01  4.09457925E-01  1.57773660E+00  1.56115921E-02
   34600  3.35382199E-01 -2.81420884E-01  4.30018172E-01  1.59315338E+00  1.57954696E-02
   34650  3.02588391E-01 -3.02814413E-01  4.36163582E-01  1.59041468E+00  3.66097919E-02
   34700  3.20042229E-01 -3.11413009E-01  3.85934074E-01  1.59479322E+00  2.17964202E-02
   34750  4.18822481E-01 -2.92597050E-01  3.73260446E-01  1.59030188E+00  2.18755143E-02
   34800  3.88045424E-01 -3.36866723E-01  3.92108659E-01  1.58033030E+00  3.12661276E-02
   34850  3.10339117E-01 -3.09682122E-01  4.02423271E-01  1.58809111E+00  3.58082241E-02
   34900  2.38407040E-01 -2.85612455E-01  3.69068062E-01  1.56584687E+00  2.88272241E-02
   34950  2.11057636E-01 -2.84324825E-01  3.31584042E-01  1.56239482E+00  2.08325407E-02
   35000  2.23300710E-01 -2.39230198E-01  3.27534123E-01  1.57379329E+00  2.02537279E-02
   35050  2.05476136E-01 -2.80921717E-01  3.02819968E-01  1.59654962E+00  3.23642164E-03
   35100  2.09008408E-01 -2.50538759E-01  2.78049327E-01  1.55514517E+00  2.12157118E-02
   35150  2.46323760E-01 -2.56332856E-01  2.85672284E-01  1.59278505E+00  2.90001038E-02
   35200  2.72446521E-01 -2.61262129E-01  3.09733102E-01  1.57388309E+00  1.85858543E-02
   35250  3.23343467E-01 -2.21986325E-01  2.41722645E-01  1.57620416E+00  1.78362219E-02
   35300  2.91657022E-01 -2.74845032E-01  2.67902868E-01  1.57789019E+00  2.49493054E-02
   35350  3.34899443E-01 -2.62990727E-01  1.97281878E-01  1.57604238E+00  2.77752877E-02
   35400  3.75433139E-01 -2.62939828E-01  2.04123814E-01  1.55667484E+00  1.84032863E-02
   35450  3.40820889E-01 -2.54110349E-01  1.37423603E-01  1.54854083E+00  1.85589036E-02
   35500  3.93400251E-01 -2.21023592E-01  8.58534072E-02  1.55096579E+00  2.07738010E-02
   35550  4.29466598E-01 -1.59823121E-01  6.11716621E-02  1.56083304E+00  1.73205027E-02
   35600  4.16319555E-01 -1.89747257E-01  4.04730765E-02  1.56265000E+00  3.42026566E-02
   35650  3.82533800E-01 -1.65463347E-01  6.18870358E-02  1.56927144E+00  1.91903685E-02
   35700  3.97091499E-01 -1.83369493E-01  7.82885091E-02  1.56903679E+00  3.33013426E-02
   35750  4.29751506E-01 -2.05634899E-01  5.34503018E-02  1.55781126E+00  3.65167698E-02
   35800  3.87227047E-01 -1.60523710E-01  2.50103146E-02  1.56828883E+00  5.03211898E-02
   35850  3.96165287E-01 -1.50904467E-01 -2.67784871E-03  1.58154941E+00  3.92759992E-02
   35900  3.65389235E-01 -1.74232184E-01  1.56584731E-02  1.58599829E+00  1.74423462E-02
   35950  3.63590064E-01 -1.64368364E-01 -5.99524636E-03  1.60526557E+00  2.59236427E-02
   36000  3.31897375E-01 -1.55672658E-01 -2.88303936E-02  1.58933441E+00  2.28407672E-02
   36050  3.05798597E-01 -1.21611691E-01 -1.68539670E-02  1.59431872E+00  3.82244297E-02
   36100  2.17442751E-01 -9.87424920E-02 -3.50617066E-02  1.55676984E+00  2.93791111E-02
   36150  2.27353555E-01 -1.30497932E-01 -1.42003517E-04  1.55591762E+00  3.59244021E-02
   36200  1.91309113E-01 -1.84985950E-01  3.75313138E-02  1.55812219E+00  3.80611301E-02
   36250  1.58629714E-01 -2.00474867E-01  5.73103316E-02  1.58288551E+00  2.70285458E-02
   36300  1.90449143E-01 -1.56905822E-01  9.16741429E-02  1.56876315E+00  2.54762971E-02
   36350  2.25386222E-01 -1.88124276E-01  5.57613307E-02  1.58290596E+00  2.78308558E-02
   36400  2.54537101E-01 -1.61165943E-01  4.76030303E-02  1.60266300E+00  1.88798989E-02
   36450  2.00004033E-01 -1.69315833E-01  5.74151171E-02  1.60706848E+00  1.57358949E-02
   36500  1.46505867E-01 -1.70279814E-01  3.43429903E-02  1.58899072E+00  2.86041280E-02
   36550  9.10184003E-02 -1.57967987E-01  7.97840498E-02  1.56867492E+00  1.58759865E-02
   36600  4.65866303E-02 -1.58065280E-01  3.81739988E-02  1.58338777E+00  2.47673046E-02
   36650  5.79468161E-02 -1.61281534E-01 -1.14242605E-02  1.57376583E+00  4.12594516E-02
   36700  6.34882796E-02 -1.56407889E-01 -1.75299648E-02  1.55679526E+00  2.55023405E-02
   36750  5.54189768E-02 -1.90173391E-01  1.74997713E-02  1.56238126E+00  2.35221202E-02
   36800  8.77056842E-02 -2.26132618E-01  2.43256775E-02  1.56736083E+00  3.25142176E-02
   36850  8.67666456E-02 -2.27144053E-01  1.76494586E-02  1.59058044E+00  2.87194268E-02
   36900  1.16156539E-01 -1.90592701E-01 -1.22102555E-02  1.59480474E+00  2.11701927E-02
   36950  1.02822678E-01 -1.93939719E-01  3.40197200E-04  1.58255114E+00  2.95959174E-02
   37000  8.32900132E-02 -1.77854101E-01  5.33463149E-03  1.60266164E+00  3.80312110E-02
   37050  4.00647377E-02 -1.04871380E-01 -4.21701393E-02  1.56517538E+00  3.22663739E-02
   37100  5.65045564E-02 -1.10439435E-01 -1.10311790E-01  1.59924710E+00  1.24531739E-02
   37150  6.93446956E-02 -9.71701056E-02 -1.07815691E-01  1.59078150E+00  9.98072059E-03
   37200  9.43798042E-02 -1.33788191E-01 -1.30341703E-02  1.58983543E+00  3.25679738E-02
   37250  6.98719106E-02 -1.42060126E-01 -5.37045989E-02  1.58718258E+00  4.49770541E-02
   37300 -1.05537267E-04 -9.17513881E-02 -9.15682247E-02  1.59356066E+00  2.17790664E-02
   37350 -2.77533270E-02 -8.89532345E-02 -8.35683667E-02  1.59815604E+00  1.25293337E-02
   37400 -2.87356327E-02 -7.00642092E-02 -6.69686688E-02  1.57385508E+00  2.65504329E-02
   37450 -6.50155909E-02 -1.03543949E-01 -5.53427211E-02  1.57135080E+00  3.09250434E-02
   37500 -1.25748721E-01 -1.03283298E-01 -3.05442926E-02  1.58224797E+00  2.42821738E-02
   37550 -7.46296664E-02 -6.69870222E-02 -4.71686845E-02  1.57524487E+00  2.37743901E-02
   37600 -3.24640004E-02 -3.27542224E-02 -1.08664354E-01  1.58851507E+00  2.17022762E-02
   37650 -5.45702866E-02 -6.94094383E-02 -7.17103891E-02  1.59094387E+00  1.18536191E-02
   37700 -3.61893984E-02 -7.98359235E-02 -4.18804603E-02  1.58280241E+00  1.63846264E-02
   37750 -1.48096585E-03 -1.01361930E-01 -2.67636193E-02  1.56112260E+00  3.53304304E-02
   37800 -2.43374374E-02 -9.69093773E-02  4.95685912E-02  1.57043697E+00  4.31485802E-02
   37850 -1.47774906E-02 -1.25065124E-01  5.90915255E-02  1.58769335E+00  1.97231626E-02
   37900 -5.18814309E-02 -1.39130426E-01  6.65124034E-02  1.57491320E+00  2.80040415E-02
   37950 -6.29180436E-02 -1.79800567E-01  4.19444647E-02  1.59113544E+00  3.91322732E-02
   38000 -9.53109231E-02 -1.66114893E-01  1.56775914E-02  1.57056682E+00  2.42352127E-02
   38050 -8.27009290E-02 -1.77843119E-01  1.47557841E-02  1.57150252E+00  2.82867732E-02
   38100 -1.59591691E-01 -1.65497059E-01 -4.05704937E-03  1.60016240E+00  9.35024150E-03
   38150 -1.39543115E-01 -1.71822975E-01  2.29603450E-02  1.56659126E+00  1.94999762E-02
   38200 -1.15553139E-01 -2.58960570E-01  9.94750961E-02  1.56137865E+00  2.74454707E-02
   38250 -1.77303071E-01 -2.64170698E-01  8.93722837E-02  1.58447557E+00  2.33165257E-02
   38300 -1.49359019E-01 -2.47494538E-01  8.70379335E-02  1.56108162E+00  4.84088409E-02
   38350 -1.15474492E-01 -2.10845137E-01  7.91412028E-02  1.57065398E+00  2.82477087E-02
   38400 -1.59975200E-01 -1.99652182E-01  9.96085204E-02  1.54621990E+00  1.85461181E-02
   38450 -1.65939874E-01 -1.78844133E-01  4.40159991E-02  1.52936658E+00  3.39583085E-02
   38500 -1.29507632E-01 -1.35208445E-01  1.21445150E-02  1.55246239E+00  1.78764630E-02
   38550 -9.96863303E-02 -1.48787428E-01  6.95763378E-02  1.55941370E+00  1.66475173E-02
   38600 -1.79511372E-01 -1.78432767E-01  1.00474643E-01  1.59090079E+00  3.23414882E-02
   38650 -1.99661722E-01 -1.73866363E-01  1.35620372E-01  1.58839845E+00  3.01395898E-02
   38700 -1.94390962E-01 -1.56570943E-01  1.09539231E-01  1.57899007E+00  2.79306217E-02
   38750 -1.99456645E-01 -1.50274167E-01  7.44834545E-02  1.57189898E+00  1.71731096E-02
   38800 -1.46456354E-01 -1.11059548E-01  8.60900463E-02  1.58845713E+00  2.13475820E-02
   38850 -1.06838928E-01 -1.02458499E-01  1.12412297E-03  1.60825719E+00  2.52738510E-02
   38900 -8.33411115E-02 -9.39218227E-02 -2.04930594E-02  1.59135840E+00  3.32262520E-02
   38950 -1.54611234E-01 -1.53081665E-01  5.73509508E-02  1.57487938E+00  4.48788537E-02
   39000 -1.72190717E-01 -1.42605387E-01  8.73835562E-02  1.55906314E+00  2.49196608E-02
   39050 -1.68449488E-01 -1.75783372E-01  6.17865054E-02  1.57246463E+00  1.21813467E-02
   39100 -1.93971305E-01 -1.75691869E-01  1.02124923E-01  1.61583492E+00  1.66075478E-02
   39150 -2.44979736E-01 -1.58579911E-01  1.06358673E-01  1.59671199E+00  2.93173135E-02
   39200 -2.08789106E-01 -2.17345023E-01  1.29557588E-01  1.57736180E+00  3.67308906E-02
   39250 -2.50115891E-01 -2.58250107E-01  1.79441716E-01  1.58341434E+00  2.10028866E-02
   39300 -2.43954294E-01 -2.63946676E-01  1.32282856E-01  1.58518889E+00  2.78554520E-02
   39350 -2.82441724E-01 -3.09473613E-01  1.51999497E-01  1.57988996E+00  3.18894219E-02
   39400 -2.07911631E-01 -3.51521186E-01  2.14834945E-01  1.58163851E+00  1.71846113E-02
   39450 -1.77152699E-01 -3.46874785E-01  2.68352157E-01  1.57284577E+00  1.53579025E-02
   39500 -1.34596562E-01 -3.73536306E-01  3.02996509E-01  1.56730842E+00  2.14946322E-02
   39550 -1.46553945E-01 -3.43265544E-01  2.86974889E-01  1.57009816E+00  1.47288611E-02
   39600 -1.07883077E-01 -3.10987479E-01  2.22706408E-01  1.55121253E+00  2.09291127E-02
   39650 -1.11202363E-01 -2.86579053E-01  2.05233439E-01  1.56975455E+00  1.98576497E-02
   39700 -1.08180486E-01 -2.70629975E-01  1.43152483E-01  1.58023423E+00  3.72327222E-02
   39750 -1.84275311E-01 -2.80828947E-01  1.73202419E-01  1.57790965E+00  3.32960719E-02
   39800 -1.30849322E-01 -2.93781808E-01  1.50899027E-01  1.55185152E+00  2.17426462E-02
   39850 -1.05158559E-01 -3.04456332E-01  1.59522395E-01  1.58676467E+00  3.99103848E-02
   39900 -9.49406831E-02 -3.21597382E-01  1.31293447E-01  1.57930943E+00  2.67931643E-02
   39950 -1.00814576E-01 -3.17524467E-01  9.12675806E-02  1.57819454E+00  1.66786608E-02
