   #Iter             <M>           <M^2>           <M^4>      U_{Binder}            \chi        C_v(tot)             <E>       <E_{exc}>       <E_{lsf}>
       1  1.58366048E+00  2.50922840E+00  6.30851440E+00  6.66016158E-01  1.81625573E-03  1.19729600E+00 -7.77007606E+00 -7.77007606E+00  0.00000000E+00
      11  1.57003173E+00  2.46631410E+00  6.09548835E+00  6.65966150E-01  1.91319981E-03  1.95045081E+00 -7.93544687E+00 -7.93544687E+00  0.00000000E+00
      21  1.57144806E+00  2.47030237E+00  6.11077217E+00  6.66209012E-01  1.24206556E-03  1.39078331E+00 -7.92674438E+00 -7.92674438E+00  0.00000000E+00
      31  1.57288221E+00  2.47477020E+00  6.13251201E+00  6.66229926E-01  1.18147829E-03  1.68545780E+00 -7.96536599E+00 -7.96536599E+00  0.00000000E+00
      41  1.57459443E+00  2.48029048E+00  6.16117327E+00  6.66160997E-01  1.37229902E-03  1.91356836E+00 -7.96159485E+00 -7.96159485E+00  0.00000000E+00
      51  1.57490069E+00  2.48123102E+00  6.16558528E+00  6.66175160E-01  1.33734868E-03  1.62805782E+00 -7.95087812E+00 -7.95087812E+00  0.00000000E+00
      61  1.57632059E+00  2.48579455E+00  6.18914976E+00  6.66128557E-01  1.46706189E-03  1.62981611E+00 -7.95954973E+00 -7.95954973E+00  0.00000000E+00
      71  1.57540199E+00  2.48288250E+00  6.17451611E+00  6.66136196E-01  1.44250241E-03  1.62882279E+00 -7.96084884E+00 -7.96084884E+00  0.00000000E+00
      81  1.57475926E+00  2.48083741E+00  6.16417029E+00  6.66145858E-01  1.41279450E-03  1.63193887E+00 -7.97200298E+00 -7.97200298E+00  0.00000000E+00
      91  1.57372979E+00  2.47757334E+00  6.14775297E+00  6.66157123E-01  1.37964960E-03  1.65508519E+00 -7.96429659E+00 -7.96429659E+00  0.00000000E+00
     101  1.57409534E+00  2.47877806E+00  6.15423029E+00  6.66130149E-01  1.45826447E-03  1.82368110E+00 -7.96556181E+00 -7.96556181E+00  0.00000000E+00
     111  1.57447322E+00  2.47998937E+00  6.16044740E+00  6.66119266E-01  1.48962367E-03  1.83726975E+00 -7.96465942E+00 -7.96465942E+00  0.00000000E+00
     121  1.57484669E+00  2.48118725E+00  6.16660176E+00  6.66108344E-01  1.52118441E-03  1.76116041E+00 -7.96488590E+00 -7.96488590E+00  0.00000000E+00
     131  1.57641572E+00  2.48610627E+00  6.19080758E+00  6.66122869E-01  1.48423096E-03  1.73740025E+00 -7.96515620E+00 -7.96515620E+00  0.00000000E+00
     141  1.57613177E+00  2.48526925E+00  6.18720938E+00  6.66092121E-01  1.56883989E-03  1.71215686E+00 -7.96556998E+00 -7.96556998E+00  0.00000000E+00
     151  1.57629854E+00  2.48579837E+00  6.18987833E+00  6.66090282E-01  1.57379785E-03  1.68796341E+00 -7.96698133E+00 -7.96698133E+00  0.00000000E+00
     161  1.57679782E+00  2.48737799E+00  6.19780637E+00  6.66087116E-01  1.58157708E-03  1.69880037E+00 -7.96621838E+00 -7.96621838E+00  0.00000000E+00
     171  1.57694244E+00  2.48782508E+00  6.19993597E+00  6.66092430E-01  1.56846697E-03  1.67047856E+00 -7.96821238E+00 -7.96821238E+00  0.00000000E+00
     181  1.57534881E+00  2.48281692E+00  6.17517944E+00  6.66082688E-01  1.59091121E-03  1.62491511E+00 -7.96878818E+00 -7.96878818E+00  0.00000000E+00
     191  1.57360798E+00  2.47741266E+00  6.14908505E+00  6.66041472E-01  1.70375106E-03  1.63486759E+00 -7.96639579E+00 -7.96639579E+00  0.00000000E+00
     201  1.57362778E+00  2.47747714E+00  6.14940993E+00  6.66041210E-01  1.70693453E-03  1.66703638E+00 -7.96540290E+00 -7.96540290E+00  0.00000000E+00
     211  1.57459786E+00  2.48052733E+00  6.16450910E+00  6.66044030E-01  1.70134445E-03  1.71240231E+00 -7.96869596E+00 -7.96869596E+00  0.00000000E+00
     221  1.57405044E+00  2.47874362E+00  6.15507590E+00  6.66074996E-01  1.61386788E-03  1.68027369E+00 -7.97011128E+00 -7.97011128E+00  0.00000000E+00
     231  1.57396862E+00  2.47848435E+00  6.15377526E+00  6.66075709E-01  1.61141732E-03  1.63074124E+00 -7.97184743E+00 -7.97184743E+00  0.00000000E+00
     241  1.57347617E+00  2.47693306E+00  6.14607208E+00  6.66075830E-01  1.60948442E-03  1.67167028E+00 -7.96998512E+00 -7.96998512E+00  0.00000000E+00
     251  1.57278097E+00  2.47474538E+00  6.13523019E+00  6.66075286E-01  1.60888010E-03  1.68861037E+00 -7.97064791E+00 -7.97064791E+00  0.00000000E+00
     261  1.57304326E+00  2.47557313E+00  6.13934546E+00  6.66074722E-01  1.61273969E-03  1.69060450E+00 -7.96975365E+00 -7.96975365E+00  0.00000000E+00
     271  1.57356660E+00  2.47719087E+00  6.14707948E+00  6.66090609E-01  1.57048016E-03  1.63686714E+00 -7.96988201E+00 -7.96988201E+00  0.00000000E+00
     281  1.57431933E+00  2.47957327E+00  6.15903219E+00  6.66083924E-01  1.58925577E-03  1.64866789E+00 -7.96833685E+00 -7.96833685E+00  0.00000000E+00
     291  1.57414919E+00  2.47903328E+00  6.15631869E+00  6.66085617E-01  1.58300695E-03  1.67728742E+00 -7.96827545E+00 -7.96827545E+00  0.00000000E+00
     301  1.57450958E+00  2.48015075E+00  6.16170087E+00  6.66094788E-01  1.55784369E-03  1.66392055E+00 -7.96996445E+00 -7.96996445E+00  0.00000000E+00
     311  1.57447185E+00  2.48003016E+00  6.16108298E+00  6.66095802E-01  1.55524919E-03  1.67088464E+00 -7.96972662E+00 -7.96972662E+00  0.00000000E+00
     321  1.57449703E+00  2.48009452E+00  6.16125816E+00  6.66103639E-01  1.53353223E-03  1.69943213E+00 -7.96895180E+00 -7.96895180E+00  0.00000000E+00
     331  1.57417147E+00  2.47904935E+00  6.15587992E+00  6.66113746E-01  1.50429014E-03  1.71657943E+00 -7.96844985E+00 -7.96844985E+00  0.00000000E+00
     341  1.57423784E+00  2.47924000E+00  6.15664841E+00  6.66123418E-01  1.47763563E-03  1.72178146E+00 -7.96940956E+00 -7.96940956E+00  0.00000000E+00
     351  1.57460053E+00  2.48036251E+00  6.16202011E+00  6.66134503E-01  1.44919296E-03  1.69875466E+00 -7.97066811E+00 -7.97066811E+00  0.00000000E+00
     361  1.57421989E+00  2.47915874E+00  6.15599216E+00  6.66137122E-01  1.44161129E-03  1.70398963E+00 -7.97241467E+00 -7.97241467E+00  0.00000000E+00
     371  1.57369542E+00  2.47750790E+00  6.14780240E+00  6.66136801E-01  1.44181917E-03  1.70482006E+00 -7.97151651E+00 -7.97151651E+00  0.00000000E+00
     381  1.57442356E+00  2.47980411E+00  6.15923386E+00  6.66135158E-01  1.44755378E-03  1.70372026E+00 -7.97283824E+00 -7.97283824E+00  0.00000000E+00
     391  1.57418533E+00  2.47904350E+00  6.15535633E+00  6.66140569E-01  1.43224438E-03  1.70079507E+00 -7.97214440E+00 -7.97214440E+00  0.00000000E+00
     401  1.57375086E+00  2.47766281E+00  6.14838240E+00  6.66147054E-01  1.41333679E-03  1.69657812E+00 -7.97295421E+00 -7.97295421E+00  0.00000000E+00
     411  1.57340688E+00  2.47658060E+00  6.14302038E+00  6.66146626E-01  1.41385192E-03  1.70911814E+00 -7.97074691E+00 -7.97074691E+00  0.00000000E+00
     421  1.57312015E+00  2.47569887E+00  6.13885659E+00  6.66135227E-01  1.44365502E-03  1.71731842E+00 -7.97080219E+00 -7.97080219E+00  0.00000000E+00
     431  1.57374584E+00  2.47768060E+00  6.14880359E+00  6.66128978E-01  1.46219551E-03  1.72411481E+00 -7.97170367E+00 -7.97170367E+00  0.00000000E+00
     441  1.57406767E+00  2.47868199E+00  6.15365732E+00  6.66135356E-01  1.44522829E-03  1.74969333E+00 -7.97082619E+00 -7.97082619E+00  0.00000000E+00
     451  1.57438603E+00  2.47967686E+00  6.15852020E+00  6.66139579E-01  1.43436694E-03  1.74312481E+00 -7.97182718E+00 -7.97182718E+00  0.00000000E+00
     461  1.57468328E+00  2.48061124E+00  6.16314299E+00  6.66140627E-01  1.43190709E-03  1.77214011E+00 -7.97121204E+00 -7.97121204E+00  0.00000000E+00
     471  1.57492708E+00  2.48138482E+00  6.16703980E+00  6.66137798E-01  1.44020624E-03  1.75530993E+00 -7.97104958E+00 -7.97104958E+00  0.00000000E+00
     481  1.57530643E+00  2.48258359E+00  6.17303008E+00  6.66136166E-01  1.44565053E-03  1.74534500E+00 -7.97103435E+00 -7.97103435E+00  0.00000000E+00
     491  1.57531313E+00  2.48260058E+00  6.17307479E+00  6.66138316E-01  1.43965878E-03  1.73037992E+00 -7.97173478E+00 -7.97173478E+00  0.00000000E+00
     501  1.57549707E+00  2.48318739E+00  6.17606534E+00  6.66134426E-01  1.45021917E-03  1.74308459E+00 -7.97305713E+00 -7.97305713E+00  0.00000000E+00
     511  1.57520283E+00  2.48225777E+00  6.17142582E+00  6.66135302E-01  1.44650508E-03  1.75444668E+00 -7.97196554E+00 -7.97196554E+00  0.00000000E+00
     521  1.57505234E+00  2.48177381E+00  6.16892498E+00  6.66140423E-01  1.43212842E-03  1.74606618E+00 -7.97137556E+00 -7.97137556E+00  0.00000000E+00
     531  1.57520779E+00  2.48226827E+00  6.17142946E+00  6.66137930E-01  1.43901359E-03  1.73594459E+00 -7.97168273E+00 -7.97168273E+00  0.00000000E+00
     541  1.57525547E+00  2.48242082E+00  6.17221483E+00  6.66136478E-01  1.44240550E-03  1.75008299E+00 -7.97109256E+00 -7.97109256E+00  0.00000000E+00
     551  1.57565115E+00  2.48366315E+00  6.17834551E+00  6.66139108E-01  1.43599017E-03  1.74068913E+00 -7.97025085E+00 -7.97025085E+00  0.00000000E+00
     561  1.57551707E+00  2.48326009E+00  6.17652745E+00  6.66128996E-01  1.46428909E-03  1.74968357E+00 -7.97063269E+00 -7.97063269E+00  0.00000000E+00
     571  1.57546928E+00  2.48310933E+00  6.17577518E+00  6.66129121E-01  1.46401851E-03  1.74459338E+00 -7.97038442E+00 -7.97038442E+00  0.00000000E+00
     581  1.57549093E+00  2.48316694E+00  6.17595800E+00  6.66134730E-01  1.44858489E-03  1.73429351E+00 -7.97040376E+00 -7.97040376E+00  0.00000000E+00
     591  1.57544929E+00  2.48304667E+00  6.17546769E+00  6.66128894E-01  1.46450898E-03  1.72718540E+00 -7.97013899E+00 -7.97013899E+00  0.00000000E+00
     601  1.57523873E+00  2.48237748E+00  6.17208873E+00  6.66131643E-01  1.45610623E-03  1.71476233E+00 -7.96911662E+00 -7.96911662E+00  0.00000000E+00
     611  1.57500222E+00  2.48164019E+00  6.16850222E+00  6.66127352E-01  1.46739717E-03  1.71345987E+00 -7.96837445E+00 -7.96837445E+00  0.00000000E+00
     621  1.57508996E+00  2.48191284E+00  6.16982027E+00  6.66129378E-01  1.46198776E-03  1.71801408E+00 -7.96870933E+00 -7.96870933E+00  0.00000000E+00
     631  1.57504672E+00  2.48176439E+00  6.16896320E+00  6.66135820E-01  1.44414821E-03  1.70419243E+00 -7.96896099E+00 -7.96896099E+00  0.00000000E+00
     641  1.57499671E+00  2.48161900E+00  6.16835308E+00  6.66129721E-01  1.46183181E-03  1.71395177E+00 -7.96893540E+00 -7.96893540E+00  0.00000000E+00
     651  1.57467928E+00  2.48062166E+00  6.16342048E+00  6.66128399E-01  1.46540556E-03  1.70385233E+00 -7.96828939E+00 -7.96828939E+00  0.00000000E+00
     661  1.57465917E+00  2.48055373E+00  6.16303837E+00  6.66130813E-01  1.45872999E-03  1.70957873E+00 -7.96854117E+00 -7.96854117E+00  0.00000000E+00
     671  1.57422886E+00  2.47920873E+00  6.15645953E+00  6.66125241E-01  1.47326882E-03  1.72055302E+00 -7.96850516E+00 -7.96850516E+00  0.00000000E+00
     681  1.57386038E+00  2.47805174E+00  6.15075069E+00  6.66123288E-01  1.47768518E-03  1.69860775E+00 -7.96762494E+00 -7.96762494E+00  0.00000000E+00
     691  1.57367856E+00  2.47748098E+00  6.14793560E+00  6.66122313E-01  1.47988078E-03  1.69059258E+00 -7.96742216E+00 -7.96742216E+00  0.00000000E+00
     701  1.57395824E+00  2.47835876E+00  6.15226427E+00  6.66123863E-01  1.47618293E-03  1.69203837E+00 -7.96742906E+00 -7.96742906E+00  0.00000000E+00
     711  1.57368758E+00  2.47749923E+00  6.14792999E+00  6.66127536E-01  1.46515187E-03  1.68806409E+00 -7.96764150E+00 -7.96764150E+00  0.00000000E+00
     721  1.57376763E+00  2.47776029E+00  6.14931405E+00  6.66122741E-01  1.47840102E-03  1.68910115E+00 -7.96790677E+00 -7.96790677E+00  0.00000000E+00
     731  1.57389378E+00  2.47815907E+00  6.15130564E+00  6.66122085E-01  1.48087456E-03  1.70102543E+00 -7.96773727E+00 -7.96773727E+00  0.00000000E+00
     741  1.57395835E+00  2.47836421E+00  6.15234303E+00  6.66121058E-01  1.48363325E-03  1.69240782E+00 -7.96823868E+00 -7.96823868E+00  0.00000000E+00
     751  1.57431828E+00  2.47949606E+00  6.15794375E+00  6.66122142E-01  1.48169576E-03  1.69241235E+00 -7.96808599E+00 -7.96808599E+00  0.00000000E+00
     761  1.57442437E+00  2.47982711E+00  6.15955582E+00  6.66123898E-01  1.47731023E-03  1.69742541E+00 -7.96763549E+00 -7.96763549E+00  0.00000000E+00
     771  1.57419972E+00  2.47912077E+00  6.15606108E+00  6.66123158E-01  1.47877250E-03  1.69306362E+00 -7.96768608E+00 -7.96768608E+00  0.00000000E+00
     781  1.57443331E+00  2.47985736E+00  6.15972952E+00  6.66122628E-01  1.48039424E-03  1.70113995E+00 -7.96846043E+00 -7.96846043E+00  0.00000000E+00
     791  1.57468428E+00  2.48064444E+00  6.16360665E+00  6.66124448E-01  1.47564247E-03  1.69124288E+00 -7.96837658E+00 -7.96837658E+00  0.00000000E+00
