   #Iter           <M>_x           <M>_y           <M>_z             <M>        M_{stdv}
       0 -2.11090612E-01  4.12231089E-01  6.32112821E-01  2.17919730E+00  1.41273216E-03
      50 -2.09219455E-01  4.35446376E-01  6.28645259E-01  2.18057519E+00  1.64060745E-03
     100 -1.98130150E-01  4.28042420E-01  6.31819216E-01  2.18059323E+00  2.64873988E-03
     150 -2.02854740E-01  4.39145283E-01  6.21221649E-01  2.17961079E+00  3.03839715E-03
     200 -1.97518195E-01  4.33225367E-01  6.03110520E-01  2.17936672E+00  1.54775249E-03
     250 -1.88935000E-01  4.23772509E-01  6.09807679E-01  2.18073074E+00  1.74954649E-03
     300 -1.95698765E-01  4.20105146E-01  6.01123295E-01  2.18007660E+00  1.31489723E-03
     350 -2.05565960E-01  4.14223983E-01  5.95538658E-01  2.18185981E+00  1.52816399E-03
     400 -2.02850152E-01  4.15300436E-01  5.98399856E-01  2.18035676E+00  7.40675256E-04
     450 -2.10915933E-01  4.03762907E-01  6.08809226E-01  2.17974176E+00  1.79157261E-03
     500 -2.08868127E-01  4.14002989E-01  6.03334719E-01  2.17893733E+00  2.32814443E-03
     550 -2.11005136E-01  4.17774656E-01  5.94302843E-01  2.17934766E+00  1.82778220E-03
     600 -2.06481135E-01  4.16170338E-01  5.92273185E-01  2.17773655E+00  1.94404212E-03
     650 -2.14529713E-01  4.16254417E-01  5.83778458E-01  2.17892362E+00  1.78618582E-03
     700 -2.12906620E-01  4.13114524E-01  5.72648726E-01  2.17824212E+00  1.78863901E-03
     750 -2.17016679E-01  4.06901601E-01  5.66828441E-01  2.17796651E+00  1.87559050E-03
     800 -2.29122587E-01  4.12576459E-01  5.70977266E-01  2.17973575E+00  1.38276214E-03
     850 -2.43994195E-01  4.27073997E-01  5.79886557E-01  2.17780589E+00  1.55060836E-03
     900 -2.58325879E-01  4.39440857E-01  5.79752341E-01  2.17889942E+00  2.19520647E-03
     950 -2.54873808E-01  4.20008573E-01  5.79680073E-01  2.17926627E+00  2.66654005E-03
    1000 -2.47558319E-01  4.12819444E-01  5.88113325E-01  2.17922013E+00  1.39132327E-03
    1050 -2.39587768E-01  4.07896765E-01  5.85687880E-01  2.17966201E+00  1.48068690E-03
    1100 -2.45418384E-01  4.11124274E-01  5.86175709E-01  2.17974128E+00  1.19849654E-03
    1150 -2.39493351E-01  4.14490284E-01  5.91842204E-01  2.18003694E+00  9.35385805E-04
    1200 -2.50445166E-01  4.05816303E-01  5.81702993E-01  2.17975787E+00  3.11809724E-03
    1250 -2.46618344E-01  3.93273315E-01  5.98100102E-01  2.18004966E+00  1.04111095E-03
    1300 -2.39813232E-01  3.99949254E-01  6.04557935E-01  2.18033070E+00  1.00939668E-03
    1350 -2.41701872E-01  4.03432507E-01  6.02656132E-01  2.18048930E+00  8.43224552E-04
    1400 -2.37028608E-01  3.93808390E-01  6.03169868E-01  2.18046548E+00  9.45293113E-04
    1450 -2.28298075E-01  4.06143656E-01  6.03833621E-01  2.18055086E+00  1.88094929E-03
    1500 -2.26413181E-01  4.06902584E-01  6.12012504E-01  2.18028416E+00  3.42260519E-03
    1550 -2.22329582E-01  4.12663259E-01  6.06456381E-01  2.17979176E+00  2.87802096E-03
    1600 -2.16520174E-01  4.08640176E-01  6.03353802E-01  2.18070886E+00  1.25647755E-03
    1650 -2.18161114E-01  4.09285093E-01  6.05935465E-01  2.18018003E+00  2.95043256E-03
    1700 -2.06883499E-01  4.02876557E-01  6.07638679E-01  2.18055100E+00  3.11350082E-03
    1750 -2.12187747E-01  4.00132605E-01  6.11590909E-01  2.17925334E+00  2.52737021E-03
    1800 -1.98204793E-01  4.05125220E-01  6.25257312E-01  2.17917462E+00  3.27064546E-03
    1850 -2.05648294E-01  4.13272902E-01  6.26813577E-01  2.17930552E+00  2.07052073E-03
    1900 -2.08659156E-01  4.16326235E-01  6.36540550E-01  2.17806971E+00  2.87263925E-03
    1950 -1.99820392E-01  4.11929583E-01  6.28350160E-01  2.17924113E+00  2.84866563E-03
