   #Iter             <M>           <M^2>           <M^4>      U_{Binder}            \chi        C_v(tot)             <E>       <E_{exc}>       <E_{lsf}>
       1  2.17964164E+00  4.75084304E+00  2.25706113E+01  6.66665165E-01  8.05110805E-05  5.07502294E-01 -1.20176027E+01 -1.20176027E+01  0.00000000E+00
      11  2.17863825E+00  4.74646831E+00  2.25290314E+01  6.66665632E-01  5.54135174E-05  9.10902095E-01 -1.20241865E+01 -1.20241865E+01  0.00000000E+00
      21  2.17849270E+00  4.74583584E+00  2.25230603E+01  6.66665150E-01  8.12235059E-05  1.35161636E+00 -1.20261572E+01 -1.20261572E+01  0.00000000E+00
      31  2.17793643E+00  4.74341194E+00  2.25000489E+01  6.66665303E-01  7.29713828E-05  1.24289290E+00 -1.20254151E+01 -1.20254151E+01  0.00000000E+00
      41  2.17827525E+00  4.74488743E+00  2.25140398E+01  6.66665437E-01  6.58256546E-05  1.14367624E+00 -1.20265995E+01 -1.20265995E+01  0.00000000E+00
      51  2.17854280E+00  4.74605346E+00  2.25251130E+01  6.66665341E-01  7.09877481E-05  1.15798697E+00 -1.20273690E+01 -1.20273690E+01  0.00000000E+00
      61  2.17864934E+00  4.74651828E+00  2.25295371E+01  6.66665168E-01  8.02548047E-05  1.15968011E+00 -1.20268175E+01 -1.20268175E+01  0.00000000E+00
      71  2.17876111E+00  4.74700506E+00  2.25341535E+01  6.66665239E-01  7.64581693E-05  1.12635896E+00 -1.20264608E+01 -1.20264608E+01  0.00000000E+00
      81  2.17879288E+00  4.74714308E+00  2.25354559E+01  6.66665358E-01  7.00983839E-05  1.14711760E+00 -1.20271655E+01 -1.20271655E+01  0.00000000E+00
      91  2.17871373E+00  4.74679847E+00  2.25321901E+01  6.66665270E-01  7.47867923E-05  1.14365991E+00 -1.20277417E+01 -1.20277417E+01  0.00000000E+00
     101  2.17853877E+00  4.74603654E+00  2.25249645E+01  6.66665161E-01  8.05970399E-05  1.11475149E+00 -1.20277883E+01 -1.20277883E+01  0.00000000E+00
     111  2.17860334E+00  4.74631817E+00  2.25276436E+01  6.66665077E-01  8.51398816E-05  1.14842473E+00 -1.20275886E+01 -1.20275886E+01  0.00000000E+00
     121  2.17851610E+00  4.74593782E+00  2.25240287E+01  6.66665144E-01  8.15374169E-05  1.10894089E+00 -1.20273110E+01 -1.20273110E+01  0.00000000E+00
     131  2.17848704E+00  4.74581148E+00  2.25228348E+01  6.66665066E-01  8.57052538E-05  1.08580707E+00 -1.20272023E+01 -1.20272023E+01  0.00000000E+00
     141  2.17853745E+00  4.74603087E+00  2.25249126E+01  6.66665134E-01  8.20779815E-05  1.17545365E+00 -1.20271790E+01 -1.20271790E+01  0.00000000E+00
     151  2.17851969E+00  4.74595342E+00  2.25241758E+01  6.66665157E-01  8.08326180E-05  1.15356977E+00 -1.20271358E+01 -1.20271358E+01  0.00000000E+00
     161  2.17855440E+00  4.74610475E+00  2.25256142E+01  6.66665129E-01  8.23216868E-05  1.13195744E+00 -1.20271883E+01 -1.20271883E+01  0.00000000E+00
     171  2.17860868E+00  4.74634117E+00  2.25278571E+01  6.66665149E-01  8.12631116E-05  1.11884754E+00 -1.20270711E+01 -1.20270711E+01  0.00000000E+00
     181  2.17865164E+00  4.74652827E+00  2.25296314E+01  6.66665175E-01  7.98659468E-05  1.14269066E+00 -1.20271646E+01 -1.20271646E+01  0.00000000E+00
     191  2.17861215E+00  4.74635625E+00  2.25279996E+01  6.66665159E-01  8.07547041E-05  1.14317875E+00 -1.20269954E+01 -1.20269954E+01  0.00000000E+00
     201  2.17852807E+00  4.74598994E+00  2.25245230E+01  6.66665150E-01  8.12084359E-05  1.11894084E+00 -1.20269035E+01 -1.20269035E+01  0.00000000E+00
     211  2.17856263E+00  4.74614052E+00  2.25259523E+01  6.66665151E-01  8.11734856E-05  1.15470599E+00 -1.20269553E+01 -1.20269553E+01  0.00000000E+00
     221  2.17854764E+00  4.74607521E+00  2.25253325E+01  6.66665148E-01  8.13169941E-05  1.15764328E+00 -1.20268311E+01 -1.20268311E+01  0.00000000E+00
     231  2.17852757E+00  4.74598786E+00  2.25245050E+01  6.66665123E-01  8.26417609E-05  1.13291632E+00 -1.20268050E+01 -1.20268050E+01  0.00000000E+00
     241  2.17856524E+00  4.74615202E+00  2.25260634E+01  6.66665121E-01  8.27882879E-05  1.13173845E+00 -1.20270025E+01 -1.20270025E+01  0.00000000E+00
     251  2.17861328E+00  4.74636130E+00  2.25280492E+01  6.66665134E-01  8.20820814E-05  1.15647204E+00 -1.20271966E+01 -1.20271966E+01  0.00000000E+00
     261  2.17866050E+00  4.74656699E+00  2.25300006E+01  6.66665152E-01  8.11334551E-05  1.13919816E+00 -1.20271587E+01 -1.20271587E+01  0.00000000E+00
     271  2.17870099E+00  4.74674339E+00  2.25316753E+01  6.66665150E-01  8.12219887E-05  1.14036677E+00 -1.20271341E+01 -1.20271341E+01  0.00000000E+00
     281  2.17867204E+00  4.74661731E+00  2.25304791E+01  6.66665140E-01  8.17905728E-05  1.15480495E+00 -1.20272139E+01 -1.20272139E+01  0.00000000E+00
     291  2.17872639E+00  4.74685409E+00  2.25327263E+01  6.66665150E-01  8.12611310E-05  1.14674433E+00 -1.20271213E+01 -1.20271213E+01  0.00000000E+00
     301  2.17875751E+00  4.74698965E+00  2.25340127E+01  6.66665159E-01  8.07690834E-05  1.15007143E+00 -1.20271365E+01 -1.20271365E+01  0.00000000E+00
     311  2.17877137E+00  4.74705017E+00  2.25345891E+01  6.66665131E-01  8.22561740E-05  1.13191137E+00 -1.20270848E+01 -1.20270848E+01  0.00000000E+00
     321  2.17874528E+00  4.74693637E+00  2.25335068E+01  6.66665160E-01  8.07203076E-05  1.13181297E+00 -1.20269909E+01 -1.20269909E+01  0.00000000E+00
     331  2.17874130E+00  4.74691900E+00  2.25333415E+01  6.66665164E-01  8.04845207E-05  1.10738415E+00 -1.20270053E+01 -1.20270053E+01  0.00000000E+00
     341  2.17870644E+00  4.74676704E+00  2.25318975E+01  6.66665186E-01  7.93031318E-05  1.10811744E+00 -1.20270403E+01 -1.20270403E+01  0.00000000E+00
     351  2.17865238E+00  4.74653141E+00  2.25296593E+01  6.66665203E-01  7.83818145E-05  1.09396004E+00 -1.20270004E+01 -1.20270004E+01  0.00000000E+00
     361  2.17862828E+00  4.74642633E+00  2.25286606E+01  6.66665221E-01  7.74033334E-05  1.11287744E+00 -1.20268586E+01 -1.20268586E+01  0.00000000E+00
     371  2.17857967E+00  4.74621462E+00  2.25266526E+01  6.66665197E-01  7.86841532E-05  1.12071873E+00 -1.20269972E+01 -1.20269972E+01  0.00000000E+00
     381  2.17852347E+00  4.74596979E+00  2.25243299E+01  6.66665178E-01  7.97202793E-05  1.12006308E+00 -1.20269948E+01 -1.20269948E+01  0.00000000E+00
     391  2.17850349E+00  4.74588269E+00  2.25235019E+01  6.66665197E-01  7.87106460E-05  1.11461252E+00 -1.20269183E+01 -1.20269183E+01  0.00000000E+00
     401  2.17850533E+00  4.74589085E+00  2.25235820E+01  6.66665157E-01  8.08500132E-05  1.14267880E+00 -1.20270736E+01 -1.20270736E+01  0.00000000E+00
     411  2.17849436E+00  4.74584305E+00  2.25231280E+01  6.66665161E-01  8.06519854E-05  1.15050443E+00 -1.20269998E+01 -1.20269998E+01  0.00000000E+00
     421  2.17843466E+00  4.74558304E+00  2.25206621E+01  6.66665131E-01  8.22431598E-05  1.15814968E+00 -1.20269997E+01 -1.20269997E+01  0.00000000E+00
     431  2.17841328E+00  4.74548988E+00  2.25197780E+01  6.66665131E-01  8.22108795E-05  1.16216407E+00 -1.20269642E+01 -1.20269642E+01  0.00000000E+00
     441  2.17841115E+00  4.74548054E+00  2.25196880E+01  6.66665150E-01  8.12388246E-05  1.15641416E+00 -1.20270090E+01 -1.20270090E+01  0.00000000E+00
     451  2.17844722E+00  4.74563763E+00  2.25211779E+01  6.66665167E-01  8.03281364E-05  1.15795656E+00 -1.20269477E+01 -1.20269477E+01  0.00000000E+00
     461  2.17845616E+00  4.74567662E+00  2.25215483E+01  6.66665161E-01  8.06047833E-05  1.15240325E+00 -1.20269818E+01 -1.20269818E+01  0.00000000E+00
     471  2.17847661E+00  4.74576567E+00  2.25223933E+01  6.66665165E-01  8.04366891E-05  1.14988757E+00 -1.20269283E+01 -1.20269283E+01  0.00000000E+00
     481  2.17844725E+00  4.74563771E+00  2.25211780E+01  6.66665176E-01  7.98372282E-05  1.13818614E+00 -1.20268260E+01 -1.20268260E+01  0.00000000E+00
     491  2.17844000E+00  4.74560611E+00  2.25208773E+01  6.66665187E-01  7.92114924E-05  1.13750032E+00 -1.20267188E+01 -1.20267188E+01  0.00000000E+00
     501  2.17843339E+00  4.74557731E+00  2.25206044E+01  6.66665181E-01  7.95367212E-05  1.12770874E+00 -1.20266641E+01 -1.20266641E+01  0.00000000E+00
     511  2.17845017E+00  4.74565044E+00  2.25212986E+01  6.66665180E-01  7.96287546E-05  1.12784321E+00 -1.20266315E+01 -1.20266315E+01  0.00000000E+00
     521  2.17849360E+00  4.74583964E+00  2.25230938E+01  6.66665189E-01  7.91227128E-05  1.12779240E+00 -1.20267376E+01 -1.20267376E+01  0.00000000E+00
     531  2.17848999E+00  4.74582390E+00  2.25229444E+01  6.66665188E-01  7.91765126E-05  1.13404225E+00 -1.20267473E+01 -1.20267473E+01  0.00000000E+00
     541  2.17850565E+00  4.74589210E+00  2.25235910E+01  6.66665200E-01  7.85675564E-05  1.14612298E+00 -1.20267875E+01 -1.20267875E+01  0.00000000E+00
     551  2.17849475E+00  4.74584464E+00  2.25231408E+01  6.66665194E-01  7.88539437E-05  1.13602697E+00 -1.20267761E+01 -1.20267761E+01  0.00000000E+00
     561  2.17851298E+00  4.74592409E+00  2.25238956E+01  6.66665185E-01  7.93365659E-05  1.13027883E+00 -1.20268437E+01 -1.20268437E+01  0.00000000E+00
     571  2.17850517E+00  4.74589004E+00  2.25235721E+01  6.66665190E-01  7.91011453E-05  1.12212593E+00 -1.20268783E+01 -1.20268783E+01  0.00000000E+00
     581  2.17855390E+00  4.74610242E+00  2.25255889E+01  6.66665176E-01  7.98157329E-05  1.12082487E+00 -1.20269667E+01 -1.20269667E+01  0.00000000E+00
     591  2.17855704E+00  4.74611604E+00  2.25257176E+01  6.66665185E-01  7.93364331E-05  1.11436259E+00 -1.20270523E+01 -1.20270523E+01  0.00000000E+00
     601  2.17855964E+00  4.74612731E+00  2.25258230E+01  6.66665208E-01  7.81047807E-05  1.11925106E+00 -1.20270808E+01 -1.20270808E+01  0.00000000E+00
     611  2.17855897E+00  4.74612436E+00  2.25257947E+01  6.66665214E-01  7.78191541E-05  1.12425757E+00 -1.20270491E+01 -1.20270491E+01  0.00000000E+00
     621  2.17856581E+00  4.74615412E+00  2.25260761E+01  6.66665229E-01  7.69911558E-05  1.11643775E+00 -1.20270344E+01 -1.20270344E+01  0.00000000E+00
     631  2.17852318E+00  4.74596848E+00  2.25243159E+01  6.66665200E-01  7.85451059E-05  1.12246356E+00 -1.20270030E+01 -1.20270030E+01  0.00000000E+00
     641  2.17853611E+00  4.74602482E+00  2.25248512E+01  6.66665193E-01  7.89235075E-05  1.12211665E+00 -1.20269996E+01 -1.20269996E+01  0.00000000E+00
     651  2.17853259E+00  4.74600943E+00  2.25247036E+01  6.66665216E-01  7.77167033E-05  1.13203285E+00 -1.20268411E+01 -1.20268411E+01  0.00000000E+00
     661  2.17855576E+00  4.74611031E+00  2.25256600E+01  6.66665232E-01  7.68426400E-05  1.11813733E+00 -1.20268156E+01 -1.20268156E+01  0.00000000E+00
     671  2.17857606E+00  4.74619871E+00  2.25264980E+01  6.66665249E-01  7.59396625E-05  1.11628886E+00 -1.20268292E+01 -1.20268292E+01  0.00000000E+00
     681  2.17856151E+00  4.74613534E+00  2.25258974E+01  6.66665234E-01  7.67228651E-05  1.12709253E+00 -1.20267813E+01 -1.20267813E+01  0.00000000E+00
     691  2.17854846E+00  4.74607851E+00  2.25253581E+01  6.66665234E-01  7.67486217E-05  1.11826737E+00 -1.20267808E+01 -1.20267808E+01  0.00000000E+00
     701  2.17856134E+00  4.74613457E+00  2.25258896E+01  6.66665243E-01  7.62504226E-05  1.12018572E+00 -1.20268232E+01 -1.20268232E+01  0.00000000E+00
     711  2.17856890E+00  4.74616751E+00  2.25262023E+01  6.66665242E-01  7.62855816E-05  1.12467699E+00 -1.20267992E+01 -1.20267992E+01  0.00000000E+00
     721  2.17857547E+00  4.74619615E+00  2.25264741E+01  6.66665243E-01  7.62452533E-05  1.11635080E+00 -1.20267507E+01 -1.20267507E+01  0.00000000E+00
     731  2.17858939E+00  4.74625675E+00  2.25270487E+01  6.66665253E-01  7.57388273E-05  1.10815011E+00 -1.20268307E+01 -1.20268307E+01  0.00000000E+00
     741  2.17859870E+00  4.74629732E+00  2.25274336E+01  6.66665256E-01  7.55753994E-05  1.09756661E+00 -1.20268108E+01 -1.20268108E+01  0.00000000E+00
     751  2.17858975E+00  4.74625825E+00  2.25270616E+01  6.66665273E-01  7.46399053E-05  1.09928189E+00 -1.20267627E+01 -1.20267627E+01  0.00000000E+00
     761  2.17857527E+00  4.74619518E+00  2.25264631E+01  6.66665270E-01  7.48028784E-05  1.09974327E+00 -1.20267434E+01 -1.20267434E+01  0.00000000E+00
     771  2.17858504E+00  4.74623770E+00  2.25268660E+01  6.66665281E-01  7.42078252E-05  1.10212898E+00 -1.20267114E+01 -1.20267114E+01  0.00000000E+00
     781  2.17859697E+00  4.74628970E+00  2.25273599E+01  6.66665275E-01  7.45132175E-05  1.10874663E+00 -1.20267969E+01 -1.20267969E+01  0.00000000E+00
     791  2.17863398E+00  4.74645098E+00  2.25288913E+01  6.66665270E-01  7.48106934E-05  1.10656826E+00 -1.20268275E+01 -1.20268275E+01  0.00000000E+00
