   #Iter           <M>_x           <M>_y           <M>_z             <M>        M_{stdv}
       0 -1.79305826E-01  4.70187974E-01  1.84306763E-01  1.83488164E+00  1.01778576E-02
      50 -1.53581289E-01  4.88174437E-01  1.60614478E-01  1.82325905E+00  1.23220677E-02
     100 -1.72371099E-01  5.13510224E-01  1.39274102E-01  1.81827643E+00  2.58055294E-02
     150 -1.67716802E-01  5.14700131E-01  1.44606901E-01  1.82682671E+00  1.35056585E-02
     200 -1.19819548E-01  5.34777638E-01  1.55015647E-01  1.82403296E+00  1.83087634E-02
     250 -1.28504845E-01  5.32693993E-01  1.55084821E-01  1.82191075E+00  1.60686789E-02
     300 -9.96652241E-02  5.34363170E-01  1.93466907E-01  1.83676394E+00  9.52839733E-03
     350 -7.65789404E-02  5.29358112E-01  2.26364679E-01  1.83814388E+00  9.33306123E-03
     400 -1.14096775E-01  4.77650630E-01  2.23520106E-01  1.82233589E+00  1.03936755E-02
     450 -1.21810364E-01  4.85274678E-01  2.21003028E-01  1.82664610E+00  1.08201876E-02
     500 -1.43335712E-01  4.61060880E-01  2.31691537E-01  1.83066276E+00  2.42921636E-02
     550 -1.50806694E-01  4.67383317E-01  2.18970612E-01  1.83053165E+00  1.34539273E-02
     600 -1.55344267E-01  4.80177923E-01  2.10478856E-01  1.82541180E+00  1.62503546E-02
     650 -1.46765383E-01  4.67215029E-01  2.24596609E-01  1.81914043E+00  1.81770389E-02
     700 -8.28928959E-02  4.73010011E-01  2.92085619E-01  1.82029206E+00  1.66164041E-02
     750 -6.83746650E-02  4.83904508E-01  2.98491727E-01  1.81405036E+00  1.54605512E-02
     800 -5.98686025E-02  5.16657860E-01  2.79756435E-01  1.81358976E+00  1.17130036E-02
     850 -3.38743983E-02  5.00472259E-01  2.63033744E-01  1.81128245E+00  1.77637870E-02
     900 -7.18835698E-02  5.10225858E-01  2.70985750E-01  1.81679387E+00  1.53737357E-02
     950 -7.63080078E-02  5.23783129E-01  2.78337245E-01  1.82247126E+00  1.57005660E-02
    1000 -1.03854102E-01  5.26323496E-01  2.90427662E-01  1.84396041E+00  7.08518874E-03
    1050 -6.35757281E-02  5.33897669E-01  3.06855451E-01  1.82888602E+00  1.71300119E-02
    1100 -5.57879955E-02  5.25018260E-01  3.16562781E-01  1.83595722E+00  1.40578992E-02
    1150 -5.24452401E-02  4.87361532E-01  3.54956515E-01  1.85240548E+00  1.02748402E-02
    1200 -2.69284358E-02  4.82949341E-01  3.68545523E-01  1.84023743E+00  1.42874385E-02
    1250 -1.87198951E-02  4.66513050E-01  3.49311927E-01  1.82294917E+00  2.44344346E-02
    1300 -2.51549142E-02  4.60326821E-01  3.50461722E-01  1.82680723E+00  2.01298702E-02
    1350 -2.74542796E-02  4.49790216E-01  3.64073707E-01  1.82917608E+00  2.00893641E-02
    1400 -5.70332729E-02  3.99397032E-01  3.52114578E-01  1.82809097E+00  8.28441444E-03
    1450 -6.55046416E-02  3.69139355E-01  3.39002285E-01  1.83968980E+00  2.76943219E-02
    1500 -9.23366074E-02  3.61933651E-01  3.31102401E-01  1.82328497E+00  9.98393622E-03
    1550 -5.63771810E-02  3.61863657E-01  3.74269419E-01  1.82535722E+00  1.51583055E-02
    1600 -6.23824109E-02  3.67034933E-01  3.60029982E-01  1.82397859E+00  9.07580294E-03
    1650 -5.70167534E-02  4.13983785E-01  3.36760880E-01  1.82409169E+00  1.36916795E-02
    1700 -6.97611497E-02  4.18882101E-01  3.12203582E-01  1.83128986E+00  6.44146881E-03
    1750 -9.57906149E-02  4.13090512E-01  3.15612328E-01  1.82688253E+00  1.41032279E-02
    1800 -7.81253203E-02  4.50455663E-01  3.20595897E-01  1.83697652E+00  1.94007857E-02
    1850 -4.15512331E-02  4.46175736E-01  3.22084405E-01  1.83647626E+00  1.55813158E-02
    1900 -4.59611034E-02  4.26134011E-01  3.23750145E-01  1.84365219E+00  7.65140562E-03
    1950 -7.38195909E-02  4.37575094E-01  2.99783500E-01  1.83237180E+00  2.26357968E-02
