   #Iter             <M>           <M^2>           <M^4>      U_{Binder}            \chi        C_v(tot)             <E>       <E_{exc}>       <E_{lsf}>
       1  1.82660697E+00  3.33657524E+00  1.11338328E+01  6.66633777E-01  1.76630055E-04  1.47032473E+00 -9.50438101E+00 -9.50438101E+00  0.00000000E+00
      11  1.83072324E+00  3.35180045E+00  1.12379317E+01  6.66566812E-01  5.43294235E-04  1.20830303E+00 -9.55174407E+00 -9.55174407E+00  0.00000000E+00
      21  1.82805421E+00  3.34214788E+00  1.11748373E+01  6.66520893E-01  7.85675173E-04  1.51626740E+00 -9.56040019E+00 -9.56040019E+00  0.00000000E+00
      31  1.82686810E+00  3.33784512E+00  1.11465228E+01  6.66507716E-01  8.55285632E-04  1.97954194E+00 -9.55488538E+00 -9.55488538E+00  0.00000000E+00
      41  1.82644141E+00  3.33623878E+00  1.11351521E+01  6.66527024E-01  7.53187469E-04  1.69269525E+00 -9.55278744E+00 -9.55278744E+00  0.00000000E+00
      51  1.82506516E+00  3.33120117E+00  1.11014047E+01  6.66531388E-01  7.26932965E-04  1.63741263E+00 -9.55047410E+00 -9.55047410E+00  0.00000000E+00
      61  1.82546100E+00  3.33261291E+00  1.11103658E+01  6.66544904E-01  6.55442552E-04  1.61467218E+00 -9.55213308E+00 -9.55213308E+00  0.00000000E+00
      71  1.82347509E+00  3.32535921E+00  1.10619672E+01  6.66547496E-01  6.39837207E-04  1.62943449E+00 -9.55981104E+00 -9.55981104E+00  0.00000000E+00
      81  1.82230916E+00  3.32116920E+00  1.10349099E+01  6.66523272E-01  7.70339563E-04  1.46679124E+00 -9.55920125E+00 -9.55920125E+00  0.00000000E+00
      91  1.82395200E+00  3.32715394E+00  1.10746351E+01  6.66525690E-01  7.58556867E-04  1.49022258E+00 -9.56061202E+00 -9.56061202E+00  0.00000000E+00
     101  1.82461367E+00  3.32956703E+00  1.10906887E+01  6.66526186E-01  7.56261116E-04  1.56114686E+00 -9.55947115E+00 -9.55947115E+00  0.00000000E+00
     111  1.82448585E+00  3.32907893E+00  1.10871531E+01  6.66534732E-01  7.09720030E-04  1.49214967E+00 -9.55639528E+00 -9.55639528E+00  0.00000000E+00
     121  1.82497288E+00  3.33085977E+00  1.10990593E+01  6.66533493E-01  7.17102056E-04  1.48218307E+00 -9.55498313E+00 -9.55498313E+00  0.00000000E+00
     131  1.82559822E+00  3.33314803E+00  1.11143831E+01  6.66531433E-01  7.28700559E-04  1.46749372E+00 -9.55543459E+00 -9.55543459E+00  0.00000000E+00
     141  1.82591714E+00  3.33430439E+00  1.11219852E+01  6.66534761E-01  7.11124915E-04  1.37026469E+00 -9.55419620E+00 -9.55419620E+00  0.00000000E+00
     151  1.82625729E+00  3.33554310E+00  1.11302015E+01  6.66536227E-01  7.03464304E-04  1.36748590E+00 -9.55539149E+00 -9.55539149E+00  0.00000000E+00
     161  1.82688837E+00  3.33784300E+00  1.11454785E+01  6.66538535E-01  6.91565785E-04  1.35359835E+00 -9.55774642E+00 -9.55774642E+00  0.00000000E+00
     171  1.82718392E+00  3.33891827E+00  1.11525962E+01  6.66540461E-01  6.81489220E-04  1.33989735E+00 -9.55857379E+00 -9.55857379E+00  0.00000000E+00
     181  1.82692062E+00  3.33795628E+00  1.11461745E+01  6.66540345E-01  6.81811171E-04  1.38639979E+00 -9.55880312E+00 -9.55880312E+00  0.00000000E+00
     191  1.82789446E+00  3.34151888E+00  1.11700206E+01  6.66539128E-01  6.89101539E-04  1.35194170E+00 -9.55951880E+00 -9.55951880E+00  0.00000000E+00
     201  1.82699031E+00  3.33823799E+00  1.11484145E+01  6.66529621E-01  7.39973546E-04  1.33269969E+00 -9.55812176E+00 -9.55812176E+00  0.00000000E+00
     211  1.82682990E+00  3.33764685E+00  1.11444021E+01  6.66531548E-01  7.29187291E-04  1.36012181E+00 -9.55774188E+00 -9.55774188E+00  0.00000000E+00
     221  1.82636880E+00  3.33598141E+00  1.11335347E+01  6.66524014E-01  7.70086768E-04  1.32134429E+00 -9.55754929E+00 -9.55754929E+00  0.00000000E+00
     231  1.82658436E+00  3.33676690E+00  1.11387519E+01  6.66524803E-01  7.65936363E-04  1.29068304E+00 -9.55757867E+00 -9.55757867E+00  0.00000000E+00
     241  1.82671196E+00  3.33722909E+00  1.11417857E+01  6.66526363E-01  7.57385488E-04  1.29514563E+00 -9.55771689E+00 -9.55771689E+00  0.00000000E+00
     251  1.82645559E+00  3.33630456E+00  1.11357745E+01  6.66521535E-01  7.83216427E-04  1.30993376E+00 -9.55719435E+00 -9.55719435E+00  0.00000000E+00
     261  1.82637638E+00  3.33600532E+00  1.11336465E+01  6.66525442E-01  7.61945938E-04  1.29160133E+00 -9.55816750E+00 -9.55816750E+00  0.00000000E+00
     271  1.82668551E+00  3.33712575E+00  1.11410070E+01  6.66529017E-01  7.42978618E-04  1.28712036E+00 -9.55860980E+00 -9.55860980E+00  0.00000000E+00
     281  1.82651481E+00  3.33650810E+00  1.11369651E+01  6.66526571E-01  7.55748657E-04  1.30911922E+00 -9.55925606E+00 -9.55925606E+00  0.00000000E+00
     291  1.82667983E+00  3.33711165E+00  1.11410038E+01  6.66526296E-01  7.57258441E-04  1.31147904E+00 -9.55956458E+00 -9.55956458E+00  0.00000000E+00
     301  1.82744933E+00  3.33992970E+00  1.11599092E+01  6.66523869E-01  7.70577559E-04  1.31506164E+00 -9.56101177E+00 -9.56101177E+00  0.00000000E+00
     311  1.82764401E+00  3.34064592E+00  1.11647541E+01  6.66522132E-01  7.80516718E-04  1.33811810E+00 -9.56261165E+00 -9.56261165E+00  0.00000000E+00
     321  1.82743642E+00  3.33988715E+00  1.11596833E+01  6.66522122E-01  7.80563608E-04  1.35600467E+00 -9.56313294E+00 -9.56313294E+00  0.00000000E+00
     331  1.82738455E+00  3.33968681E+00  1.11582021E+01  6.66526377E-01  7.57430435E-04  1.32010964E+00 -9.56371103E+00 -9.56371103E+00  0.00000000E+00
     341  1.82727184E+00  3.33926575E+00  1.11552679E+01  6.66529988E-01  7.37746809E-04  1.30952142E+00 -9.56374194E+00 -9.56374194E+00  0.00000000E+00
     351  1.82738260E+00  3.33966840E+00  1.11579303E+01  6.66530825E-01  7.33202149E-04  1.30143553E+00 -9.56343252E+00 -9.56343252E+00  0.00000000E+00
     361  1.82780670E+00  3.34121543E+00  1.11682255E+01  6.66532157E-01  7.26443081E-04  1.32281660E+00 -9.56375610E+00 -9.56375610E+00  0.00000000E+00
     371  1.82781161E+00  3.34123517E+00  1.11683822E+01  6.66531418E-01  7.30247199E-04  1.30478140E+00 -9.56374321E+00 -9.56374321E+00  0.00000000E+00
     381  1.82743404E+00  3.33985561E+00  1.11591703E+01  6.66531154E-01  7.31434729E-04  1.32971874E+00 -9.56230520E+00 -9.56230520E+00  0.00000000E+00
     391  1.82730967E+00  3.33939565E+00  1.11560264E+01  6.66533259E-01  7.19817139E-04  1.32507868E+00 -9.56222030E+00 -9.56222030E+00  0.00000000E+00
     401  1.82733391E+00  3.33948546E+00  1.11566432E+01  6.66532759E-01  7.22426832E-04  1.32939569E+00 -9.56192384E+00 -9.56192384E+00  0.00000000E+00
     411  1.82718119E+00  3.33894149E+00  1.11531951E+01  6.66527193E-01  7.52855837E-04  1.31231031E+00 -9.56143312E+00 -9.56143312E+00  0.00000000E+00
     421  1.82751829E+00  3.34017369E+00  1.11614300E+01  6.66527148E-01  7.53262438E-04  1.30537338E+00 -9.56201716E+00 -9.56201716E+00  0.00000000E+00
     431  1.82754124E+00  3.34025182E+00  1.11618758E+01  6.66529430E-01  7.40905444E-04  1.31633521E+00 -9.56144708E+00 -9.56144708E+00  0.00000000E+00
     441  1.82743858E+00  3.33987344E+00  1.11593061E+01  6.66530657E-01  7.34127336E-04  1.30452985E+00 -9.56094309E+00 -9.56094309E+00  0.00000000E+00
     451  1.82755208E+00  3.34028286E+00  1.11619697E+01  6.66532820E-01  7.22480889E-04  1.28300432E+00 -9.56053295E+00 -9.56053295E+00  0.00000000E+00
     461  1.82746597E+00  3.33996525E+00  1.11598109E+01  6.66533905E-01  7.16305078E-04  1.27671783E+00 -9.56131405E+00 -9.56131405E+00  0.00000000E+00
     471  1.82783145E+00  3.34130395E+00  1.11687948E+01  6.66532824E-01  7.22248291E-04  1.27282625E+00 -9.56140640E+00 -9.56140640E+00  0.00000000E+00
     481  1.82789230E+00  3.34152163E+00  1.11701859E+01  6.66534745E-01  7.11945649E-04  1.28173856E+00 -9.56158648E+00 -9.56158648E+00  0.00000000E+00
     491  1.82763351E+00  3.34057599E+00  1.11638708E+01  6.66534557E-01  7.12753259E-04  1.30216155E+00 -9.56112438E+00 -9.56112438E+00  0.00000000E+00
     501  1.82773968E+00  3.34096560E+00  1.11664956E+01  6.66533940E-01  7.16048509E-04  1.32419488E+00 -9.56206475E+00 -9.56206475E+00  0.00000000E+00
     511  1.82781877E+00  3.34125110E+00  1.11683550E+01  6.66535407E-01  7.08253456E-04  1.30657269E+00 -9.56250787E+00 -9.56250787E+00  0.00000000E+00
     521  1.82788577E+00  3.34149543E+00  1.11699795E+01  6.66535674E-01  7.06925988E-04  1.29888892E+00 -9.56274958E+00 -9.56274958E+00  0.00000000E+00
     531  1.82774144E+00  3.34097946E+00  1.11666851E+01  6.66531050E-01  7.31962482E-04  1.30247232E+00 -9.56317209E+00 -9.56317209E+00  0.00000000E+00
     541  1.82768014E+00  3.34075298E+00  1.11651397E+01  6.66531990E-01  7.26843626E-04  1.31181350E+00 -9.56311100E+00 -9.56311100E+00  0.00000000E+00
     551  1.82792613E+00  3.34165188E+00  1.11711431E+01  6.66532165E-01  7.26092398E-04  1.32131305E+00 -9.56272900E+00 -9.56272900E+00  0.00000000E+00
     561  1.82801866E+00  3.34198639E+00  1.11733285E+01  6.66533693E-01  7.17948962E-04  1.31322162E+00 -9.56264249E+00 -9.56264249E+00  0.00000000E+00
     571  1.82815548E+00  3.34248377E+00  1.11766160E+01  6.66534844E-01  7.11870143E-04  1.30178979E+00 -9.56244402E+00 -9.56244402E+00  0.00000000E+00
     581  1.82820408E+00  3.34266225E+00  1.11778188E+01  6.66534569E-01  7.13517575E-04  1.30453099E+00 -9.56255833E+00 -9.56255833E+00  0.00000000E+00
     591  1.82808717E+00  3.34223828E+00  1.11750299E+01  6.66533185E-01  7.21005988E-04  1.31657354E+00 -9.56292018E+00 -9.56292018E+00  0.00000000E+00
     601  1.82815600E+00  3.34248768E+00  1.11766677E+01  6.66534079E-01  7.16141107E-04  1.30541339E+00 -9.56338963E+00 -9.56338963E+00  0.00000000E+00
     611  1.82833214E+00  3.34313217E+00  1.11809834E+01  6.66533926E-01  7.17121064E-04  1.29602172E+00 -9.56317197E+00 -9.56317197E+00  0.00000000E+00
     621  1.82848264E+00  3.34368047E+00  1.11846230E+01  6.66534769E-01  7.12717644E-04  1.31161041E+00 -9.56302325E+00 -9.56302325E+00  0.00000000E+00
     631  1.82865306E+00  3.34430104E+00  1.11887383E+01  6.66535862E-01  7.06924649E-04  1.30141397E+00 -9.56277685E+00 -9.56277685E+00  0.00000000E+00
     641  1.82892957E+00  3.34531429E+00  1.11955434E+01  6.66535142E-01  7.10977682E-04  1.30610398E+00 -9.56312453E+00 -9.56312453E+00  0.00000000E+00
     651  1.82906755E+00  3.34581768E+00  1.11988938E+01  6.66535713E-01  7.08126853E-04  1.30931841E+00 -9.56329895E+00 -9.56329895E+00  0.00000000E+00
     661  1.82917852E+00  3.34622192E+00  1.12015769E+01  6.66536404E-01  7.04408479E-04  1.29473980E+00 -9.56331508E+00 -9.56331508E+00  0.00000000E+00
     671  1.82911782E+00  3.34599934E+00  1.12000805E+01  6.66536590E-01  7.03297059E-04  1.30875389E+00 -9.56335495E+00 -9.56335495E+00  0.00000000E+00
     681  1.82921373E+00  3.34635034E+00  1.12024316E+01  6.66536554E-01  7.03564830E-04  1.31214406E+00 -9.56381412E+00 -9.56381412E+00  0.00000000E+00
     691  1.82903291E+00  3.34569192E+00  1.11980657E+01  6.66535305E-01  7.10211967E-04  1.30330011E+00 -9.56340276E+00 -9.56340276E+00  0.00000000E+00
     701  1.82900809E+00  3.34560113E+00  1.11974579E+01  6.66535306E-01  7.10209260E-04  1.30069368E+00 -9.56334245E+00 -9.56334245E+00  0.00000000E+00
     711  1.82908598E+00  3.34588333E+00  1.11993099E+01  6.66536411E-01  7.04334000E-04  1.31194554E+00 -9.56381028E+00 -9.56381028E+00  0.00000000E+00
     721  1.82909344E+00  3.34591133E+00  1.11995070E+01  6.66536122E-01  7.05833016E-04  1.30967321E+00 -9.56437978E+00 -9.56437978E+00  0.00000000E+00
     731  1.82907219E+00  3.34583371E+00  1.11989896E+01  6.66536057E-01  7.06093462E-04  1.31518963E+00 -9.56421545E+00 -9.56421545E+00  0.00000000E+00
     741  1.82925985E+00  3.34651958E+00  1.12035720E+01  6.66536339E-01  7.04704518E-04  1.33067615E+00 -9.56468810E+00 -9.56468810E+00  0.00000000E+00
     751  1.82903044E+00  3.34568374E+00  1.11980225E+01  6.66534961E-01  7.11998068E-04  1.33473330E+00 -9.56464848E+00 -9.56464848E+00  0.00000000E+00
     761  1.82915307E+00  3.34613282E+00  1.12010343E+01  6.66534795E-01  7.12999419E-04  1.34088568E+00 -9.56489047E+00 -9.56489047E+00  0.00000000E+00
     771  1.82939517E+00  3.34701853E+00  1.12069633E+01  6.66534842E-01  7.13002585E-04  1.34877123E+00 -9.56510168E+00 -9.56510168E+00  0.00000000E+00
     781  1.82944876E+00  3.34721564E+00  1.12082971E+01  6.66534433E-01  7.15199679E-04  1.35413969E+00 -9.56464735E+00 -9.56464735E+00  0.00000000E+00
     791  1.82936792E+00  3.34692045E+00  1.12063289E+01  6.66534177E-01  7.16483124E-04  1.34950699E+00 -9.56460620E+00 -9.56460620E+00  0.00000000E+00
