   #Iter           <M>_x           <M>_y           <M>_z             <M>        M_{stdv}
       0 -1.13946214E-01 -4.20613730E-03 -1.97878969E-02  1.29604746E-01  2.74893665E-02
      50  4.49325883E-02 -2.53729965E-02 -2.94613624E-02  9.32788077E-02  2.61375044E-02
     100  3.47486126E-02  3.09951173E-02  2.30556488E-02  9.36098767E-02  1.13283093E-02
     150 -1.16228823E-02 -6.73995271E-03  2.78322679E-02  8.46301653E-02  3.90369701E-02
     200 -7.17338218E-03  3.03219099E-03 -2.16504699E-02  7.15678937E-02  2.93332788E-02
     250  3.60646305E-03  2.12968990E-02  4.54830084E-02  9.52685295E-02  3.52505507E-02
     300 -1.26635912E-01 -3.62579467E-02  5.62660917E-02  1.55502194E-01  3.13197104E-02
     350 -1.18663774E-01 -5.53433080E-02 -3.37390627E-03  1.47869116E-01  6.07716784E-02
     400  6.14511728E-02  1.33642461E-02 -2.04604200E-02  1.04773162E-01  2.30941152E-02
     450 -2.93824782E-02 -1.36306836E-02 -8.80945688E-02  1.11710414E-01  6.02129783E-02
     500 -3.60733943E-02 -4.99731302E-04 -2.73044052E-02  8.46151369E-02  5.35532339E-02
     550  6.73232830E-02 -4.52941101E-02  2.93720173E-03  9.87048767E-02  3.32896145E-02
     600 -1.58037432E-02 -8.55672384E-02  2.89033592E-02  1.20600923E-01  6.48590326E-02
     650 -1.98646341E-02  6.06477968E-02 -2.75927197E-02  1.08942280E-01  4.05065102E-02
     700 -3.12782652E-03  2.12524317E-02  1.31166274E-02  9.58150018E-02  4.93605248E-02
     750 -8.97323389E-05  1.55304686E-02 -1.59389595E-02  8.08631058E-02  2.28236766E-02
     800 -1.03680470E-02  1.75970478E-02  1.59645713E-02  8.42978675E-02  2.47981523E-02
     850  9.75047861E-02  6.94483524E-02 -7.71933231E-03  1.40573392E-01  1.96259203E-02
     900 -2.59162474E-02  6.35150921E-02 -7.17882795E-03  7.71429962E-02  6.32179476E-02
     950 -4.44793280E-02  1.11402694E-02 -6.68749825E-02  1.12348223E-01  2.92645085E-02
    1000  7.51884113E-02 -1.81329052E-02 -4.08198168E-02  1.07831129E-01  1.75667531E-02
    1050 -1.48321039E-02  3.74055047E-02 -4.46954293E-02  1.04701408E-01  3.86129157E-02
    1100 -1.21872380E-02  7.40534408E-02 -1.50577552E-02  1.15838307E-01  2.84218153E-02
    1150 -7.26318845E-02  8.97006141E-02 -3.92934508E-02  1.30662037E-01  7.10101328E-02
    1200 -3.88962985E-02 -9.43010365E-03  6.67284297E-02  1.09852827E-01  3.83957229E-02
    1250  2.08313104E-02  4.06717361E-02  1.01248995E-02  6.21870329E-02  2.30568486E-02
    1300  3.12414363E-02 -1.60586522E-02 -2.53376802E-02  1.03344541E-01  2.40136373E-02
    1350 -1.35228721E-02 -4.85676230E-02  1.43929377E-02  8.17932009E-02  2.59380136E-02
    1400  5.47536356E-02  9.59535037E-03 -3.20081204E-02  9.34434003E-02  3.35900108E-02
    1450  4.98078290E-02  6.48566508E-02  7.64255805E-02  1.31195035E-01  2.37492764E-02
    1500 -2.34207503E-02  5.41445429E-02  4.13609267E-02  9.64699378E-02  6.69901707E-02
    1550  5.68364244E-02 -6.10334810E-02 -9.09874845E-02  1.43357732E-01  3.67412308E-02
    1600 -5.98027281E-02  1.50416526E-02  1.20978752E-02  1.34999343E-01  3.45436481E-02
    1650  6.14396966E-02  2.55251088E-02  5.49367935E-02  1.08548114E-01  3.89475284E-02
    1700 -3.22949331E-02 -4.49546320E-02  1.65949777E-02  8.86744992E-02  2.91961945E-02
    1750  7.78267861E-02  7.03261448E-03 -2.37044712E-02  1.06030849E-01  2.39429307E-02
    1800 -4.04056244E-02  3.51026840E-02 -4.92351302E-02  1.00013412E-01  4.07170567E-02
    1850 -5.42425993E-03 -9.32293604E-02  2.01989475E-02  1.26769841E-01  3.63638165E-02
    1900 -8.16465503E-03 -1.47436966E-03  1.39484466E-01  1.50771940E-01  6.48693671E-02
    1950  5.86181198E-02 -4.89806955E-02 -1.40609864E-01  1.73611033E-01  3.54223423E-02
    2000 -1.91577211E-02 -2.14381069E-02 -8.36621827E-02  1.26226116E-01  3.60597683E-02
    2050 -3.75141433E-02  2.84377643E-02 -4.47090845E-02  1.07389732E-01  5.52614177E-02
    2100  2.24077202E-02  4.50771411E-03  5.28426852E-02  1.01542782E-01  1.97112275E-02
    2150 -6.98955332E-02 -3.79386592E-02 -4.71213444E-02  1.30757539E-01  4.62922028E-02
    2200 -4.19063108E-02 -1.02950432E-01  1.12315154E-02  1.39936691E-01  5.79015870E-02
    2250  5.36068057E-02  2.42118984E-02  3.26550139E-02  1.08808472E-01  2.84757116E-02
    2300 -7.64477889E-03  9.28882242E-02  4.41498912E-02  1.24372263E-01  4.27221478E-02
    2350  6.94231136E-02  6.32172674E-02  9.31480912E-02  1.47570705E-01  5.49224521E-02
    2400 -7.33183159E-02 -3.26982738E-02 -4.94725356E-02  1.14540756E-01  3.08506709E-02
    2450 -3.91765480E-03  4.37982155E-02  1.51584347E-01  1.80284455E-01  5.07025407E-02
    2500  2.31611464E-02  2.50264696E-02 -1.59877462E-02  7.91994845E-02  2.81716653E-02
    2550  5.12717777E-02  2.31969252E-02 -4.73814054E-03  7.57165125E-02  2.26594672E-02
    2600 -2.12064685E-01  2.26543031E-02  2.01420650E-02  2.28910397E-01  5.77915145E-02
    2650  2.74037439E-02  6.06922135E-02  3.60390040E-02  1.03239277E-01  5.77980330E-02
    2700 -4.73600184E-02 -2.66195690E-02  3.34423840E-02  1.08619639E-01  4.68090446E-02
    2750  4.66099720E-02 -2.36155473E-02  8.24871834E-02  1.16916966E-01  6.52493584E-02
    2800  6.34027588E-03 -1.74869854E-02  1.92338321E-02  4.33391297E-02  1.08030749E-02
    2850 -1.42721707E-02  5.48553843E-02 -2.46730045E-02  1.19925564E-01  7.02231728E-02
    2900  2.10287702E-02  1.49215310E-02 -5.25884979E-02  1.03671970E-01  2.95212354E-02
    2950 -2.05775303E-02  4.13415255E-02  9.61502955E-02  1.28397786E-01  2.09578472E-02
    3000  6.67389182E-02 -1.41718133E-02 -1.21915151E-02  9.05434846E-02  4.46514291E-02
    3050 -5.48401697E-02 -4.05434055E-02 -8.38479540E-02  1.36753824E-01  4.13626869E-02
    3100  1.16941735E-02  6.08353159E-02  7.39660050E-02  1.20370422E-01  4.55479431E-02
    3150  2.59319875E-02  7.86778322E-04  2.87024326E-02  5.76963527E-02  2.63546236E-02
    3200 -3.47014668E-02 -4.93678389E-02  1.29922723E-02  9.30384953E-02  4.38927340E-02
    3250  3.76668522E-02  4.33577776E-02 -3.18828301E-02  1.01905293E-01  1.68495135E-02
    3300  1.06623614E-02  4.75252314E-02 -3.22946674E-02  1.03291152E-01  2.15615704E-02
    3350  8.54483557E-03 -2.57745311E-02  1.14210783E-02  8.65267302E-02  2.85749936E-02
    3400  9.03785971E-02 -1.42658860E-01  3.90884704E-02  1.99235038E-01  2.21142053E-02
    3450 -4.87909195E-02  1.68547161E-02 -2.89389775E-02  1.03052275E-01  3.68490691E-02
    3500 -7.12178745E-02 -2.49377367E-02 -3.61443694E-02  1.00694827E-01  3.02755695E-02
    3550  4.17944489E-02  2.53353575E-02  2.19929390E-02  9.22034596E-02  4.12478510E-02
    3600 -6.15293652E-02  4.29689687E-02 -6.76908148E-02  1.30870722E-01  2.71889334E-02
    3650  2.74403691E-02 -5.79112415E-02  7.31014439E-02  1.13583069E-01  4.09108868E-02
    3700 -7.14222370E-02 -2.07470353E-02  6.35263554E-02  1.33637271E-01  3.31210063E-02
    3750 -7.19388928E-03 -5.33738308E-02  1.88960612E-02  8.53018438E-02  4.42966277E-02
    3800  6.06848925E-02 -8.82833810E-03  1.91483354E-03  8.40136946E-02  4.62605856E-02
    3850  5.08449904E-02 -8.10039674E-02  5.69286181E-02  1.38797557E-01  3.45846188E-02
    3900  6.61229724E-02 -4.37411966E-02 -4.04827526E-02  1.14671531E-01  7.04320688E-02
    3950 -3.57834542E-02 -3.91338812E-02 -7.00374424E-02  1.13656639E-01  3.80881721E-02
    4000 -1.60185491E-02 -8.28685697E-02  2.86603978E-04  9.42614217E-02  1.89186928E-02
    4050 -6.99326951E-03  8.05229601E-02  8.07253625E-02  1.39400494E-01  3.51564874E-02
    4100 -3.30417251E-02  5.35203011E-02 -8.08313392E-03  9.00426796E-02  5.72264871E-02
    4150 -1.89611494E-02  2.78184030E-02  2.78027150E-02  5.78019662E-02  2.21055978E-02
    4200 -1.03779438E-02  3.67055705E-02 -1.85172805E-02  6.79452130E-02  2.95881159E-02
    4250 -3.41851804E-03 -2.17073912E-03 -8.14844294E-02  1.15162308E-01  3.82811016E-02
    4300 -5.29999584E-03  2.80036800E-04  4.92174383E-02  1.08850700E-01  4.40819983E-02
    4350 -4.64394509E-03  1.34537992E-02 -1.74301254E-02  6.87518413E-02  4.70908665E-02
    4400  3.75833892E-03 -5.29121835E-02 -5.41935944E-02  1.01755506E-01  3.46767737E-02
    4450  2.14993896E-03 -4.58636673E-02  3.82238275E-02  7.65480317E-02  1.82907619E-02
    4500 -1.18269757E-01  2.78800190E-02 -7.00377599E-03  1.34976285E-01  3.56032005E-02
    4550  9.39147624E-04 -5.48412575E-02 -2.31025441E-02  7.49024153E-02  2.57479029E-02
    4600  3.88268445E-02 -7.99760457E-02  1.02273955E-02  1.05777340E-01  4.25758968E-02
    4650 -3.31154379E-02  5.93289184E-02 -3.65450627E-02  9.64289887E-02  4.37128405E-02
    4700 -1.63770075E-02  1.62132980E-02 -1.51376924E-02  7.87076528E-02  1.99678171E-02
    4750  4.58276639E-02  5.64233784E-02 -1.45667447E-02  1.20279222E-01  3.67334867E-02
    4800 -5.83472384E-02  4.79379160E-02  3.76203283E-02  1.19029505E-01  3.14836967E-02
    4850 -3.73870252E-02  5.01850456E-02 -1.89234565E-02  8.89219395E-02  3.69831585E-02
    4900 -5.61827931E-02  2.75201969E-02  3.12484343E-02  1.05216245E-01  5.43261225E-02
    4950 -6.27371433E-03  9.44017710E-03  6.30716448E-02  9.04604996E-02  1.09139612E-02
    5000  2.12076862E-03 -4.75635361E-02 -3.56851152E-02  1.03387868E-01  3.08935514E-02
    5050  3.87055307E-02 -9.28577312E-02 -4.39412736E-02  1.23317687E-01  6.78763411E-02
    5100  4.26231195E-02  3.46148073E-02 -3.79241858E-02  9.77054415E-02  2.67761619E-02
    5150 -8.61496610E-03 -1.36045146E-01  1.23538954E-02  1.48431631E-01  4.02592708E-02
    5200  1.45525264E-02 -5.26834547E-02  2.41225759E-02  1.32159479E-01  5.47834252E-02
    5250  1.21289499E-02  5.36781331E-02  4.74208887E-02  9.61827547E-02  2.28542070E-02
    5300  3.75574621E-02 -8.32836889E-02 -9.23335110E-02  1.52636765E-01  2.87166479E-02
    5350  4.96239222E-02 -6.19998938E-03  1.55954515E-02  8.87873850E-02  1.97201915E-02
    5400 -5.75303733E-02 -3.38005371E-03  5.98466202E-02  9.94412061E-02  2.71861328E-02
    5450 -5.13585808E-02  5.41697017E-02 -1.89029771E-02  1.06285909E-01  7.23432011E-02
    5500 -4.25085112E-02 -6.21467827E-02 -6.74076003E-02  1.29293250E-01  3.05909578E-02
    5550  1.37858344E-02 -5.25721342E-02 -7.81185450E-03  8.02690661E-02  4.86158180E-02
    5600  7.96852282E-02  4.41623081E-03 -2.91577203E-02  9.50618123E-02  5.96611714E-02
    5650 -2.02382634E-02  2.36483675E-03 -4.38756767E-02  9.35885880E-02  4.67705047E-02
    5700  7.10496897E-03  2.84584981E-02 -1.65351874E-01  1.90681083E-01  4.35435858E-02
    5750  6.50659745E-02 -3.04298493E-02  6.04964842E-02  1.37339118E-01  3.07778941E-02
    5800  2.99717972E-03  2.61201289E-02 -3.90762101E-02  9.42210266E-02  2.44767011E-02
    5850  1.34728103E-01  8.13759481E-02  6.29968282E-02  1.93376638E-01  4.51351607E-02
    5900  7.96429767E-02 -1.33250602E-02  6.82382836E-02  1.24923261E-01  5.33355477E-02
    5950  9.54606714E-02  9.32660430E-02 -5.48956072E-02  1.57397423E-01  2.40164544E-02
    6000 -1.72450098E-02  4.77095252E-02 -3.00047842E-02  1.03355824E-01  4.52572138E-02
    6050 -1.86586545E-02 -6.36030758E-02  3.52518478E-02  9.81528109E-02  5.53306392E-02
    6100  1.09620896E-02 -4.38858371E-02  3.27429394E-02  8.22406339E-02  2.98395078E-02
    6150 -1.21369714E-02  6.41438065E-03 -3.44583284E-02  6.94309386E-02  2.94064710E-02
    6200  2.49674975E-02 -3.00981084E-02  8.16082447E-02  1.14325798E-01  3.04047074E-02
    6250  4.63158687E-02  1.32296760E-03 -4.25147323E-02  8.35601079E-02  4.37909883E-02
    6300  5.18435497E-02 -2.07958314E-02 -2.85889317E-03  9.32325700E-02  3.18415747E-02
    6350 -4.80144005E-02  2.21517001E-02  4.48015318E-02  1.04624013E-01  7.95915507E-03
    6400 -1.74321137E-02  5.67463502E-03  8.16371935E-02  1.05255106E-01  3.97485118E-02
    6450 -2.99050740E-02  5.06635330E-03 -7.77287445E-02  9.07733338E-02  3.35565680E-02
    6500 -1.86454513E-02 -5.78564166E-02 -7.41040301E-03  8.92942311E-02  2.12184253E-02
    6550  1.50248287E-02 -7.55241856E-03 -6.56642083E-02  1.16563865E-01  4.77197814E-02
    6600  3.51905169E-03  1.02350716E-01  1.13754912E-02  1.22035575E-01  3.68184107E-02
    6650 -3.52414710E-02  1.23726401E-02  1.30260293E-02  9.75457914E-02  5.52148064E-02
    6700 -8.72137692E-02 -2.24374380E-02  2.64431667E-02  1.17704359E-01  3.45018883E-02
    6750 -7.42189149E-03 -2.80843402E-02  3.45957807E-03  7.94034012E-02  1.64140520E-02
    6800 -1.61179676E-02  2.97935538E-03  1.28325950E-01  1.37215199E-01  4.62568392E-02
    6850 -2.53801025E-02  5.59439976E-02 -1.53599042E-02  7.76137154E-02  3.48409813E-02
    6900  7.78277445E-03  1.75039593E-02 -7.37457444E-02  9.70499083E-02  1.98421299E-02
    6950 -1.24106124E-03  2.86241687E-02  2.02340476E-02  7.99658226E-02  4.02965074E-02
    7000 -6.99050558E-02 -4.78915218E-02  3.21440919E-04  1.08393506E-01  3.62669892E-02
    7050  6.30118610E-02  5.37421129E-02  5.61337824E-02  1.17517583E-01  6.17448549E-02
    7100 -1.31370304E-03  7.82412611E-03 -2.86232999E-02  6.80470030E-02  1.76013863E-02
    7150  5.56217840E-02 -4.50622290E-02 -6.02459610E-02  1.06361552E-01  5.60007268E-02
    7200 -7.53634064E-02 -2.70055780E-02 -1.28273126E-01  1.56531130E-01  2.48574256E-02
    7250  3.02111765E-02  7.52627022E-02 -1.94672997E-02  1.02489097E-01  1.34932974E-02
    7300 -1.61316050E-02 -6.02218947E-02  6.68716221E-02  1.16610853E-01  5.98344040E-02
    7350  3.40004322E-02  1.42590937E-02 -5.16636829E-02  8.91702372E-02  1.98200648E-02
    7400  3.52410184E-02  8.51128127E-03  4.36908332E-02  8.35719679E-02  3.24225581E-02
    7450 -1.55552199E-02 -8.26245093E-02 -4.77678332E-02  1.19602661E-01  2.88480492E-02
    7500 -5.03067390E-02 -7.00910653E-02 -4.01978444E-02  1.32519911E-01  7.11394886E-02
    7550  9.82621282E-03  1.38104652E-02 -5.73015859E-02  1.01088655E-01  2.86279516E-02
    7600 -7.19340803E-03  2.41537759E-02  8.60612138E-02  1.01387034E-01  2.61989243E-02
    7650  7.03513307E-03  6.82354706E-02  1.01519735E-02  8.70835344E-02  2.52821080E-02
    7700 -6.73559093E-02 -3.08619373E-02 -2.16055876E-02  9.42892002E-02  3.53939459E-02
    7750 -2.17856657E-02 -4.79565171E-02 -2.77778181E-02  9.94992397E-02  5.33135580E-02
    7800  8.95499140E-02  5.19026640E-02 -3.39865957E-02  1.35898519E-01  4.03879897E-02
    7850 -3.86840042E-02  1.07619624E-01  6.55555089E-02  1.46014698E-01  5.15035601E-02
    7900 -6.52680401E-02 -6.99888826E-02 -4.38365335E-02  1.20658443E-01  4.43236973E-02
    7950 -4.45533405E-02 -1.40551948E-02  1.19700126E-02  6.95524225E-02  2.03422322E-02
    8000  5.29432123E-02  4.83787348E-02 -7.64599482E-02  1.18572034E-01  2.28272202E-02
    8050 -8.83771825E-02 -1.46667558E-02  4.20419136E-02  1.12322251E-01  4.30522353E-02
    8100  1.36659910E-02 -3.13669267E-02 -1.12224914E-02  9.10284394E-02  1.56063952E-02
    8150 -2.52341703E-02  1.62740731E-02 -6.40386014E-02  1.11269861E-01  2.90697330E-02
    8200  2.33093545E-02 -2.23600990E-02 -3.25947164E-02  7.93720715E-02  9.98658305E-03
    8250  1.30798075E-02 -3.21897755E-02 -7.49691082E-03  1.05244410E-01  3.14545564E-02
    8300  1.29787323E-02  3.64057258E-02 -3.84417719E-03  8.22951518E-02  4.35149922E-02
    8350  7.49154878E-02 -4.13393493E-02  3.76822514E-02  1.20244635E-01  2.43430674E-02
    8400 -4.05819348E-02  1.42480961E-04  2.55122030E-02  8.69460768E-02  4.12708820E-02
    8450 -1.59326553E-03 -3.31819084E-02  7.08780230E-02  9.95779212E-02  5.95473402E-02
    8500 -8.38620480E-02  1.03202592E-01 -1.44742530E-01  2.09284459E-01  2.66570721E-02
    8550  7.17727134E-02 -4.74853338E-03 -9.89155211E-02  1.28023152E-01  4.16480554E-02
    8600 -2.27953327E-03  6.49036980E-02 -4.94351704E-02  1.15117777E-01  4.30658875E-02
    8650 -5.59201295E-03 -6.38907619E-02  3.26625058E-02  8.93364312E-02  5.86627809E-02
    8700  4.16600047E-02 -3.15835926E-03  5.98073047E-02  8.98393632E-02  3.14631838E-02
    8750 -2.50313135E-02 -3.81163058E-02 -2.66192808E-02  1.16752974E-01  3.59515638E-02
    8800 -1.44153191E-02  8.12611953E-02  1.90422300E-02  1.19380323E-01  5.11484498E-02
    8850  2.45025234E-02 -5.92330400E-02  2.69963482E-02  9.97271623E-02  4.09232692E-02
    8900 -3.81282700E-02 -8.61539284E-02  3.25006585E-02  1.18756205E-01  5.58082865E-02
    8950  1.60363858E-02  3.19563551E-02 -8.26897443E-03  6.31541152E-02  3.16218087E-02
    9000  6.13768671E-02  8.60954576E-02 -3.86722702E-02  1.36548528E-01  5.39430676E-02
    9050 -3.27904775E-02 -2.81759099E-02  1.35272822E-04  7.91503943E-02  3.89265133E-02
    9100 -2.19300588E-02 -7.49281776E-02  6.24136540E-02  1.31773324E-01  2.53752309E-02
    9150 -2.38731819E-02  8.70686549E-03 -2.81507295E-02  1.02303447E-01  2.51833564E-02
    9200  1.21209966E-02 -1.21089638E-01  3.44773791E-02  1.43631042E-01  1.78175265E-02
    9250 -6.30461230E-03  3.69731686E-02 -9.18839813E-02  1.04729192E-01  4.52614547E-02
    9300 -1.46331735E-02 -5.61902697E-02  9.79945531E-02  1.51844428E-01  6.54552607E-02
    9350 -5.70020351E-02  3.77748672E-02 -2.53995570E-02  1.16748535E-01  5.01359249E-02
    9400 -9.57588132E-03  3.38145527E-02 -3.32370531E-02  9.35298202E-02  3.01397582E-02
    9450  8.17960758E-04  5.44477965E-02 -6.24291038E-02  1.16296214E-01  5.04549231E-02
    9500  8.46028736E-02 -8.09084678E-02  6.25334053E-02  1.54806302E-01  3.97728647E-02
    9550  5.43210583E-02 -2.58780319E-02  8.95596722E-02  1.13292514E-01  5.33716212E-02
    9600  3.21157677E-02 -5.31436273E-02 -6.29040684E-02  1.20966666E-01  4.17583305E-02
    9650 -3.07844187E-02  3.63282009E-03 -5.75110742E-02  8.02189314E-02  3.53114576E-02
    9700 -5.86774235E-02 -3.63473873E-02 -1.19927437E-02  9.72943412E-02  4.08687260E-02
    9750  3.96913893E-02  2.80440553E-02 -2.52840446E-02  7.82413263E-02  3.05749248E-02
    9800  3.82247308E-02 -6.70916933E-02 -5.83940040E-02  1.05335793E-01  2.85493393E-02
    9850  2.18275649E-02  2.28621875E-02  1.21868396E-01  1.43885922E-01  3.40683320E-02
    9900  1.09758532E-01 -5.84897357E-02 -4.55737347E-02  1.44715045E-01  4.49854900E-02
    9950 -9.73179485E-02 -7.99628152E-02  5.99947718E-02  1.56684884E-01  4.03857221E-02
   10000  4.12942344E-02 -6.73716447E-02  7.23716925E-03  1.10708251E-01  2.29913665E-02
   10050 -5.30772561E-02 -1.05414083E-03  5.71868077E-02  1.03151360E-01  2.96665119E-02
   10100 -3.43996676E-02  1.56393518E-02  9.02033418E-02  1.28684116E-01  2.43533779E-02
   10150  8.35612195E-02 -2.81312486E-02 -5.17883234E-02  1.24328575E-01  2.43662349E-02
   10200  4.27557081E-02  5.56303579E-02  3.18683625E-02  1.09455966E-01  4.19891825E-02
   10250 -9.92385437E-03  4.20234932E-02  3.58910779E-02  7.96632755E-02  1.22488408E-02
   10300  6.10717186E-02  1.68714176E-03 -1.29218917E-02  8.52259450E-02  3.19317419E-02
   10350 -7.95958704E-03  1.87480273E-02  1.31463945E-02  8.07458863E-02  3.26834717E-02
   10400 -3.79823272E-02  1.37642159E-02  4.28083537E-02  1.16870800E-01  3.79163981E-02
   10450 -3.09367427E-02  3.84783808E-03  2.36481692E-02  6.69268548E-02  1.98789549E-02
   10500 -2.88799379E-03  3.71886047E-02 -1.69673041E-03  8.61452801E-02  3.73383878E-02
   10550  6.51022617E-03  3.46270340E-02 -4.77162617E-02  8.23962292E-02  1.67922299E-02
   10600 -1.01192976E-02 -7.47027563E-03 -3.13402465E-03  1.09002753E-01  1.81384710E-02
   10650 -3.47937311E-02  2.78321213E-02  8.59640920E-02  1.22359341E-01  4.82188517E-02
   10700  6.59236757E-02 -3.53802643E-02  3.26244609E-02  1.09426566E-01  5.47452597E-02
   10750 -1.10089996E-01  1.06645576E-02  1.95621834E-02  1.47581861E-01  2.81401258E-02
   10800 -1.05739846E-01  9.66301562E-03 -1.70329146E-02  1.33918777E-01  1.40984311E-02
   10850 -7.41771037E-02  9.88605297E-02 -6.48703822E-02  1.60485437E-01  2.98655307E-02
   10900 -2.43907874E-05 -1.01858051E-01 -2.77070152E-02  1.26405077E-01  4.35676402E-02
   10950  2.93006008E-02 -6.91577492E-02  3.94115575E-02  1.16588815E-01  3.94409664E-02
   11000 -3.09634361E-02 -8.98562928E-02  1.08443044E-02  1.28446049E-01  4.26622890E-02
   11050  5.43779096E-03  7.96341555E-02 -1.48785945E-02  9.18047734E-02  3.63735716E-02
   11100 -6.95705405E-03 -8.25117851E-02  1.18314149E-02  1.09970183E-01  3.58240630E-02
   11150 -4.39605136E-02  6.51538613E-02  2.08927639E-02  1.07604503E-01  3.65032315E-02
   11200 -3.69683092E-02 -1.64677090E-03  5.51227097E-02  1.13352028E-01  2.70275590E-02
   11250  4.45732041E-02 -3.07719031E-02  8.28746266E-02  1.19588951E-01  3.23154706E-02
   11300 -1.03220440E-04 -8.03309839E-03 -8.14653352E-02  9.86700664E-02  5.13907116E-02
   11350  8.81533853E-02 -1.73469382E-01 -3.96781565E-02  2.04697931E-01  3.45183051E-02
   11400  1.45120511E-02  2.55922228E-02  4.74640459E-02  7.84340341E-02  2.69301956E-02
   11450 -4.72154530E-03 -1.93791958E-02 -3.31035271E-02  7.56950020E-02  3.49048351E-02
   11500  5.59123709E-02  3.40435652E-02 -7.10650671E-02  1.29232222E-01  2.67555014E-02
   11550 -2.71805538E-02  2.00143373E-02  3.23089224E-02  7.68415125E-02  1.99785328E-02
   11600  3.90011184E-02 -2.27573435E-02  1.50041839E-02  9.48109701E-02  2.42944664E-02
   11650 -5.30657061E-02 -6.81798009E-02 -3.51745759E-04  1.03382285E-01  3.06462842E-02
   11700  1.08678381E-02  3.91621415E-02 -1.26032424E-02  7.78025931E-02  2.49016318E-02
   11750 -5.50165935E-02 -5.45912981E-03  4.23147569E-04  1.35930413E-01  4.63548767E-02
   11800 -1.44338808E-02  3.17093519E-02 -5.70402887E-02  1.02070997E-01  3.08257997E-02
   11850 -1.02206681E-02 -1.83712682E-02 -1.62854178E-02  7.93504346E-02  2.94773644E-02
   11900  2.16787260E-02  5.52539004E-03  2.01961956E-02  7.62238826E-02  2.17578956E-02
   11950 -9.75506482E-02 -3.07582023E-02  3.75671341E-02  1.29818503E-01  4.57112489E-02
   12000 -1.03762397E-02  4.40713621E-02 -2.90777105E-02  1.20698786E-01  4.36887478E-02
   12050 -5.34151273E-02  3.98223814E-02  2.78932026E-02  9.00655972E-02  4.01644362E-02
   12100  5.54989577E-02  2.78771631E-02  2.88436854E-02  9.31923824E-02  4.18694448E-02
   12150  4.27256524E-02  1.30788546E-02  5.20095010E-02  1.02123667E-01  3.90980588E-02
   12200 -1.04725080E-01  5.88837265E-02 -3.86001217E-02  1.49301254E-01  4.19842630E-02
   12250 -7.48700286E-02 -1.25654634E-02 -1.86923959E-02  1.22973729E-01  3.97253006E-02
   12300 -7.86648713E-02 -5.39767972E-02  8.10569901E-03  1.17887787E-01  3.16475020E-02
   12350 -8.09935834E-02  7.19657951E-03  3.78475274E-02  1.37492909E-01  4.50606935E-02
   12400 -5.65499977E-03  4.18456561E-02  1.10388483E-02  7.14173962E-02  3.84412099E-02
   12450  3.64042054E-02 -2.45764414E-02  5.28835004E-02  1.13606730E-01  1.96167643E-02
   12500  3.55387527E-02  5.10571421E-02 -9.87380065E-02  1.28178287E-01  4.37068088E-02
   12550  1.77829271E-02 -2.23742978E-02 -1.32665107E-02  7.25054804E-02  1.65547693E-02
   12600  5.53024675E-02 -1.77374289E-02 -2.55817221E-03  1.00557169E-01  4.94585107E-02
   12650 -2.50231617E-02 -6.33739822E-02  4.19688134E-02  1.06837251E-01  2.44942209E-02
   12700  5.61159572E-02  3.05971438E-02 -4.92618989E-02  1.08499807E-01  3.68308653E-02
   12750 -7.32690037E-02 -1.13244542E-01  7.26293926E-04  1.50202074E-01  4.80952359E-02
   12800  3.10114108E-02 -3.60136050E-03 -1.55858379E-02  6.03828958E-02  2.54275633E-02
   12850  6.47136319E-02  3.15629465E-02 -6.60548031E-02  1.11356047E-01  3.25435909E-02
   12900  4.14637191E-02 -3.50607826E-02 -4.96318394E-03  1.18542467E-01  3.25094119E-02
   12950  1.05536295E-02 -1.29383913E-03 -2.29780776E-03  6.86892465E-02  1.97708892E-02
   13000  4.06334838E-02  3.32418431E-02 -8.76310265E-02  1.35783552E-01  6.86352559E-02
   13050  4.04956297E-02  5.94344990E-02  4.88827238E-02  1.11893988E-01  3.46926344E-02
   13100  1.73437835E-02  1.57214340E-02  5.86419994E-03  7.87903301E-02  1.91392335E-02
   13150 -4.46118454E-02  1.01122711E-01 -1.22494838E-01  1.73189048E-01  1.99894248E-02
   13200 -4.08036339E-02 -1.64251852E-02 -1.32435506E-02  1.05747493E-01  3.25107973E-02
   13250 -4.82661182E-02  1.37433168E-02 -4.27235916E-02  1.08628953E-01  6.55646115E-02
   13300 -7.47691974E-04 -1.94020110E-02  3.82500157E-02  1.02102030E-01  1.62651662E-02
   13350 -3.01256667E-02  2.65309108E-02  4.69191360E-03  8.62695123E-02  3.76535560E-02
   13400  8.90319882E-02  2.12940698E-02  7.30978673E-02  1.26681676E-01  3.34656989E-02
   13450 -4.98201081E-03 -1.06429410E-02 -4.25300577E-02  7.70053410E-02  2.66431045E-02
   13500 -3.06451029E-02 -3.81029042E-02  6.28701461E-05  9.01297120E-02  3.99176539E-02
   13550  9.62363484E-02 -5.45453123E-02 -1.40790068E-03  1.32180365E-01  1.46833284E-02
   13600  6.96616414E-02 -2.76104345E-03  4.09697911E-02  1.21702149E-01  3.43153712E-02
   13650  7.11280047E-02  6.25553558E-02 -9.44956117E-04  1.09358885E-01  3.20096693E-02
   13700  2.66883422E-02 -7.33927805E-02  9.12676048E-02  1.34455869E-01  4.69490277E-02
   13750 -2.49576461E-02 -1.44530203E-02 -9.65189676E-02  1.18519774E-01  3.91453116E-02
   13800 -1.20217136E-03 -1.26606587E-01  2.86165660E-02  1.44565348E-01  4.54092582E-02
   13850  7.47681803E-02  5.25386275E-02 -4.61783551E-02  1.20830221E-01  4.32646580E-02
   13900 -2.99746447E-02 -2.61825514E-02  2.63779843E-02  8.83655670E-02  3.13895347E-02
   13950 -4.90056661E-02  6.07419728E-02  2.56573434E-02  1.01057435E-01  3.11560370E-02
   14000 -6.38587746E-02  3.93780835E-03  7.09358912E-02  1.08572954E-01  1.67104021E-02
   14050  7.79602744E-03  1.69920240E-02  1.52137733E-01  1.65141560E-01  3.33148377E-02
   14100  1.63553309E-02 -4.41264540E-02  3.04362405E-02  9.11553834E-02  2.55102710E-02
   14150  1.06844848E-01  9.68212919E-02 -2.66954907E-06  1.72608659E-01  3.88237788E-02
   14200 -1.51718437E-03  4.99216763E-02  2.00634498E-02  9.86433354E-02  1.71948478E-02
   14250  4.16630328E-02 -3.85905741E-02  3.27433591E-02  9.28359219E-02  2.99283978E-02
   14300 -5.18570389E-02 -3.07343296E-02 -2.34567866E-02  1.14661386E-01  4.28488135E-02
   14350 -2.51441808E-02  2.72534626E-02 -3.57495562E-02  8.03615368E-02  3.50193828E-02
   14400  5.20702185E-02  4.58827756E-02  1.88858122E-02  1.17899561E-01  3.87367033E-02
   14450 -3.00467244E-02 -3.10438745E-02 -2.10642542E-02  9.82195533E-02  1.95760641E-02
   14500 -1.12952977E-01 -5.44947785E-02 -1.53858654E-02  1.43364562E-01  5.91802279E-02
   14550  7.84299428E-02  5.02774687E-03 -5.62618188E-02  1.32928478E-01  4.13037711E-02
   14600  4.04921543E-04  1.27443721E-02 -5.05641386E-02  8.62198621E-02  5.22957428E-02
   14650 -6.97764725E-02  8.04686488E-02 -3.49569285E-02  1.59399610E-01  2.23915535E-02
   14700  1.27314286E-02  6.74954019E-02 -1.18502724E-02  1.15011665E-01  3.05853533E-02
   14750  7.16812796E-02 -3.67239561E-04 -2.64064252E-02  1.03466738E-01  4.17736457E-02
   14800 -6.68585171E-02  2.11244228E-02  8.45560511E-02  1.26128787E-01  5.81890881E-02
   14850 -9.69791728E-03 -3.85435595E-02 -4.33952425E-02  7.79467270E-02  4.13150118E-02
   14900  4.19506253E-02 -3.95134264E-02 -3.56295078E-02  9.70161527E-02  5.02518400E-02
   14950 -5.34108024E-02  2.41880600E-02 -4.36020824E-02  1.05632354E-01  4.00767513E-02
   15000 -4.14068902E-02 -5.49675080E-02 -7.85344659E-04  9.80581692E-02  2.97295299E-02
   15050  5.09235376E-02 -3.78821548E-02 -8.55618662E-02  1.27184696E-01  4.14653129E-02
   15100 -7.65918945E-02  6.64402827E-02  1.65959342E-02  1.30518698E-01  2.88488733E-02
   15150  6.37227087E-02  4.85075959E-02 -3.69146447E-02  1.18226874E-01  5.40141247E-02
   15200 -4.30866558E-02 -2.18452828E-03 -1.58040373E-02  6.57674007E-02  2.81118218E-02
   15250 -5.48156648E-02  3.39156931E-02  4.58256616E-02  9.70064120E-02  3.72573571E-02
   15300 -2.45832363E-02  4.31862699E-02  4.56929553E-02  9.24497832E-02  4.40569900E-02
   15350 -3.09633340E-02  8.69730031E-02  3.78757201E-02  1.37813218E-01  2.85614695E-02
   15400 -1.24896888E-01  2.12944659E-02 -1.97997863E-02  1.51864224E-01  1.58373054E-02
   15450  5.49509227E-02 -3.12458721E-02 -9.82601529E-02  1.29349675E-01  1.23140506E-02
   15500 -3.56304162E-02 -3.50948043E-02 -1.21380009E-01  1.44789697E-01  4.44348978E-02
   15550 -2.90180047E-02 -2.45525159E-02 -3.03630256E-02  7.34132821E-02  1.57508599E-02
   15600 -7.42542686E-02 -5.60712197E-04 -2.56751191E-02  1.20988105E-01  4.76593221E-02
   15650  6.87830160E-02 -1.28890810E-02  6.20774182E-03  9.60819817E-02  1.67317424E-02
   15700 -6.45802750E-02 -3.58195331E-02 -1.14591992E-02  1.21447081E-01  3.81359560E-02
   15750  8.98752178E-02  3.25780864E-02 -2.61093616E-02  1.22123711E-01  7.05219757E-02
   15800  1.18658169E-02  5.70802276E-02  6.98811452E-02  1.02311253E-01  3.97142776E-02
   15850 -6.79814729E-02 -6.41744706E-02  2.42129115E-02  1.47529243E-01  3.57047060E-02
   15900  2.83755972E-02  4.58922403E-02  6.62675709E-02  1.05100871E-01  4.10622906E-02
   15950 -3.85896200E-02 -4.82754769E-02  7.56471808E-02  1.08795819E-01  2.33685366E-02
   16000 -2.94431586E-03  5.82671407E-03 -8.96379490E-03  5.76850762E-02  3.36061538E-02
   16050  4.96846438E-03  4.32311023E-02  5.21950677E-02  1.08091428E-01  4.86811073E-02
   16100 -3.49572194E-03  4.05510672E-02 -3.44509313E-02  7.75203659E-02  2.54800266E-02
   16150  2.17105951E-02  4.55259216E-02  1.71417037E-02  1.26543952E-01  4.34983889E-02
   16200  4.46182371E-02 -1.40790426E-02  3.26159373E-02  1.12646603E-01  3.69056144E-02
   16250 -5.68148952E-02 -1.30414396E-01  4.21289404E-02  1.71568925E-01  6.42569417E-02
   16300 -2.60786539E-02  3.27954368E-02  1.04260545E-03  8.38497118E-02  3.75870000E-02
   16350 -6.21273762E-03  1.26038360E-04  4.88638247E-03  7.87044933E-02  3.40560566E-02
   16400 -3.79519474E-02 -1.17616025E-01 -5.00913391E-02  1.60139959E-01  5.63500443E-02
   16450 -3.20188166E-02 -4.84059693E-02 -3.84831807E-02  1.13490905E-01  2.86176968E-02
   16500  1.78337149E-02  6.29703037E-02 -2.28935027E-02  1.07364443E-01  4.92925464E-02
   16550  1.07563824E-03  1.92384259E-02 -4.77667077E-02  8.92707462E-02  3.86163212E-02
   16600 -8.76242650E-02 -8.37540599E-02  5.46508521E-02  1.71881063E-01  5.89571669E-02
   16650  8.25676028E-03  5.91306332E-02  4.54005694E-02  1.19113951E-01  4.37203630E-02
   16700 -3.93170318E-03 -1.15982680E-01 -7.17252527E-02  1.48500756E-01  5.50616898E-02
   16750  1.56574581E-02  2.29308143E-02  2.01226714E-02  7.78960673E-02  1.55509874E-02
   16800  5.97934315E-02  1.83037677E-02 -4.98748006E-02  1.02610307E-01  3.39808347E-02
   16850 -2.18487657E-02  5.59860332E-02  2.50719967E-02  1.17042391E-01  3.28936144E-02
   16900 -1.04873071E-01 -3.13744255E-03  5.69261426E-03  1.26269555E-01  3.23994622E-02
   16950  5.23301360E-02  3.76510005E-02  7.13266238E-02  1.17708012E-01  2.02102393E-02
   17000 -7.64592203E-03 -4.22885919E-02 -1.33441723E-01  1.61234398E-01  5.67385653E-02
   17050  2.64786214E-03  6.68381068E-02  7.10095159E-02  1.10729000E-01  3.47532271E-02
   17100 -4.75502714E-02  8.91274106E-02 -2.62194629E-02  1.30195039E-01  2.44236762E-02
   17150  9.52331523E-02  8.43601233E-03  3.78802534E-02  1.27920359E-01  6.68578548E-02
   17200  4.94001333E-02  3.16794520E-02  5.40019932E-03  8.49017567E-02  4.32374749E-02
   17250 -4.45957698E-02 -4.54495787E-03  8.61582778E-02  1.28228953E-01  3.01328426E-02
   17300 -6.98516800E-02 -3.49795829E-02  4.50669321E-03  1.09961469E-01  4.27487898E-02
   17350  1.79259670E-02 -1.90638470E-02  2.48156429E-02  8.57784866E-02  8.97367844E-03
   17400 -7.49915185E-02  3.53660117E-03  1.61302187E-02  9.93836165E-02  1.61152874E-02
   17450 -4.46800035E-03  2.81833055E-02  5.19471113E-02  8.03226749E-02  3.05257451E-02
   17500  8.14944684E-02 -4.66067817E-02  4.29327249E-02  1.09245252E-01  1.77800645E-02
   17550 -8.34920296E-03 -7.97171562E-03 -4.88033128E-02  9.28180484E-02  4.31349592E-02
   17600 -6.45209224E-02  3.23291972E-02  2.54887963E-02  1.04435722E-01  3.03726646E-02
   17650  7.38803083E-03  9.21206024E-03 -4.74927962E-03  6.79144262E-02  1.72948956E-02
   17700  5.07340363E-02  3.88229220E-02 -1.02930678E-01  1.30961111E-01  3.50721761E-02
   17750 -2.07386717E-02 -5.09018278E-02  2.08353291E-02  9.26108573E-02  1.82099659E-02
   17800  1.34416947E-02  1.03029958E-02  1.04396327E-01  1.16874516E-01  2.04784195E-02
   17850 -5.28275067E-02 -2.96013955E-02 -5.03279168E-02  8.97285338E-02  2.56190036E-02
   17900  1.97423107E-02  6.75998263E-02  1.38423247E-01  1.85829159E-01  3.49653263E-02
   17950 -2.80691242E-02  6.93679381E-03 -2.64473899E-02  6.45055865E-02  3.11660876E-02
   18000 -5.39492099E-03  3.49701519E-02  4.78613469E-02  1.00325210E-01  2.64988964E-02
   18050 -1.48719337E-01 -5.19153664E-02 -2.59780000E-02  1.88750411E-01  3.50530476E-02
   18100 -5.27424971E-02  2.60458524E-02  4.42333910E-02  1.01367471E-01  3.27755700E-02
   18150 -3.46202251E-02  1.43234997E-02 -2.62316522E-02  9.64017752E-02  4.31077132E-02
   18200  3.79018257E-03 -3.95248403E-02 -4.27300195E-02  9.58605115E-02  4.39902469E-02
   18250  2.10045358E-02  7.12456868E-02  1.16465632E-03  1.11649183E-01  3.48558693E-02
   18300  4.28093952E-02 -1.12889400E-01  3.96633095E-02  1.51241607E-01  5.29232352E-02
   18350  1.91405632E-02  7.41724433E-02  2.97069898E-02  1.08337963E-01  2.81239935E-02
   18400 -4.60332230E-02  8.25360977E-04 -4.23006183E-02  1.18404034E-01  4.07807173E-02
   18450 -1.12524435E-01  5.16533742E-03 -4.61851699E-02  1.36197945E-01  3.68613669E-02
   18500 -3.91726120E-02 -3.65422061E-02 -1.83854115E-02  9.22463751E-02  3.18582024E-02
   18550  7.38098594E-02  6.74135109E-02 -6.84485512E-02  1.42316302E-01  2.65755435E-02
   18600  5.05914334E-02  7.91004918E-02  5.41516286E-02  1.29930714E-01  1.45898742E-02
   18650 -9.85509729E-02 -8.46006503E-02  8.71354242E-02  1.69989362E-01  3.88434345E-02
   18700  4.33093258E-02 -5.21717714E-02 -2.10395053E-02  9.15445701E-02  4.52240675E-02
   18750 -8.27038059E-02 -3.22781172E-02 -6.13423833E-02  1.41311023E-01  4.92804739E-02
   18800 -1.77701561E-02  1.09192975E-02 -6.78785950E-02  1.17713599E-01  3.78339238E-02
   18850 -3.75973618E-02 -6.29556076E-02  1.27500067E-02  1.07782768E-01  2.66185064E-02
   18900 -6.23738792E-02 -4.55097877E-02 -7.06576758E-02  1.29971242E-01  3.30565138E-02
   18950 -1.13201035E-02 -2.86600557E-02  7.22108403E-02  1.22861153E-01  4.47001603E-02
   19000  3.13548481E-02  3.33600462E-03 -1.07773098E-02  1.13430294E-01  2.16385133E-02
   19050  2.30795139E-02 -7.82918436E-02 -5.39975451E-02  1.41419822E-01  3.50110374E-02
   19100  3.17366773E-02 -5.49097296E-02  1.24211004E-02  9.43353505E-02  3.14808338E-02
   19150 -2.60925126E-02  5.72418760E-02  1.10961152E-01  1.60733534E-01  1.09527531E-02
   19200  2.56393039E-02 -8.46997202E-02 -5.55221818E-02  1.28932451E-01  4.17323135E-02
   19250  8.08084023E-03 -7.09679075E-02  7.08688729E-02  1.06874672E-01  2.94044905E-02
   19300  6.50924368E-02 -1.84932845E-02 -1.52082169E-02  1.15674203E-01  4.31766107E-02
   19350 -1.29197513E-01 -3.94503222E-02  1.00559619E-03  1.41063886E-01  4.22050432E-02
   19400 -2.68879354E-02 -2.40399168E-02  6.48979245E-02  1.08984555E-01  2.22702427E-02
   19450  3.03074325E-02  2.03618573E-02  1.03548166E-02  9.44183949E-02  2.71196606E-02
   19500 -4.43008614E-02 -5.63208399E-02  5.44518872E-02  1.00414639E-01  2.55788446E-02
   19550 -1.02975482E-01  5.76012387E-02  4.64280717E-02  1.48111896E-01  3.36398230E-02
   19600 -3.89201863E-02 -4.60813227E-02 -1.21479571E-01  1.51657930E-01  6.82357709E-02
   19650  3.78180888E-02 -1.28273923E-02 -8.35929855E-02  1.15940324E-01  3.66801072E-02
   19700 -5.92089112E-02 -5.85969705E-02  7.10577080E-02  1.27798224E-01  2.87612707E-02
   19750  3.71236148E-02 -1.17020123E-02 -4.47317379E-03  9.18251163E-02  1.04182866E-02
   19800  6.71954918E-02  1.05654450E-02 -4.91529658E-02  1.24371923E-01  4.72736016E-02
   19850 -1.46302506E-02  1.63245032E-02  4.95018788E-02  9.54819497E-02  3.51961825E-02
   19900 -1.28421979E-02 -1.66211255E-02  1.00513577E-02  7.05651408E-02  2.91322325E-02
   19950 -1.93811995E-02 -6.73406101E-02  1.64157780E-02  9.71686311E-02  2.84843805E-02
   20000 -5.30631399E-02  3.49312663E-02 -2.24241971E-02  1.18249568E-01  6.51743605E-02
   20050 -3.51432419E-02 -5.39820826E-02  2.29909929E-02  9.05425538E-02  2.18091562E-02
   20100  3.09214954E-02  6.90768811E-03  4.60653900E-03  7.15074050E-02  3.62901039E-02
   20150  7.91263053E-02  5.26040568E-02  3.21146908E-02  1.24249092E-01  1.85716600E-02
   20200  4.93961698E-02  3.22872270E-02 -1.27340091E-02  1.22552047E-01  9.85590464E-03
   20250 -3.77547506E-02 -5.20356760E-02 -3.52348225E-02  1.34292847E-01  5.34571102E-02
   20300  9.42371216E-03  7.64511565E-02 -9.07372741E-03  1.10846174E-01  2.99696533E-02
   20350 -6.28686497E-02 -4.36231660E-02 -2.43062406E-02  1.16063435E-01  4.04412163E-02
   20400 -6.21665150E-02  3.18349769E-02  4.70598552E-02  9.74297290E-02  3.97023793E-02
   20450 -1.83067321E-02  4.33902039E-02  3.03981481E-03  1.08669979E-01  4.37110695E-02
   20500 -1.74235117E-02 -8.85528710E-02 -3.05090590E-02  1.19760691E-01  2.48059908E-02
   20550  3.07745406E-02 -3.92174637E-02  1.06889139E-02  8.54182903E-02  1.70441558E-02
   20600 -2.09910860E-02  1.08704626E-02  7.73542555E-03  8.75503613E-02  3.01936429E-02
   20650  4.56035000E-02 -6.51852871E-02 -3.09911747E-02  9.69565475E-02  4.99810792E-02
   20700 -1.48036313E-02  3.11870361E-02 -9.21441344E-02  1.10705654E-01  1.67093391E-02
   20750 -5.87930139E-02  2.83328993E-02  2.15424286E-02  8.07880984E-02  3.01175988E-02
   20800  2.02269882E-02  1.23682164E-02  8.17781425E-02  1.28822444E-01  4.19215266E-02
   20850 -3.20141607E-02 -5.35851041E-03  3.11798628E-02  7.87150429E-02  3.65053059E-02
   20900  4.85280805E-02 -4.99430658E-02 -1.15766554E-02  9.68181483E-02  3.21739958E-02
   20950  3.04590381E-03  6.43971234E-02  5.37471408E-02  1.14708286E-01  1.53081680E-02
   21000 -1.81153216E-02 -5.72418087E-02  1.28206149E-02  1.13377758E-01  2.68228438E-02
   21050 -7.92396583E-02  1.49801967E-03  4.56198845E-02  1.11661932E-01  3.98728551E-02
   21100 -3.88675565E-02  1.91885159E-04 -2.26120359E-03  7.94120763E-02  3.76696686E-02
   21150  1.17002333E-02  3.18043896E-02  1.71574226E-02  1.00046829E-01  6.24612798E-02
   21200  4.74598424E-02  7.50800137E-02  2.51401235E-02  1.09884982E-01  5.04062384E-02
   21250 -2.10454351E-02  1.14616222E-01 -1.02437834E-01  1.68551358E-01  4.77683340E-02
   21300  5.07703232E-02  2.04483168E-02  4.42871401E-02  9.62789710E-02  4.16830866E-02
   21350  7.69516103E-02  8.74312824E-02  5.31449305E-02  1.50178607E-01  6.41241739E-02
   21400 -2.15348917E-03  3.05906401E-02 -5.97231205E-02  9.48314710E-02  4.68143366E-02
   21450  3.89303492E-03 -2.23912023E-02 -4.62124660E-03  1.01050069E-01  3.39124376E-02
   21500 -5.03136373E-02  3.45247060E-02 -8.57868023E-02  1.31076744E-01  5.55979074E-02
   21550 -2.82130427E-02  6.99574420E-02  9.97990927E-03  1.43309499E-01  2.72121778E-02
   21600 -3.70200928E-02 -2.20368751E-02 -5.68463449E-03  1.05449892E-01  3.53032625E-02
   21650 -1.57559209E-04  1.12575005E-01 -7.28342224E-02  1.42323999E-01  2.75045353E-02
   21700  5.81632188E-03  4.48811684E-02 -6.83250686E-02  9.25505512E-02  4.98280192E-02
   21750 -1.31132433E-02 -3.20679139E-02 -1.52124083E-02  1.02446692E-01  3.95290384E-02
   21800 -5.56518138E-02 -2.59537643E-02  1.87820794E-02  1.03448493E-01  2.35271840E-02
   21850 -6.37974404E-02 -6.69296325E-02 -2.14118095E-02  1.29888080E-01  5.11561131E-02
   21900  1.67273855E-02 -5.47141045E-02  2.24593739E-02  1.06734280E-01  3.23907904E-02
   21950  6.21727817E-02  1.16620606E-01 -2.71110116E-02  1.51917339E-01  4.03695891E-02
   22000  5.86651989E-02 -3.09694834E-02  1.07566711E-03  1.32412407E-01  2.69575175E-02
   22050  2.37932830E-02  4.21925138E-03 -7.52651834E-03  7.43292446E-02  2.52606825E-02
   22100  3.98174207E-02 -7.20108993E-03 -4.78722167E-02  8.50619161E-02  3.96518402E-02
   22150  1.11327663E-01 -5.78638167E-02 -7.13889187E-02  1.56593209E-01  4.61955436E-02
   22200 -1.13464499E-02  3.06164854E-02  5.17873252E-02  8.77917829E-02  1.59989360E-02
   22250  5.09037552E-02  1.97834535E-02  6.81289436E-02  1.10157126E-01  4.03994655E-02
   22300  5.07671032E-03  7.70745001E-03 -4.75954878E-02  7.66837751E-02  1.43547010E-02
   22350 -1.93678240E-02 -6.76304715E-02 -6.18509190E-02  1.12172699E-01  5.30970998E-02
   22400  7.79803937E-02  4.32630644E-02 -1.43019668E-02  9.93902140E-02  2.99534924E-02
   22450  3.60424047E-02 -6.48917632E-02 -6.58789548E-02  1.12581801E-01  2.69198387E-02
   22500  6.36858612E-02  4.07263243E-02  6.39132702E-02  1.30173396E-01  6.36315583E-02
   22550  4.45085181E-02 -3.76229008E-02  1.09055196E-01  1.47097092E-01  3.63596261E-02
   22600 -2.77118048E-02  8.23452273E-03 -7.07565918E-02  1.11758076E-01  3.44076730E-02
   22650 -5.27717093E-02  2.66088612E-03  2.05219235E-02  7.11090007E-02  3.48796165E-02
   22700 -2.06581272E-02  2.98472823E-02  2.35832674E-02  6.92089269E-02  5.12482642E-02
   22750  5.43486758E-02 -2.73867543E-02  3.19475279E-02  9.53633330E-02  2.34200557E-02
   22800 -4.05874709E-02  1.53528775E-03 -4.72570925E-02  9.67035966E-02  4.89468737E-02
   22850 -4.08045096E-02  9.38231606E-02 -6.77095232E-02  1.35977516E-01  7.53362496E-02
   22900 -1.16718864E-01 -2.80762559E-02 -4.71575960E-02  1.43744842E-01  5.37991234E-02
   22950 -7.44672001E-03 -2.68487846E-02 -5.31421975E-03  9.39835470E-02  3.80546465E-02
   23000 -2.22762004E-03 -8.39602368E-02 -2.06789657E-02  1.05638771E-01  3.29014514E-02
   23050 -4.32722726E-02  3.16757277E-02  8.56401843E-02  1.22609449E-01  3.95043646E-02
   23100 -6.21156947E-04 -6.40797164E-02  6.64786736E-03  1.06255577E-01  4.61278415E-02
   23150 -7.71994491E-02 -3.64096375E-02  5.34889162E-02  1.23782582E-01  3.86410804E-02
   23200 -3.10976759E-02 -4.78711544E-02  8.63713907E-02  1.18746040E-01  4.24330080E-02
   23250 -7.71259837E-02  3.92794954E-02  9.08653422E-02  1.38677961E-01  3.61225222E-02
   23300  1.71146788E-02  1.12270645E-01  8.15416896E-02  1.49246608E-01  3.91425454E-02
   23350 -7.13183463E-02  7.01630554E-02  9.83752515E-02  1.47095349E-01  3.04127820E-02
   23400  4.54485342E-02  4.01544641E-02  5.57677585E-02  1.10628817E-01  4.57139756E-02
   23450  1.18036103E-01  2.16288831E-02  4.29439030E-02  1.33631271E-01  5.90214293E-02
   23500  2.71066614E-02 -5.53958277E-03  5.09711262E-02  1.03092715E-01  2.32900071E-02
   23550  4.95082821E-02  3.43941827E-02 -3.77374625E-02  8.98778813E-02  4.67480179E-02
   23600 -1.85088874E-02 -4.12096959E-02  8.61992935E-02  1.05287784E-01  3.06613810E-02
   23650 -4.78221038E-02  2.78736290E-02 -4.13869357E-02  1.10453582E-01  4.82308064E-02
   23700 -2.92139159E-02 -1.42862126E-02 -9.91124599E-02  1.18659910E-01  2.61211222E-02
   23750  8.53463782E-02  8.65202606E-02 -3.90310015E-02  1.32005063E-01  2.26953308E-02
   23800 -3.05936657E-02  7.47483251E-04 -2.65424643E-03  7.37182467E-02  1.05162292E-02
   23850 -7.83125188E-02 -4.77685912E-02 -3.94372846E-02  1.21315777E-01  5.38772418E-02
   23900 -2.16821992E-02 -4.02849196E-02  2.44574159E-03  7.17697613E-02  2.83054616E-02
   23950  6.65182626E-03  2.71237696E-02 -2.23871447E-02  7.03501939E-02  3.05624882E-02
   24000  5.05674646E-02  5.21398691E-03 -1.11103342E-01  1.51571840E-01  3.00298526E-02
   24050  1.18262737E-04 -5.04495073E-02  2.42522380E-02  9.69652738E-02  4.62416133E-02
   24100 -6.53422395E-03 -5.37128260E-02 -3.38008570E-02  1.14938961E-01  2.95760077E-02
   24150 -9.94062860E-02 -1.38675744E-02 -8.19137036E-02  1.49866719E-01  3.87615923E-02
   24200  3.34075082E-02  1.62159662E-03  2.63240483E-02  7.55221884E-02  4.06375699E-02
   24250 -6.43788518E-02  1.11858480E-02  4.83301659E-02  9.40930549E-02  3.47719756E-02
   24300 -3.68571030E-02  2.03225732E-02  1.33448177E-02  1.05276812E-01  5.08464197E-02
   24350  2.74645912E-02 -8.22037891E-02 -2.31459949E-02  1.25636202E-01  2.87747636E-02
   24400 -9.74164293E-02  1.46943912E-02 -2.40658034E-02  1.23330815E-01  5.81163796E-02
   24450  1.51822075E-02 -7.88676518E-02  2.29049863E-02  1.29294323E-01  5.91375453E-02
   24500  3.63314126E-02  6.62806675E-03 -4.85917546E-02  1.13739644E-01  5.44143197E-02
   24550 -1.23592969E-02 -2.01855909E-04  4.76331678E-02  1.06046273E-01  5.24535084E-02
   24600  2.77409472E-02 -6.87048482E-02  5.37468968E-02  1.16507415E-01  3.45982122E-02
   24650  3.07347782E-02 -7.35359859E-02 -8.80405784E-02  1.37761284E-01  4.46793418E-02
   24700 -8.87637851E-02  3.13788163E-02 -1.04041108E-02  1.15991849E-01  3.79281266E-02
   24750 -1.09061018E-02 -8.24933585E-03 -5.56559789E-02  9.89445487E-02  1.46817384E-02
   24800  9.10058227E-02 -5.47906013E-03 -1.12587253E-02  1.23763275E-01  5.77664729E-02
   24850 -3.01864656E-02 -5.77180617E-02 -1.54068876E-02  9.28385948E-02  3.13061972E-02
   24900  5.51468260E-02 -5.11489666E-02 -4.22482246E-02  9.91320797E-02  4.66962473E-02
   24950  3.28844301E-02 -3.73399489E-02  1.12912455E-02  1.35993771E-01  2.30088011E-02
   25000  7.67670450E-03  7.82933525E-03 -1.78761959E-02  1.04525472E-01  4.99624202E-02
   25050  3.37843130E-03  2.20051377E-02  3.68176816E-02  6.96754018E-02  3.09220151E-02
   25100  6.49982227E-02 -7.26057662E-02 -7.05632719E-03  1.22987004E-01  2.96346416E-02
   25150 -5.87954491E-02  3.79927561E-02 -1.18360303E-01  1.47669192E-01  2.17087776E-02
   25200  5.89229111E-03  3.83713542E-03  6.82947917E-02  9.32578083E-02  3.41687618E-02
   25250  4.79279295E-02  1.17045556E-02  5.61422862E-03  8.59058337E-02  2.84721022E-02
   25300 -1.74896367E-02  3.17794115E-02 -6.75365959E-05  8.35460780E-02  5.15822789E-02
   25350  4.13679982E-03  9.34562849E-03 -9.96546356E-03  1.10666226E-01  4.11125204E-02
   25400 -1.92159751E-02 -2.07190873E-02 -2.60169743E-02  8.68845468E-02  4.95182379E-02
   25450  6.06531428E-02  1.52889729E-02 -1.11070537E-02  1.00139329E-01  3.10005430E-02
   25500  5.06882166E-02  2.35533924E-02  4.37004820E-02  8.87897540E-02  1.73209008E-02
   25550  3.60335578E-02  8.90697274E-02 -4.77770909E-02  1.37959257E-01  5.14094870E-02
   25600  1.58798289E-02  5.02167185E-03 -2.19633378E-02  6.39782503E-02  3.96695006E-02
   25650  1.85255774E-02 -1.00710954E-01 -6.67220168E-03  1.24348301E-01  4.10729263E-02
   25700 -1.22150876E-02  2.00003216E-02 -1.07903972E-01  1.25309122E-01  3.91655630E-02
   25750 -1.25693137E-03  3.88549592E-02 -6.43763377E-03  9.23635856E-02  1.81255391E-02
   25800 -2.89268852E-02  1.63000398E-03 -4.40761813E-02  7.62836706E-02  2.05900875E-02
   25850  1.49657474E-02  6.12477864E-02  2.20975379E-02  8.70069887E-02  3.27534774E-02
   25900  3.77718617E-02 -2.49767215E-02  1.05204653E-01  1.37401268E-01  3.87374196E-02
   25950 -1.04783435E-02 -1.93689186E-02 -3.10535566E-02  7.01018251E-02  1.01528269E-02
   26000  1.77084449E-02  3.07075975E-02  3.78654645E-02  8.51321865E-02  2.19642159E-02
   26050  3.33880282E-02  1.34837517E-02 -1.64036995E-02  8.02941085E-02  2.69502884E-02
   26100  4.75885663E-02  9.06748185E-03  6.63530246E-02  1.07532527E-01  3.05432882E-02
   26150  3.90888734E-02  3.53091861E-02  7.82914619E-02  1.09292080E-01  2.88731323E-02
   26200  4.56876092E-02  7.02738021E-02 -1.14349930E-03  1.09426085E-01  3.63241602E-02
   26250 -3.98914206E-02  5.68773267E-04 -4.63267428E-02  9.34931200E-02  3.37343068E-02
   26300 -3.43628212E-02  7.73487956E-02 -4.41764167E-02  1.14849488E-01  4.18886733E-02
   26350  7.00148963E-02 -3.83436081E-02 -5.30576116E-02  1.21098123E-01  3.60593081E-02
   26400  1.39278894E-01  2.78418057E-02  6.74462002E-03  1.53932743E-01  5.61346393E-02
   26450 -6.91441550E-02  6.67663981E-02  8.45135108E-02  1.39048591E-01  2.81105996E-02
   26500  6.08562055E-02 -1.90640095E-04  8.70481123E-02  1.36665027E-01  2.88437269E-02
   26550 -5.30002775E-02  1.90545550E-02 -1.38327580E-01  1.64547540E-01  3.96687678E-02
   26600  3.43828985E-02 -5.92194786E-02  4.17146337E-03  8.85742651E-02  4.30650827E-02
   26650  5.39898541E-02 -4.58516200E-02 -2.27849313E-02  1.18937184E-01  2.65356003E-02
   26700  2.01389678E-02  2.39845162E-02  6.64911323E-05  7.96752977E-02  2.68663487E-02
   26750  9.39884314E-03 -4.72007667E-02  4.56505166E-02  1.04709166E-01  3.19244436E-02
   26800 -9.70479659E-03  3.25253531E-02 -6.11575802E-02  1.18433057E-01  4.57468237E-02
   26850  1.84550464E-02  2.65449454E-02  2.70664871E-03  7.08808539E-02  3.87409627E-02
   26900 -1.42544500E-03  1.05816486E-01 -3.19078281E-02  1.34754045E-01  5.54308094E-02
   26950  3.18524151E-02  9.22890220E-02  9.04443704E-02  1.43732443E-01  2.62238707E-02
   27000  2.77809793E-02 -2.22382483E-02 -5.96474746E-02  9.77994619E-02  5.04637983E-02
   27050 -5.21787404E-02 -7.12572887E-02  2.65719270E-02  1.24101476E-01  3.29768675E-02
   27100 -2.07124444E-02 -4.51306539E-03 -1.98980125E-02  7.90420000E-02  1.61898157E-02
   27150 -2.89508631E-02  1.68845141E-02 -5.09766653E-02  9.06332736E-02  4.04890743E-02
   27200 -1.14946118E-02 -4.30156645E-02 -7.20831483E-02  1.31317011E-01  3.59590577E-02
   27250 -6.51022745E-03 -2.93794782E-02 -6.89953432E-02  1.02930905E-01  1.54795686E-02
   27300 -9.15125307E-03  1.61286017E-02 -2.16668564E-02  8.51614928E-02  2.81509701E-02
   27350  3.62235623E-02  2.30151605E-02 -8.07328220E-03  7.11152687E-02  4.43039177E-02
   27400  8.57880835E-02 -2.92962557E-02  2.94495223E-02  1.14884522E-01  6.05001036E-02
   27450  1.10558950E-02  6.22504688E-04 -3.46937491E-02  7.65362049E-02  3.98337316E-02
   27500  2.15122866E-02 -9.89772307E-03 -6.38615560E-02  1.29484741E-01  2.68154915E-02
   27550  4.37516366E-02  9.00468457E-02 -2.46446953E-02  1.10215323E-01  4.11073280E-02
   27600 -6.44020100E-02 -5.72421661E-02 -2.98763643E-02  1.24401677E-01  2.76625805E-02
   27650  2.14683208E-02 -3.38423241E-02 -5.14267982E-02  1.02399373E-01  1.79980920E-02
   27700  1.07207872E-01 -3.99215850E-02  4.84710331E-04  1.25710797E-01  3.54517217E-02
   27750 -9.38793145E-02  2.37099663E-02  1.28626927E-02  1.08261838E-01  1.99259264E-02
   27800 -3.25710165E-02  6.69703674E-03  1.76316443E-02  8.59498855E-02  1.47441962E-02
   27850  2.93982749E-03 -5.61047387E-02 -2.37096206E-03  8.61053701E-02  4.56363717E-02
   27900  2.20623008E-02  7.29719115E-02  2.15095406E-02  1.06977895E-01  4.91660493E-02
   27950 -2.43424185E-04  4.59616114E-02  9.69047927E-03  1.02227426E-01  3.66527591E-02
   28000  6.05804618E-03 -6.33309374E-02  6.72546318E-03  9.12882555E-02  2.59865860E-02
   28050  1.22558675E-03 -1.58163805E-02  8.64369928E-02  1.08182607E-01  2.59335465E-02
   28100 -3.02163476E-02 -2.97186923E-02  2.17858767E-02  8.06017027E-02  2.80948606E-02
   28150 -1.72006182E-02  8.10859658E-02  2.12928844E-02  1.34510878E-01  3.81051226E-02
   28200  1.09615001E-02  4.56469853E-02  3.79270741E-02  8.91639669E-02  4.38547017E-02
   28250  6.62924082E-02 -6.29981495E-02  1.93209654E-02  1.13612689E-01  4.88957456E-02
   28300 -1.35473040E-02 -1.09945956E-01  6.05853110E-02  1.40074545E-01  3.54623619E-02
   28350  2.24677900E-02 -4.07737170E-02  1.05762113E-02  8.26533196E-02  2.77653249E-02
   28400  3.32332053E-02 -5.16708955E-02 -7.68848504E-03  9.43227830E-02  3.78933867E-02
   28450 -2.06874387E-02 -8.96171295E-02 -4.06978282E-02  1.18329108E-01  3.88710443E-02
   28500 -5.36734589E-02 -5.14078417E-02  2.65075023E-02  1.08816489E-01  6.23195437E-02
   28550 -2.74921857E-02  2.49194901E-02 -5.30791046E-02  7.74351975E-02  1.74628121E-02
   28600 -1.12319227E-01  4.12425157E-02  4.02512204E-02  1.50260246E-01  4.10423453E-02
   28650 -3.82752564E-02  2.33437093E-02 -1.09414997E-01  1.28211228E-01  5.76811155E-02
   28700 -1.09378633E-01 -3.20878060E-02 -3.14442122E-03  1.41151692E-01  1.45562102E-02
   28750  1.86219679E-02  3.75792569E-02 -5.45849938E-02  1.28393679E-01  4.25329210E-02
   28800 -1.07462050E-03 -3.95391836E-02 -5.53695032E-02  1.03475080E-01  3.63841132E-02
   28850 -4.59601533E-03 -1.14827518E-02  1.07665084E-02  7.10809240E-02  3.13782274E-02
   28900 -8.29282117E-02 -1.96615250E-02  8.57526072E-02  1.35940627E-01  2.89852418E-02
   28950  2.83799755E-02 -3.18035566E-02 -5.20241829E-02  1.22328440E-01  2.16744625E-02
   29000 -2.36390488E-03 -3.09004787E-02  5.54164992E-02  9.00311177E-02  2.65415132E-02
   29050  2.41123566E-02  1.73772808E-02 -8.78775001E-04  8.51011340E-02  3.46385581E-02
   29100  7.75376429E-02 -1.80154045E-02  2.80915370E-02  1.02917313E-01  3.86273402E-02
   29150  8.20452450E-02  5.00971881E-02 -5.24129727E-02  1.28512762E-01  6.22866752E-02
   29200 -3.99115372E-02 -2.42971550E-02  7.80731256E-02  1.19262548E-01  4.93904300E-02
   29250 -3.74121253E-02  6.84716261E-03 -5.02915215E-02  9.63900685E-02  1.16363008E-02
   29300  4.63507995E-03 -7.97727277E-02 -5.72811433E-02  1.22223489E-01  3.67687711E-02
   29350 -5.98604383E-02 -1.19069458E-01 -1.79417574E-02  1.44663819E-01  2.88938112E-02
   29400 -8.56280923E-02 -4.05272602E-02  6.57879036E-02  1.26583016E-01  3.64605763E-02
   29450 -2.73070786E-02  9.71644348E-03  7.38119799E-02  1.03294858E-01  5.16829070E-02
   29500 -3.18291522E-02  7.03171907E-02 -2.17086517E-02  1.10111949E-01  4.44646716E-02
   29550  9.09423955E-02  3.03636014E-03  4.88111557E-03  1.08606642E-01  5.05802615E-02
   29600 -5.59785869E-02 -3.61336348E-02  7.13146833E-03  8.41807478E-02  4.06963925E-02
   29650 -8.23439663E-02  2.92470694E-03 -1.38260161E-02  9.68119233E-02  1.83414284E-02
   29700 -6.18849562E-02  5.20001843E-02  2.66725921E-02  1.11837488E-01  3.26217301E-02
   29750 -4.50599077E-03  9.51679029E-02  3.23094288E-02  1.29428270E-01  3.65635201E-02
   29800  3.24596254E-02  1.19299510E-02  2.89342567E-03  1.01028768E-01  1.25303839E-02
   29850  1.23688039E-02  6.06753259E-02 -6.07732524E-02  1.12247672E-01  2.85169266E-02
   29900  5.05112184E-03  1.71348567E-02 -5.28195970E-02  9.66541975E-02  1.48749161E-02
   29950  3.34939902E-02 -5.12644228E-02 -6.10578129E-02  1.00940719E-01  2.10036340E-02
   30000  6.62620876E-03  1.33072534E-02 -5.43863255E-02  8.29147085E-02  3.55472377E-02
   30050 -1.10588248E-01 -8.44070793E-02 -8.38351391E-02  1.82021283E-01  3.69860646E-02
   30100 -3.42254768E-02 -2.46459115E-02  2.37331646E-04  1.21849898E-01  3.23097263E-02
   30150 -9.82394435E-02  8.26764940E-02 -1.07033498E-02  1.43000623E-01  6.02069407E-02
   30200 -2.05307364E-02  3.38024066E-02  2.15202956E-03  6.63339921E-02  3.99233465E-02
   30250  2.95118761E-02 -6.34237937E-02  8.58763896E-02  1.41615194E-01  3.19840233E-02
   30300  6.90416662E-02 -6.52039658E-02 -2.28980907E-02  1.25752313E-01  4.06212173E-02
   30350 -8.02021535E-02  6.22023850E-02  2.30686302E-02  1.22137173E-01  2.60534158E-02
   30400  1.19854173E-02  4.52542764E-03 -2.48671482E-02  8.39665684E-02  9.86328110E-03
   30450  1.28193758E-02 -3.14040622E-02  2.89662243E-02  8.14048375E-02  2.12384216E-02
   30500 -8.77365010E-02 -5.95515229E-02 -5.31523189E-02  1.25289358E-01  2.67413619E-02
   30550  5.61468846E-02  3.66084146E-03  5.19138291E-03  9.59549049E-02  1.10760269E-02
   30600  4.42028945E-02 -6.24786242E-02  7.59875901E-02  1.50081900E-01  3.15853980E-02
   30650 -3.19436343E-03  6.44865938E-02  6.04215975E-02  1.16220348E-01  2.13491321E-02
   30700 -1.91904229E-02 -7.95608825E-02  8.79865757E-02  1.57813925E-01  3.41991576E-02
   30750  8.00100344E-02  4.99705396E-02 -8.66481137E-02  1.31081652E-01  6.03989124E-02
   30800  3.39906501E-03 -1.11517878E-02  2.55725269E-02  9.30741220E-02  4.92955265E-02
   30850  3.11988775E-02 -4.03285966E-02  2.12072285E-02  1.05706474E-01  6.11122767E-02
   30900  1.36962504E-03 -7.31687570E-02  6.29624864E-02  1.24964397E-01  6.86715547E-02
   30950  4.10455071E-02  8.34293623E-02 -5.85069832E-02  1.46948102E-01  5.17415302E-02
   31000  1.40345288E-02  6.13691783E-02 -3.96775097E-02  1.05074443E-01  6.58992243E-02
   31050  2.21229370E-02  6.13884571E-02  9.48292365E-02  1.33590805E-01  6.05836113E-02
   31100 -2.07177629E-03 -4.04653115E-03  1.73531225E-02  5.01547745E-02  2.41902854E-02
   31150 -4.44095810E-02  1.28622191E-01  3.19373395E-02  1.45227510E-01  3.39026740E-02
   31200 -2.81049841E-02  5.46878529E-02  6.73847681E-03  7.98290346E-02  3.00194363E-02
   31250  1.76065842E-02 -4.56830467E-02 -7.82662949E-02  1.14712426E-01  5.46835141E-02
   31300  1.61703514E-02  3.58096525E-02 -1.06829217E-01  1.25436299E-01  2.40549121E-02
   31350  1.35025219E-02  5.14437568E-03 -4.36446971E-03  8.03868570E-02  2.39841844E-02
   31400 -4.32666806E-03  1.66639638E-02 -6.00726787E-02  1.00462401E-01  2.75866100E-02
   31450  2.84429894E-02 -5.00359552E-02 -4.15873572E-03  1.08778505E-01  2.00852804E-02
   31500 -1.19979540E-02 -6.28929674E-02 -1.62024064E-02  9.10362822E-02  3.95118611E-02
   31550  3.71683996E-02 -7.19610650E-02 -5.17840857E-02  1.21759681E-01  3.18276212E-02
   31600  3.59468450E-02 -2.24372425E-03 -7.13768072E-02  1.02716255E-01  2.88574447E-02
   31650 -2.95554166E-02 -1.36075607E-02  9.32611095E-03  7.82284573E-02  5.08481990E-02
   31700 -4.19945899E-02 -7.85384528E-03 -1.15657885E-01  1.34712106E-01  2.10240101E-02
   31750  5.71414864E-02  4.77738751E-03  3.50798773E-02  9.39095160E-02  4.15022569E-02
   31800 -1.15514210E-01  1.69848810E-03  7.21161815E-02  1.47720442E-01  4.85287682E-02
   31850  3.51901678E-02  2.05708895E-02  6.50510424E-02  1.04668655E-01  2.81118869E-02
   31900  1.10779700E-01 -4.94812940E-02 -4.35914135E-02  1.53088248E-01  2.50611389E-02
   31950 -9.11682051E-03  1.23878086E-01  1.06803039E-02  1.40542617E-01  2.96763583E-02
   32000  5.76399497E-02 -1.17939263E-02 -7.44568588E-03  8.64982167E-02  2.07157389E-02
   32050 -1.13351332E-02  7.48972148E-02 -1.06017399E-03  9.93226780E-02  3.20756797E-02
   32100  1.25894933E-02  2.72908266E-02 -5.03402390E-03  9.15540004E-02  1.13792570E-02
   32150  3.40069549E-02  5.83663748E-03 -5.51307571E-02  9.01509352E-02  4.00228625E-02
   32200 -6.92837320E-02  2.76057031E-02 -7.38277060E-02  1.37711120E-01  4.77930823E-02
   32250 -2.55173083E-02  2.85118216E-02 -1.33174286E-02  1.02053360E-01  2.54253909E-02
   32300 -2.72958966E-02 -1.46356367E-02  4.34553775E-02  8.13133683E-02  3.67094122E-02
   32350  4.85087816E-02 -5.50568997E-02 -8.46153320E-02  1.33035521E-01  3.44429404E-02
   32400 -5.16091340E-02  4.43250431E-02  2.93897125E-03  8.35357059E-02  3.95290220E-02
   32450  1.39374401E-01 -8.56775635E-03  1.94818474E-02  1.54976609E-01  2.65126820E-02
   32500  1.68220096E-03  9.56613030E-02 -6.93067186E-02  1.50967166E-01  6.16984496E-02
   32550  5.46866335E-03  5.43032528E-02  4.74325315E-02  1.06697290E-01  4.95514604E-02
   32600 -4.16547834E-02  2.69971782E-02  7.56342234E-03  1.03471279E-01  3.29711138E-02
   32650  3.12883902E-02 -8.63910849E-02 -7.51668454E-02  1.25717555E-01  2.12588944E-02
   32700 -5.11257601E-02 -2.02733042E-02  1.14410179E-02  9.01186143E-02  1.55712855E-02
   32750 -5.21369829E-02 -3.56947525E-02  3.07212905E-02  9.86084136E-02  4.56763383E-02
   32800 -2.96552080E-02 -6.56135411E-02  7.68387004E-02  1.18515046E-01  4.75129600E-02
   32850  2.75237436E-02 -8.52115829E-02  1.38444183E-02  1.12026359E-01  2.31553604E-02
   32900  8.48370056E-03  4.10181104E-02  4.91347591E-02  9.54073168E-02  3.43579427E-02
   32950 -3.96175997E-02  8.80175118E-03  3.76277532E-03  8.97723323E-02  2.66766447E-02
   33000  1.47626945E-03 -8.10181195E-03 -1.70050760E-02  1.02002495E-01  2.86194041E-02
   33050  1.46693898E-02 -7.33663037E-02 -4.61893120E-02  9.52452092E-02  2.92744295E-02
   33100  2.37643992E-02 -6.14425629E-02  2.85832074E-03  9.84153383E-02  1.52037181E-02
   33150 -4.08191978E-02  9.47991448E-03 -2.57745057E-02  1.02408465E-01  3.75065116E-02
   33200  2.66413481E-02 -5.68764736E-03 -1.24237033E-01  1.29288532E-01  4.07633027E-02
   33250 -5.72599929E-03  6.97414412E-02  2.51506701E-02  9.60779480E-02  3.16162651E-02
   33300  4.81168623E-02 -3.53920510E-02 -5.17353240E-02  1.15201839E-01  5.61061294E-02
   33350  3.81513194E-02 -6.74563939E-02 -1.51363925E-02  1.06336733E-01  3.91613208E-02
   33400  2.34540271E-02 -1.11072351E-01  3.65050744E-02  1.34361843E-01  4.61410282E-02
   33450  3.72507820E-02  5.31344275E-02 -7.07128021E-02  1.15380236E-01  3.41378029E-02
   33500 -3.67349021E-02 -2.43274912E-02 -3.25575107E-02  8.60349388E-02  9.07765894E-03
   33550 -1.62492695E-03 -3.96777892E-02  3.58372127E-03  9.06388452E-02  2.83869681E-02
   33600  2.62843778E-02  4.08345303E-02  8.44185031E-02  1.12540803E-01  4.96254508E-02
   33650  6.37596612E-02  9.27345464E-03 -3.82332596E-02  9.49456199E-02  2.80503169E-02
   33700 -1.21881401E-03 -2.40265023E-02  5.53073827E-02  1.09321256E-01  1.38389284E-02
   33750  4.84675207E-02  4.69835077E-02 -5.92314870E-02  1.08732507E-01  3.57554226E-02
   33800 -7.12675539E-03 -2.23216976E-02 -7.06179425E-03  7.26184788E-02  3.09529350E-02
   33850  8.41401479E-02 -3.10819901E-02 -4.14057686E-02  1.21472084E-01  4.93956832E-02
   33900  6.60091735E-02 -6.75816296E-02 -4.10577156E-02  1.32287333E-01  2.75873078E-02
   33950  7.87626982E-03 -8.72101208E-02 -2.48897086E-02  1.12226281E-01  4.27486966E-02
   34000  2.47356929E-02 -7.79793667E-02  6.08379280E-02  1.25529024E-01  4.24907811E-02
   34050 -5.29029142E-02 -8.99507246E-02 -9.33568048E-02  1.58920081E-01  4.12313549E-02
   34100 -1.16202236E-02 -1.15583415E-02 -2.73924191E-03  4.75246596E-02  1.32256761E-02
   34150 -2.14398422E-02 -6.70585004E-02  9.02789508E-03  1.16076243E-01  1.76112910E-02
   34200  5.31085663E-02  1.34370219E-02  4.08294851E-02  1.07445530E-01  3.08773614E-02
   34250 -6.31557897E-02 -2.35289858E-02  9.36192018E-03  1.10883962E-01  3.61854445E-02
   34300 -1.33648625E-03  1.24937198E-02 -1.94655818E-02  5.95673026E-02  2.33733770E-02
   34350 -6.62128064E-04  7.52800301E-02 -6.95482818E-02  1.42236791E-01  2.72436218E-02
   34400 -6.79681823E-02  4.29393014E-02  8.15324473E-02  1.33045927E-01  3.92074147E-02
   34450  2.01032878E-02 -5.69840142E-02  2.78598899E-02  8.12953461E-02  3.45046527E-02
   34500 -3.55829934E-02 -1.51582453E-02 -1.71916256E-02  7.01630935E-02  3.20561542E-02
   34550  5.79286803E-02 -1.18646815E-02  7.72039993E-02  1.30112753E-01  4.15643819E-02
   34600 -5.63412996E-02  1.03145253E-02 -1.14566475E-02  9.05608408E-02  1.93712425E-02
   34650  3.01887369E-02  4.12449559E-02  8.03041943E-04  8.14956738E-02  2.52170567E-02
   34700  4.51687954E-02 -1.28415522E-02 -6.83301249E-02  1.16214385E-01  4.38598560E-02
   34750  2.85461479E-02  1.48015663E-02  8.40448434E-02  1.15849221E-01  4.32374159E-02
   34800  1.16174597E-02 -6.44227629E-02  4.75006892E-02  9.33112655E-02  4.23677474E-02
   34850  6.11882286E-03  9.74867963E-02 -9.13938694E-04  1.17607044E-01  2.78440961E-02
   34900  5.92035240E-02  1.22538831E-03  6.47684841E-02  1.07350207E-01  4.77729508E-02
   34950  8.41954091E-03  8.77235176E-03  1.18362730E-02  6.09697533E-02  2.32172573E-02
   35000 -9.84028455E-02  9.85289828E-02 -3.94841322E-02  1.66601339E-01  5.55809900E-02
   35050 -3.36094750E-02  1.42583342E-01 -1.95538501E-02  1.82271267E-01  5.40373601E-02
   35100 -1.40677687E-02 -8.62130287E-02 -3.11506079E-02  1.14817909E-01  4.30212893E-02
   35150 -8.65285540E-02 -9.52203750E-03  1.42049096E-01  2.05482365E-01  2.66637461E-02
   35200 -4.19516805E-02  1.58009161E-02 -8.22712267E-03  1.05663255E-01  3.67901030E-02
   35250 -2.71344157E-02  7.81516116E-02  4.72330732E-02  1.16481181E-01  5.86628859E-02
   35300 -6.56925702E-02  2.26941947E-02  4.48034825E-02  1.16605446E-01  1.95821256E-02
   35350  3.73401975E-02 -4.41625868E-02 -3.86485204E-02  8.78616248E-02  3.23661444E-02
   35400  1.00073590E-01 -2.14389527E-02  1.02667390E-02  1.13597716E-01  3.20749034E-02
   35450  3.26093460E-02 -6.85168326E-02 -2.67473855E-02  1.07207608E-01  4.15014245E-02
   35500 -8.38480757E-02 -2.87540544E-02 -5.53176212E-02  1.41484816E-01  5.43505163E-02
   35550 -7.31122505E-02  9.31327641E-03  9.69703954E-02  1.30904480E-01  1.83931929E-02
   35600 -9.51424170E-03 -1.93837270E-02 -1.82818852E-02  1.02862421E-01  4.95816676E-02
   35650 -2.25113901E-02  8.39834714E-03 -3.38844503E-02  1.08268022E-01  2.94869528E-02
   35700  3.65386282E-02  1.47805999E-01  6.88798808E-03  1.73687457E-01  6.17099142E-02
   35750 -4.80491317E-03 -4.53052337E-02  1.42647547E-02  9.07934707E-02  3.69649882E-02
   35800  2.89655010E-02  2.91172279E-02 -6.64951155E-02  9.45476570E-02  4.93216914E-02
   35850 -4.75926722E-02  8.97114484E-02 -3.18321049E-02  1.25869883E-01  5.46780671E-02
   35900  1.34080662E-02  6.94885116E-02 -3.62098833E-03  9.33952499E-02  1.14415804E-02
   35950 -3.78197533E-02 -3.92638180E-02  5.40677408E-02  1.03715480E-01  2.19877973E-02
   36000 -4.83713260E-02 -1.00631605E-01  4.43179206E-02  1.36427808E-01  1.80704430E-02
   36050 -4.21375439E-02 -3.73034787E-02  3.90689478E-03  1.30309598E-01  3.27326432E-02
   36100  4.11539568E-02  6.95432033E-02  5.70824618E-02  1.19098791E-01  2.13124093E-02
   36150  1.66948843E-02 -5.71079751E-02  6.25741656E-02  1.07354148E-01  3.73580419E-02
   36200 -1.85586815E-02 -6.27614874E-02  7.24651410E-02  1.14721667E-01  6.21050416E-02
   36250 -4.12822115E-02  7.18073398E-02 -4.42426313E-02  1.23710098E-01  4.09115856E-02
   36300 -7.57751976E-03  4.04927148E-02  3.23675759E-02  9.97741912E-02  1.41522224E-02
   36350  2.29391920E-02 -4.90349940E-02 -5.77530624E-02  8.49474842E-02  9.76221611E-03
   36400 -1.43717565E-02  5.45317858E-02  6.87636962E-02  9.72218682E-02  3.04163216E-02
   36450 -8.29933591E-02  8.57383547E-02 -1.48560903E-02  1.29612313E-01  4.44414567E-02
   36500  4.87039929E-02  3.04545458E-02  1.38222701E-02  9.12232849E-02  3.93885396E-02
   36550 -1.40317315E-02  4.06175210E-02 -1.62808544E-02  7.62417902E-02  1.60069577E-02
   36600 -5.95172257E-02 -1.30115447E-02  4.57170589E-02  9.75854768E-02  3.15604889E-02
   36650 -1.13744250E-01  2.53809637E-02  8.52439370E-02  1.57550371E-01  3.30970724E-02
   36700  6.07136161E-02  3.12690046E-02 -5.06537275E-02  1.11354109E-01  3.70298334E-02
   36750  1.46779530E-02  3.63149598E-02 -5.54958885E-02  1.08083335E-01  3.65143074E-02
   36800 -1.21698480E-02  1.85947040E-02 -3.25391425E-03  8.38845573E-02  2.92351737E-02
   36850 -2.87450925E-02 -6.99057036E-02 -3.57104867E-02  1.14669597E-01  4.71600952E-02
   36900  3.26006168E-02  1.61293847E-02  6.01319526E-02  9.13204683E-02  3.52497857E-02
   36950 -2.17413308E-02 -6.13439851E-02  8.29919160E-02  1.23352053E-01  3.20827770E-02
   37000 -4.51244819E-02 -3.94292333E-02  5.19887598E-03  1.11378253E-01  4.60957894E-02
   37050 -7.28687356E-03 -3.47532054E-02  1.01287444E-01  1.51812176E-01  1.46136499E-02
   37100  1.66484846E-02 -2.27300956E-02  3.18897596E-02  1.12012298E-01  3.74549402E-02
   37150 -8.78151871E-03  3.34338704E-02  7.21508701E-02  1.24223406E-01  3.55203332E-02
   37200  6.03423869E-03  2.42579485E-02  2.58354937E-02  8.73550760E-02  1.54093058E-02
   37250 -1.47056821E-02 -1.29167736E-02  7.54522010E-02  1.05004088E-01  4.65036532E-02
   37300 -3.90254069E-02 -3.52513496E-02 -9.93083511E-02  1.53475529E-01  4.29075239E-02
   37350  3.51967132E-02 -7.74324385E-03  2.78089261E-02  9.21360155E-02  3.61141380E-02
   37400  9.17105664E-03 -8.38829589E-02 -2.57005914E-02  1.16445086E-01  5.14914596E-02
   37450 -3.94621668E-02 -8.00694679E-02 -1.06872817E-02  1.08582695E-01  4.49279457E-02
   37500 -2.33644876E-02  5.46925328E-02 -2.10590483E-02  7.69396507E-02  2.63496952E-02
   37550 -9.27352728E-02  4.13908747E-02 -4.99260780E-02  1.50075420E-01  1.79229460E-02
   37600  3.07465608E-02 -5.10354470E-02 -1.26003047E-02  1.24025057E-01  3.12603432E-02
   37650 -1.23553487E-02  4.98444587E-02  3.01306403E-02  9.22748511E-02  4.40238707E-02
   37700  4.18004780E-02  8.78271820E-02 -5.37255111E-02  1.28987309E-01  6.02779107E-02
   37750  5.63774414E-02 -6.99579662E-02  4.64634309E-02  1.34725752E-01  2.77334205E-02
   37800  4.41670681E-02 -3.68226662E-02  4.38416327E-02  1.11549645E-01  5.83300241E-02
   37850  5.14529240E-02 -9.91070370E-03 -1.65837228E-02  7.92779984E-02  3.08066600E-02
   37900  3.57163374E-02 -5.10852294E-02  2.82896237E-02  8.90436263E-02  4.28109477E-02
   37950 -8.63983805E-03  4.16774930E-02  1.52750682E-02  8.90331571E-02  4.14412423E-02
   38000  1.31836658E-01  7.90537707E-02 -6.21544386E-02  1.70252309E-01  4.27264817E-02
   38050 -1.56685427E-03 -9.55944211E-02 -4.81044164E-02  1.28797521E-01  5.12522411E-02
   38100 -2.50641992E-02  1.60234901E-03 -2.64646249E-02  1.10951333E-01  2.25805395E-02
   38150  4.47904028E-02 -3.75897771E-02 -1.60647357E-02  1.09173867E-01  5.70105025E-02
   38200 -8.15201442E-02 -7.15696093E-04 -4.74133494E-02  1.31940067E-01  4.91585406E-02
   38250 -9.57515979E-02  2.72716790E-03 -2.43639509E-02  1.21749028E-01  5.37404601E-02
   38300  8.06408229E-02 -1.05487529E-01 -2.24189589E-02  1.48979523E-01  4.93132119E-02
   38350 -9.57760918E-03  1.05420899E-01 -5.13289012E-02  1.32043492E-01  2.59623878E-02
   38400 -4.27055564E-02  5.77261781E-02 -2.69795529E-03  8.77989326E-02  3.76597411E-02
   38450  4.90366370E-02 -9.30261840E-02  5.10158569E-02  1.27652139E-01  7.00037442E-02
   38500  4.30821838E-02 -6.73590777E-03 -4.23445215E-02  1.03577379E-01  4.05811406E-02
   38550  4.85394075E-02 -3.07456613E-02 -5.49706882E-02  1.13514509E-01  2.66425707E-02
   38600 -4.92445639E-02  6.83040615E-02 -5.89915722E-02  1.15842293E-01  2.06812962E-02
   38650  2.48428902E-02  1.33843779E-03  5.15014960E-02  7.72516610E-02  2.42243167E-02
   38700 -7.23368930E-02  5.68980508E-02 -2.28107570E-02  1.23278841E-01  3.20097516E-02
   38750 -6.50983242E-02 -3.61706447E-02  6.13711789E-02  1.29344046E-01  5.80656543E-02
   38800 -3.83277175E-02  3.04389980E-02 -1.72052772E-03  1.26295666E-01  5.00079765E-02
   38850 -2.88393923E-02 -5.11268627E-02  6.66588891E-02  1.27700449E-01  3.06053699E-02
   38900 -5.58771821E-02 -6.50227670E-02  7.87100141E-02  1.38564240E-01  3.52022721E-02
   38950  3.14812575E-02  7.99231809E-03  4.32076847E-02  1.15153475E-01  2.73479643E-02
   39000  1.46560181E-04  2.87187949E-03 -9.20495791E-02  1.24347553E-01  2.36987649E-02
   39050 -2.41630467E-02 -8.19479773E-02 -6.05909685E-02  1.18191105E-01  3.85255678E-02
   39100  5.09074891E-02 -6.70016763E-02 -6.61768411E-03  1.08217827E-01  2.17343278E-02
   39150 -7.12734949E-03 -7.59455955E-02  3.51235363E-02  1.01963568E-01  4.14128364E-02
   39200  3.32350697E-02  4.02748636E-02  1.87889820E-02  1.17152031E-01  3.60150331E-02
   39250 -1.04548396E-01  3.29773088E-02 -6.19599493E-02  1.52499300E-01  2.91334492E-02
   39300 -6.30317003E-03 -1.29764600E-02  8.63058928E-03  7.97314783E-02  2.27892949E-02
   39350  2.33094460E-02  9.08828160E-02  1.41538554E-02  1.11069936E-01  3.34446184E-02
   39400  2.61613830E-02 -4.04662804E-03 -8.12633300E-02  1.22389587E-01  2.98178829E-02
   39450  5.09187292E-02 -9.30334734E-03 -8.14468917E-02  1.13285457E-01  4.93950347E-02
   39500  7.26231574E-02 -8.90083579E-02  7.26374419E-02  1.49377833E-01  3.15339792E-02
   39550  1.12920210E-02  6.16705955E-02 -2.36386717E-02  9.74754040E-02  5.07926344E-02
   39600  1.01672641E-02  3.02135234E-02  4.96687474E-02  7.88767016E-02  3.16039325E-02
   39650 -3.77756106E-02 -2.61006227E-02  5.83427704E-02  1.27003290E-01  4.07708911E-02
   39700  3.33864306E-02 -5.75669092E-02 -2.91347451E-02  8.91874702E-02  6.85438976E-02
   39750  1.07761699E-02  7.00325327E-02  3.57333013E-02  9.83538076E-02  2.32760324E-02
   39800  5.12990632E-03 -8.03342314E-02  4.05356676E-02  1.18609087E-01  5.42769703E-02
   39850  4.97018069E-02 -1.09699974E-01  1.94102106E-03  1.40815341E-01  1.03879571E-02
   39900 -2.59603804E-02 -5.96438182E-02  4.53137709E-02  1.08478828E-01  4.12259633E-02
   39950  1.83936634E-02  5.91650702E-02  3.71606624E-02  1.00109145E-01  2.68913613E-02
