   #Iter             <M>           <M^2>           <M^4>      U_{Binder}            \chi        C_v(tot)             <E>       <E_{exc}>       <E_{lsf}>
       1  8.01780317E-02  7.30836060E-03  7.23680121E-05  5.48367223E-01  5.36466656E-04  2.62738627E-01 -1.95556312E+00 -1.95556312E+00  0.00000000E+00
      11  9.43820557E-02  1.06989592E-02  2.01738309E-04  4.12532212E-01  1.09201729E-03  3.01955881E-01 -1.83292297E+00 -1.83292297E+00  0.00000000E+00
      21  1.04194064E-01  1.31812477E-02  3.10287464E-04  4.04708155E-01  1.41752623E-03  3.91741999E-01 -1.83074247E+00 -1.83074247E+00  0.00000000E+00
      31  1.06148331E-01  1.35440720E-02  3.17616001E-04  4.22858089E-01  1.38811230E-03  3.75051833E-01 -1.85278690E+00 -1.85278690E+00  0.00000000E+00
      41  1.13608071E-01  1.50520475E-02  3.61486748E-04  4.68161262E-01  1.30802422E-03  3.83368965E-01 -1.84882590E+00 -1.84882590E+00  0.00000000E+00
      51  1.15185022E-01  1.56012754E-02  4.01960468E-04  4.49519572E-01  1.42291698E-03  3.75267396E-01 -1.86220421E+00 -1.86220421E+00  0.00000000E+00
      61  1.16043214E-01  1.59620416E-02  4.43474345E-04  4.19809829E-01  1.52189318E-03  3.42590054E-01 -1.86680582E+00 -1.86680582E+00  0.00000000E+00
      71  1.15098189E-01  1.55596647E-02  4.06843970E-04  4.39847653E-01  1.40973801E-03  3.51881262E-01 -1.86220539E+00 -1.86220539E+00  0.00000000E+00
      81  1.14099411E-01  1.53402012E-02  3.94409697E-04  4.41318594E-01  1.41550249E-03  3.45348749E-01 -1.85521073E+00 -1.85521073E+00  0.00000000E+00
      91  1.10123997E-01  1.44795567E-02  3.63555211E-04  4.21985695E-01  1.43424326E-03  3.58127745E-01 -1.85084047E+00 -1.85084047E+00  0.00000000E+00
     101  1.08851268E-01  1.42007489E-02  3.51768106E-04  4.18549552E-01  1.43417520E-03  3.53049626E-01 -1.84759082E+00 -1.84759082E+00  0.00000000E+00
     111  1.08177769E-01  1.41448225E-02  3.61229801E-04  3.98179039E-01  1.48919875E-03  3.59818912E-01 -1.84851138E+00 -1.84851138E+00  0.00000000E+00
     121  1.09723075E-01  1.44783459E-02  3.68554254E-04  4.13939732E-01  1.48724750E-03  3.47140543E-01 -1.84977276E+00 -1.84977276E+00  0.00000000E+00
     131  1.09005299E-01  1.42147458E-02  3.52643721E-04  4.18249578E-01  1.42224898E-03  3.34912085E-01 -1.84970200E+00 -1.84970200E+00  0.00000000E+00
     141  1.07370546E-01  1.38417804E-02  3.35619883E-04  4.16094567E-01  1.41051526E-03  3.64309534E-01 -1.85572228E+00 -1.85572228E+00  0.00000000E+00
     151  1.08502984E-01  1.40772564E-02  3.42311038E-04  4.24210673E-01  1.40503538E-03  3.53504678E-01 -1.85883187E+00 -1.85883187E+00  0.00000000E+00
     161  1.09899309E-01  1.43384659E-02  3.46658079E-04  4.37950333E-01  1.37835898E-03  3.51456464E-01 -1.86022949E+00 -1.86022949E+00  0.00000000E+00
     171  1.10415911E-01  1.44080902E-02  3.47163214E-04  4.42558101E-01  1.35141452E-03  3.55611049E-01 -1.86012264E+00 -1.86012264E+00  0.00000000E+00
     181  1.10351493E-01  1.44382044E-02  3.49312601E-04  4.41444122E-01  1.37844715E-03  3.60347217E-01 -1.86037984E+00 -1.86037984E+00  0.00000000E+00
     191  1.11975206E-01  1.48018066E-02  3.61192490E-04  4.50474302E-01  1.38003700E-03  3.62693169E-01 -1.86565332E+00 -1.86565332E+00  0.00000000E+00
     201  1.12213998E-01  1.48513014E-02  3.65669953E-04  4.47364222E-01  1.37757380E-03  3.58510678E-01 -1.86565893E+00 -1.86565893E+00  0.00000000E+00
     211  1.11828538E-01  1.47486995E-02  3.60672059E-04  4.47307218E-01  1.36767038E-03  3.59087855E-01 -1.86139127E+00 -1.86139127E+00  0.00000000E+00
     221  1.12493989E-01  1.48959253E-02  3.66993007E-04  4.48682776E-01  1.36642045E-03  3.58465291E-01 -1.86056312E+00 -1.86056312E+00  0.00000000E+00
     231  1.12795867E-01  1.49789896E-02  3.74258860E-04  4.43985909E-01  1.37559954E-03  3.54643110E-01 -1.85878768E+00 -1.85878768E+00  0.00000000E+00
     241  1.12031439E-01  1.47707554E-02  3.64002239E-04  4.43868636E-01  1.35342376E-03  3.61084691E-01 -1.85856290E+00 -1.85856290E+00  0.00000000E+00
     251  1.12355672E-01  1.48040640E-02  3.60837708E-04  4.51181486E-01  1.32937289E-03  3.51159850E-01 -1.85899791E+00 -1.85899791E+00  0.00000000E+00
     261  1.11312603E-01  1.45357574E-02  3.48960360E-04  4.49471874E-01  1.30802918E-03  3.52562184E-01 -1.85820237E+00 -1.85820237E+00  0.00000000E+00
     271  1.11119743E-01  1.45109303E-02  3.48170813E-04  4.48836315E-01  1.31904771E-03  3.63579750E-01 -1.86006878E+00 -1.86006878E+00  0.00000000E+00
     281  1.11368773E-01  1.45523751E-02  3.48358508E-04  4.51675811E-01  1.31053502E-03  3.58645616E-01 -1.86307171E+00 -1.86307171E+00  0.00000000E+00
     291  1.11645714E-01  1.46186278E-02  3.50223269E-04  4.53726006E-01  1.31327317E-03  3.59540533E-01 -1.86374582E+00 -1.86374582E+00  0.00000000E+00
     301  1.11152090E-01  1.45041695E-02  3.45468309E-04  4.52604492E-01  1.31054163E-03  3.57564982E-01 -1.86153841E+00 -1.86153841E+00  0.00000000E+00
     311  1.11033898E-01  1.45002014E-02  3.46913995E-04  4.50012910E-01  1.32413402E-03  3.58050116E-01 -1.86239940E+00 -1.86239940E+00  0.00000000E+00
     321  1.10823775E-01  1.44146481E-02  3.40991428E-04  4.52966258E-01  1.30039373E-03  3.55925301E-01 -1.86187981E+00 -1.86187981E+00  0.00000000E+00
     331  1.10778688E-01  1.43871857E-02  3.37626444E-04  4.56294785E-01  1.28974110E-03  3.57993550E-01 -1.86147795E+00 -1.86147795E+00  0.00000000E+00
     341  1.11377464E-01  1.45050354E-02  3.40475311E-04  4.60580323E-01  1.28049018E-03  3.60191949E-01 -1.86322565E+00 -1.86322565E+00  0.00000000E+00
     351  1.11114402E-01  1.44104804E-02  3.35031483E-04  4.62216535E-01  1.25852428E-03  3.60321656E-01 -1.86388312E+00 -1.86388312E+00  0.00000000E+00
     361  1.10844166E-01  1.43580766E-02  3.33971904E-04  4.59997031E-01  1.26314429E-03  3.52565254E-01 -1.86428010E+00 -1.86428010E+00  0.00000000E+00
     371  1.11139244E-01  1.44037558E-02  3.34602017E-04  4.62404286E-01  1.25105759E-03  3.48246704E-01 -1.86591067E+00 -1.86591067E+00  0.00000000E+00
     381  1.11796349E-01  1.45421818E-02  3.38548159E-04  4.66370216E-01  1.24613938E-03  3.53063079E-01 -1.86712485E+00 -1.86712485E+00  0.00000000E+00
     391  1.11755119E-01  1.45169048E-02  3.36257417E-04  4.68133593E-01  1.23634724E-03  3.51278323E-01 -1.86703018E+00 -1.86703018E+00  0.00000000E+00
     401  1.11426085E-01  1.44529305E-02  3.37444053E-04  4.61521093E-01  1.24211521E-03  3.48146395E-01 -1.86687832E+00 -1.86687832E+00  0.00000000E+00
     411  1.10962036E-01  1.43412154E-02  3.32296009E-04  4.61442652E-01  1.23692263E-03  3.43706988E-01 -1.86756470E+00 -1.86756470E+00  0.00000000E+00
     421  1.10790280E-01  1.42817654E-02  3.28504180E-04  4.63146420E-01  1.22389716E-03  3.43482827E-01 -1.86815289E+00 -1.86815289E+00  0.00000000E+00
     431  1.10410402E-01  1.42079283E-02  3.25405438E-04  4.62668825E-01  1.23011157E-03  3.44694790E-01 -1.86889084E+00 -1.86889084E+00  0.00000000E+00
     441  1.10246440E-01  1.41600770E-02  3.22299440E-04  4.64194627E-01  1.22299486E-03  3.48837412E-01 -1.87040919E+00 -1.87040919E+00  0.00000000E+00
     451  1.10213640E-01  1.41748916E-02  3.24895395E-04  4.61007395E-01  1.23643678E-03  3.46140978E-01 -1.87120873E+00 -1.87120873E+00  0.00000000E+00
     461  1.09852888E-01  1.40924930E-02  3.21849616E-04  4.59798130E-01  1.23460206E-03  3.44017206E-01 -1.87078411E+00 -1.87078411E+00  0.00000000E+00
     471  1.10469795E-01  1.42556486E-02  3.28322509E-04  4.61475532E-01  1.25120929E-03  3.41194199E-01 -1.86957338E+00 -1.86957338E+00  0.00000000E+00
     481  1.10089212E-01  1.41802271E-02  3.25226605E-04  4.60863865E-01  1.25640375E-03  3.46553575E-01 -1.87007897E+00 -1.87007897E+00  0.00000000E+00
     491  1.10648122E-01  1.43237143E-02  3.30915972E-04  4.62367919E-01  1.26866848E-03  3.48939730E-01 -1.86924047E+00 -1.86924047E+00  0.00000000E+00
     501  1.10380451E-01  1.42560075E-02  3.27713148E-04  4.62502090E-01  1.26345899E-03  3.51593457E-01 -1.86863855E+00 -1.86863855E+00  0.00000000E+00
     511  1.10098596E-01  1.42168361E-02  3.28257980E-04  4.58637554E-01  1.27746559E-03  3.52762331E-01 -1.86953568E+00 -1.86953568E+00  0.00000000E+00
     521  1.09529723E-01  1.40926008E-02  3.23750922E-04  4.56615230E-01  1.27789555E-03  3.51930163E-01 -1.86822586E+00 -1.86822586E+00  0.00000000E+00
     531  1.09710306E-01  1.41322855E-02  3.25122605E-04  4.57373364E-01  1.27795272E-03  3.53103563E-01 -1.86806036E+00 -1.86806036E+00  0.00000000E+00
     541  1.09798201E-01  1.41414836E-02  3.24013539E-04  4.59927634E-01  1.27179712E-03  3.55781005E-01 -1.86823058E+00 -1.86823058E+00  0.00000000E+00
     551  1.09718921E-01  1.41123687E-02  3.22252453E-04  4.60644452E-01  1.26465629E-03  3.58355100E-01 -1.87011704E+00 -1.87011704E+00  0.00000000E+00
     561  1.09700972E-01  1.40775188E-02  3.19073951E-04  4.63316966E-01  1.24580856E-03  3.55078340E-01 -1.86972784E+00 -1.86972784E+00  0.00000000E+00
     571  1.09691401E-01  1.40884522E-02  3.19725012E-04  4.63056251E-01  1.25375535E-03  3.57392697E-01 -1.87069385E+00 -1.87069385E+00  0.00000000E+00
     581  1.09925200E-01  1.41434241E-02  3.22248612E-04  4.63016834E-01  1.25596611E-03  3.58680455E-01 -1.87041058E+00 -1.87041058E+00  0.00000000E+00
     591  1.09998383E-01  1.41456549E-02  3.21747917E-04  4.64020263E-01  1.24751289E-03  3.59958323E-01 -1.86914597E+00 -1.86914597E+00  0.00000000E+00
     601  1.09786633E-01  1.41191126E-02  3.23911071E-04  4.58386188E-01  1.25970567E-03  3.62317328E-01 -1.86888221E+00 -1.86888221E+00  0.00000000E+00
     611  1.09869827E-01  1.41349054E-02  3.23929449E-04  4.59565128E-01  1.25819277E-03  3.58911944E-01 -1.86795208E+00 -1.86795208E+00  0.00000000E+00
     621  1.10310273E-01  1.42617200E-02  3.32634089E-04  4.54867982E-01  1.27638538E-03  3.57630876E-01 -1.86857828E+00 -1.86857828E+00  0.00000000E+00
     631  1.10247678E-01  1.42488492E-02  3.31758068E-04  4.55320968E-01  1.27695544E-03  3.54473044E-01 -1.86795333E+00 -1.86795333E+00  0.00000000E+00
     641  1.10665846E-01  1.43316327E-02  3.33617077E-04  4.58578275E-01  1.27110489E-03  3.54699211E-01 -1.86661840E+00 -1.86661840E+00  0.00000000E+00
     651  1.10418768E-01  1.42702244E-02  3.31184906E-04  4.57889677E-01  1.26696900E-03  3.54252331E-01 -1.86660749E+00 -1.86660749E+00  0.00000000E+00
     661  1.09762250E-01  1.41093737E-02  3.24652421E-04  4.56396907E-01  1.25703160E-03  3.53121697E-01 -1.86649872E+00 -1.86649872E+00  0.00000000E+00
     671  1.09880010E-01  1.41261446E-02  3.24726881E-04  4.57562515E-01  1.25148660E-03  3.57220619E-01 -1.86789181E+00 -1.86789181E+00  0.00000000E+00
     681  1.09983977E-01  1.41536052E-02  3.25514142E-04  4.58355358E-01  1.25429260E-03  3.53877505E-01 -1.86909239E+00 -1.86909239E+00  0.00000000E+00
     691  1.09872615E-01  1.41170816E-02  3.23493360E-04  4.58928986E-01  1.24695147E-03  3.53452928E-01 -1.87084504E+00 -1.87084504E+00  0.00000000E+00
     701  1.09700333E-01  1.40701608E-02  3.21505730E-04  4.58660970E-01  1.24140766E-03  3.52517373E-01 -1.87119140E+00 -1.87119140E+00  0.00000000E+00
     711  1.09794009E-01  1.41013410E-02  3.23228510E-04  4.58164354E-01  1.24788239E-03  3.53972300E-01 -1.87105265E+00 -1.87105265E+00  0.00000000E+00
     721  1.09846804E-01  1.41120118E-02  3.24308705E-04  4.57175440E-01  1.24731823E-03  3.50570278E-01 -1.87074118E+00 -1.87074118E+00  0.00000000E+00
     731  1.09703411E-01  1.40687244E-02  3.21971222E-04  4.57766486E-01  1.24012016E-03  3.48691451E-01 -1.87065892E+00 -1.87065892E+00  0.00000000E+00
     741  1.10020686E-01  1.41543247E-02  3.26228796E-04  4.57221382E-01  1.24980701E-03  3.50186341E-01 -1.86988845E+00 -1.86988845E+00  0.00000000E+00
     751  1.09813124E-01  1.41123951E-02  3.25270199E-04  4.55595678E-01  1.25206278E-03  3.48310058E-01 -1.87014986E+00 -1.87014986E+00  0.00000000E+00
     761  1.09744793E-01  1.41159449E-02  3.26083129E-04  4.54509529E-01  1.26337467E-03  3.49940517E-01 -1.87032756E+00 -1.87032756E+00  0.00000000E+00
     771  1.10086426E-01  1.41992034E-02  3.29681525E-04  4.54938638E-01  1.26834821E-03  3.49340366E-01 -1.87042192E+00 -1.87042192E+00  0.00000000E+00
     781  1.10040729E-01  1.41783532E-02  3.28206430E-04  4.55780314E-01  1.26176859E-03  3.50046687E-01 -1.86939381E+00 -1.86939381E+00  0.00000000E+00
     791  1.10182031E-01  1.42113202E-02  3.29780776E-04  4.55703890E-01  1.26289605E-03  3.52459887E-01 -1.86891634E+00 -1.86891634E+00  0.00000000E+00
