   #Iter             <M>           <M^2>           <M^4>      U_{Binder}            \chi        C_v(tot)             <E>       <E_{exc}>       <E_{lsf}>
       1  1.43038640E-01  2.14203338E-02  5.45492958E-04  6.03707892E-01  5.41598406E-04  2.75212590E-01 -1.57026866E+00 -1.57026866E+00  0.00000000E+00
      11  1.06332896E-01  1.35145390E-02  2.92763125E-04  4.65690806E-01  1.24522915E-03  2.28571093E-01 -1.69715862E+00 -1.69715862E+00  0.00000000E+00
      21  9.45233363E-02  1.10932529E-02  2.25579843E-04  3.88971864E-01  1.21744510E-03  2.65115043E-01 -1.67185147E+00 -1.67185147E+00  0.00000000E+00
      31  1.09105580E-01  1.42631921E-02  3.50289188E-04  4.26052698E-01  1.33056804E-03  2.50857902E-01 -1.69108561E+00 -1.69108561E+00  0.00000000E+00
      41  1.07891904E-01  1.36536281E-02  3.05271309E-04  4.54155928E-01  1.13531166E-03  2.33577112E-01 -1.67569758E+00 -1.67569758E+00  0.00000000E+00
      51  1.02289489E-01  1.23758978E-02  2.54198599E-04  4.46779244E-01  1.07879515E-03  2.17999866E-01 -1.66652576E+00 -1.66652576E+00  0.00000000E+00
      61  9.86230768E-02  1.14652129E-02  2.19069754E-04  4.44483558E-01  9.80627194E-04  2.44199132E-01 -1.67190137E+00 -1.67190137E+00  0.00000000E+00
      71  1.01279228E-01  1.20812421E-02  2.38887598E-04  4.54431644E-01  1.02860009E-03  2.68887609E-01 -1.67651995E+00 -1.67651995E+00  0.00000000E+00
      81  1.02304097E-01  1.21990003E-02  2.35151122E-04  4.73283026E-01  9.77339328E-04  2.75766249E-01 -1.67470893E+00 -1.67470893E+00  0.00000000E+00
      91  1.01699311E-01  1.20009799E-02  2.25888344E-04  4.77195701E-01  9.35241193E-04  2.69719995E-01 -1.67221719E+00 -1.67221719E+00  0.00000000E+00
     101  1.02655951E-01  1.23458431E-02  2.50637790E-04  4.51869726E-01  1.01948520E-03  2.76349117E-01 -1.67889102E+00 -1.67889102E+00  0.00000000E+00
     111  1.01918427E-01  1.21510754E-02  2.39932776E-04  4.58324873E-01  9.94731647E-04  2.66911217E-01 -1.68021295E+00 -1.68021295E+00  0.00000000E+00
     121  1.02035448E-01  1.21620465E-02  2.40496967E-04  4.58030269E-01  9.87458511E-04  2.63894234E-01 -1.67774661E+00 -1.67774661E+00  0.00000000E+00
     131  1.00251355E-01  1.17715222E-02  2.26074018E-04  4.56168765E-01  9.70749500E-04  2.73447054E-01 -1.67196881E+00 -1.67196881E+00  0.00000000E+00
     141  9.86767747E-02  1.14427877E-02  2.14787903E-04  4.53204560E-01  9.62004027E-04  2.66143949E-01 -1.66813581E+00 -1.66813581E+00  0.00000000E+00
     151  9.93126168E-02  1.15759364E-02  2.18772352E-04  4.55799529E-01  9.66097969E-04  2.76056577E-01 -1.67434613E+00 -1.67434613E+00  0.00000000E+00
     161  9.85227492E-02  1.14048544E-02  2.11906658E-04  4.56944950E-01  9.57740458E-04  2.88028747E-01 -1.67160716E+00 -1.67160716E+00  0.00000000E+00
     171  9.88433936E-02  1.14671839E-02  2.13917000E-04  4.57736356E-01  9.57201924E-04  3.05193836E-01 -1.66806696E+00 -1.66806696E+00  0.00000000E+00
     181  9.76460880E-02  1.12080427E-02  2.05597241E-04  4.54447595E-01  9.43731779E-04  2.90277811E-01 -1.66837506E+00 -1.66837506E+00  0.00000000E+00
     191  9.80702697E-02  1.13460504E-02  2.11344112E-04  4.52757927E-01  9.74745237E-04  2.85668315E-01 -1.66715481E+00 -1.66715481E+00  0.00000000E+00
     201  9.82318974E-02  1.13863319E-02  2.12012702E-04  4.54904058E-01  9.79569460E-04  2.91742942E-01 -1.66993085E+00 -1.66993085E+00  0.00000000E+00
     211  9.91564913E-02  1.16616068E-02  2.26617704E-04  4.44536161E-01  1.03189218E-03  2.96226782E-01 -1.66830721E+00 -1.66830721E+00  0.00000000E+00
     221  9.94924614E-02  1.17123929E-02  2.26930278E-04  4.48583284E-01  1.02289410E-03  2.97889415E-01 -1.67023041E+00 -1.67023041E+00  0.00000000E+00
     231  9.89894016E-02  1.16948980E-02  2.31853468E-04  4.34933628E-01  1.06934139E-03  2.96879513E-01 -1.66859205E+00 -1.66859205E+00  0.00000000E+00
     241  9.86373738E-02  1.16123294E-02  2.28915319E-04  4.34132299E-01  1.06201026E-03  2.92208904E-01 -1.66976101E+00 -1.66976101E+00  0.00000000E+00
     251  9.94293524E-02  1.17399172E-02  2.30762368E-04  4.41897888E-01  1.04549812E-03  2.87414701E-01 -1.66998488E+00 -1.66998488E+00  0.00000000E+00
     261  9.97353229E-02  1.18110565E-02  2.33392716E-04  4.42315536E-01  1.05125139E-03  2.82347918E-01 -1.66955073E+00 -1.66955073E+00  0.00000000E+00
     271  1.00544050E-01  1.19773363E-02  2.38358222E-04  4.46154805E-01  1.05368140E-03  2.83910800E-01 -1.66765399E+00 -1.66765399E+00  0.00000000E+00
     281  1.01388313E-01  1.22106337E-02  2.52109400E-04  4.36373537E-01  1.08910811E-03  2.87387050E-01 -1.66818582E+00 -1.66818582E+00  0.00000000E+00
     291  1.01203885E-01  1.21673490E-02  2.50489996E-04  4.36002467E-01  1.08576858E-03  2.81993555E-01 -1.66861133E+00 -1.66861133E+00  0.00000000E+00
     301  1.01107622E-01  1.21960247E-02  2.55137172E-04  4.28237208E-01  1.11292570E-03  2.88233982E-01 -1.66780524E+00 -1.66780524E+00  0.00000000E+00
     311  1.01075461E-01  1.21721756E-02  2.53723260E-04  4.29175497E-01  1.10314217E-03  2.90035332E-01 -1.66776433E+00 -1.66776433E+00  0.00000000E+00
     321  1.01549982E-01  1.22471833E-02  2.54718962E-04  4.33933327E-01  1.09121784E-03  2.90144660E-01 -1.66512693E+00 -1.66512693E+00  0.00000000E+00
     331  1.02220440E-01  1.24136075E-02  2.59648886E-04  4.38345572E-01  1.10802766E-03  2.88317281E-01 -1.66213022E+00 -1.66213022E+00  0.00000000E+00
     341  1.03293589E-01  1.26622554E-02  2.71377060E-04  4.35804344E-01  1.12387646E-03  2.87331425E-01 -1.66169704E+00 -1.66169704E+00  0.00000000E+00
     351  1.03718468E-01  1.27484670E-02  2.73237315E-04  4.39593936E-01  1.12289311E-03  2.85275460E-01 -1.66451387E+00 -1.66451387E+00  0.00000000E+00
     361  1.03510979E-01  1.26804597E-02  2.69076252E-04  4.42192797E-01  1.10878786E-03  2.88263366E-01 -1.66177185E+00 -1.66177185E+00  0.00000000E+00
     371  1.03689456E-01  1.26826595E-02  2.66948673E-04  4.46795318E-01  1.08917156E-03  2.85146586E-01 -1.66177396E+00 -1.66177396E+00  0.00000000E+00
     381  1.03425627E-01  1.26009960E-02  2.62350388E-04  4.49254813E-01  1.07393192E-03  2.87465111E-01 -1.66200726E+00 -1.66200726E+00  0.00000000E+00
     391  1.04381577E-01  1.28432155E-02  2.74255411E-04  4.45774618E-01  1.09850327E-03  2.88884095E-01 -1.66252526E+00 -1.66252526E+00  0.00000000E+00
     401  1.04605713E-01  1.29071604E-02  2.78387273E-04  4.42985231E-01  1.10814950E-03  2.86231019E-01 -1.66189296E+00 -1.66189296E+00  0.00000000E+00
     411  1.04228527E-01  1.28090803E-02  2.74517589E-04  4.42284102E-01  1.09725828E-03  2.88032535E-01 -1.66121474E+00 -1.66121474E+00  0.00000000E+00
     421  1.04036342E-01  1.27626335E-02  2.71612262E-04  4.44162910E-01  1.09363653E-03  2.85230406E-01 -1.66146532E+00 -1.66146532E+00  0.00000000E+00
     431  1.03762506E-01  1.26719522E-02  2.66524656E-04  4.46740237E-01  1.07458548E-03  2.84792705E-01 -1.66408749E+00 -1.66408749E+00  0.00000000E+00
     441  1.03455332E-01  1.26634015E-02  2.69520002E-04  4.39766603E-01  1.10566261E-03  2.89531497E-01 -1.66539776E+00 -1.66539776E+00  0.00000000E+00
     451  1.03556971E-01  1.26999701E-02  2.70259455E-04  4.41460047E-01  1.11442048E-03  2.90959631E-01 -1.66555714E+00 -1.66555714E+00  0.00000000E+00
     461  1.03258396E-01  1.26063773E-02  2.65438331E-04  4.43248005E-01  1.09646107E-03  2.85918098E-01 -1.66558285E+00 -1.66558285E+00  0.00000000E+00
     471  1.02743252E-01  1.24897724E-02  2.60595832E-04  4.43151366E-01  1.09054785E-03  2.84062610E-01 -1.66506726E+00 -1.66506726E+00  0.00000000E+00
     481  1.02830020E-01  1.24954393E-02  2.59718531E-04  4.45529273E-01  1.08368383E-03  2.83897959E-01 -1.66520819E+00 -1.66520819E+00  0.00000000E+00
     491  1.02517028E-01  1.24222700E-02  2.56816118E-04  4.45247721E-01  1.07866573E-03  2.83119060E-01 -1.66709021E+00 -1.66709021E+00  0.00000000E+00
     501  1.02197556E-01  1.23471794E-02  2.53875722E-04  4.44908725E-01  1.07320061E-03  2.81331403E-01 -1.66700094E+00 -1.66700094E+00  0.00000000E+00
     511  1.02202872E-01  1.23461932E-02  2.53768240E-04  4.45055083E-01  1.07203149E-03  2.80942919E-01 -1.66773216E+00 -1.66773216E+00  0.00000000E+00
     521  1.02236680E-01  1.23317797E-02  2.51902400E-04  4.47846872E-01  1.06000412E-03  2.79420801E-01 -1.66906205E+00 -1.66906205E+00  0.00000000E+00
     531  1.01862846E-01  1.22352446E-02  2.47898348E-04  4.48015269E-01  1.04859118E-03  2.76022305E-01 -1.66891418E+00 -1.66891418E+00  0.00000000E+00
     541  1.01556414E-01  1.21682194E-02  2.45366091E-04  4.47618370E-01  1.04594544E-03  2.76587539E-01 -1.66802856E+00 -1.66802856E+00  0.00000000E+00
     551  1.01318863E-01  1.20984656E-02  2.41979957E-04  4.48941693E-01  1.03378521E-03  2.76797192E-01 -1.66798894E+00 -1.66798894E+00  0.00000000E+00
     561  1.01676081E-01  1.21610702E-02  2.43047300E-04  4.52195051E-01  1.02819670E-03  2.73686938E-01 -1.66725664E+00 -1.66725664E+00  0.00000000E+00
     571  1.00825398E-01  1.19832806E-02  2.37391683E-04  4.48947743E-01  1.02508062E-03  2.76015770E-01 -1.66646811E+00 -1.66646811E+00  0.00000000E+00
     581  1.01038117E-01  1.20365659E-02  2.39394246E-04  4.49208462E-01  1.03091514E-03  2.75467453E-01 -1.66721359E+00 -1.66721359E+00  0.00000000E+00
     591  1.01279749E-01  1.21026026E-02  2.43008900E-04  4.46976765E-01  1.04058796E-03  2.74888117E-01 -1.66731284E+00 -1.66731284E+00  0.00000000E+00
     601  1.01106717E-01  1.20566500E-02  2.41392943E-04  4.46458730E-01  1.03442160E-03  2.76145851E-01 -1.66682989E+00 -1.66682989E+00  0.00000000E+00
     611  1.00719876E-01  1.19730975E-02  2.39205295E-04  4.43792945E-01  1.03133217E-03  2.75757722E-01 -1.66680691E+00 -1.66680691E+00  0.00000000E+00
     621  1.00351410E-01  1.18867807E-02  2.35994652E-04  4.43260022E-01  1.02443505E-03  2.76063750E-01 -1.66662816E+00 -1.66662816E+00  0.00000000E+00
     631  1.00453976E-01  1.19065102E-02  2.36207402E-04  4.44603329E-01  1.02394646E-03  2.81234994E-01 -1.66711084E+00 -1.66711084E+00  0.00000000E+00
     641  1.00637613E-01  1.19513029E-02  2.38013243E-04  4.44544386E-01  1.02838225E-03  2.81284442E-01 -1.66643963E+00 -1.66643963E+00  0.00000000E+00
     651  1.00713531E-01  1.19620459E-02  2.38384083E-04  4.44677760E-01  1.02581995E-03  2.80805044E-01 -1.66623445E+00 -1.66623445E+00  0.00000000E+00
     661  1.01009209E-01  1.20217534E-02  2.40234691E-04  4.45911883E-01  1.02585510E-03  2.79657179E-01 -1.66735517E+00 -1.66735517E+00  0.00000000E+00
     671  1.01351458E-01  1.20814614E-02  2.41166983E-04  4.49246008E-01  1.02046910E-03  2.80399024E-01 -1.66722602E+00 -1.66722602E+00  0.00000000E+00
     681  1.01191798E-01  1.20510130E-02  2.40244676E-04  4.48576323E-01  1.02153480E-03  2.78039865E-01 -1.66760610E+00 -1.66760610E+00  0.00000000E+00
     691  1.00980886E-01  1.19992127E-02  2.38157995E-04  4.48635997E-01  1.01636877E-03  2.76102437E-01 -1.66789974E+00 -1.66789974E+00  0.00000000E+00
     701  1.01311548E-01  1.20798436E-02  2.41350490E-04  4.48679293E-01  1.02411848E-03  2.73143671E-01 -1.66832237E+00 -1.66832237E+00  0.00000000E+00
     711  1.01531962E-01  1.21418304E-02  2.43830514E-04  4.48686694E-01  1.03386281E-03  2.75720921E-01 -1.66787661E+00 -1.66787661E+00  0.00000000E+00
     721  1.01342945E-01  1.20939474E-02  2.41634259E-04  4.49317723E-01  1.02848440E-03  2.72595256E-01 -1.66736695E+00 -1.66736695E+00  0.00000000E+00
     731  1.01256294E-01  1.20669778E-02  2.40345102E-04  4.49804552E-01  1.02317483E-03  2.72931547E-01 -1.66689153E+00 -1.66689153E+00  0.00000000E+00
     741  1.01079205E-01  1.20244198E-02  2.38777056E-04  4.49518057E-01  1.01938100E-03  2.73183403E-01 -1.66685325E+00 -1.66685325E+00  0.00000000E+00
     751  1.00993731E-01  1.20034289E-02  2.37642915E-04  4.50214896E-01  1.01728353E-03  2.71390641E-01 -1.66683577E+00 -1.66683577E+00  0.00000000E+00
     761  1.01171830E-01  1.20476925E-02  2.39853505E-04  4.49170656E-01  1.02194110E-03  2.74741253E-01 -1.66616401E+00 -1.66616401E+00  0.00000000E+00
     771  1.01283961E-01  1.20767773E-02  2.41161424E-04  4.48831400E-01  1.02554132E-03  2.72555327E-01 -1.66552784E+00 -1.66552784E+00  0.00000000E+00
     781  1.00854306E-01  1.19858002E-02  2.38114097E-04  4.47503177E-01  1.02321344E-03  2.74142425E-01 -1.66563284E+00 -1.66563284E+00  0.00000000E+00
     791  1.00799897E-01  1.19703391E-02  2.37210100E-04  4.48177993E-01  1.02068144E-03  2.74390560E-01 -1.66507564E+00 -1.66507564E+00  0.00000000E+00
