   #Iter           <M>_x           <M>_y           <M>_z             <M>        M_{stdv}
       0  1.29782001E-01  4.78479723E-02  4.13581872E-02  3.43633913E-01  1.71174419E-01
      50  1.28478111E-01 -8.97099252E-02  1.43072700E-01  4.49490803E-01  1.72794658E-01
     100  1.01186304E-01  4.75382957E-02  7.62994600E-02  3.41529479E-01  1.99690972E-01
     150  4.55145677E-03  6.89087879E-02 -1.03351231E-02  2.72629770E-01  1.58286330E-01
     200  1.22133468E-01 -7.60507209E-02 -1.47911726E-01  3.94121651E-01  1.68303842E-01
     250  7.60664892E-02 -1.35607851E-01  1.38632705E-02  3.45561982E-01  8.62144720E-02
     300  2.13047549E-01 -1.09714715E-02 -1.88244895E-01  4.00264914E-01  2.63534945E-01
     350  1.79908741E-01 -1.01931453E-01 -2.54024749E-01  4.36494331E-01  2.06039059E-01
     400  5.02132881E-02 -1.33977872E-01 -1.13960024E-01  3.31971583E-01  9.30321697E-02
     450  3.35856140E-02 -1.10295137E-01 -2.03328403E-01  3.15139713E-01  1.19420200E-01
     500  1.52198983E-01 -5.89133544E-03 -3.35736620E-01  4.72115627E-01  1.24807973E-01
     550  1.45146566E-01 -5.37612655E-02 -3.24920876E-01  5.60209772E-01  1.14929598E-01
     600  9.55859262E-02 -1.29032383E-01 -1.48513865E-01  4.72330009E-01  1.78173197E-01
     650  1.95684907E-01 -2.13991090E-01 -2.65606415E-01  6.03365663E-01  1.86648511E-01
     700  2.61429757E-01 -1.64063665E-01 -1.99958745E-01  5.77060746E-01  1.37058930E-01
     750  1.90570288E-01  9.52258790E-02  5.09600376E-02  4.58380643E-01  2.46313046E-01
     800  1.45590915E-01  2.45709380E-01  6.66770169E-02  5.05650478E-01  2.26793813E-01
     850  6.15797347E-02  2.83981584E-02  1.21312896E-01  4.43804275E-01  1.44355959E-01
     900  1.16081176E-01  1.46153586E-01  1.07761731E-01  4.83831962E-01  2.41724403E-01
     950  9.01455477E-02  1.35181475E-01  5.41153330E-02  4.09627263E-01  1.65843236E-01
    1000 -8.74649766E-02  1.68388567E-01  5.26907639E-02  3.74019880E-01  1.43283457E-01
    1050 -9.74932463E-02  7.26180628E-02  1.14148465E-01  3.03400611E-01  1.56407198E-01
    1100 -2.15530305E-01 -2.23574537E-01  8.82604529E-02  4.09257532E-01  1.63681127E-01
    1150 -2.28353652E-01 -1.76287124E-01  9.00942375E-02  4.07712987E-01  1.70589096E-01
    1200 -1.95639225E-01 -2.42072414E-01  5.78273611E-02  3.95289646E-01  1.77335208E-01
    1250  2.04437409E-03 -7.64539856E-02 -2.02224015E-03  2.85758076E-01  7.65518163E-02
    1300 -9.14766235E-02 -5.51941195E-02  1.36332306E-01  3.62835255E-01  9.81169163E-02
    1350 -2.57992335E-01 -1.04787654E-01 -1.64872914E-02  4.26840367E-01  1.69146205E-01
    1400 -2.35176523E-01 -2.38734319E-01  6.36697933E-02  4.13937429E-01  1.82925501E-01
    1450 -2.52103225E-01 -2.97621953E-01 -1.21297931E-02  4.67901424E-01  2.00731519E-01
    1500 -6.49478429E-02 -1.65644390E-01  5.05054049E-02  3.45487107E-01  1.39414537E-01
    1550 -4.12444792E-02 -1.25763613E-01  1.25992599E-01  3.18068391E-01  6.16231659E-02
    1600 -5.86754588E-02 -9.46257152E-02  1.84650772E-01  3.69296296E-01  1.08867041E-01
    1650 -5.90106641E-02 -1.38181799E-01  2.56597682E-01  4.26982252E-01  1.53775407E-01
    1700 -7.96935949E-02 -1.00773853E-02  3.34849423E-01  4.42707177E-01  1.99613169E-01
    1750 -1.07065571E-02 -3.52811558E-02  2.22656584E-01  3.87104116E-01  8.10204217E-02
    1800  1.94279042E-02 -2.23587188E-02  1.32400046E-01  3.90392092E-01  3.61944775E-02
    1850 -4.34880493E-02 -2.22675721E-02  1.94930150E-01  3.85955429E-01  1.62623564E-01
    1900 -4.45614120E-02 -4.32217483E-02  1.51127699E-01  3.99108608E-01  1.11899789E-01
    1950  1.16548929E-01  1.36716161E-01 -1.08984801E-01  3.90910246E-01  1.37012451E-01
    2000  1.40313813E-01  3.28228241E-01 -4.99159745E-02  4.76897694E-01  2.04194994E-01
    2050  1.46809420E-01  3.72032470E-01 -2.99433250E-02  4.96643256E-01  2.00024647E-01
    2100  1.27798600E-01  2.76706569E-01 -2.40140509E-01  4.69642052E-01  1.57055570E-01
    2150 -1.63047850E-02  1.56071154E-01 -2.08494171E-01  4.17079538E-01  8.72699439E-02
    2200  8.67038263E-02  1.11768278E-01 -7.99456099E-02  3.78694925E-01  9.93300291E-02
    2250  1.20189203E-01  4.69852983E-02 -2.51050709E-02  3.82024501E-01  4.31381569E-02
    2300  1.81552703E-01 -4.31083697E-02 -2.64189249E-02  4.02023822E-01  1.06132479E-01
    2350  2.55173779E-01 -4.48200321E-02 -1.51563298E-01  5.59184655E-01  5.42841216E-02
    2400  1.76086624E-01  1.21333471E-03 -1.87025681E-01  5.61431313E-01  1.28666623E-01
    2450  3.21252928E-01 -6.13160462E-02 -1.69337083E-01  5.89915986E-01  8.98891694E-02
    2500  2.86662656E-01 -7.60810246E-02 -6.14567856E-02  5.05994187E-01  1.34687792E-01
    2550  1.65861294E-01 -1.07369473E-02  7.50813328E-02  4.37523761E-01  7.10572902E-02
    2600  1.92841769E-01 -1.98158060E-01 -5.94087418E-02  4.71948578E-01  1.91296583E-01
    2650  2.19276982E-01 -2.99233262E-01 -4.65212448E-02  5.73094584E-01  1.09044316E-01
    2700  2.86354513E-01 -4.21410762E-01 -1.61845217E-01  6.45318741E-01  6.72081297E-02
    2750  2.36512428E-01 -4.62570144E-01 -2.35741550E-01  6.68089861E-01  1.33095675E-01
    2800  2.08257709E-01 -5.65686537E-01 -9.25307708E-02  6.64673204E-01  7.98866850E-02
    2850  1.42179224E-01 -4.81233044E-01 -1.13411953E-01  6.26389720E-01  1.47711087E-01
    2900  4.70138850E-02 -3.89979167E-01 -7.89102920E-02  5.62775279E-01  1.36989871E-01
    2950 -1.70227507E-01 -3.49087468E-01 -9.38077780E-02  5.69071219E-01  1.19243790E-01
    3000 -1.63583359E-01 -1.16617224E-01 -1.05295927E-01  4.32658628E-01  1.39325409E-01
    3050 -9.70204869E-03 -2.47635560E-01 -1.59995901E-01  4.81778180E-01  1.08785323E-01
    3100 -7.51015213E-02 -1.93403499E-01 -2.05662015E-01  4.26094746E-01  1.13612785E-01
    3150 -1.16898875E-01 -2.82534937E-01 -3.20097022E-01  5.44531841E-01  1.22478769E-01
    3200 -2.36138048E-01 -2.59933930E-01 -1.43150971E-01  4.52413259E-01  9.78902594E-02
    3250 -2.55201005E-01 -1.63671686E-01 -2.07606844E-01  4.73799922E-01  8.59365145E-02
    3300 -2.71024890E-01 -1.32842932E-01 -1.02318656E-01  4.24588049E-01  1.09942411E-01
    3350 -1.75612908E-01 -2.47710625E-01 -3.28823847E-01  5.00575516E-01  7.75229809E-02
    3400 -2.04414671E-01 -3.05626379E-01 -1.42855011E-01  4.70105931E-01  8.70485454E-02
    3450 -1.94378873E-01 -1.26260087E-01 -2.48330663E-01  4.29330376E-01  1.91095337E-01
    3500 -6.89351964E-02 -9.43098771E-02 -6.34002373E-02  2.66136673E-01  1.58641905E-01
    3550 -1.05816909E-01 -9.63706055E-02 -9.86128521E-02  3.00480201E-01  1.32540162E-01
    3600 -1.15490537E-01 -2.67859443E-02 -1.27197702E-01  2.94184946E-01  1.43748550E-01
    3650 -1.15273543E-01  5.85510672E-02 -1.45147181E-01  2.44990670E-01  9.91304578E-02
    3700 -1.28553517E-02 -3.93392794E-02 -2.01584326E-01  3.33193250E-01  3.29566480E-02
    3750  1.49985116E-02 -4.35908620E-02 -2.23059170E-01  4.21091004E-01  1.28389951E-01
    3800  1.00350934E-01 -2.99735987E-02 -1.75787352E-01  3.50779952E-01  1.24241985E-01
    3850 -1.01260425E-01 -1.03951708E-02 -9.02839214E-02  2.85717449E-01  1.02181992E-01
    3900  4.44278317E-03 -8.10000467E-02 -1.22554167E-02  2.69694811E-01  1.41961594E-01
    3950 -4.91957302E-02  3.40038999E-02  7.82196860E-02  2.89504965E-01  1.02836552E-01
    4000  3.71235525E-02 -1.37317058E-01 -7.02103414E-03  3.25331898E-01  6.99604220E-02
    4050 -4.44865477E-02 -7.14223549E-02  6.79876766E-02  2.72058531E-01  1.23149609E-01
    4100  1.61811262E-01 -5.02331488E-02  1.55729107E-01  2.97634423E-01  1.04389276E-01
    4150  4.83805086E-02  6.43554756E-02  2.37647799E-01  3.01709521E-01  1.31662334E-01
    4200  1.27336790E-01  2.31397130E-01  3.89603045E-01  4.94689956E-01  1.25117930E-01
    4250  3.59142293E-02  2.33747672E-01  3.21263059E-01  4.64266256E-01  1.40916761E-01
    4300  2.05446118E-01  2.91824282E-01  3.20292719E-01  5.92618822E-01  1.14931197E-01
    4350  9.38400209E-02  3.38964721E-01  2.83417249E-01  5.29761694E-01  1.92415361E-01
    4400  5.04322816E-04  2.81628223E-01  2.89873709E-01  4.60757051E-01  1.62345310E-01
    4450 -9.88255946E-02  1.97311426E-01  9.77173862E-02  4.32351603E-01  1.07513328E-01
    4500 -2.09270172E-01  6.84509181E-02  1.94995305E-01  4.74645428E-01  1.48453830E-01
    4550 -1.90517187E-01 -1.50103266E-02  3.61117359E-01  5.08608902E-01  1.33407710E-01
    4600 -3.14380462E-01  1.85209518E-02  3.03628336E-01  5.46064839E-01  1.50539182E-01
    4650 -2.13970425E-01 -4.91790295E-02  3.33899073E-01  5.40060347E-01  1.30436425E-01
    4700 -3.52847698E-02  3.38851794E-02  2.96591948E-01  5.15407710E-01  1.33557919E-01
    4750 -3.25806104E-02  4.47263215E-02  1.84193673E-01  3.47762901E-01  8.86912946E-02
    4800 -1.37778749E-01  5.43039310E-02  2.83128043E-01  4.98314572E-01  8.15495109E-02
    4850 -2.34076764E-01  1.16266039E-01  2.32443617E-01  3.87028497E-01  1.98616582E-01
    4900 -1.61259321E-01 -3.04295569E-02  3.34406663E-01  4.06046551E-01  2.44032392E-01
    4950 -3.42590208E-01 -1.25357514E-01  1.19026414E-01  4.82782690E-01  8.71075041E-02
    5000 -2.40056424E-01 -6.47813541E-02 -1.93841953E-02  4.06302718E-01  1.14652954E-01
    5050 -1.01642971E-01  2.63238911E-02 -2.13085673E-01  3.66478527E-01  9.24095296E-02
    5100  8.73598055E-02  6.21853004E-02 -1.13138022E-01  2.92413670E-01  9.15589557E-02
    5150  8.22215600E-02  1.65828367E-02 -1.87731940E-01  3.62255620E-01  1.02666181E-01
    5200  4.86567619E-02  7.04763557E-02 -2.65417988E-01  4.09177001E-01  1.41734647E-01
    5250  9.04577264E-02 -1.06216323E-01 -2.38555412E-01  4.86787269E-01  6.02407363E-02
    5300  2.98543479E-03  1.81731276E-01 -1.17084982E-01  4.48365306E-01  1.39736175E-01
    5350  2.15102926E-01  2.91923999E-01 -1.38696509E-01  5.05730648E-01  1.30148756E-01
    5400  1.71340658E-01  3.04835830E-01  2.16814927E-02  4.75620582E-01  1.69916707E-01
    5450  2.58645407E-01  1.29825749E-01 -5.41277567E-02  4.26194653E-01  1.22150649E-01
    5500  5.99834129E-02  1.93406004E-01 -8.89494376E-02  3.70043404E-01  1.26803133E-01
    5550  2.66749031E-02  4.30709023E-02 -1.73251671E-01  3.20237169E-01  7.25895945E-02
    5600 -1.04049635E-01 -3.29160787E-02 -1.93873358E-02  2.50826021E-01  1.22667447E-01
    5650  2.10849856E-02  1.22716775E-01 -9.30250829E-02  2.74649389E-01  1.71887329E-01
    5700 -9.38112778E-02  1.27207028E-01 -1.05344202E-01  3.43217170E-01  2.10866983E-01
    5750 -2.52080665E-03  1.74116316E-01 -1.42346468E-01  4.34175420E-01  8.69190781E-02
    5800 -2.88946252E-02  1.25082058E-01 -3.06460595E-01  5.18120960E-01  1.54030505E-01
    5850 -1.08654379E-01  3.66909508E-01 -2.75257416E-01  5.44910333E-01  9.71658520E-02
    5900 -1.31197748E-01  2.50247215E-01 -2.58916921E-01  4.35977001E-01  9.50837713E-02
    5950 -1.02149758E-01  2.15877755E-01 -1.67177751E-01  3.47918459E-01  7.76020121E-02
    6000 -1.44361973E-01  1.36951602E-01 -1.67484960E-01  3.83600691E-01  1.28229984E-01
    6050 -6.30047769E-02  6.85151705E-02 -1.30317689E-01  3.40253478E-01  1.72683639E-01
    6100 -1.62244489E-01  4.55406362E-02 -6.63957988E-02  3.69439395E-01  1.00185188E-01
    6150 -3.45143241E-01 -1.17856251E-01 -8.17428525E-02  4.40943239E-01  5.70454225E-02
    6200 -3.10294362E-01 -2.34648889E-01 -1.09253742E-01  4.38248425E-01  1.22736624E-01
    6250 -1.67632150E-01 -6.67719486E-02 -1.61440010E-01  3.58182429E-01  1.24523414E-01
    6300  6.64615282E-02  1.71803541E-02 -2.28405121E-01  3.56150228E-01  6.81835666E-02
    6350 -1.25021834E-02  4.66057512E-02 -2.75086973E-01  4.23153393E-01  1.18738689E-01
    6400 -2.49127946E-02  4.75893666E-02 -3.80708210E-01  5.14672374E-01  2.15228381E-01
    6450 -3.37405843E-02 -2.24333164E-01 -3.86121301E-01  5.05193200E-01  2.28108784E-01
    6500 -1.43617792E-01 -1.90435103E-01 -3.44083041E-01  4.80645254E-01  1.68803462E-01
    6550 -1.28508172E-01  4.44657065E-03 -5.41724375E-01  6.02802179E-01  1.22614212E-01
    6600  7.46869279E-02 -6.71549954E-02 -4.51233649E-01  6.10642764E-01  8.69301782E-02
    6650 -4.19050353E-03 -9.57518855E-02 -4.68460379E-01  5.61241675E-01  1.15183089E-01
    6700 -6.03310383E-02 -4.55084310E-03 -3.56820723E-01  4.98474098E-01  1.90251246E-01
    6750 -6.82650067E-02 -1.26571081E-01 -3.61434540E-01  5.41467582E-01  1.67028337E-01
    6800 -1.39922006E-01 -2.66778554E-02 -3.28633447E-01  4.84381190E-01  1.66059148E-01
    6850 -1.55099804E-01 -3.95765419E-02 -2.19283703E-01  4.27848048E-01  1.13078631E-01
    6900  3.20175632E-03  6.55693523E-03 -1.99042883E-01  3.60056536E-01  8.42300012E-02
    6950  6.73397533E-03 -3.31947219E-02 -1.64010598E-01  4.11666033E-01  1.36728188E-01
    7000 -2.02635105E-02  1.50593337E-01 -1.46666757E-01  4.71961319E-01  1.44809137E-01
    7050 -9.83875925E-02  5.24702060E-02 -9.14105932E-02  4.02576022E-01  1.85705097E-01
    7100 -1.07165428E-01 -6.07169189E-03 -1.62967724E-02  3.10643422E-01  1.56106905E-01
    7150 -3.63675871E-05  1.35078869E-01  8.85092942E-02  3.43771865E-01  1.27343468E-01
    7200 -9.93912051E-03  1.25528278E-01  2.21420776E-01  3.88053137E-01  1.51899974E-01
    7250 -5.30763541E-03  6.47128858E-02  9.98077377E-02  4.05393735E-01  7.68807372E-02
    7300  7.33431396E-03  2.95419934E-02 -1.11262867E-01  3.74750900E-01  1.26181809E-01
    7350  1.28500115E-02 -3.98594770E-02 -3.14105216E-01  4.74257872E-01  1.46945767E-01
    7400 -1.74564891E-01 -1.03078582E-01 -1.11956684E-01  4.64184622E-01  1.18798105E-01
    7450  7.66120028E-02 -1.45217588E-01 -1.03298031E-01  4.80050046E-01  1.57709328E-01
    7500  6.68600192E-02 -8.55195755E-02 -1.31354020E-01  5.14196061E-01  1.60112740E-01
    7550  1.73955640E-02  1.06473351E-01 -1.08060291E-01  4.63731952E-01  1.74016223E-01
    7600  8.45542021E-02  6.19090001E-02  9.25837102E-02  3.96169470E-01  1.14232592E-01
    7650 -2.52989326E-02  1.91205159E-01  1.43253470E-01  4.45446257E-01  1.57363957E-01
    7700 -1.33639555E-01  6.09522524E-02  2.77307105E-01  5.75060575E-01  7.43848090E-02
    7750 -2.30207495E-01  1.49100907E-01  3.12137989E-01  5.37180175E-01  1.00211174E-01
    7800 -2.01513059E-01  3.62836867E-02  2.71154040E-01  4.10709388E-01  1.32722689E-01
    7850 -3.72840414E-02  1.23159373E-01  2.26313910E-01  4.06383585E-01  6.12202324E-02
    7900  4.37383006E-02  2.24735460E-01  3.23552642E-01  5.16021984E-01  1.51093761E-01
    7950 -3.91894985E-03  1.50793252E-01  3.11008714E-01  4.44957006E-01  7.56929971E-02
    8000  3.34869417E-02  1.86553937E-01  4.15930177E-01  5.82278956E-01  1.35383688E-01
    8050 -6.19414962E-02  1.00408570E-01  2.07613233E-01  3.88616429E-01  1.20323323E-01
    8100  1.33711581E-01  1.39939543E-01  2.06578707E-01  4.57426596E-01  9.42031768E-02
    8150  5.56490351E-02  1.51014637E-01  9.42467216E-02  4.99065674E-01  1.29870319E-01
    8200  5.16740598E-02  1.04848427E-01 -5.31487567E-02  4.26768018E-01  1.43261791E-01
    8250  2.54733205E-02 -2.00387227E-01  7.48961068E-02  4.11252556E-01  1.74941463E-01
    8300 -9.45582401E-03 -3.36332720E-01  1.32077616E-01  5.28936462E-01  1.94267080E-01
    8350 -5.10641025E-02 -1.86614886E-01  3.47929826E-02  3.65810815E-01  1.46100275E-01
    8400  7.08460940E-02 -1.24904963E-01  3.84195476E-02  3.22517731E-01  1.43344761E-01
    8450  9.79903020E-02 -1.57635226E-01  1.29776284E-01  3.61404246E-01  1.35019968E-01
    8500  1.34865766E-01 -1.30365460E-01  8.89278304E-02  4.07493220E-01  9.24539733E-02
    8550  1.52031342E-01 -1.45654344E-01  1.36921079E-01  3.89570359E-01  8.90998892E-02
    8600 -5.24864369E-02 -1.81147363E-01  1.08638492E-01  3.84019267E-01  9.30401743E-02
    8650 -6.35805064E-02 -7.50067759E-02  2.49758759E-02  3.13383093E-01  1.43938357E-01
    8700  7.33584772E-02 -1.16912843E-01 -7.88129296E-03  3.88558297E-01  1.32294893E-01
    8750  1.18473442E-01 -4.82790521E-02 -4.65971341E-02  4.10683702E-01  1.08569976E-01
    8800  1.04086944E-02 -1.35561539E-01 -4.18750342E-02  3.46944275E-01  1.60140113E-01
    8850  4.29243971E-02 -3.95771212E-02 -6.35966444E-02  2.95922107E-01  1.73175090E-01
    8900 -1.22781541E-01 -2.93177188E-03 -7.14664220E-02  3.69254893E-01  1.26926191E-01
    8950  9.57378525E-02  1.82531283E-03 -9.96757911E-02  3.96737605E-01  9.75778720E-02
    9000  2.19138664E-01  1.92962472E-01 -1.65886241E-01  4.73997576E-01  1.36149518E-01
    9050  2.40690196E-01 -3.89720108E-02 -2.12160211E-01  4.34142777E-01  1.65922962E-01
    9100  1.29855738E-01 -1.28746699E-01 -3.41336639E-01  5.00549746E-01  1.47595148E-01
    9150  9.35185451E-02  3.82611406E-02 -2.95370501E-01  4.47499697E-01  9.96367841E-02
    9200 -4.58653635E-02 -1.86794431E-03 -2.61087986E-01  4.71358937E-01  1.09696482E-01
    9250 -6.50144001E-02  1.31607781E-01 -1.21480782E-01  4.57916808E-01  1.21389582E-01
    9300 -7.32415377E-02  1.79624656E-01 -1.78080400E-01  5.36375378E-01  1.43156874E-01
    9350 -5.06523213E-02  3.98939363E-02 -2.77721548E-02  4.79294770E-01  8.62369647E-02
    9400  3.36598556E-02 -8.04254334E-02 -1.90129482E-02  4.76444550E-01  1.19955032E-01
    9450  1.18846459E-01 -4.51424843E-02 -3.97621630E-02  4.43060148E-01  1.12623259E-01
    9500  3.42282660E-01  5.35529459E-02 -1.17146948E-01  5.12532551E-01  1.29347831E-01
    9550  3.77676854E-01  2.53962397E-01 -8.84174617E-02  5.46939313E-01  1.39329408E-01
    9600  1.76188485E-01  1.92154952E-01 -6.10419704E-02  3.61648534E-01  1.59672055E-01
    9650  7.07375721E-02  9.81597920E-02 -5.56838361E-02  3.78052006E-01  1.04219163E-01
    9700  8.40600559E-03  2.25206353E-02 -4.31979661E-02  3.93769896E-01  1.09290781E-01
    9750 -7.94226783E-02  9.96618367E-02  2.73917114E-02  3.40327990E-01  7.08431015E-02
    9800 -8.77441865E-02 -1.75354197E-02  7.31999641E-02  3.57461114E-01  1.26757942E-01
    9850 -5.06122760E-02  1.59852371E-01  2.10439504E-01  4.93151140E-01  1.22311821E-01
    9900 -1.48238539E-01  1.81287744E-01  3.54180203E-01  5.92388235E-01  1.77252099E-01
    9950 -8.14334495E-02  1.49785964E-01  3.52689651E-01  4.82339359E-01  1.59126480E-01
   10000 -2.27381274E-02  4.95494425E-02  2.33594908E-01  3.62540669E-01  1.26426682E-01
   10050  6.79201875E-02  3.52909225E-01  2.33912713E-01  4.77132585E-01  2.19218589E-01
   10100 -1.64164976E-02  1.49710985E-01  2.03399276E-01  3.62288632E-01  1.38707961E-01
   10150  6.55672342E-02  1.75469557E-01  2.10871072E-01  4.41254470E-01  1.98485073E-01
   10200  8.06378026E-02  2.28670097E-01  8.28162685E-02  5.12280373E-01  2.00693761E-01
   10250  1.73004246E-01  3.58109970E-01 -1.31718537E-02  5.52520466E-01  1.17014323E-01
   10300  1.38432120E-01  3.76348977E-01 -1.70309034E-01  6.02403546E-01  1.08320693E-01
   10350  2.15968328E-01  1.79227219E-01 -4.99145497E-02  5.40984278E-01  3.83878477E-02
   10400  1.62280576E-01  2.50858810E-01  3.34944885E-02  4.48097882E-01  7.19994616E-02
   10450  1.13457753E-01  1.49399149E-01  4.62726169E-02  4.60399480E-01  1.62956779E-01
   10500  1.13999852E-01  2.26578345E-01  2.68224376E-02  4.84538510E-01  1.66156614E-01
   10550 -1.32578033E-02  2.97386504E-01 -8.39703524E-02  4.78561063E-01  8.71427656E-02
   10600  5.54077219E-03  2.26542569E-01 -5.64168569E-03  4.20474265E-01  6.57920600E-02
   10650 -8.31493877E-02  2.52356879E-01  4.45469922E-02  4.94428640E-01  1.25255538E-01
   10700 -1.98401254E-01  9.25244037E-02  2.17584261E-02  4.30247481E-01  1.34213503E-01
   10750 -1.13978863E-01  1.12853904E-01 -1.02380134E-01  5.57528548E-01  7.16041780E-02
   10800 -1.77813911E-01  2.10587066E-02  1.17770716E-02  5.20841319E-01  1.47885877E-01
   10850 -3.55794312E-01  9.47802182E-02 -1.56006224E-01  5.70958260E-01  1.89385215E-01
   10900 -1.47087824E-01  2.21856561E-02 -1.44102199E-01  4.65464056E-01  1.41924697E-01
   10950 -1.48897448E-01  7.25537636E-03 -3.11129015E-01  4.93981410E-01  1.51051394E-01
   11000  1.14568030E-01 -7.37317726E-02 -2.09365465E-01  3.53708823E-01  1.92604651E-01
   11050  1.39720047E-01 -1.09052183E-01 -1.63878391E-01  3.52627056E-01  1.51499263E-01
   11100  1.29402395E-01 -4.84942121E-02  2.50061587E-02  3.51408086E-01  1.12105508E-01
   11150  1.22979982E-01 -2.68715976E-02  2.89338719E-02  4.11201064E-01  6.52829038E-02
   11200  5.46307483E-02 -2.00261856E-01 -7.21267618E-02  4.56518949E-01  1.22903493E-01
   11250 -9.89732479E-02 -6.20230593E-02 -5.14967072E-02  4.02676969E-01  5.48633246E-02
   11300  7.09983014E-03  1.08446257E-01 -7.28887119E-02  3.11401779E-01  9.57200115E-02
   11350  3.74351766E-02  1.45163971E-01  1.41669146E-01  3.31830895E-01  8.13685485E-02
   11400  7.14777788E-02  1.51427245E-01  9.16893075E-02  4.07184290E-01  1.31739708E-01
   11450  5.15680438E-02  1.71558741E-01  5.26580916E-02  3.73562554E-01  1.65813462E-01
   11500  5.31743677E-02  2.17817003E-01  2.37665904E-02  4.85947917E-01  1.88665520E-01
   11550 -1.40676227E-01  2.73953390E-01  6.24335165E-02  5.20943378E-01  1.95941564E-01
   11600 -1.73198437E-01  3.70192518E-01 -8.98307575E-02  5.20921554E-01  1.18447842E-01
   11650 -1.74094972E-01  3.12036248E-01 -7.68073997E-02  4.82436692E-01  1.42656733E-01
   11700 -3.70744309E-02  3.03886079E-01 -1.10452989E-01  4.51529183E-01  1.04897468E-01
   11750 -9.77093998E-03  3.25668470E-01 -1.96112996E-01  5.22255604E-01  7.53562642E-02
   11800  3.66036075E-02  3.65935049E-01 -9.36796481E-02  5.22592792E-01  1.10908738E-01
   11850 -1.59837605E-01  5.48910401E-01  6.12562385E-02  6.19778806E-01  2.40355203E-01
   11900 -1.60184693E-01  6.00085443E-01 -1.24399640E-04  6.39064957E-01  1.75720083E-01
   11950 -7.62602323E-02  4.62008938E-01  1.04863930E-01  4.95909757E-01  5.75187696E-02
   12000 -5.19424496E-02  4.10144215E-01  1.13728806E-01  4.79833547E-01  1.34364658E-01
   12050 -2.65499068E-01  2.77848778E-01  9.68608395E-02  4.41733502E-01  1.16185209E-01
   12100 -3.16202131E-01  1.30052296E-01  1.84409481E-01  4.67103817E-01  1.78258085E-01
   12150 -2.03837828E-01 -9.80740548E-02  7.00699542E-02  3.62210893E-01  1.23735205E-01
   12200 -7.62964330E-02 -1.29648461E-01 -3.30254189E-02  3.34304198E-01  4.97695372E-02
   12250 -6.50242867E-02 -1.60427554E-01 -1.06943612E-02  3.79849083E-01  2.10365707E-02
   12300  2.30278535E-02 -1.82941761E-01 -7.18902400E-02  3.96351582E-01  1.18843920E-01
   12350  4.29254683E-02 -2.08828924E-01  3.27503126E-02  4.23750593E-01  1.50502970E-01
   12400  3.02414658E-01 -1.34615092E-01 -8.08910622E-02  4.58367925E-01  2.08157211E-01
   12450  1.87936955E-01 -1.67166058E-01  3.05616604E-02  4.72483374E-01  1.65453311E-01
   12500  1.62883600E-01 -1.08498792E-02 -9.21555768E-04  4.24732563E-01  7.98086616E-02
   12550  1.26750768E-01  2.23992679E-01  3.04941893E-02  4.54245353E-01  1.28789318E-01
   12600  1.41549908E-01  1.45061785E-01  4.67058357E-02  4.20364646E-01  1.35247117E-01
   12650  6.37672868E-02  8.83450867E-02  1.26591260E-01  4.23895953E-01  4.39937258E-02
   12700 -7.44595783E-03  7.50866981E-02  1.26822168E-01  4.37275521E-01  5.05286688E-02
   12750 -3.01350874E-02 -5.75148831E-03  1.62441024E-01  3.99115559E-01  1.24913555E-01
   12800 -1.47169958E-01 -9.50693236E-02  2.47931858E-01  4.11270323E-01  7.59945613E-02
   12850 -3.39570641E-01 -4.14124160E-02  1.78707934E-01  4.58245673E-01  8.29364147E-02
   12900 -2.82399231E-01 -1.84546839E-02  2.23951676E-01  4.87040343E-01  5.86098576E-02
   12950 -1.03668217E-01 -1.20331870E-01  2.40797953E-01  5.20478704E-01  1.18289777E-01
   13000 -7.19243875E-02 -2.78187156E-01  1.67231571E-01  4.49178917E-01  1.05533278E-01
   13050  4.36384770E-03 -2.31816730E-01  2.43103572E-01  3.86455641E-01  1.04202038E-01
   13100  6.23585653E-02 -3.74369952E-01  2.05589943E-01  5.13192375E-01  1.14327480E-01
   13150 -8.54431648E-02 -4.52462595E-01  2.13129641E-01  5.87382027E-01  9.34260431E-02
   13200 -2.37886719E-02 -3.45313011E-01  7.90685441E-02  4.61185444E-01  8.47171230E-02
   13250 -1.41695903E-01 -1.01441160E-01  1.76926081E-02  3.58815948E-01  1.03970433E-01
   13300 -1.98594764E-01  2.52217470E-04  5.92166371E-02  3.56272932E-01  6.49894176E-02
   13350 -5.24286038E-02  3.55248474E-02 -5.07205564E-03  3.68142616E-01  7.33391544E-02
   13400  6.96799361E-02  7.21146467E-03 -1.48604423E-01  3.76707124E-01  2.15052431E-01
   13450  3.60480867E-02 -6.63284702E-02 -2.00944902E-01  3.72466255E-01  1.66704817E-01
   13500 -4.60906462E-02  9.84502071E-02 -1.81615102E-01  4.37973604E-01  2.07670991E-01
   13550  5.00615236E-02  2.33564304E-01  9.91152083E-02  5.79671367E-01  6.47084524E-02
   13600  8.90364314E-03  2.69006249E-01  2.21890611E-01  5.97907561E-01  8.93851432E-02
   13650 -3.69473816E-03  2.46852055E-01  1.55592566E-01  4.69454992E-01  6.62091187E-02
   13700  1.31368559E-01  2.44133279E-01  4.94328127E-02  4.44619890E-01  1.28091854E-01
   13750  1.39654178E-02  1.02593858E-01  3.60213390E-02  4.31741866E-01  6.29733260E-02
   13800 -9.77503300E-02 -1.84486294E-02  2.89585066E-02  3.31154885E-01  1.16818004E-01
   13850 -3.04447750E-01  2.17069216E-01 -5.94008586E-02  5.04523711E-01  1.42972526E-01
   13900 -3.76166278E-01  1.19967034E-01 -1.52861656E-01  5.70622312E-01  1.90317748E-01
   13950 -1.52444064E-01  9.28965845E-02 -1.66181729E-01  4.81858913E-01  1.79731227E-01
   14000 -1.61263889E-01 -1.08272890E-01 -6.78903027E-02  5.23879258E-01  1.10484993E-01
   14050 -7.49901193E-02 -1.25987138E-01 -1.76465844E-01  5.52975159E-01  1.23268361E-01
   14100 -1.07282397E-01 -5.87058331E-02 -1.25919783E-01  5.94541976E-01  1.11056951E-01
   14150 -2.20169558E-02 -8.35150370E-03 -7.63740449E-02  5.09776900E-01  1.10607478E-01
   14200 -1.76724202E-02 -1.25764009E-01 -9.83378797E-02  6.01465685E-01  1.46745287E-01
   14250  1.40047024E-01 -2.07432309E-01 -2.11638432E-01  5.18531436E-01  1.05753571E-01
   14300  1.62720431E-01 -1.64465815E-01 -5.33978262E-02  4.72360352E-01  1.47190689E-01
   14350  1.38883073E-01 -2.86920961E-01 -6.56187019E-02  4.43151702E-01  2.70771221E-01
   14400  2.05991236E-01 -2.31354714E-01 -7.52165744E-02  4.13666732E-01  2.33297532E-01
   14450  1.23375098E-01 -3.76113058E-01  2.57793200E-02  4.84898386E-01  7.04615134E-02
   14500  1.36352825E-01 -3.24084215E-01  6.32250447E-02  4.72588047E-01  5.39371239E-02
   14550  9.91612297E-02 -3.18834153E-01  7.93509719E-02  4.49823585E-01  1.23011315E-01
   14600  6.58466764E-03 -4.02671836E-01 -7.38238199E-02  5.21220441E-01  1.43080396E-01
   14650 -1.58068609E-01 -3.36192500E-01 -5.28912553E-02  4.93050325E-01  1.45368384E-01
   14700 -2.40903687E-01 -3.24115772E-01 -1.09817314E-01  5.05778030E-01  2.03151400E-01
   14750 -1.67760451E-01 -1.98559362E-01 -1.42815281E-01  4.09291362E-01  1.44633948E-01
   14800 -1.62221515E-01 -3.45032684E-01 -1.45039886E-01  5.19251520E-01  2.59664734E-02
   14850 -3.62627472E-01 -2.18700682E-01 -6.35495750E-02  5.01778543E-01  1.54872505E-01
   14900 -1.89843564E-01 -2.16656688E-01 -3.36533003E-02  4.16940715E-01  6.79383968E-02
   14950 -1.61306769E-01 -1.54348267E-01 -8.58345690E-02  4.95919181E-01  6.81773138E-02
   15000 -6.39685340E-02 -1.31670967E-01 -2.47252638E-02  4.91313109E-01  9.19460551E-02
   15050 -2.23088944E-01 -1.68644337E-01 -7.18466619E-04  4.81786020E-01  1.13952738E-01
   15100 -4.05159002E-01 -1.51859221E-01  9.60720938E-02  5.10984070E-01  1.51963274E-01
   15150 -3.94074425E-01 -2.49783778E-01 -6.24034571E-02  5.25720216E-01  6.84808053E-02
   15200 -3.30352655E-01 -2.16056891E-01 -2.60759576E-01  5.17422478E-01  1.17947782E-01
   15250 -3.65666922E-01 -2.08754726E-01 -2.19156859E-01  5.14294891E-01  8.94447639E-02
   15300 -3.71843688E-01 -1.31480792E-01 -1.61624775E-01  5.17266102E-01  1.67243352E-01
   15350 -3.03131342E-01  9.85110012E-03 -1.16552302E-01  4.10019710E-01  1.39646152E-01
   15400 -2.60995074E-01  7.41757754E-02  1.00690500E-02  4.14802917E-01  1.62380085E-01
   15450 -3.21324730E-01 -4.37179553E-02 -1.06556348E-01  4.58777068E-01  2.13434983E-01
   15500 -3.29487557E-01  9.78126371E-02  1.51174155E-03  4.78666266E-01  2.09381015E-01
   15550 -3.73314965E-01 -4.60814397E-02 -1.28125344E-01  5.93600331E-01  1.32816872E-01
   15600 -4.26131797E-01  2.22222541E-01 -6.16346452E-02  6.94964430E-01  8.18905104E-02
   15650 -3.69761111E-01  6.91169305E-02 -1.05322684E-01  6.10246326E-01  7.69050971E-02
   15700 -3.61259388E-01  9.19741424E-02 -1.38914206E-01  5.08441511E-01  1.00431064E-01
   15750 -1.40282178E-01  3.67145360E-02 -1.02161052E-01  4.17743685E-01  1.08998466E-01
   15800 -6.79287958E-02  1.76697939E-01 -5.05190469E-02  4.47258334E-01  1.32128999E-01
   15850 -7.26101134E-02  2.96555453E-01 -9.31133616E-03  5.00980661E-01  9.45582231E-02
   15900 -2.50546349E-01  1.98903569E-01  6.60764197E-02  5.59281268E-01  1.32820650E-01
   15950 -1.33187838E-01  1.62590096E-01  1.01662789E-01  4.93302298E-01  1.82138677E-01
   16000 -1.20286565E-01  1.24034784E-01  1.51363757E-01  4.05494399E-01  2.02684150E-01
   16050 -1.21219806E-01  2.03265883E-01  1.22086387E-01  4.35299569E-01  2.20016687E-01
   16100 -3.03197174E-01  1.29470400E-01  8.63153787E-02  4.56011945E-01  1.67493628E-01
   16150 -3.17105967E-01  1.14664973E-01  8.22587884E-02  5.35545910E-01  1.47671308E-01
   16200 -2.55809570E-01  6.00405122E-02  3.76743641E-02  4.66857928E-01  2.08062519E-01
   16250 -7.05410268E-02  2.85162743E-01 -8.24502067E-02  4.21066082E-01  1.77055908E-01
   16300 -1.64449428E-01  1.41823270E-01 -3.93548149E-02  4.63829250E-01  1.51976728E-01
   16350 -1.27232195E-01  1.49584484E-01 -5.72577337E-02  4.86290352E-01  1.13071477E-01
   16400 -1.29655389E-01  2.36281752E-01 -1.35991678E-02  5.50313258E-01  7.31322165E-02
   16450 -5.71664775E-02  3.35866413E-01 -1.97507626E-01  5.09477643E-01  2.01223332E-01
   16500 -1.87912622E-01  4.04166700E-01 -1.64938830E-01  5.83616298E-01  1.71332669E-01
   16550 -2.24668579E-01  4.15288405E-01 -2.41271358E-02  5.95747830E-01  8.17514987E-02
   16600 -1.62294371E-01  3.44450205E-01  9.66158261E-03  5.88482184E-01  8.31914362E-02
   16650 -1.91616303E-01  4.28958341E-01  3.08334129E-02  6.28842209E-01  6.53142007E-02
   16700 -1.60964836E-01  4.40782844E-01  1.14310452E-01  6.31754096E-01  9.64717069E-02
   16750 -9.65613263E-02  3.47243093E-01  1.81776762E-01  5.61716237E-01  4.67996216E-02
   16800 -1.47873370E-01  4.37269324E-01  3.11770478E-01  6.80078908E-01  6.70327991E-02
   16850 -9.29995732E-02  3.42997212E-01  2.98775816E-01  5.92742766E-01  3.14305075E-02
   16900  4.26977506E-02  2.22001835E-01  1.22728353E-01  4.23434528E-01  1.12240269E-01
   16950 -1.04480074E-01  2.20625508E-01 -5.93571832E-02  3.63323216E-01  1.73587957E-01
   17000 -3.95223246E-02  2.49067227E-01  3.19152500E-02  3.46289583E-01  1.59297120E-01
   17050  5.59073349E-02  1.98604438E-01  1.45552656E-01  4.34478736E-01  9.05139483E-02
   17100  1.44735454E-01  1.79662061E-01  1.08469746E-01  4.10857796E-01  1.21925291E-01
   17150  9.28246877E-02  4.30602279E-02  1.34214550E-01  2.78898501E-01  1.55684766E-01
   17200  2.95995128E-02  2.95733842E-02  2.11579804E-01  3.55377470E-01  1.35302863E-01
   17250  4.57299844E-02  1.67811820E-01  1.25875452E-01  3.58073742E-01  6.20911949E-02
   17300 -1.61405842E-02  1.78633911E-01 -6.40165955E-02  3.82998240E-01  8.69778035E-02
   17350 -1.78313833E-01  1.79567610E-01 -1.78658319E-01  4.14808212E-01  1.15198954E-01
   17400 -3.33589987E-01  2.72641532E-01 -1.37906854E-01  5.43678456E-01  2.19351561E-01
   17450 -2.00629565E-01  1.60526591E-01 -1.16904012E-02  4.57702819E-01  2.27991858E-01
   17500 -2.31107950E-01  1.19076732E-01  6.12110173E-03  5.32052731E-01  1.37998056E-01
   17550 -2.64994649E-01 -2.82051931E-02 -1.37726643E-01  5.35272789E-01  1.16657642E-01
   17600 -2.00997847E-01  1.20459171E-01 -1.30748583E-01  4.73490111E-01  8.48705241E-02
   17650  2.47365490E-02  3.39054907E-02 -1.36635781E-01  3.25955092E-01  1.48743124E-01
   17700  9.90291609E-02 -1.82168007E-03 -2.28051409E-01  4.61041346E-01  8.76378747E-02
   17750  4.32602971E-02  8.33520064E-02 -2.73370918E-01  5.19685861E-01  8.88693722E-02
   17800  3.03591000E-02  1.71520402E-01 -4.07152503E-01  5.95262434E-01  4.32944219E-02
   17850 -2.98870803E-02  6.82790004E-02 -3.85452787E-01  4.71992828E-01  1.28148648E-01
   17900  7.96122780E-02  6.10071684E-02 -2.52506257E-01  4.46295642E-01  1.06257035E-01
   17950  1.89593077E-01  1.21418550E-01 -2.86902401E-01  4.99268835E-01  8.64474132E-02
   18000 -1.23240317E-01  8.31668087E-05 -1.19810258E-01  3.40545414E-01  1.44857640E-01
   18050  2.83646829E-02  2.60921312E-01  3.04855334E-02  3.78922074E-01  1.68196099E-01
   18100  1.33616194E-01 -7.63977683E-03  1.43845108E-01  4.35947676E-01  1.72884844E-01
   18150  1.78678933E-01 -4.96361766E-02  2.91019846E-01  5.12330095E-01  1.90398605E-01
   18200  1.08371347E-01 -2.89530301E-02  3.15206895E-01  4.75488312E-01  9.94821431E-02
   18250  4.26513463E-02 -4.16310238E-02  4.65299142E-01  6.38402374E-01  9.18287942E-02
   18300 -4.29353676E-02 -1.75812861E-01  4.58407094E-01  6.78714824E-01  1.14462687E-01
   18350  4.20258032E-02 -7.89013841E-02  3.43422421E-01  5.97704090E-01  1.23827225E-01
   18400 -3.55053582E-04 -5.89491758E-02  1.91640282E-01  4.39933264E-01  1.61242529E-01
   18450 -1.31724431E-01 -1.11168216E-01  1.08205856E-01  4.15378509E-01  1.51498094E-01
   18500 -2.58970069E-03  9.85497940E-02  2.66128009E-01  4.43428757E-01  6.49958363E-02
   18550 -1.26676049E-01 -8.90068955E-02  7.60858920E-02  4.71100633E-01  8.52257755E-02
   18600 -2.47277829E-01 -2.96952741E-02  1.92584765E-02  5.60428893E-01  9.44918692E-02
   18650 -7.70986092E-02 -8.71228640E-02  5.98535035E-02  3.99363209E-01  1.29211183E-01
   18700 -1.69118789E-01 -1.69613875E-01  2.79601814E-02  4.32107984E-01  1.43953115E-01
   18750 -3.57505937E-02 -1.62985570E-01  6.40513413E-02  4.29210002E-01  8.03170699E-02
   18800 -1.49542966E-01 -2.36613794E-01  2.22995305E-01  4.85411307E-01  2.09608881E-02
   18850 -2.56079317E-02 -1.69497493E-01  3.10184327E-01  4.91135362E-01  1.06379925E-01
   18900 -2.69013883E-01 -7.04249079E-02  3.38058363E-01  5.52420596E-01  1.76315771E-01
   18950 -2.30279318E-01  9.92931398E-02  3.18752871E-01  4.88782972E-01  1.30090274E-01
   19000 -1.98288403E-01  6.27336657E-02  3.62670642E-01  5.26174028E-01  5.80475432E-02
   19050 -5.74848747E-02  8.33256469E-02  3.58351258E-01  4.94575877E-01  1.06869802E-01
   19100 -6.18370237E-02  1.59098979E-02  3.76424542E-01  5.50970508E-01  1.69860985E-01
   19150  1.10431058E-02  3.27255433E-02  4.60524730E-01  6.18630571E-01  7.74544916E-02
   19200 -7.84720941E-03 -6.74709887E-02  4.33157638E-01  5.48634569E-01  5.81399151E-02
   19250 -6.16064172E-02  1.66089352E-01  3.53954004E-01  5.16762454E-01  3.34358894E-02
   19300  3.43726530E-02  4.01750556E-01  2.38910002E-01  5.74073152E-01  1.39112529E-01
   19350  4.24399475E-02  4.27101245E-01  2.89492392E-02  5.01024348E-01  2.03785464E-01
   19400 -1.19023562E-01  2.36580245E-01 -1.06275285E-01  5.21158786E-01  1.42190930E-01
   19450 -5.40977591E-02  3.38084829E-01 -1.10945281E-01  5.02094988E-01  1.64727023E-01
   19500  5.13328020E-02  1.79041045E-01 -5.91150895E-02  4.40507085E-01  1.72178589E-01
   19550 -1.46481365E-01  7.85087280E-02 -8.81122514E-02  4.26316303E-01  1.27169033E-01
   19600 -1.42920970E-01  1.09231060E-01  1.90942809E-01  4.53339790E-01  1.32878391E-01
   19650  1.41138042E-01  3.22198132E-02  7.53264723E-02  4.25503998E-01  2.20781797E-01
   19700  8.25916587E-02 -8.00083348E-02 -9.35815340E-02  4.52753723E-01  1.55408192E-01
   19750 -2.45381960E-02 -6.72838161E-02 -1.93271775E-01  4.15520383E-01  1.17466483E-01
   19800  5.92464812E-03 -2.49034823E-01 -2.88401535E-02  4.06400356E-01  1.23385111E-01
   19850  5.57347148E-02 -2.00436436E-01 -9.15720149E-03  4.11422767E-01  1.44356467E-01
   19900  9.05311442E-02 -6.69454453E-02 -9.44838722E-02  3.47652136E-01  1.25194461E-01
   19950  8.46745304E-02 -1.36163604E-01 -1.30255518E-01  3.58247334E-01  7.41888338E-02
   20000  9.97331617E-02 -7.87273459E-02 -2.58338884E-01  3.61463670E-01  7.29404612E-02
   20050  5.34981265E-02  6.04362036E-02 -1.93403291E-01  3.07407472E-01  1.65648525E-01
   20100  1.16458881E-01  1.23868883E-02 -1.43658221E-01  3.41396524E-01  1.26482256E-01
   20150  1.77261179E-01 -1.04293531E-01 -2.32431051E-01  4.52800284E-01  1.43805479E-01
   20200  2.32625778E-01 -7.36304575E-02 -2.23720169E-01  4.38232754E-01  1.00022544E-01
   20250  3.62023545E-01 -1.63301250E-01 -2.82745539E-01  5.68740186E-01  8.55463719E-02
   20300  2.82097152E-01 -8.26775392E-02 -3.47527188E-01  5.58341034E-01  7.18527197E-02
   20350  2.39493018E-01  1.27931798E-01 -3.41536029E-01  5.78045375E-01  1.04006831E-01
   20400  5.94278160E-02  1.26115778E-01 -2.38290766E-01  4.33542074E-01  2.28864213E-01
   20450 -1.07858818E-01 -1.05202465E-02 -2.01434281E-01  3.92440122E-01  1.52697704E-01
   20500 -1.58041125E-01 -6.84693693E-02 -2.72167503E-01  4.57345576E-01  1.76397843E-01
   20550 -2.44905098E-01 -1.71872741E-01 -1.31110241E-01  4.33275991E-01  1.61044280E-01
   20600 -2.22231494E-01 -2.65200393E-02 -4.70882757E-02  4.38898939E-01  1.61805139E-01
   20650 -2.14459332E-01 -5.90444192E-03 -1.42961601E-01  4.47410879E-01  4.39121403E-02
   20700 -2.84103623E-01  9.88258470E-02 -1.71693955E-01  5.18797770E-01  1.24256301E-01
   20750 -2.27656846E-01  4.32759374E-02 -1.95322039E-01  4.60097653E-01  1.06238760E-01
   20800 -2.86042806E-01 -5.25375456E-03 -1.24409851E-01  5.06862828E-01  1.41418447E-01
   20850 -1.54141297E-01 -3.11213564E-02 -1.25646194E-02  4.34200063E-01  1.83031666E-01
   20900 -3.20306608E-02 -4.58339304E-02  1.81853913E-01  3.91895466E-01  9.88375347E-02
   20950 -9.01128350E-02 -6.85294235E-02  2.31786283E-01  3.32149427E-01  2.22549528E-01
   21000 -9.38479751E-02 -1.33559222E-01  2.01648241E-01  3.83104438E-01  1.80322215E-01
   21050  7.56824143E-02 -1.22432753E-01  1.80133097E-01  3.21281752E-01  1.57001296E-01
   21100  4.30476603E-02  3.01255196E-02  1.76029974E-01  3.03430613E-01  1.14049524E-01
   21150  1.09171565E-01 -1.26800270E-01 -2.38974632E-02  4.06087627E-01  1.16436333E-01
   21200  1.31774989E-01  2.30452394E-02  8.87363834E-02  4.64776365E-01  1.12991576E-01
   21250  1.12412498E-01  3.71539810E-02  1.54069471E-02  3.63679614E-01  6.82223637E-02
   21300  3.15909352E-02 -8.31577086E-02  1.92321196E-02  2.91964788E-01  6.92385729E-02
   21350 -1.77188005E-01  1.01994830E-02 -8.29440280E-02  4.22702628E-01  1.06776166E-01
   21400 -1.39790005E-01 -5.62365653E-02 -1.31226923E-02  5.22921343E-01  1.06870753E-01
   21450  3.79341363E-02 -9.64914369E-02  2.45358915E-02  3.65441389E-01  7.07664963E-02
   21500  1.20121544E-02 -4.04103263E-02 -1.97767159E-01  3.93583431E-01  2.01549203E-01
   21550 -1.37635449E-01  3.53333887E-02 -2.49324339E-01  5.03784141E-01  1.41223429E-01
   21600  1.87014506E-01  1.52806725E-01 -1.02734244E-01  5.10474446E-01  1.63718909E-01
   21650  1.37146233E-01  1.13781107E-01  9.68383181E-03  5.35590506E-01  8.24187568E-02
   21700  2.79247538E-02  9.51247553E-02 -1.05190020E-01  3.98255374E-01  1.75126171E-01
   21750 -4.88801679E-03  8.06145553E-02 -1.27168434E-03  4.13142834E-01  1.31474577E-01
   21800 -1.04136316E-01  1.58454366E-03 -1.08532450E-01  4.10894420E-01  1.60492938E-01
   21850  6.35815423E-03  1.33273549E-01  3.22958917E-02  4.75888721E-01  8.74974197E-02
   21900 -4.86809592E-02 -5.14058130E-04  1.27894651E-01  4.24038840E-01  1.52247778E-01
   21950 -5.01198012E-02  7.14633747E-02  1.38580832E-01  5.04742424E-01  1.61902972E-01
   22000 -6.21085649E-02 -3.76693341E-02  2.25499975E-01  5.39760978E-01  1.44961334E-01
   22050 -1.19912671E-01 -1.49262614E-01  7.46579108E-02  4.66670242E-01  1.97710354E-01
   22100 -3.66128122E-02  1.47834844E-02  1.96632812E-01  5.00156995E-01  1.56187494E-01
   22150  7.68369103E-03  8.61558617E-02  7.88639402E-02  4.63641788E-01  1.74240895E-01
   22200 -3.32359631E-02 -2.76178391E-02 -8.79793522E-02  3.67532862E-01  2.16233903E-01
   22250 -8.90300541E-02  6.96011194E-02 -1.71495651E-01  3.91250705E-01  1.23307863E-01
   22300  7.96406523E-03 -9.30286592E-02 -1.64786980E-01  4.25765655E-01  6.75711083E-02
   22350  5.19153786E-02 -8.30031360E-02 -3.16085992E-01  5.16422614E-01  7.39900597E-02
   22400  1.19825046E-01 -1.04700911E-01 -2.91132899E-01  4.74209608E-01  1.22351799E-01
   22450  9.21724564E-02 -3.10115652E-02 -8.00697607E-02  4.12443113E-01  1.09866639E-01
   22500 -1.28492867E-02  4.05834854E-02  3.17904726E-02  4.03557384E-01  8.53315584E-02
   22550 -1.42421864E-02  5.58057178E-03  2.27226056E-02  4.93208457E-01  1.11570031E-01
   22600 -6.52546125E-02 -7.62844160E-02  2.36336550E-02  3.89484345E-01  1.39432759E-01
   22650 -3.74846324E-02 -1.46348746E-01  8.22818481E-02  4.03419765E-01  1.45331007E-01
   22700  7.00031222E-02 -2.31883520E-01  1.23348016E-01  4.48353310E-01  1.22921025E-01
   22750 -6.98427922E-03 -2.30923217E-01  2.29158750E-01  4.36342217E-01  1.58786595E-01
   22800 -1.62092876E-02  5.46573289E-02  2.70068570E-01  4.14874396E-01  8.72816697E-02
   22850  1.24853758E-01  1.86757269E-02  1.32679444E-01  4.75728677E-01  1.18058766E-01
   22900  1.17935770E-01 -9.13939025E-02  8.05817885E-02  4.63607158E-01  1.48338647E-01
   22950  1.11655791E-01 -1.11919130E-02 -3.79402146E-02  4.31157384E-01  1.28606847E-01
   23000  8.79990560E-03  9.07899113E-02  7.75496767E-02  3.59308727E-01  5.32016045E-02
   23050 -3.42228795E-02  1.03300548E-01  1.81549977E-01  4.43906911E-01  1.33560093E-01
   23100  3.35397767E-02  1.64953891E-01  1.06590951E-01  4.32704030E-01  1.08844234E-01
   23150  8.10223094E-02  9.60698432E-02  2.65796128E-01  4.92283893E-01  2.37214489E-01
   23200  6.01945754E-02 -6.44851356E-02  2.51226345E-01  3.89552477E-01  1.44752576E-01
   23250  1.46165161E-01  6.89731217E-03  1.84769952E-01  4.38811000E-01  1.39969671E-01
   23300 -2.39934599E-02 -4.72374173E-02  1.99149905E-01  3.96141420E-01  9.93821577E-02
   23350 -4.13317325E-02  1.16861202E-02  1.03782262E-01  3.36643508E-01  5.12706735E-02
   23400 -6.81332429E-02  8.33805478E-03  7.08647661E-02  3.68506376E-01  8.66756324E-02
   23450 -1.79318932E-01  8.26147583E-02 -2.01110345E-02  3.39776433E-01  9.53302797E-02
   23500 -1.70985707E-01  7.50970424E-02 -7.82694962E-02  3.64438780E-01  1.21702645E-01
   23550 -1.40900507E-01  1.91457413E-01 -5.95060604E-02  3.51937601E-01  1.19516419E-01
   23600 -1.56372724E-01  1.01040566E-01 -1.29210610E-01  3.66406168E-01  1.63185842E-01
   23650  5.41568482E-02  9.23790397E-02 -1.00251038E-01  3.63851835E-01  8.92165686E-02
   23700  1.44537960E-01  6.39072173E-02 -9.76297616E-02  3.83283381E-01  4.27199013E-02
   23750  9.37481758E-02  1.05647432E-01  1.02059138E-01  3.87398662E-01  7.09829223E-02
   23800  1.36390899E-02  2.21313130E-01  7.45596014E-02  3.70287961E-01  7.70913890E-02
   23850  7.15018157E-02  2.15046546E-01  1.35527247E-01  4.13951333E-01  9.78911131E-02
   23900  1.12745675E-01  1.88491129E-01  6.27209378E-02  3.61706862E-01  1.63440662E-01
   23950  2.22496060E-01  1.05182796E-01 -4.07664875E-02  3.71844384E-01  1.65006993E-01
   24000  1.83028214E-01  2.05585707E-01 -1.19092504E-01  4.37223912E-01  1.36150717E-01
   24050  1.79726976E-01  2.50930772E-01 -1.66199217E-01  4.77297888E-01  1.95882224E-01
   24100  1.76146221E-01  5.16509194E-02 -8.34516711E-02  3.75664922E-01  8.76276182E-02
   24150  7.19978451E-02 -7.18726586E-02 -1.18679190E-01  4.39357513E-01  5.91837475E-02
   24200  1.07354812E-01 -6.98333964E-02 -3.82959309E-02  4.99487089E-01  9.35740763E-02
   24250  7.16013573E-02 -1.16752523E-01  1.16202524E-01  4.68960546E-01  5.72338149E-02
   24300  1.45301405E-01 -5.58401845E-02  2.45366989E-01  5.55471131E-01  1.21251616E-01
   24350  1.46433380E-01 -2.19016629E-03  2.90303097E-01  4.74920230E-01  1.01834765E-01
   24400  1.94757008E-01  5.24362340E-02  3.07392697E-01  5.08298946E-01  1.65447796E-01
   24450  2.74762834E-01 -3.52560819E-02  3.07407225E-01  5.06337042E-01  1.44541360E-01
   24500  1.29605124E-01 -1.25874407E-01  2.40143175E-01  3.70124504E-01  3.20309985E-02
   24550  1.22827566E-01 -3.16935390E-01  1.93854428E-01  4.74594400E-01  1.00778696E-01
   24600  2.59716409E-01 -1.58863122E-01  1.29628063E-01  4.14744489E-01  1.86337994E-01
   24650  2.61985667E-01 -3.00583497E-02  3.14666389E-03  3.31428033E-01  7.76421983E-02
   24700  2.85366866E-01  1.95992087E-02  1.64418393E-02  3.96700965E-01  1.38033603E-01
   24750  2.53273760E-01  1.64951400E-01 -4.23055786E-02  4.69605660E-01  7.42403370E-02
   24800  3.52014371E-01  4.91057623E-02  1.32192394E-02  4.68811235E-01  1.67112029E-01
   24850  3.36485796E-01  2.00183743E-01 -3.66432035E-02  5.01288193E-01  7.18895999E-02
   24900  1.34695509E-01  2.13280072E-01 -2.50271941E-01  4.72652063E-01  1.03297765E-01
   24950  2.50515395E-01  8.28569502E-02 -2.94565375E-01  5.02622953E-01  1.46992790E-01
   25000  2.51600333E-01 -8.38014530E-02 -4.37037716E-01  6.02902770E-01  1.96417026E-01
   25050  2.21175935E-01 -3.22331062E-02 -4.74737788E-01  5.65076194E-01  2.33975767E-01
   25100  1.91202459E-01 -1.47480394E-01 -4.16181094E-01  5.29789370E-01  2.12860070E-01
   25150  1.77847797E-01 -1.04994950E-01 -1.86097364E-01  3.97274899E-01  1.13625076E-01
   25200  9.22388754E-02 -2.37876394E-01 -7.02225729E-02  4.21711007E-01  4.23216061E-02
   25250  1.63889673E-01 -9.37701603E-02 -1.28354053E-04  3.69773273E-01  6.73173993E-02
   25300  6.62854308E-02 -2.01280413E-01 -1.32220365E-01  4.80105184E-01  4.07198584E-02
   25350  3.18823283E-02 -5.76879212E-02 -1.31372020E-01  5.17461844E-01  1.56832308E-01
   25400  9.43242589E-02  4.34419472E-03 -8.10146291E-02  4.70461939E-01  1.22173440E-01
   25450  1.25990162E-01 -1.85125759E-01 -9.81798668E-03  4.06508104E-01  5.28510070E-02
   25500  1.07377709E-01 -3.38698867E-01 -5.44838030E-02  4.73498912E-01  1.23895346E-01
   25550  2.53886337E-01 -3.03678588E-01  1.19651565E-02  5.07594521E-01  1.41268683E-01
   25600  2.11019958E-01 -2.24518697E-01  4.07299918E-02  4.88119425E-01  1.07200036E-01
   25650  1.30064824E-01 -2.78216486E-01  1.43919828E-01  4.84365832E-01  1.45534180E-01
   25700  1.92957852E-01 -2.83085276E-01  2.72668902E-01  5.42332209E-01  9.69467939E-02
   25750  3.12424782E-01 -3.87188185E-01  1.15361010E-01  5.89089017E-01  9.80091545E-02
   25800  1.02322174E-01 -3.63048012E-01  1.79513909E-01  4.81002187E-01  1.46651360E-01
   25850  4.54944396E-02 -2.12442568E-01  2.40116199E-01  4.50963061E-01  1.14442228E-01
   25900  9.20828255E-03 -2.78326567E-01  2.44681455E-01  5.33318568E-01  1.78202975E-01
   25950 -5.41807123E-02 -2.32042277E-01  2.05655587E-01  5.07593582E-01  1.44189761E-01
   26000 -8.21125468E-02 -2.13256427E-01  3.04748139E-01  5.26066308E-01  1.51906604E-01
   26050 -1.74206458E-01  2.82563972E-03  3.49043855E-01  5.16290552E-01  1.46013583E-01
   26100 -1.46408649E-01 -2.64740317E-02  4.35739721E-01  5.02759151E-01  1.03615983E-01
   26150  1.86131507E-02 -1.00783498E-01  4.25701700E-01  5.02922885E-01  1.12891781E-01
   26200  7.95156437E-03 -3.49605171E-02  1.98222398E-01  3.30008925E-01  1.10975695E-01
   26250 -1.73502403E-01 -1.02936278E-01  1.75739745E-01  4.12723590E-01  8.89950760E-02
   26300 -2.17994646E-01 -5.61704395E-02  1.57905516E-01  4.37680671E-01  9.95759185E-02
   26350 -3.00949646E-01 -2.33034404E-02  1.79462130E-01  4.34326141E-01  1.55196192E-01
   26400 -1.84658528E-01 -8.47868939E-02  6.88726151E-02  3.06957754E-01  2.00365440E-01
   26450 -1.41069414E-01 -5.37109720E-02  1.88348593E-01  3.53154259E-01  1.66785162E-01
   26500 -1.83183625E-01  3.79896405E-02  2.64948770E-01  3.67530517E-01  1.84887488E-01
   26550 -9.12386293E-02 -1.63685764E-01  2.70291459E-01  4.12442674E-01  9.76135006E-02
   26600 -5.93547223E-02 -8.44494924E-02  4.19770123E-02  4.21388369E-01  1.51539648E-01
   26650 -2.21281965E-02 -3.35490602E-02 -3.37306209E-02  4.03135124E-01  1.15981995E-01
   26700  7.80001237E-02  3.81473652E-02  1.46092901E-01  3.59058005E-01  1.68075547E-01
   26750  1.12759944E-01  1.43752203E-01  3.12231300E-01  4.20899252E-01  1.04312865E-01
   26800  1.28948443E-01  1.58122510E-01  2.73358945E-01  4.02695937E-01  1.33585898E-01
   26850  2.02542902E-01  6.58348455E-02  1.48820928E-01  4.30044329E-01  1.15532583E-01
   26900  2.38491085E-02  5.19020425E-02  5.92231936E-02  3.75803922E-01  1.04889373E-01
   26950 -1.46219571E-01  7.89411040E-02 -1.41207030E-01  4.64330575E-01  1.33166304E-01
   27000 -1.33902813E-01  1.15853968E-01 -2.07889591E-01  4.32462929E-01  1.84100268E-01
   27050 -9.71426590E-02  1.05966583E-01 -1.42567136E-01  3.46670185E-01  9.10257394E-02
   27100 -1.07243683E-01 -3.95814255E-02 -2.65925485E-01  3.76451854E-01  1.56990434E-01
   27150  1.57236286E-02 -7.07321569E-02 -3.53830764E-01  4.00051445E-01  1.35560859E-01
   27200  1.70024447E-01 -2.82828317E-02 -3.31083841E-01  4.41878178E-01  1.74114543E-01
   27250  3.90398274E-02 -2.26043727E-01 -3.79657526E-01  4.66890155E-01  1.91086327E-01
   27300  2.04846567E-01 -1.20139580E-01 -3.87016427E-01  5.18287726E-01  1.78382341E-01
   27350  1.56227455E-01 -1.84094556E-01 -3.39430903E-01  5.22664065E-01  1.92456131E-01
   27400  7.54915829E-02 -2.98508683E-01 -3.61000138E-01  5.78704674E-01  2.36753430E-01
   27450  1.23226653E-01 -2.13145342E-01 -3.63078068E-01  5.90377040E-01  1.80412464E-01
   27500  1.17511655E-01 -2.21944405E-02 -2.32347422E-01  4.65712386E-01  8.88692652E-02
   27550  2.88028366E-02  8.73827970E-02 -8.00801837E-02  4.15488977E-01  1.13844425E-01
   27600  5.04129358E-02  2.51750499E-01 -1.32894984E-01  5.10486729E-01  1.95624515E-01
   27650 -2.23387153E-02  1.63550618E-01 -2.20821948E-01  4.32357214E-01  1.83148227E-01
   27700 -2.69303237E-02  1.29961171E-01 -4.12825495E-01  5.41451579E-01  1.36654498E-01
   27750 -1.25413027E-02  1.37090159E-01 -3.41234292E-01  5.50121450E-01  8.63169755E-02
   27800 -6.99470565E-02 -5.16920755E-02 -3.22409867E-01  4.94307449E-01  1.94088133E-01
   27850  1.20265843E-01  8.95833807E-02 -2.08805915E-01  4.31768983E-01  1.05501815E-01
   27900 -3.90672801E-02  2.46307504E-01 -1.00746935E-01  3.39006153E-01  1.78609615E-01
   27950  7.81763769E-02  1.93864943E-01 -5.11612290E-03  3.87647274E-01  1.70702411E-01
   28000 -2.34782482E-01  6.79950660E-02  1.72448666E-01  4.11777341E-01  1.28708576E-01
   28050 -1.28897391E-01  1.84197706E-01  8.80096851E-02  4.12706928E-01  9.17105068E-02
   28100 -2.65991345E-01  6.30833230E-02 -3.10272600E-02  3.84612159E-01  9.66553003E-02
   28150 -1.55955648E-01 -1.37095628E-01  8.96282658E-02  3.63964025E-01  1.60768952E-01
   28200 -2.01407456E-01 -1.48580378E-01  7.05596133E-02  3.85203154E-01  1.65769747E-01
   28250 -2.06075976E-01 -1.03052856E-01 -1.43665791E-02  4.10334884E-01  1.75209395E-01
   28300 -1.24965990E-01 -1.31549954E-01 -1.29549777E-01  4.58177673E-01  1.60443405E-01
   28350 -1.83971340E-01 -8.54913203E-02 -5.14142235E-02  4.12121162E-01  2.39869433E-01
   28400 -1.59761432E-01 -1.42412746E-02 -1.23018494E-01  4.36083223E-01  1.40976801E-01
   28450 -1.09810452E-01  2.44417294E-02 -1.76697895E-02  4.57785991E-01  1.89057823E-01
   28500 -3.56308228E-01  1.87513499E-01 -5.52355254E-02  5.56553334E-01  1.73074186E-01
   28550 -3.26878815E-01  1.74136498E-01  1.35281540E-01  4.44346139E-01  1.76290694E-01
   28600 -2.30022931E-01  1.56894081E-01  2.73533848E-01  4.42702146E-01  1.02139558E-01
   28650 -2.82685623E-01  4.34108102E-02  3.08341741E-01  4.75312896E-01  8.59935617E-02
   28700 -3.30961627E-01 -4.28292321E-02  3.48496251E-01  5.70634599E-01  8.70370929E-02
   28750 -2.84408341E-01 -5.32137327E-02  4.28396753E-01  6.03476508E-01  1.35882293E-01
   28800 -2.25993479E-01 -3.37206465E-02  3.76146603E-01  5.70397442E-01  1.90863081E-01
   28850 -2.17432138E-01 -6.81013365E-02  3.94707019E-01  5.76082460E-01  2.47921709E-01
   28900 -1.00956649E-01 -1.41086013E-01  3.86315925E-01  5.72109721E-01  1.19775560E-01
   28950 -1.07827855E-01 -6.63403703E-02  2.84199781E-01  5.56149563E-01  1.18640690E-01
   29000 -1.33570177E-01 -4.27238997E-02  1.92356606E-01  5.59091016E-01  9.47718676E-02
   29050 -9.66555501E-02 -5.85280217E-02  2.86556431E-01  4.66584108E-01  1.41233769E-01
   29100 -1.29139476E-01 -7.71766960E-02  2.81393841E-01  5.10367832E-01  1.59085997E-01
   29150  9.01480799E-02  6.85106909E-02  3.15200606E-01  4.96583414E-01  1.94647124E-01
   29200  9.40681706E-02  6.80195985E-02  3.50952157E-01  4.77020812E-01  2.01675015E-01
   29250  2.11070015E-01 -4.62588719E-02  4.35704900E-01  5.72386529E-01  1.71200077E-01
   29300  1.86808830E-01 -3.92216912E-02  2.94198628E-01  5.23965411E-01  1.31208468E-01
   29350  1.75117247E-01  1.23070462E-01  3.07087163E-01  4.40265771E-01  1.91992962E-01
   29400  1.23487466E-01  2.05380094E-02  3.29328683E-01  4.46641615E-01  2.00706180E-01
   29450  1.94201551E-01  1.57842794E-01  1.33720402E-01  4.57919799E-01  1.83784524E-01
   29500  1.34508963E-01 -1.00972749E-01  1.81756507E-02  3.86734111E-01  7.93813808E-02
   29550  1.58009563E-01 -2.22059400E-01 -1.73023197E-01  4.36457136E-01  1.46553718E-01
   29600  5.44279377E-02 -2.96497994E-01 -1.58712470E-01  4.58994909E-01  1.72904350E-01
   29650  4.30100238E-02 -3.49121374E-01 -1.45116239E-01  5.29813857E-01  1.65465780E-01
   29700 -3.55696070E-02 -1.66458562E-01  1.32055222E-02  5.14384993E-01  1.08737741E-01
   29750  7.11956208E-02 -2.10817011E-02  4.06063361E-02  4.47556351E-01  1.38109868E-01
   29800  6.40844776E-02 -5.88465836E-02  1.60499906E-01  5.26088291E-01  3.26003667E-02
   29850  5.73545584E-02  1.29127509E-01  8.59453566E-02  5.19235303E-01  4.24574036E-02
   29900 -8.35988035E-02  2.98390581E-01  1.47218791E-01  5.91603338E-01  6.68085460E-02
   29950  1.29544226E-01  3.66739385E-01  3.38330059E-01  6.82275994E-01  1.09615177E-01
   30000  6.35469215E-03  2.71613655E-01  1.10969031E-01  4.74660542E-01  7.80997363E-02
   30050  8.16165976E-02  1.27051427E-01 -1.22516771E-01  3.45346153E-01  1.42707601E-01
   30100 -5.27950296E-02  1.64380453E-01 -2.03794852E-01  3.52701973E-01  6.25088365E-02
   30150 -2.18842487E-01  2.67794777E-01 -1.51805748E-01  4.51544798E-01  5.42822788E-02
   30200 -6.90704166E-02  1.90701418E-01 -2.52039090E-01  4.26360747E-01  2.04621335E-01
   30250 -1.43120230E-01  1.84397934E-01  1.04222694E-01  3.59829872E-01  1.66399381E-01
   30300 -9.26808920E-02  8.82772365E-02  1.96566538E-01  3.84767433E-01  1.79426350E-01
   30350  6.18437849E-02  7.69667216E-02  2.01754822E-01  3.50525212E-01  1.62339355E-01
   30400 -2.86118319E-02 -1.24246569E-01  1.30620243E-01  3.55928085E-01  1.82875854E-01
   30450  1.21847416E-02 -1.77010275E-01  1.63193182E-01  4.21265682E-01  1.93349454E-01
   30500 -3.05198598E-02 -2.08040400E-01  2.25624825E-01  4.39427406E-01  2.13038011E-01
   30550 -2.17254580E-01  1.89614614E-02  9.19292446E-02  3.44605432E-01  2.03796610E-01
   30600 -1.85905870E-01 -6.25078562E-02  1.68942718E-01  3.94020259E-01  2.25606528E-01
   30650 -3.03594776E-01  8.47104677E-02  6.04536507E-02  4.27168154E-01  1.26356423E-01
   30700 -3.52644082E-01  4.17125358E-02  3.50759345E-01  5.80881103E-01  2.07465807E-01
   30750 -2.98295214E-01  1.31388996E-01  3.51840121E-01  5.61829575E-01  2.12532270E-01
   30800 -3.02564714E-01  2.76244201E-01  2.47345600E-01  5.44576429E-01  2.12084342E-01
   30850 -2.01472438E-01  1.85436899E-01  1.92165279E-01  4.99152777E-01  1.53060790E-01
   30900 -2.52005282E-01  8.40614778E-02  1.78350422E-01  4.50685575E-01  3.85085731E-02
   30950 -1.34545287E-01 -2.28296160E-02  1.78473194E-01  3.60224335E-01  8.08629527E-02
   31000 -3.39098961E-02 -3.17010027E-02  1.96435617E-01  3.09959925E-01  1.52338404E-01
   31050 -1.09862184E-02  1.10892186E-01  8.59372248E-02  3.64850964E-01  1.16845759E-01
   31100 -1.19779937E-01 -2.86248015E-02  1.01567046E-01  4.46015236E-01  1.53893526E-01
   31150 -8.29422128E-02 -6.74522318E-02  1.10377869E-01  4.89025851E-01  1.14876204E-01
   31200 -1.39364070E-01  1.10915927E-01  1.19920477E-01  4.77983395E-01  2.13548331E-01
   31250 -2.32244949E-01  1.67004937E-01  7.17985590E-02  4.80337426E-01  1.87285375E-01
   31300 -1.42933312E-01  8.17024962E-02  1.83331769E-01  4.33463859E-01  2.06722874E-01
   31350 -2.56595087E-01 -5.50639865E-02  2.43674254E-01  4.82898569E-01  2.24175668E-01
   31400 -2.24569917E-01 -1.05715854E-01  2.40661002E-01  5.00898962E-01  1.59977203E-01
   31450 -2.69448765E-01 -1.04191606E-01  1.45403788E-01  5.53506879E-01  9.98719314E-02
   31500 -8.08114770E-02 -1.98702313E-02 -9.99139443E-03  4.71404732E-01  1.03318843E-01
   31550 -2.86576687E-01 -1.96698623E-01  5.51297519E-02  5.01915041E-01  1.02731176E-01
   31600 -2.05400048E-01 -1.93918938E-01  1.64641727E-01  5.29775766E-01  1.77531355E-01
   31650 -9.78035014E-02 -1.02589400E-01  1.35464314E-01  4.64196395E-01  1.16134029E-01
   31700 -9.26374726E-02 -1.19506829E-01  1.28497725E-01  4.29464528E-01  8.48529155E-02
   31750 -1.94863930E-01 -1.15892664E-01  1.76924000E-01  4.69101483E-01  1.15421000E-01
   31800  1.62203769E-02 -1.30241246E-01  2.95102787E-01  4.91675280E-01  1.00304147E-01
   31850  2.43123936E-01 -2.95010858E-02  4.08747167E-01  6.13254749E-01  1.02739940E-01
   31900  5.25734631E-02  1.48542659E-02  4.79290630E-01  5.67456762E-01  7.78629262E-02
   31950 -1.05158107E-01  3.73535754E-03  3.34487917E-01  4.72912728E-01  5.68482150E-02
   32000  4.60876665E-02 -6.91360334E-02  5.51973816E-01  6.45204616E-01  7.49040473E-02
   32050 -1.16512838E-03 -1.74757472E-01  3.87720387E-01  4.80371228E-01  1.17077657E-01
   32100  1.45689654E-01 -9.95980220E-03  2.75192107E-01  3.91112228E-01  1.83942646E-01
   32150 -1.62788894E-03  8.15985731E-02  2.28975897E-01  3.78035623E-01  8.38201056E-02
   32200  1.58625900E-01  1.34995650E-01  9.87002021E-02  3.81385239E-01  1.37532018E-01
   32250  1.56213678E-01  1.19894953E-01 -5.30000246E-02  4.92969844E-01  7.48368568E-02
   32300  1.02650330E-01  1.35403780E-01 -1.10591777E-02  3.24621779E-01  1.17654685E-01
   32350  2.23761727E-01  1.26795911E-01  7.07695835E-02  4.27998693E-01  1.33975890E-01
   32400  2.92389867E-01  1.02302155E-02  2.36593095E-01  5.85232103E-01  8.71914991E-02
   32450  3.42963320E-01 -1.94374246E-01  1.68902816E-01  5.74884088E-01  1.20542515E-01
   32500  3.35323736E-01 -2.73712546E-01  1.16601921E-01  5.45361841E-01  8.06129808E-02
   32550  3.40048401E-01 -3.96866894E-01  5.56102126E-02  5.97599283E-01  1.08848666E-01
   32600  2.54743086E-01 -1.76195017E-01  6.11901796E-02  4.20453324E-01  1.20499573E-01
   32650  4.64237343E-02 -1.13246412E-01  1.76669430E-01  3.34920071E-01  1.77735105E-01
   32700  1.29397236E-01 -1.31676449E-01  8.03487686E-02  3.61319612E-01  8.80944378E-02
   32750  9.99806840E-02 -1.60038687E-01  1.63630725E-02  4.08625756E-01  7.23933415E-02
   32800  1.10967809E-01 -8.06117244E-02  9.77045887E-02  3.53917839E-01  1.35577877E-01
   32850  1.54142384E-01 -9.07262503E-02 -8.69766710E-02  5.00136941E-01  9.73297688E-02
   32900  9.93255432E-02 -1.36054124E-01 -1.71983909E-01  4.71668672E-01  1.39072992E-01
   32950  3.92712049E-02 -1.54221358E-01 -7.67505032E-04  4.49111902E-01  1.45072847E-01
   33000  3.93389806E-02  1.89326118E-02 -6.43671619E-02  4.57574643E-01  1.58763753E-01
   33050  4.81520079E-02 -8.66395268E-02 -6.64201879E-02  3.80034833E-01  2.09157461E-02
   33100 -1.03296335E-01 -1.21798093E-01 -4.80864004E-02  4.53251788E-01  6.92006248E-02
   33150 -8.98306476E-02 -3.64450952E-02 -1.31152752E-01  3.88427620E-01  5.07651630E-02
   33200  2.93954887E-02  1.03061215E-02 -4.18046440E-02  3.83845675E-01  7.00454243E-02
   33250  3.61260977E-02  6.12300840E-02 -8.68154224E-03  3.67252202E-01  1.80678778E-01
   33300  8.12796894E-02  2.13904018E-01 -6.68217428E-02  4.56773250E-01  1.76952064E-01
   33350 -1.32833378E-01  9.96951327E-02 -6.57116030E-02  4.02390663E-01  8.35712451E-02
   33400 -2.05002818E-01 -2.83188690E-03 -1.96722359E-02  4.68419155E-01  7.55220714E-02
   33450 -2.64581456E-01  9.67185255E-02  9.82792962E-02  4.28372688E-01  1.12040662E-01
   33500 -8.07566243E-02  3.15810865E-01  9.85781019E-02  5.25893143E-01  1.26047629E-01
   33550 -7.37225222E-02  5.46357335E-02  4.03113654E-02  4.16576836E-01  9.95954536E-02
   33600 -1.19765636E-01 -4.03669496E-02  1.87923598E-01  4.16273343E-01  2.09638051E-01
   33650 -9.16911786E-02  2.96001101E-02  1.16932910E-01  4.41315273E-01  1.45435200E-01
   33700 -1.31797439E-01  1.48944522E-01  1.75122812E-01  5.16581972E-01  1.77549937E-01
   33750 -2.02003554E-01  1.61007500E-01  1.09364189E-01  4.59778842E-01  1.72427379E-01
   33800 -2.15843660E-01  8.55154236E-02 -7.74629209E-02  4.91295968E-01  1.45340740E-01
   33850 -1.87570038E-01 -5.42082438E-02 -8.03244539E-02  5.04600273E-01  1.57856772E-01
   33900 -1.77763816E-01 -7.96900633E-02 -2.70392236E-01  5.57379311E-01  2.19386591E-01
   33950 -1.12397723E-01 -9.41213288E-02 -2.86614636E-01  4.59977131E-01  1.59818864E-01
   34000  5.54447997E-02  2.30587734E-02 -1.94063292E-01  3.72418167E-01  1.46379828E-01
   34050 -6.58876629E-02  3.84290388E-04 -1.98475681E-01  3.78090559E-01  8.56666215E-02
   34100  2.26681253E-02  1.08431980E-01 -2.63157965E-01  4.10792824E-01  1.27157012E-01
   34150 -1.37210871E-01  5.18492635E-03 -3.10121527E-01  4.38453117E-01  1.82725738E-01
   34200 -1.44697109E-01 -9.25089314E-02 -1.19119827E-01  3.89585800E-01  1.45351933E-01
   34250 -3.15333637E-01 -9.29617873E-02 -1.55840449E-01  5.13607136E-01  1.45820893E-01
   34300 -4.06832089E-01 -1.44396508E-02 -9.51451193E-02  5.37858984E-01  6.88990153E-02
   34350 -3.87993513E-01 -4.41650068E-02 -2.96351012E-02  4.50287340E-01  6.47525954E-02
   34400 -3.08083186E-01 -9.20732038E-02  1.39219511E-01  4.96412648E-01  1.13280045E-01
   34450 -2.56087187E-01 -3.80008563E-02  2.36529306E-01  4.87666303E-01  1.02896972E-01
   34500 -3.38828971E-01 -1.33480363E-01  1.25103917E-01  5.70501447E-01  1.45131073E-01
   34550 -1.95106434E-01 -1.07705618E-01  1.34385979E-01  4.47048876E-01  1.84096481E-01
   34600 -3.37291852E-01 -6.13801124E-02  3.26843316E-01  5.67974473E-01  2.24968285E-01
   34650 -2.23870562E-01  9.97172800E-02  1.12803146E-01  4.53636840E-01  9.83820945E-02
   34700 -3.32027449E-01  1.46545742E-01  2.27333291E-01  5.30728594E-01  1.31694558E-01
   34750 -2.80836421E-01  3.81919195E-02  2.59187448E-01  4.99380348E-01  4.67107099E-02
   34800 -2.28930159E-01  3.33244362E-01  2.77227527E-01  5.33469371E-01  1.15306467E-01
   34850 -2.19805425E-01  1.90514390E-01  2.25752240E-01  4.69234275E-01  8.42605270E-02
   34900 -8.92505885E-02  1.59918303E-01  1.32044752E-01  3.51889949E-01  1.19786910E-01
   34950 -1.35868597E-03  5.05113501E-02  1.10304660E-01  2.36036524E-01  7.23488104E-02
   35000 -1.36946423E-02 -2.31867318E-01 -5.07696140E-02  3.54781964E-01  1.52526869E-01
   35050 -7.16696846E-02 -1.89231267E-01 -9.86099500E-02  3.42791300E-01  1.81186829E-01
   35100  7.34873911E-03 -4.41977502E-02 -2.04914638E-01  3.99914607E-01  1.95563081E-01
   35150 -1.16089619E-01 -3.53201883E-02 -2.52086754E-01  3.73796811E-01  2.16764074E-01
   35200 -2.43714865E-01 -4.05188960E-02 -1.69122822E-01  3.65956811E-01  2.18158519E-01
   35250 -3.12232249E-01 -4.74798639E-02  2.79148166E-02  4.53212345E-01  2.15350496E-01
   35300 -1.91089084E-01 -2.55068420E-01 -1.52658748E-01  5.17375128E-01  2.24253899E-01
   35350 -2.08764194E-01 -1.53427595E-01  8.89606097E-03  4.31860227E-01  1.96831394E-01
   35400 -3.44704760E-01 -1.27125233E-01  2.77707092E-02  4.68790139E-01  1.17021974E-01
   35450 -3.27789571E-01 -1.52173559E-01  1.58978769E-01  4.88379805E-01  1.21211292E-01
   35500 -3.42401933E-01 -4.55951045E-02  1.65692146E-01  4.72310829E-01  1.20665472E-01
   35550 -1.00894657E-01 -1.37322520E-02  2.98354091E-01  4.06038770E-01  1.32836661E-01
   35600 -8.96034176E-02  4.51431616E-02  7.02103261E-02  3.73767576E-01  1.04075571E-01
   35650 -4.72805602E-02  2.57570822E-01 -2.97234552E-02  4.19448902E-01  1.14384259E-01
   35700 -1.39946020E-01  1.99186333E-01  1.39119131E-01  4.77973437E-01  1.01149813E-01
   35750 -9.76137485E-02  2.94075139E-01  9.18320620E-02  4.46650141E-01  1.26131159E-01
   35800  3.88095414E-02  3.12937673E-01 -6.32271491E-02  3.66634046E-01  1.54035110E-01
   35850 -9.03213256E-02  2.77841676E-01 -3.68560556E-02  3.90791816E-01  9.21133990E-02
   35900  1.46991405E-01  1.38618140E-01 -5.58067837E-03  3.17692980E-01  1.00774841E-01
   35950 -8.84901969E-02  3.70008325E-02  7.87695827E-02  3.06503879E-01  1.09887761E-01
   36000 -1.21804259E-01  1.18595967E-01 -3.51172341E-02  4.00748269E-01  1.79317943E-01
   36050 -1.71837247E-01  2.40121643E-01  3.74091184E-03  4.08107092E-01  1.66738328E-01
   36100 -1.19018764E-01  2.66469298E-01 -1.56286796E-01  4.66255634E-01  1.09475128E-01
   36150 -1.91592558E-01  1.18604538E-01 -1.88249562E-01  4.82682551E-01  1.21784176E-01
   36200 -1.18831943E-01  7.98568209E-02 -6.83613813E-02  3.38471980E-01  1.03698829E-01
   36250 -2.45139097E-02  1.95033547E-01 -3.08775256E-02  3.13498249E-01  8.64012462E-02
   36300 -3.88717461E-02  1.26497274E-01 -5.85933272E-02  3.38512866E-01  6.96207891E-02
   36350  9.81118301E-02  2.98586468E-01  1.17691418E-02  4.71104937E-01  1.11837405E-01
   36400  1.52479524E-01  3.74692727E-01  1.32034040E-01  5.66782186E-01  9.43053626E-02
   36450 -1.54255556E-01  3.96735985E-01  4.17511771E-02  5.23447592E-01  8.87054421E-02
   36500 -1.32761400E-02  2.99758098E-01  7.89019093E-02  4.26332017E-01  9.87685309E-02
   36550 -1.54078430E-01  1.98585376E-01  2.59761385E-01  4.94794671E-01  1.46725401E-01
   36600 -1.60020346E-01  1.81843851E-01  6.74089302E-02  3.98845761E-01  1.06322261E-01
   36650 -1.17499108E-01  1.77661390E-01 -8.90192182E-03  4.49998151E-01  1.72262054E-01
   36700 -2.47360469E-02  1.68634454E-01  6.63846258E-02  4.64754250E-01  5.23671247E-02
   36750 -1.05424223E-01  3.59881869E-02  1.59928891E-01  4.51468070E-01  6.11490542E-02
   36800 -2.09379838E-01 -2.85459378E-02  3.66321862E-02  3.49160313E-01  1.75337075E-01
   36850 -3.08616619E-01  8.61550177E-02  4.92604707E-02  4.19475946E-01  2.46033720E-01
   36900 -4.43176125E-01  1.85312337E-01 -1.64418376E-02  5.30217711E-01  2.24514043E-01
   36950 -3.07657979E-01  1.51829087E-01 -3.90303011E-02  4.27004927E-01  1.86480751E-01
   37000 -1.95722082E-01  3.03479727E-02 -1.17186898E-01  4.36468572E-01  1.94736100E-01
   37050 -1.52208423E-01  2.08397733E-02  4.13652176E-02  4.81212780E-01  5.83421204E-02
   37100 -3.01717255E-02  1.04062011E-01 -1.66016243E-01  4.65650831E-01  7.11598248E-02
   37150 -1.53188567E-01  1.27566818E-01 -2.21499772E-01  5.58066031E-01  1.85278543E-01
   37200 -1.04461289E-01  2.62599368E-03 -1.72192260E-01  4.87425280E-01  2.06402092E-01
   37250 -2.48577531E-01 -1.09122094E-01 -1.16945436E-01  3.88547804E-01  2.73700312E-01
   37300 -1.30042186E-01 -1.91110947E-01  3.43326145E-02  4.16143269E-01  1.07938805E-01
   37350 -9.90650381E-02 -3.47285227E-02  1.00276354E-01  4.43545300E-01  4.03966823E-02
   37400 -1.52030147E-01 -8.41008081E-05 -6.41814876E-02  3.69038886E-01  1.40832512E-01
   37450 -1.35625838E-01 -1.83144130E-01  1.12810422E-01  3.70854260E-01  3.61693468E-02
   37500 -1.03395147E-01 -1.07176908E-01  8.31936353E-03  3.22662501E-01  6.62124189E-02
   37550 -2.06604799E-01 -1.64585051E-01  1.44434826E-01  3.73651446E-01  1.10236087E-01
   37600  9.41818326E-02 -2.89463556E-01  1.44475631E-01  4.30539451E-01  1.55078739E-01
   37650  5.98223679E-02 -2.71346323E-01  4.82374667E-02  4.10565491E-01  6.56927985E-02
   37700  2.86802926E-01 -1.71388192E-01  4.22633431E-02  4.51961005E-01  1.42686803E-01
   37750  2.17534679E-01 -1.74314939E-01  1.81579185E-01  4.79804538E-01  9.50178114E-02
   37800  2.29720694E-01 -1.67414513E-01  4.62454536E-02  4.58186964E-01  1.02315901E-01
   37850  3.36279080E-01  1.84107120E-03 -5.15040590E-02  4.03936605E-01  1.48864894E-01
   37900  4.89923043E-01  1.40929207E-01 -1.27520622E-01  6.44364528E-01  1.88867568E-01
   37950  5.55184249E-01 -3.18993886E-02 -1.35153135E-01  6.62726178E-01  2.35443703E-01
   38000  4.08501678E-01 -5.61833172E-02 -3.14445970E-01  5.50831007E-01  1.66903201E-01
   38050  4.84882094E-01 -1.59942798E-02 -2.73337132E-01  5.77809040E-01  5.95589963E-02
   38100  4.00243393E-01 -1.21741690E-01 -3.55228603E-01  6.05678614E-01  2.55795012E-02
   38150  3.52030608E-01 -7.46639766E-03 -2.50383755E-01  4.91477599E-01  1.15659579E-01
   38200  4.30917134E-01 -4.14907075E-02 -3.31033695E-01  6.16643705E-01  9.94199899E-02
   38250  2.56435138E-01  2.57940032E-02 -3.48964757E-01  4.64212528E-01  1.05965243E-01
   38300  1.23385182E-01  5.56939272E-02 -2.79518806E-01  3.98986749E-01  8.49005705E-02
   38350  8.00265642E-02  1.12480986E-01 -3.20485924E-01  4.37996942E-01  1.15531266E-01
   38400  1.29731786E-01  3.32822476E-02 -8.73781577E-02  3.43211106E-01  1.63300150E-01
   38450  1.19355195E-01  1.32449719E-01  1.67985183E-03  3.41589155E-01  1.84967996E-01
   38500  1.46160933E-01  1.08484428E-01 -2.62070178E-02  4.09375460E-01  1.23780510E-01
   38550  2.39061641E-01  3.27819410E-01  1.01778964E-01  5.52143946E-01  8.32641864E-02
   38600  2.68166993E-01  3.31258876E-01  1.69238328E-02  5.36826507E-01  1.59535255E-01
   38650  3.60816354E-01  1.89951575E-01  7.46191203E-02  5.42760157E-01  1.54431183E-01
   38700  8.80282510E-02  4.66750831E-02  4.11850618E-02  3.93930943E-01  1.84275273E-01
   38750  5.98796866E-02  1.30989243E-01  1.30525312E-01  4.64894648E-01  1.91978621E-01
   38800  4.89200249E-02  2.35127777E-01  4.07735294E-03  3.62789033E-01  1.34382271E-01
   38850 -3.83093379E-03  9.67225200E-02 -2.04387141E-04  3.03827393E-01  6.48903566E-02
   38900 -6.66235110E-02  5.74637622E-02  1.28755477E-01  4.46503537E-01  9.75067424E-02
   38950 -4.61829141E-02 -1.23192016E-02  4.16567043E-02  3.66118080E-01  1.16986995E-01
   39000  7.57597548E-02 -1.56653317E-01  7.82134606E-03  4.04854397E-01  1.76976662E-01
   39050  1.79072501E-01 -7.23016152E-02  5.35066822E-02  3.90237192E-01  9.64924309E-02
   39100  9.42925709E-02 -2.73030196E-01  1.93310448E-02  4.49384739E-01  1.99165227E-01
   39150  1.37764380E-01 -1.66299352E-01  7.95429871E-02  4.40152799E-01  1.49051831E-01
   39200  1.14813886E-01 -7.87371180E-02  1.23499805E-01  4.21567462E-01  1.93747617E-01
   39250  6.43764041E-02 -1.29653495E-01  1.60274388E-01  4.59709179E-01  1.86663244E-01
   39300 -3.00954252E-02 -1.40831070E-01  2.61105140E-01  4.84516185E-01  1.66054181E-01
   39350  1.33797255E-02 -1.45978717E-02  1.68859664E-01  4.05092230E-01  1.52246042E-01
   39400  1.08678799E-01  7.50770197E-02  1.87798597E-01  4.26631158E-01  1.56532713E-01
   39450  1.21130947E-01 -6.96004715E-02  2.87218489E-01  4.33140633E-01  2.06480385E-01
   39500  1.84287206E-01  3.42529139E-02  3.13715470E-01  4.79527354E-01  2.30497602E-01
   39550  2.03234787E-01 -3.86961996E-02  3.15731487E-01  4.87596906E-01  8.92591097E-02
   39600  2.15151097E-01 -1.39690747E-01  2.99204157E-01  5.32781317E-01  1.20860496E-01
   39650  1.34636429E-01 -5.14655510E-02  3.45625657E-01  5.08836831E-01  1.16611795E-01
   39700  1.18479040E-01  5.97093136E-02  3.98807145E-01  5.81255752E-01  1.02360661E-01
   39750  1.21251496E-01 -9.25160531E-02  2.05607015E-01  5.08378746E-01  1.14411887E-01
   39800  2.40549313E-02 -1.33901072E-01  1.59037455E-01  4.68832998E-01  1.06384238E-01
   39850  3.35795547E-02 -1.75231001E-01 -5.82689378E-03  3.69231919E-01  1.09866562E-01
   39900  5.53275446E-02 -2.80483817E-01  2.33586881E-01  5.15928356E-01  7.80446118E-02
   39950  1.40259668E-01 -3.37499461E-01  1.65486914E-01  5.57769170E-01  1.04663346E-01
