   #Iter             <M>           <M^2>           <M^4>      U_{Binder}            \chi        C_v(tot)             <E>       <E_{exc}>       <E_{lsf}>
       1  3.48787386E-01  1.43695498E-01  3.35207396E-02  4.58864518E-01  2.07202749E-02  5.45447928E+00 -3.87863057E+00 -3.87863057E+00  0.00000000E+00
      11  4.11827324E-01  1.99990463E-01  6.10013896E-02  4.91606604E-01  2.85653803E-02  1.69900307E+00 -4.02391659E+00 -4.02391659E+00  0.00000000E+00
      21  4.35841678E-01  2.30446927E-01  8.60723594E-02  4.59742739E-01  3.80596002E-02  2.55236633E+00 -4.09560120E+00 -4.09560120E+00  0.00000000E+00
      31  4.09310116E-01  2.00149126E-01  6.51402808E-02  4.57972930E-01  3.06574770E-02  2.13282632E+00 -4.04893799E+00 -4.04893799E+00  0.00000000E+00
      41  4.14292791E-01  2.01063413E-01  6.43961745E-02  4.69026662E-01  2.76593871E-02  1.95907115E+00 -4.03997648E+00 -4.03997648E+00  0.00000000E+00
      51  4.32866481E-01  2.12787428E-01  6.65872694E-02  5.09794679E-01  2.38891823E-02  1.93392721E+00 -4.06622169E+00 -4.06622169E+00  0.00000000E+00
      61  4.74252869E-01  2.53313806E-01  9.09511671E-02  5.27535372E-01  2.66941273E-02  2.46969959E+00 -4.08685605E+00 -4.08685605E+00  0.00000000E+00
      71  4.62306955E-01  2.40160680E-01  8.13573676E-02  5.29811695E-01  2.48469687E-02  2.33156468E+00 -4.08319650E+00 -4.08319650E+00  0.00000000E+00
      81  4.25088090E-01  2.09102225E-01  6.64171851E-02  4.93660393E-01  2.66981862E-02  2.44351765E+00 -4.04304340E+00 -4.04304340E+00  0.00000000E+00
      91  4.31441988E-01  2.14273539E-01  6.87138567E-02  5.01131612E-01  2.64434550E-02  2.49084972E+00 -4.04949794E+00 -4.04949794E+00  0.00000000E+00
     101  4.33518960E-01  2.15116328E-01  6.83940561E-02  5.07336539E-01  2.55469668E-02  2.53370955E+00 -4.04874120E+00 -4.04874120E+00  0.00000000E+00
     111  4.27353969E-01  2.08266870E-01  6.37888484E-02  5.09788918E-01  2.40973152E-02  2.30436259E+00 -4.04777852E+00 -4.04777852E+00  0.00000000E+00
     121  4.21804931E-01  2.03745982E-01  6.14082303E-02  5.06908834E-01  2.42769737E-02  2.28386960E+00 -4.04225169E+00 -4.04225169E+00  0.00000000E+00
     131  4.26011918E-01  2.07404842E-01  6.36364523E-02  5.06886467E-01  2.43635535E-02  2.25125866E+00 -4.04507963E+00 -4.04507963E+00  0.00000000E+00
     141  4.32880122E-01  2.13496294E-01  6.66900982E-02  5.12292517E-01  2.45444157E-02  2.46313582E+00 -4.06186005E+00 -4.06186005E+00  0.00000000E+00
     151  4.31698597E-01  2.12315176E-01  6.61899565E-02  5.10549513E-01  2.43943945E-02  2.47682897E+00 -4.06191120E+00 -4.06191120E+00  0.00000000E+00
     161  4.35899144E-01  2.15227884E-01  6.69460943E-02  5.18266421E-01  2.37066176E-02  2.45502832E+00 -4.06158946E+00 -4.06158946E+00  0.00000000E+00
     171  4.34086734E-01  2.13678970E-01  6.62133289E-02  5.16606724E-01  2.37328039E-02  2.41209120E+00 -4.05474903E+00 -4.05474903E+00  0.00000000E+00
     181  4.28683503E-01  2.08901973E-01  6.36646073E-02  5.13714044E-01  2.36244684E-02  2.35342913E+00 -4.04797849E+00 -4.04797849E+00  0.00000000E+00
     191  4.34709761E-01  2.13464173E-01  6.53258394E-02  5.22125615E-01  2.30220890E-02  2.29060893E+00 -4.05019102E+00 -4.05019102E+00  0.00000000E+00
     201  4.33474371E-01  2.12753310E-01  6.59306772E-02  5.14472728E-01  2.33620710E-02  2.27970355E+00 -4.04494285E+00 -4.04494285E+00  0.00000000E+00
     211  4.37724418E-01  2.16457622E-01  6.77105590E-02  5.18285876E-01  2.33636454E-02  2.35482249E+00 -4.05136225E+00 -4.05136225E+00  0.00000000E+00
     221  4.40518746E-01  2.19150994E-01  6.91092179E-02  5.20346260E-01  2.35885616E-02  2.28002453E+00 -4.04997341E+00 -4.04997341E+00  0.00000000E+00
     231  4.37481227E-01  2.16288773E-01  6.77490292E-02  5.17259351E-01  2.34049993E-02  2.27070799E+00 -4.04470533E+00 -4.04470533E+00  0.00000000E+00
     241  4.44176664E-01  2.22550445E-01  7.14606135E-02  5.19062598E-01  2.37420710E-02  2.34955050E+00 -4.04838292E+00 -4.04838292E+00  0.00000000E+00
     251  4.42324947E-01  2.20582450E-01  7.01543560E-02  5.19391469E-01  2.34352128E-02  2.30332693E+00 -4.04429955E+00 -4.04429955E+00  0.00000000E+00
     261  4.41861115E-01  2.19138500E-01  6.86044884E-02  5.23795047E-01  2.24634073E-02  2.27307820E+00 -4.04558457E+00 -4.04558457E+00  0.00000000E+00
     271  4.42071684E-01  2.19378830E-01  6.86395185E-02  5.24595223E-01  2.25143569E-02  2.29318181E+00 -4.04482476E+00 -4.04482476E+00  0.00000000E+00
     281  4.45377942E-01  2.22176370E-01  6.99796783E-02  5.27442180E-01  2.23859545E-02  2.26811327E+00 -4.04906370E+00 -4.04906370E+00  0.00000000E+00
     291  4.49107098E-01  2.25890160E-01  7.21905603E-02  5.28410058E-01  2.27413830E-02  2.26916938E+00 -4.05267688E+00 -4.05267688E+00  0.00000000E+00
     301  4.51548554E-01  2.27711174E-01  7.28360075E-02  5.31773279E-01  2.23861601E-02  2.29385205E+00 -4.05183472E+00 -4.05183472E+00  0.00000000E+00
     311  4.53569081E-01  2.29644417E-01  7.38917213E-02  5.32950678E-01  2.24843229E-02  2.33048765E+00 -4.05911034E+00 -4.05911034E+00  0.00000000E+00
     321  4.56768866E-01  2.33022672E-01  7.59386453E-02  5.33829020E-01  2.29217705E-02  2.30476882E+00 -4.06145874E+00 -4.06145874E+00  0.00000000E+00
     331  4.59900635E-01  2.36351755E-01  7.82000055E-02  5.33375146E-01  2.33525580E-02  2.28649293E+00 -4.06234650E+00 -4.06234650E+00  0.00000000E+00
     341  4.63380764E-01  2.39822291E-01  8.01462183E-02  5.35503245E-01  2.35945129E-02  2.28307974E+00 -4.06616365E+00 -4.06616365E+00  0.00000000E+00
     351  4.61035283E-01  2.37882095E-01  7.92194618E-02  5.33354457E-01  2.38088366E-02  2.29088717E+00 -4.06484200E+00 -4.06484200E+00  0.00000000E+00
     361  4.61160637E-01  2.37687520E-01  7.87494132E-02  5.35363511E-01  2.35172710E-02  2.25708783E+00 -4.06628354E+00 -4.06628354E+00  0.00000000E+00
     371  4.63775797E-01  2.40210417E-01  8.02622672E-02  5.36332673E-01  2.36150691E-02  2.29926386E+00 -4.06742073E+00 -4.06742073E+00  0.00000000E+00
     381  4.64623784E-01  2.40588861E-01  8.00963808E-02  5.38745511E-01  2.32307716E-02  2.28982629E+00 -4.06690619E+00 -4.06690619E+00  0.00000000E+00
     391  4.67130937E-01  2.42940041E-01  8.14570445E-02  5.39945594E-01  2.32449922E-02  2.27751299E+00 -4.06712682E+00 -4.06712682E+00  0.00000000E+00
     401  4.63693538E-01  2.39854333E-01  7.98368814E-02  5.37419659E-01  2.33520653E-02  2.23548354E+00 -4.06494583E+00 -4.06494583E+00  0.00000000E+00
     411  4.63739132E-01  2.39878300E-01  7.97085045E-02  5.38255765E-01  2.33348457E-02  2.22073953E+00 -4.06577146E+00 -4.06577146E+00  0.00000000E+00
     421  4.61842765E-01  2.38241777E-01  7.87936344E-02  5.37263199E-01  2.34464418E-02  2.20102203E+00 -4.06476289E+00 -4.06476289E+00  0.00000000E+00
     431  4.59546622E-01  2.35958028E-01  7.74617722E-02  5.36236401E-01  2.32884221E-02  2.19016686E+00 -4.06268828E+00 -4.06268828E+00  0.00000000E+00
     441  4.59761792E-01  2.36133694E-01  7.75622570E-02  5.36325449E-01  2.32676093E-02  2.17786622E+00 -4.06428225E+00 -4.06428225E+00  0.00000000E+00
     451  4.59093699E-01  2.35360322E-01  7.70214132E-02  5.36527757E-01  2.31176867E-02  2.16281970E+00 -4.06372367E+00 -4.06372367E+00  0.00000000E+00
     461  4.57690197E-01  2.33792360E-01  7.59889386E-02  5.36586701E-01  2.28533090E-02  2.14245642E+00 -4.06331127E+00 -4.06331127E+00  0.00000000E+00
     471  4.54965429E-01  2.31203427E-01  7.46385688E-02  5.34570922E-01  2.27572802E-02  2.13252329E+00 -4.06220645E+00 -4.06220645E+00  0.00000000E+00
     481  4.52534525E-01  2.28923287E-01  7.34367577E-02  5.32897391E-01  2.26876310E-02  2.13026567E+00 -4.05769859E+00 -4.05769859E+00  0.00000000E+00
     491  4.53100630E-01  2.29071123E-01  7.32833722E-02  5.34474472E-01  2.23446737E-02  2.12407187E+00 -4.05719167E+00 -4.05719167E+00  0.00000000E+00
     501  4.53933580E-01  2.30016330E-01  7.40757398E-02  5.33300427E-01  2.25229850E-02  2.15086495E+00 -4.05711832E+00 -4.05711832E+00  0.00000000E+00
     511  4.53976620E-01  2.29822013E-01  7.38492936E-02  5.33939988E-01  2.23035952E-02  2.14090606E+00 -4.05852792E+00 -4.05852792E+00  0.00000000E+00
     521  4.56450774E-01  2.32074713E-01  7.48574827E-02  5.36704245E-01  2.23037477E-02  2.10632553E+00 -4.05941294E+00 -4.05941294E+00  0.00000000E+00
     531  4.54569501E-01  2.30425024E-01  7.39921357E-02  5.35479351E-01  2.23640852E-02  2.10787050E+00 -4.05836648E+00 -4.05836648E+00  0.00000000E+00
     541  4.52687674E-01  2.28644135E-01  7.29726098E-02  5.34715600E-01  2.22949124E-02  2.09171534E+00 -4.05632761E+00 -4.05632761E+00  0.00000000E+00
     551  4.53695767E-01  2.29972209E-01  7.41063225E-02  5.32928581E-01  2.26844061E-02  2.08653276E+00 -4.05670826E+00 -4.05670826E+00  0.00000000E+00
     561  4.53657979E-01  2.30105411E-01  7.42156073E-02  5.32781179E-01  2.28418452E-02  2.10734695E+00 -4.05348846E+00 -4.05348846E+00  0.00000000E+00
     571  4.52861177E-01  2.29629641E-01  7.40654122E-02  5.31792577E-01  2.30735998E-02  2.10062588E+00 -4.05108851E+00 -4.05108851E+00  0.00000000E+00
     581  4.55640908E-01  2.32283344E-01  7.55710281E-02  5.33127883E-01  2.31942120E-02  2.12526880E+00 -4.05385432E+00 -4.05385432E+00  0.00000000E+00
     591  4.56648281E-01  2.33447660E-01  7.62875230E-02  5.33390897E-01  2.34247944E-02  2.14633776E+00 -4.05267789E+00 -4.05267789E+00  0.00000000E+00
     601  4.58287678E-01  2.34860029E-01  7.68977368E-02  5.35298492E-01  2.33424750E-02  2.16837208E+00 -4.05537380E+00 -4.05537380E+00  0.00000000E+00
     611  4.55937812E-01  2.33032781E-01  7.60833208E-02  5.32981408E-01  2.36442703E-02  2.15788949E+00 -4.05406014E+00 -4.05406014E+00  0.00000000E+00
     621  4.55489028E-01  2.32856277E-01  7.64878458E-02  5.29786301E-01  2.38628479E-02  2.22588283E+00 -4.05358895E+00 -4.05358895E+00  0.00000000E+00
     631  4.56573169E-01  2.33945579E-01  7.72556386E-02  5.29478744E-01  2.39573155E-02  2.23102896E+00 -4.05451400E+00 -4.05451400E+00  0.00000000E+00
     641  4.58477366E-01  2.35495938E-01  7.79172803E-02  5.31676781E-01  2.37767631E-02  2.22918881E+00 -4.05545348E+00 -4.05545348E+00  0.00000000E+00
     651  4.58802941E-01  2.35724343E-01  7.79181190E-02  5.32578875E-01  2.37107395E-02  2.21717720E+00 -4.05698426E+00 -4.05698426E+00  0.00000000E+00
     661  4.57451815E-01  2.34345029E-01  7.70219878E-02  5.32499611E-01  2.35778815E-02  2.22630609E+00 -4.05486110E+00 -4.05486110E+00  0.00000000E+00
     671  4.56499551E-01  2.33203244E-01  7.61890614E-02  5.33015793E-01  2.33227070E-02  2.22201382E+00 -4.05320144E+00 -4.05320144E+00  0.00000000E+00
     681  4.56568872E-01  2.33481063E-01  7.65543413E-02  5.31892883E-01  2.35243600E-02  2.22135541E+00 -4.05256760E+00 -4.05256760E+00  0.00000000E+00
     691  4.56999832E-01  2.33705606E-01  7.65722051E-02  5.32682936E-01  2.33653412E-02  2.22852777E+00 -4.05081595E+00 -4.05081595E+00  0.00000000E+00
     701  4.56300717E-01  2.33166472E-01  7.62893917E-02  5.32253340E-01  2.34587471E-02  2.23064131E+00 -4.04937988E+00 -4.04937988E+00  0.00000000E+00
     711  4.55766425E-01  2.32917057E-01  7.63686183E-02  5.30764251E-01  2.36823679E-02  2.23388622E+00 -4.04918030E+00 -4.04918030E+00  0.00000000E+00
     721  4.53942190E-01  2.31202193E-01  7.54388769E-02  5.29575359E-01  2.36303469E-02  2.21898722E+00 -4.04946522E+00 -4.04946522E+00  0.00000000E+00
     731  4.53670274E-01  2.30770560E-01  7.50688161E-02  5.30130230E-01  2.34565991E-02  2.22021095E+00 -4.04831433E+00 -4.04831433E+00  0.00000000E+00
     741  4.53475982E-01  2.30664910E-01  7.51157273E-02  5.29405816E-01  2.35229652E-02  2.23020615E+00 -4.04607591E+00 -4.04607591E+00  0.00000000E+00
     751  4.52580022E-01  2.29864145E-01  7.47627927E-02  5.28347877E-01  2.35333276E-02  2.21869699E+00 -4.04638107E+00 -4.04638107E+00  0.00000000E+00
     761  4.54029143E-01  2.31386083E-01  7.58703221E-02  5.27636638E-01  2.37289901E-02  2.23455540E+00 -4.04776938E+00 -4.04776938E+00  0.00000000E+00
     771  4.54461730E-01  2.31738812E-01  7.59191504E-02  5.28770434E-01  2.36911345E-02  2.22627350E+00 -4.04804713E+00 -4.04804713E+00  0.00000000E+00
     781  4.53626441E-01  2.31001950E-01  7.55631474E-02  5.27983160E-01  2.37114890E-02  2.25321717E+00 -4.04716502E+00 -4.04716502E+00  0.00000000E+00
     791  4.53448789E-01  2.31041256E-01  7.57746911E-02  5.26822761E-01  2.38999118E-02  2.25971834E+00 -4.04687574E+00 -4.04687574E+00  0.00000000E+00
