   #Iter           <M>_x           <M>_y           <M>_z             <M>        M_{stdv}
       0 -5.22109101E-01 -3.10993764E-01 -4.59908836E-01  9.75968721E-01  5.69192717E-02
      50 -3.76533687E-01 -3.68511284E-01 -5.04133917E-01  9.37164838E-01  1.15424607E-01
     100 -2.46730907E-01 -3.30048626E-01 -5.36626283E-01  9.00354807E-01  5.43323531E-02
     150 -2.35786064E-01 -4.06159233E-01 -3.75432391E-01  8.76470513E-01  7.80459640E-02
     200 -1.04593807E-01 -2.03045149E-01 -2.72958367E-01  6.83325762E-01  8.32565599E-02
     250 -1.06408476E-01 -2.36783032E-01 -3.42880011E-01  7.17891565E-01  5.37002330E-02
     300 -1.33863716E-01 -2.02313435E-01 -3.62436325E-01  7.80042880E-01  4.27797964E-02
     350 -1.74387739E-01 -2.93693806E-01 -4.86343095E-01  8.30636829E-01  4.58864218E-02
     400 -1.46118672E-01 -2.59087896E-01 -5.57520733E-01  8.24360299E-01  7.72650765E-02
     450 -1.68471925E-01 -2.17059965E-01 -5.28971121E-01  8.01371026E-01  2.73178327E-02
     500 -7.70628672E-02 -1.35544275E-01 -6.45737195E-01  8.74029595E-01  7.64911042E-02
     550 -2.15300230E-01 -1.49182462E-01 -6.78720447E-01  9.44757596E-01  1.05435897E-01
     600 -2.58304097E-01 -2.06427134E-01 -6.29810929E-01  9.16520092E-01  6.90446619E-02
     650 -1.93204476E-01 -2.95326591E-01 -6.01691235E-01  9.21698652E-01  5.10007615E-02
     700 -2.17933091E-03 -5.04943245E-01 -6.14790227E-01  9.96332042E-01  1.44389270E-01
     750 -4.11974647E-02 -3.95725739E-01 -5.36136801E-01  8.85470261E-01  3.63969632E-02
     800 -4.04790647E-02 -3.75802436E-01 -5.38825014E-01  8.81221687E-01  7.37866372E-02
     850 -1.82254116E-02 -3.69793830E-01 -6.06935753E-01  9.03161702E-01  7.45772364E-02
     900  4.24220003E-02 -2.89046640E-01 -5.53731060E-01  8.65609132E-01  8.56726477E-02
     950 -3.37367331E-02 -2.55693403E-01 -5.47701982E-01  8.42842228E-01  6.38189353E-02
    1000 -1.23776194E-01 -2.26161624E-01 -5.19911668E-01  8.09692130E-01  8.77933644E-02
    1050 -8.35935157E-02 -1.81284642E-01 -4.19740056E-01  7.27521046E-01  9.39562782E-02
    1100 -1.21933166E-01 -1.09342896E-01 -4.77938581E-01  8.18339935E-01  6.49011351E-02
    1150 -1.70803991E-02  5.17157523E-02 -5.24542628E-01  7.91742474E-01  1.33843802E-01
    1200  5.42256739E-02  1.02774011E-01 -6.08511898E-01  8.85546235E-01  1.19260232E-01
    1250  1.43722499E-01 -1.20048564E-01 -6.31920652E-01  8.57776082E-01  6.68647742E-02
    1300  1.59617880E-01 -1.36252605E-01 -5.55182820E-01  8.21731506E-01  1.65339417E-01
    1350  1.55710191E-01 -9.21226456E-02 -6.21510188E-01  8.94996762E-01  7.24816935E-02
    1400  6.61879296E-02 -4.86539532E-02 -7.04632925E-01  9.37684960E-01  9.53132075E-02
    1450  4.83741869E-02 -3.80267887E-02 -7.17208870E-01  8.61755686E-01  8.80812197E-02
    1500 -1.89859911E-02 -7.47942732E-02 -8.23233610E-01  9.35845542E-01  9.75337328E-02
    1550 -7.23748782E-02 -6.52765935E-02 -8.17031282E-01  9.32787869E-01  6.22234502E-02
    1600 -2.46051226E-01 -8.16964678E-03 -7.11679356E-01  8.40174024E-01  9.00680051E-02
    1650 -3.04588113E-01 -2.74877298E-02 -8.09916786E-01  9.29316136E-01  1.61666752E-01
    1700 -2.74864838E-01 -7.15407828E-02 -7.55593630E-01  8.94133356E-01  1.99115554E-01
    1750 -3.19833145E-01 -1.02846425E-01 -6.22312644E-01  8.19635539E-01  1.40486806E-01
    1800 -1.58925164E-01  2.06784885E-02 -6.47020090E-01  8.37712499E-01  1.12064540E-01
    1850 -2.38878778E-01 -1.83756458E-03 -6.50843566E-01  8.30639094E-01  1.10680320E-01
    1900 -2.99808053E-01  3.70576668E-02 -6.49099988E-01  8.66025049E-01  9.54958729E-02
    1950 -2.32128408E-01 -6.21786508E-02 -5.75625462E-01  8.44775364E-01  8.93074646E-02
    2000 -3.94192479E-01 -6.38058273E-02 -5.81804333E-01  9.51169095E-01  1.00543609E-01
    2050 -4.38651345E-01  4.85889195E-02 -4.40564005E-01  8.40564478E-01  6.38032461E-02
    2100 -4.37383168E-01  3.64306307E-02 -4.04580205E-01  8.70967578E-01  4.96919896E-02
    2150 -4.53226927E-01 -2.13429668E-02 -3.47881120E-01  9.38601201E-01  4.34234452E-02
    2200 -4.31449056E-01  4.83880998E-02 -3.45095864E-01  8.90861967E-01  7.17990559E-02
    2250 -5.41394734E-01 -5.56626429E-02 -2.93043337E-01  8.68999055E-01  1.21832074E-01
    2300 -4.48930817E-01 -9.47037579E-02 -2.55770229E-01  8.55056469E-01  8.06703885E-02
    2350 -3.43506477E-01 -2.50663836E-02 -2.44068411E-01  8.96234308E-01  4.14769289E-02
    2400 -4.23180573E-01  1.98924205E-02 -3.26939121E-01  9.14405760E-01  4.64119188E-02
    2450 -3.65682366E-01  6.95330411E-03 -3.37852703E-01  8.62690503E-01  3.48100863E-02
    2500 -2.56302589E-01  3.33884337E-02 -4.01355355E-01  8.99768681E-01  1.10201986E-01
    2550 -2.05337348E-01  4.11751106E-02 -2.64332932E-01  8.11317011E-01  8.86062203E-02
    2600 -1.15872695E-01  4.59656762E-02 -3.75377041E-01  8.85170542E-01  1.17420573E-01
    2650 -1.25824149E-02 -9.25457383E-02 -2.11592694E-01  8.90996078E-01  1.19601372E-01
    2700  4.20252588E-02 -9.19379029E-02 -2.40447955E-01  9.32544535E-01  7.29403587E-02
    2750  6.67428145E-03 -1.46755062E-01 -1.27910500E-01  8.65064299E-01  6.58156372E-02
    2800 -7.97038481E-02 -1.26868973E-01 -2.32537698E-01  9.25006034E-01  7.15891730E-02
    2850 -1.13248642E-01 -2.00906786E-01 -3.86548132E-01  9.77957365E-01  2.88759580E-02
    2900 -2.94471217E-01 -1.44141808E-01 -5.45316549E-01  9.74430883E-01  1.77676013E-01
    2950 -2.52824499E-01 -9.22466090E-02 -4.91148693E-01  9.00534104E-01  1.76072763E-01
    3000 -2.71576061E-01 -6.38436042E-02 -5.02933296E-01  9.29963401E-01  1.33496888E-01
    3050 -2.75249372E-01 -1.02757932E-01 -4.83177899E-01  8.82895074E-01  6.90718087E-02
    3100 -2.52512901E-01 -2.57396125E-01 -4.33524822E-01  8.11831134E-01  6.43929599E-02
    3150 -2.71643679E-01 -2.58450486E-01 -4.89032236E-01  8.82568330E-01  6.27144765E-02
    3200 -1.81075443E-01 -4.81405318E-01 -4.97575400E-01  9.69102626E-01  3.40465599E-02
    3250 -2.37628466E-01 -4.58001590E-01 -4.55559506E-01  8.86978145E-01  1.10984983E-01
    3300 -3.26327376E-01 -4.46857580E-01 -4.43291080E-01  9.35265601E-01  5.37192496E-02
    3350 -1.90051777E-01 -5.52712390E-01 -4.55445827E-01  9.16024091E-01  5.26233688E-02
    3400 -2.14954548E-01 -5.46619515E-01 -4.74896835E-01  8.72056532E-01  7.40735525E-02
    3450 -2.78258039E-01 -5.53973891E-01 -3.50710589E-01  8.73225620E-01  4.70888679E-02
    3500 -1.35708302E-01 -6.25937734E-01 -3.85998149E-01  8.98340569E-01  4.90296277E-02
    3550 -7.17658108E-02 -5.25005174E-01 -3.69565556E-01  8.05706507E-01  7.34839185E-02
    3600  4.76990158E-02 -4.69516176E-01 -3.24827704E-01  8.12054407E-01  2.41706600E-02
    3650 -3.78497158E-02 -4.18486678E-01 -3.26411716E-01  7.85981535E-01  1.34672735E-01
    3700  6.38551984E-02 -2.61054336E-01 -1.63083906E-01  7.33656681E-01  1.19212096E-01
    3750  1.50254632E-01 -2.16957764E-01 -1.92552604E-01  7.71266421E-01  1.27874726E-01
    3800  1.87928122E-01 -1.62537117E-01 -2.44819423E-01  8.74092715E-01  1.23449384E-01
    3850  2.11438979E-01 -2.84199892E-01 -2.18010898E-01  9.09394888E-01  7.79635576E-02
    3900  2.14206164E-01 -1.88571245E-01 -4.99384548E-02  9.42564585E-01  7.08053265E-02
    3950  2.58745302E-01 -1.63356673E-01 -2.67986308E-02  8.90704078E-01  1.15163369E-01
    4000  2.14040872E-01 -1.39703495E-01 -2.29524548E-03  8.45750149E-01  1.15420442E-01
    4050  1.48800921E-01 -6.31605894E-02  1.87877210E-02  8.54899564E-01  1.02645981E-01
    4100  2.28284169E-01  2.93473984E-02  1.56456192E-01  7.93506973E-01  8.98846013E-02
    4150  2.30739753E-01 -3.76706355E-04 -1.05460411E-02  7.61888434E-01  1.08314285E-01
    4200  3.43667766E-01  3.16653891E-02  4.25301945E-02  8.34501286E-01  9.07584817E-02
    4250  2.79875674E-01  1.46032027E-01 -2.26978762E-02  8.34432659E-01  1.34819678E-01
    4300  3.90857515E-01 -2.73721917E-02  8.24161927E-02  8.70494408E-01  1.17230091E-01
    4350  3.68385058E-01 -6.07790553E-02 -4.80734436E-02  9.17406658E-01  8.18638766E-02
    4400  3.90568659E-01 -1.08470766E-01  1.52266974E-01  8.81589332E-01  1.19847865E-01
    4450  2.51412080E-01  3.83795116E-02  9.74152310E-02  8.34434931E-01  7.91772932E-02
    4500  2.11813889E-01  1.17142977E-01  2.05171131E-01  8.97627093E-01  6.52705179E-02
    4550  2.55582917E-01  1.77694845E-01  1.24830941E-01  8.93107841E-01  1.02258078E-01
    4600  1.78134909E-01  1.14116967E-01  5.48167587E-02  8.58874746E-01  1.07206012E-01
    4650  1.22858343E-01  1.52647825E-01  1.71790593E-01  8.94184367E-01  6.08774329E-02
    4700  2.21123403E-01  4.39391869E-02  3.01184823E-02  8.79764727E-01  1.44450849E-01
    4750  2.49489695E-01  7.85179970E-02 -2.67714737E-02  8.60567376E-01  1.03288276E-01
    4800  3.20137990E-01  1.00713370E-01  1.52789597E-01  8.07858750E-01  1.62243506E-01
    4850  1.27040116E-01  2.36996836E-02  2.32591493E-01  7.60557171E-01  1.34464586E-01
    4900  5.40450783E-02  1.22095902E-01  2.28424064E-01  8.48805716E-01  3.85479662E-02
    4950  6.90990177E-02  1.05351643E-02  1.24682179E-01  8.16056914E-01  4.48296628E-02
    5000 -9.18889450E-02 -2.05487458E-02  1.93485979E-02  8.47540252E-01  1.61109534E-01
    5050 -8.01994946E-02 -1.27243098E-01  7.74282819E-02  8.53974902E-01  1.78246572E-01
    5100 -7.55764615E-02 -8.41712234E-02  2.80479020E-01  9.23208636E-01  7.54842799E-02
    5150 -1.45953076E-01 -1.42447665E-01  1.46680646E-01  9.97524721E-01  1.22462268E-02
    5200 -2.18723355E-01 -7.22415599E-02  4.37676778E-02  8.93985709E-01  9.03317791E-02
    5250 -2.66534734E-01 -1.25583386E-01  8.61153451E-02  8.29271626E-01  1.02898239E-01
    5300 -2.36557113E-01 -1.64341584E-01 -2.06862142E-02  8.17822247E-01  1.61006898E-01
    5350 -2.96070291E-01 -1.60495876E-01  8.48071545E-02  8.19956797E-01  1.79188103E-01
    5400 -2.29857254E-01 -3.03336447E-01  8.07729440E-02  7.99437542E-01  1.81006282E-01
    5450 -3.61477142E-01 -1.86723510E-01  1.54664117E-01  8.31688214E-01  1.63547840E-01
    5500 -4.94919527E-01 -2.65977020E-01  8.54028779E-02  9.19847523E-01  1.40468357E-01
    5550 -4.59853473E-01 -2.82224929E-01  1.86636335E-01  8.88450783E-01  7.58083967E-02
    5600 -5.06672065E-01 -2.11457040E-01  2.33308483E-01  8.93223190E-01  4.10079184E-02
    5650 -4.16233296E-01 -1.72240934E-01  2.13070872E-01  8.11566841E-01  2.41682011E-02
    5700 -4.04207876E-01 -5.01163832E-02  2.78658112E-01  8.43565930E-01  8.68659899E-02
    5750 -3.63218753E-01 -9.08489725E-02  1.76604120E-01  7.73115030E-01  8.88055308E-02
    5800 -4.52902883E-01 -1.15808036E-01  1.25927294E-01  8.23259733E-01  9.77496784E-02
    5850 -3.95377928E-01 -2.10379893E-01  1.23416953E-01  8.65198662E-01  9.49920827E-02
    5900 -2.20064773E-01 -2.23426785E-01  2.19301448E-01  7.90812035E-01  1.22743012E-01
    5950 -2.96394461E-01 -2.86066779E-01  1.34393971E-01  7.88775836E-01  4.71329753E-02
    6000 -3.25377351E-01 -3.37763974E-01  1.94869306E-01  9.09336224E-01  4.68404854E-02
    6050 -3.16413622E-01 -2.90879814E-01  1.21944740E-01  8.80240689E-01  1.00330936E-01
    6100 -3.28769070E-01 -3.06319749E-01  1.08083270E-01  8.72084944E-01  5.85702025E-02
    6150 -3.47225370E-01 -2.94136296E-01  1.45959071E-02  8.34704568E-01  1.26839659E-01
    6200 -3.11153428E-01 -3.64839508E-01  1.37680327E-01  8.71794025E-01  7.14842082E-02
    6250 -2.90980256E-01 -3.42871033E-01  2.28848244E-01  8.64935328E-01  8.64509861E-02
    6300 -1.50004802E-01 -4.05439580E-01  2.69031275E-01  8.88957272E-01  7.30357097E-02
    6350 -1.82755535E-01 -3.81997443E-01  3.99942445E-01  9.07666268E-01  6.61207397E-02
    6400 -7.91335506E-02 -4.69415914E-01  4.66965054E-01  9.48232822E-01  1.18242302E-01
    6450 -1.63670199E-01 -4.96143696E-01  3.77616139E-01  9.15614988E-01  3.99770357E-02
    6500 -2.73362860E-01 -4.04366009E-01  2.95230810E-01  8.78700573E-01  6.13529346E-02
    6550 -3.50439190E-01 -2.30145720E-01  2.98666890E-01  9.05901530E-01  2.73669866E-02
    6600 -3.90293115E-01 -1.41765592E-01  2.99995084E-01  8.71980929E-01  7.02895287E-02
    6650 -3.54174757E-01 -3.01892659E-01  3.21098214E-01  8.96395649E-01  3.18008579E-02
    6700 -3.35910833E-01 -2.54247902E-01  5.01229555E-01  9.34360791E-01  1.49094231E-01
    6750 -3.46993649E-01 -3.62922538E-01  4.18863439E-01  9.27102303E-01  5.18775195E-02
    6800 -4.15000128E-01 -4.34356995E-01  4.06423598E-01  9.42413446E-01  8.40470972E-02
    6850 -4.14027956E-01 -4.53087258E-01  3.31308835E-01  9.19428155E-01  5.41308860E-02
    6900 -3.01032970E-01 -5.45286345E-01  3.29825488E-01  9.58600115E-01  1.23007733E-01
    6950 -3.05064938E-01 -4.18640721E-01  3.49431519E-01  8.61257805E-01  1.13551933E-01
    7000 -2.03820648E-01 -3.34232200E-01  3.33397381E-01  8.15622386E-01  5.07373556E-02
    7050 -3.17964074E-01 -2.64378460E-01  3.87512081E-01  8.60758045E-01  3.98950268E-02
    7100 -3.03538287E-01 -2.08523067E-01  3.03101374E-01  8.01559479E-01  9.67309041E-02
    7150 -3.42222697E-01 -1.53866183E-01  1.72010084E-01  6.88690503E-01  9.91588920E-02
    7200 -3.75541440E-01 -1.51263836E-01  3.34064941E-01  8.15715190E-01  9.61773003E-02
    7250 -2.90368974E-01 -1.29006689E-01  4.51573857E-01  8.62398301E-01  3.88116841E-02
    7300 -3.85492369E-01 -2.41441478E-01  3.92344881E-01  8.42399009E-01  7.01743524E-02
    7350 -4.94998845E-01 -1.10900072E-01  4.12500472E-01  8.60193084E-01  1.07439608E-01
    7400 -4.54644828E-01 -1.49333823E-01  4.62526743E-01  8.86234707E-01  5.52114379E-02
    7450 -4.44607636E-01 -2.05617802E-01  5.96518580E-01  9.98545667E-01  3.36401132E-02
    7500 -4.33111861E-01 -8.69449094E-02  5.80948555E-01  9.01469433E-01  5.98669026E-02
    7550 -5.19436131E-01 -5.28016373E-02  5.39279967E-01  9.02253503E-01  6.55512428E-02
    7600 -4.93259296E-01 -4.31185972E-02  6.34469499E-01  9.12683673E-01  8.88032424E-02
    7650 -3.88994803E-01 -2.32993357E-01  7.85824995E-01  9.75147500E-01  1.26621844E-01
    7700 -1.22658724E-01 -1.39753268E-01  8.70778456E-01  9.26708782E-01  1.16774517E-01
    7750 -1.96627367E-01 -2.31278910E-01  9.08862093E-01  9.85440128E-01  2.38526053E-02
    7800 -2.08069638E-01 -3.29373498E-01  8.31987884E-01  9.51158994E-01  1.13063964E-01
    7850 -1.56449202E-01 -2.98915386E-01  8.08169378E-01  9.21096672E-01  2.79377286E-02
    7900 -9.43953405E-02 -3.72330623E-01  8.97620128E-01  1.03339794E+00  6.71960777E-02
    7950 -2.07202746E-01 -2.80610826E-01  8.40126011E-01  9.45091558E-01  9.89420157E-02
    8000 -1.98531741E-01 -2.79790938E-01  7.88145800E-01  8.83853717E-01  1.20867370E-01
    8050 -7.72844914E-02 -2.28928278E-01  8.05382718E-01  8.94540547E-01  4.03325052E-02
    8100 -4.63551844E-03 -1.38107768E-01  6.83715431E-01  8.18580481E-01  9.36199480E-02
    8150 -5.41700546E-02 -2.15426397E-01  6.71576255E-01  9.00572328E-01  4.24389238E-02
    8200 -1.97278744E-02 -1.80209670E-01  5.87838551E-01  8.48065801E-01  5.16120812E-02
    8250  7.26711311E-02 -2.18204997E-01  5.24734621E-01  8.62626698E-01  5.29799888E-02
    8300  6.15787481E-02 -2.52536652E-01  6.03888875E-01  8.69313025E-01  6.82352702E-02
    8350  6.88604764E-02 -2.19705410E-01  5.03861460E-01  7.57679202E-01  1.21374397E-01
    8400  5.38027458E-02 -2.11322684E-01  5.49646805E-01  7.60890957E-01  7.52761789E-02
    8450 -1.50283408E-02 -2.97153390E-01  4.84667087E-01  7.84678828E-01  1.60238438E-01
    8500  4.56087603E-02 -3.12692088E-01  5.05649596E-01  7.94637627E-01  1.49281929E-01
    8550  8.98185068E-02 -2.89376330E-01  4.96245719E-01  8.00594124E-01  1.48527453E-01
    8600  1.41251471E-03 -3.24001089E-01  4.64645899E-01  8.53267519E-01  1.43166953E-01
    8650  5.71344250E-02 -2.02764159E-01  3.60465061E-01  7.23742392E-01  1.53981024E-01
    8700  1.29282373E-01 -1.58400373E-01  3.39354699E-01  7.40148556E-01  8.37356884E-02
    8750  1.24167876E-01 -5.72699057E-02  2.08121595E-01  7.76840893E-01  1.26894041E-01
    8800  5.90598932E-02 -7.17907756E-02  2.11115030E-01  8.83660328E-01  1.42321412E-01
    8850  6.85339314E-03 -1.14113351E-01  2.23536060E-01  8.34592404E-01  7.86224019E-02
    8900 -2.46002947E-02  1.58587105E-02  1.88539321E-01  8.19442928E-01  4.01275672E-02
    8950  1.35543908E-01  4.93603985E-02  2.42966134E-01  8.90408259E-01  1.11013017E-01
    9000  3.50176189E-03  4.48635138E-02  8.59485201E-02  7.92531468E-01  1.16047993E-01
    9050 -4.72330458E-02  8.09476185E-02  9.12443565E-02  8.43714935E-01  1.60616507E-01
    9100 -3.00263662E-02  1.46064738E-01  1.19455655E-01  8.51586576E-01  7.06812650E-02
    9150  4.65323139E-02  1.66603507E-01  1.25785389E-01  8.30335569E-01  9.44761024E-02
    9200 -8.62890035E-02  5.94156040E-02  2.07130060E-01  8.37188519E-01  1.30231151E-01
    9250 -1.25829325E-01  1.26264694E-01  1.85080029E-01  8.66443924E-01  9.62360727E-02
    9300 -9.38814038E-02  3.21210612E-01  1.61941854E-01  9.11525196E-01  8.40374649E-02
    9350 -1.94657764E-01  3.81442899E-01  1.34574275E-01  8.58646814E-01  9.81453221E-02
    9400 -2.64067987E-01  2.27473727E-01  1.61471909E-01  8.76537527E-01  5.13602123E-02
    9450 -2.81494309E-01  2.29928046E-01  9.18532959E-02  8.93874231E-01  8.95368441E-02
    9500 -1.24158748E-01  1.82052707E-01  6.69219398E-02  8.50742539E-01  5.98509398E-02
    9550 -1.42192675E-01  2.09668943E-01  1.14048052E-01  8.50737546E-01  6.62971356E-02
    9600 -8.03436280E-02  2.95639702E-01  2.39397288E-02  8.34544538E-01  1.33408895E-01
    9650 -7.61799984E-02  2.52440604E-01 -9.71708139E-02  8.34931855E-01  1.08704985E-01
    9700  1.29517145E-02  3.19086499E-01 -2.90626833E-01  8.59815114E-01  8.55850611E-02
    9750  1.35527161E-02  3.66994702E-01 -2.45275244E-01  7.88474814E-01  5.56159022E-02
    9800  2.92259872E-02  4.40646164E-01 -3.02937669E-01  9.13692284E-01  9.14269195E-02
    9850  3.07328696E-02  5.25090920E-01 -3.00823004E-01  9.31102894E-01  5.27558189E-02
    9900  6.62860515E-02  4.45058214E-01 -4.15784218E-01  9.16259238E-01  8.35636159E-02
    9950 -1.58093686E-02  4.00879291E-01 -3.29624342E-01  9.02241109E-01  1.04491739E-01
   10000 -3.00061283E-02  3.62111974E-01 -3.86009881E-01  8.94507490E-01  1.33971713E-01
   10050  5.15369526E-02  2.51230160E-01 -3.87874726E-01  8.23607139E-01  9.28116118E-02
   10100  1.44829017E-01  3.68296797E-01 -3.83564486E-01  8.07058748E-01  8.59284241E-02
   10150  1.91349478E-01  4.53297005E-01 -1.96316933E-01  7.12061164E-01  7.77026239E-02
   10200  1.28309914E-01  4.32784425E-01 -3.36107133E-01  7.40344045E-01  9.12553905E-02
   10250 -5.43452512E-02  6.00484198E-01 -3.49552596E-01  8.33130138E-01  7.45352862E-02
   10300 -2.86707943E-01  4.86094226E-01 -3.16124683E-01  7.96618475E-01  1.19154349E-01
   10350 -3.07402294E-01  4.89671900E-01 -3.53035503E-01  8.58912172E-01  5.75776817E-02
   10400 -2.99275276E-01  4.67757817E-01 -3.46411432E-01  9.22311435E-01  1.00927279E-01
   10450 -3.48395640E-01  4.77578661E-01 -4.59819728E-01  9.25138280E-01  1.03877579E-01
   10500 -8.06102262E-02  4.37547197E-01 -3.64019256E-01  8.20756691E-01  7.54969905E-02
   10550 -2.32831735E-02  4.65604662E-01 -3.25070992E-01  7.98218862E-01  4.35118201E-02
   10600  1.07632588E-01  4.59930944E-01 -3.75707338E-01  8.36585938E-01  1.50074610E-01
   10650  8.19936762E-02  4.13804768E-01 -4.22241715E-01  8.80691740E-01  1.50767200E-01
   10700  2.58104180E-02  3.56544030E-01 -4.36390091E-01  8.61720065E-01  8.80666238E-02
   10750  4.23796898E-02  4.51483947E-01 -4.01117666E-01  9.40193729E-01  5.51121374E-02
   10800  4.23501943E-02  4.08371516E-01 -4.06520894E-01  8.97391405E-01  8.01740185E-02
   10850  1.46115740E-01  4.08022324E-01 -4.48987374E-01  9.03564692E-01  6.56885884E-02
   10900  1.26860998E-01  3.57427589E-01 -4.38459566E-01  9.00567522E-01  8.21515263E-02
   10950  1.35674999E-01  4.34347201E-01 -4.26667124E-01  9.81717716E-01  5.69663866E-02
   11000  2.57153307E-01  4.52679880E-01 -3.55890827E-01  8.72750385E-01  7.30446078E-02
   11050  2.05093905E-01  4.25570387E-01 -4.02045011E-01  8.44482185E-01  4.31157743E-02
   11100  2.02185160E-01  5.12751346E-01 -4.03004359E-01  9.26189252E-01  1.03992584E-01
   11150  1.10146219E-01  6.46294350E-01 -2.62752322E-01  9.25872082E-01  4.01133950E-02
   11200  1.40759552E-01  6.44399452E-01 -2.87766649E-01  8.77950420E-01  1.32643980E-01
   11250  1.64716325E-01  6.42336043E-01 -2.45016838E-01  8.96838420E-01  9.66304003E-02
   11300  1.64202514E-01  6.35585211E-01 -2.38375134E-01  8.99923591E-01  3.91845237E-02
   11350  1.33510943E-01  5.97171293E-01 -2.54993806E-01  8.93745143E-01  7.43371983E-02
   11400  3.93006798E-02  6.02831444E-01 -3.06464235E-01  9.10211429E-01  1.03464052E-01
   11450 -2.11848689E-02  5.30805407E-01 -2.68683814E-01  8.98277740E-01  1.03644534E-01
   11500  1.41584871E-02  5.17524405E-01 -2.45454286E-01  8.62671177E-01  1.38159104E-01
   11550 -6.08565497E-03  5.95533141E-01 -2.92308693E-01  9.19778030E-01  8.85650691E-02
   11600 -5.48229431E-02  5.48418322E-01 -4.96231470E-01  9.59591789E-01  9.42198482E-02
   11650 -1.21551639E-01  5.98309601E-01 -4.26565229E-01  9.47776111E-01  4.62607996E-02
   11700  3.73370822E-02  5.43742155E-01 -4.57418073E-01  9.04131674E-01  2.75637407E-02
   11750  2.38290175E-01  5.55434187E-01 -4.60274477E-01  9.43276947E-01  6.89872806E-02
   11800  3.82591080E-01  4.18501451E-01 -4.76877826E-01  8.85807633E-01  1.37642509E-01
   11850  2.68132368E-01  3.98827702E-01 -4.53801236E-01  8.28736183E-01  7.38522866E-02
   11900  2.19017650E-01  4.04963110E-01 -5.58139777E-01  9.03960133E-01  5.15630354E-02
   11950  1.91529370E-01  3.44261784E-01 -4.97933602E-01  8.60187331E-01  6.62768510E-02
   12000  2.29508095E-01  3.11603243E-01 -4.26970075E-01  8.60229039E-01  1.25157679E-01
   12050  3.93700232E-01  3.42752667E-01 -5.01590298E-01  9.14475522E-01  8.49674896E-02
   12100  4.19700673E-01  3.35450446E-01 -5.78591325E-01  9.52738279E-01  5.67327164E-02
   12150  4.15282459E-01  3.22231813E-01 -6.15446455E-01  9.32872966E-01  9.82056634E-02
   12200  3.68939183E-01  2.80895289E-01 -5.89635304E-01  9.27304262E-01  5.22798000E-02
   12250  5.34404466E-01  1.14365652E-01 -4.82662479E-01  8.74787230E-01  5.32914436E-02
   12300  5.60597818E-01  2.94211596E-03 -3.88344588E-01  8.53303354E-01  6.90754916E-02
   12350  5.63762680E-01  9.55167782E-02 -5.19514104E-01  9.45587704E-01  9.60717934E-02
   12400  5.83424861E-01  1.41489023E-01 -5.19045611E-01  9.33508424E-01  8.54066089E-02
   12450  5.65858094E-01  1.10618661E-03 -4.15237262E-01  8.45688589E-01  8.45364396E-02
   12500  3.80585358E-01  2.03204108E-02 -4.14263609E-01  7.87154533E-01  7.78078791E-02
   12550  5.37447180E-01 -2.69022166E-02 -3.44232729E-01  8.88069106E-01  4.45497817E-02
   12600  5.35445485E-01 -1.38513810E-02 -3.49307677E-01  9.25563358E-01  4.93275227E-02
   12650  5.29761820E-01 -1.35748894E-01 -2.60986988E-01  9.27324192E-01  6.06579771E-02
   12700  4.73333326E-01 -4.56053403E-02 -1.95850370E-01  8.49094495E-01  7.88692857E-02
   12750  4.57734524E-01 -5.85652592E-02 -6.31509011E-02  7.77563461E-01  1.24231602E-01
   12800  4.81322679E-01 -1.35994650E-01  1.58653447E-01  8.22370661E-01  2.13915927E-01
   12850  5.56695355E-01 -1.53482205E-01  1.66988819E-01  9.13105034E-01  1.94853837E-01
   12900  4.32320193E-01 -1.68963662E-01  2.13815883E-01  8.39495501E-01  1.27193341E-01
   12950  4.79184709E-01 -2.76190365E-01  2.33726431E-01  9.12995257E-01  1.18702651E-01
   13000  4.25330782E-01 -2.59224427E-01  1.86310721E-01  8.88318960E-01  4.22816899E-02
   13050  3.67810762E-01 -2.29699214E-01  2.45564624E-01  8.43816548E-01  8.57795675E-02
   13100  3.49053466E-01 -1.81148148E-01  3.51071312E-01  8.76358558E-01  1.28933091E-01
   13150  3.10915875E-01 -2.62796558E-01  3.59226060E-01  8.61600971E-01  9.97017562E-02
   13200  3.03676643E-01 -3.00321308E-01  3.80460204E-01  8.97619926E-01  1.13265461E-01
   13250  4.29652701E-01 -2.38079023E-01  2.91778224E-01  8.91650257E-01  1.30920458E-01
   13300  4.09442055E-01 -1.85557429E-01  2.98299471E-01  8.83142715E-01  8.17339230E-02
   13350  3.83867382E-01 -2.69579958E-01  2.97911343E-01  8.65044586E-01  8.35383056E-02
   13400  3.65569510E-01 -4.52600622E-01  3.19668712E-01  8.93825171E-01  1.43789655E-01
   13450  2.35264392E-01 -4.54129131E-01  2.80486540E-01  8.23575697E-01  1.52480137E-01
   13500  2.45359105E-01 -2.62250161E-01  2.84439522E-01  7.95944453E-01  6.35445776E-02
   13550  1.61951042E-01 -1.86671444E-01  2.65089033E-01  7.81722076E-01  7.24390331E-02
   13600  2.59553927E-01 -1.22128375E-01  3.94971433E-01  8.75040553E-01  7.46574714E-02
   13650  3.38764300E-01 -1.70412062E-01  3.34827974E-01  9.35091235E-01  7.58121539E-02
   13700  2.66569077E-01 -8.99988797E-02  4.20151977E-01  9.03776707E-01  4.58814433E-02
   13750  1.83470724E-01 -1.24686875E-01  4.96961825E-01  8.88533795E-01  5.70278849E-02
   13800  1.28106448E-01 -1.33106294E-01  4.88361337E-01  8.25636634E-01  4.72648220E-02
   13850  1.72096276E-01  4.04546035E-03  4.75553999E-01  8.41221839E-01  9.16293846E-02
   13900  1.81728177E-01  2.99828498E-03  5.97025783E-01  8.56889002E-01  1.13037334E-01
   13950  2.64736305E-01  7.91977478E-02  7.86702224E-01  9.58595550E-01  8.74419775E-02
   14000  3.25343851E-01  3.67462292E-02  6.57492208E-01  8.37369718E-01  1.00285036E-01
   14050  2.91757788E-01  1.52651351E-01  6.57367753E-01  8.56247320E-01  2.15588103E-01
   14100  3.85333089E-01  2.01570443E-01  6.46591416E-01  8.89667340E-01  1.48207280E-01
   14150  4.17108468E-01  1.03651946E-01  6.32881545E-01  8.74019095E-01  2.33378094E-01
   14200  3.34224106E-01  1.88304362E-01  3.88835124E-01  7.64654796E-01  1.55137668E-01
   14250  3.73503439E-01  2.52212400E-01  3.46045633E-01  8.18924324E-01  1.78566703E-01
   14300  3.20095592E-01  2.65159278E-01  3.57834881E-01  8.70613313E-01  1.30474071E-01
   14350  3.45109726E-01  1.55016794E-01  3.94833027E-01  8.11387581E-01  1.27247691E-01
   14400  2.47552734E-01  1.19584285E-01  4.59741217E-01  8.26692407E-01  1.28195549E-01
   14450  2.30304567E-01 -1.05207030E-02  4.38716969E-01  7.32342473E-01  1.28571567E-01
   14500  1.51748166E-01 -1.21715810E-02  3.54045558E-01  7.28681980E-01  1.06164509E-01
   14550  1.80012666E-01  1.92673119E-02  3.42898634E-01  8.25713040E-01  1.49368212E-01
   14600  2.48891348E-01  8.29106543E-02  2.54564853E-01  9.06695757E-01  1.30060275E-01
   14650  1.51461809E-01  3.72539867E-02  1.56380860E-01  9.25551586E-01  6.85212357E-02
   14700  2.02882265E-01  4.32566517E-02  2.48647329E-01  9.17097477E-01  4.71168128E-02
   14750  9.43271389E-02 -3.76346623E-02  2.37765521E-01  9.21190248E-01  8.33327441E-02
   14800  1.30078235E-01  8.38789203E-02  1.50704458E-01  8.90284759E-01  1.18668221E-01
   14850  1.37758295E-01  8.44198411E-02  3.16793381E-01  8.13466202E-01  9.36676586E-02
   14900  8.27963417E-02  1.64344922E-01  3.14787726E-01  8.86519632E-01  1.05801656E-01
   14950  2.23236734E-01  1.55483031E-01  3.78646045E-01  8.96188027E-01  9.11943968E-02
   15000  2.21961905E-01 -3.45001710E-02  3.07449983E-01  7.77748856E-01  2.05214697E-01
   15050  1.80295560E-01 -1.07366505E-02  2.51804918E-01  8.29236963E-01  1.39175323E-01
   15100  2.79920331E-01 -1.23315392E-01  1.90650161E-01  7.64496710E-01  2.57320528E-01
   15150  2.97783580E-01 -2.84346156E-01  7.89062977E-02  8.01724451E-01  1.96233378E-01
   15200  5.55607453E-01 -2.90760777E-01  6.16063183E-02  9.46924074E-01  7.57305562E-02
   15250  4.08491660E-01 -3.19833231E-01  1.74804285E-01  8.85738885E-01  5.91591791E-02
   15300  4.83681920E-01 -2.12520279E-01  4.42754761E-02  8.41247313E-01  7.50662381E-02
   15350  4.89509024E-01 -1.47652791E-01  8.97951216E-02  8.88822368E-01  5.91095538E-02
   15400  4.78737885E-01 -1.10257499E-01  1.19376103E-01  8.47939088E-01  7.68568903E-02
   15450  3.59390990E-01  3.79377538E-02  2.67945057E-01  8.75320189E-01  5.99197577E-02
   15500  3.01143817E-01  1.07244415E-01  2.56939741E-01  9.31075278E-01  1.04795219E-01
   15550  2.62872384E-01 -4.99270623E-02  2.23352539E-01  8.40190571E-01  6.95529486E-02
   15600  1.82119172E-01  9.54604879E-02  2.96425890E-01  8.05974879E-01  1.81085447E-01
   15650  8.95380532E-02  7.22959332E-02  2.90932483E-01  8.08004211E-01  1.18471356E-01
   15700  1.63996907E-01  2.81880110E-04  2.28253882E-01  7.92275298E-01  6.09550383E-02
   15750  2.03126936E-01 -4.65187560E-02  3.40823300E-01  9.15797590E-01  1.03857464E-01
   15800  9.65524041E-02 -3.75720145E-02  3.04703847E-01  8.75731590E-01  1.21552361E-01
   15850  2.24246183E-01  4.17808307E-02  2.60954192E-01  8.03772743E-01  1.04291249E-01
   15900  1.86937056E-01  4.55952746E-03  3.26550516E-01  7.89048680E-01  1.67757823E-01
   15950  2.11417432E-01  3.97317542E-02  2.50510801E-01  7.41716245E-01  1.94632656E-01
   16000  1.62977418E-01 -7.41971830E-03  3.94947569E-01  7.59338737E-01  1.61014634E-01
   16050  1.03215212E-01 -1.60511956E-02  3.37016691E-01  7.84373146E-01  9.12918293E-02
   16100  2.10040357E-01  1.55269974E-02  1.74557300E-01  7.76826649E-01  9.82674766E-02
   16150  2.09167656E-01  1.86989122E-02  2.51887926E-01  8.00644542E-01  1.35875689E-01
   16200  1.87991469E-01  1.01209895E-01  2.39773209E-01  8.35404916E-01  1.43906430E-01
   16250  1.03063896E-01  7.87299146E-02  2.56390358E-01  8.06817744E-01  1.21378502E-01
   16300  1.21895772E-01  9.38406640E-02  1.69409235E-01  8.14962267E-01  1.24249753E-01
   16350  8.48817699E-02  1.38225297E-01  1.54064628E-01  7.83966961E-01  1.62899758E-01
   16400  2.47949712E-01  7.44559853E-02  1.43090231E-01  7.76144074E-01  1.99663578E-01
   16450  3.08167158E-01  6.29934117E-02  2.20701316E-01  7.55967874E-01  2.68611369E-01
   16500  3.35243705E-01  1.00147024E-01  3.67865621E-01  7.68573888E-01  2.75051814E-01
   16550  3.17917383E-01  1.10290236E-01  3.70598760E-01  8.13802913E-01  2.36537996E-01
   16600  3.87586177E-01  1.64005734E-01  2.93152690E-01  8.46121840E-01  1.80835868E-01
   16650  3.30694994E-01  1.48242739E-01  2.21349142E-01  8.25743180E-01  1.88239932E-01
   16700  3.58853403E-01  1.13973576E-01  6.32228652E-02  7.49678655E-01  1.19869816E-01
   16750  4.07509221E-01  9.42753331E-02 -7.55425305E-02  7.54415641E-01  2.02892316E-01
   16800  3.49536178E-01 -8.50864594E-03  1.35789241E-01  7.30349000E-01  1.87270097E-01
   16850  3.21412180E-01 -1.16724383E-01  1.72056538E-01  8.02326277E-01  1.86537376E-01
   16900  2.27608573E-01 -1.77766848E-01  2.94592524E-01  7.92320130E-01  1.17393418E-01
   16950  1.21347023E-01 -1.69234415E-01  3.33687950E-01  7.36414970E-01  4.81048553E-02
   17000  1.99241304E-01 -9.42318824E-02  4.33460086E-01  8.41001703E-01  1.06460278E-01
   17050  2.83264320E-01 -1.52898388E-01  5.01346209E-01  8.60931513E-01  7.27296284E-02
   17100  1.34426049E-01 -1.67618644E-01  4.42637655E-01  8.50281052E-01  1.01221402E-01
   17150  2.65984007E-01 -1.38143677E-01  3.57747629E-01  8.34436929E-01  6.31465100E-02
   17200  1.84989001E-01 -8.00117266E-02  2.25240928E-01  7.92207277E-01  1.27502873E-01
   17250  1.99678837E-01 -1.08596053E-01  1.87368615E-01  7.47048815E-01  1.47241236E-01
   17300  5.56325917E-02 -2.19857988E-01  2.52159877E-01  8.47130587E-01  1.10889659E-01
   17350 -1.14310239E-01 -1.20943825E-01  1.71356292E-01  8.02082262E-01  1.16288470E-01
   17400 -1.34093101E-01 -1.64346756E-01  2.37244511E-01  8.91200464E-01  8.71628659E-02
   17450 -2.19917644E-01 -1.78263416E-01  2.40695646E-01  9.14262524E-01  9.80364275E-02
   17500 -3.49570825E-01 -1.13767237E-01  3.06137550E-01  8.99568485E-01  7.43300750E-02
   17550 -1.58296743E-01 -4.59831611E-02  3.01101686E-01  9.35923307E-01  1.03228073E-01
   17600 -3.29527404E-01 -1.23989476E-01  2.88137883E-01  9.01189908E-01  8.80197244E-03
   17650 -2.81883708E-01 -1.28686454E-01  3.70884535E-01  8.34958416E-01  8.46104352E-02
   17700 -2.69453807E-01 -6.01842896E-02  3.59816367E-01  8.56596430E-01  8.57229174E-02
   17750 -1.54753894E-01 -1.05584060E-01  3.17099671E-01  8.02197810E-01  7.07976102E-02
   17800 -9.68855168E-02 -1.94987068E-01  4.57566671E-01  9.16338524E-01  9.95959875E-02
   17850 -1.42630292E-01 -7.93134464E-02  5.00219010E-01  9.44201364E-01  7.92872518E-02
   17900 -1.41198545E-01 -2.79542503E-01  5.61096090E-01  9.96067640E-01  1.08800925E-01
   17950 -1.32483097E-01 -2.26368683E-01  5.89810986E-01  9.77322318E-01  1.05719575E-01
   18000 -2.46482508E-01 -1.69375216E-01  4.85182380E-01  9.18528245E-01  8.36973057E-02
   18050 -1.77561231E-01 -1.48751435E-01  5.62179773E-01  9.08580397E-01  1.07070183E-01
   18100 -1.24788229E-01 -1.13056403E-01  4.10166307E-01  8.49195037E-01  5.91353763E-02
   18150 -6.35146138E-02 -1.27148326E-01  3.90466536E-01  7.57892087E-01  7.90778512E-02
   18200 -1.10748003E-01 -1.29527669E-01  3.27482001E-01  7.37002802E-01  6.80278979E-02
   18250 -2.16189964E-01 -1.90552864E-01  3.09461660E-01  8.30083329E-01  1.28401157E-01
   18300 -2.58026262E-01 -2.73560011E-01  2.25158380E-01  8.37817572E-01  8.84380427E-02
   18350 -2.71425242E-01 -3.61684958E-01  1.02738015E-01  8.81899430E-01  7.59433484E-02
   18400 -1.84807309E-01 -3.92764012E-01  5.40064602E-02  9.11029240E-01  7.50116031E-02
   18450 -2.68384417E-01 -3.52832335E-01  2.54999722E-02  9.30918461E-01  1.03158905E-01
   18500 -2.97735566E-01 -2.86672396E-01  3.85595579E-02  8.86490431E-01  7.83409831E-02
   18550 -2.39130545E-01 -2.49172846E-01  1.75498920E-02  8.50777045E-01  1.24391421E-01
   18600 -1.63973536E-01 -2.25088856E-01 -4.89244057E-02  8.01268480E-01  1.82143425E-01
   18650 -2.42297774E-01 -2.17970310E-01 -2.58696822E-02  7.74556398E-01  1.36036530E-01
   18700 -1.43809314E-01 -2.21181584E-01 -5.25013254E-02  7.35818345E-01  1.29288376E-01
   18750 -2.83248235E-01 -2.79395775E-01  5.52594186E-02  7.43275883E-01  1.50475083E-01
   18800 -2.52176420E-01 -1.38874274E-01  9.16900986E-02  7.44475790E-01  1.62364969E-01
   18850 -2.66742092E-01 -2.62028843E-01  1.92233695E-01  7.84170270E-01  1.88569978E-01
   18900 -3.21195015E-01 -1.79133810E-01  2.49473589E-01  7.39989585E-01  1.71868662E-01
   18950 -3.63355083E-01 -8.56025289E-02  3.30681555E-01  8.22202508E-01  1.86715546E-01
   19000 -2.46112583E-01 -1.12670966E-01  3.20989729E-01  8.06093695E-01  1.22264540E-01
   19050 -3.40524105E-01 -1.64437866E-01  3.53710726E-01  7.90459392E-01  1.96146475E-01
   19100 -3.05850698E-01 -9.29830269E-02  4.01857462E-01  8.75349795E-01  1.15725289E-01
   19150 -7.51091990E-02 -8.45562489E-02  4.01838123E-01  8.18959372E-01  1.14803466E-01
   19200 -4.39978680E-02  1.07138245E-02  4.43172736E-01  8.51990750E-01  8.07653902E-02
   19250 -1.13421137E-01  6.05665073E-02  5.76239409E-01  8.84306423E-01  1.19167404E-01
   19300 -4.75346116E-02  1.25034900E-02  5.75577299E-01  8.87175212E-01  1.40008900E-01
   19350 -2.10139043E-01 -1.54818921E-02  6.74226428E-01  8.95450034E-01  1.36528953E-01
   19400 -8.88807951E-02 -1.46572702E-01  6.09999094E-01  8.65091709E-01  1.07838363E-01
   19450 -7.74121785E-02 -1.05295943E-01  4.86933067E-01  8.15837704E-01  6.72006598E-02
   19500 -3.57082462E-02 -8.11582920E-02  4.00306212E-01  7.50615589E-01  8.03494193E-02
   19550 -6.41223778E-03  1.19948953E-01  4.17878335E-01  7.81374197E-01  1.12545586E-01
   19600  6.65110947E-03  1.26269944E-02  4.86536649E-01  7.96958650E-01  1.66899732E-01
   19650  7.10028028E-02  1.38046581E-01  6.49672241E-01  9.41092926E-01  1.03285732E-01
   19700  5.97640657E-02  1.76396198E-01  6.58014504E-01  9.52927278E-01  5.19778699E-02
   19750 -1.75176582E-02 -3.36767179E-02  6.63193121E-01  8.79517239E-01  8.96004589E-02
   19800 -9.15994565E-03 -5.38304854E-02  7.36514999E-01  9.38295303E-01  6.28228665E-02
   19850 -1.02888051E-01 -9.24267914E-03  6.98338844E-01  9.12864998E-01  7.29941221E-02
   19900 -8.49441769E-02 -5.67548497E-02  7.80011930E-01  9.50767504E-01  4.29591057E-02
   19950  8.09376297E-03 -1.48574688E-01  7.87569722E-01  9.53852842E-01  7.39574572E-02
   20000 -6.43148042E-02 -1.50546270E-01  7.75807823E-01  9.50315157E-01  4.51601332E-02
   20050 -3.56552837E-02 -1.21088541E-01  7.10481617E-01  9.09790485E-01  8.25259058E-02
   20100  6.99254545E-02 -5.67345107E-02  7.63322066E-01  9.66595701E-01  4.75837001E-02
   20150  9.98757040E-02 -1.38023823E-02  6.69105588E-01  9.17372686E-01  8.98752435E-02
   20200  1.33217170E-01 -4.10069874E-02  7.00688551E-01  9.36222742E-01  8.64070055E-02
   20250  8.03503005E-03 -7.50553740E-03  6.87366908E-01  8.76123922E-01  6.15025563E-02
   20300  2.30008193E-01 -7.85516239E-02  5.87935836E-01  8.57069855E-01  9.96269212E-02
   20350  2.10534658E-01 -1.49988501E-01  6.34097953E-01  8.90687813E-01  4.77733144E-02
   20400  2.24261065E-01 -1.40252705E-01  5.63499094E-01  8.36579330E-01  8.59967302E-02
   20450  9.38783694E-02 -8.96186674E-02  6.20804978E-01  8.52548185E-01  1.25198843E-01
   20500  2.09055818E-02 -1.49868534E-01  5.93697575E-01  8.18190208E-01  6.14706239E-02
   20550  5.47070668E-02 -2.61824063E-01  5.98033524E-01  8.28162454E-01  1.24645563E-01
   20600  5.66424789E-02 -2.85847148E-01  4.91681418E-01  8.51861409E-01  9.35621152E-02
   20650 -9.38537283E-02 -2.75054149E-01  5.09735063E-01  8.79994770E-01  1.01390521E-01
   20700 -8.88969071E-02 -2.64180017E-01  4.69617889E-01  8.45307993E-01  5.77689426E-02
   20750 -1.73754807E-01 -3.06552312E-01  4.39572689E-01  8.82684648E-01  3.74606989E-02
   20800 -1.60015911E-01 -3.47852538E-01  4.05711688E-01  8.99756021E-01  5.33175977E-02
   20850 -2.62714469E-01 -2.60405727E-01  3.86444077E-01  9.16076971E-01  6.45236716E-02
   20900 -2.41778018E-01 -2.20193744E-01  4.49598046E-01  9.02687451E-01  6.23372810E-02
   20950 -2.87601805E-01 -1.11894640E-01  5.23039039E-01  9.04754140E-01  4.70701633E-02
   21000 -2.85045291E-01 -1.14065362E-01  5.60451152E-01  8.90388215E-01  9.95591599E-02
   21050 -1.65734467E-01 -1.85762223E-01  5.16965992E-01  8.05294542E-01  9.06528368E-02
   21100 -1.91873623E-02 -1.57798181E-01  5.30003700E-01  7.69797608E-01  1.19523390E-01
   21150 -4.52342600E-02 -8.26030408E-02  5.56096243E-01  8.51431482E-01  1.29303955E-01
   21200 -6.85114396E-02 -1.85608247E-01  5.50281276E-01  8.71997595E-01  1.20211122E-01
   21250 -4.65746603E-02 -2.68235576E-01  5.17997111E-01  8.75715480E-01  7.00893155E-02
   21300 -2.65629163E-02 -4.46287981E-01  4.78106502E-01  8.67037283E-01  5.98472123E-02
   21350  1.82456816E-02 -3.93641046E-01  4.64747514E-01  8.76653973E-01  6.17983088E-02
   21400  5.89577997E-02 -4.76290092E-01  4.34057408E-01  8.60521807E-01  7.09394304E-02
   21450 -3.47758013E-02 -5.83449897E-01  4.48350594E-01  9.43696136E-01  5.49960057E-02
   21500 -1.86727584E-01 -5.63235076E-01  5.25281545E-01  9.68269714E-01  1.12537723E-01
   21550 -1.06250487E-01 -5.03089899E-01  5.37656858E-01  8.47940776E-01  4.93212038E-02
   21600 -2.27831075E-02 -3.95958165E-01  5.29764809E-01  8.37659192E-01  7.00621021E-02
   21650  6.43797003E-02 -4.63174929E-01  5.60190865E-01  9.03936725E-01  1.40343376E-01
   21700 -8.10250391E-03 -3.12381057E-01  2.93798062E-01  6.94823490E-01  8.23764876E-02
   21750 -5.73692853E-02 -2.37010931E-01  3.96286803E-01  7.17082692E-01  9.26858516E-02
   21800  3.10968862E-02 -1.69623010E-01  4.31237220E-01  7.69420356E-01  7.75864072E-02
   21850  6.72460466E-02 -2.64975519E-01  4.38932832E-01  8.33337548E-01  9.26846280E-02
   21900  1.71477797E-02 -3.26887812E-01  4.96301725E-01  8.78687017E-01  6.84848257E-02
   21950  1.13119095E-01 -3.18112596E-01  5.54950269E-01  9.08658163E-01  4.29413104E-02
   22000  8.77087982E-02 -2.90720084E-01  4.98172143E-01  9.41034340E-01  4.78827998E-02
   22050  1.19180301E-01 -2.72293641E-01  3.79854861E-01  8.92423198E-01  1.16711976E-01
   22100  2.78722866E-01 -4.05394334E-01  3.35319740E-01  8.92210167E-01  3.12437904E-02
   22150  2.14100628E-01 -2.99280892E-01  3.23042369E-01  8.52895729E-01  9.61255761E-02
   22200  5.97245711E-02 -3.47291935E-01  2.83718741E-01  8.66780112E-01  6.66502179E-02
   22250  3.39212253E-02 -3.17742183E-01  2.78459711E-01  8.81519528E-01  5.96436110E-02
   22300 -1.28779810E-02 -2.11120430E-01  2.82634704E-01  7.80716934E-01  1.13722682E-01
   22350  5.36848721E-03 -1.91811039E-01  2.66535619E-01  7.64256888E-01  2.09036206E-01
   22400  1.31105788E-01 -1.67204791E-01  1.83685077E-01  7.94947070E-01  1.30847715E-01
   22450  7.37650459E-02 -2.11240118E-01  1.69631903E-01  8.99734116E-01  1.15324811E-01
   22500  9.79049868E-02 -3.14138758E-02  1.15734247E-01  8.81527703E-01  1.42460683E-01
   22550  1.15604694E-01 -4.91204932E-02  1.82608073E-01  8.83872604E-01  1.64170366E-01
   22600  2.67972566E-02 -6.58079129E-02  1.62692624E-01  8.24785738E-01  1.33569902E-01
   22650  1.60451774E-01  8.51522833E-02  1.01296453E-01  8.45856579E-01  1.02182552E-01
   22700  2.74158673E-01 -4.54186749E-02  8.68476584E-02  8.29348263E-01  1.19022378E-01
   22750  1.93679475E-01 -6.83598114E-02 -8.96792150E-02  8.27788798E-01  1.38879714E-01
   22800  2.87669524E-01  5.45346171E-02 -6.18354562E-02  8.46936043E-01  1.62219413E-01
   22850  1.73606549E-01  1.55402646E-01 -1.33973015E-01  8.37559917E-01  1.45066628E-01
   22900  1.73750605E-01 -2.70946521E-02 -1.97471375E-01  8.13687691E-01  1.79230809E-01
   22950  1.38960324E-01  5.02781602E-02 -4.34506217E-02  8.29676385E-01  1.23007569E-01
   23000  2.73307893E-01  5.19725256E-02 -5.09398507E-03  8.87963836E-01  6.38820566E-02
   23050  3.18020333E-01  1.25442169E-02  1.29882958E-02  8.26672252E-01  7.81867038E-02
   23100  3.16058927E-01  2.68992468E-02  4.57200885E-02  8.57610954E-01  5.28100649E-02
   23150  2.34858252E-01  2.52578258E-02  8.44977071E-03  7.47338034E-01  6.49005470E-02
   23200  1.38865935E-01 -2.51501973E-02 -1.47094135E-01  7.63334486E-01  1.24551744E-01
   23250  2.22351347E-01 -2.02479244E-01 -1.67967515E-01  8.46127627E-01  1.41609830E-01
   23300  2.27961906E-01 -1.63509006E-01 -4.64247410E-02  7.96322398E-01  6.40959061E-02
   23350  1.90628770E-01 -1.50222552E-01 -6.35677208E-02  7.89315023E-01  1.03067237E-01
   23400  2.64542374E-01 -2.44025001E-01 -1.68157110E-01  7.79243164E-01  8.11785934E-02
   23450  2.23461523E-01 -2.27384508E-01 -2.28412826E-01  8.39655297E-01  9.06844499E-02
   23500  2.61164703E-01 -1.74157018E-01 -1.24268081E-01  8.72550558E-01  8.41276901E-02
   23550  6.94410755E-02 -1.23852609E-01 -9.32589882E-02  7.82109222E-01  3.32418072E-02
   23600  2.18619818E-02 -1.22306328E-01 -1.13682201E-01  7.91765863E-01  5.24789187E-02
   23650  1.89352345E-02 -9.05188654E-02 -3.34090223E-02  8.02752644E-01  8.10067262E-02
   23700  3.40314976E-02 -1.01511968E-01 -1.07046987E-01  7.76600343E-01  1.06365599E-01
   23750 -9.85608208E-02 -2.29605626E-01 -1.08197015E-01  9.41390904E-01  9.56719275E-02
   23800 -4.35317618E-02 -1.96104326E-01 -7.79667682E-02  9.36859995E-01  8.28534417E-02
   23850  2.86383481E-02 -2.35546630E-01 -1.13986069E-01  9.40928655E-01  4.11172403E-02
   23900 -3.15237013E-02 -2.22304411E-01 -1.18990176E-01  8.48019024E-01  9.51013085E-02
   23950 -3.26794041E-02 -2.93341971E-01 -1.57454241E-01  9.55845546E-01  3.78222784E-02
   24000 -1.58891347E-02 -1.22493427E-01 -1.13056310E-01  8.64263427E-01  7.98905682E-02
   24050  1.24475592E-01 -5.60443114E-02 -2.33568968E-01  8.85507024E-01  1.32388372E-01
   24100  6.07745853E-02  2.61814686E-04 -2.49720998E-01  8.99887933E-01  1.49325653E-01
   24150  1.54659987E-01 -3.12988488E-02 -2.92668408E-01  9.54777802E-01  8.65536202E-02
   24200  1.31866536E-01 -2.59278805E-02 -3.31410258E-01  9.38277403E-01  7.63421704E-02
   24250  1.45022844E-01 -4.92292916E-02 -2.23182870E-01  9.16204800E-01  1.05611523E-01
   24300  4.38678724E-02 -2.44720350E-02 -3.00153274E-01  8.89709659E-01  1.06119082E-01
   24350  1.50618480E-01 -5.45089745E-02 -2.69339697E-01  8.64381345E-01  6.73082234E-02
   24400  1.26584459E-01 -1.47689057E-01 -3.55449962E-01  8.84609054E-01  6.52667152E-02
   24450  2.24278163E-01 -1.05528140E-01 -3.93669868E-01  8.58152028E-01  8.56981040E-02
   24500  1.37933584E-01  9.18952824E-02 -4.20526504E-01  8.01775290E-01  7.79691606E-02
   24550  1.78251706E-01  1.30257449E-01 -3.43715920E-01  7.61933690E-01  1.40027533E-01
   24600  2.17269980E-01  2.89649408E-01 -3.35335437E-01  8.44659267E-01  1.51042038E-01
   24650  1.30017669E-01  3.64057876E-02 -4.06303390E-01  8.18653000E-01  1.23617208E-01
   24700 -1.05238792E-02  9.47153413E-02 -4.84813825E-01  9.09828807E-01  9.47298810E-02
   24750  3.79821084E-02 -3.53480918E-02 -3.79729880E-01  8.49943713E-01  8.40452413E-02
   24800  1.26410407E-01  5.85053570E-02 -2.73105068E-01  8.39277693E-01  1.10389657E-01
   24850  1.75194395E-01 -1.09174779E-01 -3.34251134E-01  8.36639842E-01  7.93599490E-02
   24900  1.08037179E-01 -3.55244805E-02 -4.16947411E-01  8.26423672E-01  1.11493954E-01
   24950  2.84095355E-01 -1.84542287E-01 -3.87224748E-01  8.68245969E-01  1.31785699E-01
   25000  2.88816770E-01 -1.87513700E-01 -3.84276518E-01  8.36396616E-01  1.04322296E-01
   25050  3.21600376E-01 -1.34636104E-01 -3.03824179E-01  7.70997147E-01  7.11546600E-02
   25100  4.63754941E-01 -2.22421975E-01 -2.07049723E-01  8.47807225E-01  6.65504013E-02
   25150  4.40707939E-01 -2.73612095E-01 -2.46801928E-01  9.11368737E-01  9.58485545E-02
   25200  4.92320038E-01 -1.61501238E-01 -1.43173350E-01  9.10712110E-01  1.05037967E-01
   25250  4.12996311E-01 -2.44115597E-01 -1.88305045E-01  9.10000653E-01  4.93229990E-02
   25300  3.26311535E-01 -8.08952825E-02 -1.51019870E-01  8.36418098E-01  1.15645183E-01
   25350  1.70442600E-01 -1.08251768E-01 -2.60362696E-01  7.86892288E-01  1.43669116E-01
   25400  2.57433532E-01 -1.64400043E-01 -3.44131380E-01  8.95967843E-01  1.11289529E-01
   25450  1.30600674E-01 -1.82071793E-01 -3.58184316E-01  8.26429331E-01  1.37228760E-01
   25500 -1.03348450E-02 -1.60928465E-01 -2.28005490E-01  7.11341763E-01  1.56659926E-01
   25550  7.03015648E-02 -1.36121012E-01 -1.38687271E-01  6.60186011E-01  1.87588111E-01
   25600  3.75282032E-02 -2.52673746E-01 -3.64580319E-01  8.31729438E-01  8.72650310E-02
   25650  5.20638809E-02 -8.05509826E-02 -4.08219904E-01  7.48263993E-01  9.70266228E-02
   25700  1.28692227E-01 -1.64250281E-01 -2.76454368E-01  6.66742538E-01  1.52625429E-01
   25750  6.52246156E-02 -7.25135883E-02 -5.07562487E-01  8.04326643E-01  8.28573252E-02
   25800  7.06144858E-02 -1.01769898E-01 -4.69358002E-01  8.22788772E-01  9.65403861E-02
   25850  8.34531286E-02 -4.46093049E-02 -5.37556124E-01  8.57426276E-01  1.07422147E-01
   25900  2.41234296E-02 -4.13862211E-02 -6.24406209E-01  8.71753826E-01  3.68358717E-02
   25950 -1.35391555E-02 -1.10514696E-01 -6.93699615E-01  9.89219569E-01  6.64667784E-02
   26000  2.35384197E-02 -1.11627029E-01 -6.74110754E-01  9.41617184E-01  3.09693611E-02
   26050  1.02429589E-01 -7.42445703E-02 -4.97164309E-01  8.63736116E-01  7.60374742E-02
   26100  1.75572196E-01 -1.96684540E-01 -5.97160692E-01  1.00506221E+00  5.01606318E-02
   26150  1.19532360E-01 -1.53904030E-01 -5.07195735E-01  9.10789136E-01  8.92281606E-02
   26200  1.04078664E-02 -2.46875471E-01 -3.90353255E-01  8.50598384E-01  7.34843996E-02
   26250  2.52755574E-01 -2.65113000E-01 -4.21337769E-01  8.64882691E-01  1.48295423E-01
   26300  4.38728013E-01 -2.05679551E-01 -3.64510405E-01  7.87904505E-01  2.05968500E-01
   26350  2.01748786E-01 -2.17238640E-01 -4.53584619E-01  7.83961519E-01  1.19859072E-01
   26400  3.68531037E-01 -2.28846251E-01 -4.09880394E-01  8.43144462E-01  2.15168405E-01
   26450  3.86927968E-01 -9.65100267E-02 -3.35339285E-01  7.72180065E-01  1.40690383E-01
   26500  5.11167290E-01 -1.14407980E-01 -2.44593430E-01  7.65158160E-01  1.88966817E-01
   26550  4.49602042E-01 -1.39660774E-01 -3.69641522E-01  7.40930242E-01  2.41661954E-01
   26600  3.92389525E-01 -1.37912198E-01 -2.16477539E-01  7.11027133E-01  1.50447462E-01
   26650  4.38233230E-01 -1.34452278E-01 -3.04969275E-01  7.62046664E-01  1.43972027E-01
   26700  6.43221811E-01 -1.34400795E-01 -2.26976738E-01  8.70577388E-01  8.07157137E-02
   26750  6.63004436E-01 -8.98361290E-02 -2.82399223E-01  8.85296148E-01  8.61375040E-02
   26800  5.47033208E-01 -6.28384697E-03 -3.93964923E-01  8.91568550E-01  1.12738159E-01
   26850  5.46982009E-01 -9.10782711E-03 -4.28374677E-01  9.37915922E-01  1.27348311E-01
   26900  4.75473116E-01 -3.00241611E-02 -2.67812053E-01  9.18037957E-01  8.36630290E-02
   26950  4.49926927E-01  7.88651002E-03 -1.92289071E-01  8.93573322E-01  7.69791875E-02
   27000  4.87347331E-01 -4.47800398E-02 -1.71275486E-01  9.09891042E-01  1.05277308E-01
   27050  4.80949224E-01 -1.00161301E-01 -3.26973026E-01  9.30246010E-01  1.02679738E-01
   27100  2.77294535E-01  8.24034012E-04 -2.92334794E-01  7.91874658E-01  1.31978605E-01
   27150  4.50616927E-01 -1.46071748E-01 -3.59483048E-01  8.93932611E-01  8.60088965E-02
   27200  4.44112570E-01 -9.78783029E-02 -4.50474848E-01  9.25162563E-01  3.67693040E-02
   27250  4.27297429E-01 -1.59877169E-01 -3.71197366E-01  8.75466984E-01  5.93156719E-02
   27300  4.03402601E-01 -1.39591719E-01 -3.85724036E-01  9.46558845E-01  3.43847900E-02
   27350  4.22179721E-01 -8.32805628E-02 -4.25754594E-01  9.38279772E-01  9.94212450E-02
   27400  3.76892028E-01 -1.18955544E-01 -5.60238544E-01  1.00584589E+00  6.19807676E-02
   27450  3.14255246E-01 -1.09446863E-01 -5.49772957E-01  9.44116309E-01  3.13537937E-02
   27500  2.40018719E-01 -2.00520963E-01 -4.21876037E-01  9.05320416E-01  1.17058128E-01
   27550  1.74092699E-01 -1.30114040E-01 -2.74505910E-01  8.52688812E-01  2.32558979E-02
   27600  1.52034618E-01 -9.62466289E-02 -2.59679690E-01  8.16443070E-01  1.34448123E-01
   27650  2.70692125E-01 -5.48514663E-02 -2.02090442E-01  7.85614469E-01  5.25214196E-02
   27700  2.66019904E-01  4.77802709E-02 -1.87056445E-01  7.95210850E-01  1.15325181E-01
   27750  3.09570744E-01  3.94124141E-02 -4.24068820E-03  8.43343144E-01  9.80831088E-02
   27800  3.13997435E-01  1.54745429E-01  4.05972354E-02  8.35227488E-01  1.74547111E-01
   27850  3.11512048E-01  1.65722344E-01  1.17158775E-01  7.67775795E-01  1.23997623E-01
   27900  2.88189586E-01  2.69781100E-01  4.06454548E-02  7.60325994E-01  1.02701865E-01
   27950  4.24483867E-01  3.51766578E-01 -4.69498459E-03  8.74747469E-01  1.17330118E-01
   28000  2.85937360E-01  4.09953165E-01  6.17261374E-02  8.86638539E-01  1.23772010E-01
   28050  2.61441853E-01  5.65853759E-01 -7.05156028E-02  9.43897809E-01  9.29318012E-02
   28100  1.73542679E-01  5.29671926E-01  8.18550868E-04  9.47749284E-01  7.10541482E-02
   28150  7.80364057E-02  5.22278222E-01 -1.57320482E-01  9.35416250E-01  4.67934086E-02
   28200  8.78079366E-03  4.44554365E-01 -1.02184680E-01  8.31093744E-01  7.58446648E-02
   28250 -5.87473629E-02  4.06732255E-01 -3.56279032E-02  8.11647130E-01  7.98007756E-02
   28300 -9.55821995E-02  5.46695607E-01  1.32874148E-02  8.95176650E-01  9.18945484E-02
   28350 -6.17961154E-02  5.24471271E-01 -1.75110352E-03  8.78263069E-01  4.04807755E-02
   28400 -3.61269824E-02  3.80933739E-01  1.14429965E-01  8.54301862E-01  9.99980746E-02
   28450 -6.05902290E-02  3.89682065E-01  1.76273710E-01  8.54348416E-01  5.28530078E-02
   28500 -7.59215247E-02  3.46119759E-01  6.83555849E-02  8.32505683E-01  7.64103200E-02
   28550 -1.10907472E-01  2.72052657E-01  1.56635875E-01  8.61275157E-01  4.55320828E-02
   28600 -1.19769536E-01  3.08466242E-01  1.32750333E-01  8.60623195E-01  9.71022115E-02
   28650 -1.08994619E-01  2.45368619E-01  4.81070945E-03  8.91580420E-01  3.74921815E-02
   28700 -5.84039180E-02  1.27619148E-01  9.82221257E-02  8.27787831E-01  1.26400066E-01
   28750 -5.85639378E-02  1.85556493E-01  1.63109801E-01  7.69954803E-01  1.14968283E-01
   28800 -1.35130428E-01  2.48068718E-01  2.19910639E-01  9.02952199E-01  1.09730452E-01
   28850  1.50137930E-03  3.73381033E-01  1.69947761E-01  8.41419269E-01  9.41081680E-02
   28900  1.05488129E-01  4.61419302E-01  4.91489372E-02  9.59300738E-01  5.98280270E-02
   28950  1.94340856E-01  4.00720127E-01  6.01558793E-02  9.47553933E-01  9.81518168E-02
   29000  1.15128567E-01  3.83796061E-01 -8.65807491E-02  9.24471149E-01  7.34087531E-02
   29050  2.97056484E-02  3.40195019E-01 -8.32057204E-02  9.45575159E-01  8.46792099E-02
   29100  2.90608207E-02  3.64096826E-01 -3.76211930E-02  9.13295522E-01  6.76010246E-02
   29150  3.91265669E-04  5.04770817E-01 -8.12980712E-02  9.07415544E-01  9.52022898E-02
   29200  1.83735627E-01  5.02690486E-01 -6.08296876E-02  9.11338361E-01  1.06167507E-01
   29250  8.32955610E-02  3.71705995E-01 -4.84731727E-02  8.20779541E-01  1.33157318E-01
   29300  3.28962019E-02  4.00503589E-01 -1.11340154E-01  8.22569958E-01  1.05588273E-01
   29350  8.80298368E-02  3.79597491E-01 -8.73716112E-02  8.77578295E-01  9.60946983E-02
   29400 -5.11966283E-02  4.15272526E-01 -9.85018701E-02  8.49248513E-01  9.07719931E-02
   29450  7.98614362E-03  4.99606982E-01 -5.47044284E-02  9.16774554E-01  7.44523500E-02
   29500 -1.50792915E-02  4.70399282E-01  4.09684040E-02  8.78411980E-01  6.99020927E-02
   29550 -2.85133905E-02  4.88585406E-01 -4.61722784E-02  9.11491411E-01  6.21299370E-02
   29600  4.73153493E-02  4.14548898E-01 -2.64500868E-01  8.82415798E-01  1.01461521E-01
   29650 -2.88574300E-02  3.10109069E-01 -1.43948511E-01  7.81857931E-01  1.29350060E-01
   29700 -5.58458351E-02  3.53960020E-01 -1.22200922E-01  8.34601515E-01  1.71183087E-01
   29750 -1.32458015E-01  2.52677918E-01 -9.96936074E-02  7.33558916E-01  7.76112256E-02
   29800 -9.40326327E-02  3.10093830E-01 -1.55035565E-01  8.54703834E-01  4.65966187E-02
   29850 -2.07800168E-01  2.76975264E-01 -1.55994928E-01  8.94970702E-01  6.45391256E-02
   29900 -2.55987874E-01  3.05443502E-01 -8.16359754E-02  8.95033342E-01  7.17585417E-02
   29950 -2.49468539E-01  1.79943828E-01 -1.24826670E-02  8.16942643E-01  1.34640670E-01
   30000 -1.31158168E-01  1.98206158E-01 -5.32422354E-02  7.32405920E-01  1.33975272E-01
   30050 -2.09118926E-01  1.54772421E-01 -1.52504982E-01  7.14910996E-01  3.54168744E-02
   30100 -1.17142942E-01  1.50394967E-01 -1.31315801E-01  7.88796207E-01  1.45394302E-01
   30150 -1.93283913E-01  1.93055001E-01 -1.56821278E-01  8.13462268E-01  1.41019722E-01
   30200 -1.62803904E-01  1.57422359E-01 -3.04047391E-01  8.31151628E-01  6.53401368E-02
   30250 -1.83798077E-01  1.87150979E-01 -3.25623622E-01  8.39967527E-01  8.90791471E-02
   30300 -1.65553237E-01  1.14338690E-01 -3.43034538E-01  8.43062346E-01  8.02027026E-02
   30350 -2.03965038E-01  5.07306374E-02 -2.50870839E-01  8.60296474E-01  7.27378976E-02
   30400 -1.02906660E-01 -5.62349496E-02 -1.75991215E-01  8.09418220E-01  7.47386410E-02
   30450 -6.14972194E-02 -1.31989193E-01 -5.13900515E-02  8.17383890E-01  1.01980574E-01
   30500 -9.98074750E-02 -1.17703085E-01  5.10483695E-02  9.22461759E-01  7.64891512E-02
   30550  3.00434932E-03 -1.21819784E-01  1.84066624E-01  8.20652468E-01  1.21768624E-01
   30600  1.71961338E-02 -1.48605541E-01  2.13912060E-01  8.77425034E-01  1.10079749E-01
   30650 -6.78227904E-02 -1.52220044E-01  2.21700275E-01  9.72160607E-01  4.76466883E-02
   30700 -1.42362761E-01 -1.38847250E-01  2.95281706E-01  9.68913308E-01  3.71453555E-02
   30750 -1.68683567E-01 -1.13487934E-01  2.20028354E-01  8.80358413E-01  5.06725958E-02
   30800 -1.92719117E-01 -1.84186481E-01  2.41754868E-01  9.06140913E-01  7.26045777E-02
   30850 -1.60571084E-01 -1.63795991E-01  1.91179194E-01  8.80735952E-01  1.26548029E-01
   30900 -7.21423958E-02 -8.65406750E-02  2.42671766E-01  8.67883139E-01  7.12633685E-02
   30950 -1.25892484E-02 -1.43222776E-01  2.70751750E-01  9.27803151E-01  7.70914482E-02
   31000 -1.37400352E-01 -1.84739442E-01  2.75580892E-01  8.87263385E-01  3.16667193E-02
   31050 -2.15888285E-01 -2.67776322E-01  3.13923503E-01  9.30727256E-01  4.44821094E-02
   31100 -2.35129255E-01 -1.79538089E-01  2.93799427E-01  8.70981968E-01  7.08612383E-02
   31150 -1.72058036E-01 -2.09928308E-01  2.47629856E-01  8.38909649E-01  9.22589814E-02
   31200 -1.62366902E-01 -2.12128355E-01  2.00560473E-01  8.55757205E-01  9.39855290E-02
   31250 -1.13129513E-01 -1.39296123E-01  2.60036976E-01  8.62682854E-01  9.18351110E-02
   31300 -1.68863491E-01 -1.62347581E-01  1.76206627E-01  8.78652154E-01  1.12666251E-01
   31350 -2.59548355E-01 -1.81447463E-01  1.87753901E-01  8.88338890E-01  1.27700401E-01
   31400 -3.59584129E-01 -1.16736830E-01  2.87493176E-01  8.95988613E-01  1.24273747E-01
   31450 -3.09378192E-01 -3.08438638E-01  1.78796114E-01  8.80462231E-01  9.93975178E-02
   31500 -3.31405683E-01 -4.05936655E-01  1.20855090E-01  8.64932508E-01  1.44330775E-01
   31550 -1.40994758E-01 -4.05596597E-01  4.91864671E-02  8.28588983E-01  1.19890937E-01
   31600 -1.01719177E-01 -2.90874790E-01  5.07512758E-02  7.91962287E-01  2.18610712E-01
   31650 -1.84453670E-01 -3.02800080E-01  1.46839308E-01  7.36589237E-01  1.45996462E-01
   31700 -1.92928426E-01 -4.14708485E-01  2.38690462E-01  8.69754166E-01  7.10955168E-02
   31750 -1.19318329E-01 -4.00396735E-01  1.67931342E-01  9.29218483E-01  7.98716519E-02
   31800  1.14971652E-03 -3.74342316E-01  1.15230752E-01  8.53239041E-01  4.96666870E-02
   31850 -4.02010321E-02 -4.72997278E-01 -3.19737359E-02  8.27909828E-01  1.03187756E-01
   31900 -4.13062666E-02 -3.22902761E-01  4.75042159E-02  7.81662762E-01  1.23697182E-01
   31950  6.10965268E-02 -3.98813311E-01 -5.78681525E-02  8.75376393E-01  8.50292110E-02
   32000  1.12241646E-01 -2.75682948E-01  1.72938881E-01  8.74423211E-01  1.14976302E-01
   32050  1.50038644E-01 -3.20102944E-01  1.43938035E-01  8.36681486E-01  1.22178987E-01
   32100  1.03586188E-01 -3.32857363E-01  1.96409862E-01  8.60739686E-01  9.60799862E-02
   32150  1.25918361E-01 -3.19325916E-01  1.68647791E-01  8.47429264E-01  1.31133806E-01
   32200  1.54429444E-02 -4.16156788E-01  2.35935707E-01  9.03887995E-01  1.18355534E-01
   32250  7.56430293E-02 -2.77660017E-01  2.70879147E-01  8.14399274E-01  1.16242865E-01
   32300  1.68534532E-01 -3.82135763E-01  2.37532498E-01  9.27412109E-01  1.20609382E-01
   32350  1.03381824E-01 -3.98954034E-01  1.59140854E-01  8.89643454E-01  1.18565377E-01
   32400  1.83111758E-01 -4.20928926E-01  6.47499083E-02  8.89702966E-01  7.93872850E-02
   32450  1.23142849E-01 -4.65961784E-01  3.09989988E-02  9.11096773E-01  6.62102654E-02
   32500  2.58099734E-01 -4.50289741E-01  8.07045145E-02  1.01633155E+00  7.55854831E-02
   32550  1.55384515E-01 -4.27878389E-01  1.88322241E-01  9.38638466E-01  1.43995295E-01
   32600  2.10901973E-01 -4.70424247E-01  1.77040551E-01  9.04676829E-01  9.75507844E-02
   32650  1.83723211E-01 -4.04951264E-01  2.93186877E-01  8.67867549E-01  1.48422078E-01
   32700  2.66890661E-01 -4.10449051E-01  1.62870407E-01  7.95047080E-01  1.79438181E-01
   32750  2.82901544E-01 -4.60452815E-01  3.87316141E-02  7.32243640E-01  1.19948743E-01
   32800  1.75762287E-01 -4.40109221E-01  1.25118660E-01  7.76154898E-01  8.93041016E-02
   32850  2.32009643E-01 -5.58429888E-01  1.30566316E-01  9.55564285E-01  1.17613324E-01
   32900  2.15155907E-01 -4.76987231E-01  2.36807387E-01  9.03028259E-01  1.04180874E-01
   32950  1.71644948E-01 -5.01375671E-01  1.61942748E-01  8.68462254E-01  7.67466175E-02
   33000  1.99452523E-01 -3.91163067E-01  9.55268323E-02  7.80848293E-01  6.52884473E-02
   33050  1.26684908E-01 -4.90762020E-01  1.12777626E-01  8.15008793E-01  4.80149015E-02
   33100  2.09794981E-01 -4.76477455E-01  8.95716222E-02  8.71925008E-01  4.50217519E-02
   33150  2.44682754E-01 -4.14402490E-01  4.38365733E-02  8.57384438E-01  8.57622592E-02
   33200  3.25610582E-01 -3.72446290E-01  5.69287156E-03  8.19130448E-01  1.07272477E-01
   33250  2.62718578E-01 -4.09780718E-01 -5.50203936E-02  8.10000478E-01  1.04593114E-01
   33300  3.51347630E-01 -3.39620312E-01 -8.55384831E-03  7.95263328E-01  1.18046677E-01
   33350  2.78788301E-01 -3.66264270E-01 -4.95750402E-02  8.11582702E-01  1.41074994E-01
   33400  3.12447432E-01 -3.21285550E-01  2.84549268E-02  8.59415020E-01  1.05358827E-01
   33450  2.76778690E-01 -4.44865721E-01  1.03373039E-02  9.22282026E-01  9.61464192E-02
   33500  1.97099487E-01 -4.33387591E-01  9.46081235E-02  8.93264667E-01  7.81581494E-02
   33550  1.86283303E-01 -4.30632540E-01  5.26685650E-02  9.09008404E-01  9.58190428E-02
   33600  2.15179336E-01 -3.64023199E-01  1.10690040E-01  8.75082278E-01  9.58607794E-02
   33650  2.97419114E-01 -3.79575709E-01 -4.86243816E-02  9.07545007E-01  4.29362601E-02
   33700  3.22868730E-01 -4.45941230E-01 -1.54899007E-02  9.27577573E-01  9.53003602E-02
   33750  3.02855824E-01 -3.65388109E-01 -3.92695206E-02  8.51874010E-01  1.21416648E-01
   33800  1.64806353E-01 -4.82108322E-01 -3.64081754E-02  8.70627577E-01  1.26501026E-01
   33850  2.30849622E-01 -3.59071056E-01 -1.50351211E-01  8.75386122E-01  1.03675995E-01
   33900  2.80272587E-01 -3.30293823E-01 -2.74052182E-01  9.14288198E-01  1.11111464E-01
   33950  2.96592545E-01 -3.28476758E-01 -2.61911157E-01  9.17940184E-01  6.84995258E-02
   34000  3.39903799E-01 -2.04531709E-01 -1.53126958E-01  8.91736391E-01  5.59221088E-02
   34050  3.97796018E-01 -1.81822793E-01 -2.65068506E-01  8.81843407E-01  9.15338899E-02
   34100  4.11993049E-01 -1.10774590E-01 -2.20417205E-01  8.81090402E-01  4.95540022E-02
   34150  3.05389957E-01 -2.14118919E-01 -3.64175791E-01  9.16172508E-01  3.26569145E-02
   34200  2.13534455E-01 -2.93288255E-01 -4.43319281E-01  9.09101063E-01  5.77621171E-02
   34250  1.98405747E-01 -3.58668332E-01 -4.40516075E-01  8.95499341E-01  4.70838132E-02
   34300  1.09225054E-01 -3.25286437E-01 -4.73207274E-01  8.62051021E-01  6.26511978E-02
   34350  2.48645709E-02 -4.42062709E-01 -3.76823306E-01  8.90811951E-01  5.10267086E-02
   34400  1.26360435E-01 -4.36680601E-01 -2.90176530E-01  8.60961346E-01  8.41073691E-02
   34450  1.43885266E-01 -4.01769499E-01 -1.66664123E-01  8.66770060E-01  1.08955578E-01
   34500  2.66527105E-02 -3.75701549E-01 -1.67898389E-01  7.90095281E-01  7.58061165E-02
   34550  2.14650389E-01 -3.65446706E-01 -1.98354343E-01  8.37818837E-01  4.55205343E-02
   34600  1.64770807E-01 -4.24085172E-01 -6.69375612E-02  8.30619604E-01  1.23876742E-01
   34650  1.38829122E-01 -3.23979101E-01 -4.12208725E-02  7.84800542E-01  6.87077432E-02
   34700  2.95968226E-01 -4.59949504E-01  1.58521760E-01  8.96183573E-01  1.61584517E-01
   34750  2.88332703E-01 -4.45448815E-01  5.02315655E-02  8.34919434E-01  6.72553227E-02
   34800  2.13703080E-01 -3.59755655E-01  1.47997559E-01  7.26963743E-01  1.28972411E-01
   34850  3.19179476E-01 -2.52260425E-01  6.05623190E-02  7.65804741E-01  1.12593208E-01
   34900  2.90913795E-01 -2.78028519E-01 -2.61958199E-02  8.14938160E-01  6.60158965E-02
   34950  3.79658906E-01 -2.18228531E-01  3.35465945E-02  8.79068836E-01  3.86516422E-02
   35000  4.49092900E-01 -1.75650703E-01  6.48279246E-02  8.92652754E-01  7.83588705E-02
   35050  3.85642776E-01 -2.17158009E-01  7.51378868E-02  8.44527136E-01  9.49412080E-02
   35100  3.17204609E-01 -7.24162589E-02 -5.35077368E-02  7.87353917E-01  9.88940507E-02
   35150  4.20427269E-01 -5.45783096E-02 -9.31692986E-02  8.63146169E-01  6.68641540E-02
   35200  4.45961357E-01 -1.07347478E-02 -6.05853168E-02  8.36819139E-01  6.33495942E-02
   35250  5.59828224E-01  2.10843775E-02 -5.80787518E-02  8.73807546E-01  4.00348887E-02
   35300  6.16399260E-01  2.45577519E-02  1.09342795E-01  9.24754087E-01  1.25194332E-01
   35350  5.66342700E-01  5.96758998E-02  1.21835605E-01  8.47669310E-01  6.81604521E-02
   35400  5.20793908E-01 -7.20715967E-02  6.16842852E-03  8.24724207E-01  6.02187378E-02
   35450  6.29821846E-01 -4.21926987E-02  1.63534817E-02  8.82823969E-01  1.37511224E-01
   35500  5.86663915E-01 -5.34686661E-03  1.04259431E-02  8.64973706E-01  1.10215707E-01
   35550  5.92415635E-01 -2.84499900E-02 -7.90055100E-02  8.61927258E-01  7.52087060E-02
   35600  5.69952379E-01  2.79175571E-02 -2.42491184E-02  7.60673287E-01  8.60827353E-02
   35650  6.94770539E-01  1.37278576E-02 -2.31996908E-02  8.47276735E-01  1.13392246E-01
   35700  6.80129990E-01  6.41194448E-02  6.68509039E-03  8.72244365E-01  1.01909020E-01
   35750  5.80588099E-01  3.15230818E-02 -1.36059968E-01  8.48441367E-01  8.72007382E-02
   35800  5.64306440E-01  1.15459517E-01 -1.68886012E-01  8.46148422E-01  6.22537332E-02
   35850  6.14318226E-01  1.20922680E-01 -5.13508542E-02  8.94949462E-01  9.41950970E-02
   35900  5.98726165E-01  7.96031119E-02 -4.95623986E-02  8.91230965E-01  7.10765617E-02
   35950  6.16590729E-01 -3.92528127E-03 -1.33259092E-03  9.26866793E-01  5.68476069E-02
   36000  6.47721448E-01  8.10505683E-02  2.38617930E-01  9.01825610E-01  9.88112823E-02
   36050  3.95716678E-01  8.36421708E-02  1.16347381E-01  8.06267783E-01  4.59399334E-02
   36100  3.81394842E-01  7.84163784E-02  5.75184770E-04  8.00329055E-01  8.79446381E-02
   36150  4.29738084E-01  1.00248729E-01 -1.40689262E-03  8.43228720E-01  8.18991568E-02
   36200  4.58387491E-01  4.14490687E-02  8.63357625E-02  8.66246292E-01  6.19121327E-02
   36250  5.08143264E-01  3.87233274E-02  6.32917423E-02  8.82781382E-01  8.51965625E-02
   36300  5.79930347E-01 -8.24205693E-02  9.40998155E-03  9.34101929E-01  1.17542885E-01
   36350  4.10637948E-01 -8.40551983E-02 -1.15705508E-02  9.28776339E-01  6.17483782E-02
   36400  3.96520065E-01 -5.30263601E-02  6.49719089E-02  8.92658519E-01  5.53182051E-02
   36450  5.08919418E-01 -1.07436961E-01  7.95350439E-03  9.02788184E-01  4.45993708E-02
   36500  3.80615666E-01 -1.37167254E-01  1.09497981E-02  8.27732614E-01  7.22515383E-02
   36550  5.48553856E-01 -5.42462260E-02 -1.05361817E-01  8.53611723E-01  9.12176939E-02
   36600  5.08532239E-01 -2.46266699E-01 -1.83066507E-01  8.87501810E-01  4.16733103E-02
   36650  3.19355454E-01 -2.83882829E-01 -3.13359109E-01  8.18048880E-01  1.10189891E-01
   36700  3.06635048E-01 -3.61734626E-01 -4.04968381E-01  8.63612812E-01  7.31342487E-02
   36750  3.31669354E-01 -5.12770681E-01 -3.35313033E-01  9.38492643E-01  8.02564748E-02
   36800  3.02425450E-01 -4.10346274E-01 -2.34186516E-01  8.79142086E-01  8.03416600E-02
   36850  4.23190501E-01 -4.65393772E-01 -2.23955211E-01  9.63459584E-01  5.84327055E-02
   36900  4.03077961E-01 -3.79133627E-01 -4.38375004E-01  9.72010929E-01  4.30935642E-02
   36950  3.61044515E-01 -3.43938967E-01 -3.72728766E-01  9.14491194E-01  6.91061372E-02
   37000  3.14476592E-01 -1.99533365E-01 -3.75165721E-01  8.58629397E-01  9.92955239E-02
   37050  3.33771810E-01 -1.73636559E-01 -4.26069677E-01  8.62173189E-01  9.40093199E-02
   37100  3.76791693E-01 -2.55707001E-01 -3.44648567E-01  8.35416828E-01  8.50369309E-02
   37150  3.31140795E-01 -1.89319057E-01 -2.25527419E-01  8.37217170E-01  1.58105388E-02
   37200  4.42364980E-01 -1.09334725E-01 -2.61982074E-01  8.86143157E-01  1.19129600E-01
   37250  4.35733660E-01 -1.68019568E-01 -1.33556743E-01  9.10476211E-01  6.61692173E-02
   37300  4.03249079E-01 -2.34869412E-01 -4.00819770E-02  8.21058217E-01  2.34349777E-02
   37350  4.62675596E-01 -3.33781144E-01 -1.64037658E-01  8.82380151E-01  4.47180037E-02
   37400  2.89145630E-01 -3.24264108E-01  2.53613383E-03  7.98782078E-01  7.34255780E-02
   37450  2.77227541E-01 -3.69373362E-01 -4.26183583E-02  8.55500736E-01  7.33035859E-02
   37500  2.49332132E-01 -3.56210789E-01 -1.64900316E-01  9.10275074E-01  1.04551192E-01
   37550  2.26530768E-01 -3.39563821E-01 -9.06039107E-02  8.68407522E-01  1.06254594E-01
   37600  1.94332773E-01 -3.91811187E-01 -1.00641459E-01  8.14408645E-01  8.65476367E-02
   37650  1.34257352E-01 -4.34320638E-01  5.57375979E-02  8.67909284E-01  1.06982927E-01
   37700  1.23477786E-01 -4.87495772E-01 -1.22535962E-01  8.24924617E-01  1.41187744E-01
   37750  3.29644917E-02 -4.66597760E-01 -1.66113777E-01  7.60776532E-01  1.55915823E-01
   37800  2.19792441E-01 -4.93843785E-01 -1.48012185E-01  8.12905185E-01  5.02937316E-02
   37850  1.65731978E-01 -5.81776163E-01 -6.64366537E-02  8.48944366E-01  1.43297417E-01
   37900  2.44421464E-01 -4.37149280E-01 -1.12288838E-01  7.62801783E-01  9.95500534E-02
   37950  2.91158032E-01 -3.45520939E-01 -1.87515129E-02  7.94597471E-01  7.97058021E-02
   38000  2.83749450E-01 -3.62511857E-01 -3.26745582E-02  8.01522915E-01  6.10171741E-02
   38050  3.36105610E-01 -3.30212515E-01 -1.39155317E-01  8.39238106E-01  9.28061589E-02
   38100  3.65833291E-01 -3.71628519E-01 -2.24454785E-01  8.48154472E-01  1.59369092E-01
   38150  3.02049348E-01 -3.45381992E-01 -2.54928160E-01  8.33853381E-01  6.01852663E-02
   38200  3.40948504E-01 -4.47449037E-01 -4.11886596E-01  8.74418712E-01  6.09884018E-02
   38250  3.84901661E-01 -3.30372276E-01 -4.43321276E-01  9.25883379E-01  8.36869184E-02
   38300  2.70940880E-01 -2.71329490E-01 -5.64850946E-01  9.31031470E-01  5.89846148E-02
   38350  2.67696759E-01 -2.49703639E-01 -4.38846620E-01  8.38682996E-01  7.37924784E-02
   38400  1.26550048E-01 -2.51159414E-01 -4.12035592E-01  8.48820096E-01  9.87688325E-02
   38450  3.46967713E-02 -2.87012193E-01 -2.47664806E-01  8.13291737E-01  1.96809389E-01
   38500  1.50053550E-01 -3.53686151E-01 -2.52693359E-01  8.38875396E-01  1.11680839E-01
   38550  1.52809204E-03 -2.69752042E-01 -2.80922466E-01  8.43892983E-01  1.35962462E-01
   38600  1.72434022E-02 -2.39558036E-01 -2.46693053E-01  8.01719232E-01  6.95092905E-02
   38650 -6.62985940E-02 -2.19592304E-01 -2.93040774E-01  8.10676156E-01  9.01202028E-02
   38700 -4.87398469E-02 -2.83139805E-01 -2.51636447E-01  8.92258241E-01  2.49221395E-02
   38750 -1.12509058E-01 -1.53096604E-01 -3.01616701E-01  8.59092949E-01  8.47728605E-02
   38800 -2.06627350E-01 -2.89035150E-01 -2.99801956E-01  9.48664774E-01  7.18488202E-02
   38850 -8.62778942E-02 -2.65774926E-01 -3.15738605E-01  8.93814633E-01  5.40131096E-02
   38900 -6.36725450E-02 -4.12953966E-01 -3.09850855E-01  9.84372621E-01  4.65707607E-02
   38950  1.15547991E-01 -3.87325558E-01 -1.14272919E-01  9.38397612E-01  1.28010882E-01
   39000 -1.39907201E-03 -3.20029553E-01 -2.29310234E-01  8.84718093E-01  4.36565686E-02
   39050  1.76552736E-01 -3.77312962E-01 -1.64816296E-01  9.18861355E-01  1.07613599E-01
   39100  2.00154829E-01 -4.24676593E-01 -9.91402665E-02  9.01275773E-01  8.56900678E-02
   39150  2.33678394E-01 -3.03148268E-01  3.44420989E-02  8.83167705E-01  9.37323337E-02
   39200  2.17751569E-01 -2.83667488E-01  6.87346504E-02  8.88687584E-01  1.05416586E-01
   39250  1.87501179E-01 -4.47791211E-01  1.00250828E-01  9.27134542E-01  6.44365006E-02
   39300  1.81695181E-01 -2.81592666E-01  9.99885806E-03  8.48304959E-01  7.10420589E-02
   39350  2.10936475E-01 -2.93798910E-01 -3.68291932E-02  8.51345579E-01  9.98086351E-02
   39400  2.99794728E-01 -3.61119032E-01 -1.13410473E-01  9.42193693E-01  5.51163491E-02
   39450  2.86383134E-01 -3.33364234E-01 -4.50465870E-02  8.31415714E-01  1.02669860E-01
   39500  2.79483319E-01 -3.59868841E-01 -9.76995913E-02  8.73816045E-01  5.84105817E-02
   39550  3.36219074E-01 -3.02492149E-01 -1.41231368E-01  8.77142918E-01  5.42958150E-02
   39600  4.30989556E-01 -3.24468324E-01 -2.01658388E-01  8.94412247E-01  1.31823022E-01
   39650  2.60326216E-01 -3.34626175E-01 -1.10630766E-01  7.91456791E-01  4.92318384E-02
   39700  3.30548775E-01 -2.33957519E-01 -8.08060984E-02  8.46238188E-01  9.26970806E-02
   39750  3.56974405E-01 -4.22847305E-01 -1.31051834E-01  9.25896889E-01  1.16655209E-01
   39800  3.01144668E-01 -3.88209617E-01 -8.97803573E-03  9.13914415E-01  2.38156266E-02
   39850  3.56085832E-01 -3.77193346E-01 -8.85622928E-02  9.03946967E-01  5.21948654E-02
   39900  2.65296310E-01 -4.69866795E-01 -8.49220211E-02  8.94820658E-01  8.95034556E-02
   39950  2.40945602E-01 -4.23929846E-01  2.65140268E-02  8.81098608E-01  3.26462168E-02
