   #Iter             <M>           <M^2>           <M^4>      U_{Binder}            \chi        C_v(tot)             <E>       <E_{exc}>       <E_{lsf}>
       1  9.81345794E-01  9.77807730E-01  1.01284784E+00  6.46885119E-01  1.48075363E-02  8.91646926E-02 -5.11189722E+00 -5.11189722E+00  0.00000000E+00
      11  8.35933882E-01  7.10039870E-01  5.36763882E-01  6.45107714E-01  1.12844202E-02  2.28918037E+00 -4.84982759E+00 -4.84982759E+00  0.00000000E+00
      21  8.57328699E-01  7.47000511E-01  5.93404668E-01  6.45523127E-01  1.20199749E-02  2.82427429E+00 -4.91659040E+00 -4.91659040E+00  0.00000000E+00
      31  8.69924129E-01  7.69092556E-01  6.28074855E-01  6.46057318E-01  1.23574234E-02  2.67482796E+00 -4.92618009E+00 -4.92618009E+00  0.00000000E+00
      41  8.67971976E-01  7.67655846E-01  6.30771787E-01  6.43205722E-01  1.43185682E-02  2.59619907E+00 -4.94399444E+00 -4.94399444E+00  0.00000000E+00
      51  8.72606117E-01  7.73422037E-01  6.33496029E-01  6.46987928E-01  1.20125441E-02  2.76305010E+00 -4.94763616E+00 -4.94763616E+00  0.00000000E+00
      61  8.87918490E-01  8.01469632E-01  6.82087285E-01  6.46047848E-01  1.31052338E-02  3.00489188E+00 -4.96636186E+00 -4.96636186E+00  0.00000000E+00
      71  8.85879480E-01  7.95987161E-01  6.67523917E-01  6.48817027E-01  1.12345815E-02  2.79773952E+00 -4.95703126E+00 -4.95703126E+00  0.00000000E+00
      81  8.77539979E-01  7.82386012E-01  6.48226044E-01  6.47009460E-01  1.23424172E-02  2.80628673E+00 -4.94258827E+00 -4.94258827E+00  0.00000000E+00
      91  8.71120391E-01  7.71272518E-01  6.30994337E-01  6.46419348E-01  1.24549000E-02  2.91405163E+00 -4.94093226E+00 -4.94093226E+00  0.00000000E+00
     101  8.66123093E-01  7.63246790E-01  6.19942506E-01  6.45268147E-01  1.31124446E-02  3.03307219E+00 -4.93621058E+00 -4.93621058E+00  0.00000000E+00
     111  8.67351007E-01  7.66502025E-01  6.27357104E-01  6.44068068E-01  1.42421263E-02  3.25693654E+00 -4.93585981E+00 -4.93585981E+00  0.00000000E+00
     121  8.62749604E-01  7.57649963E-01  6.11547961E-01  6.44882516E-01  1.33485777E-02  3.23645061E+00 -4.92143385E+00 -4.92143385E+00  0.00000000E+00
     131  8.67085506E-01  7.64279067E-01  6.19395244E-01  6.46538039E-01  1.24749636E-02  3.07138031E+00 -4.92167918E+00 -4.92167918E+00  0.00000000E+00
     141  8.71600606E-01  7.71805332E-01  6.30623772E-01  6.47114727E-01  1.21500226E-02  2.97484389E+00 -4.93239976E+00 -4.93239976E+00  0.00000000E+00
     151  8.69969849E-01  7.68861875E-01  6.25604099E-01  6.47238096E-01  1.20463689E-02  2.94664275E+00 -4.92375378E+00 -4.92375378E+00  0.00000000E+00
     161  8.78403067E-01  7.83809901E-01  6.50185075E-01  6.47227883E-01  1.22505280E-02  3.04627000E+00 -4.93649525E+00 -4.93649525E+00  0.00000000E+00
     171  8.71772574E-01  7.72632679E-01  6.33375537E-01  6.46333533E-01  1.26789721E-02  3.01085514E+00 -4.93082907E+00 -4.93082907E+00  0.00000000E+00
     181  8.65884239E-01  7.63115323E-01  6.20022925E-01  6.45099881E-01  1.33954267E-02  3.13813721E+00 -4.91987037E+00 -4.91987037E+00  0.00000000E+00
     191  8.65267182E-01  7.61520263E-01  6.16190036E-01  6.45814736E-01  1.28671817E-02  3.04250866E+00 -4.91563688E+00 -4.91563688E+00  0.00000000E+00
     201  8.65854935E-01  7.62396128E-01  6.17229529E-01  6.46031939E-01  1.27251956E-02  3.02477138E+00 -4.92145025E+00 -4.92145025E+00  0.00000000E+00
     211  8.61974205E-01  7.55607216E-01  6.06524665E-01  6.45892587E-01  1.26412995E-02  2.98363671E+00 -4.91389607E+00 -4.91389607E+00  0.00000000E+00
     221  8.64528479E-01  7.59752562E-01  6.12226037E-01  6.46453783E-01  1.23759785E-02  2.93152514E+00 -4.91511604E+00 -4.91511604E+00  0.00000000E+00
     231  8.67413966E-01  7.64617673E-01  6.19404557E-01  6.46845717E-01  1.22432394E-02  2.91921401E+00 -4.92070929E+00 -4.92070929E+00  0.00000000E+00
     241  8.70158710E-01  7.69209792E-01  6.26108097E-01  6.47273201E-01  1.20656950E-02  2.83378887E+00 -4.92159341E+00 -4.92159341E+00  0.00000000E+00
     251  8.71921484E-01  7.72035308E-01  6.29886590E-01  6.47737200E-01  1.18196626E-02  2.84040535E+00 -4.92161120E+00 -4.92161120E+00  0.00000000E+00
     261  8.71582830E-01  7.71853200E-01  6.30366159E-01  6.47302633E-01  1.22290881E-02  2.79371527E+00 -4.92435021E+00 -4.92435021E+00  0.00000000E+00
     271  8.70421428E-01  7.69906539E-01  6.27578860E-01  6.47084255E-01  1.23057989E-02  2.80385872E+00 -4.92428462E+00 -4.92428462E+00  0.00000000E+00
     281  8.71520433E-01  7.71844160E-01  6.30692354E-01  6.47111857E-01  1.23290784E-02  2.80843919E+00 -4.92371328E+00 -4.92371328E+00  0.00000000E+00
     291  8.67786871E-01  7.66457186E-01  6.24638281E-01  6.45569130E-01  1.34388671E-02  3.01573175E+00 -4.91672622E+00 -4.91672622E+00  0.00000000E+00
     301  8.68455032E-01  7.67830257E-01  6.27076626E-01  6.45457001E-01  1.36524166E-02  3.09972376E+00 -4.92061518E+00 -4.92061518E+00  0.00000000E+00
     311  8.68267426E-01  7.67817212E-01  6.27095979E-01  6.45434011E-01  1.39660252E-02  3.05326299E+00 -4.92234201E+00 -4.92234201E+00  0.00000000E+00
     321  8.64405840E-01  7.61748310E-01  6.18985748E-01  6.44420761E-01  1.45896487E-02  3.12377481E+00 -4.91689847E+00 -4.91689847E+00  0.00000000E+00
     331  8.59744402E-01  7.55335004E-01  6.11444236E-01  6.42763046E-01  1.62176904E-02  3.13977608E+00 -4.91158672E+00 -4.91158672E+00  0.00000000E+00
     341  8.55691728E-01  7.49255210E-01  6.03656874E-01  6.41565873E-01  1.70923249E-02  3.14767574E+00 -4.90950409E+00 -4.90950409E+00  0.00000000E+00
     351  8.55220101E-01  7.48343892E-01  6.02179289E-01  6.41571839E-01  1.69876404E-02  3.07989264E+00 -4.90960494E+00 -4.90960494E+00  0.00000000E+00
     361  8.57657131E-01  7.52309345E-01  6.08049310E-01  6.41883252E-01  1.67782041E-02  3.11271653E+00 -4.91389516E+00 -4.91389516E+00  0.00000000E+00
     371  8.57158178E-01  7.51186718E-01  6.05890678E-01  6.42087213E-01  1.65104781E-02  3.09843779E+00 -4.91325856E+00 -4.91325856E+00  0.00000000E+00
     381  8.52910600E-01  7.44810775E-01  5.98054933E-01  6.40641501E-01  1.74005514E-02  3.12418793E+00 -4.90730020E+00 -4.90730020E+00  0.00000000E+00
     391  8.52100613E-01  7.43301970E-01  5.95711311E-01  6.40595075E-01  1.72724427E-02  3.08824860E+00 -4.90526836E+00 -4.90526836E+00  0.00000000E+00
     401  8.55584665E-01  7.49126249E-01  6.04396032E-01  6.41003413E-01  1.71467243E-02  3.10187230E+00 -4.91141621E+00 -4.91141621E+00  0.00000000E+00
     411  8.56350980E-01  7.50091006E-01  6.05182749E-01  6.41460202E-01  1.67986726E-02  3.06660929E+00 -4.91359342E+00 -4.91359342E+00  0.00000000E+00
     421  8.57172556E-01  7.51033138E-01  6.05525589E-01  6.42156572E-01  1.63317740E-02  3.02163556E+00 -4.91343408E+00 -4.91343408E+00  0.00000000E+00
     431  8.58021230E-01  7.52215024E-01  6.06811137E-01  6.42522854E-01  1.60572904E-02  3.00319376E+00 -4.91463219E+00 -4.91463219E+00  0.00000000E+00
     441  8.57138998E-01  7.50668894E-01  6.04504283E-01  6.42413358E-01  1.60242414E-02  3.03494957E+00 -4.91012685E+00 -4.91012685E+00  0.00000000E+00
     451  8.56744656E-01  7.50058220E-01  6.03867465E-01  6.42208164E-01  1.60895971E-02  2.98104076E+00 -4.90999251E+00 -4.90999251E+00  0.00000000E+00
     461  8.56050466E-01  7.48964530E-01  6.02506630E-01  6.41971108E-01  1.61851674E-02  2.97262733E+00 -4.90964588E+00 -4.90964588E+00  0.00000000E+00
     471  8.54019276E-01  7.45356339E-01  5.96824533E-01  6.41905613E-01  1.60500932E-02  2.99594120E+00 -4.90634847E+00 -4.90634847E+00  0.00000000E+00
     481  8.55003126E-01  7.46852962E-01  5.98764075E-01  6.42180285E-01  1.58648011E-02  3.00173200E+00 -4.90647414E+00 -4.90647414E+00  0.00000000E+00
     491  8.55966286E-01  7.48396638E-01  6.00986205E-01  6.42332406E-01  1.57602625E-02  2.98886513E+00 -4.90780328E+00 -4.90780328E+00  0.00000000E+00
     501  8.55240545E-01  7.47058284E-01  5.98872497E-01  6.42312188E-01  1.56635441E-02  2.97579135E+00 -4.90830174E+00 -4.90830174E+00  0.00000000E+00
     511  8.53989760E-01  7.45249389E-01  5.96752712E-01  6.41845931E-01  1.59934053E-02  2.96494581E+00 -4.90778135E+00 -4.90778135E+00  0.00000000E+00
     521  8.53557325E-01  7.44514471E-01  5.95594060E-01  6.41835270E-01  1.59969006E-02  3.03146222E+00 -4.90625488E+00 -4.90625488E+00  0.00000000E+00
     531  8.52774965E-01  7.43761580E-01  5.95281987E-01  6.41297829E-01  1.65805268E-02  3.05404720E+00 -4.90446029E+00 -4.90446029E+00  0.00000000E+00
     541  8.53381261E-01  7.44856735E-01  5.97107150E-01  6.41255279E-01  1.66414089E-02  3.05161277E+00 -4.90714448E+00 -4.90714448E+00  0.00000000E+00
     551  8.55249325E-01  7.47851165E-01  6.01276240E-01  6.41637598E-01  1.64434807E-02  3.07727879E+00 -4.90984761E+00 -4.90984761E+00  0.00000000E+00
     561  8.54270450E-01  7.46188468E-01  5.98916879E-01  6.41451233E-01  1.64542176E-02  3.06902334E+00 -4.90775049E+00 -4.90775049E+00  0.00000000E+00
     571  8.54705248E-01  7.46603571E-01  5.98783639E-01  6.41929498E-01  1.61253881E-02  3.06708141E+00 -4.90896682E+00 -4.90896682E+00  0.00000000E+00
     581  8.55925029E-01  7.48561669E-01  6.01533198E-01  6.42164704E-01  1.59965489E-02  3.09390732E+00 -4.91101351E+00 -4.91101351E+00  0.00000000E+00
     591  8.56927502E-01  7.50073665E-01  6.03374659E-01  6.42514875E-01  1.57909101E-02  3.07240052E+00 -4.91233292E+00 -4.91233292E+00  0.00000000E+00
     601  8.55698057E-01  7.48013642E-01  6.00457329E-01  6.42281123E-01  1.58365876E-02  3.05798360E+00 -4.91043549E+00 -4.91043549E+00  0.00000000E+00
     611  8.55129297E-01  7.46886555E-01  5.98471070E-01  6.42387555E-01  1.56821386E-02  3.08392619E+00 -4.90702299E+00 -4.90702299E+00  0.00000000E+00
     621  8.56871256E-01  7.49682640E-01  6.02307707E-01  6.42774660E-01  1.54954927E-02  3.07600432E+00 -4.90912095E+00 -4.90912095E+00  0.00000000E+00
     631  8.57015953E-01  7.49846805E-01  6.02479395E-01  6.42829277E-01  1.54114410E-02  3.05791963E+00 -4.91070983E+00 -4.91070983E+00  0.00000000E+00
     641  8.56706328E-01  7.49360653E-01  6.01758586E-01  6.42793568E-01  1.54560177E-02  3.06025693E+00 -4.91027694E+00 -4.91027694E+00  0.00000000E+00
     651  8.57990031E-01  7.51589819E-01  6.05358722E-01  6.42784930E-01  1.54840981E-02  3.08335941E+00 -4.91128559E+00 -4.91128559E+00  0.00000000E+00
     661  8.57440609E-01  7.50694991E-01  6.04187096E-01  6.42625834E-01  1.55318933E-02  3.12665427E+00 -4.91413865E+00 -4.91413865E+00  0.00000000E+00
     671  8.57435531E-01  7.50608391E-01  6.03947970E-01  6.42684841E-01  1.54537926E-02  3.11795167E+00 -4.91345237E+00 -4.91345237E+00  0.00000000E+00
     681  8.58420368E-01  7.52165351E-01  6.06043747E-01  6.42927772E-01  1.53205606E-02  3.08392672E+00 -4.91345361E+00 -4.91345361E+00  0.00000000E+00
     691  8.58763110E-01  7.52513939E-01  6.06003127E-01  6.43282421E-01  1.50799591E-02  3.06625172E+00 -4.91374106E+00 -4.91374106E+00  0.00000000E+00
     701  8.57667636E-01  7.50605524E-01  6.03025102E-01  6.43228114E-01  1.50517727E-02  3.05498957E+00 -4.91218730E+00 -4.91218730E+00  0.00000000E+00
     711  8.57660327E-01  7.50429616E-01  6.02430944E-01  6.43412524E-01  1.48879668E-02  3.02588718E+00 -4.91144230E+00 -4.91144230E+00  0.00000000E+00
     721  8.57740166E-01  7.50426733E-01  6.02106740E-01  6.43601687E-01  1.47477553E-02  3.01536317E+00 -4.91112352E+00 -4.91112352E+00  0.00000000E+00
     731  8.58250839E-01  7.51128120E-01  6.02784861E-01  6.43866327E-01  1.45723654E-02  2.99989495E+00 -4.91211266E+00 -4.91211266E+00  0.00000000E+00
     741  8.59221852E-01  7.52662743E-01  6.04829327E-01  6.44114128E-01  1.44389460E-02  2.98953188E+00 -4.91401950E+00 -4.91401950E+00  0.00000000E+00
     751  8.59186595E-01  7.52400840E-01  6.03954225E-01  6.44381599E-01  1.42370923E-02  2.99217047E+00 -4.91514493E+00 -4.91514493E+00  0.00000000E+00
     761  8.58010191E-01  7.50440717E-01  6.01154057E-01  6.44178859E-01  1.42972469E-02  2.98082075E+00 -4.91296704E+00 -4.91296704E+00  0.00000000E+00
     771  8.58004539E-01  7.50422770E-01  6.01102204E-01  6.44192532E-01  1.42889754E-02  2.95693929E+00 -4.91327960E+00 -4.91327960E+00  0.00000000E+00
     781  8.58916469E-01  7.51889609E-01  6.03156861E-01  6.44367984E-01  1.41898391E-02  2.95357802E+00 -4.91493044E+00 -4.91493044E+00  0.00000000E+00
     791  8.59484457E-01  7.52724998E-01  6.04142080E-01  6.44577306E-01  1.40488220E-02  2.94288225E+00 -4.91397649E+00 -4.91397649E+00  0.00000000E+00
