   #Iter             <M>           <M^2>           <M^4>      U_{Binder}            \chi        C_v(tot)             <E>       <E_{exc}>       <E_{lsf}>
       1  1.03858136E+00  1.08335645E+00  1.19392550E+00  6.60911372E-01  4.93718930E-03  2.01171200E+00 -5.36768518E+00 -5.36768518E+00  0.00000000E+00
      11  1.05080420E+00  1.11013579E+00  1.25709263E+00  6.59988335E-01  6.23948554E-03  2.27261689E+00 -5.39233408E+00 -5.39233408E+00  0.00000000E+00
      21  1.06458845E+00  1.13962540E+00  1.32604158E+00  6.59661054E-01  6.58628873E-03  2.91304864E+00 -5.49410920E+00 -5.49410920E+00  0.00000000E+00
      31  1.05555499E+00  1.12067973E+00  1.28441184E+00  6.59105487E-01  6.80304757E-03  3.40583117E+00 -5.48463384E+00 -5.48463384E+00  0.00000000E+00
      41  1.04294982E+00  1.09434604E+00  1.22631183E+00  6.58673253E-01  6.92717935E-03  3.20642821E+00 -5.45821002E+00 -5.45821002E+00  0.00000000E+00
      51  1.05955720E+00  1.12889628E+00  1.30191444E+00  6.59471780E-01  6.54220523E-03  3.21338014E+00 -5.47783191E+00 -5.47783191E+00  0.00000000E+00
      61  1.05818575E+00  1.12583890E+00  1.29430886E+00  6.59619897E-01  6.38165897E-03  2.83548836E+00 -5.48948430E+00 -5.48948430E+00  0.00000000E+00
      71  1.05431683E+00  1.11837785E+00  1.28051161E+00  6.58740184E-01  7.12881275E-03  2.70846280E+00 -5.48267176E+00 -5.48267176E+00  0.00000000E+00
      81  1.04356404E+00  1.09661771E+00  1.23462527E+00  6.57781572E-01  7.96609224E-03  2.73554394E+00 -5.46943565E+00 -5.46943565E+00  0.00000000E+00
      91  1.04518238E+00  1.09980266E+00  1.24060070E+00  6.58114067E-01  7.76110809E-03  2.66043775E+00 -5.46531481E+00 -5.46531481E+00  0.00000000E+00
     101  1.05036038E+00  1.11018409E+00  1.26193754E+00  6.58707611E-01  7.26868266E-03  2.63481084E+00 -5.47201847E+00 -5.47201847E+00  0.00000000E+00
     111  1.05144497E+00  1.11184832E+00  1.26316908E+00  6.59396469E-01  6.62296525E-03  2.43774870E+00 -5.48065431E+00 -5.48065431E+00  0.00000000E+00
     121  1.05164164E+00  1.11166522E+00  1.26022604E+00  6.60078090E-01  5.99684467E-03  2.46690612E+00 -5.48936366E+00 -5.48936366E+00  0.00000000E+00
     131  1.05372746E+00  1.11589736E+00  1.26919410E+00  6.60250920E-01  5.82972185E-03  2.49031747E+00 -5.48503196E+00 -5.48503196E+00  0.00000000E+00
     141  1.05165575E+00  1.11177522E+00  1.26096597E+00  6.59945810E-01  6.08112914E-03  2.44884407E+00 -5.48716951E+00 -5.48716951E+00  0.00000000E+00
     151  1.05373178E+00  1.11637586E+00  1.27227924E+00  6.59716951E-01  6.32224515E-03  2.48151024E+00 -5.48588963E+00 -5.48588963E+00  0.00000000E+00
     161  1.04978793E+00  1.10816614E+00  1.25422459E+00  6.59557083E-01  6.41275528E-03  2.55062042E+00 -5.47324284E+00 -5.47324284E+00  0.00000000E+00
     171  1.04779011E+00  1.10402377E+00  1.24514812E+00  6.59479774E-01  6.46333742E-03  2.47823095E+00 -5.47056564E+00 -5.47056564E+00  0.00000000E+00
     181  1.04748898E+00  1.10311722E+00  1.24200051E+00  6.59782077E-01  6.17415594E-03  2.43354975E+00 -5.46721624E+00 -5.46721624E+00  0.00000000E+00
     191  1.04457184E+00  1.09737514E+00  1.23049990E+00  6.59395724E-01  6.55269554E-03  2.45248125E+00 -5.46287912E+00 -5.46287912E+00  0.00000000E+00
     201  1.04423800E+00  1.09676037E+00  1.22948205E+00  6.59295840E-01  6.63932273E-03  2.39599641E+00 -5.46345092E+00 -5.46345092E+00  0.00000000E+00
     211  1.04485951E+00  1.09798213E+00  1.23187289E+00  6.59392583E-01  6.55890610E-03  2.42449517E+00 -5.46539260E+00 -5.46539260E+00  0.00000000E+00
     221  1.04218968E+00  1.09226068E+00  1.21869933E+00  6.59495609E-01  6.40215013E-03  2.36584806E+00 -5.46299830E+00 -5.46299830E+00  0.00000000E+00
     231  1.03813764E+00  1.08430414E+00  1.20287739E+00  6.58965849E-01  6.89850742E-03  2.48624986E+00 -5.45596803E+00 -5.45596803E+00  0.00000000E+00
     241  1.03923937E+00  1.08656074E+00  1.20779435E+00  6.58992662E-01  6.86481004E-03  2.43707754E+00 -5.45561128E+00 -5.45561128E+00  0.00000000E+00
     251  1.03846632E+00  1.08490046E+00  1.20402911E+00  6.59014472E-01  6.80803441E-03  2.38783032E+00 -5.45328378E+00 -5.45328378E+00  0.00000000E+00
     261  1.03857026E+00  1.08489606E+00  1.20313266E+00  6.59265589E-01  6.57690203E-03  2.35536418E+00 -5.44956377E+00 -5.44956377E+00  0.00000000E+00
     271  1.03900286E+00  1.08581459E+00  1.20527720E+00  6.59235504E-01  6.59764728E-03  2.40721361E+00 -5.44899717E+00 -5.44899717E+00  0.00000000E+00
     281  1.04024816E+00  1.08833893E+00  1.21051304E+00  6.59340983E-01  6.52948915E-03  2.40809264E+00 -5.45324705E+00 -5.45324705E+00  0.00000000E+00
     291  1.04108575E+00  1.09020426E+00  1.21493998E+00  6.59264158E-01  6.65752362E-03  2.45375184E+00 -5.45512927E+00 -5.45512927E+00  0.00000000E+00
     301  1.04162076E+00  1.09141368E+00  1.21805941E+00  6.59145973E-01  6.75737783E-03  2.56388957E+00 -5.45316767E+00 -5.45316767E+00  0.00000000E+00
     311  1.04012949E+00  1.08827076E+00  1.21107786E+00  6.59139332E-01  6.71701275E-03  2.58172690E+00 -5.45053490E+00 -5.45053490E+00  0.00000000E+00
     321  1.04047160E+00  1.08906262E+00  1.21312539E+00  6.59059389E-01  6.80101582E-03  2.61356775E+00 -5.45236809E+00 -5.45236809E+00  0.00000000E+00
     331  1.04110437E+00  1.09039815E+00  1.21617497E+00  6.59039087E-01  6.82029125E-03  2.68913984E+00 -5.45525359E+00 -5.45525359E+00  0.00000000E+00
     341  1.04254320E+00  1.09333104E+00  1.22233987E+00  6.59146810E-01  6.75196962E-03  2.65327879E+00 -5.45597377E+00 -5.45597377E+00  0.00000000E+00
     351  1.04285838E+00  1.09416935E+00  1.22498192E+00  6.58933289E-01  6.94191418E-03  2.72751336E+00 -5.45661674E+00 -5.45661674E+00  0.00000000E+00
     361  1.04204702E+00  1.09241235E+00  1.22091190E+00  6.58972136E-01  6.87330222E-03  2.70821591E+00 -5.45362284E+00 -5.45362284E+00  0.00000000E+00
     371  1.04109177E+00  1.09051191E+00  1.21704969E+00  6.58865039E-01  6.96719349E-03  2.74069207E+00 -5.45141919E+00 -5.45141919E+00  0.00000000E+00
     381  1.04116395E+00  1.09061877E+00  1.21710664E+00  6.58915924E-01  6.92160809E-03  2.75840829E+00 -5.45226000E+00 -5.45226000E+00  0.00000000E+00
     391  1.04067221E+00  1.08959059E+00  1.21485668E+00  6.58903627E-01  6.91693728E-03  2.76011396E+00 -5.44858347E+00 -5.44858347E+00  0.00000000E+00
     401  1.04165014E+00  1.09154823E+00  1.21886504E+00  6.59004612E-01  6.83433892E-03  2.74433482E+00 -5.45051660E+00 -5.45051660E+00  0.00000000E+00
     411  1.04167721E+00  1.09157086E+00  1.21879427E+00  6.59038549E-01  6.79888815E-03  2.71497784E+00 -5.45185111E+00 -5.45185111E+00  0.00000000E+00
     421  1.04206648E+00  1.09237606E+00  1.22054095E+00  6.59053096E-01  6.79267068E-03  2.75399676E+00 -5.45426404E+00 -5.45426404E+00  0.00000000E+00
     431  1.04351256E+00  1.09538719E+00  1.22724238E+00  6.59063284E-01  6.78765108E-03  2.75939896E+00 -5.45479398E+00 -5.45479398E+00  0.00000000E+00
     441  1.04447287E+00  1.09741087E+00  1.23189532E+00  6.59031674E-01  6.80712612E-03  2.76429474E+00 -5.45700807E+00 -5.45700807E+00  0.00000000E+00
     451  1.04508659E+00  1.09866395E+00  1.23455233E+00  6.59075275E-01  6.77635071E-03  2.78894310E+00 -5.45895535E+00 -5.45895535E+00  0.00000000E+00
     461  1.04434018E+00  1.09706669E+00  1.23089978E+00  6.59093423E-01  6.73682168E-03  2.75114778E+00 -5.45882954E+00 -5.45882954E+00  0.00000000E+00
     471  1.04480475E+00  1.09807545E+00  1.23334341E+00  6.59043954E-01  6.77690752E-03  2.75394255E+00 -5.46143979E+00 -5.46143979E+00  0.00000000E+00
     481  1.04528265E+00  1.09911831E+00  1.23593156E+00  6.58976519E-01  6.82308335E-03  2.76773192E+00 -5.46234586E+00 -5.46234586E+00  0.00000000E+00
     491  1.04488267E+00  1.09829872E+00  1.23417900E+00  6.58951657E-01  6.84031039E-03  2.75790270E+00 -5.46051741E+00 -5.46051741E+00  0.00000000E+00
     501  1.04443470E+00  1.09735351E+00  1.23202810E+00  6.58959274E-01  6.83059817E-03  2.75724494E+00 -5.45824325E+00 -5.45824325E+00  0.00000000E+00
     511  1.04462993E+00  1.09770100E+00  1.23254317E+00  6.59032672E-01  6.76727673E-03  2.73671235E+00 -5.45958056E+00 -5.45958056E+00  0.00000000E+00
     521  1.04497132E+00  1.09833521E+00  1.23361922E+00  6.59128995E-01  6.68420939E-03  2.71279488E+00 -5.46091206E+00 -5.46091206E+00  0.00000000E+00
     531  1.04495372E+00  1.09822909E+00  1.23309079E+00  6.59209159E-01  6.61145052E-03  2.69848646E+00 -5.46245917E+00 -5.46245917E+00  0.00000000E+00
     541  1.04479859E+00  1.09790102E+00  1.23234086E+00  6.59212847E-01  6.60737781E-03  2.68715758E+00 -5.46288261E+00 -5.46288261E+00  0.00000000E+00
     551  1.04412547E+00  1.09658157E+00  1.22975781E+00  6.59108281E-01  6.69829708E-03  2.69101672E+00 -5.46132673E+00 -5.46132673E+00  0.00000000E+00
     561  1.04323717E+00  1.09475447E+00  1.22582561E+00  6.59063125E-01  6.72674648E-03  2.69249193E+00 -5.46040139E+00 -5.46040139E+00  0.00000000E+00
     571  1.04286726E+00  1.09410280E+00  1.22480846E+00  6.58940099E-01  6.85266604E-03  2.71363753E+00 -5.45882187E+00 -5.45882187E+00  0.00000000E+00
     581  1.04242529E+00  1.09318656E+00  1.22281917E+00  6.58923015E-01  6.85832165E-03  2.73763247E+00 -5.45762844E+00 -5.45762844E+00  0.00000000E+00
     591  1.04207382E+00  1.09247098E+00  1.22131905E+00  6.58895024E-01  6.87622448E-03  2.74626821E+00 -5.45666685E+00 -5.45666685E+00  0.00000000E+00
     601  1.04297263E+00  1.09432335E+00  1.22530241E+00  6.58940067E-01  6.85345413E-03  2.73828976E+00 -5.45734046E+00 -5.45734046E+00  0.00000000E+00
     611  1.04225124E+00  1.09279519E+00  1.22184814E+00  6.58949704E-01  6.82836756E-03  2.72411699E+00 -5.45653379E+00 -5.45653379E+00  0.00000000E+00
     621  1.04293948E+00  1.09423717E+00  1.22510987E+00  6.58939941E-01  6.83556891E-03  2.72549788E+00 -5.45890190E+00 -5.45890190E+00  0.00000000E+00
     631  1.04326705E+00  1.09486121E+00  1.22628177E+00  6.59002746E-01  6.77331427E-03  2.73854986E+00 -5.46066404E+00 -5.46066404E+00  0.00000000E+00
     641  1.04293554E+00  1.09420505E+00  1.22495902E+00  6.58961916E-01  6.81050842E-03  2.72815861E+00 -5.46003071E+00 -5.46003071E+00  0.00000000E+00
     651  1.04258062E+00  1.09342247E+00  1.22306846E+00  6.59000673E-01  6.76602764E-03  2.71147682E+00 -5.46040068E+00 -5.46040068E+00  0.00000000E+00
     661  1.04223558E+00  1.09280129E+00  1.22204112E+00  6.58899652E-01  6.86903547E-03  2.73815610E+00 -5.45852612E+00 -5.45852612E+00  0.00000000E+00
     671  1.04267555E+00  1.09381844E+00  1.22468965E+00  6.58795843E-01  6.97380586E-03  2.74921249E+00 -5.46060287E+00 -5.46060287E+00  0.00000000E+00
     681  1.04294631E+00  1.09437510E+00  1.22590486E+00  6.58804650E-01  6.96536578E-03  2.74687686E+00 -5.46175769E+00 -5.46175769E+00  0.00000000E+00
     691  1.04328969E+00  1.09503810E+00  1.22716070E+00  6.58868578E-01  6.90935045E-03  2.72559883E+00 -5.46271375E+00 -5.46271375E+00  0.00000000E+00
     701  1.04397807E+00  1.09645056E+00  1.23017703E+00  6.58910577E-01  6.88378207E-03  2.72731168E+00 -5.46503065E+00 -5.46503065E+00  0.00000000E+00
     711  1.04318278E+00  1.09487835E+00  1.22700070E+00  6.58813511E-01  6.97579015E-03  2.74531346E+00 -5.46359700E+00 -5.46359700E+00  0.00000000E+00
     721  1.04375949E+00  1.09605380E+00  1.22948990E+00  6.58854251E-01  6.94630935E-03  2.74117554E+00 -5.46448636E+00 -5.46448636E+00  0.00000000E+00
     731  1.04382291E+00  1.09612323E+00  1.22937652E+00  6.58928920E-01  6.88022203E-03  2.73400686E+00 -5.46409777E+00 -5.46409777E+00  0.00000000E+00
     741  1.04319707E+00  1.09500732E+00  1.22759086E+00  6.58729814E-01  7.07983404E-03  2.80301569E+00 -5.46305799E+00 -5.46305799E+00  0.00000000E+00
     751  1.04327733E+00  1.09520626E+00  1.22816618E+00  6.58693903E-01  7.11287307E-03  2.80573287E+00 -5.46436506E+00 -5.46436506E+00  0.00000000E+00
     761  1.04259108E+00  1.09379437E+00  1.22510391E+00  6.58665407E-01  7.13336621E-03  2.79989748E+00 -5.46256991E+00 -5.46256991E+00  0.00000000E+00
     771  1.04291150E+00  1.09455978E+00  1.22715290E+00  6.58572538E-01  7.23533623E-03  2.79535993E+00 -5.46239302E+00 -5.46239302E+00  0.00000000E+00
     781  1.04257902E+00  1.09384914E+00  1.22551249E+00  6.58585763E-01  7.21723749E-03  2.82001860E+00 -5.46116200E+00 -5.46116200E+00  0.00000000E+00
     791  1.04165016E+00  1.09196390E+00  1.22150213E+00  6.58526970E-01  7.27046039E-03  2.84262313E+00 -5.45990075E+00 -5.45990075E+00  0.00000000E+00
