   #Iter           <M>_x           <M>_y           <M>_z             <M>        M_{stdv}
       0 -3.67583713E-02 -1.04086078E-03  4.23274816E-02  8.33516565E-02  3.98544653E-02
      50 -5.60154980E-02  3.04996831E-02 -4.93378903E-02  1.12282502E-01  3.96729855E-02
     100 -7.04389772E-02  5.15393767E-03  5.76002564E-02  1.30074356E-01  5.42669613E-02
     150 -2.29764532E-02 -2.47408523E-02  2.02232308E-02  1.00575377E-01  2.15470199E-02
     200  5.31710294E-02 -9.65839164E-03  1.82756157E-02  7.72966428E-02  3.81706572E-02
     250 -6.05523378E-02  3.86653208E-02 -7.50737822E-02  1.44360714E-01  5.85302509E-02
     300 -1.18665733E-02 -3.17772692E-02  2.58081153E-02  1.01909243E-01  4.29041935E-02
     350  9.73128985E-03 -9.23462892E-03  8.79520404E-02  1.04916201E-01  3.48990604E-02
     400 -7.00218246E-02  3.33605196E-02 -9.90010661E-02  1.66952638E-01  7.33711051E-02
     450 -6.79530526E-03 -6.41819917E-02 -6.31353443E-03  1.08077636E-01  3.17134343E-02
     500 -7.49148427E-02  4.15610893E-02  2.73576831E-02  1.29270651E-01  4.71655761E-02
     550 -3.28224472E-02 -3.14968260E-02  7.71207857E-02  1.26542006E-01  4.51313141E-02
     600  2.03611232E-02  2.39805339E-02 -3.36002836E-02  8.63690438E-02  3.72791009E-02
     650 -4.25481827E-02 -5.16732101E-02 -9.18452790E-02  1.45890795E-01  3.07809646E-02
     700  1.36358174E-01  5.68780060E-02  7.44145962E-02  1.89155854E-01  8.04990168E-02
     750 -7.09319487E-02 -2.87563348E-02 -1.10176053E-02  1.36762181E-01  4.39108129E-02
     800  2.63053400E-03  1.51931577E-02  2.75007589E-02  1.16855528E-01  6.21140061E-02
     850 -3.85851055E-02 -1.71188415E-02  5.27518030E-02  1.11516067E-01  2.43363808E-02
     900  7.16946862E-02 -2.96082493E-02  7.30082299E-02  1.63045725E-01  3.80499246E-02
     950 -1.54083142E-02  1.56764004E-03 -3.27500787E-02  1.23373297E-01  4.87801867E-02
    1000 -2.54258553E-02 -1.20624105E-02 -3.06142188E-02  1.06814102E-01  3.96485525E-02
    1050  6.30988492E-02 -2.46354132E-02 -7.21055903E-02  1.37958091E-01  4.47118316E-02
    1100  2.32331426E-02  6.13431626E-02 -2.48069803E-02  1.13720842E-01  1.98576112E-02
    1150 -2.93323056E-03  4.84824370E-02  1.12297601E-01  1.56744329E-01  4.09140239E-02
    1200  2.74986286E-02  2.56341847E-02 -1.74571563E-02  1.16164255E-01  5.95219004E-02
    1250 -1.11950349E-01 -8.09863867E-02  9.51419674E-03  1.61687423E-01  7.79226469E-02
    1300  2.29729823E-02  6.12669080E-02 -1.18130025E-01  1.67827468E-01  2.99030869E-02
    1350 -4.31549911E-03  5.02313137E-02  1.36941342E-02  9.45315448E-02  3.11506040E-02
    1400 -2.40984554E-02 -1.76195654E-02 -8.63764827E-03  5.96757260E-02  3.77207721E-02
    1450  4.35503483E-02  1.24207195E-01 -6.39954740E-02  1.76884854E-01  3.24587529E-02
    1500  4.35873103E-02  3.97707587E-02 -1.26334840E-02  1.03833637E-01  1.23760716E-02
    1550 -5.26335337E-02 -3.73972187E-02 -8.47521140E-02  1.32849369E-01  4.58205357E-02
    1600 -5.86658193E-02  6.91717366E-02 -6.25930463E-02  1.29080795E-01  4.97899102E-02
    1650 -5.86811022E-02  3.70951503E-03 -7.64232903E-02  1.15500283E-01  4.11055975E-02
    1700 -7.14044320E-02 -2.05677310E-02  1.01985358E-01  1.77678501E-01  3.71123484E-02
    1750 -4.23039443E-02  1.94191477E-02 -1.96819096E-02  7.46847173E-02  6.08166324E-02
    1800 -2.66982941E-03 -7.69519665E-02 -5.50377737E-03  1.14904063E-01  3.84690693E-02
    1850 -1.51717366E-02  6.43059092E-02  1.45291655E-02  1.32402381E-01  3.29325588E-02
    1900  5.17416556E-03 -9.74018233E-02  9.24932123E-02  1.48972057E-01  6.76531533E-02
    1950  2.59583793E-02 -4.66074454E-02 -3.55902978E-02  9.47201795E-02  5.63286052E-02
    2000 -7.06655012E-02 -5.72258838E-02  3.48624280E-02  1.71214747E-01  3.21936163E-02
    2050 -5.27828409E-02 -6.64429657E-02 -2.36630804E-02  1.15124657E-01  3.70662519E-02
    2100 -3.92689443E-02  1.74227176E-02  1.07686134E-01  1.37043833E-01  6.10842721E-02
    2150 -2.22066311E-03 -6.32821736E-02 -3.32589824E-02  1.24610362E-01  3.84129011E-02
    2200  1.09671103E-02 -7.01086491E-04  3.47553145E-02  9.47257200E-02  4.74956280E-02
    2250  1.95298894E-02  4.19471576E-02 -7.31609642E-02  1.09682373E-01  3.56749204E-02
    2300  5.35671843E-02 -5.88017172E-02 -1.28483637E-02  1.30102620E-01  5.55697488E-02
    2350 -3.53213322E-02  6.43479969E-02 -6.63041200E-02  1.37186746E-01  2.79942823E-02
    2400  4.88875243E-02 -1.58395129E-02 -1.06893200E-01  1.26387127E-01  6.14091249E-02
    2450  1.15098367E-01  5.90276694E-02 -1.53895747E-02  1.45175464E-01  5.63424409E-02
    2500  4.13473134E-02 -4.97302572E-02 -5.07970028E-02  1.26479206E-01  4.96202795E-02
    2550  4.01546429E-02  3.93239837E-02 -2.10917601E-02  1.04270315E-01  4.43144783E-02
    2600 -1.42806982E-03  8.39413592E-04 -1.17123593E-02  1.05816869E-01  3.99146373E-02
    2650  5.09511604E-02  7.77446979E-02 -9.18818958E-02  1.69800022E-01  6.97264931E-02
    2700  8.77199320E-03 -1.18756572E-02  1.05269454E-02  1.03132883E-01  2.73697604E-02
    2750 -9.79208561E-03  4.55471209E-03  3.57738896E-02  1.14615504E-01  5.46693885E-02
    2800 -2.18476513E-02  9.54365341E-02  6.05893747E-02  1.56178223E-01  5.36205641E-02
    2850  1.22644467E-01 -1.77281747E-03  7.14060628E-02  1.64981973E-01  6.34540329E-02
    2900 -3.58000571E-02 -7.29809496E-02  6.01416111E-02  1.38668745E-01  3.16984890E-02
    2950 -1.01866081E-02 -7.07981390E-02  5.64144578E-03  9.87174557E-02  2.20927017E-02
    3000 -7.95248274E-02 -4.37169009E-02 -2.63968004E-02  1.19802496E-01  6.66118042E-02
    3050  1.86711190E-02  4.72341797E-02  8.34301751E-02  1.26513795E-01  6.51130963E-02
    3100  3.18877326E-02 -4.89735328E-02  1.08737148E-01  1.45766100E-01  5.63630745E-02
    3150  3.88115134E-02  7.57954245E-02 -1.49145302E-02  1.36675114E-01  4.91037377E-02
    3200 -5.03386334E-02 -6.40375556E-02 -2.68287353E-02  1.33804936E-01  3.64137067E-02
    3250  9.94096095E-02  3.62708976E-02  5.88202841E-02  1.55907262E-01  5.68391895E-02
    3300  5.27722941E-03  1.55834119E-02 -4.74409218E-02  1.00072452E-01  3.25776697E-02
    3350 -1.37309740E-02  3.23001535E-02  3.80019910E-02  8.40907567E-02  2.51223279E-02
    3400  5.91397709E-02  4.22643422E-02  1.12311010E-01  1.59192924E-01  4.89213729E-02
    3450 -3.80566115E-02  2.82819810E-02  9.41981568E-02  1.39095214E-01  3.55537111E-02
    3500  3.24260360E-02  2.79237686E-02  3.76493446E-02  8.14288954E-02  4.37262451E-02
    3550  9.17205878E-03  7.64857340E-02 -1.43849281E-02  1.29602185E-01  2.48902027E-02
    3600  1.53135838E-01  1.55203652E-01  4.67932547E-02  2.55727570E-01  5.26931977E-02
    3650 -2.00000132E-02  6.14699832E-02  1.64041935E-02  9.91216005E-02  5.66196171E-02
    3700 -2.86249298E-02 -1.62394857E-02  5.41536123E-02  1.42332943E-01  4.33810940E-02
    3750  1.81845124E-02 -3.92651717E-02  4.51037751E-02  9.77750826E-02  3.14557307E-02
    3800  3.85110941E-02 -2.57895708E-02  3.66712275E-02  1.19292337E-01  6.00457021E-02
    3850  5.48420922E-02 -2.83582965E-02  1.98962247E-02  1.20709702E-01  4.50069333E-02
    3900  1.11431385E-02 -1.07241948E-01  4.78332829E-02  1.29780859E-01  3.56852995E-02
    3950 -3.42614529E-02 -4.94432787E-02 -1.52798537E-02  1.29889119E-01  5.05111112E-02
    4000  5.60482087E-02  4.77529798E-02  2.06901862E-02  1.15666552E-01  3.54277473E-02
    4050  7.30097016E-02 -1.02238585E-01 -8.88194835E-02  1.72230794E-01  7.61576936E-02
    4100 -3.01159922E-02 -2.91444472E-02  8.45245700E-02  1.18479405E-01  5.36131520E-02
    4150 -3.79097332E-02 -5.53949818E-02 -1.14527566E-02  1.18681355E-01  5.68482473E-02
    4200 -2.63545713E-02 -2.40948184E-03 -5.80011133E-02  1.01128573E-01  4.62976067E-02
    4250 -4.50146701E-04 -1.34128849E-03  3.29392417E-02  9.63437095E-02  3.73325059E-02
    4300 -2.57403722E-03 -6.66970555E-02 -7.48993107E-02  1.12500626E-01  3.96565498E-02
    4350 -6.84526076E-02 -5.62602551E-02 -8.19225192E-02  1.41781287E-01  6.60379939E-02
    4400  1.60696262E-02 -8.29215110E-03 -4.34819860E-02  1.15971768E-01  5.79477917E-02
    4450 -4.33058571E-03 -9.66912814E-02  5.53880991E-02  1.36656762E-01  5.89661329E-02
    4500  3.90029053E-02  1.75094258E-02 -5.19883944E-02  1.33731409E-01  1.99548562E-02
    4550 -7.43415284E-02  1.58612986E-02  9.27513103E-03  1.29798841E-01  4.64609240E-02
    4600 -7.35215388E-02 -1.94709443E-02  1.17451549E-02  1.29621224E-01  5.70960949E-02
    4650 -1.93424763E-02 -1.01671533E-01  1.00707207E-03  1.20480633E-01  4.44563024E-02
    4700 -1.93591968E-02  7.19436191E-03  3.80971434E-02  8.08037180E-02  3.00040178E-02
    4750 -5.28656440E-02 -2.19728557E-02  8.09356296E-03  1.21594119E-01  5.17473335E-02
    4800 -1.30258446E-02  6.48487718E-02  2.85415673E-02  1.04750753E-01  3.20953764E-02
    4850 -1.14125200E-01  6.34517112E-02 -1.15637032E-02  1.59577007E-01  5.69994810E-02
    4900  6.03183644E-02  6.93843534E-02  1.90630433E-02  1.14528878E-01  3.80715567E-02
    4950  3.41278391E-02 -1.53916345E-02 -6.14793063E-03  1.30885965E-01  2.79760338E-02
    5000  6.41486862E-03  1.23017262E-03  1.46023732E-02  8.18337796E-02  3.81653921E-02
    5050  2.75593459E-02  5.33886688E-02  3.44733068E-02  1.00434782E-01  3.43869727E-02
    5100 -2.73027014E-02  3.90833113E-02 -8.88071108E-02  1.20253547E-01  4.12936299E-02
    5150  8.29111383E-02 -2.45422051E-02  7.53422956E-02  1.40793573E-01  3.60045468E-02
    5200 -1.05873276E-02  1.88587626E-02  8.61345111E-03  1.08172244E-01  3.76495721E-02
    5250 -5.97256647E-03  2.03068520E-02 -1.04054944E-01  1.52136155E-01  3.35259864E-02
    5300  3.89863712E-02  5.28918838E-02  4.79074550E-02  1.41697806E-01  4.48587329E-02
    5350 -5.21219161E-02  7.13760867E-02 -4.87359583E-02  1.17024476E-01  5.02002532E-02
    5400  6.15886279E-03  4.04370502E-02  2.74175787E-02  8.25982068E-02  3.55279793E-02
    5450 -4.51255181E-02  8.87991286E-02  5.21162997E-03  1.39009732E-01  7.15261076E-02
    5500  1.00300198E-01 -5.34898422E-02  2.34489848E-02  1.68180089E-01  6.42724313E-02
    5550  7.87292906E-02  1.99034523E-02 -4.64769130E-02  1.57967894E-01  4.84595763E-02
    5600 -1.04991802E-02  5.83608302E-02  1.09816008E-01  1.61920390E-01  3.59121254E-02
    5650 -6.65403924E-02  4.93527145E-03 -4.32915924E-04  1.37502659E-01  3.67396787E-02
    5700 -3.05019903E-02 -5.18286406E-02 -4.99633290E-02  1.09213089E-01  4.93731964E-02
    5750  1.46455873E-02 -5.12166283E-02  3.02449800E-02  8.63429597E-02  4.46041028E-02
    5800  6.62807919E-02 -5.38946446E-03 -1.10099341E-02  1.15872688E-01  4.25645181E-02
    5850 -3.11437919E-02 -1.29304579E-02 -5.16983500E-02  1.16337844E-01  2.24139776E-02
    5900  6.91696948E-02 -5.94005254E-02  6.50151483E-02  1.35804274E-01  2.47530466E-02
    5950 -2.83171754E-03  6.35284826E-04  2.15830955E-02  6.93093290E-02  2.98221323E-02
    6000  7.52037028E-02  1.49450399E-02  3.45454497E-02  1.08918384E-01  2.97934113E-02
    6050  5.03642355E-02  3.19467826E-02 -1.13762224E-02  1.14109896E-01  4.26265905E-02
    6100  1.60746023E-02 -2.24837477E-02 -9.88543741E-02  1.27181160E-01  3.00421477E-02
    6150  5.76135484E-02  5.39215819E-02 -3.70860781E-02  1.21808062E-01  6.35815376E-02
    6200  1.16180363E-01 -5.72382002E-03  1.10365447E-01  1.75165194E-01  5.95408036E-02
    6250  1.03472121E-02  5.40372054E-02 -4.15365855E-02  1.14802808E-01  2.67404923E-02
    6300  1.73072192E-01 -8.99993952E-03  4.43244474E-02  2.13013096E-01  2.40352345E-02
    6350 -3.07920831E-03 -4.07552874E-02  5.79589233E-03  6.23033643E-02  2.87203895E-02
    6400 -4.10059934E-02 -3.80543065E-02 -8.50585112E-02  1.18767887E-01  6.21986764E-02
    6450  4.72251054E-02 -6.15885905E-02 -1.56870873E-03  1.57277930E-01  3.28693452E-02
    6500 -6.67230098E-02 -9.28094478E-03 -2.21226757E-03  1.18437459E-01  2.00110482E-02
    6550  6.56045790E-02 -4.70682153E-02  3.13727799E-02  1.61514088E-01  5.06011110E-02
    6600 -7.00831020E-02  1.05040533E-01 -1.00105120E-01  1.81613007E-01  3.25433222E-02
    6650 -8.65231476E-02  1.06586473E-01  2.93333231E-02  1.52062287E-01  3.79433055E-02
    6700  2.84605311E-02  4.30358915E-02  6.84664570E-02  1.21426585E-01  5.64627111E-02
    6750  1.84093257E-03  8.06521792E-02  8.08646892E-03  1.75449031E-01  5.63027148E-02
    6800  6.35399906E-02  3.12455109E-02  6.29844028E-02  1.74664779E-01  8.29666133E-02
    6850 -7.65166700E-03  9.23612892E-02 -1.39285450E-02  1.57287086E-01  5.89667541E-02
    6900  6.61326239E-02 -1.80483494E-03  6.52710037E-03  1.51820818E-01  2.35039696E-02
    6950  1.37306624E-01 -2.18787094E-02  5.41879785E-04  1.69505198E-01  5.88887645E-02
    7000  4.22241431E-02 -1.36008205E-02 -9.56946851E-04  7.29722314E-02  3.40297753E-02
    7050 -9.53791656E-02  2.50016129E-02 -2.31990764E-02  1.37562925E-01  3.32816849E-02
    7100  6.19436089E-02  7.62793952E-02  2.64755414E-02  1.34022482E-01  4.98939273E-02
    7150  9.79049941E-03  1.18602915E-01 -3.00941977E-03  1.53383780E-01  3.98033729E-02
    7200  1.19315491E-01  6.11712490E-02  9.01058288E-03  1.81658792E-01  5.02087156E-02
    7250 -3.47261658E-02 -2.77986082E-02 -6.27458069E-02  1.27728979E-01  3.78405089E-02
    7300  5.06645879E-02  3.88548285E-02  1.37176102E-02  1.10248576E-01  3.21327813E-02
    7350 -2.15328994E-02  5.90502804E-02 -7.94544602E-02  1.23575089E-01  4.72408194E-02
    7400  8.26091903E-02  4.46682932E-02  3.41938961E-02  1.22688304E-01  4.33584474E-02
    7450 -9.49759890E-03 -1.92919912E-02 -9.99288110E-02  1.19312871E-01  3.35707017E-02
    7500 -1.35626484E-02  1.27965635E-01  4.12545111E-02  1.49278273E-01  4.27027490E-02
    7550 -1.72138670E-02  3.39993819E-02 -5.28109104E-02  1.21889819E-01  3.06924449E-02
    7600  5.07370870E-02  6.59642018E-02 -5.00332310E-02  1.32431984E-01  4.50028190E-02
    7650  4.85564296E-02  8.04318312E-02 -4.81182382E-02  1.36360371E-01  4.72161740E-02
    7700 -1.60076929E-02 -1.32351109E-01 -4.79076244E-03  1.57357433E-01  2.40198875E-02
    7750 -3.13285660E-02  2.66696220E-03  1.35860721E-01  1.62487027E-01  6.61185482E-02
    7800  7.61174823E-02  2.05772208E-02 -4.92407665E-02  1.26720549E-01  5.57674481E-02
    7850 -3.15068453E-02  1.79560912E-02 -4.42675545E-02  1.14325555E-01  2.71297873E-02
    7900  2.15855608E-03 -7.17917987E-02 -6.25305866E-03  1.33804806E-01  8.45679786E-03
    7950  3.06790074E-03  1.53086265E-02 -6.33014073E-02  1.29222002E-01  2.83199513E-02
    8000 -7.59212939E-02  5.98906623E-03 -5.21115196E-03  1.12310594E-01  4.89822373E-02
    8050 -1.28377726E-02 -1.58723681E-02 -4.96641581E-02  1.09495562E-01  7.59296912E-02
    8100 -3.31971027E-02 -7.58672344E-02  4.02805416E-03  1.34931020E-01  3.76567311E-02
    8150 -1.27079402E-02 -4.70005213E-02 -3.78151804E-02  1.51932524E-01  4.13662126E-02
    8200  7.51542148E-02  2.80823149E-02 -5.18969164E-02  1.26086617E-01  2.89734707E-02
    8250 -2.79336096E-02 -1.01333917E-02  2.73343367E-02  9.09235709E-02  3.02579066E-02
    8300  1.66647969E-03 -2.60486624E-02 -6.98146734E-02  1.30512742E-01  4.41674439E-02
    8350  6.53684425E-03  3.21672341E-02 -7.79303809E-03  8.82675887E-02  2.81721688E-02
    8400  9.14331371E-04  5.25777114E-02 -7.65218392E-02  1.32514333E-01  7.70728926E-02
    8450  1.21840565E-02 -3.80657026E-02 -3.96454368E-02  7.85847370E-02  3.02339778E-02
    8500 -7.45586673E-03  5.73385294E-03 -5.03071557E-02  1.15600881E-01  1.77800929E-02
    8550 -1.04799971E-02  1.11557585E-02  6.62661644E-02  1.06450979E-01  3.07096370E-02
    8600  3.33883041E-02 -7.13062479E-02 -1.68724507E-02  1.25913569E-01  6.26196178E-02
    8650 -1.56549984E-02  4.02744451E-02 -1.79506387E-02  1.24051564E-01  2.83074993E-02
    8700 -1.38535088E-02  1.16045824E-02 -9.18093637E-02  1.07289628E-01  3.95216290E-02
    8750 -3.59535961E-02 -4.21260087E-02  3.65449536E-02  8.40983514E-02  2.46907646E-02
    8800  9.71310689E-02  5.23502047E-02  9.37040168E-03  1.22906520E-01  5.20418663E-02
    8850 -1.25120859E-02 -2.16726701E-02 -1.59315931E-02  9.63370196E-02  3.73996135E-02
    8900  7.06748248E-03 -1.24211147E-02  1.57636261E-02  1.02936449E-01  5.28827785E-02
    8950 -1.87735788E-02  1.98037428E-02 -6.67893643E-02  1.16362929E-01  1.38183872E-02
    9000  1.08256229E-02  4.77713147E-02 -9.79954703E-02  1.37322196E-01  3.77532020E-02
    9050  1.21956527E-01 -7.82433294E-02 -4.18223509E-03  1.63170266E-01  5.08057693E-02
    9100 -5.44612937E-03 -6.49795700E-03 -8.57029193E-02  1.38372968E-01  6.15575568E-02
    9150 -4.28042919E-02  6.95110875E-02 -1.36382722E-02  1.23734350E-01  4.52132839E-02
    9200  4.85370805E-02 -1.34672708E-01 -6.33743752E-03  1.70712940E-01  2.10076039E-02
    9250  4.28359124E-02 -7.85216980E-02 -3.66266381E-02  1.31978085E-01  3.26361143E-02
    9300 -8.88269102E-02 -1.02627430E-01 -8.57808226E-02  1.74975721E-01  2.67812149E-02
    9350 -3.66283909E-02 -8.01178225E-02  5.00167295E-02  1.18255910E-01  2.82092432E-02
    9400 -4.45365822E-02 -1.00506496E-01 -8.03057704E-02  1.59311080E-01  4.25112463E-02
    9450  4.39545111E-02 -2.38453550E-02  2.13551319E-02  7.70910585E-02  3.35778053E-02
    9500 -5.45039961E-02  4.33863241E-02  6.42333689E-02  1.54555872E-01  8.62619140E-02
    9550  4.97709337E-02 -1.73564010E-02  5.39322141E-02  9.87590325E-02  5.40018081E-02
    9600 -5.71731185E-02 -1.77131556E-02 -8.15591367E-02  1.55607667E-01  4.68183519E-02
    9650 -9.52958403E-03  8.17169171E-02 -2.25796277E-02  1.19130357E-01  4.18895311E-02
    9700  5.08906074E-02 -4.36338488E-03 -1.34155874E-02  7.80354355E-02  1.46755133E-02
    9750 -6.60755785E-02  1.88952116E-02 -3.75872237E-02  1.37810206E-01  4.99659079E-02
    9800 -8.33905815E-02  7.33673124E-02  9.46450480E-02  1.55936463E-01  5.99512277E-02
    9850  4.63394434E-02 -1.29555018E-01 -7.78048056E-02  1.65782657E-01  2.65624319E-02
    9900  5.54322558E-02 -9.24723570E-03  1.24591188E-02  9.95664888E-02  3.86086890E-02
    9950 -4.08578831E-03  1.66548031E-03  1.92547644E-02  8.54294865E-02  3.88917551E-02
   10000 -1.80265882E-02  8.09205742E-03  1.91039635E-02  7.47242215E-02  2.91071212E-02
   10050 -9.34896083E-03 -6.56563377E-02 -9.39477931E-02  1.64058377E-01  5.53848567E-02
   10100 -8.29585070E-02  6.14040567E-02  9.21571130E-02  1.49644322E-01  6.94249185E-02
   10150  6.03180544E-02 -8.53152967E-02  1.35496589E-01  1.99723231E-01  5.46513743E-02
   10200  8.70429547E-02  2.36602989E-02 -2.22458006E-02  1.42264485E-01  3.92101343E-02
   10250  1.73677195E-02  8.35292348E-02 -6.34274729E-02  1.45031500E-01  3.24155959E-02
   10300 -4.30568444E-02  2.78882749E-02 -1.35948716E-02  1.08672165E-01  1.93750978E-02
   10350  5.72110150E-02 -5.69999722E-02 -2.10804098E-02  1.40625739E-01  3.44408960E-02
   10400 -4.27753225E-02  1.47981392E-01 -8.76539057E-02  1.85469940E-01  5.85511539E-02
   10450 -6.09670690E-02 -4.03499117E-02  2.54088792E-02  1.17112601E-01  3.19189729E-02
   10500  7.44424126E-02 -3.34099061E-02 -1.18168481E-01  1.87167961E-01  3.16162062E-02
   10550  2.29612939E-02  1.81903112E-02  1.06288375E-02  1.20444365E-01  4.14473100E-02
   10600 -1.76172476E-02 -2.96290736E-02 -3.64800365E-02  9.72080250E-02  3.30868345E-02
   10650  6.17438632E-03  9.69970544E-02 -6.66443138E-02  1.37486489E-01  6.43603657E-02
   10700  8.70255341E-02  3.51401514E-02  3.19641947E-02  1.52825708E-01  5.40631189E-02
   10750 -3.82215918E-02 -3.86777681E-02  9.78758843E-02  1.84538122E-01  3.99124395E-02
   10800  5.40104160E-02  6.94499849E-02 -5.20624520E-03  1.21364965E-01  4.73596312E-02
   10850 -1.20024655E-02  3.18907912E-02 -5.67287643E-02  1.32419473E-01  2.37800388E-02
   10900 -4.15349197E-02 -2.82522591E-02  5.28973925E-02  1.03052654E-01  3.24715350E-02
   10950 -3.70562030E-02  7.00808590E-02  5.22132858E-02  1.32545544E-01  3.27362982E-02
   11000  2.14556135E-02 -1.75063185E-02  6.42072457E-02  9.78693921E-02  2.80630789E-02
   11050  7.55406000E-02  1.17453201E-03  2.15107096E-02  1.07500776E-01  7.03814660E-02
   11100  9.16721573E-02  1.50258879E-02 -8.88481706E-02  1.31862601E-01  4.53402516E-02
   11150  2.93966378E-03 -3.79396853E-02  9.09834451E-02  1.14662397E-01  2.18802821E-02
   11200  1.54837012E-02 -6.96389904E-03  8.20462966E-03  1.07879395E-01  2.50427749E-02
   11250 -4.38246191E-02  3.92265883E-02 -1.90741111E-02  9.17891359E-02  1.38196824E-02
   11300 -6.06563228E-02 -5.87477191E-02  2.13431384E-02  1.12688511E-01  2.81581242E-02
   11350  4.64300722E-03  1.34860151E-02  4.96039772E-02  1.04697572E-01  1.60699512E-02
   11400  1.07564114E-02 -1.22251504E-02  4.25337053E-03  8.28813902E-02  5.00956631E-02
   11450  1.26122876E-02 -4.27306419E-02 -7.16641983E-02  1.23204023E-01  3.26813566E-02
   11500  5.24465386E-02 -1.64398006E-02 -3.96885202E-02  1.09967219E-01  3.17178772E-02
   11550  6.65325023E-02 -2.72840943E-02  2.85097689E-03  1.06241453E-01  4.37729834E-02
   11600  2.84125266E-02 -7.97568510E-02  1.38302576E-01  1.73287157E-01  4.06595006E-02
   11650 -3.52921260E-02 -6.80548844E-02  1.31371661E-02  1.09236106E-01  3.64085817E-02
   11700  1.58236607E-02 -7.05099477E-02  1.03351345E-01  1.40661323E-01  8.72836021E-02
   11750 -1.29527376E-02  1.30276203E-02  5.89980978E-02  1.24926001E-01  5.58306345E-02
   11800 -7.40713694E-03 -8.00971969E-02  1.18097640E-02  1.35093474E-01  5.89099834E-02
   11850  6.08853158E-02  4.96758634E-03  1.23838220E-02  9.82099132E-02  5.51127574E-02
   11900  1.66823136E-02 -2.94400511E-02 -6.23552047E-02  1.30213075E-01  3.16263938E-02
   11950  7.90836744E-02 -3.24107755E-02  7.73249408E-03  1.18840290E-01  2.97553066E-02
   12000 -2.64028155E-02  3.96063801E-02 -5.52229448E-02  1.17222119E-01  5.53188107E-02
   12050  4.36309440E-02  1.37750733E-02  4.51609884E-02  1.19242493E-01  2.35407985E-02
   12100 -6.93647823E-03  2.57570928E-02  5.61828678E-02  1.27385679E-01  4.28189327E-02
   12150  8.42561654E-03 -3.94203892E-02 -4.56868586E-02  7.86020842E-02  1.89098773E-02
   12200  3.50201507E-02 -4.93519874E-02  1.57180618E-01  1.75001304E-01  2.94559254E-02
   12250  2.91546107E-02  2.53330373E-04 -4.99081779E-02  9.75980140E-02  5.62748997E-02
   12300  2.50853022E-02  4.61659251E-02 -4.10515841E-02  1.48359634E-01  3.67462254E-02
   12350  1.61798819E-02 -4.16800711E-02 -3.48732491E-02  9.21959813E-02  2.24520114E-02
   12400  7.74928014E-02  1.02257053E-01  9.90139206E-02  1.96855835E-01  8.71926402E-02
   12450 -5.77200326E-02 -3.11066369E-02  7.86622554E-02  1.38660010E-01  3.48085961E-02
   12500 -1.39740811E-01 -8.36913601E-02  7.71637039E-02  2.01333683E-01  5.70384300E-02
   12550  7.46277973E-02 -7.99901124E-02 -4.53807051E-03  1.51228890E-01  5.25101320E-02
   12600 -6.83346633E-02 -8.47536728E-02 -3.03358889E-02  1.58865751E-01  4.40173588E-02
   12650  1.80154779E-02  4.05903287E-02  3.69727145E-02  1.05250975E-01  2.99743917E-02
   12700  1.01401383E-02 -4.09434780E-02 -5.80524844E-02  1.11319303E-01  4.97889596E-02
   12750 -1.13152620E-02  8.25591846E-02  7.75895926E-04  1.30242429E-01  3.07955276E-02
   12800  6.81429923E-03  6.84406449E-03 -4.13077184E-02  1.22924703E-01  5.34643018E-02
   12850  5.58495656E-02  1.19989651E-02 -6.77442906E-02  1.20049271E-01  2.36611190E-02
   12900 -5.04342682E-02 -5.77714865E-02  1.39269944E-02  9.98248501E-02  4.34704990E-02
   12950 -3.36415732E-03 -3.82589302E-02  1.11711642E-01  1.49649365E-01  5.45210080E-02
   13000 -9.52256886E-02 -7.82505441E-02 -3.41002920E-03  1.75997380E-01  4.19616297E-02
   13050 -2.11644658E-03 -1.11041044E-04 -9.59718621E-02  1.17883458E-01  7.85079098E-02
   13100  3.16533453E-02  1.82160872E-02  2.99679475E-02  1.07317819E-01  2.10921987E-02
   13150 -7.75020901E-03 -7.34125377E-03  7.13993830E-04  8.58667440E-02  3.50409994E-02
   13200  6.88799086E-03 -1.35737648E-02  1.21079962E-02  9.23798271E-02  2.82484062E-02
   13250 -9.02119830E-02 -1.52923894E-03 -3.08594199E-02  1.21778704E-01  3.12161566E-02
   13300 -1.60476992E-02  7.40862203E-02 -3.25866622E-02  1.14738229E-01  3.53285448E-02
   13350  7.38311558E-02 -4.97784921E-02 -8.36704246E-02  1.59890575E-01  5.37599713E-02
   13400  3.68276946E-02  6.21093506E-02 -3.18236267E-02  1.20720386E-01  1.15399723E-02
   13450  2.34068257E-02 -1.71813694E-02  3.77618899E-02  9.19741300E-02  4.07037387E-02
   13500  8.87689674E-03 -4.72872837E-02 -4.05426485E-02  8.80319137E-02  3.05123242E-02
   13550  3.09635345E-02 -4.28574632E-02  6.63171195E-02  1.34592422E-01  5.33251205E-02
   13600 -2.91014806E-02 -2.60035695E-02 -1.09019041E-01  1.62253090E-01  4.87240499E-02
   13650  1.22778248E-02  4.86228014E-02 -6.22424688E-02  1.03980594E-01  4.77825216E-02
   13700  3.62872182E-02  1.80609903E-02 -1.75520030E-02  9.44149901E-02  1.73295297E-02
   13750 -9.14289299E-04  9.62143397E-03 -5.14059496E-02  9.00527418E-02  3.61699017E-02
   13800  4.23488091E-02  4.54028500E-02 -7.75342989E-03  9.50023015E-02  5.07045543E-02
   13850  1.95449617E-02  3.14191101E-02  7.18779250E-02  9.77251682E-02  9.52096136E-03
   13900  3.68035614E-02 -4.74959804E-02  8.88074242E-02  1.32938433E-01  3.59616407E-02
   13950  8.21782085E-02  4.97980419E-02  6.92087603E-02  1.48665725E-01  7.91074900E-02
   14000  2.29019580E-02 -6.64854467E-03  3.28003548E-02  9.86484231E-02  2.59449998E-02
   14050  2.18284117E-02 -5.46790297E-02 -1.62354631E-02  1.35292975E-01  8.08030670E-02
   14100 -3.47220611E-02  8.24124216E-02 -2.22805523E-03  1.05111744E-01  5.21957026E-02
   14150  1.79549411E-02 -3.08041834E-02 -7.85428973E-02  1.09873280E-01  3.57433351E-02
   14200  4.20462983E-02 -7.30484486E-03  4.86370219E-02  1.30085512E-01  3.00685018E-02
   14250 -4.13369578E-02  1.09145118E-02  1.14849670E-01  1.49685166E-01  5.91294949E-02
   14300  4.92036820E-02 -2.65730980E-02 -4.99657429E-02  1.19497113E-01  5.91038806E-02
   14350  2.82063014E-02  4.78069857E-02 -2.66239919E-03  1.00030336E-01  2.69666898E-02
   14400 -6.76248504E-02  8.41471265E-02  5.66551157E-02  1.44781320E-01  1.76994252E-02
   14450 -9.04185629E-02  4.22568794E-02  8.62547531E-02  1.70818589E-01  3.69953339E-02
   14500 -1.35173009E-02 -8.38080133E-02  2.38323777E-02  1.08764223E-01  5.25432626E-02
   14550  9.89907889E-02 -5.91529156E-02 -5.86908024E-02  1.50712401E-01  5.75760311E-02
   14600  3.29425377E-02 -1.60680017E-02 -9.83963829E-04  9.24600702E-02  3.79567289E-02
   14650  4.71538464E-02  7.84612716E-02  6.32845965E-02  1.22946748E-01  3.63373190E-02
   14700 -7.91653777E-02  2.84307951E-02 -2.12044670E-02  1.14073018E-01  5.47982872E-02
   14750  2.59731965E-02 -2.34528502E-03  6.92306286E-04  7.92432218E-02  3.14658330E-02
   14800 -9.81443557E-03 -3.21433116E-02 -1.29399206E-02  9.30062773E-02  3.96549878E-02
   14850 -8.90312853E-03  1.70526687E-02  1.07744782E-01  1.39786941E-01  1.99324319E-02
   14900 -3.31860545E-02 -8.23294696E-02  1.81636249E-03  1.14245529E-01  5.19843810E-02
   14950  1.53539001E-02  7.92154449E-02 -1.48627967E-02  1.17063102E-01  5.38869319E-02
   15000  6.96552798E-02  1.91271636E-02  4.03855975E-02  1.12171410E-01  6.49496959E-02
   15050  1.38083345E-01 -1.64329758E-02  1.23357882E-01  2.05877818E-01  4.20773614E-02
   15100 -6.78517386E-03  6.22420096E-02  1.37368312E-02  1.01814956E-01  3.37409247E-02
   15150 -7.77209344E-04 -5.57810661E-02 -8.14775587E-02  1.31920564E-01  4.26392499E-02
   15200 -7.58005111E-02 -5.80166466E-02 -1.21682368E-02  1.24509657E-01  3.53312042E-02
   15250 -5.94775454E-02  1.10711650E-01 -7.76694546E-03  1.37273547E-01  4.01409297E-02
   15300 -1.24612739E-01 -5.75387899E-02  3.37722203E-02  1.59657828E-01  5.69813706E-02
   15350  2.80175199E-02 -3.14436364E-02 -1.54610610E-02  8.97589343E-02  5.08739833E-02
   15400 -1.47928344E-01 -1.36216338E-01  4.29810733E-02  2.24731306E-01  5.67241239E-02
   15450 -1.09666220E-01 -4.99796172E-02 -3.22892509E-03  1.30624898E-01  1.96985958E-02
   15500  7.58744757E-02 -1.27647697E-01 -9.41992278E-02  1.81100139E-01  5.89179205E-02
   15550  3.25050651E-02 -2.52122745E-02 -1.39663546E-02  1.59565525E-01  5.52257877E-02
   15600 -2.27634165E-02 -5.13554479E-02  3.27274386E-03  1.09128937E-01  2.41103795E-02
   15650 -2.43325452E-02  4.60279847E-02  4.87012672E-02  1.02131814E-01  3.64791998E-02
   15700  1.86812223E-02  2.36478458E-02 -6.35815411E-02  1.21156776E-01  4.11559352E-02
   15750  1.12810832E-02  6.91956739E-02 -1.21928112E-02  1.06561041E-01  3.00369376E-02
   15800  5.54819983E-02  3.99607419E-02  9.34922255E-02  1.40390881E-01  5.85455998E-02
   15850 -7.24585913E-02  1.63521935E-02  1.86259935E-02  1.30160751E-01  3.78484447E-02
   15900  1.52907946E-01 -1.27937030E-01  1.29504960E-02  2.26022927E-01  4.13072426E-02
   15950 -8.80348167E-02  1.76216014E-02  1.27039057E-02  1.50635172E-01  4.70772560E-02
   16000 -6.18059760E-02  8.92691802E-02 -3.52760619E-02  1.46966758E-01  4.72347569E-02
   16050 -1.20149532E-01 -4.90930713E-02 -3.28377711E-03  1.51061920E-01  3.77956231E-02
   16100 -5.34136414E-02 -4.95547805E-02  3.04152583E-02  1.37863703E-01  2.79647918E-02
   16150  9.28493555E-02  3.13732339E-02 -4.55269525E-02  1.26930247E-01  7.33929326E-02
   16200 -2.31822948E-02 -1.19133794E-01  7.54451098E-03  1.71692825E-01  5.77490230E-02
   16250  3.58912967E-02 -7.07073415E-02  6.21528129E-02  1.35775517E-01  2.52613703E-02
   16300  1.87902642E-02  4.32337128E-02  2.52746120E-02  1.04115605E-01  2.71257554E-02
   16350  1.79464030E-02  5.46191227E-02  5.94217717E-02  1.30638958E-01  4.87174908E-02
   16400  3.94442883E-02  7.62601100E-03 -5.78832677E-02  9.23975159E-02  2.83442459E-02
   16450 -2.66460504E-04 -3.90676330E-02 -7.04672967E-02  9.84686382E-02  3.35811097E-02
   16500  7.36749848E-03 -7.97978071E-03  6.15855145E-02  8.86259242E-02  2.86723066E-02
   16550 -3.49649766E-02 -8.02432540E-02 -3.59909116E-05  1.11252137E-01  3.42942902E-02
   16600  6.34865337E-02 -1.11906687E-01  1.42818577E-02  1.63812321E-01  3.81664618E-02
   16650  3.13784579E-02 -7.09070476E-02 -1.50588828E-02  1.12802740E-01  2.64497480E-02
   16700 -3.29016204E-03 -4.81901891E-02  2.04954461E-02  1.11136777E-01  4.45488841E-02
   16750 -7.49555596E-02  2.80295544E-02  3.71207816E-02  1.09954816E-01  4.55860321E-02
   16800 -1.45062324E-03 -9.71094906E-02 -1.19274984E-01  1.73070407E-01  6.53329230E-02
   16850 -1.79581243E-04  2.50483200E-03  8.12358049E-02  1.42735837E-01  6.22425616E-02
   16900  2.80903837E-02 -2.24568905E-02  3.51418966E-03  1.11605873E-01  1.80114981E-02
   16950  7.52288069E-02 -2.23290414E-01  6.72153456E-02  2.55715923E-01  4.91941427E-02
   17000 -4.37620904E-02  1.26805681E-02 -7.88175346E-02  1.07044806E-01  4.96050805E-02
   17050 -3.18053243E-02 -8.36335887E-02  5.56380478E-02  1.66014958E-01  1.20599195E-02
   17100  4.43679646E-02 -1.03928071E-03  2.82719306E-02  1.16911911E-01  3.99940732E-02
   17150  3.94997403E-03 -6.77967357E-02  2.57198115E-02  9.70737555E-02  3.34249211E-02
   17200  2.84180878E-02 -3.32786954E-02 -1.26101226E-01  1.51766362E-01  4.54364352E-02
   17250 -2.34890742E-02 -1.39845095E-02  4.49867130E-03  1.25754493E-01  3.86456804E-02
   17300 -5.81264339E-02 -1.09856921E-02 -1.33038982E-01  1.58418235E-01  7.80314774E-02
   17350  5.77156808E-02  1.37514389E-01 -9.99478305E-02  2.00035082E-01  5.19980868E-02
   17400  2.16573298E-02 -4.18053472E-02  1.86571457E-03  9.88399327E-02  3.03968547E-02
   17450  3.22399770E-02 -7.22281569E-02 -6.84793014E-02  1.33378617E-01  6.92580364E-02
   17500  1.31065300E-01  7.06679852E-03  2.62340535E-02  1.47727426E-01  6.18293460E-02
   17550 -1.53395022E-02  2.63660449E-03  9.23498186E-02  1.29044721E-01  2.97433706E-02
   17600  3.04208644E-02  7.23416246E-02 -4.97313841E-02  1.27023847E-01  6.03404521E-02
   17650 -7.60463436E-03 -8.47336133E-02 -7.92029524E-02  1.37417068E-01  2.26169523E-02
   17700  3.94836782E-02 -8.01004944E-03  3.79395013E-02  9.51893964E-02  1.75189109E-02
   17750 -8.64195239E-03  2.45207527E-02 -3.33963492E-02  1.05733990E-01  4.30957563E-02
   17800  1.29338041E-02 -8.46958716E-02  3.49979524E-02  1.37761831E-01  4.35352341E-02
   17850 -1.18972197E-01 -4.34926832E-02  4.35630617E-02  1.49183675E-01  5.34106861E-02
   17900 -8.80697838E-02  6.53966482E-02 -1.45587738E-02  1.55338452E-01  5.50193232E-02
   17950 -3.68497610E-02 -7.76077571E-04 -4.02513738E-02  1.02401673E-01  3.93587356E-02
   18000  5.95573062E-02  1.65451958E-02  2.50139618E-03  8.56308848E-02  4.17660864E-02
   18050  3.98616505E-02 -7.41698854E-02 -9.05136121E-03  1.31158292E-01  4.52701068E-02
   18100 -2.73487326E-02 -1.89449909E-02  2.95999968E-02  8.01931144E-02  3.21036172E-02
   18150 -2.52877735E-02  4.77939176E-02  2.67133145E-02  1.32969644E-01  5.04062778E-02
   18200 -2.72494718E-02 -7.56480490E-04 -5.83827291E-02  1.02586121E-01  6.03940017E-02
   18250 -5.16158910E-02  4.57222137E-02 -1.52227191E-02  8.47406315E-02  3.36559017E-02
   18300 -2.37463027E-02  9.76652024E-02 -8.93411435E-02  1.64001596E-01  8.30265450E-02
   18350 -6.12076696E-02 -7.30354548E-03  4.66006643E-02  1.23810516E-01  3.08522332E-02
   18400  7.07885080E-02  7.73756886E-02  5.41214139E-03  1.49826691E-01  2.90748687E-02
   18450  5.73562464E-02 -3.93397795E-02  2.39803743E-02  1.38753024E-01  3.13701309E-02
   18500  7.84772146E-02 -5.22414644E-02 -6.65847405E-02  1.58444684E-01  8.27809395E-02
   18550 -6.97215475E-02  2.86745926E-02 -6.29325423E-03  1.15105871E-01  4.37665854E-02
   18600  6.97736944E-02 -1.99698957E-02 -2.51296440E-02  1.47247557E-01  5.93694296E-02
   18650  2.91409440E-02 -1.77348364E-01  3.16531509E-03  2.20760705E-01  4.26843093E-02
   18700  5.06453287E-03  5.70355633E-03  1.87266568E-02  7.18149290E-02  1.78813235E-02
   18750  1.77729794E-03 -5.15999016E-02 -8.40041134E-02  1.45269424E-01  4.79956322E-02
   18800  7.11947374E-02  4.70559820E-02 -7.69024654E-04  1.04394934E-01  3.22745070E-02
   18850 -1.53912126E-01 -5.16653570E-02  1.07878087E-01  2.13512996E-01  6.28127500E-02
   18900  3.15078025E-02 -2.38827048E-02  6.62946563E-02  1.36235604E-01  4.19133178E-02
   18950  8.77972565E-02  8.04393128E-02 -2.65984699E-02  1.39764876E-01  8.55038285E-02
   19000  5.50354782E-02 -1.63722554E-02  2.17851673E-02  1.06676623E-01  2.97775115E-02
   19050  1.90849489E-02  6.23297000E-02  5.86171490E-02  1.22849795E-01  5.12414806E-02
   19100 -1.46647884E-03 -1.20559307E-02  6.05160457E-02  1.10006196E-01  4.27131714E-02
   19150  8.48790924E-03 -7.53590810E-02  7.19409277E-02  1.44023007E-01  2.86625891E-02
   19200 -1.31847747E-02  3.07651279E-02 -4.01899599E-02  8.50126296E-02  3.94320004E-02
   19250  4.85384018E-03 -7.38458611E-02 -1.34450074E-02  1.30529875E-01  2.90338662E-02
   19300  4.26911649E-02  6.99823144E-03 -3.06704982E-02  7.73404069E-02  1.54451995E-02
   19350 -5.34953488E-02  5.99321364E-02  1.26561699E-02  1.08520502E-01  6.75569006E-02
   19400  1.81279477E-02 -2.79651038E-02  3.18932179E-02  9.84773126E-02  4.24470946E-02
   19450  5.11908947E-02 -3.57508889E-02  3.86977751E-02  1.17973353E-01  4.74166103E-02
   19500  1.31363001E-01  1.21949403E-01 -3.48688584E-02  1.98324449E-01  7.40401487E-02
   19550 -4.99574463E-02 -7.47173358E-02 -4.43983719E-02  1.21243267E-01  4.55147561E-02
   19600  5.15775426E-02  3.28710151E-02 -8.72013087E-02  1.31413589E-01  2.46730385E-02
   19650 -1.09878947E-02  1.78612190E-02  1.11636820E-02  8.28412362E-02  2.36184178E-02
   19700 -5.18689072E-02  3.22797611E-03 -1.48613720E-02  1.09055859E-01  3.97203057E-02
   19750  5.49552737E-02 -6.61058244E-02  3.69517253E-02  1.14859167E-01  4.16818613E-02
   19800 -4.47697806E-02 -6.96447924E-03  2.98822440E-02  9.60571183E-02  4.89966745E-02
   19850  1.22146934E-03  2.44127621E-02 -4.86822705E-02  1.30330338E-01  3.55493750E-02
   19900 -4.58045209E-02 -5.29498507E-02  4.78470592E-02  1.12344021E-01  2.60961901E-02
   19950  2.29910364E-04 -2.70874540E-04  1.08124814E-01  1.23767838E-01  5.47961399E-02
   20000 -4.34214114E-02  1.00677619E-01  7.60696820E-03  1.59502669E-01  5.27952029E-02
   20050 -3.94076306E-02 -1.55948152E-01 -1.65316730E-02  1.70386852E-01  3.64354628E-02
   20100 -1.53343471E-02 -1.09874579E-03 -3.00483091E-02  7.77285614E-02  2.22621204E-02
   20150 -8.04729634E-02  4.26639224E-02  7.22618376E-02  1.44266815E-01  7.33543978E-02
   20200 -1.18931215E-03 -6.18634799E-02 -6.03240830E-02  1.04038087E-01  4.42099490E-02
   20250 -3.12822468E-02 -5.06333697E-02 -3.36417328E-02  8.54193440E-02  2.74461012E-02
   20300 -9.87544315E-02  3.75102805E-02  3.55934024E-02  1.69894647E-01  3.37766085E-02
   20350  3.31441159E-02 -3.85759158E-02 -6.64578162E-02  1.22191266E-01  3.86165140E-02
   20400 -9.78594387E-03 -7.38000809E-02 -4.46910953E-02  1.20357094E-01  4.98487426E-02
   20450 -4.52369982E-02 -6.69717123E-02 -1.48896550E-02  1.23022348E-01  4.64287903E-02
   20500 -5.19946315E-02  5.61605199E-03  1.04234422E-01  1.51765234E-01  7.41964653E-02
   20550  8.42720177E-02 -3.56794227E-02  7.00158773E-02  1.27661782E-01  4.72235840E-02
   20600  3.61645753E-02 -2.94653809E-02  6.03517054E-02  1.10211933E-01  4.38618910E-02
   20650 -9.59285256E-03  1.62744894E-02 -1.17786463E-01  1.26928345E-01  4.02155035E-02
   20700  5.20856004E-02 -6.24318295E-02  5.65625547E-02  1.27916281E-01  7.53815053E-02
   20750  1.03124539E-01  3.23607934E-02 -3.19532023E-02  1.61893130E-01  6.40800663E-02
   20800 -5.31955974E-02  7.32363642E-02  6.17226884E-02  1.26644036E-01  3.47717476E-02
   20850 -2.90897905E-03 -2.43919201E-02 -5.23006498E-03  1.03610139E-01  4.95991714E-02
   20900  1.11998607E-01  8.60140432E-02  9.45728666E-02  1.81189981E-01  3.01980881E-02
   20950 -1.66720238E-02  4.22475211E-02  2.43632281E-03  9.36933052E-02  4.72740824E-02
   21000  1.32396532E-01  3.33242755E-03  4.10645116E-03  1.41254028E-01  4.61946618E-02
   21050 -1.64695250E-01  6.24084054E-02 -6.41160564E-02  2.21227780E-01  5.65334822E-02
   21100  2.78608722E-02  4.17613103E-02 -1.20544393E-02  1.19911466E-01  3.86632930E-02
   21150  9.41160149E-02 -5.20339098E-03  6.69844739E-02  1.30769216E-01  3.87313145E-02
   21200  4.15308825E-02  9.98618535E-03 -5.76312417E-02  1.14982499E-01  3.82231619E-02
   21250 -4.46143747E-03 -2.09786907E-02  3.26235996E-02  8.33144467E-02  1.19198387E-02
   21300  1.37134949E-01  3.49464113E-02 -8.11313316E-03  1.75360294E-01  1.97017323E-02
   21350  9.17927561E-04  4.51574899E-03 -1.78478152E-02  9.16301820E-02  3.26526338E-02
   21400  4.69924593E-02 -9.81291204E-02 -7.20905723E-02  1.56521316E-01  4.45129504E-02
   21450 -2.55687781E-02 -1.76914019E-02 -7.86642115E-02  1.17551936E-01  7.62030363E-02
   21500 -1.72618026E-02 -1.36411157E-02  3.13412573E-02  9.44319746E-02  3.34690264E-02
   21550 -9.43704912E-02 -1.90369038E-03  2.19929521E-02  1.27680149E-01  2.66237667E-02
   21600 -3.25167578E-02  8.81545444E-02  3.66912290E-02  1.38404701E-01  3.27728190E-02
   21650 -1.64800103E-02 -2.25064806E-03 -3.07214413E-02  1.03895677E-01  1.77403183E-02
   21700 -4.50721899E-03  3.21081908E-02  4.08685741E-02  1.17777422E-01  4.21303489E-02
   21750 -7.36976058E-02  1.21076519E-01  3.20413676E-02  1.89131834E-01  8.39649666E-02
   21800  7.86685692E-02 -7.79833302E-02 -2.50284264E-02  1.33982845E-01  6.55852155E-02
   21850  5.36378647E-02 -7.63248235E-03 -8.19526712E-03  1.15389224E-01  3.33757038E-02
   21900  3.82267815E-02 -2.75289914E-03  9.46910778E-02  1.22435227E-01  3.20502832E-02
   21950 -8.04100455E-02 -6.30219343E-02  2.13133114E-03  1.61987408E-01  5.42319591E-02
   22000  7.26657186E-03 -3.79666551E-02 -1.24693718E-01  1.39653077E-01  2.83914188E-02
   22050 -6.24345631E-04 -4.22490262E-05 -6.49960435E-02  1.15145785E-01  3.25722235E-02
   22100  3.32998254E-02 -9.44553983E-02 -1.74900650E-02  1.24408004E-01  5.08903250E-02
   22150  1.14864353E-02  6.21563035E-02  9.52164708E-03  1.03410426E-01  1.07974390E-01
   22200  6.06997188E-02 -5.05007007E-02 -6.01621634E-02  1.35420957E-01  6.18306212E-02
   22250 -5.06753394E-02  6.78713652E-02 -1.60079711E-02  1.29525934E-01  5.28641497E-02
   22300 -4.46588868E-02 -2.65024174E-02  3.59803899E-04  1.04911956E-01  4.96559568E-02
   22350  4.43409589E-03  3.86853446E-02 -4.40758635E-02  9.26934651E-02  2.12017331E-02
   22400 -1.25438128E-02  6.98820795E-02 -2.17788477E-02  1.33948920E-01  6.13054339E-02
   22450 -5.84387238E-02 -1.28261124E-01  1.60971565E-02  1.64935721E-01  5.30140668E-02
   22500  7.50056630E-03  7.29489539E-02 -6.60762403E-02  1.26301049E-01  3.84894038E-02
   22550 -1.05592322E-02  2.56744113E-02 -2.67820204E-03  6.20404146E-02  2.81164814E-02
   22600 -1.05843847E-02 -3.06927979E-02  5.59553828E-03  1.07559184E-01  6.93475875E-02
   22650 -1.25372274E-01  7.20995789E-02  7.84788902E-03  1.72957401E-01  5.64313602E-02
   22700 -5.01743121E-03 -3.96310469E-02  1.47823123E-02  8.86146768E-02  2.64536583E-02
   22750 -5.91861430E-02  3.64277189E-02 -2.42828240E-02  9.13354218E-02  4.87959201E-02
   22800  1.84100661E-02  8.99271075E-02  5.22627441E-02  1.65262154E-01  1.84314078E-02
   22850 -3.05757074E-03 -3.62988805E-02  5.71510193E-04  8.70824321E-02  3.32905946E-02
   22900  7.19264818E-02  6.38561249E-02 -1.08555122E-01  1.66115479E-01  1.99807520E-02
   22950 -5.25948473E-02  4.24568475E-02 -1.50289685E-02  1.12409804E-01  6.76603234E-02
   23000 -9.01158455E-02  1.93785547E-03 -3.17728013E-03  1.46489869E-01  7.08228672E-02
   23050  2.10898794E-02 -1.84094561E-02 -2.70408403E-02  7.77747773E-02  3.98193266E-02
   23100  5.40521568E-03 -2.01813271E-02  1.49179417E-02  8.40350248E-02  7.00266696E-03
   23150 -1.49447469E-02  7.59058152E-02  5.07043966E-04  1.06812608E-01  5.95195483E-02
   23200  1.34666754E-02  8.98191142E-02 -3.22032108E-02  1.31684019E-01  3.49971530E-02
   23250 -1.24588437E-01 -4.42874312E-02 -5.00118661E-02  1.57390015E-01  6.08953518E-02
   23300 -4.05015563E-02  3.44940837E-02  1.22257576E-02  1.11683554E-01  3.72597930E-02
   23350 -5.69369191E-02  4.85636163E-03 -7.77336405E-02  1.54725758E-01  3.02520718E-02
   23400  5.11095090E-02 -1.69049492E-02  8.00767322E-02  1.20266512E-01  2.92478213E-02
   23450 -3.36855000E-02  2.64609011E-02  6.86958955E-03  1.30447647E-01  4.26597948E-02
   23500  2.73315227E-02  5.66413406E-03 -1.15646946E-02  6.08286067E-02  3.25572552E-02
   23550 -6.76041228E-02 -9.52641459E-02  9.29829597E-02  1.83233670E-01  4.53245791E-02
   23600 -1.46161279E-02 -7.70085376E-02 -1.78862229E-02  1.29238525E-01  3.14958833E-02
   23650  6.09478572E-02  8.10904859E-02  9.70100456E-02  1.73712626E-01  1.55887161E-02
   23700 -3.58182165E-02  9.85955136E-02  2.55036721E-02  1.25038408E-01  7.58347498E-02
   23750 -2.17854179E-02  4.52635387E-02 -5.41934616E-02  1.31042283E-01  3.39468129E-02
   23800  8.90250187E-02 -3.97684359E-02  1.19819789E-02  1.46951143E-01  4.80647290E-02
   23850  4.87039828E-03 -2.77366552E-02  3.17265371E-02  8.82446087E-02  6.82964191E-02
   23900 -6.23230439E-02 -8.36682065E-02  5.05285123E-02  1.53539582E-01  6.79992714E-02
   23950 -1.43646224E-01  4.88026077E-02  1.94121251E-04  1.78868582E-01  5.75397466E-02
   24000  3.42878477E-02 -3.43071247E-02 -8.14433246E-04  9.72704942E-02  2.25437906E-02
   24050  2.59154882E-02  3.24678242E-03  1.75060467E-02  1.03192794E-01  3.68024107E-02
   24100 -7.54420186E-02 -5.62150797E-02  1.53682951E-02  1.20934960E-01  3.25599751E-02
   24150 -2.88270451E-02  5.09013451E-02 -6.81617018E-02  1.44874368E-01  3.95714350E-02
   24200  6.00830230E-02  2.55887328E-02  2.28207786E-02  1.02524870E-01  3.55282567E-02
   24250  1.20074438E-02  3.69267383E-02 -9.49697530E-02  1.47684172E-01  5.04709340E-02
   24300 -1.11075530E-02  1.16897634E-01  5.36508267E-02  1.64427710E-01  8.12528899E-02
   24350  8.93367742E-02 -8.53764506E-02 -6.17973086E-02  1.56496269E-01  5.46564515E-02
   24400  3.01945885E-02  1.44216843E-02 -2.56028989E-02  1.23229524E-01  2.76375618E-02
   24450 -6.19583806E-02 -4.91119452E-02 -2.82350630E-03  1.08826026E-01  4.51831690E-02
   24500  1.61277580E-02  7.28186903E-03 -7.48482251E-02  1.12616018E-01  4.60231912E-02
   24550  3.70680742E-02 -3.27583261E-02  7.37843673E-02  1.13692411E-01  6.32684592E-02
   24600  5.80071892E-02 -5.49137261E-03  2.17560634E-02  1.26183912E-01  4.78773779E-02
   24650 -3.31725470E-02 -4.97960041E-03  7.90148990E-02  1.25255193E-01  3.66161359E-02
   24700 -2.25694943E-02  7.29034142E-04  7.48138503E-02  9.13166930E-02  3.86630747E-02
   24750 -8.72807943E-02 -1.17208039E-02  6.25633137E-02  1.53658802E-01  4.90672016E-02
   24800 -8.72130940E-02 -2.80762679E-02 -8.12582305E-03  1.09867909E-01  4.50933829E-02
   24850  9.23106370E-02  3.56657283E-02  1.71408501E-02  1.24564745E-01  5.77974597E-02
   24900 -1.97719823E-02  2.37407749E-02  9.18723910E-02  1.41583556E-01  4.57271409E-02
   24950 -1.57624668E-02 -4.88087855E-03  3.18292177E-02  1.34474443E-01  1.83282898E-02
   25000 -7.30460289E-03  9.68971561E-02  1.12556654E-01  1.81715401E-01  5.80891107E-02
   25050 -1.53436139E-02  5.69296531E-02  5.65649597E-02  1.26138692E-01  2.32584339E-02
   25100  8.67443800E-02  5.22781590E-03  9.49415349E-02  1.78674080E-01  2.15907526E-02
   25150 -2.53317506E-02 -5.45326261E-02 -3.36021444E-02  1.51688799E-01  6.53399410E-02
   25200  3.29721742E-02  2.56539040E-02 -5.53269738E-02  1.19351732E-01  4.27559576E-02
   25250 -1.00383593E-02  6.73932107E-02  1.35065883E-02  1.09445230E-01  1.98012083E-02
   25300  3.88352656E-02  1.13463535E-01  1.12387896E-01  1.78289184E-01  6.68411718E-02
   25350 -4.38125058E-02  1.31961096E-03  1.89743968E-02  8.13894524E-02  2.82579923E-02
   25400 -2.93478146E-02 -1.46365400E-02 -3.58320351E-02  1.02058289E-01  5.81102205E-02
   25450 -1.06592341E-03  2.34303894E-02  7.01984858E-02  9.40814463E-02  4.45495755E-02
   25500 -1.75746605E-02  1.80026367E-02  5.76670694E-02  1.02326227E-01  2.85979212E-02
   25550  3.80823670E-02  3.19694700E-02 -1.80212695E-04  8.88893219E-02  4.96828282E-02
   25600  7.79571473E-03 -5.02633797E-02  9.71785526E-03  8.48566381E-02  2.62472554E-02
   25650 -1.13949566E-02 -9.19507153E-03 -1.19255546E-01  1.42861164E-01  3.62580096E-02
   25700  2.10076910E-02 -1.17504086E-01 -1.65670154E-02  1.42263364E-01  3.96790417E-02
   25750 -1.58565850E-02  4.39335585E-02  1.00545992E-03  1.02504455E-01  2.21949492E-02
   25800  2.94325590E-02 -4.10827663E-02  7.36550896E-02  1.47873581E-01  6.43022604E-02
   25850  3.13144396E-02  9.71130686E-03  2.61498731E-02  8.21833340E-02  4.12809429E-02
   25900  2.44510334E-02  3.60554772E-02  8.79453363E-02  1.59234725E-01  4.87369794E-02
   25950  7.33074254E-02 -8.93005813E-02  3.13734757E-02  1.45485425E-01  3.10556769E-02
   26000 -4.44670828E-02  3.39735033E-02  6.47229263E-02  1.15364137E-01  5.01089908E-02
   26050  1.70399570E-02  4.47701810E-02 -8.19944956E-02  1.46723964E-01  3.69303284E-02
   26100  4.03504139E-02 -2.16634746E-02 -8.19202238E-03  1.32474509E-01  3.26794603E-02
   26150 -9.52400957E-02 -9.04547833E-02  1.91197977E-02  1.44404433E-01  4.41450526E-02
   26200  3.65923994E-02  1.47118487E-02 -4.80675726E-02  1.21757304E-01  3.00085149E-02
   26250 -9.64053904E-02 -6.27382802E-02 -7.46247843E-02  1.49483301E-01  4.31205037E-02
   26300  6.41904195E-02 -1.24948159E-01  3.25196743E-02  1.66330820E-01  7.66281509E-02
   26350 -7.07278660E-02 -9.27537502E-02  7.47588172E-02  1.68672630E-01  4.88688453E-02
   26400  2.78230045E-03 -2.04582986E-02  7.67949738E-04  1.02960842E-01  4.13146883E-02
   26450 -5.58908594E-02 -8.02053847E-02  1.47638687E-02  1.08952842E-01  4.02633225E-02
   26500 -1.09923400E-02 -6.00452686E-03  2.35092275E-02  9.07583059E-02  4.28397739E-02
   26550  1.09791912E-02 -3.11613864E-02  3.77636523E-02  1.20358354E-01  5.53974934E-02
   26600 -8.64763423E-02  4.69786225E-02  1.17640452E-01  1.69993483E-01  4.37991521E-02
   26650  1.05744125E-02 -7.27219556E-02 -2.20590683E-03  1.27880546E-01  3.52332574E-02
   26700 -3.62704141E-02 -7.20780121E-03  1.45174620E-02  7.76998543E-02  1.69608935E-02
   26750 -7.35456287E-02 -1.98368528E-02  3.94873121E-02  1.28184266E-01  4.34819535E-02
   26800 -5.33832724E-02 -9.73892389E-02  4.46424049E-02  1.44369557E-01  5.71650085E-02
   26850  3.46731647E-02  2.34028688E-02  3.29509252E-02  1.11717558E-01  4.70036301E-02
   26900 -1.62253379E-02  2.80443427E-02 -3.04796046E-02  6.99652137E-02  2.46458536E-02
   26950  2.62973993E-02  7.62418788E-03 -4.12123683E-02  1.32979953E-01  3.72218632E-02
   27000 -2.98108488E-02 -3.18410586E-02 -1.19295652E-01  1.46153213E-01  7.52473623E-02
   27050  4.11801289E-03 -2.82058743E-03 -1.65051245E-02  1.04496782E-01  2.74549233E-02
   27100  3.62043770E-02  2.69601009E-03  6.65935334E-02  1.21223334E-01  3.48084098E-02
   27150 -5.02134514E-02  4.04995603E-02 -1.82338979E-02  1.00063317E-01  4.51954273E-02
   27200 -2.31293300E-02 -4.31445361E-02 -9.22714992E-02  1.29343761E-01  7.29300905E-02
   27250 -4.59485032E-03  3.66648569E-02  2.15295998E-02  7.96285228E-02  1.63690661E-02
   27300 -8.36121605E-02  6.17120994E-02 -6.26673107E-02  1.56493116E-01  1.63498473E-02
   27350  3.85017248E-02 -5.08994935E-02 -2.45356443E-02  1.30973457E-01  2.70009456E-02
   27400 -2.49121458E-02  6.53022654E-02 -4.03191901E-02  1.38470337E-01  3.32275115E-02
   27450  1.15087053E-02 -8.06278387E-02  1.04267744E-02  1.31537786E-01  5.14136928E-02
   27500  6.08781243E-02 -1.96167392E-02  4.71283093E-02  1.21796088E-01  2.67694314E-02
   27550  7.11642036E-02  2.05736519E-02 -1.65132195E-03  1.08875604E-01  3.75970521E-02
   27600 -6.26612537E-02  1.24233918E-02  2.82829065E-02  8.19046616E-02  3.70843270E-02
   27650  6.39155023E-02  4.32644384E-02  7.54841739E-02  1.41584980E-01  6.22037603E-02
   27700  7.46118981E-03  3.26732596E-02  3.19235476E-03  7.50351886E-02  3.77078453E-02
   27750  7.06890707E-02  6.87249878E-03  2.88325821E-02  9.01414430E-02  2.73878152E-02
   27800 -6.77872469E-03 -1.66403531E-02  2.30256185E-02  9.20194622E-02  3.25895694E-02
   27850 -6.46019231E-02  4.85045697E-02 -1.13287323E-01  1.61560397E-01  3.11002638E-02
   27900 -1.78180589E-02 -6.86726156E-02  3.11552256E-02  1.03601642E-01  4.54916375E-02
   27950  2.71544225E-02 -7.72350106E-02 -4.29003231E-02  1.30424496E-01  5.89399986E-02
   28000 -4.48828094E-02  1.09188220E-01  4.10493438E-02  1.47913014E-01  4.55641148E-02
   28050  5.10898057E-02 -7.45392030E-02 -1.80785059E-02  1.23632635E-01  2.57536549E-02
   28100 -2.04367027E-02 -8.20489190E-02  2.13865696E-02  1.18478870E-01  7.15120170E-02
   28150 -1.09734229E-01 -4.79549362E-02 -2.09980567E-02  1.70580645E-01  6.51118298E-02
   28200  2.59056771E-02 -7.97218678E-02  6.09575207E-02  1.35514312E-01  5.32929957E-02
   28250 -5.66714888E-03  4.46871432E-02 -1.55117149E-02  1.41296850E-01  2.94621427E-02
   28300 -1.96919725E-02 -7.86848787E-02 -3.78277870E-03  1.15488605E-01  2.61284401E-02
   28350 -3.96388732E-02 -1.04190683E-02  2.66832016E-02  9.53944749E-02  4.14899319E-02
   28400  5.23464474E-02  2.29423197E-02  4.20462800E-03  1.08252390E-01  3.54950001E-02
   28450 -1.47980675E-02  1.04615173E-01 -5.51449426E-02  1.52298714E-01  4.23541057E-02
   28500  3.58075121E-02 -5.17905331E-02 -2.81880600E-02  1.22920579E-01  1.75374669E-02
   28550  5.58815777E-03  3.41757556E-02  4.21235069E-02  1.10711456E-01  2.98703044E-02
   28600  6.27826709E-03 -4.35500348E-02 -1.41391206E-02  1.27111672E-01  5.74790996E-02
   28650 -3.99605702E-02 -2.40149048E-02  4.39406502E-02  1.04295830E-01  4.51272579E-02
   28700 -6.08969420E-02  9.81049244E-02  2.19877291E-02  1.34197183E-01  7.12518209E-02
   28750  1.99626687E-02  1.08484533E-02 -6.00081890E-02  1.25911692E-01  4.70047221E-02
   28800 -1.64171544E-02 -5.35523081E-02 -1.05151225E-01  1.49097193E-01  3.34079892E-02
   28850  1.32375706E-02 -7.89620508E-02 -9.88368493E-03  1.35429155E-01  3.78106133E-02
   28900 -2.64890170E-02 -1.73478777E-02 -4.40681527E-02  1.09988898E-01  2.93787895E-02
   28950  1.10552524E-01  6.33478840E-02  1.30982185E-02  1.58447828E-01  5.06315927E-02
   29000 -2.67381846E-02  5.99796485E-03  1.51566488E-01  1.70520100E-01  2.43325158E-02
   29050 -1.70364697E-02 -3.29171936E-03 -5.08636685E-02  1.22951868E-01  4.90097546E-02
   29100 -6.13566860E-03 -5.82059764E-02  2.61595643E-02  8.19237983E-02  2.96834762E-02
   29150  4.98889579E-02 -8.42297239E-02 -2.75172647E-03  1.35210851E-01  3.37287025E-02
   29200 -7.40671722E-02  9.31789600E-02 -1.66466948E-02  1.50136532E-01  6.65861362E-02
   29250  1.67686699E-02  4.68192336E-02  5.26721128E-03  1.16237672E-01  4.12062500E-02
   29300  1.04122183E-01  4.32653450E-02  9.05133096E-03  1.35946807E-01  3.56508768E-02
   29350 -1.17195340E-01 -1.13099622E-01  2.86975883E-02  1.88290754E-01  4.64198374E-02
   29400 -5.36118014E-03  1.98720805E-02  1.86853370E-03  1.16415514E-01  4.64318695E-02
   29450  1.34230372E-02 -3.50591535E-02 -2.69889132E-03  1.02456375E-01  5.10531296E-02
   29500  6.41838165E-02  4.84050524E-02  8.44722614E-02  1.54547201E-01  8.26836162E-02
   29550 -1.00710007E-02 -7.82207634E-02 -3.34406092E-02  1.08021068E-01  2.12393989E-02
   29600 -1.17495301E-01 -3.42588818E-02  4.96521377E-02  1.57303714E-01  6.41519683E-02
   29650 -4.18814838E-02 -7.24576583E-02 -3.95111069E-03  1.35630294E-01  3.68738764E-02
   29700  1.00807981E-01  7.76974863E-02 -1.10635101E-02  1.59458545E-01  4.67575152E-02
   29750  4.02192518E-02 -7.19238857E-02  6.44953993E-03  1.05457329E-01  3.76621813E-02
   29800 -6.59758727E-02  6.97503587E-02  1.69717613E-02  1.29723509E-01  1.88372503E-02
   29850  3.92671615E-02  1.35355149E-02 -1.96430412E-02  9.32623594E-02  3.67905681E-02
   29900 -5.80142793E-02 -3.13751905E-02 -8.83880755E-02  1.36576647E-01  4.86609163E-02
   29950 -1.04295882E-01 -1.00182101E-02 -5.21669787E-02  1.28995998E-01  4.78730987E-02
   30000  5.59898978E-02  2.03668020E-02 -7.29394942E-02  1.32858970E-01  3.97913420E-02
   30050 -3.94717045E-02 -3.18987417E-02 -3.71842550E-03  1.06959008E-01  4.08912067E-02
   30100 -4.77054814E-02 -4.79692294E-02 -6.99663053E-02  1.53683812E-01  3.70746258E-02
   30150 -1.87457025E-02  9.92256122E-02 -1.02679701E-02  1.13311553E-01  3.25947285E-02
   30200  3.37307167E-02 -3.90532755E-02  2.12431789E-01  2.35667443E-01  2.50285876E-02
   30250 -7.35227020E-02  5.74468878E-02  7.72447512E-04  1.26148826E-01  4.18615771E-02
   30300 -1.59010071E-01 -5.20776914E-02  5.82598084E-02  1.92012677E-01  4.78764921E-02
   30350  9.67921305E-04  6.31964737E-02  8.12565711E-03  9.17162891E-02  3.96317646E-02
   30400  5.35336896E-02 -3.72065588E-03  6.57351192E-02  1.09372243E-01  4.48499173E-02
   30450  3.19121417E-03 -5.20389568E-02 -9.07584046E-02  1.43469103E-01  5.02872420E-02
   30500  3.92356813E-02  6.14459706E-03  9.79048882E-03  7.56705589E-02  3.19053204E-02
   30550 -5.18574275E-02 -1.45375395E-01  4.65538769E-02  1.73336672E-01  5.85914127E-02
   30600  3.27633453E-02  2.74882444E-02  1.27980762E-01  1.50038162E-01  6.71505508E-02
   30650  4.45810168E-02  1.58567582E-03 -3.00095859E-02  8.85647801E-02  4.84080999E-02
   30700  3.49815746E-03 -2.33134716E-02 -3.98176251E-02  8.65240508E-02  3.55756234E-02
   30750 -9.13438649E-02 -1.71930108E-02 -8.05844288E-02  1.53974385E-01  2.32457380E-02
   30800  5.10986071E-02  5.95465716E-02  1.31974579E-03  1.04238221E-01  3.02588604E-02
   30850  1.91124957E-02  7.27520451E-03 -1.47891523E-02  7.77720382E-02  3.75027786E-02
   30900 -8.41777760E-02 -1.01320853E-01  3.54945268E-03  1.50615159E-01  5.02024549E-02
   30950  6.73897162E-02 -1.84443308E-02 -4.85366931E-02  1.22705199E-01  3.82849010E-02
   31000 -1.78044794E-02  2.25948117E-02  2.11506887E-02  7.53051336E-02  1.35993190E-02
   31050 -4.07551997E-02 -5.40809624E-02 -2.01245130E-02  1.19743521E-01  2.51737838E-02
   31100  1.78366424E-02  4.62387085E-02 -3.29115086E-02  1.02892900E-01  3.67541873E-02
   31150 -6.64658061E-02 -9.19932347E-02 -6.53885049E-02  1.54322448E-01  7.63006685E-02
   31200  1.46956808E-02  6.26702576E-02  3.52683082E-02  9.73686202E-02  5.50453726E-02
   31250 -4.64408624E-02 -3.60990556E-02 -5.76582787E-02  1.01503850E-01  5.68429734E-02
   31300  1.09634167E-02 -2.19918167E-02  5.82323819E-02  8.49620611E-02  4.06043988E-02
   31350  4.31961555E-02  1.74804455E-03  5.40451313E-02  1.22837189E-01  2.83504914E-02
   31400 -2.33513353E-02 -1.39933619E-02 -1.69563660E-02  9.53959289E-02  3.61186337E-02
   31450  1.52826404E-01 -2.84437607E-02 -6.31284665E-02  1.97237813E-01  8.69696915E-02
   31500  2.10454784E-02  2.38236961E-02 -1.67489180E-02  5.83284085E-02  2.94380631E-02
   31550  5.76530383E-02  1.26141491E-02  1.44063344E-01  1.65918837E-01  4.57220921E-02
   31600  1.78086777E-02 -3.02578208E-02  1.66613513E-01  1.89573988E-01  5.88246808E-02
   31650  6.78764657E-03 -2.16975277E-02  3.98496018E-03  8.93915714E-02  3.52345317E-02
   31700  8.82116293E-04 -7.94579376E-02  5.85787476E-02  1.23493913E-01  3.10141889E-02
   31750  6.23836034E-02 -6.38161880E-02  4.50269574E-02  1.17610224E-01  3.49268656E-02
   31800 -4.35169543E-02  4.86054577E-02  2.20566288E-02  1.06022753E-01  3.76225808E-02
   31850 -3.18407746E-02 -1.03849187E-02  2.39472299E-02  7.36241314E-02  2.17339056E-02
   31900 -9.94336343E-02  2.04018604E-02 -4.15883316E-03  1.29280122E-01  5.83502470E-02
   31950 -5.96681892E-02  4.93719153E-02 -2.77033667E-02  1.11051164E-01  5.14031386E-02
   32000 -5.87257962E-02 -3.00754231E-02  2.55516242E-02  1.05193797E-01  5.48609913E-02
   32050 -7.29431786E-02 -1.88198083E-02 -6.78988317E-02  1.14701234E-01  4.98096485E-02
   32100 -2.74780443E-02 -6.34658311E-02  5.07815360E-02  1.36938091E-01  4.55427961E-02
   32150 -5.41709823E-02 -8.19843995E-03  2.19298720E-02  1.01633927E-01  4.89056124E-02
   32200  6.15838764E-02  8.03335862E-02  4.03839512E-02  1.46228635E-01  3.22315393E-02
   32250 -6.85777046E-02 -9.63633192E-02  1.96682323E-02  1.54907596E-01  4.69102354E-02
   32300 -9.72817477E-02  4.52290479E-02 -9.35884001E-02  1.75474684E-01  6.25250240E-02
   32350  5.79086385E-02 -3.16050166E-02 -6.41981621E-02  1.09820439E-01  2.85816525E-02
   32400  4.47712973E-02  4.15523144E-02 -4.23560872E-02  1.03317383E-01  2.02974899E-02
   32450  2.45705783E-02  2.02382907E-02 -1.46783869E-01  1.65713166E-01  6.64097307E-02
   32500 -5.86682331E-02  6.40547191E-02  6.72526030E-02  1.35374172E-01  6.25654211E-02
   32550 -2.99516181E-02 -2.63610602E-02  3.36453501E-02  9.45156152E-02  2.52088998E-02
   32600 -6.32877786E-02  6.63412574E-02  3.57556728E-02  1.13769897E-01  5.74891638E-02
   32650  9.93973072E-02  6.79300510E-02 -1.03309140E-02  1.70073464E-01  4.89775726E-02
   32700 -1.26057481E-01 -5.07618409E-03  2.50663456E-02  1.46900193E-01  3.35955687E-02
   32750  7.74094558E-03  6.27007785E-02  5.47045407E-02  1.25645276E-01  4.28808977E-02
   32800 -4.97414031E-02 -3.68715002E-02  5.14185709E-02  1.15790478E-01  4.96213265E-02
   32850 -1.62703559E-02  2.24301807E-02  3.99166705E-02  1.22316525E-01  3.58497038E-02
   32900  1.06749209E-02 -4.48139720E-03  1.06291465E-01  1.42097328E-01  5.80781631E-02
   32950 -6.60004187E-02 -3.35370586E-03  2.30800770E-02  1.30685799E-01  2.88619211E-02
   33000  4.33648467E-02  6.87607891E-02  4.40607486E-02  1.08636882E-01  4.75282936E-02
   33050 -1.07294344E-01 -1.44963423E-02 -9.69389000E-02  1.63912293E-01  5.38568800E-02
   33100 -3.03545413E-02 -8.24974777E-03 -1.59034276E-02  9.81061726E-02  2.63481073E-02
   33150 -5.85206982E-02  5.21845325E-02  5.39937923E-02  1.46085136E-01  2.56808604E-02
   33200 -2.18629538E-02  7.40085889E-02 -8.75004001E-02  1.44929558E-01  3.14720766E-02
   33250 -5.96563642E-02 -4.35226064E-02  5.65374120E-02  1.36685033E-01  4.32371206E-02
   33300  3.79703548E-03  6.23104911E-02  1.09942815E-01  1.47641666E-01  4.91264550E-02
   33350  1.15703558E-01  1.21730056E-01  2.52187051E-02  1.95415366E-01  5.41766698E-02
   33400  8.68075823E-05 -5.83873861E-03  1.15477727E-02  9.07797407E-02  3.37807969E-02
   33450  8.36072755E-02  5.48946922E-02 -7.95031752E-02  1.42158134E-01  8.77410660E-02
   33500  1.38753581E-02 -5.68925961E-02  9.19849709E-02  1.59043836E-01  2.97842740E-02
   33550  3.17289189E-02  7.73224153E-02 -3.24495346E-02  1.17862682E-01  3.30535748E-02
   33600 -4.25489259E-02  1.82883039E-02 -5.24991336E-02  9.12254677E-02  4.38248866E-02
   33650 -3.29660466E-02  4.60641166E-03  4.63943633E-02  1.20184123E-01  4.31256046E-02
   33700 -5.08505326E-02 -4.81648979E-02  9.26861169E-02  1.47565889E-01  3.60565175E-02
   33750  6.35899444E-02 -1.34310300E-01 -2.48349497E-02  1.58703796E-01  3.42186084E-02
   33800 -1.37600140E-02  1.95802314E-02  4.76011052E-02  1.06791453E-01  6.47914371E-02
   33850  1.63152528E-02  4.43343673E-02 -4.16410083E-03  1.27722153E-01  2.81727518E-02
   33900 -7.88111560E-02 -2.54440682E-02  7.08605508E-02  1.41874084E-01  5.54521368E-02
   33950  6.74172601E-02 -9.33468919E-02 -4.52579834E-02  1.43446435E-01  5.85750184E-02
   34000  4.96003344E-02  8.03914592E-02  3.20656401E-02  1.31050274E-01  4.24471806E-02
   34050 -4.12511891E-02  5.28603979E-06 -1.23188530E-01  1.48947371E-01  3.45200978E-02
   34100  5.52455822E-02 -9.82018126E-02 -1.22642645E-02  1.46194530E-01  3.55840998E-02
   34150  1.18951454E-01 -2.40004558E-04  3.46420955E-03  1.32309545E-01  4.20462024E-02
   34200 -7.98746904E-02  8.58941691E-02  1.12581389E-02  1.36077302E-01  4.53231700E-02
   34250 -5.01166282E-02 -2.53673257E-03 -5.40299494E-02  1.09370028E-01  4.18195268E-02
   34300 -2.68927360E-03 -1.44533286E-02 -5.12821117E-02  1.29241656E-01  2.87583039E-02
   34350  7.10667936E-03  4.23687061E-04  5.66107473E-02  7.40649554E-02  3.38114786E-02
   34400 -2.25526499E-02  8.15319551E-02  2.61519594E-02  1.15302707E-01  6.95835532E-02
   34450 -3.05170060E-02  3.04755547E-02 -7.21590490E-02  1.03814093E-01  5.11080557E-02
   34500  8.35685036E-03 -8.35755681E-02  1.39491009E-01  1.74870863E-01  2.82281693E-02
   34550  2.20419539E-02 -1.84850082E-02  3.45398477E-02  1.07058862E-01  3.14685911E-02
   34600  9.05697807E-02 -2.86027288E-02  7.92549622E-02  1.43918895E-01  5.67380612E-02
   34650 -1.11663481E-01  2.15458547E-02  3.31638115E-02  1.44840657E-01  3.30399988E-02
   34700  4.61106093E-02 -5.99368933E-02  4.10777473E-02  1.34362158E-01  8.06599930E-02
   34750  3.66096361E-02 -6.71523433E-02  3.30083934E-02  1.18077150E-01  6.26140085E-02
   34800 -3.38554931E-02  7.00731664E-02  7.33390450E-02  1.34097373E-01  5.28582727E-02
   34850  6.54246160E-02  3.44344836E-02 -2.89416486E-02  1.24046381E-01  5.62871544E-02
   34900  4.18516591E-02  8.98463569E-02  1.80851695E-02  1.46912695E-01  6.92688132E-02
   34950  6.31803431E-02  3.65796805E-03  6.50402528E-02  1.17770242E-01  3.53464521E-02
   35000 -2.05705320E-02  7.23003179E-04  5.66668774E-02  1.04899243E-01  4.25814047E-02
   35050 -9.19346570E-02 -1.86641353E-02  3.62513304E-02  1.47030326E-01  2.39598432E-02
   35100 -4.12739184E-02 -1.13205420E-02  4.63534927E-02  1.03165580E-01  1.82282076E-02
   35150 -4.48034353E-02  4.87972939E-02 -2.23903854E-02  1.08834678E-01  3.34061499E-02
   35200 -6.48528733E-02 -4.01316123E-02 -1.03430118E-01  1.41304053E-01  5.08865821E-02
   35250 -1.13441559E-02  4.59744469E-02  8.40312962E-02  1.13574167E-01  2.37260212E-02
   35300 -2.96800215E-03 -3.07472612E-02 -5.51635596E-03  8.59707065E-02  3.07119209E-02
   35350 -1.63745565E-02  4.67194196E-02 -4.55433727E-02  1.20312301E-01  2.76711861E-02
   35400  7.61561049E-02  6.95175470E-02  4.34933556E-02  1.32497283E-01  4.39473945E-02
   35450  1.79364713E-02 -8.61537586E-02  2.08830944E-03  1.23030692E-01  4.43270926E-02
   35500  1.85592861E-03 -1.13763212E-01  6.47789536E-02  1.56384013E-01  3.41977810E-02
   35550 -2.79090105E-03  1.94943399E-02  2.28900827E-02  8.59215093E-02  1.86303916E-02
   35600 -3.49738531E-02 -1.15893315E-01 -5.00407897E-02  1.47239757E-01  2.92246259E-02
   35650  5.11355516E-02 -7.75380329E-02 -2.33299985E-02  1.40727321E-01  6.99439465E-02
   35700  4.28873308E-02  4.14583620E-02  4.71171415E-02  1.40656249E-01  5.49779350E-02
   35750 -1.78691098E-02  2.45574812E-02  6.20832379E-02  1.18367600E-01  3.47989003E-02
   35800 -2.75863605E-02  8.04795133E-02  7.05866019E-02  1.21645182E-01  3.88741714E-02
   35850 -7.38490463E-02 -3.82608934E-03  1.24250298E-02  8.69621364E-02  3.77554318E-02
   35900 -1.90673204E-03 -7.10433534E-02  7.57177351E-02  1.29896027E-01  5.09453060E-02
   35950 -1.02088019E-01  1.44461728E-02 -3.70727367E-02  1.26240981E-01  3.54576477E-02
   36000 -4.90884268E-03 -4.78476261E-02 -3.85168774E-02  1.17190167E-01  2.48409215E-02
   36050  1.02952995E-01  4.35714404E-02  1.67127074E-03  1.21059377E-01  4.37712283E-02
   36100  1.87857145E-02  8.98619986E-02  4.96632148E-02  1.44801311E-01  3.69076115E-02
   36150  5.04396508E-04  1.89534189E-02 -7.26685176E-03  9.11682351E-02  2.37671611E-02
   36200  7.30430846E-02  4.72215289E-02 -1.87688706E-02  1.24280720E-01  3.66805723E-02
   36250  5.72867321E-02  6.61380782E-02  5.73728070E-02  1.15000146E-01  3.49007356E-02
   36300  3.00532437E-02  3.60947736E-03  4.16478006E-02  8.79662676E-02  3.29572859E-02
   36350  5.41543055E-03  1.73029803E-02  2.60148096E-02  8.13484786E-02  3.48151605E-02
   36400 -2.32371768E-02 -1.74029483E-02 -8.34257935E-02  1.06279229E-01  3.94568371E-02
   36450  2.02338610E-02 -3.22342038E-02 -5.68061966E-02  1.00702007E-01  2.94017640E-02
   36500 -9.06314856E-03  4.85998872E-02 -7.81014316E-02  1.11108412E-01  3.06521798E-02
   36550  5.81997500E-02  9.98014896E-02  6.81961585E-02  1.59011550E-01  4.80097694E-02
   36600  9.97846937E-03 -3.41611212E-02  3.90550445E-02  9.57647831E-02  3.94270988E-02
   36650  1.13875677E-02  2.09258035E-02 -5.86863255E-03  9.20391531E-02  3.89015721E-02
   36700  2.32885873E-02 -4.36116014E-02 -4.85310002E-02  1.19323406E-01  3.39406425E-02
   36750 -3.43052175E-02 -1.02349892E-02 -1.20273811E-01  1.50216593E-01  2.90600316E-02
   36800 -1.87349417E-03 -4.04593082E-02  1.33623518E-02  6.30290109E-02  1.14109211E-02
   36850 -5.71646218E-02  2.65624625E-02 -1.29495404E-01  1.54960220E-01  2.58114052E-02
   36900 -8.97140770E-02  9.38217735E-02 -5.42372158E-03  1.56107707E-01  6.42073191E-02
   36950  7.93179804E-03  1.36599600E-02 -3.16095631E-02  1.05728634E-01  1.91957852E-02
   37000 -2.11551236E-02 -4.35987572E-02 -6.39812587E-02  1.36205009E-01  2.02472688E-02
   37050  5.10044392E-02 -1.66887219E-02 -9.23116171E-03  8.14784114E-02  1.82648617E-02
   37100 -4.66235796E-02  1.44048875E-01 -7.28801736E-02  2.10898356E-01  3.18568833E-02
   37150  5.34226012E-02  1.66471262E-02  4.48454680E-02  1.34026278E-01  6.81576659E-02
   37200 -5.64229631E-02 -4.72943593E-03  4.12254102E-03  9.16059490E-02  2.39133208E-02
   37250 -6.11058723E-02  6.14848834E-02  2.07363148E-02  1.39241934E-01  3.64278469E-02
   37300  3.67407809E-02  2.54506565E-02 -3.49352943E-02  1.31894984E-01  4.55712804E-02
   37350 -1.91039120E-02  1.09364537E-02 -2.25856157E-02  7.13570276E-02  1.13250706E-02
   37400  8.54541354E-03  3.01392323E-02  1.44182422E-01  1.64431031E-01  3.66969367E-02
   37450  2.69128520E-02 -5.81256243E-02 -5.35496607E-02  1.12581281E-01  6.94693962E-02
   37500 -9.72966129E-02  3.98228631E-02  5.47134060E-02  1.34450679E-01  4.06214605E-02
   37550 -2.74177219E-03  1.13463586E-01 -3.83537300E-02  1.50729701E-01  5.13290907E-02
   37600 -4.90848941E-02 -3.85211429E-02 -7.72019876E-02  1.33736339E-01  5.96393167E-02
   37650  5.93711060E-02 -7.19379243E-02  1.31565110E-02  1.22262965E-01  4.89979611E-02
   37700  4.85135202E-02  1.54955314E-01 -1.41616918E-02  1.71360890E-01  3.91659973E-02
   37750  1.06850588E-01  3.33479395E-02  4.30824670E-02  1.43950419E-01  5.45589392E-02
   37800 -5.39009222E-02 -6.40981855E-04  1.48948821E-02  7.96006016E-02  3.44770465E-02
   37850 -2.48048741E-02 -9.93056554E-03  3.06412750E-02  1.13045916E-01  4.23603388E-02
   37900  2.31044985E-02 -7.04730189E-02  3.20594995E-02  1.37528023E-01  2.10677596E-02
   37950  1.56647096E-02 -2.98629063E-02  7.96331682E-02  1.26313742E-01  2.35856533E-02
   38000  3.04680792E-02  8.30415491E-02 -1.28957689E-01  1.67753181E-01  5.37106108E-02
   38050 -1.88271186E-02  6.07489182E-02  1.25189507E-02  1.26717591E-01  6.22412490E-02
   38100  2.12555737E-02 -4.70668510E-02 -5.49089991E-02  1.16437962E-01  4.57443655E-02
   38150 -8.76079223E-02 -4.51857539E-02  7.11633658E-02  1.44070330E-01  4.40675024E-02
   38200 -7.29350456E-03 -6.61041934E-02 -1.12166598E-01  1.64282543E-01  6.48603319E-02
   38250  5.16907332E-02 -1.39829942E-01  5.19292785E-02  1.83458897E-01  3.32219422E-02
   38300  9.96043172E-02 -4.56800541E-02 -1.24278913E-02  1.24270538E-01  2.52288060E-02
   38350 -1.36425007E-03  1.04326165E-01 -9.82280024E-03  1.59539414E-01  3.73597921E-02
   38400 -5.44032024E-03  3.31462134E-02 -3.66436041E-02  1.08222852E-01  3.74723161E-02
   38450 -4.92364519E-02 -7.00847245E-02 -3.87778760E-02  1.45166074E-01  2.32136556E-02
   38500  6.94488476E-02  3.85824063E-02 -5.74932257E-02  1.12916032E-01  1.47256411E-02
   38550  4.45304250E-02 -6.54039820E-02 -8.17066871E-02  1.39774473E-01  6.78597826E-02
   38600  8.23115418E-03 -6.43441773E-02 -2.80468463E-02  1.11441936E-01  4.97414172E-02
   38650 -2.25941005E-02 -4.33948339E-02 -4.94851378E-02  9.79169486E-02  2.89214741E-02
   38700  7.56636364E-02  7.50679194E-02  2.18394584E-02  1.25696580E-01  4.61869436E-02
   38750 -1.32639727E-02 -5.41667967E-02  8.88698425E-04  1.06767372E-01  5.02228196E-02
   38800  8.74876375E-02  3.49784024E-02  4.28022974E-02  1.35048188E-01  3.63630224E-02
   38850  8.35915412E-02  7.11902998E-02 -9.66679777E-02  1.62558178E-01  4.30776805E-02
   38900  7.24876454E-02 -3.88057538E-02 -1.25929778E-01  1.63454648E-01  5.70566120E-02
   38950  4.91638617E-02  4.43402932E-02  3.92702684E-02  9.01298074E-02  3.57748309E-02
   39000 -5.31222465E-02 -3.81343499E-02 -9.56061553E-02  1.51686929E-01  4.25757538E-02
   39050 -1.47596748E-02  8.29525781E-02 -8.28859118E-03  1.51108369E-01  2.80952677E-02
   39100 -8.00089584E-02  2.80121201E-02  5.91293043E-02  1.22626256E-01  4.00208740E-02
   39150  2.09357399E-02 -3.61810654E-02 -2.43231527E-02  1.14188783E-01  3.31998617E-02
   39200  1.39571121E-03 -7.70305366E-02 -2.41424888E-02  1.02750386E-01  3.57041021E-02
   39250  8.58819717E-02 -5.35978250E-03 -4.98647511E-02  1.15746025E-01  4.68426327E-02
   39300 -4.36598174E-03 -3.44789552E-02 -1.25367407E-01  1.42380066E-01  4.47398225E-02
   39350 -5.31232816E-02  2.59220424E-02  1.16820811E-01  1.48248434E-01  3.61342960E-02
   39400 -2.45727568E-03 -1.55308007E-02  9.63872988E-02  1.22292056E-01  3.45079680E-02
   39450  1.28242789E-02 -2.93871375E-02 -7.03921541E-02  1.03110660E-01  2.22178303E-02
   39500  4.94717599E-02  1.49805500E-02  4.66229813E-02  1.21895312E-01  4.45539211E-02
   39550 -5.79909564E-02 -6.54624820E-02  1.98734878E-02  1.21907787E-01  4.49844167E-02
   39600  1.84507331E-02 -3.54302482E-02  4.54637747E-02  1.05570806E-01  3.71293648E-02
   39650  2.73521249E-02  3.30557056E-02 -5.53959576E-03  9.00267944E-02  4.48580643E-02
   39700 -4.44487990E-02 -6.31072953E-02  2.13931559E-02  1.01855163E-01  2.39484406E-02
   39750 -5.61137555E-02  2.86913795E-02 -3.05829028E-02  1.15426937E-01  5.37997789E-02
   39800 -8.24173827E-03  6.82938294E-03  7.08996017E-02  1.43028842E-01  5.03951583E-02
   39850 -1.91858465E-02  2.91474546E-02 -1.80400427E-02  9.59752795E-02  3.57050940E-02
   39900 -5.65941248E-03 -2.32643521E-03  4.62299962E-02  8.59589579E-02  3.15582629E-02
   39950  5.42781147E-02  3.85706741E-02  2.34111135E-02  1.41084544E-01  5.97693695E-02
