   #Iter             <M>           <M^2>           <M^4>      U_{Binder}            \chi        C_v(tot)             <E>       <E_{exc}>       <E_{lsf}>
       1  1.54076327E+00  2.37466659E+00  5.64576264E+00  6.66269364E-01  1.00833602E-03  1.50699626E+00 -7.80359066E+00 -7.80359066E+00  0.00000000E+00
      11  1.54864458E+00  2.39902241E+00  5.76214792E+00  6.66270545E-01  1.01854435E-03  1.58778945E+00 -7.78888405E+00 -7.78888405E+00  0.00000000E+00
      21  1.55124667E+00  2.40722642E+00  5.80296777E+00  6.66193322E-01  1.21286165E-03  1.22569525E+00 -7.79694641E+00 -7.79694641E+00  0.00000000E+00
      31  1.54965635E+00  2.40267070E+00  5.78455017E+00  6.65989722E-01  1.74260517E-03  1.27672543E+00 -7.80582169E+00 -7.80582169E+00  0.00000000E+00
      41  1.54642605E+00  2.39273896E+00  5.73749950E+00  6.65950548E-01  1.84064657E-03  1.55151022E+00 -7.79835886E+00 -7.79835886E+00  0.00000000E+00
      51  1.54642846E+00  2.39275577E+00  5.73769369E+00  6.65943936E-01  1.85386925E-03  1.68493916E+00 -7.79429627E+00 -7.79429627E+00  0.00000000E+00
      61  1.54604575E+00  2.39147194E+00  5.73063335E+00  6.65996677E-01  1.71243143E-03  1.73688851E+00 -7.78709984E+00 -7.78709984E+00  0.00000000E+00
      71  1.54385774E+00  2.38468156E+00  5.69786885E+00  6.66012350E-01  1.67061918E-03  1.60708084E+00 -7.78436521E+00 -7.78436521E+00  0.00000000E+00
      81  1.54510967E+00  2.38849304E+00  5.71556985E+00  6.66043176E-01  1.59209201E-03  1.58320269E+00 -7.79063162E+00 -7.79063162E+00  0.00000000E+00
      91  1.54606769E+00  2.39149584E+00  5.73034282E+00  6.66020284E-01  1.65045215E-03  1.70220326E+00 -7.79252411E+00 -7.79252411E+00  0.00000000E+00
     101  1.54629840E+00  2.39218156E+00  5.73336979E+00  6.66035410E-01  1.61137235E-03  1.66368133E+00 -7.79593164E+00 -7.79593164E+00  0.00000000E+00
     111  1.54265322E+00  2.38095308E+00  5.68003841E+00  6.66013937E-01  1.65548783E-03  1.63185254E+00 -7.79902613E+00 -7.79902613E+00  0.00000000E+00
     121  1.54315872E+00  2.38245789E+00  5.68669151E+00  6.66045002E-01  1.57789156E-03  1.59103433E+00 -7.79619948E+00 -7.79619948E+00  0.00000000E+00
     131  1.54160310E+00  2.37770863E+00  5.66455519E+00  6.66014750E-01  1.64761159E-03  1.58672017E+00 -7.79925179E+00 -7.79925179E+00  0.00000000E+00
     141  1.54247693E+00  2.38041908E+00  5.67759668E+00  6.66007713E-01  1.66946054E-03  1.62149211E+00 -7.79720253E+00 -7.79720253E+00  0.00000000E+00
     151  1.54291659E+00  2.38173325E+00  5.68346234E+00  6.66031510E-01  1.60971251E-03  1.66314395E+00 -7.79552765E+00 -7.79552765E+00  0.00000000E+00
     161  1.54217053E+00  2.37938816E+00  5.67188526E+00  6.66054506E-01  1.54848310E-03  1.70749422E+00 -7.79425978E+00 -7.79425978E+00  0.00000000E+00
     171  1.54204115E+00  2.37895721E+00  5.66954145E+00  6.66071553E-01  1.50348023E-03  1.67030545E+00 -7.79553415E+00 -7.79553415E+00  0.00000000E+00
     181  1.54335705E+00  2.38297783E+00  5.68832675E+00  6.66094728E-01  1.44787268E-03  1.61059129E+00 -7.79330601E+00 -7.79330601E+00  0.00000000E+00
     191  1.54281313E+00  2.38132736E+00  5.68071793E+00  6.66078973E-01  1.48755865E-03  1.67264275E+00 -7.79066787E+00 -7.79066787E+00  0.00000000E+00
     201  1.54236717E+00  2.37998247E+00  5.67461458E+00  6.66060650E-01  1.53121873E-03  1.67114086E+00 -7.79222181E+00 -7.79222181E+00  0.00000000E+00
     211  1.54271260E+00  2.38103136E+00  5.67946090E+00  6.66069852E-01  1.50756201E-03  1.65983115E+00 -7.79106011E+00 -7.79106011E+00  0.00000000E+00
     221  1.54227263E+00  2.37965693E+00  5.67275578E+00  6.66078692E-01  1.48339869E-03  1.63742005E+00 -7.79022198E+00 -7.79022198E+00  0.00000000E+00
     231  1.54288546E+00  2.38156956E+00  5.68207419E+00  6.66067180E-01  1.51438113E-03  1.66520053E+00 -7.79195862E+00 -7.79195862E+00  0.00000000E+00
     241  1.54200605E+00  2.37887598E+00  5.66941710E+00  6.66056072E-01  1.54157714E-03  1.64244895E+00 -7.79097928E+00 -7.79097928E+00  0.00000000E+00
     251  1.54113426E+00  2.37622630E+00  5.65715360E+00  6.66034874E-01  1.59541665E-03  1.62281405E+00 -7.79122821E+00 -7.79122821E+00  0.00000000E+00
     261  1.54167366E+00  2.37789548E+00  5.66514762E+00  6.66032310E-01  1.60429843E-03  1.64299908E+00 -7.78991709E+00 -7.78991709E+00  0.00000000E+00
     271  1.54213999E+00  2.37936099E+00  5.67237840E+00  6.66017844E-01  1.64301777E-03  1.64107127E+00 -7.78786889E+00 -7.78786889E+00  0.00000000E+00
     281  1.54192624E+00  2.37868363E+00  5.66897937E+00  6.66027847E-01  1.61741430E-03  1.62887003E+00 -7.79019493E+00 -7.79019493E+00  0.00000000E+00
     291  1.54235680E+00  2.38001656E+00  5.67537190E+00  6.66025651E-01  1.62442124E-03  1.62417876E+00 -7.79093178E+00 -7.79093178E+00  0.00000000E+00
     301  1.54246689E+00  2.38038023E+00  5.67731941E+00  6.66013121E-01  1.65831007E-03  1.63898510E+00 -7.79183101E+00 -7.79183101E+00  0.00000000E+00
     311  1.54269909E+00  2.38112420E+00  5.68113553E+00  6.65997440E-01  1.69724512E-03  1.63559115E+00 -7.79308034E+00 -7.79308034E+00  0.00000000E+00
     321  1.54341786E+00  2.38335367E+00  5.69187400E+00  6.65991869E-01  1.71311553E-03  1.65030477E+00 -7.79545106E+00 -7.79545106E+00  0.00000000E+00
     331  1.54382773E+00  2.38461398E+00  5.69784156E+00  6.65995019E-01  1.70598308E-03  1.63689847E+00 -7.79571402E+00 -7.79571402E+00  0.00000000E+00
     341  1.54406605E+00  2.38534937E+00  5.70135209E+00  6.65995274E-01  1.70526096E-03  1.64292712E+00 -7.79510391E+00 -7.79510391E+00  0.00000000E+00
     351  1.54395953E+00  2.38501402E+00  5.69969076E+00  6.65998693E-01  1.69622864E-03  1.64307781E+00 -7.79609204E+00 -7.79609204E+00  0.00000000E+00
     361  1.54392941E+00  2.38490484E+00  5.69901691E+00  6.66007602E-01  1.67339224E-03  1.65331992E+00 -7.79489672E+00 -7.79489672E+00  0.00000000E+00
     371  1.54423696E+00  2.38584769E+00  5.70345213E+00  6.66011805E-01  1.66366349E-03  1.65074291E+00 -7.79597892E+00 -7.79597892E+00  0.00000000E+00
     381  1.54413954E+00  2.38553525E+00  5.70185478E+00  6.66017878E-01  1.64734780E-03  1.64630340E+00 -7.79658648E+00 -7.79658648E+00  0.00000000E+00
     391  1.54428644E+00  2.38597606E+00  5.70383672E+00  6.66025224E-01  1.62918745E-03  1.63266791E+00 -7.79663634E+00 -7.79663634E+00  0.00000000E+00
     401  1.54435486E+00  2.38617575E+00  5.70468206E+00  6.66031633E-01  1.61279866E-03  1.61460063E+00 -7.79740502E+00 -7.79740502E+00  0.00000000E+00
     411  1.54406874E+00  2.38527276E+00  5.70019050E+00  6.66041871E-01  1.58553486E-03  1.58819121E+00 -7.79817008E+00 -7.79817008E+00  0.00000000E+00
     421  1.54440449E+00  2.38633717E+00  5.70552594E+00  6.66027415E-01  1.62421857E-03  1.60969439E+00 -7.79765373E+00 -7.79765373E+00  0.00000000E+00
     431  1.54467682E+00  2.38717839E+00  5.70954111E+00  6.66027890E-01  1.62421406E-03  1.61906647E+00 -7.79687573E+00 -7.79687573E+00  0.00000000E+00
     441  1.54468246E+00  2.38718477E+00  5.70946755E+00  6.66033977E-01  1.60860327E-03  1.64639034E+00 -7.79619764E+00 -7.79619764E+00  0.00000000E+00
     451  1.54456296E+00  2.38682253E+00  5.70780462E+00  6.66029899E-01  1.61839176E-03  1.62826896E+00 -7.79755972E+00 -7.79755972E+00  0.00000000E+00
     461  1.54408063E+00  2.38533249E+00  5.70068773E+00  6.66029467E-01  1.61796228E-03  1.62151161E+00 -7.79664668E+00 -7.79664668E+00  0.00000000E+00
     471  1.54390503E+00  2.38477870E+00  5.69793714E+00  6.66035557E-01  1.60168549E-03  1.63839540E+00 -7.79690822E+00 -7.79690822E+00  0.00000000E+00
     481  1.54400831E+00  2.38510185E+00  5.69952218E+00  6.66033169E-01  1.60765993E-03  1.63590352E+00 -7.79791866E+00 -7.79791866E+00  0.00000000E+00
     491  1.54417163E+00  2.38560565E+00  5.70192497E+00  6.66033477E-01  1.60686230E-03  1.62704310E+00 -7.79756878E+00 -7.79756878E+00  0.00000000E+00
     501  1.54463039E+00  2.38704831E+00  5.70905657E+00  6.66019835E-01  1.64300588E-03  1.67322578E+00 -7.79696751E+00 -7.79696751E+00  0.00000000E+00
     511  1.54432227E+00  2.38611483E+00  5.70477134E+00  6.66009351E-01  1.66878966E-03  1.67947449E+00 -7.79668451E+00 -7.79668451E+00  0.00000000E+00
     521  1.54470528E+00  2.38728463E+00  5.71023268E+00  6.66017165E-01  1.65001073E-03  1.67223127E+00 -7.79654699E+00 -7.79654699E+00  0.00000000E+00
     531  1.54476151E+00  2.38745092E+00  5.71095514E+00  6.66021439E-01  1.63953644E-03  1.67169957E+00 -7.79599371E+00 -7.79599371E+00  0.00000000E+00
     541  1.54510995E+00  2.38851679E+00  5.71594530E+00  6.66027879E-01  1.62435694E-03  1.67817041E+00 -7.79685687E+00 -7.79685687E+00  0.00000000E+00
     551  1.54569578E+00  2.39032213E+00  5.72452989E+00  6.66031345E-01  1.61682295E-03  1.66654831E+00 -7.79755647E+00 -7.79755647E+00  0.00000000E+00
     561  1.54532851E+00  2.38919252E+00  5.71917211E+00  6.66028338E-01  1.62477126E-03  1.64885432E+00 -7.79760121E+00 -7.79760121E+00  0.00000000E+00
     571  1.54483129E+00  2.38765996E+00  5.71188308E+00  6.66025660E-01  1.63032745E-03  1.67555313E+00 -7.79521829E+00 -7.79521829E+00  0.00000000E+00
     581  1.54478354E+00  2.38749790E+00  5.71097119E+00  6.66033644E-01  1.60982738E-03  1.66738940E+00 -7.79452847E+00 -7.79452847E+00  0.00000000E+00
     591  1.54451474E+00  2.38666143E+00  5.70691930E+00  6.66036622E-01  1.60126376E-03  1.67887713E+00 -7.79315622E+00 -7.79315622E+00  0.00000000E+00
     601  1.54458509E+00  2.38688121E+00  5.70799741E+00  6.66035042E-01  1.60474726E-03  1.67024474E+00 -7.79330892E+00 -7.79330892E+00  0.00000000E+00
     611  1.54477627E+00  2.38746744E+00  5.71076118E+00  6.66037403E-01  1.59854037E-03  1.68368111E+00 -7.79324170E+00 -7.79324170E+00  0.00000000E+00
     621  1.54447617E+00  2.38654813E+00  5.70644110E+00  6.66032897E-01  1.60951267E-03  1.68075935E+00 -7.79403645E+00 -7.79403645E+00  0.00000000E+00
     631  1.54437443E+00  2.38623837E+00  5.70500278E+00  6.66030384E-01  1.61582259E-03  1.68209704E+00 -7.79390758E+00 -7.79390758E+00  0.00000000E+00
     641  1.54451276E+00  2.38666495E+00  5.70703617E+00  6.66030766E-01  1.61485538E-03  1.68474766E+00 -7.79455022E+00 -7.79455022E+00  0.00000000E+00
     651  1.54445409E+00  2.38649222E+00  5.70628921E+00  6.66026138E-01  1.62683196E-03  1.67356789E+00 -7.79514832E+00 -7.79514832E+00  0.00000000E+00
     661  1.54428173E+00  2.38596120E+00  5.70376425E+00  6.66025307E-01  1.62875587E-03  1.67174176E+00 -7.79419314E+00 -7.79419314E+00  0.00000000E+00
     671  1.54416127E+00  2.38560018E+00  5.70214087E+00  6.66019301E-01  1.64429359E-03  1.67057552E+00 -7.79469832E+00 -7.79469832E+00  0.00000000E+00
     681  1.54410421E+00  2.38542348E+00  5.70129144E+00  6.66019580E-01  1.64359779E-03  1.67361930E+00 -7.79557512E+00 -7.79557512E+00  0.00000000E+00
     691  1.54402447E+00  2.38517233E+00  5.70004737E+00  6.66022135E-01  1.63669076E-03  1.68303990E+00 -7.79446523E+00 -7.79446523E+00  0.00000000E+00
     701  1.54358963E+00  2.38383407E+00  5.69370261E+00  6.66019215E-01  1.64280823E-03  1.69106344E+00 -7.79305937E+00 -7.79305937E+00  0.00000000E+00
     711  1.54333698E+00  2.38304721E+00  5.68988522E+00  6.66022692E-01  1.63300794E-03  1.67669463E+00 -7.79263525E+00 -7.79263525E+00  0.00000000E+00
     721  1.54331040E+00  2.38296088E+00  5.68942995E+00  6.66025218E-01  1.62697809E-03  1.68141491E+00 -7.79280945E+00 -7.79280945E+00  0.00000000E+00
     731  1.54393040E+00  2.38488429E+00  5.69869815E+00  6.66020528E-01  1.64013202E-03  1.67553362E+00 -7.79337654E+00 -7.79337654E+00  0.00000000E+00
     741  1.54382810E+00  2.38456580E+00  5.69715644E+00  6.66021685E-01  1.63644999E-03  1.67250940E+00 -7.79340496E+00 -7.79340496E+00  0.00000000E+00
     751  1.54372677E+00  2.38427285E+00  5.69593546E+00  6.66011203E-01  1.66452828E-03  1.66734296E+00 -7.79318250E+00 -7.79318250E+00  0.00000000E+00
     761  1.54361804E+00  2.38393327E+00  5.69427422E+00  6.66013485E-01  1.65904393E-03  1.69101161E+00 -7.79394653E+00 -7.79394653E+00  0.00000000E+00
     771  1.54364192E+00  2.38399489E+00  5.69445394E+00  6.66020208E-01  1.64195328E-03  1.68487119E+00 -7.79353415E+00 -7.79353415E+00  0.00000000E+00
     781  1.54348855E+00  2.38351790E+00  5.69214436E+00  6.66022035E-01  1.63699466E-03  1.68053390E+00 -7.79353079E+00 -7.79353079E+00  0.00000000E+00
     791  1.54355708E+00  2.38372616E+00  5.69310803E+00  6.66023858E-01  1.63236857E-03  1.67528691E+00 -7.79403550E+00 -7.79403550E+00  0.00000000E+00
