   #Iter             <M>           <M^2>           <M^4>      U_{Binder}            \chi        C_v(tot)             <E>       <E_{exc}>       <E_{lsf}>
       1  2.19501055E+00  4.81807599E+00  2.32139459E+01  6.66665379E-01  1.05015071E-04  2.88504820E-01 -1.21559860E+01 -1.21559860E+01  0.00000000E+00
      11  2.19625957E+00  4.82355835E+00  2.32667587E+01  6.66666043E-01  5.09130835E-05  1.12650285E+00 -1.21568327E+01 -1.21568327E+01  0.00000000E+00
      21  2.19652875E+00  4.82474107E+00  2.32781750E+01  6.66665972E-01  5.67345202E-05  1.18368527E+00 -1.21565249E+01 -1.21565249E+01  0.00000000E+00
      31  2.19627188E+00  4.82361215E+00  2.32672721E+01  6.66666122E-01  4.44200269E-05  1.18291765E+00 -1.21555718E+01 -1.21555718E+01  0.00000000E+00
      41  2.19596691E+00  4.82227285E+00  2.32543575E+01  6.66666064E-01  4.91756573E-05  1.07779004E+00 -1.21554803E+01 -1.21554803E+01  0.00000000E+00
      51  2.19600442E+00  4.82243731E+00  2.32559385E+01  6.66666138E-01  4.31758057E-05  1.10672921E+00 -1.21553269E+01 -1.21553269E+01  0.00000000E+00
      61  2.19609955E+00  4.82285511E+00  2.32599675E+01  6.66666150E-01  4.21343632E-05  1.15384857E+00 -1.21557274E+01 -1.21557274E+01  0.00000000E+00
      71  2.19613823E+00  4.82302503E+00  2.32616073E+01  6.66666139E-01  4.30845153E-05  1.12099122E+00 -1.21557116E+01 -1.21557116E+01  0.00000000E+00
      81  2.19622802E+00  4.82341964E+00  2.32654178E+01  6.66666083E-01  4.76553168E-05  1.20731273E+00 -1.21555283E+01 -1.21555283E+01  0.00000000E+00
      91  2.19619415E+00  4.82327070E+00  2.32639778E+01  6.66666130E-01  4.38342024E-05  1.15023271E+00 -1.21554947E+01 -1.21554947E+01  0.00000000E+00
     101  2.19613066E+00  4.82299178E+00  2.32612868E+01  6.66666136E-01  4.33371566E-05  1.13405297E+00 -1.21551341E+01 -1.21551341E+01  0.00000000E+00
     111  2.19619701E+00  4.82328317E+00  2.32640968E+01  6.66666147E-01  4.23941953E-05  1.09643123E+00 -1.21551893E+01 -1.21551893E+01  0.00000000E+00
     121  2.19615233E+00  4.82308692E+00  2.32622037E+01  6.66666146E-01  4.24670967E-05  1.02997746E+00 -1.21553698E+01 -1.21553698E+01  0.00000000E+00
     131  2.19602425E+00  4.82252444E+00  2.32567792E+01  6.66666134E-01  4.34761448E-05  1.03517867E+00 -1.21553482E+01 -1.21553482E+01  0.00000000E+00
     141  2.19609108E+00  4.82281796E+00  2.32596106E+01  6.66666130E-01  4.38319901E-05  1.05312609E+00 -1.21554226E+01 -1.21554226E+01  0.00000000E+00
     151  2.19605464E+00  4.82265817E+00  2.32580741E+01  6.66666061E-01  4.93985736E-05  1.03089832E+00 -1.21553612E+01 -1.21553612E+01  0.00000000E+00
     161  2.19602934E+00  4.82254707E+00  2.32570026E+01  6.66666060E-01  4.95150123E-05  1.06368444E+00 -1.21554449E+01 -1.21554449E+01  0.00000000E+00
     171  2.19591940E+00  4.82206422E+00  2.32523460E+01  6.66666054E-01  5.00004244E-05  1.10464036E+00 -1.21553449E+01 -1.21553449E+01  0.00000000E+00
     181  2.19591179E+00  4.82203081E+00  2.32520240E+01  6.66666052E-01  5.01838100E-05  1.08782696E+00 -1.21551785E+01 -1.21551785E+01  0.00000000E+00
     191  2.19595066E+00  4.82220158E+00  2.32536723E+01  6.66666033E-01  5.16891475E-05  1.07555133E+00 -1.21550636E+01 -1.21550636E+01  0.00000000E+00
     201  2.19593703E+00  4.82214163E+00  2.32530925E+01  6.66666056E-01  4.98071231E-05  1.05286842E+00 -1.21550202E+01 -1.21550202E+01  0.00000000E+00
     211  2.19602093E+00  4.82251011E+00  2.32566460E+01  6.66666061E-01  4.93965053E-05  1.04839252E+00 -1.21551038E+01 -1.21551038E+01  0.00000000E+00
     221  2.19604641E+00  4.82262200E+00  2.32577246E+01  6.66666070E-01  4.87158547E-05  1.05766601E+00 -1.21550593E+01 -1.21550593E+01  0.00000000E+00
     231  2.19603604E+00  4.82257642E+00  2.32572843E+01  6.66666080E-01  4.78709301E-05  1.03779373E+00 -1.21550817E+01 -1.21550817E+01  0.00000000E+00
     241  2.19605573E+00  4.82266293E+00  2.32581191E+01  6.66666074E-01  4.83992003E-05  1.08823753E+00 -1.21550709E+01 -1.21550709E+01  0.00000000E+00
     251  2.19603501E+00  4.82257200E+00  2.32572440E+01  6.66666046E-01  5.06515335E-05  1.08388450E+00 -1.21550894E+01 -1.21550894E+01  0.00000000E+00
     261  2.19594172E+00  4.82216238E+00  2.32532954E+01  6.66666015E-01  5.31492417E-05  1.08604638E+00 -1.21550625E+01 -1.21550625E+01  0.00000000E+00
     271  2.19595372E+00  4.82221508E+00  2.32538034E+01  6.66666020E-01  5.27745780E-05  1.10898292E+00 -1.21550472E+01 -1.21550472E+01  0.00000000E+00
     281  2.19593782E+00  4.82214521E+00  2.32531291E+01  6.66666027E-01  5.22004319E-05  1.11193396E+00 -1.21550783E+01 -1.21550783E+01  0.00000000E+00
     291  2.19594462E+00  4.82217503E+00  2.32534159E+01  6.66666037E-01  5.13587104E-05  1.11397477E+00 -1.21550777E+01 -1.21550777E+01  0.00000000E+00
     301  2.19593061E+00  4.82211350E+00  2.32528225E+01  6.66666038E-01  5.12982537E-05  1.12374237E+00 -1.21550457E+01 -1.21550457E+01  0.00000000E+00
     311  2.19595079E+00  4.82220212E+00  2.32536765E+01  6.66666048E-01  5.04942205E-05  1.12713287E+00 -1.21550561E+01 -1.21550561E+01  0.00000000E+00
     321  2.19592625E+00  4.82209439E+00  2.32526383E+01  6.66666036E-01  5.14421909E-05  1.11581001E+00 -1.21550587E+01 -1.21550587E+01  0.00000000E+00
     331  2.19595698E+00  4.82222929E+00  2.32539387E+01  6.66666045E-01  5.07248110E-05  1.12773894E+00 -1.21550610E+01 -1.21550610E+01  0.00000000E+00
     341  2.19597889E+00  4.82232548E+00  2.32548657E+01  6.66666055E-01  4.99425998E-05  1.12890937E+00 -1.21549650E+01 -1.21549650E+01  0.00000000E+00
     351  2.19598839E+00  4.82236727E+00  2.32552695E+01  6.66666045E-01  5.07474626E-05  1.14641617E+00 -1.21550221E+01 -1.21550221E+01  0.00000000E+00
     361  2.19602178E+00  4.82251386E+00  2.32566826E+01  6.66666054E-01  5.00031005E-05  1.12202789E+00 -1.21550676E+01 -1.21550676E+01  0.00000000E+00
     371  2.19598673E+00  4.82235995E+00  2.32551987E+01  6.66666047E-01  5.05847373E-05  1.13031823E+00 -1.21550525E+01 -1.21550525E+01  0.00000000E+00
     381  2.19595951E+00  4.82224054E+00  2.32540491E+01  6.66666018E-01  5.29680377E-05  1.13247544E+00 -1.21550274E+01 -1.21550274E+01  0.00000000E+00
     391  2.19595216E+00  4.82220822E+00  2.32537370E+01  6.66666023E-01  5.24911499E-05  1.13652579E+00 -1.21549931E+01 -1.21549931E+01  0.00000000E+00
     401  2.19591749E+00  4.82205597E+00  2.32522692E+01  6.66666016E-01  5.31230277E-05  1.15467758E+00 -1.21549245E+01 -1.21549245E+01  0.00000000E+00
     411  2.19588690E+00  4.82192165E+00  2.32509740E+01  6.66666013E-01  5.33446986E-05  1.15648787E+00 -1.21548981E+01 -1.21548981E+01  0.00000000E+00
     421  2.19589985E+00  4.82197847E+00  2.32515213E+01  6.66666023E-01  5.25592548E-05  1.14076976E+00 -1.21548730E+01 -1.21548730E+01  0.00000000E+00
     431  2.19590877E+00  4.82201764E+00  2.32518990E+01  6.66666024E-01  5.24341525E-05  1.14963109E+00 -1.21549165E+01 -1.21549165E+01  0.00000000E+00
     441  2.19591258E+00  4.82203434E+00  2.32520594E+01  6.66666033E-01  5.17444420E-05  1.12333779E+00 -1.21549040E+01 -1.21549040E+01  0.00000000E+00
     451  2.19590988E+00  4.82202245E+00  2.32519440E+01  6.66666043E-01  5.08856482E-05  1.12817873E+00 -1.21548681E+01 -1.21548681E+01  0.00000000E+00
     461  2.19591769E+00  4.82205680E+00  2.32522762E+01  6.66666030E-01  5.19281513E-05  1.12081534E+00 -1.21548875E+01 -1.21548875E+01  0.00000000E+00
     471  2.19589196E+00  4.82194386E+00  2.32511876E+01  6.66666020E-01  5.27602698E-05  1.11424616E+00 -1.21548678E+01 -1.21548678E+01  0.00000000E+00
     481  2.19589070E+00  4.82193830E+00  2.32511342E+01  6.66666019E-01  5.28257987E-05  1.11754994E+00 -1.21548190E+01 -1.21548190E+01  0.00000000E+00
     491  2.19590666E+00  4.82200841E+00  2.32518107E+01  6.66666013E-01  5.33645595E-05  1.11296484E+00 -1.21548516E+01 -1.21548516E+01  0.00000000E+00
     501  2.19592179E+00  4.82207490E+00  2.32524523E+01  6.66666008E-01  5.37915755E-05  1.11749179E+00 -1.21548570E+01 -1.21548570E+01  0.00000000E+00
     511  2.19594339E+00  4.82216977E+00  2.32533671E+01  6.66666009E-01  5.36575747E-05  1.11351016E+00 -1.21549304E+01 -1.21549304E+01  0.00000000E+00
     521  2.19595455E+00  4.82221872E+00  2.32538387E+01  6.66666017E-01  5.30396949E-05  1.11314048E+00 -1.21549646E+01 -1.21549646E+01  0.00000000E+00
     531  2.19596509E+00  4.82226499E+00  2.32542845E+01  6.66666024E-01  5.24575070E-05  1.10984402E+00 -1.21549914E+01 -1.21549914E+01  0.00000000E+00
     541  2.19596977E+00  4.82228555E+00  2.32544827E+01  6.66666024E-01  5.24286868E-05  1.11754941E+00 -1.21550783E+01 -1.21550783E+01  0.00000000E+00
     551  2.19596325E+00  4.82225693E+00  2.32542066E+01  6.66666027E-01  5.22384723E-05  1.11847319E+00 -1.21550880E+01 -1.21550880E+01  0.00000000E+00
     561  2.19596229E+00  4.82225269E+00  2.32541653E+01  6.66666031E-01  5.18431410E-05  1.11783499E+00 -1.21550741E+01 -1.21550741E+01  0.00000000E+00
     571  2.19596877E+00  4.82228113E+00  2.32544398E+01  6.66666029E-01  5.20022738E-05  1.12420663E+00 -1.21550968E+01 -1.21550968E+01  0.00000000E+00
     581  2.19597599E+00  4.82231284E+00  2.32547452E+01  6.66666035E-01  5.15171225E-05  1.12492569E+00 -1.21550808E+01 -1.21550808E+01  0.00000000E+00
     591  2.19596844E+00  4.82227966E+00  2.32544248E+01  6.66666041E-01  5.10516793E-05  1.14112559E+00 -1.21551430E+01 -1.21551430E+01  0.00000000E+00
     601  2.19597224E+00  4.82229635E+00  2.32545858E+01  6.66666040E-01  5.11409474E-05  1.16670833E+00 -1.21551709E+01 -1.21551709E+01  0.00000000E+00
     611  2.19597986E+00  4.82232980E+00  2.32549081E+01  6.66666043E-01  5.08733325E-05  1.17128338E+00 -1.21552024E+01 -1.21552024E+01  0.00000000E+00
     621  2.19595681E+00  4.82222860E+00  2.32539327E+01  6.66666035E-01  5.15325691E-05  1.15618031E+00 -1.21551944E+01 -1.21551944E+01  0.00000000E+00
     631  2.19593634E+00  4.82213872E+00  2.32530663E+01  6.66666030E-01  5.19831489E-05  1.15550986E+00 -1.21551511E+01 -1.21551511E+01  0.00000000E+00
     641  2.19593965E+00  4.82215322E+00  2.32532058E+01  6.66666034E-01  5.16125734E-05  1.15652460E+00 -1.21551386E+01 -1.21551386E+01  0.00000000E+00
     651  2.19595127E+00  4.82220425E+00  2.32536980E+01  6.66666034E-01  5.16686753E-05  1.15791277E+00 -1.21551935E+01 -1.21551935E+01  0.00000000E+00
     661  2.19595206E+00  4.82220774E+00  2.32537313E+01  6.66666039E-01  5.12472429E-05  1.15883840E+00 -1.21551973E+01 -1.21551973E+01  0.00000000E+00
     671  2.19596070E+00  4.82224563E+00  2.32540965E+01  6.66666042E-01  5.09419883E-05  1.15499585E+00 -1.21552191E+01 -1.21552191E+01  0.00000000E+00
     681  2.19598157E+00  4.82233729E+00  2.32549805E+01  6.66666043E-01  5.08569758E-05  1.15398705E+00 -1.21552420E+01 -1.21552420E+01  0.00000000E+00
     691  2.19598511E+00  4.82235287E+00  2.32551307E+01  6.66666043E-01  5.09178216E-05  1.15251521E+00 -1.21552461E+01 -1.21552461E+01  0.00000000E+00
     701  2.19598801E+00  4.82236560E+00  2.32552534E+01  6.66666044E-01  5.08039587E-05  1.16127366E+00 -1.21552531E+01 -1.21552531E+01  0.00000000E+00
     711  2.19598635E+00  4.82235834E+00  2.32551845E+01  6.66666029E-01  5.20761979E-05  1.17481614E+00 -1.21552857E+01 -1.21552857E+01  0.00000000E+00
     721  2.19597759E+00  4.82231994E+00  2.32548151E+01  6.66666014E-01  5.32731312E-05  1.17971641E+00 -1.21552753E+01 -1.21552753E+01  0.00000000E+00
     731  2.19597872E+00  4.82232490E+00  2.32548627E+01  6.66666018E-01  5.29544123E-05  1.17090964E+00 -1.21553078E+01 -1.21553078E+01  0.00000000E+00
     741  2.19598956E+00  4.82237250E+00  2.32553218E+01  6.66666019E-01  5.28744347E-05  1.17529441E+00 -1.21553069E+01 -1.21553069E+01  0.00000000E+00
     751  2.19599425E+00  4.82239305E+00  2.32555196E+01  6.66666024E-01  5.24814577E-05  1.17931072E+00 -1.21553524E+01 -1.21553524E+01  0.00000000E+00
     761  2.19599802E+00  4.82240962E+00  2.32556794E+01  6.66666024E-01  5.24608853E-05  1.18183511E+00 -1.21553800E+01 -1.21553800E+01  0.00000000E+00
     771  2.19599584E+00  4.82240004E+00  2.32555867E+01  6.66666028E-01  5.20966224E-05  1.18293052E+00 -1.21553771E+01 -1.21553771E+01  0.00000000E+00
     781  2.19600429E+00  4.82243714E+00  2.32559440E+01  6.66666035E-01  5.15586038E-05  1.17943669E+00 -1.21553910E+01 -1.21553910E+01  0.00000000E+00
     791  2.19600827E+00  4.82245460E+00  2.32561127E+01  6.66666031E-01  5.18884148E-05  1.18443951E+00 -1.21554169E+01 -1.21554169E+01  0.00000000E+00
