   #Iter             <M>           <M^2>           <M^4>      U_{Binder}            \chi        C_v(tot)             <E>       <E_{exc}>       <E_{lsf}>
       1  2.17556771E-01  5.08733629E-02  3.18313033E-03  5.90029816E-01  2.70904469E-03  6.43830933E-01 -2.57537590E+00 -2.57537590E+00  0.00000000E+00
      11  1.54955545E-01  2.91883844E-02  1.48146447E-03  4.20371314E-01  3.95921164E-03  7.98214148E-01 -2.68816630E+00 -2.68816630E+00  0.00000000E+00
      21  1.55411363E-01  2.83688743E-02  1.30843207E-03  4.58066845E-01  3.22430594E-03  7.31955532E-01 -2.69760171E+00 -2.69760171E+00  0.00000000E+00
      31  1.51723799E-01  2.74103863E-02  1.28401735E-03  4.30335282E-01  3.35744258E-03  6.90859547E-01 -2.68119456E+00 -2.68119456E+00  0.00000000E+00
      41  1.50681626E-01  2.69118552E-02  1.21219080E-03  4.42092173E-01  3.21720930E-03  6.97169622E-01 -2.68277815E+00 -2.68277815E+00  0.00000000E+00
      51  1.56552839E-01  2.91425952E-02  1.42453913E-03  4.40890746E-01  3.54367980E-03  7.89848968E-01 -2.68365384E+00 -2.68365384E+00  0.00000000E+00
      61  1.70319775E-01  3.50353128E-02  2.24098514E-03  3.91436750E-01  4.60872790E-03  7.40484881E-01 -2.68487321E+00 -2.68487321E+00  0.00000000E+00
      71  1.69626937E-01  3.44126086E-02  2.09470112E-03  4.10388940E-01  4.31263665E-03  8.17220531E-01 -2.69068332E+00 -2.69068332E+00  0.00000000E+00
      81  1.65003642E-01  3.24856243E-02  1.85981137E-03  4.12557706E-01  4.02211889E-03  7.88432462E-01 -2.68631787E+00 -2.68631787E+00  0.00000000E+00
      91  1.62732248E-01  3.15757814E-02  1.75045129E-03  4.14778110E-01  3.89561040E-03  7.79448634E-01 -2.68454849E+00 -2.68454849E+00  0.00000000E+00
     101  1.60382490E-01  3.07074758E-02  1.64201831E-03  4.19545070E-01  3.81220419E-03  8.26724805E-01 -2.68091912E+00 -2.68091912E+00  0.00000000E+00
     111  1.57910275E-01  2.94882954E-02  1.49643668E-03  4.26362208E-01  3.48161062E-03  8.44491807E-01 -2.67890378E+00 -2.67890378E+00  0.00000000E+00
     121  1.57431155E-01  2.96192148E-02  1.55932315E-03  4.07528057E-01  3.69727314E-03  7.82214606E-01 -2.67452068E+00 -2.67452068E+00  0.00000000E+00
     131  1.56165818E-01  2.91772497E-02  1.50449988E-03  4.10909258E-01  3.66273793E-03  7.89003056E-01 -2.66702846E+00 -2.66702846E+00  0.00000000E+00
     141  1.57040409E-01  2.94617090E-02  1.51385938E-03  4.18635634E-01  3.67079206E-03  7.52257946E-01 -2.66512227E+00 -2.66512227E+00  0.00000000E+00
     151  1.54693490E-01  2.86558176E-02  1.43766642E-03  4.16405396E-01  3.61398893E-03  7.53783929E-01 -2.66743235E+00 -2.66743235E+00  0.00000000E+00
     161  1.56865318E-01  2.92582141E-02  1.46491582E-03  4.29578628E-01  3.55720231E-03  7.26867815E-01 -2.66605901E+00 -2.66605901E+00  0.00000000E+00
     171  1.57657376E-01  2.95310767E-02  1.47523506E-03  4.36126862E-01  3.57535919E-03  7.27350423E-01 -2.65957857E+00 -2.65957857E+00  0.00000000E+00
     181  1.58448455E-01  2.98967204E-02  1.51695239E-03  4.34277313E-01  3.66374788E-03  7.35849282E-01 -2.66270605E+00 -2.66270605E+00  0.00000000E+00
     191  1.59052025E-01  3.00462847E-02  1.52027461E-03  4.38668735E-01  3.63157535E-03  7.18317070E-01 -2.66535882E+00 -2.66535882E+00  0.00000000E+00
     201  1.60405606E-01  3.05240196E-02  1.57330464E-03  4.37129977E-01  3.66623609E-03  7.23497484E-01 -2.67028279E+00 -2.67028279E+00  0.00000000E+00
     211  1.59215452E-01  3.00205905E-02  1.51403433E-03  4.40015498E-01  3.57214871E-03  7.07088059E-01 -2.67213032E+00 -2.67213032E+00  0.00000000E+00
     221  1.61170693E-01  3.09179542E-02  1.63873062E-03  4.28567659E-01  3.77934232E-03  7.30382838E-01 -2.67748658E+00 -2.67748658E+00  0.00000000E+00
     231  1.60989060E-01  3.07778402E-02  1.61034513E-03  4.33341473E-01  3.71693979E-03  7.30057894E-01 -2.67448899E+00 -2.67448899E+00  0.00000000E+00
     241  1.62372068E-01  3.12461114E-02  1.65692417E-03  4.34295772E-01  3.73304536E-03  7.32548059E-01 -2.67578822E+00 -2.67578822E+00  0.00000000E+00
     251  1.62096398E-01  3.10846921E-02  1.62835177E-03  4.38261960E-01  3.67800448E-03  7.48153326E-01 -2.67835585E+00 -2.67835585E+00  0.00000000E+00
     261  1.62406358E-01  3.12938405E-02  1.65951583E-03  4.35137924E-01  3.76102926E-03  7.36462142E-01 -2.67787170E+00 -2.67787170E+00  0.00000000E+00
     271  1.61644991E-01  3.09810339E-02  1.62037478E-03  4.37266971E-01  3.71049140E-03  7.49193589E-01 -2.67540650E+00 -2.67540650E+00  0.00000000E+00
     281  1.61642909E-01  3.09743365E-02  1.61934516E-03  4.37381317E-01  3.70588450E-03  7.28124106E-01 -2.67391814E+00 -2.67391814E+00  0.00000000E+00
     291  1.60552121E-01  3.05130277E-02  1.57191079E-03  4.37223396E-01  3.62186773E-03  7.24655248E-01 -2.67466535E+00 -2.67466535E+00  0.00000000E+00
     301  1.60077336E-01  3.03548870E-02  1.56730076E-03  4.33012024E-01  3.61734747E-03  7.22546531E-01 -2.67422165E+00 -2.67422165E+00  0.00000000E+00
     311  1.58681136E-01  2.98421377E-02  1.51435600E-03  4.33177779E-01  3.56557521E-03  7.31621478E-01 -2.67505906E+00 -2.67505906E+00  0.00000000E+00
     321  1.57961425E-01  2.96332230E-02  1.50605490E-03  4.28308453E-01  3.58008731E-03  7.33257819E-01 -2.67672578E+00 -2.67672578E+00  0.00000000E+00
     331  1.57164750E-01  2.93876880E-02  1.48596327E-03  4.26470213E-01  3.58430743E-03  7.21051916E-01 -2.67850562E+00 -2.67850562E+00  0.00000000E+00
     341  1.58089607E-01  2.97003292E-02  1.50081126E-03  4.32870424E-01  3.60042514E-03  7.09316124E-01 -2.67702046E+00 -2.67702046E+00  0.00000000E+00
     351  1.57922707E-01  2.96189203E-02  1.49087263E-03  4.33524879E-01  3.57850261E-03  7.15917559E-01 -2.67791360E+00 -2.67791360E+00  0.00000000E+00
     361  1.57827077E-01  2.95365738E-02  1.47512031E-03  4.36380573E-01  3.53862021E-03  7.08762271E-01 -2.67530929E+00 -2.67530929E+00  0.00000000E+00
     371  1.58094035E-01  2.95858908E-02  1.47668099E-03  4.37663686E-01  3.51183824E-03  6.99882134E-01 -2.67535507E+00 -2.67535507E+00  0.00000000E+00
     381  1.57462319E-01  2.93755517E-02  1.45635819E-03  4.37432182E-01  3.50342825E-03  7.06978333E-01 -2.67414621E+00 -2.67414621E+00  0.00000000E+00
     391  1.58018690E-01  2.95223342E-02  1.45940977E-03  4.41845269E-01  3.48144792E-03  7.00815078E-01 -2.67535881E+00 -2.67535881E+00  0.00000000E+00
     401  1.57530099E-01  2.93415589E-02  1.44337333E-03  4.41155405E-01  3.46110489E-03  7.04459922E-01 -2.67448620E+00 -2.67448620E+00  0.00000000E+00
     411  1.57629207E-01  2.93644431E-02  1.44199229E-03  4.42559981E-01  3.45471891E-03  6.96263427E-01 -2.67507868E+00 -2.67507868E+00  0.00000000E+00
     421  1.57444521E-01  2.92569898E-02  1.42494272E-03  4.45097253E-01  3.41704481E-03  7.00384076E-01 -2.67482898E+00 -2.67482898E+00  0.00000000E+00
     431  1.57452886E-01  2.92346500E-02  1.41681460E-03  4.47418970E-01  3.39794605E-03  7.06342604E-01 -2.67258544E+00 -2.67258544E+00  0.00000000E+00
     441  1.56989617E-01  2.90560840E-02  1.39755165E-03  4.48211749E-01  3.37279025E-03  7.05539665E-01 -2.67139312E+00 -2.67139312E+00  0.00000000E+00
     451  1.56735144E-01  2.90827515E-02  1.41206020E-03  4.43505378E-01  3.45423701E-03  7.14873031E-01 -2.67139695E+00 -2.67139695E+00  0.00000000E+00
     461  1.56980646E-01  2.91460574E-02  1.41175998E-03  4.46037993E-01  3.44375087E-03  7.24344798E-01 -2.67197121E+00 -2.67197121E+00  0.00000000E+00
     471  1.57065178E-01  2.91737642E-02  1.42546873E-03  4.41720729E-01  3.44463793E-03  7.23899793E-01 -2.66982872E+00 -2.66982872E+00  0.00000000E+00
     481  1.58169455E-01  2.95484791E-02  1.45488189E-03  4.44561196E-01  3.46498674E-03  7.18280311E-01 -2.67118071E+00 -2.67118071E+00  0.00000000E+00
     491  1.57552619E-01  2.93095242E-02  1.43185234E-03  4.44403575E-01  3.43118017E-03  7.10084097E-01 -2.67153675E+00 -2.67153675E+00  0.00000000E+00
     501  1.57351515E-01  2.92236897E-02  1.41954459E-03  4.45938862E-01  3.41396893E-03  7.20609426E-01 -2.66893749E+00 -2.66893749E+00  0.00000000E+00
     511  1.57370631E-01  2.92069277E-02  1.41528791E-03  4.46966053E-01  3.39654922E-03  7.28297010E-01 -2.66966000E+00 -2.66966000E+00  0.00000000E+00
     521  1.57224073E-01  2.91432702E-02  1.40710740E-03  4.47758008E-01  3.38312725E-03  7.41618247E-01 -2.66810013E+00 -2.66810013E+00  0.00000000E+00
     531  1.57382835E-01  2.91886635E-02  1.40642912E-03  4.49739706E-01  3.37964439E-03  7.43104228E-01 -2.66911276E+00 -2.66911276E+00  0.00000000E+00
     541  1.57263273E-01  2.91403405E-02  1.39929909E-03  4.50712074E-01  3.37145889E-03  7.42168514E-01 -2.66943895E+00 -2.66943895E+00  0.00000000E+00
     551  1.56913576E-01  2.90002459E-02  1.38354888E-03  4.51634791E-01  3.34834233E-03  7.38862548E-01 -2.67057551E+00 -2.67057551E+00  0.00000000E+00
     561  1.56853442E-01  2.89647019E-02  1.37996588E-03  4.51711714E-01  3.33558959E-03  7.38404229E-01 -2.66917953E+00 -2.66917953E+00  0.00000000E+00
     571  1.57241127E-01  2.91209214E-02  1.39402178E-03  4.52053598E-01  3.36193483E-03  7.49981162E-01 -2.66907086E+00 -2.66907086E+00  0.00000000E+00
     581  1.57098960E-01  2.90423163E-02  1.38456376E-03  4.52821276E-01  3.33599736E-03  7.50209431E-01 -2.66992558E+00 -2.66992558E+00  0.00000000E+00
     591  1.57503481E-01  2.92131077E-02  1.40601409E-03  4.50822297E-01  3.36928544E-03  7.42125539E-01 -2.66926990E+00 -2.66926990E+00  0.00000000E+00
     601  1.57675338E-01  2.93209375E-02  1.42304881E-03  4.48249371E-01  3.41032479E-03  7.45197381E-01 -2.67011591E+00 -2.67011591E+00  0.00000000E+00
     611  1.57794654E-01  2.93039529E-02  1.41274550E-03  4.51609068E-01  3.36855043E-03  7.48622735E-01 -2.67038029E+00 -2.67038029E+00  0.00000000E+00
     621  1.57893109E-01  2.93624588E-02  1.42233626E-03  4.50084217E-01  3.38952340E-03  7.42744744E-01 -2.67173571E+00 -2.67173571E+00  0.00000000E+00
     631  1.57986904E-01  2.93543147E-02  1.41765120E-03  4.51591419E-01  3.36063752E-03  7.52244285E-01 -2.67238485E+00 -2.67238485E+00  0.00000000E+00
     641  1.58480363E-01  2.95048707E-02  1.42732093E-03  4.53471332E-01  3.35634892E-03  7.54270726E-01 -2.67409699E+00 -2.67409699E+00  0.00000000E+00
     651  1.58352301E-01  2.94401753E-02  1.41803881E-03  4.54636487E-01  3.33790249E-03  7.58208963E-01 -2.67424819E+00 -2.67424819E+00  0.00000000E+00
     661  1.58292394E-01  2.93974328E-02  1.41098278E-03  4.55771043E-01  3.31972191E-03  7.55169481E-01 -2.67372183E+00 -2.67372183E+00  0.00000000E+00
     671  1.58810474E-01  2.96167912E-02  1.43894064E-03  4.53178456E-01  3.36183931E-03  7.51216770E-01 -2.67354637E+00 -2.67354637E+00  0.00000000E+00
     681  1.58679264E-01  2.95797523E-02  1.43743833E-03  4.52380504E-01  3.36537162E-03  7.48682088E-01 -2.67270347E+00 -2.67270347E+00  0.00000000E+00
     691  1.58522997E-01  2.95148409E-02  1.42939268E-03  4.53047758E-01  3.35363813E-03  7.50138523E-01 -2.67257467E+00 -2.67257467E+00  0.00000000E+00
     701  1.58644695E-01  2.95260796E-02  1.42599632E-03  4.54762679E-01  3.33271474E-03  7.50340528E-01 -2.67049801E+00 -2.67049801E+00  0.00000000E+00
     711  1.59345500E-01  2.97726780E-02  1.44726010E-03  4.55761158E-01  3.35087665E-03  7.55796594E-01 -2.67100902E+00 -2.67100902E+00  0.00000000E+00
     721  1.59135080E-01  2.97057404E-02  1.44063275E-03  4.55809111E-01  3.35093559E-03  7.60013988E-01 -2.67116044E+00 -2.67116044E+00  0.00000000E+00
     731  1.59111759E-01  2.96974975E-02  1.43874697E-03  4.56219715E-01  3.35030775E-03  7.58867202E-01 -2.67133318E+00 -2.67133318E+00  0.00000000E+00
     741  1.59300339E-01  2.97806071E-02  1.44841577E-03  4.55616572E-01  3.36794557E-03  7.56789168E-01 -2.67213358E+00 -2.67213358E+00  0.00000000E+00
     751  1.59048560E-01  2.96686657E-02  1.43578698E-03  4.56283236E-01  3.34363597E-03  7.57137099E-01 -2.67119179E+00 -2.67119179E+00  0.00000000E+00
     761  1.59551569E-01  2.98494679E-02  1.45437446E-03  4.55896154E-01  3.35934638E-03  7.57163061E-01 -2.67209124E+00 -2.67209124E+00  0.00000000E+00
     771  1.59603071E-01  2.98638289E-02  1.45648529E-03  4.55630391E-01  3.35775863E-03  7.55663272E-01 -2.67210341E+00 -2.67210341E+00  0.00000000E+00
     781  1.59175944E-01  2.96946082E-02  1.43975315E-03  4.55733527E-01  3.33247493E-03  7.58748592E-01 -2.67151865E+00 -2.67151865E+00  0.00000000E+00
     791  1.59218183E-01  2.96800704E-02  1.43308988E-03  4.57721580E-01  3.31107253E-03  7.55365175E-01 -2.67120559E+00 -2.67120559E+00  0.00000000E+00
