   #Iter             <M>           <M^2>           <M^4>      U_{Binder}            \chi        C_v(tot)             <E>       <E_{exc}>       <E_{lsf}>
       1  1.85008338E+00  3.42284298E+00  1.17163271E+01  6.66653210E-01  7.77476820E-05  4.24654783E-01 -9.71598100E+00 -9.71598100E+00  0.00000000E+00
      11  1.85667723E+00  3.44750623E+00  1.18888356E+01  6.66567485E-01  5.77258625E-04  1.97346861E+00 -9.72261670E+00 -9.72261670E+00  0.00000000E+00
      21  1.85669204E+00  3.44765974E+00  1.18912229E+01  6.66530229E-01  7.99518908E-04  1.33389884E+00 -9.72408770E+00 -9.72408770E+00  0.00000000E+00
      31  1.85336637E+00  3.43527510E+00  1.18053339E+01  6.66547502E-01  6.95296980E-04  1.44328654E+00 -9.70980261E+00 -9.70980261E+00  0.00000000E+00
      41  1.85404135E+00  3.43776849E+00  1.18223648E+01  6.66550670E-01  6.74941418E-04  1.47940811E+00 -9.71497827E+00 -9.71497827E+00  0.00000000E+00
      51  1.85307338E+00  3.43413820E+00  1.17968377E+01  6.66566822E-01  5.80361689E-04  1.38978675E+00 -9.71099139E+00 -9.71099139E+00  0.00000000E+00
      61  1.85248464E+00  3.43199630E+00  1.17826557E+01  6.66551850E-01  6.69958299E-04  1.41856482E+00 -9.71193215E+00 -9.71193215E+00  0.00000000E+00
      71  1.85239678E+00  3.43165273E+00  1.17800572E+01  6.66558630E-01  6.29154507E-04  1.29684759E+00 -9.71273274E+00 -9.71273274E+00  0.00000000E+00
      81  1.85272057E+00  3.43283152E+00  1.17878655E+01  6.66566724E-01  5.82073190E-04  1.25566486E+00 -9.71570818E+00 -9.71570818E+00  0.00000000E+00
      91  1.85102411E+00  3.42657226E+00  1.17452465E+01  6.66557393E-01  6.36186264E-04  1.34253240E+00 -9.71306826E+00 -9.71306826E+00  0.00000000E+00
     101  1.85060625E+00  3.42501654E+00  1.17344664E+01  6.66560732E-01  6.15993524E-04  1.26556741E+00 -9.71171192E+00 -9.71171192E+00  0.00000000E+00
     111  1.85091231E+00  3.42617653E+00  1.17427872E+01  6.66550196E-01  6.77167084E-04  1.32464158E+00 -9.71327030E+00 -9.71327030E+00  0.00000000E+00
     121  1.85079194E+00  3.42572298E+00  1.17395703E+01  6.66553269E-01  6.59118918E-04  1.33381249E+00 -9.71259546E+00 -9.71259546E+00  0.00000000E+00
     131  1.85082731E+00  3.42584851E+00  1.17403586E+01  6.66555315E-01  6.46989675E-04  1.32069168E+00 -9.71346545E+00 -9.71346545E+00  0.00000000E+00
     141  1.85021441E+00  3.42359966E+00  1.17252142E+01  6.66547805E-01  6.90982123E-04  1.23843106E+00 -9.71296956E+00 -9.71296956E+00  0.00000000E+00
     151  1.84989330E+00  3.42241293E+00  1.17171063E+01  6.66547251E-01  6.94182750E-04  1.27782673E+00 -9.71217252E+00 -9.71217252E+00  0.00000000E+00
     161  1.84948239E+00  3.42090019E+00  1.17068510E+01  6.66544387E-01  7.10796967E-04  1.23795689E+00 -9.71264419E+00 -9.71264419E+00  0.00000000E+00
     171  1.84958987E+00  3.42128511E+00  1.17093143E+01  6.66549268E-01  6.82298763E-04  1.29199947E+00 -9.71228037E+00 -9.71228037E+00  0.00000000E+00
     181  1.85019527E+00  3.42353507E+00  1.17248557E+01  6.66545419E-01  7.05049343E-04  1.30006208E+00 -9.71429525E+00 -9.71429525E+00  0.00000000E+00
     191  1.84973839E+00  3.42183219E+00  1.17130294E+01  6.66550122E-01  6.76956067E-04  1.27408144E+00 -9.71114957E+00 -9.71114957E+00  0.00000000E+00
     201  1.84959967E+00  3.42132060E+00  1.17095526E+01  6.66549401E-01  6.80555099E-04  1.27005988E+00 -9.70923863E+00 -9.70923863E+00  0.00000000E+00
     211  1.84948870E+00  3.42090278E+00  1.17065944E+01  6.66552203E-01  6.63978784E-04  1.22886695E+00 -9.70839366E+00 -9.70839366E+00  0.00000000E+00
     221  1.84923002E+00  3.41994372E+00  1.17000030E+01  6.66553010E-01  6.58892295E-04  1.20338465E+00 -9.70767042E+00 -9.70767042E+00  0.00000000E+00
     231  1.84922559E+00  3.41993219E+00  1.16999906E+01  6.66551114E-01  6.69828455E-04  1.21370603E+00 -9.70887023E+00 -9.70887023E+00  0.00000000E+00
     241  1.84912982E+00  3.41957764E+00  1.16975593E+01  6.66551274E-01  6.68968099E-04  1.20831274E+00 -9.70768053E+00 -9.70768053E+00  0.00000000E+00
     251  1.84958165E+00  3.42124559E+00  1.17089262E+01  6.66552619E-01  6.61734264E-04  1.21190352E+00 -9.70671189E+00 -9.70671189E+00  0.00000000E+00
     261  1.84933277E+00  3.42033154E+00  1.17027582E+01  6.66550120E-01  6.76435938E-04  1.19518281E+00 -9.70734113E+00 -9.70734113E+00  0.00000000E+00
     271  1.84866982E+00  3.41788065E+00  1.16860054E+01  6.66549755E-01  6.77992331E-04  1.22668753E+00 -9.70671746E+00 -9.70671746E+00  0.00000000E+00
     281  1.84895577E+00  3.41893884E+00  1.16932520E+01  6.66549487E-01  6.79966380E-04  1.24165028E+00 -9.70644415E+00 -9.70644415E+00  0.00000000E+00
     291  1.84909405E+00  3.41946508E+00  1.16970527E+01  6.66543762E-01  7.13471352E-04  1.25630378E+00 -9.70650551E+00 -9.70650551E+00  0.00000000E+00
     301  1.84927926E+00  3.42014471E+00  1.17016300E+01  6.66545838E-01  7.01478087E-04  1.23626162E+00 -9.70707835E+00 -9.70707835E+00  0.00000000E+00
     311  1.84940557E+00  3.42060561E+00  1.17046979E+01  6.66548290E-01  6.87253806E-04  1.22633470E+00 -9.70778563E+00 -9.70778563E+00  0.00000000E+00
     321  1.84903924E+00  3.41925431E+00  1.16955028E+01  6.66546840E-01  6.95332335E-04  1.24324518E+00 -9.70700004E+00 -9.70700004E+00  0.00000000E+00
     331  1.84936553E+00  3.42045997E+00  1.17037357E+01  6.66547309E-01  6.92856545E-04  1.23484574E+00 -9.70727690E+00 -9.70727690E+00  0.00000000E+00
     341  1.84962511E+00  3.42142180E+00  1.17103403E+01  6.66546697E-01  6.96537082E-04  1.26214245E+00 -9.70719383E+00 -9.70719383E+00  0.00000000E+00
     351  1.84958767E+00  3.42128795E+00  1.17094852E+01  6.66544954E-01  7.07001525E-04  1.25123347E+00 -9.70783235E+00 -9.70783235E+00  0.00000000E+00
     361  1.84939738E+00  3.42058798E+00  1.17047491E+01  6.66543394E-01  7.15812953E-04  1.28927868E+00 -9.70562292E+00 -9.70562292E+00  0.00000000E+00
     371  1.84939512E+00  3.42057494E+00  1.17045965E+01  6.66545202E-01  7.05276637E-04  1.30364880E+00 -9.70552949E+00 -9.70552949E+00  0.00000000E+00
     381  1.84927325E+00  3.42012952E+00  1.17016211E+01  6.66543130E-01  7.17297258E-04  1.31363675E+00 -9.70637938E+00 -9.70637938E+00  0.00000000E+00
     391  1.84914558E+00  3.41965722E+00  1.16983895E+01  6.66543130E-01  7.17027692E-04  1.33128100E+00 -9.70646901E+00 -9.70646901E+00  0.00000000E+00
     401  1.84917778E+00  3.41977511E+00  1.16991803E+01  6.66543577E-01  7.14319952E-04  1.35219721E+00 -9.70674241E+00 -9.70674241E+00  0.00000000E+00
     411  1.84946770E+00  3.42084194E+00  1.17064041E+01  6.66545762E-01  7.01975407E-04  1.33141127E+00 -9.70683272E+00 -9.70683272E+00  0.00000000E+00
     421  1.84949492E+00  3.42094693E+00  1.17071814E+01  6.66544090E-01  7.11733477E-04  1.32558693E+00 -9.70654269E+00 -9.70654269E+00  0.00000000E+00
     431  1.84963634E+00  3.42146801E+00  1.17107192E+01  6.66544915E-01  7.07080612E-04  1.32913701E+00 -9.70686590E+00 -9.70686590E+00  0.00000000E+00
     441  1.84974348E+00  3.42186573E+00  1.17134608E+01  6.66544377E-01  7.10145146E-04  1.32364736E+00 -9.70662856E+00 -9.70662856E+00  0.00000000E+00
     451  1.84977730E+00  3.42199057E+00  1.17143115E+01  6.66544490E-01  7.09570541E-04  1.32636627E+00 -9.70728765E+00 -9.70728765E+00  0.00000000E+00
     461  1.84971975E+00  3.42177483E+00  1.17127959E+01  6.66545589E-01  7.03144439E-04  1.33048512E+00 -9.70710280E+00 -9.70710280E+00  0.00000000E+00
     471  1.84988054E+00  3.42236640E+00  1.17168004E+01  6.66546891E-01  6.95753351E-04  1.32184811E+00 -9.70655238E+00 -9.70655238E+00  0.00000000E+00
     481  1.85010787E+00  3.42320295E+00  1.17224648E+01  6.66548721E-01  6.85396389E-04  1.31271984E+00 -9.70720619E+00 -9.70720619E+00  0.00000000E+00
     491  1.85015731E+00  3.42338447E+00  1.17236898E+01  6.66549239E-01  6.82243592E-04  1.33087945E+00 -9.70716064E+00 -9.70716064E+00  0.00000000E+00
     501  1.85009072E+00  3.42313548E+00  1.17219495E+01  6.66550234E-01  6.76370749E-04  1.32147899E+00 -9.70754923E+00 -9.70754923E+00  0.00000000E+00
     511  1.85014117E+00  3.42331970E+00  1.17231774E+01  6.66551197E-01  6.70797790E-04  1.31965344E+00 -9.70768174E+00 -9.70768174E+00  0.00000000E+00
     521  1.85027687E+00  3.42382215E+00  1.17266229E+01  6.66551085E-01  6.71548179E-04  1.31488993E+00 -9.70765902E+00 -9.70765902E+00  0.00000000E+00
     531  1.85018856E+00  3.42349333E+00  1.17243420E+01  6.66551895E-01  6.66887827E-04  1.32144991E+00 -9.70761167E+00 -9.70761167E+00  0.00000000E+00
     541  1.85029478E+00  3.42388442E+00  1.17269941E+01  6.66552657E-01  6.62511848E-04  1.32111077E+00 -9.70717866E+00 -9.70717866E+00  0.00000000E+00
     551  1.85047021E+00  3.42453953E+00  1.17315626E+01  6.66550368E-01  6.75738363E-04  1.31238342E+00 -9.70763713E+00 -9.70763713E+00  0.00000000E+00
     561  1.85040279E+00  3.42428915E+00  1.17298361E+01  6.66550685E-01  6.73771872E-04  1.30495978E+00 -9.70770590E+00 -9.70770590E+00  0.00000000E+00
     571  1.85043522E+00  3.42440877E+00  1.17306504E+01  6.66550833E-01  6.72923366E-04  1.29924401E+00 -9.70746845E+00 -9.70746845E+00  0.00000000E+00
     581  1.85018318E+00  3.42347709E+00  1.17242830E+01  6.66550413E-01  6.75179568E-04  1.32237025E+00 -9.70711605E+00 -9.70711605E+00  0.00000000E+00
     591  1.85046736E+00  3.42452837E+00  1.17314784E+01  6.66550590E-01  6.74406284E-04  1.32855730E+00 -9.70754506E+00 -9.70754506E+00  0.00000000E+00
     601  1.85022405E+00  3.42363380E+00  1.17254298E+01  6.66548323E-01  6.87528034E-04  1.32953792E+00 -9.70716722E+00 -9.70716722E+00  0.00000000E+00
     611  1.85021051E+00  3.42358052E+00  1.17250222E+01  6.66549537E-01  6.80410702E-04  1.31868419E+00 -9.70729692E+00 -9.70729692E+00  0.00000000E+00
     621  1.85019422E+00  3.42352186E+00  1.17246410E+01  6.66548949E-01  6.84043962E-04  1.31877183E+00 -9.70759100E+00 -9.70759100E+00  0.00000000E+00
     631  1.85007312E+00  3.42307346E+00  1.17215662E+01  6.66549057E-01  6.83351467E-04  1.32027356E+00 -9.70757574E+00 -9.70757574E+00  0.00000000E+00
     641  1.84998965E+00  3.42276159E+00  1.17193901E+01  6.66550203E-01  6.76555191E-04  1.31643413E+00 -9.70758346E+00 -9.70758346E+00  0.00000000E+00
     651  1.85006363E+00  3.42303199E+00  1.17211963E+01  6.66551501E-01  6.69045009E-04  1.30514809E+00 -9.70793908E+00 -9.70793908E+00  0.00000000E+00
     661  1.84994576E+00  3.42259910E+00  1.17182764E+01  6.66550231E-01  6.76345142E-04  1.29775574E+00 -9.70774389E+00 -9.70774389E+00  0.00000000E+00
     671  1.84997147E+00  3.42269339E+00  1.17189104E+01  6.66550564E-01  6.74412109E-04  1.29676161E+00 -9.70730561E+00 -9.70730561E+00  0.00000000E+00
     681  1.84994583E+00  3.42260013E+00  1.17182936E+01  6.66549943E-01  6.78036246E-04  1.29445952E+00 -9.70743029E+00 -9.70743029E+00  0.00000000E+00
     691  1.84992219E+00  3.42251125E+00  1.17176658E+01  6.66550489E-01  6.74835343E-04  1.29586906E+00 -9.70735111E+00 -9.70735111E+00  0.00000000E+00
     701  1.84988186E+00  3.42236306E+00  1.17166647E+01  6.66550103E-01  6.77180731E-04  1.29160988E+00 -9.70742724E+00 -9.70742724E+00  0.00000000E+00
     711  1.84985548E+00  3.42226934E+00  1.17160767E+01  6.66548573E-01  6.85936969E-04  1.30677485E+00 -9.70783984E+00 -9.70783984E+00  0.00000000E+00
     721  1.84971109E+00  3.42173506E+00  1.17124184E+01  6.66548585E-01  6.85677885E-04  1.31725930E+00 -9.70808206E+00 -9.70808206E+00  0.00000000E+00
     731  1.84974315E+00  3.42185518E+00  1.17132609E+01  6.66548011E-01  6.89090327E-04  1.31714258E+00 -9.70871892E+00 -9.70871892E+00  0.00000000E+00
     741  1.84951276E+00  3.42100635E+00  1.17074983E+01  6.66546649E-01  6.96902705E-04  1.32025479E+00 -9.70829200E+00 -9.70829200E+00  0.00000000E+00
     751  1.84944958E+00  3.42077198E+00  1.17058851E+01  6.66546907E-01  6.95324472E-04  1.32221697E+00 -9.70868891E+00 -9.70868891E+00  0.00000000E+00
     761  1.84933094E+00  3.42033117E+00  1.17028425E+01  6.66547644E-01  6.90906417E-04  1.31661056E+00 -9.70854731E+00 -9.70854731E+00  0.00000000E+00
     771  1.84953474E+00  3.42108740E+00  1.17080504E+01  6.66546723E-01  6.96282861E-04  1.31473931E+00 -9.70906137E+00 -9.70906137E+00  0.00000000E+00
     781  1.84950383E+00  3.42097090E+00  1.17072238E+01  6.66547554E-01  6.91385162E-04  1.31832013E+00 -9.70888027E+00 -9.70888027E+00  0.00000000E+00
     791  1.84953219E+00  3.42107443E+00  1.17079138E+01  6.66548085E-01  6.88358906E-04  1.34093492E+00 -9.70885399E+00 -9.70885399E+00  0.00000000E+00
