   #Iter             <M>           <M^2>           <M^4>      U_{Binder}            \chi        C_v(tot)             <E>       <E_{exc}>       <E_{lsf}>
       1  2.14279194E+00  4.59157088E+00  2.10827725E+01  6.66662724E-01  1.22605695E-04  4.33080183E-01 -1.17611549E+01 -1.17611549E+01  0.00000000E+00
      11  2.14531093E+00  4.60237648E+00  2.11821916E+01  6.66661595E-01  1.57989145E-04  1.12545336E+00 -1.17756629E+01 -1.17756629E+01  0.00000000E+00
      21  2.14432969E+00  4.59816947E+00  2.11435236E+01  6.66660974E-01  1.77364300E-04  1.32748045E+00 -1.17717664E+01 -1.17717664E+01  0.00000000E+00
      31  2.14385768E+00  4.59614503E+00  2.11249036E+01  6.66661073E-01  1.74079424E-04  1.21635209E+00 -1.17697698E+01 -1.17697698E+01  0.00000000E+00
      41  2.14387287E+00  4.59620874E+00  2.11254627E+01  6.66661492E-01  1.61092168E-04  1.18144225E+00 -1.17692011E+01 -1.17692011E+01  0.00000000E+00
      51  2.14457188E+00  4.59920391E+00  2.11529588E+01  6.66662220E-01  1.38529924E-04  1.32330378E+00 -1.17708783E+01 -1.17708783E+01  0.00000000E+00
      61  2.14435901E+00  4.59829136E+00  2.11445735E+01  6.66662094E-01  1.42438347E-04  1.31989559E+00 -1.17691694E+01 -1.17691694E+01  0.00000000E+00
      71  2.14414176E+00  4.59735802E+00  2.11359604E+01  6.66662571E-01  1.27533441E-04  1.27545897E+00 -1.17681651E+01 -1.17681651E+01  0.00000000E+00
      81  2.14397640E+00  4.59664923E+00  2.11294497E+01  6.66662478E-01  1.30400874E-04  1.19771205E+00 -1.17682030E+01 -1.17682030E+01  0.00000000E+00
      91  2.14349321E+00  4.59457750E+00  2.11104065E+01  6.66662496E-01  1.29748388E-04  1.21299766E+00 -1.17677134E+01 -1.17677134E+01  0.00000000E+00
     101  2.14336784E+00  4.59403905E+00  2.11054401E+01  6.66662793E-01  1.20466087E-04  1.11616370E+00 -1.17674774E+01 -1.17674774E+01  0.00000000E+00
     111  2.14356543E+00  4.59488685E+00  2.11132443E+01  6.66662575E-01  1.27272062E-04  1.10810176E+00 -1.17677123E+01 -1.17677123E+01  0.00000000E+00
     121  2.14352247E+00  4.59470251E+00  2.11115467E+01  6.66662631E-01  1.25547569E-04  1.04485688E+00 -1.17678091E+01 -1.17678091E+01  0.00000000E+00
     131  2.14352657E+00  4.59472159E+00  2.11117499E+01  6.66662192E-01  1.39268107E-04  1.06199035E+00 -1.17682057E+01 -1.17682057E+01  0.00000000E+00
     141  2.14369498E+00  4.59544409E+00  2.11183990E+01  6.66662048E-01  1.43745816E-04  1.07536731E+00 -1.17683464E+01 -1.17683464E+01  0.00000000E+00
     151  2.14379363E+00  4.59586730E+00  2.11222936E+01  6.66661974E-01  1.46064462E-04  1.04457575E+00 -1.17687339E+01 -1.17687339E+01  0.00000000E+00
     161  2.14378199E+00  4.59581767E+00  2.11218421E+01  6.66661899E-01  1.48378169E-04  1.04663609E+00 -1.17686921E+01 -1.17686921E+01  0.00000000E+00
     171  2.14383999E+00  4.59606559E+00  2.11241071E+01  6.66662119E-01  1.41559026E-04  1.05631279E+00 -1.17686835E+01 -1.17686835E+01  0.00000000E+00
     181  2.14388905E+00  4.59627573E+00  2.11260353E+01  6.66662175E-01  1.39811926E-04  1.06067590E+00 -1.17690457E+01 -1.17690457E+01  0.00000000E+00
     191  2.14396968E+00  4.59662203E+00  2.11292289E+01  6.66662015E-01  1.44796407E-04  1.06560473E+00 -1.17689715E+01 -1.17689715E+01  0.00000000E+00
     201  2.14390139E+00  4.59632884E+00  2.11265266E+01  6.66662125E-01  1.41343813E-04  1.02825320E+00 -1.17687679E+01 -1.17687679E+01  0.00000000E+00
     211  2.14379811E+00  4.59588569E+00  2.11224477E+01  6.66662210E-01  1.38679438E-04  1.05544151E+00 -1.17685667E+01 -1.17685667E+01  0.00000000E+00
     221  2.14396251E+00  4.59659067E+00  2.11289289E+01  6.66662200E-01  1.39004735E-04  1.04901779E+00 -1.17684737E+01 -1.17684737E+01  0.00000000E+00
     231  2.14392303E+00  4.59642115E+00  2.11273670E+01  6.66662255E-01  1.37285788E-04  1.05347337E+00 -1.17682001E+01 -1.17682001E+01  0.00000000E+00
     241  2.14383315E+00  4.59603548E+00  2.11238161E+01  6.66662343E-01  1.34528322E-04  1.03965245E+00 -1.17680166E+01 -1.17680166E+01  0.00000000E+00
     251  2.14387920E+00  4.59623256E+00  2.11256212E+01  6.66662448E-01  1.31286592E-04  1.06424372E+00 -1.17682675E+01 -1.17682675E+01  0.00000000E+00
     261  2.14389149E+00  4.59628494E+00  2.11260965E+01  6.66662545E-01  1.28262630E-04  1.05399835E+00 -1.17684364E+01 -1.17684364E+01  0.00000000E+00
     271  2.14385078E+00  4.59611040E+00  2.11244923E+01  6.66662541E-01  1.28387960E-04  1.06324664E+00 -1.17684972E+01 -1.17684972E+01  0.00000000E+00
     281  2.14376422E+00  4.59573955E+00  2.11210888E+01  6.66662456E-01  1.30998269E-04  1.08633152E+00 -1.17687320E+01 -1.17687320E+01  0.00000000E+00
     291  2.14373823E+00  4.59562770E+00  2.11200535E+01  6.66662570E-01  1.27438018E-04  1.09959368E+00 -1.17686884E+01 -1.17686884E+01  0.00000000E+00
     301  2.14366348E+00  4.59530726E+00  2.11171088E+01  6.66662563E-01  1.27676217E-04  1.09046341E+00 -1.17685632E+01 -1.17685632E+01  0.00000000E+00
     311  2.14355850E+00  4.59485806E+00  2.11129965E+01  6.66662310E-01  1.35558381E-04  1.09490470E+00 -1.17688015E+01 -1.17688015E+01  0.00000000E+00
     321  2.14352652E+00  4.59472141E+00  2.11117491E+01  6.66662178E-01  1.39684785E-04  1.08662291E+00 -1.17686568E+01 -1.17686568E+01  0.00000000E+00
     331  2.14353452E+00  4.59475571E+00  2.11120639E+01  6.66662185E-01  1.39474991E-04  1.08343852E+00 -1.17690022E+01 -1.17690022E+01  0.00000000E+00
     341  2.14344135E+00  4.59435649E+00  2.11083996E+01  6.66662117E-01  1.41554619E-04  1.10131500E+00 -1.17689114E+01 -1.17689114E+01  0.00000000E+00
     351  2.14347789E+00  4.59451284E+00  2.11098306E+01  6.66662208E-01  1.38736360E-04  1.11033823E+00 -1.17687265E+01 -1.17687265E+01  0.00000000E+00
     361  2.14359805E+00  4.59502781E+00  2.11145601E+01  6.66662254E-01  1.37321777E-04  1.11413029E+00 -1.17685828E+01 -1.17685828E+01  0.00000000E+00
     371  2.14360061E+00  4.59503905E+00  2.11146684E+01  6.66662174E-01  1.39803069E-04  1.11480020E+00 -1.17686871E+01 -1.17686871E+01  0.00000000E+00
     381  2.14367225E+00  4.59534649E+00  2.11174990E+01  6.66662094E-01  1.42313283E-04  1.13882854E+00 -1.17688624E+01 -1.17688624E+01  0.00000000E+00
     391  2.14371130E+00  4.59551369E+00  2.11190319E+01  6.66662154E-01  1.40443605E-04  1.13146751E+00 -1.17687996E+01 -1.17687996E+01  0.00000000E+00
     401  2.14378992E+00  4.59585048E+00  2.11221224E+01  6.66662236E-01  1.37899186E-04  1.13831377E+00 -1.17687387E+01 -1.17687387E+01  0.00000000E+00
     411  2.14374861E+00  4.59567374E+00  2.11205045E+01  6.66662131E-01  1.41184651E-04  1.15149800E+00 -1.17688014E+01 -1.17688014E+01  0.00000000E+00
     421  2.14377119E+00  4.59577059E+00  2.11213951E+01  6.66662125E-01  1.41354666E-04  1.16546558E+00 -1.17688005E+01 -1.17688005E+01  0.00000000E+00
     431  2.14365015E+00  4.59525169E+00  2.11166272E+01  6.66662102E-01  1.42049091E-04  1.15367122E+00 -1.17686372E+01 -1.17686372E+01  0.00000000E+00
     441  2.14363091E+00  4.59516913E+00  2.11158667E+01  6.66662131E-01  1.41158646E-04  1.15328657E+00 -1.17686707E+01 -1.17686707E+01  0.00000000E+00
     451  2.14359133E+00  4.59499942E+00  2.11143070E+01  6.66662131E-01  1.41147983E-04  1.15010832E+00 -1.17685076E+01 -1.17685076E+01  0.00000000E+00
     461  2.14352612E+00  4.59471978E+00  2.11117359E+01  6.66662151E-01  1.40497802E-04  1.14139496E+00 -1.17684416E+01 -1.17684416E+01  0.00000000E+00
     471  2.14350453E+00  4.59462723E+00  2.11108849E+01  6.66662157E-01  1.40316786E-04  1.13647232E+00 -1.17685342E+01 -1.17685342E+01  0.00000000E+00
     481  2.14353960E+00  4.59477768E+00  2.11122696E+01  6.66662124E-01  1.41335970E-04  1.13828673E+00 -1.17686915E+01 -1.17686915E+01  0.00000000E+00
     491  2.14358532E+00  4.59497371E+00  2.11140717E+01  6.66662115E-01  1.41645332E-04  1.14925932E+00 -1.17686756E+01 -1.17686756E+01  0.00000000E+00
     501  2.14355676E+00  4.59485126E+00  2.11129461E+01  6.66662120E-01  1.41469154E-04  1.16009876E+00 -1.17682445E+01 -1.17682445E+01  0.00000000E+00
     511  2.14358848E+00  4.59498716E+00  2.11141933E+01  6.66662147E-01  1.40631863E-04  1.15227837E+00 -1.17683306E+01 -1.17683306E+01  0.00000000E+00
     521  2.14358923E+00  4.59499030E+00  2.11142205E+01  6.66662173E-01  1.39832052E-04  1.14222606E+00 -1.17682633E+01 -1.17682633E+01  0.00000000E+00
     531  2.14357088E+00  4.59491134E+00  2.11134903E+01  6.66662246E-01  1.37561327E-04  1.13706401E+00 -1.17681928E+01 -1.17681928E+01  0.00000000E+00
     541  2.14353620E+00  4.59476264E+00  2.11121227E+01  6.66662262E-01  1.37048036E-04  1.13905884E+00 -1.17681049E+01 -1.17681049E+01  0.00000000E+00
     551  2.14352782E+00  4.59472678E+00  2.11117946E+01  6.66662240E-01  1.37719774E-04  1.13967679E+00 -1.17681656E+01 -1.17681656E+01  0.00000000E+00
     561  2.14357686E+00  4.59493698E+00  2.11137259E+01  6.66662246E-01  1.37545832E-04  1.14413024E+00 -1.17681348E+01 -1.17681348E+01  0.00000000E+00
     571  2.14361627E+00  4.59510576E+00  2.11152735E+01  6.66662301E-01  1.35829794E-04  1.13878928E+00 -1.17681252E+01 -1.17681252E+01  0.00000000E+00
     581  2.14368593E+00  4.59540441E+00  2.11180184E+01  6.66662299E-01  1.35914365E-04  1.13367148E+00 -1.17681982E+01 -1.17681982E+01  0.00000000E+00
     591  2.14364130E+00  4.59521312E+00  2.11162607E+01  6.66662293E-01  1.36092495E-04  1.13407644E+00 -1.17681643E+01 -1.17681643E+01  0.00000000E+00
     601  2.14368890E+00  4.59541709E+00  2.11181339E+01  6.66662315E-01  1.35408952E-04  1.12796755E+00 -1.17682583E+01 -1.17682583E+01  0.00000000E+00
     611  2.14370101E+00  4.59546897E+00  2.11186097E+01  6.66662331E-01  1.34920741E-04  1.11984354E+00 -1.17681857E+01 -1.17681857E+01  0.00000000E+00
     621  2.14370648E+00  4.59549228E+00  2.11188212E+01  6.66662375E-01  1.33543509E-04  1.10876860E+00 -1.17682070E+01 -1.17682070E+01  0.00000000E+00
     631  2.14371266E+00  4.59551875E+00  2.11190639E+01  6.66662384E-01  1.33261641E-04  1.12195742E+00 -1.17681888E+01 -1.17681888E+01  0.00000000E+00
     641  2.14370911E+00  4.59550353E+00  2.11189247E+01  6.66662373E-01  1.33601856E-04  1.13572716E+00 -1.17682100E+01 -1.17682100E+01  0.00000000E+00
     651  2.14368199E+00  4.59538721E+00  2.11178541E+01  6.66662397E-01  1.32844419E-04  1.12705516E+00 -1.17681704E+01 -1.17681704E+01  0.00000000E+00
     661  2.14371448E+00  4.59552658E+00  2.11191366E+01  6.66662374E-01  1.33588105E-04  1.12549208E+00 -1.17682038E+01 -1.17682038E+01  0.00000000E+00
     671  2.14370806E+00  4.59549896E+00  2.11188814E+01  6.66662394E-01  1.32936447E-04  1.11989159E+00 -1.17681629E+01 -1.17681629E+01  0.00000000E+00
     681  2.14372806E+00  4.59558470E+00  2.11196690E+01  6.66662402E-01  1.32691427E-04  1.12757752E+00 -1.17681714E+01 -1.17681714E+01  0.00000000E+00
     691  2.14374924E+00  4.59567538E+00  2.11205003E+01  6.66662435E-01  1.31678256E-04  1.12432217E+00 -1.17681183E+01 -1.17681183E+01  0.00000000E+00
     701  2.14375926E+00  4.59571843E+00  2.11208976E+01  6.66662410E-01  1.32444327E-04  1.13253568E+00 -1.17681590E+01 -1.17681590E+01  0.00000000E+00
     711  2.14381754E+00  4.59596834E+00  2.11231955E+01  6.66662398E-01  1.32822831E-04  1.13860405E+00 -1.17683223E+01 -1.17683223E+01  0.00000000E+00
     721  2.14380936E+00  4.59593331E+00  2.11228737E+01  6.66662394E-01  1.32966302E-04  1.14880648E+00 -1.17682750E+01 -1.17682750E+01  0.00000000E+00
     731  2.14378548E+00  4.59583099E+00  2.11219347E+01  6.66662371E-01  1.33660384E-04  1.15186703E+00 -1.17682994E+01 -1.17682994E+01  0.00000000E+00
     741  2.14378991E+00  4.59584991E+00  2.11221075E+01  6.66662388E-01  1.33137583E-04  1.15904152E+00 -1.17682361E+01 -1.17682361E+01  0.00000000E+00
     751  2.14378830E+00  4.59584299E+00  2.11220436E+01  6.66662394E-01  1.32971048E-04  1.16159020E+00 -1.17681935E+01 -1.17681935E+01  0.00000000E+00
     761  2.14376870E+00  4.59575889E+00  2.11212690E+01  6.66662417E-01  1.32223197E-04  1.17754163E+00 -1.17682725E+01 -1.17682725E+01  0.00000000E+00
     771  2.14376086E+00  4.59572530E+00  2.11209605E+01  6.66662413E-01  1.32357898E-04  1.18560409E+00 -1.17682514E+01 -1.17682514E+01  0.00000000E+00
     781  2.14375812E+00  4.59571356E+00  2.11208532E+01  6.66662404E-01  1.32636179E-04  1.17967171E+00 -1.17683043E+01 -1.17683043E+01  0.00000000E+00
     791  2.14371990E+00  4.59554996E+00  2.11193539E+01  6.66662334E-01  1.34824184E-04  1.17787804E+00 -1.17682472E+01 -1.17682472E+01  0.00000000E+00
