   #Iter             <M>           <M^2>           <M^4>      U_{Binder}            \chi        C_v(tot)             <E>       <E_{exc}>       <E_{lsf}>
       1  1.11509322E-01  1.28027106E-02  1.82505893E-04  6.28848018E-01  2.40889485E-04  1.77113512E-01 -2.26760285E+00 -2.26760285E+00  0.00000000E+00
      11  1.22908849E-01  1.73347087E-02  4.55785457E-04  4.94401107E-01  1.45699831E-03  3.13024530E-01 -2.03935645E+00 -2.03935645E+00  0.00000000E+00
      21  1.27398416E-01  1.85668377E-02  5.18766115E-04  4.98380439E-01  1.52785482E-03  3.47249160E-01 -2.06060287E+00 -2.06060287E+00  0.00000000E+00
      31  1.22907604E-01  1.71701140E-02  4.39726703E-04  5.02818197E-01  1.34956790E-03  3.55038155E-01 -2.06244341E+00 -2.06244341E+00  0.00000000E+00
      41  1.22909941E-01  1.78666633E-02  5.51811895E-04  4.23787209E-01  1.80467461E-03  3.49888716E-01 -2.06560028E+00 -2.06560028E+00  0.00000000E+00
      51  1.19668316E-01  1.69405099E-02  4.82135304E-04  4.39991370E-01  1.71325392E-03  3.98353932E-01 -2.06832498E+00 -2.06832498E+00  0.00000000E+00
      61  1.19902515E-01  1.71323684E-02  4.91342352E-04  4.42007790E-01  1.80202336E-03  3.48899563E-01 -2.07208514E+00 -2.07208514E+00  0.00000000E+00
      71  1.20656038E-01  1.72086654E-02  4.89531522E-04  4.48982962E-01  1.73338253E-03  4.48217112E-01 -2.06526852E+00 -2.06526852E+00  0.00000000E+00
      81  1.19944111E-01  1.70168738E-02  4.77555083E-04  4.50278576E-01  1.71997605E-03  4.36695121E-01 -2.06389018E+00 -2.06389018E+00  0.00000000E+00
      91  1.18790235E-01  1.65750745E-02  4.45513890E-04  4.59458531E-01  1.61121106E-03  4.21818138E-01 -2.07297814E+00 -2.07297814E+00  0.00000000E+00
     101  1.18613876E-01  1.65543407E-02  4.44769258E-04  4.59009391E-01  1.62503137E-03  4.20906193E-01 -2.07218208E+00 -2.07218208E+00  0.00000000E+00
     111  1.21339248E-01  1.72471827E-02  4.77810551E-04  4.64575605E-01  1.65045577E-03  4.11073156E-01 -2.07804955E+00 -2.07804955E+00  0.00000000E+00
     121  1.20035442E-01  1.69604948E-02  4.66214400E-04  4.59759186E-01  1.66877701E-03  3.96526910E-01 -2.07885758E+00 -2.07885758E+00  0.00000000E+00
     131  1.20627122E-01  1.72265737E-02  4.90020842E-04  4.49578378E-01  1.74965526E-03  3.78772756E-01 -2.08426269E+00 -2.08426269E+00  0.00000000E+00
     141  1.19916232E-01  1.70048206E-02  4.74561157E-04  4.52950248E-01  1.71646716E-03  3.93920843E-01 -2.07677074E+00 -2.07677074E+00  0.00000000E+00
     151  1.20984290E-01  1.72781781E-02  4.86558792E-04  4.56726930E-01  1.72697013E-03  3.94690902E-01 -2.07616786E+00 -2.07616786E+00  0.00000000E+00
     161  1.21069182E-01  1.73777200E-02  5.00916370E-04  4.47084992E-01  1.77862500E-03  3.96209069E-01 -2.08201582E+00 -2.08201582E+00  0.00000000E+00
     171  1.20726380E-01  1.73275226E-02  5.03409579E-04  4.41108801E-01  1.80000187E-03  3.84463470E-01 -2.08104272E+00 -2.08104272E+00  0.00000000E+00
     181  1.20685052E-01  1.72697817E-02  4.95031412E-04  4.46729128E-01  1.76876837E-03  3.98172160E-01 -2.07403735E+00 -2.07403735E+00  0.00000000E+00
     191  1.20077602E-01  1.71214936E-02  4.86311687E-04  4.47019066E-01  1.76743651E-03  4.13203675E-01 -2.07175262E+00 -2.07175262E+00  0.00000000E+00
     201  1.20970635E-01  1.74542994E-02  5.14913542E-04  4.36611191E-01  1.84429846E-03  4.07831359E-01 -2.07354306E+00 -2.07354306E+00  0.00000000E+00
     211  1.20350507E-01  1.72441956E-02  5.00973779E-04  4.38424878E-01  1.80476707E-03  4.09466628E-01 -2.07235296E+00 -2.07235296E+00  0.00000000E+00
     221  1.19778728E-01  1.70211185E-02  4.87496122E-04  4.39115137E-01  1.74867688E-03  4.10235769E-01 -2.07629152E+00 -2.07629152E+00  0.00000000E+00
     231  1.19820370E-01  1.70578685E-02  4.94867943E-04  4.33084224E-01  1.76618374E-03  4.23295173E-01 -2.07927883E+00 -2.07927883E+00  0.00000000E+00
     241  1.19392439E-01  1.69355629E-02  4.88426540E-04  4.32352503E-01  1.75314546E-03  4.31337964E-01 -2.07449990E+00 -2.07449990E+00  0.00000000E+00
     251  1.19078780E-01  1.68058736E-02  4.79156903E-04  4.34497785E-01  1.71725177E-03  4.38475198E-01 -2.07877837E+00 -2.07877837E+00  0.00000000E+00
     261  1.19730974E-01  1.69370146E-02  4.83050667E-04  4.38696552E-01  1.70115936E-03  4.40438772E-01 -2.07758213E+00 -2.07758213E+00  0.00000000E+00
     271  1.19542476E-01  1.68526660E-02  4.77928621E-04  4.39075309E-01  1.67549594E-03  4.46322598E-01 -2.07754493E+00 -2.07754493E+00  0.00000000E+00
     281  1.19145067E-01  1.66923506E-02  4.65840204E-04  4.42710685E-01  1.63269156E-03  4.42095194E-01 -2.07810883E+00 -2.07810883E+00  0.00000000E+00
     291  1.18944735E-01  1.66118611E-02  4.58893100E-04  4.45688755E-01  1.61124812E-03  4.38551133E-01 -2.07751882E+00 -2.07751882E+00  0.00000000E+00
     301  1.18739906E-01  1.65761440E-02  4.56869644E-04  4.45752136E-01  1.61972787E-03  4.34221622E-01 -2.07782865E+00 -2.07782865E+00  0.00000000E+00
     311  1.18233567E-01  1.64553615E-02  4.49726197E-04  4.46379610E-01  1.61920882E-03  4.25625162E-01 -2.07772645E+00 -2.07772645E+00  0.00000000E+00
     321  1.18469744E-01  1.65377878E-02  4.57178078E-04  4.42802303E-01  1.63655221E-03  4.35130313E-01 -2.07601660E+00 -2.07601660E+00  0.00000000E+00
     331  1.18965938E-01  1.66685274E-02  4.63245036E-04  4.44230063E-01  1.64500438E-03  4.31157707E-01 -2.07665155E+00 -2.07665155E+00  0.00000000E+00
     341  1.19042567E-01  1.66980792E-02  4.66884043E-04  4.41845101E-01  1.65240239E-03  4.24418735E-01 -2.07619704E+00 -2.07619704E+00  0.00000000E+00
     351  1.20749505E-01  1.71897191E-02  4.94883954E-04  4.41729658E-01  1.70623873E-03  4.28403763E-01 -2.07197914E+00 -2.07197914E+00  0.00000000E+00
     361  1.20399374E-01  1.70672852E-02  4.86390293E-04  4.43410826E-01  1.68138998E-03  4.24921118E-01 -2.07351348E+00 -2.07351348E+00  0.00000000E+00
     371  1.21398871E-01  1.73406632E-02  5.00482286E-04  4.45200513E-01  1.70211991E-03  4.20163639E-01 -2.07338944E+00 -2.07338944E+00  0.00000000E+00
     381  1.22598422E-01  1.76936050E-02  5.24546573E-04  4.41491044E-01  1.74152114E-03  4.25719557E-01 -2.07374294E+00 -2.07374294E+00  0.00000000E+00
     391  1.21903534E-01  1.75023461E-02  5.13653786E-04  4.41070920E-01  1.72755527E-03  4.31023544E-01 -2.07372121E+00 -2.07372121E+00  0.00000000E+00
     401  1.22488811E-01  1.76694398E-02  5.20837585E-04  4.43922275E-01  1.74328609E-03  4.34404541E-01 -2.07291019E+00 -2.07291019E+00  0.00000000E+00
     411  1.22319618E-01  1.76367237E-02  5.19320033E-04  4.43483563E-01  1.74897769E-03  4.36869929E-01 -2.07416077E+00 -2.07416077E+00  0.00000000E+00
     421  1.22713828E-01  1.77584344E-02  5.27423074E-04  4.42520987E-01  1.76540129E-03  4.36429234E-01 -2.07239863E+00 -2.07239863E+00  0.00000000E+00
     431  1.22578217E-01  1.77164507E-02  5.25243360E-04  4.42190536E-01  1.75969952E-03  4.33986175E-01 -2.07148023E+00 -2.07148023E+00  0.00000000E+00
     441  1.21923972E-01  1.75825591E-02  5.20791890E-04  4.38462472E-01  1.77674880E-03  4.29839671E-01 -2.07143025E+00 -2.07143025E+00  0.00000000E+00
     451  1.21792152E-01  1.75823032E-02  5.21853514E-04  4.37301407E-01  1.79758954E-03  4.26834945E-01 -2.07018840E+00 -2.07018840E+00  0.00000000E+00
     461  1.21987019E-01  1.76111371E-02  5.21633514E-04  4.39378903E-01  1.78538055E-03  4.23276780E-01 -2.07088749E+00 -2.07088749E+00  0.00000000E+00
     471  1.22525262E-01  1.77746316E-02  5.31616512E-04  4.39112207E-01  1.80623229E-03  4.30156086E-01 -2.07133788E+00 -2.07133788E+00  0.00000000E+00
     481  1.21908352E-01  1.76034927E-02  5.21634088E-04  4.38891278E-01  1.79292820E-03  4.24720053E-01 -2.07071996E+00 -2.07071996E+00  0.00000000E+00
     491  1.22089662E-01  1.76622343E-02  5.23668310E-04  4.40443748E-01  1.80241149E-03  4.28125136E-01 -2.07333622E+00 -2.07333622E+00  0.00000000E+00
     501  1.22554849E-01  1.77972086E-02  5.36693456E-04  4.35191446E-01  1.81625401E-03  4.30800999E-01 -2.07273395E+00 -2.07273395E+00  0.00000000E+00
     511  1.21974809E-01  1.76261067E-02  5.27049441E-04  4.34519915E-01  1.79711729E-03  4.29805735E-01 -2.07168852E+00 -2.07168852E+00  0.00000000E+00
     521  1.21918700E-01  1.76036737E-02  5.24352893E-04  4.35978324E-01  1.79139658E-03  4.27536421E-01 -2.07145023E+00 -2.07145023E+00  0.00000000E+00
     531  1.21857695E-01  1.75734680E-02  5.22611641E-04  4.35917181E-01  1.78136945E-03  4.31442725E-01 -2.07205493E+00 -2.07205493E+00  0.00000000E+00
     541  1.22156889E-01  1.76690605E-02  5.28257457E-04  4.35976156E-01  1.79613793E-03  4.37553064E-01 -2.07213230E+00 -2.07213230E+00  0.00000000E+00
     551  1.22183724E-01  1.76845057E-02  5.29006470E-04  4.36162599E-01  1.80195008E-03  4.34342897E-01 -2.07005079E+00 -2.07005079E+00  0.00000000E+00
     561  1.22489388E-01  1.77499360E-02  5.29984569E-04  4.39276980E-01  1.79583118E-03  4.33519933E-01 -2.07135879E+00 -2.07135879E+00  0.00000000E+00
     571  1.22355826E-01  1.77087762E-02  5.27466835E-04  4.39343571E-01  1.79030040E-03  4.33988012E-01 -2.07203877E+00 -2.07203877E+00  0.00000000E+00
     581  1.22385252E-01  1.76869016E-02  5.23209146E-04  4.42492710E-01  1.77128710E-03  4.28983377E-01 -2.07215503E+00 -2.07215503E+00  0.00000000E+00
     591  1.22092396E-01  1.76183974E-02  5.21988717E-04  4.39459423E-01  1.77330945E-03  4.32101067E-01 -2.07043507E+00 -2.07043507E+00  0.00000000E+00
     601  1.22086206E-01  1.76007633E-02  5.19541859E-04  4.40968491E-01  1.76276651E-03  4.28332088E-01 -2.06972241E+00 -2.06972241E+00  0.00000000E+00
     611  1.21615140E-01  1.74782206E-02  5.12948226E-04  4.40296732E-01  1.75770324E-03  4.27299116E-01 -2.07154719E+00 -2.07154719E+00  0.00000000E+00
     621  1.21715143E-01  1.75006935E-02  5.13854551E-04  4.40746855E-01  1.75648635E-03  4.23066155E-01 -2.07155390E+00 -2.07155390E+00  0.00000000E+00
     631  1.21849082E-01  1.75443691E-02  5.16457384E-04  4.40709136E-01  1.76371392E-03  4.22951867E-01 -2.07177150E+00 -2.07177150E+00  0.00000000E+00
     641  1.21808809E-01  1.75373039E-02  5.16107565E-04  4.40637542E-01  1.76551067E-03  4.21729650E-01 -2.07271710E+00 -2.07271710E+00  0.00000000E+00
     651  1.21848391E-01  1.75416556E-02  5.16208120E-04  4.40806112E-01  1.76204957E-03  4.21355116E-01 -2.07206521E+00 -2.07206521E+00  0.00000000E+00
     661  1.21254411E-01  1.73756653E-02  5.07672678E-04  4.39494792E-01  1.74793020E-03  4.16802962E-01 -2.07282576E+00 -2.07282576E+00  0.00000000E+00
     671  1.20713653E-01  1.72252594E-02  4.99395360E-04  4.38962740E-01  1.73513988E-03  4.13575596E-01 -2.07242168E+00 -2.07242168E+00  0.00000000E+00
     681  1.20819807E-01  1.72549673E-02  5.00786084E-04  4.39335943E-01  1.73780020E-03  4.10398786E-01 -2.07269321E+00 -2.07269321E+00  0.00000000E+00
     691  1.20668013E-01  1.72062448E-02  4.97300797E-04  4.40080354E-01  1.72990995E-03  4.11011552E-01 -2.07345242E+00 -2.07345242E+00  0.00000000E+00
     701  1.20372179E-01  1.71194376E-02  4.91858264E-04  4.40577752E-01  1.71977472E-03  4.15835176E-01 -2.07206547E+00 -2.07206547E+00  0.00000000E+00
     711  1.20019130E-01  1.70161273E-02  4.86050261E-04  4.40450546E-01  1.70771631E-03  4.22071191E-01 -2.07052885E+00 -2.07052885E+00  0.00000000E+00
     721  1.20229232E-01  1.70579592E-02  4.87201810E-04  4.41872403E-01  1.70206341E-03  4.21086399E-01 -2.07146008E+00 -2.07146008E+00  0.00000000E+00
     731  1.20135802E-01  1.70134226E-02  4.83383505E-04  4.43343616E-01  1.68762545E-03  4.18419529E-01 -2.07182057E+00 -2.07182057E+00  0.00000000E+00
     741  1.20407874E-01  1.70867206E-02  4.87111316E-04  4.43853089E-01  1.69276054E-03  4.18210728E-01 -2.07054591E+00 -2.07054591E+00  0.00000000E+00
     751  1.20207008E-01  1.70334783E-02  4.83518518E-04  4.44498582E-01  1.68954928E-03  4.17464282E-01 -2.07062924E+00 -2.07062924E+00  0.00000000E+00
     761  1.20530830E-01  1.71133961E-02  4.87042580E-04  4.45663763E-01  1.69083195E-03  4.23768712E-01 -2.07034950E+00 -2.07034950E+00  0.00000000E+00
     771  1.20250983E-01  1.70746585E-02  4.87265409E-04  4.42890871E-01  1.70956295E-03  4.24003674E-01 -2.06913669E+00 -2.06913669E+00  0.00000000E+00
     781  1.20317663E-01  1.71181999E-02  4.92915634E-04  4.39294068E-01  1.72754576E-03  4.25724513E-01 -2.06975481E+00 -2.06975481E+00  0.00000000E+00
     791  1.20217201E-01  1.70966536E-02  4.93069759E-04  4.37704137E-01  1.72925785E-03  4.26172391E-01 -2.07096458E+00 -2.07096458E+00  0.00000000E+00
