   #Iter           <M>_x           <M>_y           <M>_z             <M>        M_{stdv}
       0 -8.77328139E-01 -9.52588052E-02 -1.28133380E-01  2.12235100E+00  4.16867578E-03
      50 -8.93875178E-01 -1.02540212E-01 -1.42326345E-01  2.12306071E+00  5.49064500E-03
     100 -8.87107118E-01 -1.12261230E-01 -1.39535324E-01  2.12552074E+00  4.63545052E-03
     150 -9.03189834E-01 -9.94174621E-02 -1.42304106E-01  2.12200038E+00  2.16600393E-03
     200 -8.98753814E-01 -1.01554216E-01 -1.47453712E-01  2.12228254E+00  6.27767817E-03
     250 -9.11578562E-01 -8.24527798E-02 -1.49254264E-01  2.12239890E+00  4.06956996E-03
     300 -9.06218814E-01 -9.64632831E-02 -1.58324108E-01  2.12641555E+00  4.23124656E-03
     350 -9.02341432E-01 -1.13008439E-01 -1.59689924E-01  2.12385585E+00  5.28348397E-03
     400 -8.88004854E-01 -1.00394345E-01 -1.71256194E-01  2.12553969E+00  2.80859030E-03
     450 -8.92185173E-01 -8.81896682E-02 -1.83386922E-01  2.12998169E+00  5.10353843E-03
     500 -8.93466710E-01 -1.03878842E-01 -1.72038193E-01  2.12836570E+00  1.36682794E-03
     550 -8.81441035E-01 -1.17019463E-01 -1.67347309E-01  2.12698259E+00  5.89552826E-03
     600 -8.65872183E-01 -1.15660592E-01 -1.74236967E-01  2.13026295E+00  4.07749847E-03
     650 -8.79766864E-01 -1.22497913E-01 -1.81370608E-01  2.13123156E+00  5.38951775E-03
     700 -8.72916507E-01 -1.14171595E-01 -1.67188410E-01  2.12573405E+00  6.49756996E-03
     750 -8.69191193E-01 -1.23324820E-01 -1.67207015E-01  2.12481832E+00  4.38787409E-03
     800 -8.82580169E-01 -1.05266872E-01 -1.79389634E-01  2.12501477E+00  2.96360402E-03
     850 -8.82991669E-01 -1.03209353E-01 -1.86300263E-01  2.12615135E+00  4.01948398E-03
     900 -8.84429085E-01 -1.11956828E-01 -1.88153683E-01  2.12660455E+00  3.96276202E-03
     950 -8.85991705E-01 -1.13413245E-01 -1.83536679E-01  2.12539760E+00  3.64338451E-03
    1000 -8.88331220E-01 -1.06317657E-01 -1.97847928E-01  2.12522102E+00  4.68758404E-03
    1050 -8.96983618E-01 -9.67887695E-02 -2.00435739E-01  2.12585293E+00  4.80879603E-03
    1100 -8.86844229E-01 -9.74661334E-02 -2.11893586E-01  2.13038052E+00  3.12786270E-03
    1150 -9.10783817E-01 -9.86871301E-02 -2.16304765E-01  2.12882632E+00  1.45331353E-03
    1200 -9.04108980E-01 -9.13067799E-02 -2.18795747E-01  2.12697025E+00  2.06331513E-03
    1250 -9.02817215E-01 -7.97576756E-02 -2.27045597E-01  2.12737311E+00  3.05092264E-03
    1300 -9.02534907E-01 -6.11328237E-02 -2.27937267E-01  2.12782353E+00  6.23762053E-03
    1350 -8.99459821E-01 -6.96746302E-02 -2.45884323E-01  2.12783312E+00  5.10566897E-03
    1400 -8.94841810E-01 -8.40927973E-02 -2.50158166E-01  2.12741338E+00  4.48029397E-03
    1450 -8.94980572E-01 -9.58303016E-02 -2.62495266E-01  2.12626486E+00  5.26528248E-03
    1500 -8.95452342E-01 -9.74009410E-02 -2.56598421E-01  2.12632864E+00  3.22655655E-03
    1550 -9.03629167E-01 -1.15190826E-01 -2.52375055E-01  2.12839041E+00  4.28313622E-03
    1600 -9.04404141E-01 -1.24238976E-01 -2.39175935E-01  2.12824351E+00  3.97180333E-03
    1650 -8.99846152E-01 -1.14803602E-01 -2.47231003E-01  2.12442480E+00  6.05313413E-03
    1700 -9.00850662E-01 -1.02626568E-01 -2.44187485E-01  2.12498533E+00  5.06453676E-03
    1750 -8.89340049E-01 -9.66036833E-02 -2.46115903E-01  2.12620676E+00  5.81670271E-03
    1800 -8.91489696E-01 -1.11154091E-01 -2.15144039E-01  2.12698784E+00  5.49534888E-03
    1850 -8.99459602E-01 -1.05176592E-01 -2.13427561E-01  2.12686376E+00  4.47074943E-03
    1900 -9.02552518E-01 -8.39752040E-02 -2.35094511E-01  2.12724590E+00  6.98720222E-03
    1950 -8.92939450E-01 -8.04509980E-02 -2.37766252E-01  2.12969105E+00  5.58025242E-03
