   #Iter             <M>           <M^2>           <M^4>      U_{Binder}            \chi        C_v(tot)             <E>       <E_{exc}>       <E_{lsf}>
       1  2.12604102E+00  4.52006341E+00  2.04312080E+01  6.66662837E-01  9.76191518E-05  4.27957123E-01 -1.16449280E+01 -1.16449280E+01  0.00000000E+00
      11  2.12498780E+00  4.51559958E+00  2.03911165E+01  6.66658870E-01  1.98697550E-04  1.09063550E+00 -1.16377039E+01 -1.16377039E+01  0.00000000E+00
      21  2.12489367E+00  4.51518998E+00  2.03872457E+01  6.66661679E-01  1.27053755E-04  9.75179935E-01 -1.16362954E+01 -1.16362954E+01  0.00000000E+00
      31  2.12411060E+00  4.51186560E+00  2.03572875E+01  6.66660832E-01  1.48567644E-04  9.72212289E-01 -1.16335104E+01 -1.16335104E+01  0.00000000E+00
      41  2.12424293E+00  4.51242894E+00  2.03623923E+01  6.66660489E-01  1.57310232E-04  1.05927561E+00 -1.16340167E+01 -1.16340167E+01  0.00000000E+00
      51  2.12483653E+00  4.51494838E+00  2.03850851E+01  6.66661331E-01  1.35973693E-04  1.02835396E+00 -1.16355448E+01 -1.16355448E+01  0.00000000E+00
      61  2.12528312E+00  4.51685182E+00  2.04023747E+01  6.66659733E-01  1.76726430E-04  1.12330154E+00 -1.16386429E+01 -1.16386429E+01  0.00000000E+00
      71  2.12555636E+00  4.51801167E+00  2.04128241E+01  6.66660223E-01  1.64297270E-04  1.19250275E+00 -1.16387852E+01 -1.16387852E+01  0.00000000E+00
      81  2.12503272E+00  4.51578535E+00  2.03927018E+01  6.66660383E-01  1.60077631E-04  1.12133942E+00 -1.16378706E+01 -1.16378706E+01  0.00000000E+00
      91  2.12492101E+00  4.51531026E+00  2.03884053E+01  6.66660478E-01  1.57640966E-04  1.15400902E+00 -1.16367213E+01 -1.16367213E+01  0.00000000E+00
     101  2.12511101E+00  4.51611688E+00  2.03956744E+01  6.66660737E-01  1.51066984E-04  1.13765931E+00 -1.16367723E+01 -1.16367723E+01  0.00000000E+00
     111  2.12542360E+00  4.51744732E+00  2.04077244E+01  6.66660229E-01  1.64107782E-04  1.16758195E+00 -1.16373423E+01 -1.16373423E+01  0.00000000E+00
     121  2.12549650E+00  4.51775674E+00  2.04105119E+01  6.66660364E-01  1.60643596E-04  1.16414536E+00 -1.16375931E+01 -1.16375931E+01  0.00000000E+00
     131  2.12529174E+00  4.51688684E+00  2.04026616E+01  6.66660214E-01  1.64413105E-04  1.17816908E+00 -1.16368345E+01 -1.16368345E+01  0.00000000E+00
     141  2.12529731E+00  4.51691084E+00  2.04028841E+01  6.66660123E-01  1.66760329E-04  1.17190891E+00 -1.16365586E+01 -1.16365586E+01  0.00000000E+00
     151  2.12556341E+00  4.51804154E+00  2.04130919E+01  6.66660256E-01  1.63403880E-04  1.15229696E+00 -1.16368776E+01 -1.16368776E+01  0.00000000E+00
     161  2.12535945E+00  4.51717506E+00  2.04052725E+01  6.66660101E-01  1.67349375E-04  1.16725991E+00 -1.16362827E+01 -1.16362827E+01  0.00000000E+00
     171  2.12534844E+00  4.51712787E+00  2.04048390E+01  6.66660217E-01  1.64383457E-04  1.16483354E+00 -1.16360616E+01 -1.16360616E+01  0.00000000E+00
     181  2.12528037E+00  4.51683899E+00  2.04022381E+01  6.66660071E-01  1.68093985E-04  1.14766183E+00 -1.16358190E+01 -1.16358190E+01  0.00000000E+00
     191  2.12531664E+00  4.51699252E+00  2.04036134E+01  6.66660262E-01  1.63247106E-04  1.15203297E+00 -1.16354938E+01 -1.16354938E+01  0.00000000E+00
     201  2.12547322E+00  4.51765846E+00  2.04096366E+01  6.66660156E-01  1.65964993E-04  1.11434493E+00 -1.16360715E+01 -1.16360715E+01  0.00000000E+00
     211  2.12566203E+00  4.51846089E+00  2.04168833E+01  6.66660227E-01  1.64202068E-04  1.11730808E+00 -1.16360681E+01 -1.16360681E+01  0.00000000E+00
     221  2.12580197E+00  4.51905579E+00  2.04222586E+01  6.66660246E-01  1.63727762E-04  1.10219919E+00 -1.16366308E+01 -1.16366308E+01  0.00000000E+00
     231  2.12581555E+00  4.51911313E+00  2.04227699E+01  6.66660360E-01  1.60806997E-04  1.08160455E+00 -1.16369201E+01 -1.16369201E+01  0.00000000E+00
     241  2.12580250E+00  4.51905764E+00  2.04222682E+01  6.66660362E-01  1.60757354E-04  1.12221819E+00 -1.16374299E+01 -1.16374299E+01  0.00000000E+00
     251  2.12580374E+00  4.51906309E+00  2.04223208E+01  6.66660309E-01  1.62120231E-04  1.11397563E+00 -1.16375431E+01 -1.16375431E+01  0.00000000E+00
     261  2.12572111E+00  4.51871152E+00  2.04191381E+01  6.66660393E-01  1.59957314E-04  1.10016564E+00 -1.16376584E+01 -1.16376584E+01  0.00000000E+00
     271  2.12571058E+00  4.51866651E+00  2.04187267E+01  6.66660468E-01  1.58037642E-04  1.12131995E+00 -1.16379067E+01 -1.16379067E+01  0.00000000E+00
     281  2.12577920E+00  4.51895842E+00  2.04213682E+01  6.66660414E-01  1.59458651E-04  1.13671606E+00 -1.16377874E+01 -1.16377874E+01  0.00000000E+00
     291  2.12581264E+00  4.51910052E+00  2.04226516E+01  6.66660430E-01  1.59064243E-04  1.13032295E+00 -1.16378163E+01 -1.16378163E+01  0.00000000E+00
     301  2.12572369E+00  4.51872251E+00  2.04192377E+01  6.66660389E-01  1.60107168E-04  1.10849645E+00 -1.16378741E+01 -1.16378741E+01  0.00000000E+00
     311  2.12580394E+00  4.51906406E+00  2.04223310E+01  6.66660283E-01  1.62800972E-04  1.15981668E+00 -1.16375222E+01 -1.16375222E+01  0.00000000E+00
     321  2.12595726E+00  4.51971600E+00  2.04282254E+01  6.66660259E-01  1.63447839E-04  1.15009548E+00 -1.16375402E+01 -1.16375402E+01  0.00000000E+00
     331  2.12597996E+00  4.51981222E+00  2.04290901E+01  6.66660342E-01  1.61332894E-04  1.13821955E+00 -1.16376261E+01 -1.16376261E+01  0.00000000E+00
     341  2.12599915E+00  4.51989391E+00  2.04298300E+01  6.66660319E-01  1.61915084E-04  1.14556432E+00 -1.16378189E+01 -1.16378189E+01  0.00000000E+00
     351  2.12600359E+00  4.51991337E+00  2.04300165E+01  6.66660146E-01  1.66368461E-04  1.12999004E+00 -1.16379505E+01 -1.16379505E+01  0.00000000E+00
     361  2.12594929E+00  4.51968220E+00  2.04279215E+01  6.66660233E-01  1.64141720E-04  1.12198208E+00 -1.16377160E+01 -1.16377160E+01  0.00000000E+00
     371  2.12600860E+00  4.51993396E+00  2.04301898E+01  6.66660356E-01  1.61020851E-04  1.11689106E+00 -1.16380810E+01 -1.16380810E+01  0.00000000E+00
     381  2.12596460E+00  4.51974662E+00  2.04284918E+01  6.66660430E-01  1.59112031E-04  1.12103145E+00 -1.16378566E+01 -1.16378566E+01  0.00000000E+00
     391  2.12602911E+00  4.52002073E+00  2.04309658E+01  6.66660492E-01  1.57542184E-04  1.11200484E+00 -1.16377176E+01 -1.16377176E+01  0.00000000E+00
     401  2.12611425E+00  4.52038276E+00  2.04342388E+01  6.66660493E-01  1.57527803E-04  1.11411636E+00 -1.16376678E+01 -1.16376678E+01  0.00000000E+00
     411  2.12606142E+00  4.52015828E+00  2.04322126E+01  6.66660440E-01  1.58875155E-04  1.10474941E+00 -1.16378883E+01 -1.16378883E+01  0.00000000E+00
     421  2.12596481E+00  4.51974767E+00  2.04285037E+01  6.66660389E-01  1.60157704E-04  1.10855323E+00 -1.16376493E+01 -1.16376493E+01  0.00000000E+00
     431  2.12595896E+00  4.51972277E+00  2.04282784E+01  6.66660392E-01  1.60082223E-04  1.10175284E+00 -1.16377335E+01 -1.16377335E+01  0.00000000E+00
     441  2.12599633E+00  4.51988153E+00  2.04297105E+01  6.66660442E-01  1.58807467E-04  1.09209894E+00 -1.16376913E+01 -1.16376913E+01  0.00000000E+00
     451  2.12602599E+00  4.52000737E+00  2.04308435E+01  6.66660518E-01  1.56880410E-04  1.08218210E+00 -1.16376836E+01 -1.16376836E+01  0.00000000E+00
     461  2.12603755E+00  4.52005622E+00  2.04312793E+01  6.66660612E-01  1.54467817E-04  1.09378480E+00 -1.16380217E+01 -1.16380217E+01  0.00000000E+00
     471  2.12607852E+00  4.52023032E+00  2.04328516E+01  6.66660640E-01  1.53759977E-04  1.10045131E+00 -1.16381216E+01 -1.16381216E+01  0.00000000E+00
     481  2.12603442E+00  4.52004267E+00  2.04311527E+01  6.66660679E-01  1.52761981E-04  1.10741186E+00 -1.16380687E+01 -1.16380687E+01  0.00000000E+00
     491  2.12606155E+00  4.52015800E+00  2.04321945E+01  6.66660693E-01  1.52406742E-04  1.10963289E+00 -1.16381672E+01 -1.16381672E+01  0.00000000E+00
     501  2.12602468E+00  4.52000097E+00  2.04307705E+01  6.66660764E-01  1.50572451E-04  1.10830028E+00 -1.16381003E+01 -1.16381003E+01  0.00000000E+00
     511  2.12590739E+00  4.51950301E+00  2.04262827E+01  6.66660543E-01  1.56223780E-04  1.12132616E+00 -1.16377848E+01 -1.16377848E+01  0.00000000E+00
     521  2.12590760E+00  4.51950374E+00  2.04262862E+01  6.66660594E-01  1.54915546E-04  1.10591388E+00 -1.16378352E+01 -1.16378352E+01  0.00000000E+00
     531  2.12592154E+00  4.51956294E+00  2.04268202E+01  6.66660613E-01  1.54440736E-04  1.11947349E+00 -1.16378104E+01 -1.16378104E+01  0.00000000E+00
     541  2.12586918E+00  4.51934020E+00  2.04248045E+01  6.66660650E-01  1.53468292E-04  1.11435817E+00 -1.16375354E+01 -1.16375354E+01  0.00000000E+00
     551  2.12588204E+00  4.51939475E+00  2.04252956E+01  6.66660682E-01  1.52656502E-04  1.12099048E+00 -1.16375380E+01 -1.16375380E+01  0.00000000E+00
     561  2.12584428E+00  4.51923400E+00  2.04238389E+01  6.66660743E-01  1.51107762E-04  1.11850767E+00 -1.16375670E+01 -1.16375670E+01  0.00000000E+00
     571  2.12588370E+00  4.51940181E+00  2.04253595E+01  6.66660682E-01  1.52665232E-04  1.11844223E+00 -1.16377196E+01 -1.16377196E+01  0.00000000E+00
     581  2.12592211E+00  4.51956508E+00  2.04268347E+01  6.66660691E-01  1.52424376E-04  1.11553803E+00 -1.16378360E+01 -1.16378360E+01  0.00000000E+00
     591  2.12589642E+00  4.51945621E+00  2.04258574E+01  6.66660580E-01  1.55250600E-04  1.11399121E+00 -1.16376829E+01 -1.16376829E+01  0.00000000E+00
     601  2.12592803E+00  4.51959061E+00  2.04270716E+01  6.66660590E-01  1.55023699E-04  1.11583027E+00 -1.16378078E+01 -1.16378078E+01  0.00000000E+00
     611  2.12594854E+00  4.51967781E+00  2.04278595E+01  6.66660596E-01  1.54851399E-04  1.11691149E+00 -1.16379556E+01 -1.16379556E+01  0.00000000E+00
     621  2.12596865E+00  4.51976341E+00  2.04286352E+01  6.66660565E-01  1.55661428E-04  1.11587169E+00 -1.16378171E+01 -1.16378171E+01  0.00000000E+00
     631  2.12600476E+00  4.51991693E+00  2.04300228E+01  6.66660568E-01  1.55577294E-04  1.11216542E+00 -1.16378694E+01 -1.16378694E+01  0.00000000E+00
     641  2.12603736E+00  4.52005563E+00  2.04312779E+01  6.66660549E-01  1.56072930E-04  1.12104393E+00 -1.16380014E+01 -1.16380014E+01  0.00000000E+00
     651  2.12598499E+00  4.51983302E+00  2.04292668E+01  6.66660527E-01  1.56634048E-04  1.12517671E+00 -1.16377590E+01 -1.16377590E+01  0.00000000E+00
     661  2.12598977E+00  4.51985338E+00  2.04294520E+01  6.66660509E-01  1.57074506E-04  1.13021344E+00 -1.16376796E+01 -1.16376796E+01  0.00000000E+00
     671  2.12606631E+00  4.52017887E+00  2.04323950E+01  6.66660501E-01  1.57302787E-04  1.12654237E+00 -1.16377153E+01 -1.16377153E+01  0.00000000E+00
     681  2.12607467E+00  4.52021437E+00  2.04327152E+01  6.66660513E-01  1.56987930E-04  1.12547793E+00 -1.16376104E+01 -1.16376104E+01  0.00000000E+00
     691  2.12608763E+00  4.52026925E+00  2.04332072E+01  6.66660580E-01  1.55275728E-04  1.12430130E+00 -1.16375114E+01 -1.16375114E+01  0.00000000E+00
     701  2.12604161E+00  4.52007362E+00  2.04314394E+01  6.66660567E-01  1.55594884E-04  1.11860386E+00 -1.16374298E+01 -1.16374298E+01  0.00000000E+00
     711  2.12608131E+00  4.52024234E+00  2.04329628E+01  6.66660598E-01  1.54814123E-04  1.12344018E+00 -1.16374481E+01 -1.16374481E+01  0.00000000E+00
     721  2.12606558E+00  4.52017540E+00  2.04323567E+01  6.66660613E-01  1.54423189E-04  1.13199559E+00 -1.16374162E+01 -1.16374162E+01  0.00000000E+00
     731  2.12604183E+00  4.52007428E+00  2.04314402E+01  6.66660651E-01  1.53462265E-04  1.14211991E+00 -1.16373986E+01 -1.16373986E+01  0.00000000E+00
     741  2.12600900E+00  4.51993498E+00  2.04301861E+01  6.66660567E-01  1.55604668E-04  1.13741018E+00 -1.16373606E+01 -1.16373606E+01  0.00000000E+00
     751  2.12601573E+00  4.51996354E+00  2.04304440E+01  6.66660572E-01  1.55462830E-04  1.13489810E+00 -1.16373816E+01 -1.16373816E+01  0.00000000E+00
     761  2.12596142E+00  4.51973278E+00  2.04283605E+01  6.66660530E-01  1.56549948E-04  1.13356557E+00 -1.16373610E+01 -1.16373610E+01  0.00000000E+00
     771  2.12599522E+00  4.51987630E+00  2.04296542E+01  6.66660590E-01  1.55021599E-04  1.14222625E+00 -1.16374443E+01 -1.16374443E+01  0.00000000E+00
     781  2.12600812E+00  4.51993132E+00  2.04301546E+01  6.66660540E-01  1.56292259E-04  1.15174460E+00 -1.16375890E+01 -1.16375890E+01  0.00000000E+00
     791  2.12604766E+00  4.52009953E+00  2.04316770E+01  6.66660513E-01  1.56991936E-04  1.15112463E+00 -1.16375859E+01 -1.16375859E+01  0.00000000E+00
