   #Iter             <M>           <M^2>           <M^4>      U_{Binder}            \chi        C_v(tot)             <E>       <E_{exc}>       <E_{lsf}>
       1  3.39635894E-01  1.19437093E-01  1.63888532E-02  6.17044018E-01  3.35081702E-03  7.65279377E-01 -3.16681955E+00 -3.16681955E+00  0.00000000E+00
      11  2.10423177E-01  5.07236222E-02  3.87337263E-03  4.98180532E-01  5.28782220E-03  8.56572082E-01 -3.04446438E+00 -3.04446438E+00  0.00000000E+00
      21  1.88717432E-01  4.22797072E-02  3.09178990E-03  4.23466195E-01  5.46808002E-03  8.57444363E-01 -3.01334253E+00 -3.01334253E+00  0.00000000E+00
      31  1.93676902E-01  4.30844050E-02  2.94149728E-03  4.71789541E-01  4.57242769E-03  7.63467597E-01 -2.99149865E+00 -2.99149865E+00  0.00000000E+00
      41  1.92342862E-01  4.23708108E-02  2.86970929E-03  4.67176832E-01  4.40948037E-03  8.69573240E-01 -3.00206084E+00 -3.00206084E+00  0.00000000E+00
      51  1.95539062E-01  4.43478287E-02  3.19433683E-03  4.58604389E-01  5.01430914E-03  9.28466894E-01 -3.03144926E+00 -3.03144926E+00  0.00000000E+00
      61  1.92638183E-01  4.30986211E-02  2.98260528E-03  4.64760967E-01  4.91327955E-03  9.61833288E-01 -3.03584189E+00 -3.03584189E+00  0.00000000E+00
      71  1.90678026E-01  4.24585695E-02  2.91466766E-03  4.61064152E-01  5.00459284E-03  9.91580896E-01 -3.02635155E+00 -3.02635155E+00  0.00000000E+00
      81  1.91836156E-01  4.28892744E-02  3.05979676E-03  4.45535267E-01  4.99450539E-03  1.00050396E+00 -3.02553728E+00 -3.02553728E+00  0.00000000E+00
      91  1.96240581E-01  4.49448214E-02  3.32982709E-03  4.50533639E-01  5.27859082E-03  1.05334005E+00 -3.00890307E+00 -3.00890307E+00  0.00000000E+00
     101  1.97117729E-01  4.52678804E-02  3.34930793E-03  4.55179421E-01  5.26056378E-03  1.08738702E+00 -3.01673890E+00 -3.01673890E+00  0.00000000E+00
     111  1.98864508E-01  4.61218026E-02  3.45881108E-03  4.58007796E-01  5.39365016E-03  1.08956198E+00 -3.03061635E+00 -3.03061635E+00  0.00000000E+00
     121  1.98409999E-01  4.61136854E-02  3.51076894E-03  4.49672357E-01  5.53511971E-03  1.06154759E+00 -3.02627471E+00 -3.02627471E+00  0.00000000E+00
     131  2.03866130E-01  4.84599508E-02  3.80976479E-03  4.59232016E-01  5.65931802E-03  1.07819794E+00 -3.02457256E+00 -3.02457256E+00  0.00000000E+00
     141  2.01621917E-01  4.77250394E-02  3.76254164E-03  4.49360364E-01  5.80295559E-03  1.11350774E+00 -3.01910783E+00 -3.01910783E+00  0.00000000E+00
     151  2.01220229E-01  4.77148709E-02  3.76285750E-03  4.49079402E-01  5.92736224E-03  1.15765356E+00 -3.02699324E+00 -3.02699324E+00  0.00000000E+00
     161  2.02482616E-01  4.81117937E-02  3.79918435E-03  4.52900880E-01  5.83490211E-03  1.10427320E+00 -3.03158044E+00 -3.03158044E+00  0.00000000E+00
     171  2.02521085E-01  4.79966658E-02  3.77407500E-03  4.53906341E-01  5.72767401E-03  1.14309290E+00 -3.03655436E+00 -3.03655436E+00  0.00000000E+00
     181  2.03269658E-01  4.82272682E-02  3.75850773E-03  4.61347266E-01  5.66765510E-03  1.15052699E+00 -3.04190944E+00 -3.04190944E+00  0.00000000E+00
     191  2.01091546E-01  4.73788308E-02  3.67488627E-03  4.54299980E-01  5.69415809E-03  1.12567694E+00 -3.03750236E+00 -3.03750236E+00  0.00000000E+00
     201  1.99940891E-01  4.68231597E-02  3.60203613E-03  4.52347120E-01  5.61686241E-03  1.14074682E+00 -3.03406676E+00 -3.03406676E+00  0.00000000E+00
     211  2.00629210E-01  4.71459744E-02  3.63148855E-03  4.55404320E-01  5.65549719E-03  1.12419213E+00 -3.03420399E+00 -3.03420399E+00  0.00000000E+00
     221  2.00049966E-01  4.67686174E-02  3.55883724E-03  4.57652291E-01  5.53632623E-03  1.11314512E+00 -3.03526016E+00 -3.03526016E+00  0.00000000E+00
     231  1.98621980E-01  4.62547456E-02  3.50190519E-03  4.54404807E-01  5.58179595E-03  1.07784375E+00 -3.03394643E+00 -3.03394643E+00  0.00000000E+00
     241  1.99848910E-01  4.65161382E-02  3.47230668E-03  4.65079161E-01  5.39516077E-03  1.06525334E+00 -3.03353297E+00 -3.03353297E+00  0.00000000E+00
     251  1.99672833E-01  4.65143920E-02  3.47148518E-03  4.65165562E-01  5.45143805E-03  1.06912059E+00 -3.03573981E+00 -3.03573981E+00  0.00000000E+00
     261  2.00931005E-01  4.72729980E-02  3.60700273E-03  4.61979375E-01  5.66028404E-03  1.06828829E+00 -3.03404991E+00 -3.03404991E+00  0.00000000E+00
     271  2.02023647E-01  4.77402119E-02  3.68505908E-03  4.61042504E-01  5.68237511E-03  1.05427015E+00 -3.03138827E+00 -3.03138827E+00  0.00000000E+00
     281  2.00166649E-01  4.68767487E-02  3.56650242E-03  4.58988739E-01  5.58672346E-03  1.03924688E+00 -3.03171722E+00 -3.03171722E+00  0.00000000E+00
     291  1.99802111E-01  4.67784422E-02  3.56332235E-03  4.57196866E-01  5.62568877E-03  1.07210987E+00 -3.03336261E+00 -3.03336261E+00  0.00000000E+00
     301  1.99604369E-01  4.66640580E-02  3.53762986E-03  4.58465501E-01  5.59664380E-03  1.05527778E+00 -3.03511985E+00 -3.03511985E+00  0.00000000E+00
     311  1.98607172E-01  4.62212323E-02  3.47129076E-03  4.58389971E-01  5.55912852E-03  1.08417545E+00 -3.03233501E+00 -3.03233501E+00  0.00000000E+00
     321  1.98312390E-01  4.60714744E-02  3.43852215E-03  4.60009213E-01  5.53225900E-03  1.07839964E+00 -3.02830026E+00 -3.02830026E+00  0.00000000E+00
     331  1.98200923E-01  4.60406540E-02  3.43349423E-03  4.60076663E-01  5.54323361E-03  1.06144625E+00 -3.02656423E+00 -3.02656423E+00  0.00000000E+00
     341  1.98054787E-01  4.59953977E-02  3.42521568E-03  4.60318025E-01  5.55361197E-03  1.08029816E+00 -3.02966412E+00 -3.02966412E+00  0.00000000E+00
     351  1.98138524E-01  4.59353168E-02  3.39762048E-03  4.63264673E-01  5.47710729E-03  1.05099297E+00 -3.03006701E+00 -3.03006701E+00  0.00000000E+00
     361  1.97106629E-01  4.55574216E-02  3.35465946E-03  4.61223168E-01  5.50168257E-03  1.05234228E+00 -3.02656718E+00 -3.02656718E+00  0.00000000E+00
     371  1.97456288E-01  4.56584959E-02  3.35650592E-03  4.63310669E-01  5.47142080E-03  1.03187762E+00 -3.02699015E+00 -3.02699015E+00  0.00000000E+00
     381  1.96557016E-01  4.53850077E-02  3.34291672E-03  4.59022160E-01  5.53773631E-03  1.05475865E+00 -3.02454178E+00 -3.02454178E+00  0.00000000E+00
     391  1.97247804E-01  4.56321677E-02  3.36938198E-03  4.60629992E-01  5.51732925E-03  1.05461253E+00 -3.02453952E+00 -3.02453952E+00  0.00000000E+00
     401  1.97716545E-01  4.59216797E-02  3.44871977E-03  4.54868696E-01  5.60295561E-03  1.07136491E+00 -3.02729690E+00 -3.02729690E+00  0.00000000E+00
     411  1.98307738E-01  4.60871628E-02  3.44800728E-03  4.58888238E-01  5.54664269E-03  1.05855808E+00 -3.02669435E+00 -3.02669435E+00  0.00000000E+00
     421  1.98538149E-01  4.63253836E-02  3.49346517E-03  4.57378353E-01  5.66705826E-03  1.03163051E+00 -3.02746829E+00 -3.02746829E+00  0.00000000E+00
     431  1.98602933E-01  4.64208323E-02  3.52393236E-03  4.54894626E-01  5.72425410E-03  1.02510306E+00 -3.02924894E+00 -3.02924894E+00  0.00000000E+00
     441  1.99017121E-01  4.65668657E-02  3.53338128E-03  4.56855691E-01  5.70894951E-03  1.01695796E+00 -3.03112963E+00 -3.03112963E+00  0.00000000E+00
     451  1.98494974E-01  4.63322970E-02  3.49551385E-03  4.57222158E-01  5.68679247E-03  1.00809110E+00 -3.03246894E+00 -3.03246894E+00  0.00000000E+00
     461  1.99111211E-01  4.65919933E-02  3.53396178E-03  4.57352244E-01  5.69883253E-03  1.03638673E+00 -3.03416092E+00 -3.03416092E+00  0.00000000E+00
     471  1.99167333E-01  4.65848153E-02  3.52819012E-03  4.58071528E-01  5.67460720E-03  1.03300125E+00 -3.03355698E+00 -3.03355698E+00  0.00000000E+00
     481  1.99507094E-01  4.67506481E-02  3.55381640E-03  4.58001030E-01  5.69952865E-03  1.02713451E+00 -3.03428200E+00 -3.03428200E+00  0.00000000E+00
     491  1.98431483E-01  4.63321991E-02  3.50907742E-03  4.55113728E-01  5.70738622E-03  1.00581197E+00 -3.03389776E+00 -3.03389776E+00  0.00000000E+00
     501  1.97663015E-01  4.59660066E-02  3.45514867E-03  4.54905330E-01  5.65668225E-03  9.93397508E-01 -3.03360107E+00 -3.03360107E+00  0.00000000E+00
     511  1.97076960E-01  4.57113618E-02  3.41605855E-03  4.55051160E-01  5.63756327E-03  9.75706764E-01 -3.03426365E+00 -3.03426365E+00  0.00000000E+00
     521  1.97349671E-01  4.57188403E-02  3.39455212E-03  4.58659133E-01  5.55545666E-03  9.74623886E-01 -3.03218707E+00 -3.03218707E+00  0.00000000E+00
     531  1.97108736E-01  4.56541749E-02  3.38547096E-03  4.58576824E-01  5.58037371E-03  9.61894032E-01 -3.03112594E+00 -3.03112594E+00  0.00000000E+00
     541  1.97035523E-01  4.55435524E-02  3.35731451E-03  4.60468299E-01  5.51329616E-03  9.60941950E-01 -3.03168341E+00 -3.03168341E+00  0.00000000E+00
     551  1.96399931E-01  4.51990098E-02  3.30093917E-03  4.61409827E-01  5.43578961E-03  9.61372715E-01 -3.03249443E+00 -3.03249443E+00  0.00000000E+00
     561  1.96429311E-01  4.52065124E-02  3.30140973E-03  4.61511833E-01  5.43247627E-03  9.53180951E-01 -3.03332678E+00 -3.03332678E+00  0.00000000E+00
     571  1.95888696E-01  4.49940417E-02  3.27989934E-03  4.59955872E-01  5.43216643E-03  9.50695651E-01 -3.03451640E+00 -3.03451640E+00  0.00000000E+00
     581  1.95912700E-01  4.50350957E-02  3.29244967E-03  4.58877353E-01  5.45813033E-03  9.59937681E-01 -3.03651476E+00 -3.03651476E+00  0.00000000E+00
     591  1.96109165E-01  4.51459964E-02  3.32427441E-03  4.56327800E-01  5.48592601E-03  9.70246199E-01 -3.03753490E+00 -3.03753490E+00  0.00000000E+00
     601  1.96339504E-01  4.52411757E-02  3.33399625E-03  4.57029686E-01  5.48984976E-03  9.84986913E-01 -3.03975644E+00 -3.03975644E+00  0.00000000E+00
     611  1.95684798E-01  4.49641258E-02  3.29848176E-03  4.56173301E-01  5.47312314E-03  9.88557650E-01 -3.03958935E+00 -3.03958935E+00  0.00000000E+00
     621  1.95326197E-01  4.49294300E-02  3.33070237E-03  4.50012582E-01  5.55968898E-03  9.84332518E-01 -3.03801167E+00 -3.03801167E+00  0.00000000E+00
     631  1.95064495E-01  4.48023874E-02  3.31189865E-03  4.50011677E-01  5.53928108E-03  9.83775933E-01 -3.03814537E+00 -3.03814537E+00  0.00000000E+00
     641  1.95537469E-01  4.49812063E-02  3.32695473E-03  4.51895408E-01  5.53441984E-03  9.84164156E-01 -3.03822931E+00 -3.03822931E+00  0.00000000E+00
     651  1.95881654E-01  4.50287758E-02  3.31363841E-03  4.55242046E-01  5.46292436E-03  9.85948076E-01 -3.03628129E+00 -3.03628129E+00  0.00000000E+00
     661  1.95245892E-01  4.47589702E-02  3.27579875E-03  4.54950700E-01  5.44558065E-03  9.83668921E-01 -3.03493754E+00 -3.03493754E+00  0.00000000E+00
     671  1.95639167E-01  4.49471272E-02  3.30306537E-03  4.55005605E-01  5.47382695E-03  9.79643064E-01 -3.03498535E+00 -3.03498535E+00  0.00000000E+00
     681  1.95417849E-01  4.48865924E-02  3.29867364E-03  4.54261213E-01  5.49516738E-03  9.83105815E-01 -3.03498963E+00 -3.03498963E+00  0.00000000E+00
     691  1.94745396E-01  4.45828232E-02  3.26019745E-03  4.53251607E-01  5.46120214E-03  1.00013897E+00 -3.03328395E+00 -3.03328395E+00  0.00000000E+00
     701  1.94741627E-01  4.45760542E-02  3.25355701E-03  4.54199510E-01  5.45685325E-03  9.99843912E-01 -3.03329027E+00 -3.03329027E+00  0.00000000E+00
     711  1.94690726E-01  4.44935285E-02  3.22969171E-03  4.56191343E-01  5.40541387E-03  9.93928724E-01 -3.03318774E+00 -3.03318774E+00  0.00000000E+00
     721  1.94889693E-01  4.45214229E-02  3.22219475E-03  4.58133305E-01  5.36470793E-03  9.97848317E-01 -3.03302394E+00 -3.03302394E+00  0.00000000E+00
     731  1.94951931E-01  4.45204616E-02  3.21550615E-03  4.59234755E-01  5.34401514E-03  9.96242495E-01 -3.03389496E+00 -3.03389496E+00  0.00000000E+00
     741  1.94632985E-01  4.43719438E-02  3.19450751E-03  4.59163804E-01  5.32411190E-03  9.88145199E-01 -3.03520897E+00 -3.03520897E+00  0.00000000E+00
     751  1.94619748E-01  4.43563521E-02  3.18663840E-03  4.60116708E-01  5.31554785E-03  9.82215653E-01 -3.03546799E+00 -3.03546799E+00  0.00000000E+00
     761  1.95094236E-01  4.45177762E-02  3.19952412E-03  4.61857600E-01  5.29627735E-03  9.83346998E-01 -3.03655551E+00 -3.03655551E+00  0.00000000E+00
     771  1.95093304E-01  4.45140779E-02  3.20042342E-03  4.61616895E-01  5.29354161E-03  9.77394885E-01 -3.03610425E+00 -3.03610425E+00  0.00000000E+00
     781  1.94801906E-01  4.43898565E-02  3.18065358E-03  4.61943808E-01  5.28484042E-03  9.73865319E-01 -3.03740098E+00 -3.03740098E+00  0.00000000E+00
     791  1.94829043E-01  4.43883621E-02  3.18035794E-03  4.61957595E-01  5.27494032E-03  9.75164977E-01 -3.03745318E+00 -3.03745318E+00  0.00000000E+00
