   #Iter           <M>_x           <M>_y           <M>_z             <M>        M_{stdv}
       0  1.80032330E+00  8.90635634E-02 -6.08257959E-01  2.09590220E+00  3.44521544E-03
      50  1.80408611E+00  1.02991611E-01 -6.19604416E-01  2.09945490E+00  4.14634007E-03
     100  1.79946623E+00  9.63496344E-02 -6.21340288E-01  2.09307189E+00  3.94909528E-03
     150  1.79268019E+00  1.21598118E-01 -6.25233733E-01  2.08887929E+00  3.50904472E-03
     200  1.78519749E+00  1.38487792E-01 -6.36932068E-01  2.09081493E+00  5.66052620E-03
     250  1.78350104E+00  1.41148678E-01 -6.47731894E-01  2.09184294E+00  7.41359283E-03
     300  1.77000000E+00  1.21606652E-01 -6.63346434E-01  2.08770793E+00  6.41698989E-03
     350  1.77324385E+00  1.30473741E-01 -6.62991147E-01  2.08575862E+00  5.92343615E-03
     400  1.77879293E+00  1.18155416E-01 -6.54753150E-01  2.08838264E+00  6.00452606E-03
     450  1.78714701E+00  1.01970289E-01 -6.57882964E-01  2.09419790E+00  6.48149781E-03
     500  1.78309362E+00  8.47018445E-02 -6.53801524E-01  2.08896490E+00  3.44605644E-03
     550  1.79151992E+00  8.92493494E-02 -6.59591618E-01  2.09193601E+00  2.47563066E-03
     600  1.77341953E+00  1.26341917E-01 -6.38060753E-01  2.08836785E+00  2.04947862E-03
     650  1.76693648E+00  1.24194990E-01 -6.56192692E-01  2.08712491E+00  3.93171756E-03
     700  1.77402946E+00  1.11835220E-01 -6.51861026E-01  2.09028627E+00  5.92161643E-03
     750  1.77825956E+00  1.03810413E-01 -6.35370911E-01  2.09055285E+00  4.15512828E-03
     800  1.77922849E+00  1.15934371E-01 -6.40586913E-01  2.09440296E+00  6.24725657E-03
     850  1.77065029E+00  1.12085195E-01 -6.54045145E-01  2.08960752E+00  5.23790520E-03
     900  1.76197813E+00  9.86680713E-02 -6.66554020E-01  2.09136362E+00  4.21357834E-03
     950  1.75462845E+00  1.14306342E-01 -6.67739363E-01  2.08792424E+00  7.00876177E-03
    1000  1.75879435E+00  1.03660878E-01 -6.65194452E-01  2.09125010E+00  3.77057061E-03
    1050  1.76333568E+00  7.89159318E-02 -6.67743211E-01  2.08968485E+00  2.40902434E-03
    1100  1.76114761E+00  8.95692005E-02 -6.57066378E-01  2.09098083E+00  5.24384627E-03
    1150  1.75433293E+00  1.04525761E-01 -6.53863185E-01  2.08752862E+00  6.14430928E-03
    1200  1.74417446E+00  8.50930576E-02 -6.69308226E-01  2.08633761E+00  3.50131302E-03
    1250  1.74462796E+00  8.16744784E-02 -6.78173491E-01  2.09146615E+00  4.13651341E-03
    1300  1.74530954E+00  6.07129395E-02 -6.69813186E-01  2.08799166E+00  6.26040030E-03
    1350  1.74873430E+00  7.78207213E-02 -6.81268970E-01  2.08593594E+00  5.33173778E-03
    1400  1.76683716E+00  7.34716657E-02 -6.78452386E-01  2.09063777E+00  3.70271618E-03
    1450  1.76649228E+00  6.42692670E-02 -6.63604741E-01  2.08864685E+00  3.96232603E-03
    1500  1.78036922E+00  6.28412464E-02 -6.55200731E-01  2.09092532E+00  3.91583869E-03
    1550  1.77483730E+00  4.37403420E-02 -6.46229751E-01  2.08585667E+00  4.14998362E-03
    1600  1.78261922E+00  5.83341458E-02 -6.57101693E-01  2.09009357E+00  3.42379610E-03
    1650  1.78067343E+00  4.58636913E-02 -6.47871602E-01  2.08613143E+00  7.28007978E-03
    1700  1.77866210E+00  4.78068213E-02 -6.45396176E-01  2.08871724E+00  9.28160117E-03
    1750  1.78083199E+00  3.06494231E-02 -6.47893189E-01  2.09049639E+00  7.69600829E-03
    1800  1.79241995E+00  3.78684559E-02 -6.56063808E-01  2.09251318E+00  3.50749676E-03
    1850  1.79713231E+00  5.83292782E-02 -6.59145683E-01  2.09143513E+00  8.12693416E-03
    1900  1.78830763E+00  8.23613422E-02 -6.63891454E-01  2.09226509E+00  6.00358982E-03
    1950  1.77093952E+00  8.15252898E-02 -6.61050226E-01  2.08497674E+00  7.69943119E-03
