   #Iter             <M>           <M^2>           <M^4>      U_{Binder}            \chi        C_v(tot)             <E>       <E_{exc}>       <E_{lsf}>
       1  2.10663526E+00  4.43791350E+00  1.96951009E+01  6.66666249E-01  8.96700650E-06  4.55692455E-01 -1.15231370E+01 -1.15231370E+01  0.00000000E+00
      11  2.10773574E+00  4.44257794E+00  1.97369959E+01  6.66658270E-01  1.80426862E-04  8.29288294E-01 -1.15043628E+01 -1.15043628E+01  0.00000000E+00
      21  2.10801941E+00  4.44376775E+00  1.97474610E+01  6.66660097E-01  1.41152179E-04  8.68599872E-01 -1.15077364E+01 -1.15077364E+01  0.00000000E+00
      31  2.10737219E+00  4.44104478E+00  1.97233622E+01  6.66658495E-01  1.75596182E-04  1.01700859E+00 -1.15080234E+01 -1.15080234E+01  0.00000000E+00
      41  2.10718353E+00  4.44025073E+00  1.97163289E+01  6.66658174E-01  1.82456070E-04  1.12549759E+00 -1.15075572E+01 -1.15075572E+01  0.00000000E+00
      51  2.10612705E+00  4.43579878E+00  1.96768007E+01  6.66658366E-01  1.78031643E-04  1.09358953E+00 -1.15069643E+01 -1.15069643E+01  0.00000000E+00
      61  2.10606416E+00  4.43553860E+00  1.96745762E+01  6.66656950E-01  2.08537818E-04  1.11974226E+00 -1.15057672E+01 -1.15057672E+01  0.00000000E+00
      71  2.10633978E+00  4.43670038E+00  1.96848972E+01  6.66656729E-01  2.13368889E-04  1.10268645E+00 -1.15069394E+01 -1.15069394E+01  0.00000000E+00
      81  2.10610723E+00  4.43572340E+00  1.96762755E+01  6.66655937E-01  2.30300836E-04  1.09483274E+00 -1.15062990E+01 -1.15062990E+01  0.00000000E+00
      91  2.10631805E+00  4.43661061E+00  1.96841323E+01  6.66656190E-01  2.24894171E-04  1.19291826E+00 -1.15046131E+01 -1.15046131E+01  0.00000000E+00
     101  2.10683244E+00  4.43877907E+00  1.97034009E+01  6.66655817E-01  2.32981906E-04  1.16092764E+00 -1.15052975E+01 -1.15052975E+01  0.00000000E+00
     111  2.10746411E+00  4.44143950E+00  1.97269977E+01  6.66656311E-01  2.22585127E-04  1.19674067E+00 -1.15065447E+01 -1.15065447E+01  0.00000000E+00
     121  2.10772497E+00  4.44253876E+00  1.97367579E+01  6.66656410E-01  2.20508547E-04  1.18741519E+00 -1.15065410E+01 -1.15065410E+01  0.00000000E+00
     131  2.10764804E+00  4.44221263E+00  1.97338277E+01  6.66656960E-01  2.08653801E-04  1.23236507E+00 -1.15069565E+01 -1.15069565E+01  0.00000000E+00
     141  2.10767343E+00  4.44231825E+00  1.97347408E+01  6.66657387E-01  1.99483021E-04  1.20147013E+00 -1.15075676E+01 -1.15075676E+01  0.00000000E+00
     151  2.10770286E+00  4.44244230E+00  1.97358428E+01  6.66657390E-01  1.99385764E-04  1.22229628E+00 -1.15075355E+01 -1.15075355E+01  0.00000000E+00
     161  2.10785372E+00  4.44307967E+00  1.97415321E+01  6.66656955E-01  2.08684630E-04  1.21679917E+00 -1.15080810E+01 -1.15080810E+01  0.00000000E+00
     171  2.10789614E+00  4.44325713E+00  1.97430844E+01  6.66657373E-01  1.99693808E-04  1.20335193E+00 -1.15078948E+01 -1.15078948E+01  0.00000000E+00
     181  2.10804073E+00  4.44386522E+00  1.97484621E+01  6.66657821E-01  1.90112420E-04  1.17013778E+00 -1.15078708E+01 -1.15078708E+01  0.00000000E+00
     191  2.10805273E+00  4.44391492E+00  1.97488884E+01  6.66658082E-01  1.84509515E-04  1.20129615E+00 -1.15079610E+01 -1.15079610E+01  0.00000000E+00
     201  2.10803015E+00  4.44381886E+00  1.97480188E+01  6.66658350E-01  1.78748536E-04  1.21723215E+00 -1.15072599E+01 -1.15072599E+01  0.00000000E+00
     211  2.10809674E+00  4.44409954E+00  1.97505126E+01  6.66658365E-01  1.78417409E-04  1.17946355E+00 -1.15069633E+01 -1.15069633E+01  0.00000000E+00
     221  2.10811270E+00  4.44416636E+00  1.97510979E+01  6.66658510E-01  1.75307989E-04  1.17759391E+00 -1.15067999E+01 -1.15067999E+01  0.00000000E+00
     231  2.10810730E+00  4.44414285E+00  1.97508756E+01  6.66658736E-01  1.70436392E-04  1.17359402E+00 -1.15064368E+01 -1.15064368E+01  0.00000000E+00
     241  2.10812388E+00  4.44421239E+00  1.97514880E+01  6.66658833E-01  1.68365596E-04  1.14618564E+00 -1.15065654E+01 -1.15065654E+01  0.00000000E+00
     251  2.10809294E+00  4.44408159E+00  1.97503189E+01  6.66658942E-01  1.66014612E-04  1.13154934E+00 -1.15068358E+01 -1.15068358E+01  0.00000000E+00
     261  2.10815002E+00  4.44432337E+00  1.97524878E+01  6.66658607E-01  1.73208526E-04  1.14737179E+00 -1.15070442E+01 -1.15070442E+01  0.00000000E+00
     271  2.10813547E+00  4.44426144E+00  1.97519265E+01  6.66658789E-01  1.69278428E-04  1.12273061E+00 -1.15071697E+01 -1.15071697E+01  0.00000000E+00
     281  2.10797886E+00  4.44360140E+00  1.97460648E+01  6.66658709E-01  1.70975278E-04  1.10767990E+00 -1.15071183E+01 -1.15071183E+01  0.00000000E+00
     291  2.10795801E+00  4.44351325E+00  1.97452772E+01  6.66658779E-01  1.69462476E-04  1.10561138E+00 -1.15072049E+01 -1.15072049E+01  0.00000000E+00
     301  2.10787419E+00  4.44316016E+00  1.97421438E+01  6.66658704E-01  1.71061016E-04  1.08646258E+00 -1.15073250E+01 -1.15073250E+01  0.00000000E+00
     311  2.10783213E+00  4.44298237E+00  1.97405558E+01  6.66658841E-01  1.68096313E-04  1.08220813E+00 -1.15069785E+01 -1.15069785E+01  0.00000000E+00
     321  2.10786168E+00  4.44310705E+00  1.97416659E+01  6.66658804E-01  1.68912347E-04  1.07341322E+00 -1.15068855E+01 -1.15068855E+01  0.00000000E+00
     331  2.10788762E+00  4.44321655E+00  1.97426415E+01  6.66658762E-01  1.69793589E-04  1.07514736E+00 -1.15064234E+01 -1.15064234E+01  0.00000000E+00
     341  2.10776576E+00  4.44270319E+00  1.97380857E+01  6.66658660E-01  1.71995566E-04  1.09403777E+00 -1.15066650E+01 -1.15066650E+01  0.00000000E+00
     351  2.10776010E+00  4.44267930E+00  1.97378731E+01  6.66658667E-01  1.71865477E-04  1.09220670E+00 -1.15068252E+01 -1.15068252E+01  0.00000000E+00
     361  2.10779447E+00  4.44282378E+00  1.97391496E+01  6.66658790E-01  1.69231528E-04  1.07621312E+00 -1.15067126E+01 -1.15067126E+01  0.00000000E+00
     371  2.10767118E+00  4.44230546E+00  1.97345690E+01  6.66658371E-01  1.78246765E-04  1.07542764E+00 -1.15064254E+01 -1.15064254E+01  0.00000000E+00
     381  2.10776360E+00  4.44269556E+00  1.97380440E+01  6.66658220E-01  1.81496979E-04  1.05944131E+00 -1.15066086E+01 -1.15066086E+01  0.00000000E+00
     391  2.10775477E+00  4.44265810E+00  1.97377070E+01  6.66658291E-01  1.79970314E-04  1.05597335E+00 -1.15068598E+01 -1.15068598E+01  0.00000000E+00
     401  2.10776643E+00  4.44270693E+00  1.97381353E+01  6.66658383E-01  1.77976155E-04  1.07622938E+00 -1.15066429E+01 -1.15066429E+01  0.00000000E+00
     411  2.10787995E+00  4.44318561E+00  1.97423911E+01  6.66658346E-01  1.78788217E-04  1.08566713E+00 -1.15067824E+01 -1.15067824E+01  0.00000000E+00
     421  2.10789222E+00  4.44323698E+00  1.97428409E+01  6.66658460E-01  1.76346801E-04  1.09317013E+00 -1.15067846E+01 -1.15067846E+01  0.00000000E+00
     431  2.10798741E+00  4.44363893E+00  1.97464245E+01  6.66658266E-01  1.80517601E-04  1.10427031E+00 -1.15070397E+01 -1.15070397E+01  0.00000000E+00
     441  2.10810155E+00  4.44412010E+00  1.97507003E+01  6.66658282E-01  1.80202886E-04  1.09874006E+00 -1.15072178E+01 -1.15072178E+01  0.00000000E+00
     451  2.10816490E+00  4.44438745E+00  1.97530814E+01  6.66658202E-01  1.81943720E-04  1.09720960E+00 -1.15074401E+01 -1.15074401E+01  0.00000000E+00
     461  2.10817212E+00  4.44441792E+00  1.97533523E+01  6.66658200E-01  1.82000714E-04  1.09460087E+00 -1.15073434E+01 -1.15073434E+01  0.00000000E+00
     471  2.10820655E+00  4.44456267E+00  1.97546316E+01  6.66658326E-01  1.79291267E-04  1.12020110E+00 -1.15074605E+01 -1.15074605E+01  0.00000000E+00
     481  2.10812821E+00  4.44423272E+00  1.97517047E+01  6.66658224E-01  1.81471767E-04  1.12851603E+00 -1.15072534E+01 -1.15072534E+01  0.00000000E+00
     491  2.10814405E+00  4.44429976E+00  1.97523053E+01  6.66658145E-01  1.83160721E-04  1.14036380E+00 -1.15072351E+01 -1.15072351E+01  0.00000000E+00
     501  2.10808031E+00  4.44403089E+00  1.97499137E+01  6.66658174E-01  1.82523415E-04  1.15045155E+00 -1.15068275E+01 -1.15068275E+01  0.00000000E+00
     511  2.10804370E+00  4.44387645E+00  1.97485395E+01  6.66658202E-01  1.81924813E-04  1.14574990E+00 -1.15068903E+01 -1.15068903E+01  0.00000000E+00
     521  2.10804862E+00  4.44389737E+00  1.97487284E+01  6.66658150E-01  1.83028713E-04  1.16013327E+00 -1.15070521E+01 -1.15070521E+01  0.00000000E+00
     531  2.10802681E+00  4.44380551E+00  1.97479133E+01  6.66658129E-01  1.83488299E-04  1.17259075E+00 -1.15072969E+01 -1.15072969E+01  0.00000000E+00
     541  2.10793357E+00  4.44341231E+00  1.97444173E+01  6.66658152E-01  1.82962180E-04  1.16773797E+00 -1.15071381E+01 -1.15071381E+01  0.00000000E+00
     551  2.10790308E+00  4.44328391E+00  1.97432782E+01  6.66658119E-01  1.83684963E-04  1.17495949E+00 -1.15070808E+01 -1.15070808E+01  0.00000000E+00
     561  2.10792137E+00  4.44336067E+00  1.97439547E+01  6.66658213E-01  1.81657621E-04  1.17053664E+00 -1.15070538E+01 -1.15070538E+01  0.00000000E+00
     571  2.10798118E+00  4.44361292E+00  1.97461977E+01  6.66658194E-01  1.82081958E-04  1.19038730E+00 -1.15072301E+01 -1.15072301E+01  0.00000000E+00
     581  2.10794615E+00  4.44346535E+00  1.97448884E+01  6.66658156E-01  1.82893293E-04  1.18754872E+00 -1.15071484E+01 -1.15071484E+01  0.00000000E+00
     591  2.10794003E+00  4.44343945E+00  1.97446568E+01  6.66658180E-01  1.82358322E-04  1.18560416E+00 -1.15071077E+01 -1.15071077E+01  0.00000000E+00
     601  2.10788813E+00  4.44322075E+00  1.97427147E+01  6.66658155E-01  1.82897449E-04  1.18424244E+00 -1.15072804E+01 -1.15072804E+01  0.00000000E+00
     611  2.10784878E+00  4.44305490E+00  1.97412415E+01  6.66658145E-01  1.83105323E-04  1.17498386E+00 -1.15073786E+01 -1.15073786E+01  0.00000000E+00
     621  2.10788393E+00  4.44320297E+00  1.97425553E+01  6.66658179E-01  1.82373010E-04  1.20181421E+00 -1.15072858E+01 -1.15072858E+01  0.00000000E+00
     631  2.10782027E+00  4.44293482E+00  1.97401764E+01  6.66658112E-01  1.83815295E-04  1.20883073E+00 -1.15069884E+01 -1.15069884E+01  0.00000000E+00
     641  2.10783525E+00  4.44299746E+00  1.97407240E+01  6.66658266E-01  1.80512663E-04  1.20215795E+00 -1.15070135E+01 -1.15070135E+01  0.00000000E+00
     651  2.10784255E+00  4.44302834E+00  1.97410006E+01  6.66658227E-01  1.81339430E-04  1.19931051E+00 -1.15070882E+01 -1.15070882E+01  0.00000000E+00
     661  2.10779652E+00  4.44283417E+00  1.97392730E+01  6.66658266E-01  1.80489636E-04  1.19297096E+00 -1.15070503E+01 -1.15070503E+01  0.00000000E+00
     671  2.10782417E+00  4.44295062E+00  1.97403053E+01  6.66658306E-01  1.79634169E-04  1.18471580E+00 -1.15071890E+01 -1.15071890E+01  0.00000000E+00
     681  2.10779019E+00  4.44280727E+00  1.97390298E+01  6.66658335E-01  1.79004177E-04  1.18734458E+00 -1.15069980E+01 -1.15069980E+01  0.00000000E+00
     691  2.10782391E+00  4.44294931E+00  1.97402905E+01  6.66658359E-01  1.78488880E-04  1.17531776E+00 -1.15069299E+01 -1.15069299E+01  0.00000000E+00
     701  2.10781929E+00  4.44292989E+00  1.97401185E+01  6.66658350E-01  1.78684392E-04  1.16713575E+00 -1.15069770E+01 -1.15069770E+01  0.00000000E+00
     711  2.10776874E+00  4.44271690E+00  1.97382282E+01  6.66658311E-01  1.79506177E-04  1.15839250E+00 -1.15067956E+01 -1.15067956E+01  0.00000000E+00
     721  2.10782545E+00  4.44295592E+00  1.97403506E+01  6.66658336E-01  1.78979640E-04  1.15124158E+00 -1.15067899E+01 -1.15067899E+01  0.00000000E+00
     731  2.10784696E+00  4.44304641E+00  1.97411519E+01  6.66658385E-01  1.77938064E-04  1.14847971E+00 -1.15068998E+01 -1.15068998E+01  0.00000000E+00
     741  2.10790873E+00  4.44330700E+00  1.97434705E+01  6.66658336E-01  1.78993153E-04  1.14736280E+00 -1.15070922E+01 -1.15070922E+01  0.00000000E+00
     751  2.10790616E+00  4.44329650E+00  1.97433834E+01  6.66658233E-01  1.81219658E-04  1.15525021E+00 -1.15073092E+01 -1.15073092E+01  0.00000000E+00
     761  2.10793536E+00  4.44341952E+00  1.97444749E+01  6.66658261E-01  1.80606664E-04  1.16119186E+00 -1.15071947E+01 -1.15071947E+01  0.00000000E+00
     771  2.10788391E+00  4.44320249E+00  1.97425440E+01  6.66658299E-01  1.79796148E-04  1.15486948E+00 -1.15071039E+01 -1.15071039E+01  0.00000000E+00
     781  2.10788522E+00  4.44320807E+00  1.97425949E+01  6.66658276E-01  1.80280926E-04  1.15628435E+00 -1.15071193E+01 -1.15071193E+01  0.00000000E+00
     791  2.10794427E+00  4.44345689E+00  1.97448041E+01  6.66658310E-01  1.79561538E-04  1.16265671E+00 -1.15071394E+01 -1.15071394E+01  0.00000000E+00
