   #Iter           <M>_x           <M>_y           <M>_z             <M>        M_{stdv}
       0  4.26511593E-01  2.13214610E-01 -5.49401336E-01  1.93414941E+00  6.99190914E-03
      50  4.48425039E-01  2.25446493E-01 -5.36506379E-01  1.93312579E+00  6.52318899E-03
     100  4.38919168E-01  2.56732019E-01 -5.32465360E-01  1.93059852E+00  7.49170694E-03
     150  4.38532193E-01  2.32576938E-01 -5.49002590E-01  1.93345114E+00  1.35629305E-02
     200  4.75855833E-01  2.30801782E-01 -5.62187035E-01  1.93399491E+00  9.85266393E-03
     250  5.04251183E-01  2.00501037E-01 -5.73226598E-01  1.93304928E+00  3.16046830E-03
     300  5.15228550E-01  2.21289158E-01 -5.55840818E-01  1.93487303E+00  1.26987477E-02
     350  5.41434065E-01  2.03729854E-01 -5.80658189E-01  1.93948692E+00  1.28296712E-02
     400  5.22815298E-01  1.84221583E-01 -5.81962636E-01  1.93293929E+00  7.19319352E-03
     450  5.38887348E-01  1.78401786E-01 -5.80489578E-01  1.93714549E+00  1.07636817E-02
     500  5.30586663E-01  1.74149505E-01 -5.74832196E-01  1.93903657E+00  8.45954942E-03
     550  5.49738509E-01  1.77547544E-01 -5.52575367E-01  1.93466975E+00  1.01654076E-02
     600  5.63856965E-01  1.75582795E-01 -5.38006321E-01  1.93777899E+00  1.42207977E-02
     650  5.71052791E-01  2.19188062E-01 -5.43309919E-01  1.93214874E+00  6.86605272E-03
     700  5.60375043E-01  2.29753957E-01 -5.29943018E-01  1.94239075E+00  1.49168631E-02
     750  5.39842852E-01  2.30784219E-01 -5.34504167E-01  1.93376801E+00  1.79282467E-02
     800  5.56677035E-01  2.35034437E-01 -5.58584865E-01  1.93525781E+00  1.38613919E-02
     850  5.54628154E-01  2.27833702E-01 -5.63006832E-01  1.93339325E+00  8.89779059E-03
     900  5.95843104E-01  2.13369030E-01 -5.48920688E-01  1.94197727E+00  6.18065327E-03
     950  5.67079856E-01  2.55376672E-01 -5.48977273E-01  1.93832423E+00  1.52753209E-02
    1000  5.38614298E-01  2.24762364E-01 -5.34565200E-01  1.93998011E+00  1.68614767E-02
    1050  5.75544576E-01  2.40571150E-01 -5.31253228E-01  1.94190888E+00  9.42799565E-03
    1100  5.75405660E-01  2.24088709E-01 -5.17535267E-01  1.93426710E+00  1.57217823E-02
    1150  5.86518027E-01  2.18812712E-01 -5.11183326E-01  1.92826623E+00  1.14526402E-02
    1200  5.49361978E-01  2.73429168E-01 -4.90290950E-01  1.94131474E+00  3.78971565E-03
    1250  5.34171651E-01  3.02858708E-01 -5.11061793E-01  1.93555386E+00  1.14499861E-02
    1300  5.21650060E-01  3.01074258E-01 -5.00015034E-01  1.94090972E+00  8.77423314E-03
    1350  5.57658020E-01  3.01100818E-01 -5.23012385E-01  1.93434131E+00  9.81430163E-03
    1400  5.67980495E-01  2.70261742E-01 -5.18721794E-01  1.93972735E+00  1.37792520E-02
    1450  5.52622040E-01  2.62289815E-01 -5.12373054E-01  1.93450786E+00  1.92805702E-02
    1500  5.43370862E-01  2.42549446E-01 -5.08191598E-01  1.92480300E+00  5.93425387E-03
    1550  5.75381701E-01  2.70295336E-01 -4.86181881E-01  1.93562641E+00  1.36239544E-02
    1600  5.88237319E-01  2.67000814E-01 -5.03245561E-01  1.94781441E+00  1.08822078E-02
    1650  5.80776005E-01  2.80778164E-01 -5.28599633E-01  1.94281411E+00  1.20567690E-02
    1700  5.69191851E-01  2.96490344E-01 -5.15237963E-01  1.93324075E+00  1.33807984E-02
    1750  5.61292416E-01  3.00609984E-01 -5.44622034E-01  1.94365546E+00  1.20572605E-02
    1800  5.37914136E-01  2.82373428E-01 -5.36590412E-01  1.92956083E+00  1.13568563E-02
    1850  5.31919363E-01  2.93287981E-01 -5.55610118E-01  1.92805390E+00  1.15966836E-02
    1900  5.57495678E-01  2.54865581E-01 -5.28459336E-01  1.93355805E+00  1.04400265E-02
    1950  5.74349681E-01  2.31705869E-01 -5.05703914E-01  1.92280247E+00  2.02439905E-02
    2000  6.17465163E-01  2.29706767E-01 -4.74155268E-01  1.92463251E+00  1.52387737E-02
    2050  5.89252785E-01  2.29383823E-01 -4.72364294E-01  1.93545653E+00  3.03296802E-03
    2100  6.10221164E-01  2.14886405E-01 -4.58173798E-01  1.92933952E+00  9.42263832E-03
    2150  6.00111575E-01  2.29160949E-01 -4.40371520E-01  1.92663921E+00  1.14140193E-02
    2200  5.70911068E-01  2.17770163E-01 -4.49659288E-01  1.94085784E+00  6.22716669E-03
    2250  5.52868429E-01  2.41750707E-01 -4.60601952E-01  1.93311100E+00  1.74019636E-02
    2300  5.74800717E-01  2.28244470E-01 -4.47842262E-01  1.93609947E+00  1.39223841E-02
    2350  5.69040677E-01  2.22600489E-01 -4.45482390E-01  1.93849470E+00  1.44059312E-02
    2400  5.70510776E-01  2.04566812E-01 -4.22836792E-01  1.92713561E+00  1.71146237E-02
    2450  5.66901709E-01  2.14503637E-01 -4.03887230E-01  1.92771925E+00  2.11816547E-02
    2500  5.63968007E-01  2.16083893E-01 -4.11632858E-01  1.94022274E+00  1.36454435E-02
    2550  5.72717369E-01  2.17330306E-01 -4.29861556E-01  1.94362165E+00  7.77277778E-03
    2600  5.55701653E-01  2.07287014E-01 -4.53272224E-01  1.94879960E+00  4.82817830E-03
    2650  5.35006937E-01  1.81669061E-01 -4.29317987E-01  1.93618063E+00  9.09872320E-03
    2700  5.26709700E-01  2.08069156E-01 -4.23336872E-01  1.92911941E+00  1.70783246E-02
    2750  5.15929588E-01  2.08730779E-01 -4.45409042E-01  1.92585486E+00  1.51754207E-02
    2800  4.85806726E-01  2.21867753E-01 -4.33914325E-01  1.93145030E+00  1.42946457E-02
    2850  5.01375685E-01  1.86756958E-01 -4.53781428E-01  1.93632454E+00  7.49761460E-03
    2900  4.99935805E-01  2.03124704E-01 -4.52878769E-01  1.93739606E+00  9.22032625E-03
    2950  5.15917346E-01  2.29953090E-01 -4.73855583E-01  1.92304846E+00  1.28013252E-02
    3000  5.14390850E-01  2.25306819E-01 -4.76948046E-01  1.93120711E+00  1.31112500E-02
    3050  5.11804070E-01  2.22874311E-01 -4.51020116E-01  1.93982623E+00  1.47308344E-02
    3100  4.97254665E-01  2.46043007E-01 -4.74643040E-01  1.93866542E+00  8.58135121E-03
    3150  5.05486896E-01  2.56399180E-01 -4.96394851E-01  1.92963165E+00  1.34730472E-02
    3200  4.80219934E-01  2.73050853E-01 -4.92597159E-01  1.93213463E+00  7.86392808E-03
    3250  4.87117972E-01  2.43811671E-01 -4.95991517E-01  1.92366413E+00  9.24612170E-03
    3300  4.76544749E-01  2.49662420E-01 -5.12239212E-01  1.92537199E+00  1.25474415E-02
    3350  4.91826128E-01  2.64982322E-01 -5.20165815E-01  1.92311423E+00  1.11352628E-02
    3400  4.54943165E-01  2.40376556E-01 -5.12666614E-01  1.93642752E+00  9.54681294E-03
    3450  4.48576236E-01  2.34305306E-01 -5.34389074E-01  1.93945247E+00  1.05872855E-02
    3500  4.55444791E-01  2.16489881E-01 -5.21984658E-01  1.93321447E+00  8.41220990E-03
    3550  4.53969053E-01  2.04693599E-01 -5.02165915E-01  1.92678751E+00  5.44042770E-03
    3600  4.34771101E-01  2.00425739E-01 -4.99901230E-01  1.92467784E+00  1.34529649E-02
    3650  4.14065364E-01  1.92851911E-01 -5.01567780E-01  1.93365774E+00  1.46167659E-02
    3700  4.16539751E-01  2.28896027E-01 -5.11535228E-01  1.93022174E+00  9.12576388E-03
    3750  4.24927979E-01  2.06099394E-01 -5.13565941E-01  1.94202967E+00  1.19985003E-02
    3800  4.39202205E-01  2.04871637E-01 -5.03814440E-01  1.94307129E+00  9.95799823E-03
    3850  4.48004111E-01  2.23415812E-01 -5.15147168E-01  1.93771943E+00  9.11500942E-03
    3900  4.29545847E-01  2.39963938E-01 -4.86732673E-01  1.94296044E+00  1.00994682E-02
    3950  4.38894579E-01  2.10897844E-01 -4.84086571E-01  1.94080406E+00  1.83031054E-03
    4000  4.59348065E-01  2.21197286E-01 -4.96775736E-01  1.93383993E+00  6.60425309E-03
    4050  4.64774224E-01  2.23644571E-01 -4.96024185E-01  1.93769149E+00  8.90267136E-03
    4100  4.55367602E-01  2.19605771E-01 -4.87166401E-01  1.93378623E+00  5.54715214E-03
    4150  4.31242212E-01  1.87499737E-01 -4.75460836E-01  1.92749110E+00  1.08446485E-02
    4200  4.06055247E-01  2.16448630E-01 -4.76723411E-01  1.93421027E+00  1.81386301E-02
    4250  4.23410876E-01  2.07869344E-01 -4.89379893E-01  1.93066356E+00  1.75822538E-02
    4300  4.15085991E-01  2.12418821E-01 -4.92268139E-01  1.92850960E+00  8.26859466E-03
    4350  3.94185934E-01  2.06407648E-01 -4.87404456E-01  1.92904847E+00  1.94164092E-02
    4400  3.71674434E-01  2.02091887E-01 -4.71180870E-01  1.93764435E+00  3.15057664E-03
    4450  3.51619175E-01  1.75530653E-01 -4.39556354E-01  1.94081800E+00  1.03565078E-02
    4500  3.67248399E-01  1.37015833E-01 -4.53228736E-01  1.93627548E+00  1.05821118E-02
    4550  3.43122715E-01  1.49810905E-01 -4.66568309E-01  1.93548479E+00  1.22429907E-02
    4600  3.50656652E-01  1.66018486E-01 -4.52821953E-01  1.93850152E+00  1.49361198E-02
    4650  3.56402724E-01  1.69502830E-01 -4.41428645E-01  1.94022634E+00  1.03293381E-02
    4700  3.51870192E-01  1.80444958E-01 -4.61667945E-01  1.93761324E+00  8.84711605E-03
    4750  3.28388746E-01  1.53860718E-01 -4.63237305E-01  1.94441128E+00  5.12984064E-03
    4800  3.22267073E-01  1.63540587E-01 -4.39295615E-01  1.93311078E+00  1.22860928E-02
    4850  3.35937093E-01  1.62606498E-01 -4.70639558E-01  1.92890249E+00  5.96381638E-03
    4900  3.45489345E-01  1.34827424E-01 -4.89039406E-01  1.93979201E+00  1.41088192E-02
    4950  3.59214104E-01  1.31735200E-01 -4.75049488E-01  1.93423884E+00  1.71979068E-02
    5000  3.29601045E-01  8.16567400E-02 -4.72691877E-01  1.93227132E+00  1.51511164E-02
    5050  3.48957976E-01  1.06482115E-01 -4.82666628E-01  1.92939034E+00  9.37977230E-03
    5100  3.48427410E-01  8.69374563E-02 -4.88872407E-01  1.92598263E+00  1.02481663E-02
    5150  3.47010707E-01  8.23522587E-02 -4.80253851E-01  1.92868970E+00  1.86233319E-02
    5200  3.55667096E-01  1.17634122E-01 -5.12287304E-01  1.93216694E+00  1.30739592E-02
    5250  3.35570721E-01  1.26190069E-01 -5.12099026E-01  1.93071111E+00  1.34129075E-02
    5300  3.44435686E-01  1.19596359E-01 -5.31460769E-01  1.93687093E+00  1.23115004E-02
    5350  3.28506968E-01  1.21745514E-01 -5.28531756E-01  1.94125071E+00  6.42898272E-03
    5400  2.90781047E-01  1.24927111E-01 -5.33652580E-01  1.94145315E+00  8.59658085E-03
    5450  2.81795162E-01  1.26277346E-01 -5.48124291E-01  1.93257243E+00  1.44349462E-02
    5500  2.38446134E-01  1.41068379E-01 -5.27681900E-01  1.93380056E+00  1.03427067E-02
    5550  2.04707762E-01  1.10412493E-01 -5.37440628E-01  1.93090161E+00  6.30767829E-03
    5600  2.00497568E-01  1.63933081E-01 -5.38027127E-01  1.94072454E+00  7.38770096E-03
    5650  1.78936439E-01  1.45095691E-01 -5.47858766E-01  1.93389805E+00  1.16644507E-02
    5700  1.57049412E-01  1.63275788E-01 -5.54356616E-01  1.93499831E+00  3.41041034E-03
    5750  1.83739764E-01  1.69506717E-01 -5.90383862E-01  1.93022634E+00  1.59647219E-02
    5800  2.01493994E-01  1.65158779E-01 -6.19089952E-01  1.93235633E+00  1.38424276E-02
    5850  2.18020624E-01  1.58186451E-01 -6.28175407E-01  1.93556894E+00  1.74808341E-02
    5900  2.18918820E-01  1.31936688E-01 -6.53694845E-01  1.93805561E+00  1.12388807E-02
    5950  2.25979892E-01  1.44998924E-01 -6.17999719E-01  1.93551591E+00  7.43600701E-03
    6000  2.47291635E-01  1.66327158E-01 -6.18064290E-01  1.93233234E+00  1.23907442E-02
    6050  2.71834451E-01  1.96153570E-01 -5.96040666E-01  1.93509617E+00  1.07736418E-02
    6100  2.75795804E-01  2.05964167E-01 -5.99778926E-01  1.91710012E+00  6.61017270E-03
    6150  2.87733400E-01  2.10929532E-01 -5.89325199E-01  1.91874979E+00  1.41252393E-02
    6200  2.55191856E-01  2.02434509E-01 -5.96086720E-01  1.91836280E+00  6.19099703E-03
    6250  2.62223940E-01  1.99399535E-01 -6.02281371E-01  1.92571042E+00  9.71042151E-03
    6300  2.53568673E-01  2.18196792E-01 -6.19257904E-01  1.92039350E+00  1.28696389E-02
    6350  2.56095830E-01  2.25895978E-01 -6.03657723E-01  1.92607231E+00  1.26289848E-02
    6400  2.98582817E-01  1.96768335E-01 -5.88366198E-01  1.92593942E+00  1.45345727E-02
    6450  3.33593062E-01  2.16811911E-01 -5.90805794E-01  1.92605032E+00  1.73205577E-02
    6500  3.41898220E-01  2.24527242E-01 -5.70580145E-01  1.91882404E+00  1.48049227E-02
    6550  3.69794273E-01  2.54323549E-01 -5.56082085E-01  1.92601425E+00  1.02688119E-02
    6600  3.64577402E-01  2.68403635E-01 -5.84549705E-01  1.92513738E+00  1.40908081E-02
    6650  3.79018256E-01  2.65663804E-01 -5.97750421E-01  1.93264400E+00  5.08010096E-03
    6700  3.69721767E-01  2.65095033E-01 -6.29822304E-01  1.93439932E+00  1.67622820E-02
    6750  3.47345380E-01  2.85458747E-01 -6.50302942E-01  1.94439143E+00  1.50240030E-02
    6800  3.21545467E-01  2.74163099E-01 -6.72963920E-01  1.93932406E+00  1.08435760E-02
    6850  3.47527104E-01  2.52459903E-01 -6.79099699E-01  1.94502144E+00  9.33344825E-03
    6900  3.72791875E-01  2.51286591E-01 -6.88681181E-01  1.94484821E+00  1.22301519E-02
    6950  3.60423162E-01  2.36730225E-01 -7.32599875E-01  1.94683091E+00  6.10064905E-03
    7000  3.31417189E-01  2.34683770E-01 -7.37050906E-01  1.93072409E+00  1.06474824E-02
    7050  3.35848645E-01  2.30592812E-01 -7.28797016E-01  1.93838639E+00  8.61390143E-03
    7100  3.34841619E-01  2.66034486E-01 -7.23710072E-01  1.93405681E+00  1.77811973E-02
    7150  3.40588968E-01  2.96556179E-01 -7.04134557E-01  1.93608935E+00  1.42431712E-02
    7200  3.17548627E-01  3.48100384E-01 -7.23926793E-01  1.93937666E+00  1.02603326E-02
    7250  3.35971592E-01  3.27996391E-01 -7.40645639E-01  1.92069249E+00  7.91047001E-03
    7300  3.14524374E-01  3.10161769E-01 -7.67301833E-01  1.92903923E+00  1.18318428E-02
    7350  3.37336266E-01  3.25933374E-01 -7.75057330E-01  1.92796101E+00  1.78338734E-02
    7400  3.42892564E-01  3.47294397E-01 -7.44890292E-01  1.91942021E+00  1.04651527E-02
    7450  3.58908391E-01  3.25712570E-01 -7.57702338E-01  1.92290432E+00  1.10388154E-02
    7500  3.92654090E-01  3.15196734E-01 -7.34500807E-01  1.93280308E+00  1.51629778E-02
    7550  3.98591003E-01  3.10530510E-01 -7.49779926E-01  1.93145390E+00  8.81998078E-03
    7600  3.75725843E-01  3.30159848E-01 -7.52595616E-01  1.92772717E+00  1.38324211E-02
    7650  3.82523971E-01  3.21657249E-01 -7.41185221E-01  1.93404426E+00  5.05815087E-03
    7700  3.87300174E-01  3.14547322E-01 -7.61056362E-01  1.93432314E+00  7.05985015E-03
    7750  4.10461140E-01  3.44828741E-01 -7.46130785E-01  1.93856844E+00  7.54330390E-03
    7800  4.26993336E-01  3.51712494E-01 -7.46286189E-01  1.93554945E+00  2.98634722E-03
    7850  4.18902615E-01  3.76599703E-01 -7.58529452E-01  1.93962014E+00  8.08613179E-03
    7900  4.30443323E-01  3.69942306E-01 -7.54320790E-01  1.93881958E+00  1.01711897E-02
    7950  4.00304642E-01  3.47829779E-01 -7.56623787E-01  1.92617179E+00  9.17890783E-03
    8000  4.48131035E-01  3.58414554E-01 -7.62062449E-01  1.93903708E+00  1.18308970E-02
    8050  4.53507179E-01  3.86409502E-01 -7.73450138E-01  1.93583882E+00  8.47770779E-03
    8100  3.99962992E-01  4.08600531E-01 -7.91772577E-01  1.93199862E+00  9.94723926E-03
    8150  4.30648997E-01  4.02181090E-01 -7.87117141E-01  1.92697412E+00  1.20521616E-02
    8200  4.22092492E-01  3.83140550E-01 -7.79599387E-01  1.93726192E+00  1.19246907E-02
    8250  4.33488554E-01  3.97214373E-01 -7.94988300E-01  1.93667892E+00  1.17306895E-02
    8300  4.00348219E-01  4.17955605E-01 -7.94705426E-01  1.92774642E+00  1.07326265E-02
    8350  3.73663147E-01  4.23517003E-01 -7.56403374E-01  1.93686091E+00  9.04426334E-03
    8400  3.88203025E-01  4.16509983E-01 -7.63732719E-01  1.93051553E+00  1.09949426E-02
    8450  4.00246561E-01  4.20280131E-01 -7.50608286E-01  1.93756403E+00  1.48300033E-02
    8500  3.45175953E-01  4.32418422E-01 -7.41105014E-01  1.92344984E+00  2.03145251E-02
    8550  3.31016830E-01  4.07098782E-01 -7.47456104E-01  1.93735751E+00  7.92324591E-03
    8600  3.47712716E-01  4.06018844E-01 -7.48656096E-01  1.93488556E+00  1.00685029E-02
    8650  3.38080802E-01  3.98274451E-01 -7.34803498E-01  1.94891733E+00  1.46764176E-02
    8700  3.43910643E-01  4.07420678E-01 -7.46875685E-01  1.94142165E+00  8.78643019E-03
    8750  3.29757658E-01  3.83395049E-01 -7.34594365E-01  1.92982667E+00  9.65219207E-03
    8800  3.55047556E-01  4.19684968E-01 -7.57739532E-01  1.93713418E+00  9.57944050E-03
    8850  3.44958741E-01  4.23619950E-01 -7.72321339E-01  1.93793966E+00  4.22498695E-03
    8900  3.59402771E-01  4.44105782E-01 -7.55164319E-01  1.93628546E+00  1.44448512E-02
    8950  3.76315773E-01  4.51509874E-01 -7.53198645E-01  1.93297903E+00  6.82890321E-03
    9000  3.96316973E-01  4.68118985E-01 -7.78359906E-01  1.93726310E+00  1.48241240E-02
    9050  3.83363686E-01  4.42473888E-01 -8.00077838E-01  1.94125906E+00  1.06523439E-02
    9100  3.77220876E-01  4.43246100E-01 -7.66539272E-01  1.93582874E+00  1.42161179E-02
    9150  3.56679804E-01  4.34527069E-01 -7.62812636E-01  1.93252912E+00  1.05326713E-02
    9200  3.71028661E-01  4.49271111E-01 -7.74507955E-01  1.92972438E+00  1.33283235E-02
    9250  3.48973030E-01  4.18850538E-01 -7.74564268E-01  1.94055165E+00  1.59376737E-02
    9300  3.39006448E-01  4.09308829E-01 -7.40332133E-01  1.93718246E+00  1.42300120E-02
    9350  3.35585595E-01  3.88296474E-01 -7.48674134E-01  1.94248490E+00  8.96134419E-03
    9400  2.90967162E-01  3.93851704E-01 -7.40686103E-01  1.93453253E+00  7.96519359E-03
    9450  2.64589854E-01  4.18350538E-01 -7.57894273E-01  1.93313600E+00  9.27576447E-03
    9500  2.81706752E-01  4.47819299E-01 -7.53610950E-01  1.93644408E+00  1.00359161E-02
    9550  2.81589131E-01  4.27641010E-01 -7.44918713E-01  1.93139911E+00  7.99632563E-03
    9600  2.75744486E-01  4.50984373E-01 -7.38614532E-01  1.92893232E+00  1.28348529E-02
    9650  2.87163540E-01  4.56902244E-01 -7.25192392E-01  1.93606341E+00  4.20331094E-03
    9700  3.13263911E-01  4.32728951E-01 -6.98964076E-01  1.93325198E+00  5.67362340E-03
    9750  2.98162185E-01  4.31040442E-01 -7.00522716E-01  1.93385300E+00  1.23110990E-02
    9800  2.96715716E-01  4.50974476E-01 -6.86990298E-01  1.93530374E+00  9.85002639E-03
    9850  3.25372160E-01  4.43734908E-01 -6.73302745E-01  1.93094336E+00  1.12199254E-02
    9900  3.30267296E-01  4.40568563E-01 -6.80477410E-01  1.92798514E+00  1.38054630E-02
    9950  3.70818711E-01  4.50097663E-01 -6.76243123E-01  1.92742650E+00  1.59858847E-02
   10000  3.39912911E-01  4.43790961E-01 -6.70360003E-01  1.93094490E+00  1.59854573E-02
   10050  3.80699517E-01  4.53333672E-01 -6.76797033E-01  1.93480550E+00  1.11343505E-02
   10100  3.82197716E-01  4.97769495E-01 -6.71738850E-01  1.92506228E+00  7.14553526E-03
   10150  3.97681458E-01  5.03758982E-01 -6.44193095E-01  1.93500882E+00  9.06830879E-03
   10200  4.12428910E-01  4.95890541E-01 -6.71961604E-01  1.92764442E+00  6.89708857E-03
   10250  3.98095413E-01  4.88539510E-01 -6.61172649E-01  1.92431797E+00  1.20418873E-02
   10300  4.23044794E-01  5.25414381E-01 -6.74956812E-01  1.93804092E+00  4.81170256E-03
   10350  4.06938682E-01  5.51101904E-01 -6.36391357E-01  1.94478515E+00  4.67462605E-03
   10400  4.12240221E-01  5.68549402E-01 -6.23700756E-01  1.93975551E+00  1.15768995E-02
   10450  4.12973000E-01  5.66220601E-01 -6.10217405E-01  1.94271933E+00  4.04571324E-03
   10500  4.10289938E-01  5.71625438E-01 -5.78609945E-01  1.93850825E+00  1.35045355E-02
   10550  4.43803296E-01  5.52950780E-01 -5.63929503E-01  1.94237834E+00  1.69383600E-02
   10600  4.54430077E-01  5.45870950E-01 -5.79464210E-01  1.93946776E+00  1.26912745E-02
   10650  4.35611485E-01  5.53821057E-01 -5.74879788E-01  1.93524666E+00  9.41976938E-03
   10700  4.20038464E-01  5.76309009E-01 -5.84941387E-01  1.93627896E+00  9.13829115E-03
   10750  4.06971869E-01  5.77172711E-01 -6.11578545E-01  1.93238776E+00  1.69370147E-02
   10800  4.23853598E-01  5.81964994E-01 -6.13489313E-01  1.93629123E+00  1.89999697E-02
   10850  4.17613312E-01  5.93934280E-01 -6.04837511E-01  1.93608102E+00  9.97380342E-03
   10900  4.12398615E-01  5.75560123E-01 -6.12262748E-01  1.93444179E+00  2.68192088E-03
   10950  4.08244858E-01  5.86720044E-01 -6.05917796E-01  1.93171675E+00  4.39907207E-03
   11000  4.08947029E-01  5.59775312E-01 -5.76136886E-01  1.93252536E+00  2.88553393E-03
   11050  4.10249904E-01  5.62855908E-01 -6.14715907E-01  1.93212193E+00  5.76827319E-03
   11100  4.12392209E-01  5.58105222E-01 -6.41759372E-01  1.94008367E+00  1.23410904E-02
   11150  4.25636191E-01  5.35208266E-01 -6.48161129E-01  1.93576620E+00  7.02032873E-03
   11200  4.27858707E-01  5.44984136E-01 -6.43712343E-01  1.94109569E+00  1.68101696E-02
   11250  4.22557021E-01  5.73407493E-01 -6.49188138E-01  1.93815882E+00  1.08202526E-02
   11300  4.09449153E-01  5.70131111E-01 -6.40768475E-01  1.93192929E+00  1.10401579E-02
   11350  3.99797273E-01  5.89454430E-01 -6.52626832E-01  1.93415672E+00  1.28728164E-02
   11400  3.61050991E-01  5.98689459E-01 -6.41892719E-01  1.93312280E+00  1.72454578E-02
   11450  3.69854515E-01  5.93684032E-01 -6.26034422E-01  1.92739978E+00  1.50249662E-02
   11500  3.59007495E-01  5.70004642E-01 -5.95829698E-01  1.93170726E+00  1.82617583E-02
   11550  3.12509514E-01  5.73211399E-01 -6.11880512E-01  1.93936812E+00  1.76714329E-02
   11600  3.03729030E-01  5.97365039E-01 -6.07681202E-01  1.93641913E+00  1.71930042E-02
   11650  3.06983633E-01  6.12786236E-01 -5.94148999E-01  1.93405920E+00  1.08880255E-02
   11700  3.17862020E-01  6.17227708E-01 -5.96961075E-01  1.93886923E+00  1.59694665E-02
   11750  3.10759731E-01  6.02915375E-01 -5.87504398E-01  1.94518514E+00  1.18244927E-02
   11800  2.64358498E-01  5.89701734E-01 -5.78905677E-01  1.93884263E+00  5.20491255E-03
   11850  2.34328232E-01  5.92232958E-01 -5.86710244E-01  1.94030137E+00  6.13709493E-03
   11900  1.89004407E-01  5.85006902E-01 -6.00632207E-01  1.94043991E+00  1.37625695E-02
   11950  1.91245776E-01  5.74444972E-01 -5.89956552E-01  1.94121191E+00  9.31017963E-03
   12000  1.84599492E-01  5.73090249E-01 -5.82195479E-01  1.93036977E+00  9.60747195E-03
   12050  1.98034531E-01  6.05318030E-01 -5.63984933E-01  1.93948891E+00  3.32648270E-03
   12100  2.01668146E-01  5.70184856E-01 -5.56535658E-01  1.93741620E+00  2.21076487E-02
   12150  1.86263337E-01  5.81603230E-01 -5.69191576E-01  1.93691866E+00  1.81047101E-02
   12200  1.61672777E-01  6.04468714E-01 -5.55895819E-01  1.93371867E+00  1.47821076E-02
   12250  1.53294551E-01  6.56467944E-01 -5.87119174E-01  1.93522072E+00  1.39376729E-02
   12300  1.46590321E-01  6.54605532E-01 -5.72348038E-01  1.93716689E+00  8.49193585E-03
   12350  1.52688227E-01  6.47019342E-01 -6.09808778E-01  1.94264089E+00  1.11903679E-02
   12400  1.37673599E-01  6.50361024E-01 -5.82508990E-01  1.94503177E+00  1.00057683E-02
   12450  1.85207268E-01  6.54246350E-01 -5.59673990E-01  1.94154765E+00  9.05111084E-03
   12500  1.69937489E-01  6.59724061E-01 -5.79864569E-01  1.93872000E+00  1.05920636E-02
   12550  1.63145966E-01  6.51524863E-01 -5.82279964E-01  1.93622251E+00  9.88458978E-03
   12600  1.42303811E-01  6.54002940E-01 -6.31154446E-01  1.94601305E+00  7.02631500E-03
   12650  1.50372613E-01  6.31400499E-01 -6.60910757E-01  1.93133665E+00  6.44971519E-03
   12700  1.42510957E-01  6.35716010E-01 -6.59256528E-01  1.93536373E+00  1.28269240E-02
   12750  1.14092749E-01  6.43664537E-01 -6.63388124E-01  1.93633518E+00  8.53695964E-03
   12800  1.24757126E-01  6.53468529E-01 -6.74754906E-01  1.93995506E+00  6.96679266E-03
   12850  1.20228457E-01  6.73904684E-01 -6.60668478E-01  1.93770069E+00  6.93109697E-03
   12900  1.21040476E-01  6.75357009E-01 -6.44906564E-01  1.93718706E+00  1.19346029E-02
   12950  1.26946887E-01  6.86697406E-01 -6.58791077E-01  1.94102461E+00  8.81701186E-03
   13000  1.11579358E-01  6.86073817E-01 -6.78324002E-01  1.94456034E+00  1.35919267E-02
   13050  1.22276706E-01  6.83311419E-01 -6.69814432E-01  1.94544761E+00  1.22011921E-02
   13100  7.31398286E-02  6.79635383E-01 -6.59278723E-01  1.93807925E+00  8.06738706E-03
   13150  6.22155231E-02  6.63587832E-01 -6.62241864E-01  1.93417759E+00  1.14286390E-02
   13200  7.46585264E-02  6.77882329E-01 -6.65409606E-01  1.93700643E+00  9.37713998E-03
   13250  8.44805636E-02  7.17769792E-01 -7.10225661E-01  1.93863958E+00  1.29034198E-02
   13300  5.12606248E-02  7.34531681E-01 -7.04868808E-01  1.94460709E+00  7.69462632E-03
   13350  2.90964061E-02  7.11735046E-01 -7.15384149E-01  1.93982751E+00  1.53404284E-02
   13400  2.66902971E-02  6.76302022E-01 -7.14108745E-01  1.93688065E+00  1.80466114E-02
   13450  4.10123716E-02  6.65772918E-01 -7.13245119E-01  1.93129697E+00  1.15401253E-02
   13500  4.71093306E-02  6.70655717E-01 -7.39670979E-01  1.93599182E+00  1.52417235E-02
   13550  7.31115886E-02  6.92455776E-01 -7.23917206E-01  1.92875984E+00  1.54965222E-02
   13600  5.04200438E-02  6.82729494E-01 -7.28969265E-01  1.93231522E+00  8.36608075E-03
   13650  4.62990450E-02  7.14687429E-01 -7.20209243E-01  1.93076505E+00  1.83014461E-02
   13700  3.44946861E-02  7.28069014E-01 -7.19766459E-01  1.93017479E+00  1.89626994E-02
   13750  4.75685175E-02  7.01981798E-01 -7.44140700E-01  1.93482563E+00  2.15324273E-02
   13800  3.92689068E-02  7.03146466E-01 -7.53534401E-01  1.94064829E+00  1.11265075E-02
   13850  1.12244106E-02  7.02031965E-01 -7.84097398E-01  1.94793954E+00  9.86561741E-03
   13900  1.38820858E-02  7.04449859E-01 -7.79459778E-01  1.93806190E+00  1.24629955E-02
   13950  1.86942949E-02  6.82777011E-01 -8.02667874E-01  1.93390930E+00  8.62824526E-03
   14000 -3.59392027E-03  6.88287255E-01 -7.76680845E-01  1.93240173E+00  5.55172024E-03
   14050 -2.60128889E-03  6.77179002E-01 -8.04409073E-01  1.93190020E+00  1.39174221E-02
   14100  2.00994069E-03  6.92431920E-01 -8.15366047E-01  1.94414553E+00  1.13504955E-02
   14150  1.23533547E-02  6.86335756E-01 -8.21689608E-01  1.94146435E+00  3.90836702E-03
   14200  2.69153026E-02  6.84014283E-01 -8.24882471E-01  1.93333073E+00  1.72068428E-02
   14250  2.19481354E-02  6.83621370E-01 -8.43089622E-01  1.93249664E+00  1.62062653E-02
   14300  1.48492609E-02  6.59907417E-01 -8.26692988E-01  1.92835688E+00  1.74342173E-02
   14350  4.06463521E-02  6.44937836E-01 -8.41967642E-01  1.93946089E+00  9.32639790E-03
   14400  3.35827464E-02  6.43682376E-01 -8.16612753E-01  1.93724781E+00  5.21839414E-03
   14450  3.59806739E-02  6.64243318E-01 -8.03429176E-01  1.94033090E+00  8.32886001E-03
   14500  2.78289880E-02  6.55264913E-01 -7.96389437E-01  1.94100907E+00  4.91750233E-03
   14550  1.55280381E-03  6.38619423E-01 -8.00905905E-01  1.93958892E+00  6.60846860E-03
   14600  7.59619726E-03  6.08332066E-01 -8.23933380E-01  1.93149318E+00  8.74723490E-03
   14650  4.77215538E-03  5.79620600E-01 -8.25681138E-01  1.93992511E+00  1.52425744E-02
   14700  2.52715760E-02  6.19903685E-01 -7.98665894E-01  1.93723052E+00  1.25146888E-02
   14750  1.90947056E-02  6.20702494E-01 -8.04550996E-01  1.92854724E+00  1.17792919E-02
   14800  2.22722215E-02  6.05725923E-01 -8.00738948E-01  1.93638000E+00  1.27371634E-02
   14850  4.22786517E-02  6.22911965E-01 -8.11917471E-01  1.93255869E+00  1.34384518E-02
   14900  2.94165756E-02  6.46942070E-01 -8.05953353E-01  1.93863736E+00  7.66701229E-03
   14950  2.92201518E-02  6.75066072E-01 -8.15656771E-01  1.93955328E+00  1.81115027E-02
   15000  7.67574291E-02  6.82461006E-01 -8.07580128E-01  1.93035899E+00  1.17660778E-02
   15050  6.50296185E-02  6.62534100E-01 -7.95467637E-01  1.93493719E+00  1.38949658E-02
   15100  4.16576383E-02  6.61305615E-01 -8.01311519E-01  1.94247180E+00  4.14395911E-03
   15150  6.59919158E-02  6.69739564E-01 -8.05140002E-01  1.93605783E+00  9.04949701E-03
   15200  8.97885762E-02  6.72365517E-01 -7.85200699E-01  1.94027518E+00  7.55855227E-03
   15250  1.05950175E-01  6.95928387E-01 -7.75829223E-01  1.93885749E+00  1.07879728E-02
   15300  1.03423134E-01  7.04211228E-01 -7.92526051E-01  1.93438984E+00  3.97401749E-03
   15350  9.61148746E-02  7.02545836E-01 -7.94251690E-01  1.93233142E+00  1.43469836E-02
   15400  5.17915219E-02  7.05889874E-01 -7.85276481E-01  1.94132045E+00  1.59749315E-02
   15450  8.51838008E-02  7.15439501E-01 -7.91522292E-01  1.94568702E+00  1.07989613E-02
   15500  5.59663812E-02  7.07455720E-01 -7.75319106E-01  1.93403433E+00  1.35953807E-02
   15550  7.93160361E-02  7.03614654E-01 -8.14566620E-01  1.93212291E+00  7.20062590E-03
   15600  7.57357459E-02  6.78448311E-01 -8.04427198E-01  1.92810109E+00  1.16387709E-02
   15650  7.31287601E-02  6.92443701E-01 -7.88900841E-01  1.93782181E+00  6.32781022E-03
   15700  8.90585911E-02  7.09889474E-01 -7.87892187E-01  1.93947676E+00  1.24512385E-02
   15750  7.51851560E-02  6.97803555E-01 -7.58222934E-01  1.92764433E+00  2.09740770E-02
   15800  8.99426546E-02  7.05805009E-01 -7.85171207E-01  1.92832444E+00  1.83833525E-02
   15850  8.12153804E-02  6.59734386E-01 -8.04706932E-01  1.93145094E+00  8.97650215E-03
   15900  1.09957894E-01  6.49442375E-01 -8.18837025E-01  1.94038323E+00  6.50007270E-03
   15950  1.18100981E-01  6.40899561E-01 -8.07718474E-01  1.93417491E+00  1.20690831E-02
   16000  1.02915651E-01  6.00530356E-01 -8.18029520E-01  1.94271656E+00  1.44867593E-02
   16050  1.07855419E-01  5.99460336E-01 -8.14564365E-01  1.94612282E+00  7.46174342E-03
   16100  1.11010103E-01  5.87107800E-01 -8.03028294E-01  1.93892232E+00  8.38492965E-03
   16150  1.00991698E-01  5.69745503E-01 -7.95980952E-01  1.93229525E+00  1.27516004E-02
   16200  8.48328566E-02  5.62052328E-01 -7.95349552E-01  1.93546365E+00  5.53354344E-03
   16250  9.40278925E-02  5.71223685E-01 -8.22830899E-01  1.93864777E+00  3.93238371E-03
   16300  6.01776092E-02  5.50227394E-01 -8.40021143E-01  1.92868181E+00  1.05987904E-02
   16350  5.50402921E-02  5.31124257E-01 -8.54833814E-01  1.92904931E+00  1.15187992E-02
   16400  3.76438340E-02  5.25274580E-01 -8.39277627E-01  1.93136570E+00  6.56460631E-03
   16450  3.70502071E-02  5.22943699E-01 -8.58677007E-01  1.93800832E+00  5.93583953E-03
   16500  6.55800631E-02  5.39823191E-01 -8.61364487E-01  1.94386011E+00  1.02349487E-02
   16550  3.80734949E-02  5.23300396E-01 -8.51984882E-01  1.94194464E+00  1.33733999E-02
   16600  7.59603341E-02  5.25252021E-01 -8.39654470E-01  1.92962388E+00  9.63718943E-03
   16650  7.81315327E-02  5.20761510E-01 -8.52290395E-01  1.93798608E+00  5.03664718E-03
   16700  7.81978424E-02  5.21459256E-01 -8.51354408E-01  1.93993064E+00  1.44725339E-02
   16750  1.01352702E-01  5.16767926E-01 -8.52177277E-01  1.93511957E+00  1.00338008E-02
   16800  1.18375384E-01  5.57869508E-01 -8.61531425E-01  1.93148629E+00  1.16127418E-02
   16850  1.39194001E-01  6.10670657E-01 -8.65526813E-01  1.93444373E+00  1.35082990E-02
   16900  1.75699966E-01  6.43582182E-01 -8.96026316E-01  1.92808655E+00  2.41499350E-02
   16950  1.64431554E-01  6.83778387E-01 -9.16608807E-01  1.94127137E+00  1.24499855E-02
   17000  1.63905123E-01  6.94888103E-01 -9.14060968E-01  1.93275671E+00  1.42744246E-02
   17050  1.43831651E-01  7.23449436E-01 -8.98920743E-01  1.93373599E+00  1.68410312E-02
   17100  1.28627248E-01  7.24843641E-01 -8.85991717E-01  1.92995008E+00  2.11626756E-02
   17150  1.09112713E-01  7.16042624E-01 -8.88120831E-01  1.93341045E+00  2.31926858E-02
   17200  9.23315411E-02  6.91634299E-01 -9.07247161E-01  1.93296216E+00  1.57729627E-02
   17250  8.97724531E-02  7.16479590E-01 -8.81123145E-01  1.93092373E+00  1.23988092E-02
   17300  4.37286318E-02  7.53082267E-01 -8.59878808E-01  1.92883971E+00  1.24978780E-02
   17350  1.67925022E-02  7.51437894E-01 -8.61044811E-01  1.94274632E+00  1.34592467E-02
   17400  1.74451200E-02  7.05641853E-01 -9.06245642E-01  1.93809019E+00  1.18938090E-02
   17450  1.55606685E-02  6.82462902E-01 -8.98548967E-01  1.94415982E+00  1.71683266E-02
   17500 -2.24168639E-03  7.09134826E-01 -8.78008556E-01  1.94907122E+00  1.03549119E-02
   17550  1.38739402E-02  7.01712683E-01 -8.62927833E-01  1.94037687E+00  1.27178415E-02
   17600  2.50438240E-02  6.61980528E-01 -8.79586760E-01  1.93773812E+00  1.33825728E-02
   17650  1.02625095E-02  6.55361749E-01 -8.45538434E-01  1.93412761E+00  1.67163164E-02
   17700 -3.18313041E-02  6.21554426E-01 -8.40164151E-01  1.93581587E+00  7.71524451E-03
   17750 -3.79078580E-02  6.18613074E-01 -8.62297136E-01  1.93413314E+00  5.19201993E-03
   17800 -4.42489879E-02  6.36532847E-01 -8.68512060E-01  1.93687858E+00  9.29032021E-03
   17850 -5.33024036E-02  6.32988697E-01 -9.04999479E-01  1.93322210E+00  7.12676068E-03
   17900 -5.12040144E-02  6.23302703E-01 -9.27617635E-01  1.93757261E+00  1.13072711E-02
   17950 -3.18762039E-02  5.99612826E-01 -9.44543408E-01  1.93817202E+00  7.38919570E-03
   18000 -5.23044754E-02  5.85359683E-01 -9.44144848E-01  1.93406677E+00  1.43653437E-02
   18050 -5.70842677E-02  6.08417988E-01 -9.59383577E-01  1.93536623E+00  1.27295129E-02
   18100 -4.78205662E-02  5.99945346E-01 -9.68553685E-01  1.93351608E+00  3.13047823E-03
   18150 -9.60693664E-02  6.15391623E-01 -9.64025571E-01  1.93904919E+00  2.98250579E-03
   18200 -5.08980268E-02  6.34512352E-01 -9.68699229E-01  1.93400624E+00  2.95113327E-03
   18250 -5.78732004E-02  6.52230236E-01 -9.79682675E-01  1.93933318E+00  1.18272995E-02
   18300 -3.71848640E-02  6.56062996E-01 -9.91576132E-01  1.93928041E+00  9.39496924E-03
   18350 -2.49374823E-02  6.44482691E-01 -9.80858222E-01  1.92578834E+00  1.12484397E-02
   18400 -5.01541864E-02  6.63107898E-01 -9.74976335E-01  1.93523252E+00  1.23383319E-02
   18450 -8.52921133E-02  6.63074393E-01 -9.70104110E-01  1.94021200E+00  1.54836715E-02
   18500 -7.25910236E-02  6.77670004E-01 -9.70153087E-01  1.94974442E+00  6.53201246E-03
   18550 -9.00827173E-02  6.55493007E-01 -9.67978757E-01  1.93876049E+00  1.59886855E-02
   18600 -1.08332506E-01  6.08668231E-01 -9.80686634E-01  1.94019434E+00  1.67226497E-02
   18650 -1.09358951E-01  6.15766726E-01 -9.80184989E-01  1.93866684E+00  1.06730750E-02
   18700 -8.80176117E-02  6.42558393E-01 -1.00419805E+00  1.94508730E+00  1.34278696E-02
   18750 -6.00068544E-02  6.74030081E-01 -9.95729083E-01  1.93682836E+00  9.64294783E-03
   18800 -4.58560862E-02  6.87332113E-01 -1.02009816E+00  1.94436709E+00  1.17208315E-02
   18850 -3.25463414E-02  6.89747774E-01 -1.02552258E+00  1.94358407E+00  1.08874962E-02
   18900 -3.77663789E-02  6.84020358E-01 -1.00762734E+00  1.93819955E+00  1.60265383E-02
   18950 -5.81307681E-02  6.78436241E-01 -1.01061275E+00  1.92985014E+00  1.24686905E-02
   19000 -3.85427429E-02  6.84866404E-01 -1.00015208E+00  1.93625388E+00  1.01745657E-02
   19050 -6.59677647E-02  6.80533384E-01 -1.00527771E+00  1.93254821E+00  8.98300095E-03
   19100 -9.90048986E-02  6.30117289E-01 -9.93726589E-01  1.93776047E+00  1.03646147E-02
   19150 -8.13346240E-02  6.20731988E-01 -1.02069881E+00  1.93754425E+00  1.37340938E-02
   19200 -7.19701207E-02  6.41875733E-01 -1.03437058E+00  1.94342097E+00  1.44012859E-02
   19250 -1.00485630E-01  6.63752856E-01 -1.03701921E+00  1.94648462E+00  1.38678874E-02
   19300 -6.37878923E-02  6.87189830E-01 -1.03987918E+00  1.93507649E+00  9.41461990E-03
   19350 -6.82229443E-02  6.92507653E-01 -1.06254042E+00  1.93752602E+00  1.28834450E-02
   19400 -6.54609147E-02  6.72038845E-01 -1.08124138E+00  1.93129826E+00  1.18462239E-02
   19450 -4.41129025E-02  6.69085975E-01 -1.07990835E+00  1.93001604E+00  8.35147530E-03
   19500 -4.16641464E-02  6.67220575E-01 -1.07669409E+00  1.93892923E+00  5.19522137E-03
   19550 -1.22804214E-02  6.30724899E-01 -1.05286520E+00  1.93434319E+00  5.24778369E-03
   19600 -3.77005069E-02  6.34755753E-01 -1.05037649E+00  1.93910840E+00  1.27785168E-02
   19650 -4.29095716E-02  6.22574693E-01 -1.02782093E+00  1.93825567E+00  1.18558879E-02
   19700 -6.90344222E-02  6.13865261E-01 -1.05408580E+00  1.93562273E+00  7.29052407E-03
   19750 -5.99193504E-02  6.05136682E-01 -1.07921173E+00  1.93625405E+00  1.32298740E-02
   19800 -7.10392874E-02  6.11520611E-01 -1.08838819E+00  1.93640834E+00  1.41699339E-02
   19850 -6.76471523E-02  5.89314187E-01 -1.09644833E+00  1.94028206E+00  5.43754305E-03
   19900 -7.49891811E-02  6.17854738E-01 -1.09125564E+00  1.93964224E+00  6.53829327E-03
   19950 -9.43987530E-02  5.98567268E-01 -1.09427109E+00  1.93844115E+00  1.16405099E-02
   20000 -8.83303403E-02  5.83239114E-01 -1.09040557E+00  1.93792369E+00  7.06578114E-03
   20050 -6.78161636E-02  5.72039441E-01 -1.10306363E+00  1.92892797E+00  7.13186154E-03
   20100 -3.95831736E-02  5.78756958E-01 -1.11294908E+00  1.93647521E+00  7.71494108E-03
   20150 -6.67610942E-02  5.97751016E-01 -1.13955920E+00  1.93374915E+00  7.08185531E-03
   20200 -5.85154394E-02  6.04990535E-01 -1.12779340E+00  1.92296007E+00  9.45231049E-03
   20250 -7.24505382E-02  6.31646872E-01 -1.13013186E+00  1.92515568E+00  5.97139297E-03
   20300 -1.11718651E-01  6.17392610E-01 -1.10550825E+00  1.93281486E+00  1.19783050E-02
   20350 -1.16491163E-01  6.06870119E-01 -1.09910583E+00  1.93768025E+00  1.40384408E-02
   20400 -1.24383753E-01  5.98392788E-01 -1.12015813E+00  1.93649817E+00  9.48077206E-03
   20450 -8.57162369E-02  6.01286340E-01 -1.13051457E+00  1.93174375E+00  7.57822144E-03
   20500 -6.75728206E-02  5.94301416E-01 -1.13490363E+00  1.93507652E+00  1.04578358E-02
   20550 -5.30817755E-02  5.95868116E-01 -1.13031702E+00  1.93053477E+00  1.64918825E-02
   20600 -1.47173737E-02  6.08905672E-01 -1.16482718E+00  1.93325115E+00  8.42371500E-03
   20650 -2.35043303E-02  5.88668930E-01 -1.17638407E+00  1.93902398E+00  1.32497826E-02
   20700 -6.19067233E-03  5.34286461E-01 -1.17149562E+00  1.92870342E+00  1.72903031E-02
   20750 -2.49638017E-02  5.29727117E-01 -1.14331221E+00  1.93243191E+00  1.92860719E-02
   20800 -3.35791637E-02  5.27267880E-01 -1.15928639E+00  1.93589358E+00  1.27411895E-02
   20850 -5.29512039E-02  5.11072995E-01 -1.15243725E+00  1.93167387E+00  1.65161924E-02
   20900 -3.31567235E-02  5.23128579E-01 -1.16299013E+00  1.93557314E+00  1.60019960E-02
   20950 -1.08831250E-02  5.04457522E-01 -1.17393356E+00  1.93670285E+00  1.41728873E-02
   21000 -2.07536141E-02  5.18192058E-01 -1.16740081E+00  1.93544545E+00  1.02409416E-02
   21050 -4.01726151E-02  5.46232051E-01 -1.15194206E+00  1.93325967E+00  1.03695824E-02
   21100 -5.41443996E-02  5.34985117E-01 -1.14877562E+00  1.93915702E+00  1.60705854E-02
   21150 -3.44380431E-02  5.53613667E-01 -1.14937513E+00  1.95669581E+00  1.14849106E-02
   21200 -1.72718775E-02  5.63054743E-01 -1.13583365E+00  1.94774954E+00  5.49992937E-03
   21250 -1.75928779E-02  5.29772799E-01 -1.10197385E+00  1.95093862E+00  5.66262368E-03
   21300 -6.05222877E-02  5.45179810E-01 -1.05867493E+00  1.94034316E+00  8.42082561E-03
   21350 -7.82569940E-02  5.50300781E-01 -1.07231507E+00  1.94683416E+00  1.09412152E-02
   21400 -3.84866751E-02  5.38151666E-01 -1.07109919E+00  1.93277738E+00  1.89796508E-02
   21450 -4.46516506E-02  5.51306331E-01 -1.07034716E+00  1.94090288E+00  1.14283907E-02
   21500 -2.51022253E-02  5.53375723E-01 -1.05727303E+00  1.93304500E+00  1.15619597E-02
   21550 -2.82192811E-02  5.65035806E-01 -1.06263457E+00  1.93628004E+00  9.47107941E-03
   21600 -2.51414769E-02  5.84128576E-01 -1.03107507E+00  1.93382406E+00  1.39634767E-02
   21650 -4.87472109E-02  5.54858574E-01 -1.03992473E+00  1.94051137E+00  1.91890909E-02
   21700 -4.41869425E-02  5.71183886E-01 -1.02822424E+00  1.93371844E+00  1.03900829E-02
   21750 -3.41636734E-02  5.28537653E-01 -1.06135030E+00  1.93542551E+00  9.36459743E-03
   21800 -3.30660140E-02  5.20135003E-01 -1.08265298E+00  1.92859514E+00  1.23802900E-02
   21850 -3.93745140E-02  5.51690641E-01 -1.06287108E+00  1.93389105E+00  1.24499291E-02
   21900 -5.10394274E-02  5.45120177E-01 -1.06435379E+00  1.92794903E+00  5.45568229E-03
   21950 -8.87707280E-02  5.41007350E-01 -1.04338512E+00  1.93426697E+00  1.01515077E-02
   22000 -8.88037612E-02  5.58181806E-01 -1.03734059E+00  1.92937586E+00  7.54930362E-03
   22050 -1.25257829E-01  5.69631072E-01 -1.04485520E+00  1.92706084E+00  1.08196467E-02
   22100 -1.05514576E-01  5.43323407E-01 -1.03183518E+00  1.92399301E+00  6.15101980E-03
   22150 -1.16893043E-01  5.37907135E-01 -1.00014876E+00  1.93167282E+00  1.86117608E-02
   22200 -8.22419088E-02  5.28444042E-01 -1.00796574E+00  1.93123386E+00  1.29953038E-02
   22250 -1.18741855E-01  5.32132837E-01 -9.95564345E-01  1.93547315E+00  6.12333082E-03
   22300 -1.13260848E-01  5.22886458E-01 -9.92891848E-01  1.93638151E+00  9.20467572E-03
   22350 -1.18885704E-01  5.14543144E-01 -1.01245053E+00  1.93204135E+00  8.69361825E-03
   22400 -1.19807044E-01  5.14801127E-01 -1.01027391E+00  1.93328468E+00  1.05598680E-02
   22450 -1.10941208E-01  5.07700702E-01 -1.02781339E+00  1.93585625E+00  1.89950435E-02
   22500 -1.05063832E-01  5.60221030E-01 -1.01987723E+00  1.94183932E+00  9.98668647E-03
   22550 -1.38902372E-01  5.64050352E-01 -1.00881109E+00  1.94484277E+00  9.67944903E-03
   22600 -1.30898864E-01  5.70805473E-01 -9.86303201E-01  1.93668879E+00  1.21241993E-02
   22650 -1.25625693E-01  5.62826628E-01 -9.58138874E-01  1.92849736E+00  1.80159477E-02
   22700 -1.30138027E-01  5.59267258E-01 -9.79924617E-01  1.93609463E+00  1.16449629E-02
   22750 -1.38959626E-01  5.63678000E-01 -9.35221127E-01  1.93027717E+00  1.43169391E-02
   22800 -1.53311333E-01  5.45657113E-01 -9.63095035E-01  1.93854741E+00  1.01533348E-02
   22850 -1.54888781E-01  5.67158157E-01 -9.65662604E-01  1.93099331E+00  7.88483420E-03
   22900 -1.28616024E-01  5.89857355E-01 -9.77396119E-01  1.93473499E+00  1.21956888E-02
   22950 -1.23361307E-01  5.78811039E-01 -9.65836905E-01  1.94435155E+00  6.14702305E-03
   23000 -1.56991474E-01  5.54977722E-01 -9.96105490E-01  1.93802642E+00  1.65633937E-02
   23050 -1.40954163E-01  5.59120207E-01 -1.03541490E+00  1.94751436E+00  1.06922517E-02
   23100 -1.01175113E-01  5.51449888E-01 -1.03599631E+00  1.95120147E+00  5.03116235E-03
   23150 -1.21031211E-01  5.24801129E-01 -1.00745203E+00  1.94530883E+00  9.14577551E-03
   23200 -1.26437697E-01  5.38091979E-01 -1.02257251E+00  1.93491302E+00  1.56994607E-02
   23250 -1.37717891E-01  5.38440556E-01 -1.01138913E+00  1.92319986E+00  1.41324793E-02
   23300 -1.09818719E-01  5.34621258E-01 -1.03171244E+00  1.94342356E+00  9.42463043E-03
   23350 -9.49527944E-02  5.17328603E-01 -1.03850406E+00  1.93274642E+00  1.36626253E-02
   23400 -1.00407676E-01  4.90037677E-01 -1.04761323E+00  1.93669175E+00  1.36816197E-02
   23450 -9.53072720E-02  4.45880999E-01 -1.06408831E+00  1.93793464E+00  1.31400262E-02
   23500 -8.42441221E-02  4.54394359E-01 -1.06658566E+00  1.93311493E+00  8.28421014E-03
   23550 -9.34779187E-02  4.62838966E-01 -1.04491293E+00  1.92492770E+00  9.76831250E-03
   23600 -9.31882406E-02  4.50408472E-01 -1.05937965E+00  1.93725978E+00  8.78230019E-03
   23650 -9.65892970E-02  4.23142114E-01 -1.08280132E+00  1.94583808E+00  8.78994187E-03
   23700 -1.13411109E-01  4.05766543E-01 -1.07929209E+00  1.93674754E+00  1.10279913E-02
   23750 -1.05208935E-01  3.62937239E-01 -1.08483243E+00  1.93109151E+00  8.79201277E-03
   23800 -1.01456279E-01  3.86045799E-01 -1.09255826E+00  1.94243670E+00  1.01758955E-02
   23850 -1.10469492E-01  3.90366463E-01 -1.10037351E+00  1.94801492E+00  7.31356942E-03
   23900 -1.04388781E-01  4.03561612E-01 -1.11063320E+00  1.93561540E+00  8.44155278E-03
   23950 -6.37446645E-02  3.81767692E-01 -1.10949958E+00  1.93559035E+00  9.22063867E-03
   24000 -5.99971626E-02  4.13615770E-01 -1.09620388E+00  1.93301808E+00  1.55064762E-02
   24050 -7.57869680E-02  4.51614442E-01 -1.10101247E+00  1.93869806E+00  9.59409514E-03
   24100 -9.77892522E-02  4.46244616E-01 -1.08320929E+00  1.93559066E+00  7.90056051E-03
   24150 -6.92581807E-02  4.43470393E-01 -1.11708287E+00  1.93466135E+00  1.47777420E-02
   24200 -9.36419758E-02  4.38774744E-01 -1.09974459E+00  1.94732301E+00  9.67406204E-03
   24250 -9.71524160E-02  4.14582310E-01 -1.10236074E+00  1.93870003E+00  8.60209055E-03
   24300 -9.02058035E-02  4.32742802E-01 -1.08070403E+00  1.93782226E+00  1.01880842E-02
   24350 -1.11934178E-01  4.22295480E-01 -1.07067567E+00  1.93838281E+00  1.21817397E-02
   24400 -1.03863118E-01  4.30133280E-01 -1.07947310E+00  1.93678193E+00  6.46809290E-03
   24450 -1.07442429E-01  4.11772052E-01 -1.07657495E+00  1.93527882E+00  5.32147062E-03
   24500 -1.42930709E-01  3.75957290E-01 -1.08705753E+00  1.93474923E+00  7.15245482E-03
   24550 -1.25788169E-01  3.79903054E-01 -1.08912121E+00  1.93834880E+00  4.35389191E-03
   24600 -1.29557676E-01  3.66361228E-01 -1.08380745E+00  1.93659070E+00  1.46940501E-02
   24650 -1.34807528E-01  3.96078949E-01 -1.08911456E+00  1.94120012E+00  8.40364155E-03
   24700 -1.70432937E-01  3.91340700E-01 -1.08242794E+00  1.94939887E+00  5.73184822E-03
   24750 -1.63112855E-01  3.91633589E-01 -1.09526587E+00  1.93022911E+00  1.44049324E-02
   24800 -1.74135947E-01  3.98096151E-01 -1.09476378E+00  1.93987114E+00  1.02698211E-02
   24850 -1.52244500E-01  3.82506504E-01 -1.08585553E+00  1.93798329E+00  6.92292557E-03
   24900 -1.68234951E-01  4.15547619E-01 -1.07004654E+00  1.92959141E+00  1.34921137E-02
   24950 -1.81623579E-01  4.39831508E-01 -1.04561770E+00  1.92334450E+00  2.18257030E-02
   25000 -1.69301474E-01  3.74691743E-01 -1.04788641E+00  1.92816810E+00  1.03292702E-02
   25050 -2.02662418E-01  3.64282944E-01 -1.04293165E+00  1.92893941E+00  2.23751309E-03
   25100 -2.46166807E-01  3.78988039E-01 -1.02065299E+00  1.93045066E+00  7.24785580E-03
   25150 -2.58447070E-01  3.89090385E-01 -1.01196473E+00  1.93985138E+00  7.40117869E-03
   25200 -2.70617509E-01  3.81964907E-01 -1.02362603E+00  1.93626991E+00  7.59915313E-03
   25250 -3.07894422E-01  3.58248786E-01 -1.02888396E+00  1.93652501E+00  3.55844943E-03
   25300 -2.81634827E-01  3.37558783E-01 -1.03475784E+00  1.93511150E+00  1.16244355E-02
   25350 -2.73246208E-01  3.28646974E-01 -1.00791319E+00  1.93639985E+00  1.60548110E-02
   25400 -2.86260633E-01  3.24305350E-01 -1.02075878E+00  1.94592766E+00  2.27532265E-03
   25450 -2.67629401E-01  3.08218404E-01 -1.02698034E+00  1.93769553E+00  9.35623796E-03
   25500 -2.82402411E-01  3.00932705E-01 -1.00680968E+00  1.93647121E+00  9.14568743E-03
   25550 -2.64983978E-01  3.04150383E-01 -9.86008197E-01  1.93675022E+00  1.49167210E-02
   25600 -2.93034085E-01  2.84957619E-01 -1.01337634E+00  1.94401175E+00  8.29788642E-03
   25650 -2.90055232E-01  3.07905396E-01 -1.00889725E+00  1.93932972E+00  5.46243216E-03
   25700 -2.59777286E-01  3.19890614E-01 -9.96039645E-01  1.93145434E+00  1.19858692E-02
   25750 -2.32052776E-01  3.37393463E-01 -1.00254924E+00  1.93833267E+00  9.97849881E-03
   25800 -2.39130906E-01  3.30952361E-01 -9.85887417E-01  1.94368495E+00  7.03876877E-03
   25850 -2.50688667E-01  3.48414194E-01 -9.96628146E-01  1.94175609E+00  9.79114696E-03
   25900 -2.87710937E-01  3.75383278E-01 -9.62275356E-01  1.93844279E+00  1.32189173E-02
   25950 -2.61214245E-01  3.67237844E-01 -9.60250020E-01  1.93725030E+00  7.88833436E-03
   26000 -2.61892840E-01  4.28757164E-01 -9.73390137E-01  1.93196620E+00  8.86808784E-03
   26050 -2.48533225E-01  3.94607846E-01 -9.93591126E-01  1.94216554E+00  1.08340373E-02
   26100 -2.61430387E-01  4.02537707E-01 -9.63120922E-01  1.94510394E+00  5.21482084E-03
   26150 -2.31044662E-01  4.03855287E-01 -9.71065204E-01  1.94864868E+00  9.09121208E-03
   26200 -2.33638868E-01  4.17094233E-01 -9.74794457E-01  1.94200148E+00  1.16429827E-02
   26250 -2.14497747E-01  3.96147953E-01 -9.65099333E-01  1.92861466E+00  1.73557942E-03
   26300 -2.27948812E-01  3.61073564E-01 -9.86774476E-01  1.94167096E+00  1.09745475E-02
   26350 -2.47115251E-01  3.18662106E-01 -9.86727343E-01  1.94108731E+00  1.08251542E-02
   26400 -2.57820308E-01  3.29469145E-01 -9.96729028E-01  1.93194419E+00  9.94358824E-03
   26450 -2.60229899E-01  3.06353264E-01 -9.98018692E-01  1.93666049E+00  4.97494140E-03
   26500 -2.58630936E-01  3.20486689E-01 -1.00070745E+00  1.93853747E+00  1.31350550E-02
   26550 -2.48946063E-01  3.60406782E-01 -9.86831620E-01  1.93362129E+00  1.12230853E-02
   26600 -2.51282263E-01  3.75161809E-01 -9.86623159E-01  1.93555741E+00  1.62940143E-02
   26650 -2.57780100E-01  3.37132648E-01 -9.65894537E-01  1.93782303E+00  9.58367720E-03
   26700 -2.26990284E-01  3.29494867E-01 -9.77955374E-01  1.93492463E+00  6.10220889E-03
   26750 -2.06874226E-01  2.83094270E-01 -9.87292043E-01  1.94205411E+00  1.08995118E-02
   26800 -2.15804496E-01  2.98614950E-01 -9.79136800E-01  1.94325422E+00  8.21727936E-03
   26850 -2.07084489E-01  3.42410173E-01 -9.67346867E-01  1.93767304E+00  9.20836529E-03
   26900 -2.20489823E-01  3.51116736E-01 -9.48168325E-01  1.94163491E+00  7.85887888E-03
   26950 -2.06327400E-01  3.59633468E-01 -9.37255454E-01  1.93867168E+00  2.68834231E-03
   27000 -1.85506976E-01  3.39355139E-01 -9.28119016E-01  1.94750884E+00  1.95668967E-02
   27050 -1.70543789E-01  3.42766268E-01 -9.05891174E-01  1.93319862E+00  1.71292925E-02
   27100 -1.93772027E-01  3.21529783E-01 -9.07862419E-01  1.93790790E+00  1.31148071E-02
   27150 -1.59533564E-01  3.44104029E-01 -9.35663734E-01  1.94639927E+00  1.46602817E-02
   27200 -1.76007573E-01  3.29528712E-01 -9.52935250E-01  1.94507045E+00  1.34080840E-02
   27250 -1.84749074E-01  3.27482348E-01 -9.36015520E-01  1.94410802E+00  1.16399994E-02
   27300 -1.97205559E-01  2.99322713E-01 -9.13324316E-01  1.94208543E+00  1.66998911E-02
   27350 -1.75035862E-01  2.57146712E-01 -9.54146054E-01  1.94062651E+00  6.97566380E-03
   27400 -1.59777886E-01  2.29023729E-01 -9.64289323E-01  1.93639801E+00  5.37444420E-03
   27450 -1.67423424E-01  2.39346540E-01 -9.59688564E-01  1.92913642E+00  6.94058583E-03
   27500 -1.43406053E-01  2.61575779E-01 -9.70220305E-01  1.93088409E+00  1.21065818E-02
   27550 -1.35887286E-01  2.52001948E-01 -9.77351244E-01  1.93632033E+00  1.35533714E-02
   27600 -1.46660361E-01  2.66569237E-01 -9.65344183E-01  1.92842059E+00  1.21585100E-02
   27650 -1.15257550E-01  2.60339482E-01 -9.70296491E-01  1.93058125E+00  1.08691514E-02
   27700 -9.19200748E-02  2.45011211E-01 -9.72698424E-01  1.92794462E+00  1.20047045E-02
   27750 -5.42795539E-02  2.92013424E-01 -9.92042390E-01  1.93551748E+00  1.12833381E-02
   27800 -4.65345019E-02  2.96005771E-01 -9.76801646E-01  1.92847722E+00  1.23742209E-02
   27850 -7.32563090E-02  2.80037728E-01 -1.01372306E+00  1.93298364E+00  5.34980237E-03
   27900 -4.42522416E-02  2.58967197E-01 -1.02039755E+00  1.93522871E+00  1.18301938E-02
   27950 -4.20422230E-02  2.69429558E-01 -1.03072968E+00  1.93657459E+00  8.17126900E-03
   28000 -1.96383975E-02  3.07667339E-01 -1.06182985E+00  1.93544166E+00  7.51456049E-03
   28050 -4.22642166E-02  3.18964300E-01 -1.05609578E+00  1.94675389E+00  1.18993341E-02
   28100 -4.21386418E-02  3.22836554E-01 -1.01928008E+00  1.93473350E+00  8.09655435E-03
   28150 -5.07786934E-02  3.38906126E-01 -1.01470650E+00  1.93555050E+00  1.48189858E-02
   28200 -4.68126846E-02  3.49779182E-01 -1.00663817E+00  1.93916306E+00  1.66191545E-02
   28250 -2.00785533E-03  3.20498486E-01 -1.00879501E+00  1.95220057E+00  1.39052706E-02
   28300 -1.53798615E-02  3.42728021E-01 -9.95247052E-01  1.94834126E+00  1.21867693E-02
   28350 -5.04730006E-02  3.22423984E-01 -1.00363209E+00  1.94612506E+00  9.97853504E-03
   28400 -5.33644826E-02  3.62877270E-01 -9.97498861E-01  1.94054069E+00  1.55519901E-02
   28450 -3.93108167E-02  3.66773135E-01 -9.98638320E-01  1.93660445E+00  1.01485212E-02
   28500 -5.24728276E-02  3.75593207E-01 -9.90482607E-01  1.93390761E+00  1.05056240E-02
   28550 -4.32214138E-02  3.66491129E-01 -1.00756249E+00  1.94255721E+00  9.78219998E-03
   28600 -3.82955149E-02  3.49575354E-01 -9.93432388E-01  1.93219640E+00  6.31452674E-03
   28650 -2.75305256E-02  3.71883945E-01 -9.89674239E-01  1.95046382E+00  4.60655158E-03
   28700 -1.01855645E-02  3.56059669E-01 -9.87856761E-01  1.94239047E+00  1.15052956E-02
   28750 -1.62264965E-02  3.40919093E-01 -9.93154222E-01  1.94224502E+00  1.33197920E-02
   28800 -1.20677459E-02  3.58281888E-01 -9.89449681E-01  1.93861153E+00  1.71339585E-02
   28850 -1.26251966E-02  3.56643894E-01 -9.86822282E-01  1.92716293E+00  1.21332861E-02
   28900 -5.82202239E-03  3.71993232E-01 -9.60587234E-01  1.93836840E+00  1.14592200E-02
   28950 -8.55322403E-03  3.59956579E-01 -9.49493149E-01  1.94283641E+00  1.06633704E-02
   29000 -2.81168805E-02  3.26799069E-01 -9.48882451E-01  1.94340056E+00  1.08397602E-02
   29050 -3.47463393E-02  3.49682787E-01 -9.69400090E-01  1.93888989E+00  1.36321455E-02
   29100 -3.92021634E-02  3.74081258E-01 -9.96948838E-01  1.94070524E+00  9.97335115E-03
   29150 -2.33339994E-02  3.98416818E-01 -9.97586514E-01  1.92995483E+00  1.31275513E-02
   29200 -4.33872486E-02  3.79710118E-01 -1.00003058E+00  1.92633639E+00  9.76565503E-03
   29250 -8.69314851E-02  4.11252478E-01 -1.00545689E+00  1.92685342E+00  1.21019907E-02
   29300 -9.75754119E-02  3.85696073E-01 -9.82515711E-01  1.93273160E+00  1.48061147E-02
   29350 -9.09307010E-02  3.88055082E-01 -9.82736154E-01  1.93024393E+00  9.43583042E-03
   29400 -6.71781395E-02  3.85882621E-01 -1.00664746E+00  1.93418816E+00  1.00182086E-02
   29450 -2.92522492E-02  3.98164989E-01 -9.99650819E-01  1.92780509E+00  6.47258121E-03
   29500 -4.82151650E-02  3.79589427E-01 -1.01356409E+00  1.93526290E+00  1.12389717E-02
   29550 -3.47587066E-02  3.64132631E-01 -1.02129842E+00  1.93692649E+00  1.05538818E-02
   29600 -3.54041355E-02  3.50211244E-01 -9.95224577E-01  1.93417059E+00  5.70267029E-03
   29650 -2.79716516E-02  3.67867274E-01 -9.89450674E-01  1.93200105E+00  1.55536523E-02
   29700 -1.88994925E-02  3.57772947E-01 -9.90688015E-01  1.93908254E+00  1.41933249E-02
   29750 -2.77514510E-02  3.80305620E-01 -9.90864059E-01  1.93619735E+00  1.28468083E-02
   29800 -4.79320118E-02  4.19755192E-01 -9.67494590E-01  1.94048523E+00  1.16867318E-02
   29850 -4.00464912E-02  4.18121928E-01 -9.76233034E-01  1.95532607E+00  5.12272778E-03
   29900 -5.05017282E-02  4.14595825E-01 -9.56294448E-01  1.94858980E+00  7.42433065E-03
   29950 -5.46763400E-02  4.15647018E-01 -9.47454377E-01  1.94276841E+00  9.75427954E-03
   30000 -6.61815409E-02  4.10275097E-01 -9.65517007E-01  1.94235798E+00  6.82003123E-03
   30050 -6.43361568E-02  3.80438808E-01 -9.61570927E-01  1.94156620E+00  1.35597996E-02
   30100 -1.05235255E-01  4.07784491E-01 -9.47507980E-01  1.94440776E+00  5.47701885E-03
   30150 -6.85427340E-02  4.19181370E-01 -9.37382719E-01  1.93343806E+00  2.94456935E-03
   30200 -1.06329771E-01  4.05057580E-01 -9.17399853E-01  1.93478990E+00  8.15488816E-03
   30250 -1.26934482E-01  4.01690832E-01 -9.06408145E-01  1.93004581E+00  8.31000460E-03
   30300 -8.40477868E-02  4.60355497E-01 -9.15238023E-01  1.93453176E+00  1.19751045E-02
   30350 -7.52744675E-02  4.37083736E-01 -9.03881113E-01  1.93643557E+00  1.44402718E-02
   30400 -7.59242181E-02  4.13445644E-01 -8.83888294E-01  1.93490263E+00  1.23988139E-02
   30450 -4.31556909E-02  4.44008993E-01 -8.75947928E-01  1.92670608E+00  6.71298142E-03
   30500 -1.24450582E-02  4.44459377E-01 -8.97677741E-01  1.93185441E+00  1.04497988E-02
   30550  2.04229418E-02  4.80937334E-01 -9.22744941E-01  1.93682887E+00  7.48803223E-03
   30600 -3.99521035E-03  4.82383845E-01 -8.98332742E-01  1.92905869E+00  1.15324671E-02
   30650  1.78176205E-02  4.66967584E-01 -9.10530328E-01  1.93448781E+00  1.49253046E-02
   30700  5.52534456E-02  5.01757095E-01 -9.13846134E-01  1.93269547E+00  1.55959954E-02
   30750  4.95984322E-02  4.87056366E-01 -9.24699921E-01  1.93224247E+00  1.47665288E-02
   30800  5.25046269E-02  5.10986248E-01 -9.26334350E-01  1.93445339E+00  1.45324754E-02
   30850  2.24565759E-02  5.20199977E-01 -9.26743839E-01  1.93659845E+00  1.04006174E-02
   30900  2.34009338E-02  5.19345087E-01 -9.54082872E-01  1.93240539E+00  1.15103632E-02
   30950 -5.79675195E-03  5.11975501E-01 -9.49153587E-01  1.93645752E+00  1.25751080E-02
   31000 -4.23012479E-03  5.10859958E-01 -9.08730133E-01  1.93687698E+00  9.58140533E-03
   31050  1.22558968E-02  5.06918059E-01 -9.12973708E-01  1.93713754E+00  4.69431284E-03
   31100  4.08095231E-02  4.95511054E-01 -9.32474828E-01  1.94495542E+00  5.23889842E-03
   31150  5.55810158E-03  4.84070557E-01 -9.23260673E-01  1.94402729E+00  8.53753438E-03
   31200  2.08746941E-02  4.58916133E-01 -9.16245342E-01  1.94228402E+00  2.14102549E-02
   31250  1.00406295E-02  4.50475404E-01 -9.25403211E-01  1.94217834E+00  1.64257303E-02
   31300  3.61905263E-03  4.37265169E-01 -9.04083431E-01  1.94576048E+00  8.91897132E-03
   31350 -2.90353050E-02  4.60735167E-01 -9.12782851E-01  1.93921844E+00  8.10648560E-03
   31400 -2.72384415E-02  4.77390205E-01 -8.55888182E-01  1.93381538E+00  8.42110891E-03
   31450 -3.18109838E-02  4.90692832E-01 -8.50750582E-01  1.94079955E+00  6.99725889E-03
   31500 -6.10189660E-02  4.60264274E-01 -8.37415138E-01  1.94356155E+00  7.39162345E-03
   31550 -9.28635142E-02  4.68012944E-01 -8.38762108E-01  1.93937034E+00  9.06103523E-03
   31600 -9.32072696E-02  4.20044887E-01 -8.65510357E-01  1.93443075E+00  1.40909946E-02
   31650 -7.26940981E-02  4.05048723E-01 -8.66892222E-01  1.93326257E+00  1.66169746E-02
   31700 -1.02291479E-01  3.82388609E-01 -8.67883430E-01  1.93897339E+00  1.38084488E-02
   31750 -1.17899076E-01  3.97775332E-01 -8.44861446E-01  1.93688805E+00  1.31496959E-02
   31800 -1.12001711E-01  4.09615899E-01 -8.44154630E-01  1.93358287E+00  7.26763970E-03
   31850 -1.10526635E-01  4.17885206E-01 -8.36608209E-01  1.93479345E+00  1.04669041E-02
   31900 -6.81840828E-02  4.25838486E-01 -8.15481201E-01  1.92714188E+00  1.90137139E-02
   31950 -1.10540114E-01  4.24455519E-01 -8.12923727E-01  1.93466911E+00  1.28844209E-02
   32000 -7.47988600E-02  4.03510742E-01 -8.29290384E-01  1.92984444E+00  1.28532631E-02
   32050 -1.03617760E-01  4.03101882E-01 -8.44961867E-01  1.93389016E+00  1.43239377E-02
   32100 -1.35975108E-01  3.98386496E-01 -8.29998823E-01  1.94130354E+00  3.56121775E-03
   32150 -1.12894567E-01  4.05575193E-01 -8.61584930E-01  1.93699747E+00  1.04079028E-02
   32200 -9.53418773E-02  4.01524551E-01 -8.86793462E-01  1.93154088E+00  7.06245103E-03
   32250 -1.34887788E-01  4.06804552E-01 -8.81398084E-01  1.93514926E+00  1.30600538E-02
   32300 -1.18427048E-01  4.31602172E-01 -9.01624768E-01  1.92880259E+00  1.69104527E-02
   32350 -1.23929543E-01  4.51929976E-01 -9.13323463E-01  1.93349026E+00  1.56617270E-02
   32400 -1.27386903E-01  4.46928885E-01 -9.18937642E-01  1.93531093E+00  1.46663608E-02
   32450 -1.39555114E-01  4.29337796E-01 -9.08549764E-01  1.93586147E+00  1.41101775E-02
   32500 -1.43454714E-01  4.36213285E-01 -9.30838318E-01  1.94116112E+00  1.11495712E-02
   32550 -1.13501966E-01  4.17349186E-01 -8.97775788E-01  1.92755906E+00  8.85028118E-03
   32600 -1.04682762E-01  4.04040154E-01 -8.95151163E-01  1.92004540E+00  1.20023047E-02
   32650 -8.30755850E-02  4.21145416E-01 -9.15595801E-01  1.92460736E+00  7.94828640E-03
   32700 -6.53442168E-02  4.32619267E-01 -9.05853626E-01  1.92099041E+00  9.34855681E-03
   32750 -7.84017691E-02  4.43991996E-01 -8.95354008E-01  1.92864631E+00  1.17586103E-02
   32800 -8.73937423E-02  4.56486580E-01 -8.99733240E-01  1.93050146E+00  1.42454843E-02
   32850 -8.35404544E-02  4.68103620E-01 -9.37395760E-01  1.93848192E+00  1.34610202E-02
   32900 -8.92647741E-02  4.84744765E-01 -9.04802067E-01  1.94029725E+00  1.32601805E-02
   32950 -6.24348960E-02  4.92110138E-01 -9.04695661E-01  1.94361984E+00  1.16917282E-02
   33000 -3.42462364E-02  4.91389035E-01 -9.04429408E-01  1.94365639E+00  1.60660865E-02
   33050 -1.75435577E-02  4.73314214E-01 -9.27411882E-01  1.93906546E+00  1.49938695E-02
   33100 -1.32583417E-02  4.86325893E-01 -9.33383609E-01  1.93470754E+00  9.30828487E-03
   33150  3.87327696E-03  4.54804137E-01 -9.27353623E-01  1.93348137E+00  1.09377165E-02
   33200 -2.55734339E-02  4.98888842E-01 -8.90227104E-01  1.92744393E+00  1.83360784E-02
   33250  2.99394428E-03  4.73101375E-01 -9.08076279E-01  1.93201883E+00  1.90703042E-02
   33300  2.03304448E-02  4.82208567E-01 -9.34428925E-01  1.94646298E+00  1.20066567E-02
   33350 -1.66467504E-02  4.74223849E-01 -9.34812100E-01  1.94420738E+00  1.05699668E-02
   33400 -2.85144323E-03  4.89182948E-01 -9.48351014E-01  1.93512488E+00  1.27761532E-02
   33450 -2.45833559E-03  5.24370178E-01 -9.50711267E-01  1.93030060E+00  8.25986390E-03
   33500  1.32857331E-02  5.17838353E-01 -9.71764696E-01  1.92722835E+00  7.86920546E-03
   33550  4.34462902E-02  5.05650934E-01 -9.56084972E-01  1.93538190E+00  9.77569643E-03
   33600  2.20124480E-02  5.21371029E-01 -9.63525029E-01  1.95100589E+00  1.53899303E-02
   33650  6.07315571E-02  5.28326792E-01 -9.50798307E-01  1.93644275E+00  1.75315603E-02
   33700  4.38045334E-02  5.39208086E-01 -9.45518022E-01  1.93970037E+00  9.04863395E-03
   33750  2.69197052E-02  5.09419179E-01 -9.74753125E-01  1.94038541E+00  1.64897462E-02
   33800  6.61955818E-02  5.15946266E-01 -9.73649121E-01  1.93350069E+00  1.95085522E-02
   33850  6.22056376E-02  5.30150159E-01 -9.64581919E-01  1.94261271E+00  7.49752479E-03
   33900  9.10312247E-02  5.49493100E-01 -9.78344175E-01  1.94102514E+00  1.16794562E-02
   33950  7.44732799E-02  5.43893235E-01 -9.82297704E-01  1.94343142E+00  8.92165941E-03
   34000  6.19997484E-02  5.33827788E-01 -9.54613511E-01  1.93764859E+00  1.18286712E-02
   34050  2.38889649E-02  5.22321485E-01 -9.67607016E-01  1.93635763E+00  7.19170778E-03
   34100  2.38207069E-02  5.23076373E-01 -9.71174702E-01  1.94239258E+00  7.28763309E-03
   34150  2.30996287E-02  5.58177305E-01 -9.48541280E-01  1.93894983E+00  1.18627535E-02
   34200  3.75790587E-02  5.41219985E-01 -9.35030950E-01  1.93858052E+00  1.21105451E-02
   34250  5.67913789E-02  5.69683551E-01 -9.26919957E-01  1.94563462E+00  1.06110992E-02
   34300  3.66219304E-02  5.82108514E-01 -9.46273100E-01  1.94559709E+00  7.34261970E-03
   34350  6.99304843E-02  5.50023736E-01 -9.31809258E-01  1.94577703E+00  1.50964868E-02
   34400  5.51191447E-02  5.25330793E-01 -9.58098177E-01  1.93503765E+00  1.10008894E-02
   34450  6.88724922E-02  5.08630286E-01 -9.52043980E-01  1.93199710E+00  1.14558023E-02
   34500  7.82328036E-02  5.70628024E-01 -9.29059846E-01  1.93515561E+00  8.01820170E-03
   34550  5.68634665E-02  5.99265970E-01 -9.39680999E-01  1.93759928E+00  1.13606007E-02
   34600  5.50949378E-02  5.71699123E-01 -9.21754914E-01  1.93711704E+00  4.88219629E-03
   34650  8.62142070E-02  5.56304077E-01 -9.00283622E-01  1.93284623E+00  9.79437203E-03
   34700  1.07930121E-01  5.44573085E-01 -8.97805353E-01  1.94100935E+00  1.36857224E-02
   34750  1.09704549E-01  5.48434911E-01 -9.22463915E-01  1.94217825E+00  1.21250029E-02
   34800  9.91553316E-02  5.31789495E-01 -9.23321901E-01  1.93797921E+00  9.41702033E-03
   34850  1.15719880E-01  5.61911177E-01 -9.27866707E-01  1.94226722E+00  1.19150601E-02
   34900  1.16923400E-01  5.30877912E-01 -9.23608767E-01  1.93707318E+00  1.35581299E-02
   34950  1.13149902E-01  5.38137000E-01 -9.28647967E-01  1.93917206E+00  9.37558706E-03
   35000  1.36878865E-01  5.08476846E-01 -9.09118262E-01  1.93620202E+00  1.18366485E-03
   35050  1.26289666E-01  5.13776979E-01 -9.15254624E-01  1.93683465E+00  5.30424602E-03
   35100  1.58496009E-01  5.03748809E-01 -9.17367668E-01  1.93375343E+00  6.80228865E-03
   35150  1.38657678E-01  4.88263888E-01 -9.27190642E-01  1.94746434E+00  8.05599487E-03
   35200  1.60935214E-01  4.91067277E-01 -9.09156104E-01  1.94431616E+00  7.61996182E-03
   35250  1.72600697E-01  4.79314772E-01 -8.65858192E-01  1.93298437E+00  9.53543222E-03
   35300  1.87464118E-01  4.90184652E-01 -8.72559429E-01  1.92854014E+00  8.82350671E-03
   35350  1.52123226E-01  4.79704117E-01 -8.76838529E-01  1.92881440E+00  8.21613124E-03
   35400  1.64630395E-01  4.59337409E-01 -8.81076010E-01  1.93838134E+00  1.25109361E-02
   35450  1.59236545E-01  4.90911133E-01 -8.47372704E-01  1.92702722E+00  1.29935417E-02
   35500  1.77333465E-01  4.94857402E-01 -8.63233193E-01  1.91888820E+00  1.54060133E-02
   35550  1.85857664E-01  5.07890630E-01 -8.61966514E-01  1.93821706E+00  1.59107593E-02
   35600  1.84172650E-01  4.80619577E-01 -8.67473065E-01  1.94250911E+00  6.88859029E-03
   35650  1.67038154E-01  5.07702444E-01 -8.53514229E-01  1.93638903E+00  1.02653116E-02
   35700  1.53142474E-01  4.71087345E-01 -8.51945300E-01  1.93836847E+00  1.09417486E-02
   35750  1.39348709E-01  4.74478590E-01 -8.84014318E-01  1.93361602E+00  7.95401039E-03
   35800  9.63255399E-02  5.20603978E-01 -8.63014327E-01  1.92992735E+00  2.28420203E-02
   35850  8.09410168E-02  5.19188469E-01 -8.45353084E-01  1.93278134E+00  1.26371235E-02
   35900  1.29884306E-01  5.14047027E-01 -8.53499626E-01  1.92866360E+00  2.02773729E-02
   35950  1.62872105E-01  5.18247877E-01 -8.82559185E-01  1.93691687E+00  1.49113979E-02
   36000  1.44550037E-01  5.33541206E-01 -8.69800209E-01  1.93539840E+00  9.90539176E-03
   36050  1.41875772E-01  5.30685433E-01 -8.87745805E-01  1.93746089E+00  8.31805397E-03
   36100  1.25682653E-01  5.46252622E-01 -8.62467384E-01  1.94192957E+00  3.57735101E-03
   36150  1.54820663E-01  5.72093428E-01 -8.50461847E-01  1.94100674E+00  3.70283833E-03
   36200  1.37838070E-01  5.84340286E-01 -8.36388601E-01  1.94695501E+00  6.70740319E-03
   36250  1.39058314E-01  6.01318957E-01 -8.19023624E-01  1.93769532E+00  1.26893209E-02
   36300  7.90991798E-02  6.26671746E-01 -8.08107279E-01  1.93844852E+00  9.14550228E-03
   36350  7.10768405E-02  5.85136162E-01 -8.08294144E-01  1.93446255E+00  1.53116018E-02
   36400  8.18526198E-02  6.01142924E-01 -8.26621658E-01  1.94086207E+00  9.80750317E-03
   36450  7.24112461E-02  6.52516957E-01 -8.36958187E-01  1.94547608E+00  4.90243623E-03
   36500  6.78372395E-02  6.77186566E-01 -8.00226391E-01  1.94000616E+00  7.54020646E-03
   36550  9.03081640E-02  6.51825948E-01 -7.86704129E-01  1.93673216E+00  9.11094536E-03
   36600  9.78086096E-02  6.36623669E-01 -7.92207912E-01  1.94346236E+00  1.53414621E-02
   36650  9.24188967E-02  6.19547617E-01 -7.61098415E-01  1.92722167E+00  1.50673140E-02
   36700  1.12472530E-01  5.97849916E-01 -7.68527982E-01  1.93117880E+00  1.45622443E-02
   36750  1.43948939E-01  6.06410935E-01 -7.81581333E-01  1.93005991E+00  1.62532135E-02
   36800  1.49743657E-01  5.98173073E-01 -7.93576931E-01  1.92808998E+00  1.25198860E-02
   36850  1.16165575E-01  5.77861220E-01 -7.82027838E-01  1.92641964E+00  1.00344950E-02
   36900  1.03060343E-01  6.00791903E-01 -7.71227147E-01  1.92856618E+00  8.98956291E-03
   36950  1.05458479E-01  6.21129442E-01 -7.83945739E-01  1.93304924E+00  7.13248429E-03
   37000  1.44761312E-01  6.42139083E-01 -7.72389139E-01  1.93125666E+00  1.63766525E-02
   37050  1.21292289E-01  6.28143429E-01 -7.63143142E-01  1.94191518E+00  1.14973305E-02
   37100  1.21360585E-01  6.12138543E-01 -7.28983290E-01  1.93897179E+00  1.28847796E-02
   37150  8.54149946E-02  6.11360394E-01 -7.08844333E-01  1.94504536E+00  1.45676855E-02
   37200  1.02916366E-01  6.28950488E-01 -7.28970004E-01  1.93869555E+00  7.50067380E-03
   37250  1.15338998E-01  6.23314481E-01 -7.23343125E-01  1.94051405E+00  7.17402648E-03
   37300  7.86070365E-02  6.30357528E-01 -7.04139592E-01  1.93357705E+00  1.34972371E-02
   37350  5.43280865E-02  6.45289790E-01 -7.00871582E-01  1.93291448E+00  1.75139563E-02
   37400  6.24409316E-02  6.34216955E-01 -6.86231832E-01  1.93233667E+00  1.76318777E-02
   37450  4.40043088E-02  6.31483812E-01 -6.97003319E-01  1.92572134E+00  1.37914560E-02
   37500  1.31674445E-02  6.14158564E-01 -6.92527221E-01  1.93004396E+00  1.50439385E-02
   37550  1.84469244E-02  6.14805382E-01 -6.83558449E-01  1.93163587E+00  1.14727047E-02
   37600  2.87277202E-02  5.96774698E-01 -7.12305630E-01  1.93646635E+00  5.26365365E-03
   37650  2.88370324E-02  5.81633486E-01 -6.93014774E-01  1.93796641E+00  9.44644516E-03
   37700  2.18846236E-02  5.58432094E-01 -6.89300761E-01  1.94331760E+00  7.80933047E-03
   37750  4.10449393E-02  5.81057355E-01 -6.69949876E-01  1.93830888E+00  1.09604950E-02
   37800  4.31822835E-02  5.62539209E-01 -6.70817049E-01  1.93918554E+00  3.12926452E-03
   37850  3.85048372E-02  5.76043538E-01 -6.88430940E-01  1.94659362E+00  4.01447451E-03
   37900  3.74733806E-02  5.32408926E-01 -6.81248159E-01  1.94777661E+00  1.45709414E-02
   37950  1.03982896E-02  5.50716595E-01 -6.76544032E-01  1.93049263E+00  1.16322080E-02
   38000 -2.66141557E-02  5.45154379E-01 -6.71700333E-01  1.93104133E+00  7.14137930E-03
   38050 -4.92175597E-02  5.31450493E-01 -6.39247751E-01  1.92874084E+00  1.02282953E-02
   38100 -4.03013566E-02  5.27484031E-01 -6.42454311E-01  1.93088230E+00  9.18125895E-03
   38150 -3.46419365E-02  5.30764060E-01 -6.42252370E-01  1.92981432E+00  9.31796659E-03
   38200  8.34057830E-03  5.36100574E-01 -6.61733880E-01  1.93970338E+00  1.22566830E-02
   38250  1.41941551E-02  5.60780257E-01 -6.48728785E-01  1.93220712E+00  8.68149930E-03
   38300 -6.93027252E-03  5.77784270E-01 -6.58549454E-01  1.93298019E+00  1.04737486E-02
   38350 -1.25729807E-02  5.63613011E-01 -6.81290247E-01  1.93516147E+00  4.00152714E-03
   38400  1.51425728E-02  5.80537520E-01 -6.94730319E-01  1.93921690E+00  7.81325942E-03
   38450 -2.40359866E-03  5.65490875E-01 -6.72870912E-01  1.93422779E+00  9.81630340E-03
   38500 -1.41041149E-02  5.90793500E-01 -6.47475963E-01  1.93700659E+00  1.08557009E-02
   38550 -4.24582075E-02  5.73024350E-01 -6.50842641E-01  1.93723696E+00  1.95248434E-02
   38600 -1.90588284E-02  5.90170291E-01 -6.56701363E-01  1.94126300E+00  1.30750138E-02
   38650 -2.52688529E-02  5.82956440E-01 -6.58948225E-01  1.93762723E+00  1.25992838E-02
   38700 -1.63020655E-02  5.71187430E-01 -6.33443017E-01  1.94183526E+00  1.07656355E-02
   38750 -4.93260662E-03  5.50624750E-01 -5.81405905E-01  1.93479108E+00  8.17815000E-03
   38800 -1.23457117E-02  5.50031485E-01 -5.99878465E-01  1.94483966E+00  1.23214642E-02
   38850 -1.06563065E-02  5.05243882E-01 -6.06365911E-01  1.94554950E+00  3.70906370E-03
   38900 -2.18985954E-02  4.94102195E-01 -5.80848857E-01  1.94135496E+00  6.92898630E-03
   38950 -4.55786475E-03  4.88897190E-01 -6.03610099E-01  1.94327179E+00  1.29410507E-02
   39000 -2.60805361E-02  5.02167727E-01 -5.82312054E-01  1.92997991E+00  9.52647964E-03
   39050 -1.02809257E-02  4.90761228E-01 -5.58326978E-01  1.93306524E+00  8.92088471E-03
   39100 -1.54405075E-02  4.91321231E-01 -5.73860537E-01  1.94420860E+00  1.27205602E-02
   39150 -1.48502922E-02  4.84378044E-01 -5.62081200E-01  1.93758577E+00  1.21681727E-02
   39200  2.31303867E-03  4.51255074E-01 -5.85978312E-01  1.93782346E+00  9.69099171E-03
   39250 -1.47231922E-02  4.57306096E-01 -5.72166347E-01  1.94456549E+00  1.33465594E-02
   39300 -3.87773225E-02  4.60980329E-01 -5.64053968E-01  1.93168041E+00  1.50000150E-02
   39350 -5.59408136E-02  4.78883227E-01 -5.64822169E-01  1.93451693E+00  1.56587688E-02
   39400 -3.64725699E-02  4.85525017E-01 -5.64067296E-01  1.93097762E+00  2.12544493E-02
   39450 -7.45482741E-02  4.50154718E-01 -5.47048361E-01  1.94132927E+00  1.60305991E-02
   39500 -7.86105484E-02  4.41054706E-01 -5.47120478E-01  1.93417411E+00  1.27313082E-02
   39550 -9.56452216E-02  4.50670077E-01 -5.44059890E-01  1.93452301E+00  9.20609752E-03
   39600 -7.74999154E-02  4.45162290E-01 -5.13320398E-01  1.93187778E+00  6.42302130E-03
   39650 -7.62881293E-02  4.25125497E-01 -5.24574383E-01  1.92989268E+00  9.23001217E-03
   39700 -8.12199617E-02  4.43600753E-01 -5.41129815E-01  1.92042135E+00  1.12605640E-02
   39750 -6.89749384E-02  4.44924506E-01 -5.44306376E-01  1.92732452E+00  3.37306174E-03
   39800 -8.53627525E-02  4.28026876E-01 -5.44877103E-01  1.92764636E+00  1.14961858E-02
   39850 -7.70752068E-02  4.43423623E-01 -5.23173169E-01  1.92452881E+00  6.80192237E-03
   39900 -7.25708431E-02  4.40642973E-01 -4.93986394E-01  1.92357936E+00  1.77346892E-03
   39950 -8.60024445E-02  4.17616989E-01 -4.62351654E-01  1.93041584E+00  8.81320388E-03
