   #Iter             <M>           <M^2>           <M^4>      U_{Binder}            \chi        C_v(tot)             <E>       <E_{exc}>       <E_{lsf}>
       1  1.65995586E+00  2.75581296E+00  7.59848163E+00  6.66492130E-01  5.79326144E-04  4.34763164E-01 -8.49505909E+00 -8.49505909E+00  0.00000000E+00
      11  1.66977961E+00  2.78884435E+00  7.78520895E+00  6.66342828E-01  1.09642901E-03  1.71242274E+00 -8.50185160E+00 -8.50185160E+00  0.00000000E+00
      21  1.65879854E+00  2.75224233E+00  7.58174598E+00  6.66362672E-01  1.01477489E-03  1.33527444E+00 -8.46967124E+00 -8.46967124E+00  0.00000000E+00
      31  1.65425304E+00  2.73750190E+00  7.50426823E+00  6.66206224E-01  1.52888557E-03  1.31296087E+00 -8.47149434E+00 -8.47149434E+00  0.00000000E+00
      41  1.65913014E+00  2.75355782E+00  7.59133976E+00  6.66259607E-01  1.36163829E-03  1.52731333E+00 -8.49548491E+00 -8.49548491E+00  0.00000000E+00
      51  1.66262650E+00  2.76509823E+00  7.65425742E+00  6.66296563E-01  1.24300924E-03  1.49213339E+00 -8.49782889E+00 -8.49782889E+00  0.00000000E+00
      61  1.66234406E+00  2.76408842E+00  7.64789913E+00  6.66330098E-01  1.12906898E-03  1.54774960E+00 -8.49347995E+00 -8.49347995E+00  0.00000000E+00
      71  1.66044445E+00  2.75782352E+00  7.61380605E+00  6.66306604E-01  1.20493004E-03  1.42799144E+00 -8.49001392E+00 -8.49001392E+00  0.00000000E+00
      81  1.65827821E+00  2.75064404E+00  7.57434678E+00  6.66300816E-01  1.22051162E-03  1.38548485E+00 -8.49229083E+00 -8.49229083E+00  0.00000000E+00
      91  1.65939314E+00  2.75432695E+00  7.59446796E+00  6.66308522E-01  1.19466590E-03  1.29705171E+00 -8.49565374E+00 -8.49565374E+00  0.00000000E+00
     101  1.65713090E+00  2.74684386E+00  7.55350611E+00  6.66297559E-01  1.22638514E-03  1.38032350E+00 -8.48632491E+00 -8.48632491E+00  0.00000000E+00
     111  1.65657448E+00  2.74501836E+00  7.54367100E+00  6.66288650E-01  1.25588513E-03  1.48315946E+00 -8.47985387E+00 -8.47985387E+00  0.00000000E+00
     121  1.65571234E+00  2.74214604E+00  7.52772192E+00  6.66296199E-01  1.22901084E-03  1.49240228E+00 -8.48058393E+00 -8.48058393E+00  0.00000000E+00
     131  1.65873311E+00  2.75215246E+00  7.58265415E+00  6.66300915E-01  1.21971839E-03  1.43092601E+00 -8.48753571E+00 -8.48753571E+00  0.00000000E+00
     141  1.66068190E+00  2.75863577E+00  7.61855752E+00  6.66294956E-01  1.24302614E-03  1.43183749E+00 -8.48513591E+00 -8.48513591E+00  0.00000000E+00
     151  1.66102929E+00  2.75977658E+00  7.62471635E+00  6.66301245E-01  1.22189098E-03  1.47578491E+00 -8.48342050E+00 -8.48342050E+00  0.00000000E+00
     161  1.66159585E+00  2.76163219E+00  7.63467208E+00  6.66314404E-01  1.17865334E-03  1.43260657E+00 -8.48650684E+00 -8.48650684E+00  0.00000000E+00
     171  1.66052534E+00  2.75809507E+00  7.61533938E+00  6.66305119E-01  1.20962677E-03  1.48395551E+00 -8.48465291E+00 -8.48465291E+00  0.00000000E+00
     181  1.65993598E+00  2.75609997E+00  7.60391778E+00  6.66323036E-01  1.14814843E-03  1.46909629E+00 -8.48332525E+00 -8.48332525E+00  0.00000000E+00
     191  1.66112439E+00  2.76007345E+00  7.62614485E+00  6.66310519E-01  1.19118793E-03  1.46257893E+00 -8.48457490E+00 -8.48457490E+00  0.00000000E+00
     201  1.66066586E+00  2.75854783E+00  7.61769109E+00  6.66311634E-01  1.18720167E-03  1.43012339E+00 -8.48165333E+00 -8.48165333E+00  0.00000000E+00
     211  1.66037097E+00  2.75755740E+00  7.61210548E+00  6.66316741E-01  1.16932536E-03  1.43197323E+00 -8.47980027E+00 -8.47980027E+00  0.00000000E+00
     221  1.66016930E+00  2.75688471E+00  7.60836074E+00  6.66318115E-01  1.16441111E-03  1.43171212E+00 -8.48078258E+00 -8.48078258E+00  0.00000000E+00
     231  1.66021944E+00  2.75702183E+00  7.60879647E+00  6.66332196E-01  1.11711985E-03  1.41166067E+00 -8.48086492E+00 -8.48086492E+00  0.00000000E+00
     241  1.66117177E+00  2.76017852E+00  7.62614847E+00  6.66335765E-01  1.10683328E-03  1.38545455E+00 -8.48107652E+00 -8.48107652E+00  0.00000000E+00
     251  1.66111947E+00  2.76000886E+00  7.62525417E+00  6.66333876E-01  1.11344043E-03  1.39620202E+00 -8.47988709E+00 -8.47988709E+00  0.00000000E+00
     261  1.66153302E+00  2.76136803E+00  7.63259658E+00  6.66341288E-01  1.08939163E-03  1.38201037E+00 -8.48125387E+00 -8.48125387E+00  0.00000000E+00
     271  1.66216921E+00  2.76348535E+00  7.64432873E+00  6.66340290E-01  1.09395786E-03  1.41946750E+00 -8.48128206E+00 -8.48128206E+00  0.00000000E+00
     281  1.66222242E+00  2.76365011E+00  7.64510508E+00  6.66346191E-01  1.07441507E-03  1.40520199E+00 -8.48000944E+00 -8.48000944E+00  0.00000000E+00
     291  1.66167257E+00  2.76181908E+00  7.63494986E+00  6.66347423E-01  1.06892058E-03  1.42885752E+00 -8.47837681E+00 -8.47837681E+00  0.00000000E+00
     301  1.66179227E+00  2.76221243E+00  7.63707252E+00  6.66349708E-01  1.06172369E-03  1.42803747E+00 -8.47747103E+00 -8.47747103E+00  0.00000000E+00
     311  1.66129815E+00  2.76058381E+00  7.62821848E+00  6.66343190E-01  1.08330360E-03  1.43099669E+00 -8.47628212E+00 -8.47628212E+00  0.00000000E+00
     321  1.66095828E+00  2.75945011E+00  7.62190949E+00  6.66345152E-01  1.07593357E-03  1.45634164E+00 -8.47688041E+00 -8.47688041E+00  0.00000000E+00
     331  1.66064616E+00  2.75842075E+00  7.61630956E+00  6.66341411E-01  1.08783933E-03  1.46751572E+00 -8.47733697E+00 -8.47733697E+00  0.00000000E+00
     341  1.66031790E+00  2.75732128E+00  7.61014345E+00  6.66345609E-01  1.07279012E-03  1.47495455E+00 -8.47575117E+00 -8.47575117E+00  0.00000000E+00
     351  1.66021706E+00  2.75697978E+00  7.60818689E+00  6.66348751E-01  1.06210631E-03  1.46590950E+00 -8.47566965E+00 -8.47566965E+00  0.00000000E+00
     361  1.66052321E+00  2.75799557E+00  7.61378237E+00  6.66349273E-01  1.06068051E-03  1.46945098E+00 -8.47791018E+00 -8.47791018E+00  0.00000000E+00
     371  1.66070171E+00  2.75858466E+00  7.61699245E+00  6.66351146E-01  1.05463447E-03  1.46729550E+00 -8.47991007E+00 -8.47991007E+00  0.00000000E+00
     381  1.66035067E+00  2.75742299E+00  7.61062761E+00  6.66348999E-01  1.06135150E-03  1.47830314E+00 -8.47976346E+00 -8.47976346E+00  0.00000000E+00
     391  1.66056125E+00  2.75811460E+00  7.61435940E+00  6.66352787E-01  1.04892683E-03  1.48059463E+00 -8.48155009E+00 -8.48155009E+00  0.00000000E+00
     401  1.66066807E+00  2.75848422E+00  7.61656085E+00  6.66345755E-01  1.07286944E-03  1.49692276E+00 -8.48122761E+00 -8.48122761E+00  0.00000000E+00
     411  1.66055420E+00  2.75811179E+00  7.61456613E+00  6.66343048E-01  1.08213807E-03  1.50694392E+00 -8.48112986E+00 -8.48112986E+00  0.00000000E+00
     421  1.66045651E+00  2.75779356E+00  7.61287516E+00  6.66340152E-01  1.09214464E-03  1.50962473E+00 -8.48019250E+00 -8.48019250E+00  0.00000000E+00
     431  1.66059709E+00  2.75825559E+00  7.61537067E+00  6.66342588E-01  1.08434332E-03  1.51976526E+00 -8.47884045E+00 -8.47884045E+00  0.00000000E+00
     441  1.66084654E+00  2.75908467E+00  7.61995503E+00  6.66342341E-01  1.08519882E-03  1.52211359E+00 -8.48027397E+00 -8.48027397E+00  0.00000000E+00
     451  1.66041386E+00  2.75764994E+00  7.61206296E+00  6.66340999E-01  1.08895514E-03  1.50743730E+00 -8.47874043E+00 -8.47874043E+00  0.00000000E+00
     461  1.66064286E+00  2.75840781E+00  7.61621579E+00  6.66342387E-01  1.08467806E-03  1.50584748E+00 -8.47929350E+00 -8.47929350E+00  0.00000000E+00
     471  1.66102431E+00  2.75966894E+00  7.62311165E+00  6.66345447E-01  1.07508259E-03  1.50431728E+00 -8.47998097E+00 -8.47998097E+00  0.00000000E+00
     481  1.66118344E+00  2.76020004E+00  7.62607264E+00  6.66344286E-01  1.07906341E-03  1.49281264E+00 -8.48154511E+00 -8.48154511E+00  0.00000000E+00
     491  1.66084232E+00  2.75908854E+00  7.62016780E+00  6.66333961E-01  1.11404126E-03  1.48124130E+00 -8.48153128E+00 -8.48153128E+00  0.00000000E+00
     501  1.66080280E+00  2.75896973E+00  7.61965186E+00  6.66327818E-01  1.13413494E-03  1.49216158E+00 -8.48053863E+00 -8.48053863E+00  0.00000000E+00
     511  1.66014760E+00  2.75682510E+00  7.60814857E+00  6.66312989E-01  1.18447765E-03  1.50338401E+00 -8.48095587E+00 -8.48095587E+00  0.00000000E+00
     521  1.66008295E+00  2.75660594E+00  7.60688908E+00  6.66315178E-01  1.17720988E-03  1.51046492E+00 -8.48094124E+00 -8.48094124E+00  0.00000000E+00
     531  1.66030461E+00  2.75733067E+00  7.61076348E+00  6.66320697E-01  1.15906303E-03  1.49610950E+00 -8.48127858E+00 -8.48127858E+00  0.00000000E+00
     541  1.66025724E+00  2.75717961E+00  7.60999653E+00  6.66317762E-01  1.16911861E-03  1.49533605E+00 -8.48189150E+00 -8.48189150E+00  0.00000000E+00
     551  1.66019196E+00  2.75696378E+00  7.60881591E+00  6.66317292E-01  1.17059146E-03  1.51133128E+00 -8.48096341E+00 -8.48096341E+00  0.00000000E+00
     561  1.65985000E+00  2.75583232E+00  7.60261680E+00  6.66315319E-01  1.17682774E-03  1.49259339E+00 -8.48123489E+00 -8.48123489E+00  0.00000000E+00
     571  1.65964738E+00  2.75516228E+00  7.59895282E+00  6.66313894E-01  1.18093357E-03  1.50867322E+00 -8.48032338E+00 -8.48032338E+00  0.00000000E+00
     581  1.65983709E+00  2.75579316E+00  7.60244461E+00  6.66313393E-01  1.18275259E-03  1.49704401E+00 -8.48121420E+00 -8.48121420E+00  0.00000000E+00
     591  1.65979098E+00  2.75564379E+00  7.60166448E+00  6.66311464E-01  1.18871648E-03  1.50487815E+00 -8.48027595E+00 -8.48027595E+00  0.00000000E+00
     601  1.66010220E+00  2.75667705E+00  7.60736448E+00  6.66311539E-01  1.18881887E-03  1.50972034E+00 -8.48189018E+00 -8.48189018E+00  0.00000000E+00
     611  1.66008542E+00  2.75661889E+00  7.60701639E+00  6.66312727E-01  1.18486154E-03  1.53888629E+00 -8.48259331E+00 -8.48259331E+00  0.00000000E+00
     621  1.65970251E+00  2.75535992E+00  7.60019827E+00  6.66307080E-01  1.20454638E-03  1.54878915E+00 -8.48157945E+00 -8.48157945E+00  0.00000000E+00
     631  1.65963295E+00  2.75512812E+00  7.59891353E+00  6.66307343E-01  1.20306865E-03  1.56715191E+00 -8.48058779E+00 -8.48058779E+00  0.00000000E+00
     641  1.65983765E+00  2.75580793E+00  7.60266697E+00  6.66307212E-01  1.20357518E-03  1.55911204E+00 -8.48105070E+00 -8.48105070E+00  0.00000000E+00
     651  1.65987217E+00  2.75591363E+00  7.60315310E+00  6.66311472E-01  1.18922745E-03  1.57438039E+00 -8.48094529E+00 -8.48094529E+00  0.00000000E+00
     661  1.65997720E+00  2.75626262E+00  7.60508162E+00  6.66311352E-01  1.18976294E-03  1.57321609E+00 -8.48040872E+00 -8.48040872E+00  0.00000000E+00
     671  1.65970422E+00  2.75536359E+00  7.60020209E+00  6.66307801E-01  1.20133775E-03  1.57955931E+00 -8.47924316E+00 -8.47924316E+00  0.00000000E+00
     681  1.65933413E+00  2.75413281E+00  7.59339172E+00  6.66308770E-01  1.19737299E-03  1.57611017E+00 -8.47833760E+00 -8.47833760E+00  0.00000000E+00
     691  1.65931803E+00  2.75408258E+00  7.59315005E+00  6.66307218E-01  1.20252896E-03  1.56935540E+00 -8.47823374E+00 -8.47823374E+00  0.00000000E+00
     701  1.65924442E+00  2.75383607E+00  7.59176756E+00  6.66308242E-01  1.19894584E-03  1.57480435E+00 -8.47826802E+00 -8.47826802E+00  0.00000000E+00
     711  1.65928930E+00  2.75398168E+00  7.59253434E+00  6.66309828E-01  1.19356096E-03  1.56402405E+00 -8.47760845E+00 -8.47760845E+00  0.00000000E+00
     721  1.65950832E+00  2.75470609E+00  7.59650063E+00  6.66311082E-01  1.18958941E-03  1.56590571E+00 -8.47811475E+00 -8.47811475E+00  0.00000000E+00
     731  1.65982991E+00  2.75577277E+00  7.60237375E+00  6.66311567E-01  1.18832833E-03  1.56426122E+00 -8.47864353E+00 -8.47864353E+00  0.00000000E+00
     741  1.65986540E+00  2.75589794E+00  7.60314399E+00  6.66308071E-01  1.20016909E-03  1.55506095E+00 -8.47919794E+00 -8.47919794E+00  0.00000000E+00
     751  1.65965996E+00  2.75522044E+00  7.59945910E+00  6.66305750E-01  1.20739989E-03  1.54813292E+00 -8.47912216E+00 -8.47912216E+00  0.00000000E+00
     761  1.65968488E+00  2.75530465E+00  7.59994054E+00  6.66305008E-01  1.20976891E-03  1.54754385E+00 -8.47926867E+00 -8.47926867E+00  0.00000000E+00
     771  1.65974453E+00  2.75550020E+00  7.60099105E+00  6.66306249E-01  1.20581054E-03  1.56105083E+00 -8.47980927E+00 -8.47980927E+00  0.00000000E+00
     781  1.65980586E+00  2.75569762E+00  7.60201148E+00  6.66309268E-01  1.19586858E-03  1.56449815E+00 -8.47839413E+00 -8.47839413E+00  0.00000000E+00
     791  1.65979964E+00  2.75567695E+00  7.60189945E+00  6.66309179E-01  1.19586491E-03  1.57009855E+00 -8.47868766E+00 -8.47868766E+00  0.00000000E+00
