   #Iter           <M>_x           <M>_y           <M>_z             <M>        M_{stdv}
       0 -1.10658065E-01  5.12852169E-01  3.55901545E-01  1.69270067E+00  9.17739374E-03
      50 -4.48591662E-02  4.79778841E-01  3.67076690E-01  1.70756212E+00  1.12385974E-02
     100  6.68833052E-03  4.39958097E-01  3.87277094E-01  1.72285720E+00  1.94380174E-02
     150  6.85347878E-02  4.30625786E-01  4.41671427E-01  1.70452251E+00  2.19735915E-02
     200  5.12499224E-02  4.35150859E-01  4.54321571E-01  1.71391028E+00  2.77852953E-02
     250  3.50650018E-02  4.51931877E-01  4.77321752E-01  1.70631003E+00  1.53337856E-02
     300  7.84991678E-02  4.32218878E-01  5.14304992E-01  1.70444117E+00  1.93191418E-02
     350  1.23340105E-01  4.27576949E-01  5.42345010E-01  1.69161818E+00  2.31947061E-02
     400  1.41731193E-01  4.40639518E-01  5.58068992E-01  1.71690208E+00  2.54345264E-02
     450  2.07834052E-01  4.19869491E-01  5.54981605E-01  1.71399849E+00  2.50434104E-02
     500  1.52397855E-01  4.01072467E-01  5.89711898E-01  1.71331347E+00  2.98076587E-02
     550  1.31836074E-01  3.83032820E-01  5.75713799E-01  1.69552264E+00  1.66637948E-02
     600  1.32537389E-01  3.78107232E-01  5.77663328E-01  1.70661519E+00  1.86659381E-02
     650  1.09857272E-01  3.79291443E-01  5.43389059E-01  1.71184832E+00  2.05744174E-02
     700  9.99014317E-02  4.14918107E-01  5.69296466E-01  1.71438942E+00  2.16428416E-02
     750  9.20596736E-02  4.16003886E-01  5.74049575E-01  1.72524032E+00  1.30192868E-02
     800  9.97061019E-02  4.18618905E-01  5.64304696E-01  1.70972282E+00  9.25753528E-03
     850  1.46411531E-01  4.02463677E-01  5.04017102E-01  1.70865699E+00  2.91199071E-02
     900  1.55009677E-01  3.99129431E-01  5.52978190E-01  1.71190849E+00  9.70056122E-03
     950  1.45795273E-01  3.96279730E-01  5.58371190E-01  1.69414718E+00  1.51400265E-02
    1000  1.50710926E-01  3.87602666E-01  5.63959743E-01  1.70851839E+00  2.88019835E-02
    1050  1.06757469E-01  4.01815828E-01  5.38848370E-01  1.69947277E+00  3.82377275E-02
    1100  7.57438164E-02  4.15196798E-01  5.82839475E-01  1.72088636E+00  2.21856131E-02
    1150  4.08314309E-02  4.09675343E-01  5.30835122E-01  1.70054230E+00  2.05996055E-02
    1200  3.73289313E-02  4.06103671E-01  5.69372492E-01  1.71240139E+00  1.99955091E-02
    1250  5.71697576E-02  4.02282264E-01  5.95078500E-01  1.71623654E+00  2.04348897E-02
    1300  4.78559726E-02  3.98182822E-01  6.46439380E-01  1.72186513E+00  2.06635481E-02
    1350  3.68513718E-02  3.88976172E-01  6.34593068E-01  1.72364910E+00  1.82440350E-02
    1400  3.04463247E-02  3.68924676E-01  6.26686732E-01  1.72100838E+00  1.77203381E-02
    1450  5.38582139E-02  3.29086895E-01  6.40505342E-01  1.74405964E+00  3.62452940E-03
    1500  2.88229624E-02  3.34449805E-01  6.48152312E-01  1.73048291E+00  1.77606951E-02
    1550  6.25089389E-02  2.96824807E-01  6.16204814E-01  1.71452924E+00  1.47073366E-02
    1600  1.12194325E-01  2.90377260E-01  6.30459000E-01  1.71388019E+00  2.57204339E-02
    1650  8.06159191E-02  2.63420083E-01  6.61804402E-01  1.71128840E+00  1.55966747E-02
    1700  1.60026093E-01  2.27982822E-01  6.88872691E-01  1.69423987E+00  1.88416620E-02
    1750  1.44450177E-01  2.19726401E-01  7.58222729E-01  1.71320028E+00  2.57983361E-02
    1800  1.79133685E-01  1.94316468E-01  7.67756929E-01  1.70999681E+00  2.56865756E-02
    1850  1.81707701E-01  2.05579566E-01  7.17246618E-01  1.69989114E+00  1.76733258E-02
    1900  2.00194106E-01  2.11965182E-01  7.52986520E-01  1.71859697E+00  8.39170390E-03
    1950  2.22978427E-01  2.17613277E-01  7.76285947E-01  1.72483723E+00  2.19272932E-02
    2000  2.12036790E-01  2.11234638E-01  7.59266052E-01  1.70553871E+00  1.22824270E-02
    2050  2.33335086E-01  1.93474358E-01  7.80978311E-01  1.71040926E+00  2.38199419E-02
    2100  2.41074432E-01  1.88723646E-01  7.97259799E-01  1.70261296E+00  1.07384979E-02
    2150  2.30243544E-01  1.97626601E-01  8.31180493E-01  1.69538130E+00  2.95194882E-02
    2200  2.48759182E-01  1.73213701E-01  7.93093895E-01  1.72095511E+00  2.64329393E-02
    2250  1.90543189E-01  2.04614146E-01  7.73396220E-01  1.70494708E+00  1.85046916E-02
    2300  1.37772225E-01  2.20382163E-01  7.32091407E-01  1.71371870E+00  1.52261003E-02
    2350  8.89758257E-02  2.27274698E-01  7.00755282E-01  1.71007090E+00  3.06506609E-02
    2400  1.53808498E-01  1.85318395E-01  7.27530930E-01  1.72146200E+00  2.14732286E-02
    2450  1.68910307E-01  2.11794566E-01  6.53026588E-01  1.71085703E+00  3.21976470E-02
    2500  1.74283296E-01  1.69614687E-01  6.76359496E-01  1.71518864E+00  2.81252504E-02
    2550  2.08184089E-01  2.11437306E-01  6.70171537E-01  1.71058220E+00  2.75132597E-02
    2600  2.49547671E-01  2.24563539E-01  6.86626408E-01  1.73750350E+00  1.17579786E-02
    2650  2.23014345E-01  2.78251164E-01  6.81681823E-01  1.70762694E+00  2.89299346E-02
    2700  2.37262303E-01  3.09513873E-01  7.11590891E-01  1.72046950E+00  3.20672726E-02
    2750  1.63260067E-01  3.15916592E-01  7.18883922E-01  1.73532050E+00  2.76424673E-02
    2800  1.85966932E-01  2.77750387E-01  6.87800050E-01  1.73093514E+00  1.81310065E-02
    2850  1.29120054E-01  2.59162874E-01  6.41781437E-01  1.70288549E+00  1.87861596E-02
    2900  1.73816695E-01  3.02089294E-01  6.70018853E-01  1.71942262E+00  1.27221764E-02
    2950  1.91273842E-01  2.79201890E-01  7.13247943E-01  1.70987408E+00  1.93622079E-02
    3000  2.05880721E-01  2.27191036E-01  6.85313599E-01  1.71971623E+00  2.39381988E-02
    3050  2.56387408E-01  2.54878022E-01  6.91322949E-01  1.72043954E+00  2.98624987E-02
    3100  2.60553719E-01  2.61603225E-01  7.04221238E-01  1.71160071E+00  6.63239439E-03
    3150  2.60667094E-01  2.38237407E-01  6.71641737E-01  1.70488016E+00  1.16331781E-02
    3200  2.77510305E-01  2.64196135E-01  6.50176627E-01  1.72014915E+00  2.89632522E-02
    3250  2.34836862E-01  2.69559192E-01  6.66534791E-01  1.71890434E+00  9.15534162E-03
    3300  2.74693149E-01  2.59664225E-01  6.72242807E-01  1.72015504E+00  7.71120939E-03
    3350  2.74288899E-01  2.44018552E-01  6.26383335E-01  1.70471536E+00  1.54642205E-02
    3400  2.29583861E-01  2.93241874E-01  6.39910579E-01  1.71737670E+00  2.37421331E-02
    3450  2.65956518E-01  2.61503323E-01  6.53685233E-01  1.69678325E+00  1.36268818E-02
    3500  2.70063561E-01  2.61201668E-01  6.12147615E-01  1.70321020E+00  1.12848215E-02
    3550  2.59401835E-01  2.82746438E-01  5.95524252E-01  1.70164803E+00  2.77719055E-02
    3600  2.31596986E-01  2.51175905E-01  5.20517757E-01  1.71607932E+00  1.72017098E-02
    3650  2.49467885E-01  2.58235591E-01  5.49219430E-01  1.71986604E+00  1.09483398E-02
    3700  2.09317352E-01  2.43100372E-01  5.62824349E-01  1.71774039E+00  6.69280961E-03
    3750  2.42890405E-01  2.02571848E-01  5.69186075E-01  1.73312809E+00  1.48032723E-02
    3800  2.24284864E-01  2.28217894E-01  5.79779915E-01  1.72488002E+00  1.93768114E-02
    3850  1.87772648E-01  2.17215823E-01  5.51550702E-01  1.72440287E+00  9.10550248E-03
    3900  1.31908712E-01  2.70359110E-01  5.63682073E-01  1.71548259E+00  1.89114491E-02
    3950  1.38026343E-01  2.62543917E-01  5.87265316E-01  1.69757875E+00  2.06270600E-02
    4000  9.02128925E-02  3.13504545E-01  5.34276904E-01  1.70595888E+00  2.40587374E-02
    4050  4.17165316E-02  3.12227541E-01  5.44286730E-01  1.72283731E+00  9.73371346E-03
    4100  4.29522316E-02  3.28574396E-01  5.50551424E-01  1.70830781E+00  2.50260464E-02
    4150  5.07879460E-02  2.75846297E-01  5.45018294E-01  1.70993636E+00  2.67396145E-02
    4200  7.70570757E-02  2.35421272E-01  5.41414543E-01  1.69195740E+00  1.62643018E-02
    4250  9.25572633E-02  1.62443040E-01  5.30770213E-01  1.70707768E+00  3.36447050E-02
    4300  5.35659458E-02  1.93110856E-01  5.15200765E-01  1.72013462E+00  3.08938880E-02
    4350  2.90299942E-02  1.65206261E-01  4.90371004E-01  1.71640286E+00  1.31209058E-02
    4400  3.42632846E-02  1.32795301E-01  5.10418674E-01  1.72090837E+00  2.05417007E-02
    4450  1.59183172E-02  1.06351246E-01  5.23313890E-01  1.69556295E+00  2.57922273E-02
    4500  3.34599803E-02  1.41506963E-01  4.92118823E-01  1.70097848E+00  2.35586110E-02
    4550 -1.64061895E-02  1.43130830E-01  5.02444166E-01  1.70460357E+00  2.47130793E-02
    4600 -5.60327451E-02  1.36238969E-01  5.15356149E-01  1.70448342E+00  2.48003167E-02
    4650 -6.15124273E-02  1.20071893E-01  5.80473624E-01  1.68701214E+00  2.64047710E-02
    4700 -1.00141641E-02  1.54727286E-01  5.63330060E-01  1.71274271E+00  1.76254596E-02
    4750 -2.53421493E-02  1.91874024E-01  5.71051024E-01  1.71295710E+00  1.89787009E-02
    4800 -1.34886166E-02  1.90040297E-01  5.38265276E-01  1.71481543E+00  2.08347683E-02
    4850 -1.53890064E-03  2.40496033E-01  5.59701358E-01  1.70622449E+00  1.77590494E-02
    4900 -2.47616823E-02  2.47203092E-01  6.00714299E-01  1.69042160E+00  9.25001978E-03
    4950  1.37953039E-02  2.04933377E-01  6.55678080E-01  1.72069731E+00  2.29441670E-02
    5000 -1.10055861E-02  1.89814838E-01  6.27627110E-01  1.69792182E+00  1.55671162E-02
    5050 -1.28952323E-02  1.75845283E-01  6.07355135E-01  1.70302262E+00  6.86214272E-03
    5100 -3.54217413E-02  2.08988004E-01  6.46833498E-01  1.71708988E+00  2.10058607E-02
    5150 -8.82892389E-03  1.49040144E-01  6.17997740E-01  1.72116259E+00  3.16000307E-02
    5200  3.73209348E-02  1.91356179E-01  6.43531992E-01  1.72050538E+00  1.82263753E-02
    5250  3.88226812E-02  1.93507671E-01  6.14855034E-01  1.71854057E+00  1.74797234E-02
    5300  5.36532184E-03  1.58120014E-01  6.44558629E-01  1.69757625E+00  3.60728808E-02
    5350  1.50785503E-03  2.28121423E-01  6.47234819E-01  1.71065323E+00  3.78898518E-02
    5400  2.58523668E-02  2.35651042E-01  6.74666101E-01  1.71590140E+00  2.68404811E-02
    5450  1.99700657E-03  2.21572989E-01  7.01281793E-01  1.71505148E+00  1.92066965E-02
    5500 -9.08998728E-03  2.09562714E-01  7.41702456E-01  1.71144128E+00  1.22654371E-02
    5550  1.49787871E-02  2.00448360E-01  7.44449486E-01  1.70835115E+00  2.85532257E-02
    5600  8.65706661E-03  1.91054507E-01  7.57936296E-01  1.71220304E+00  2.25827259E-02
    5650 -3.30163474E-02  1.94745522E-01  7.60377638E-01  1.71505327E+00  9.74797600E-03
    5700  1.67568242E-02  1.78357690E-01  7.76252162E-01  1.68472748E+00  2.67869968E-02
    5750  2.43546885E-02  2.63550262E-01  8.16751346E-01  1.69341700E+00  3.78381378E-02
    5800  3.72494050E-02  2.57087336E-01  8.30060288E-01  1.70623928E+00  2.87113357E-02
    5850  7.86534038E-02  2.47713455E-01  8.08838938E-01  1.71290775E+00  2.48744206E-02
    5900  4.67756093E-02  2.56769688E-01  7.84084860E-01  1.71354721E+00  1.37879144E-02
    5950  2.20495939E-02  2.90081614E-01  7.74940935E-01  1.71609629E+00  2.92033785E-02
    6000  2.98292716E-02  2.80123434E-01  8.17030115E-01  1.71683447E+00  3.09001093E-02
    6050  3.41054323E-02  2.99915796E-01  7.75418360E-01  1.71468787E+00  1.92403728E-02
    6100  1.01235806E-02  3.52518870E-01  7.45712155E-01  1.71443890E+00  1.61126660E-02
    6150 -5.30785192E-04  3.67329385E-01  7.62395079E-01  1.71577202E+00  1.78402426E-02
    6200 -3.85319288E-02  3.69782458E-01  7.70336667E-01  1.71957149E+00  2.91316298E-02
    6250 -2.90006526E-02  3.69026986E-01  7.76707337E-01  1.71282466E+00  3.11403844E-02
    6300 -8.79704198E-03  2.95978622E-01  7.91148404E-01  1.70889082E+00  3.47613433E-02
    6350  7.49832075E-03  3.11886321E-01  8.00844568E-01  1.69943467E+00  2.69141951E-02
    6400  2.44714927E-02  3.23959399E-01  8.21630050E-01  1.72021885E+00  1.63999976E-02
    6450  3.94779532E-02  3.20905392E-01  8.33549990E-01  1.70873941E+00  1.39961639E-02
    6500  9.82630522E-02  3.31448721E-01  8.06029007E-01  1.71265791E+00  1.88476488E-02
    6550  9.75545887E-02  3.27518485E-01  8.12950809E-01  1.71594134E+00  1.60184864E-02
    6600  1.19762509E-01  2.87584307E-01  7.78698021E-01  1.69448797E+00  2.57824160E-02
    6650  9.95261504E-02  3.23855288E-01  7.52303381E-01  1.70371787E+00  1.14020820E-02
    6700  4.40597373E-02  3.50528952E-01  7.63203098E-01  1.71451909E+00  1.53655702E-02
    6750  7.12948478E-02  3.30241318E-01  7.66705891E-01  1.72480739E+00  1.84331003E-02
    6800  6.74642872E-02  3.16169975E-01  7.49107782E-01  1.71302320E+00  2.11287312E-02
    6850  5.07197219E-02  2.35655622E-01  7.82514144E-01  1.70839403E+00  1.81873265E-02
    6900  5.28720268E-02  1.81353203E-01  7.99057871E-01  1.71961529E+00  1.26934210E-02
    6950  6.00484449E-02  2.03172740E-01  7.29259664E-01  1.68973356E+00  2.56119532E-02
    7000  9.70451488E-02  2.09656841E-01  7.43727972E-01  1.69486258E+00  2.13933651E-02
    7050  8.05742420E-02  2.06456824E-01  7.31351869E-01  1.70935326E+00  1.68029291E-02
    7100  1.19045803E-01  2.08486545E-01  7.56832966E-01  1.71102873E+00  1.93663144E-02
    7150  1.24511439E-01  2.25920859E-01  7.34069810E-01  1.73090020E+00  1.78985592E-02
    7200  1.13551589E-01  2.21818008E-01  7.21670193E-01  1.71055341E+00  2.04320283E-02
    7250  9.11594506E-02  2.43086731E-01  7.16891003E-01  1.69694915E+00  1.40127360E-02
    7300  5.95445380E-02  2.38239608E-01  7.33594974E-01  1.69930095E+00  4.26490981E-02
    7350  5.90354731E-02  2.11622113E-01  7.13993858E-01  1.70270660E+00  1.55079344E-02
    7400  9.78108325E-03  2.19765666E-01  7.01665495E-01  1.70153711E+00  3.08381290E-02
    7450  1.33307559E-02  2.27637303E-01  6.91638143E-01  1.70931534E+00  2.48543781E-02
    7500  7.16435633E-03  2.94378032E-01  7.11688120E-01  1.70722877E+00  1.81640743E-02
    7550  1.92111025E-02  2.40127480E-01  6.72896358E-01  1.70355508E+00  1.32711457E-02
    7600  3.12525007E-02  2.18321576E-01  6.20928608E-01  1.68680957E+00  1.46604515E-02
    7650  3.99794899E-02  2.64036945E-01  5.86252392E-01  1.71150652E+00  2.70233136E-02
    7700  4.67093553E-02  2.68901177E-01  5.84233455E-01  1.70330851E+00  2.87730110E-02
    7750 -1.06002457E-02  2.44627477E-01  5.87647960E-01  1.72797463E+00  2.08620607E-02
    7800  5.20389538E-02  2.62625582E-01  5.48528612E-01  1.72059057E+00  3.09576215E-02
    7850  2.68104523E-02  2.67658104E-01  5.48287895E-01  1.70947386E+00  2.60814128E-02
    7900  4.91953713E-02  2.80550785E-01  5.95698969E-01  1.71807014E+00  2.06335753E-02
    7950  4.44024449E-02  2.95309456E-01  6.04929439E-01  1.70861748E+00  5.60666636E-03
    8000  8.72049978E-02  2.56320068E-01  5.85338475E-01  1.71496972E+00  2.59397777E-02
    8050  1.16659972E-01  2.78962087E-01  5.97069808E-01  1.68263854E+00  3.70553572E-02
    8100  1.34477909E-01  2.99767457E-01  5.61010309E-01  1.69464713E+00  2.67317154E-02
    8150  1.30936719E-01  2.83144506E-01  5.57500241E-01  1.71342611E+00  2.89602256E-02
    8200  1.38508147E-01  2.89671876E-01  5.58821927E-01  1.71473619E+00  2.81543353E-02
    8250  1.19100020E-01  2.75220139E-01  5.47133289E-01  1.72344319E+00  1.92774370E-02
    8300  1.38943495E-01  2.86809623E-01  5.06659869E-01  1.71732027E+00  9.43479053E-03
    8350  1.31664955E-01  3.19786214E-01  5.27742007E-01  1.74203136E+00  9.67235329E-03
    8400  1.41538396E-01  3.28112010E-01  5.04762626E-01  1.71102144E+00  1.56731720E-02
    8450  1.53340722E-01  3.54190236E-01  5.02583173E-01  1.70549596E+00  9.83285114E-03
    8500  2.09044999E-01  3.11328864E-01  4.77452130E-01  1.70838938E+00  1.86356749E-02
    8550  2.51216080E-01  3.23508456E-01  4.79858581E-01  1.70824178E+00  1.17443769E-02
    8600  2.62746045E-01  2.94255923E-01  4.57681794E-01  1.71719431E+00  1.94600642E-02
    8650  2.47563068E-01  3.11171512E-01  4.96344101E-01  1.72201987E+00  1.31675985E-02
    8700  2.03817949E-01  3.27458101E-01  5.59169068E-01  1.71717357E+00  2.01760660E-02
    8750  1.75707544E-01  3.10818439E-01  5.94628391E-01  1.72824417E+00  2.26251833E-02
    8800  1.79231771E-01  3.06711791E-01  5.98999332E-01  1.73456061E+00  1.44899817E-02
    8850  1.81501349E-01  2.69355265E-01  5.82502366E-01  1.71338814E+00  2.13100326E-02
    8900  1.54752321E-01  2.67688906E-01  5.49718909E-01  1.71613143E+00  2.78488885E-02
    8950  1.60465012E-01  2.70129470E-01  5.34039117E-01  1.70792545E+00  1.87466990E-02
    9000  1.90072897E-01  2.62195621E-01  5.54043581E-01  1.70842494E+00  1.90861239E-02
    9050  2.09719655E-01  2.88717667E-01  5.37940736E-01  1.70021367E+00  1.40890887E-02
    9100  1.78462181E-01  3.23785279E-01  4.90343311E-01  1.71730388E+00  2.29280335E-02
    9150  1.63465054E-01  3.58656814E-01  4.82915060E-01  1.71167248E+00  2.99250050E-02
    9200  1.32954177E-01  3.75041536E-01  4.88979146E-01  1.70984146E+00  2.07744162E-02
    9250  1.36212865E-01  3.78067091E-01  4.67309321E-01  1.71085326E+00  3.15474744E-02
    9300  8.14197448E-02  3.21290554E-01  4.80930998E-01  1.71490293E+00  1.32008715E-02
    9350  7.03490431E-02  3.26871837E-01  4.64352210E-01  1.69826775E+00  1.84965842E-02
    9400  1.15181377E-01  2.75859532E-01  5.01523666E-01  1.70413955E+00  2.66920113E-02
    9450  7.84189981E-02  2.86139735E-01  4.63845693E-01  1.71232474E+00  2.52237714E-02
    9500  4.97943374E-02  2.25791689E-01  4.24978850E-01  1.72117223E+00  2.85862585E-02
    9550  2.24035269E-02  2.04355483E-01  4.64912177E-01  1.72307695E+00  2.85543371E-02
    9600  1.57716307E-02  1.80209643E-01  4.67326309E-01  1.71280501E+00  8.94836838E-03
    9650  5.20128147E-03  1.95079577E-01  4.78642124E-01  1.72702592E+00  1.66614190E-02
    9700  3.67914722E-02  2.09098019E-01  4.41786930E-01  1.72577414E+00  1.32714118E-02
    9750  3.14730026E-02  2.15929888E-01  4.45813044E-01  1.72765515E+00  1.25249612E-02
    9800  2.13076213E-02  1.95780724E-01  4.28808087E-01  1.71916004E+00  2.16962420E-02
    9850 -2.97725069E-02  1.76216900E-01  4.70611036E-01  1.72715525E+00  3.25275802E-02
    9900 -4.20842937E-02  1.98218246E-01  4.91494864E-01  1.72413588E+00  2.68685091E-02
    9950 -5.54430199E-02  2.27662407E-01  4.72191377E-01  1.72679062E+00  2.89830488E-02
   10000 -4.75009281E-02  2.44584630E-01  5.01337935E-01  1.73096743E+00  1.33157526E-02
   10050 -4.77271758E-02  2.20237413E-01  5.25686246E-01  1.71150480E+00  3.09296256E-02
   10100 -1.00644067E-02  1.93023908E-01  5.11971765E-01  1.71616232E+00  1.66743855E-02
   10150  3.46666227E-02  1.32695518E-01  4.73461861E-01  1.70610989E+00  2.53002995E-02
   10200 -9.58364016E-03  1.44688749E-01  4.53408621E-01  1.71247062E+00  1.10790723E-02
   10250 -3.52563198E-02  1.19481769E-01  4.37092363E-01  1.70108108E+00  2.73507982E-02
   10300 -6.08711633E-02  1.76320826E-01  4.54653961E-01  1.70389151E+00  2.13481823E-02
   10350 -8.47979763E-02  1.70591218E-01  4.57738579E-01  1.70470572E+00  1.66783272E-02
   10400 -7.30214123E-02  1.67814985E-01  4.13690489E-01  1.71730153E+00  1.34058441E-02
   10450 -1.10259742E-01  1.73965681E-01  4.51016763E-01  1.70707531E+00  2.33899441E-02
   10500 -1.01453848E-01  2.04121071E-01  4.70116801E-01  1.70423491E+00  1.24164142E-02
   10550 -5.18661722E-02  2.35390229E-01  4.95230653E-01  1.70203608E+00  1.67439447E-02
   10600 -2.14777902E-02  2.30393332E-01  5.39759373E-01  1.69630537E+00  1.44047866E-02
   10650 -3.33812136E-02  2.33254671E-01  5.78084406E-01  1.69598404E+00  1.89579437E-02
   10700 -6.02525265E-02  2.23660173E-01  5.46358439E-01  1.70731690E+00  2.67175965E-02
   10750 -7.66014050E-02  1.79752703E-01  5.32041915E-01  1.71852432E+00  2.94894379E-02
   10800 -4.89688408E-02  1.85269569E-01  5.45956102E-01  1.72002766E+00  1.49225865E-02
   10850 -3.15656827E-02  1.20246202E-01  5.74516632E-01  1.71217427E+00  9.80900417E-03
   10900 -3.69261902E-02  1.45509867E-01  5.37189992E-01  1.71456155E+00  8.89267958E-03
   10950 -4.26906119E-02  1.66048359E-01  5.19587407E-01  1.70870212E+00  2.24067388E-02
   11000 -3.58879178E-02  1.00245856E-01  5.11172009E-01  1.72142926E+00  3.47901127E-02
   11050 -3.32279599E-02  1.22680903E-01  5.05809274E-01  1.70799320E+00  1.12920760E-02
   11100  1.65107557E-02  1.38389157E-01  5.11722613E-01  1.72975828E+00  3.03927931E-02
   11150  3.66945628E-02  1.36791554E-01  5.35868331E-01  1.70372521E+00  2.47760121E-02
   11200  4.79009557E-02  1.48595128E-01  5.54849850E-01  1.71419542E+00  1.78121723E-02
   11250  2.10666445E-02  1.59656123E-01  5.29704168E-01  1.71334402E+00  2.87319476E-02
   11300  3.00977201E-02  1.71989977E-01  5.48185104E-01  1.71592451E+00  1.60537641E-02
   11350  2.99017301E-02  1.40676126E-01  5.68753910E-01  1.70153290E+00  1.88598721E-02
   11400  5.02177371E-02  1.70049435E-01  5.65710253E-01  1.69902496E+00  1.10256131E-02
   11450  5.61943124E-02  1.69050057E-01  5.69350940E-01  1.71179778E+00  1.30096434E-02
   11500  5.04717633E-02  1.59101335E-01  5.97704073E-01  1.70228419E+00  8.36804130E-03
   11550 -3.30366368E-03  1.80839043E-01  6.07617983E-01  1.70390139E+00  1.77843838E-02
   11600  5.21009442E-03  1.87925297E-01  6.37791081E-01  1.71634947E+00  2.63801144E-02
   11650  1.34906397E-02  1.47852774E-01  5.80930085E-01  1.70880177E+00  3.02186509E-02
   11700  2.64304504E-02  1.73530138E-01  5.87646621E-01  1.70660021E+00  1.83234225E-02
   11750  2.49543539E-02  1.47387808E-01  6.16386645E-01  1.69832361E+00  1.82361421E-02
   11800  5.75517577E-02  1.54687823E-01  6.07053389E-01  1.70815164E+00  2.13060664E-02
   11850  1.25085485E-01  1.78169592E-01  6.53404058E-01  1.70928885E+00  7.32968690E-03
   11900  1.22520820E-01  1.94625789E-01  6.79650757E-01  1.71733991E+00  1.59827513E-02
   11950  9.50631099E-02  1.94461431E-01  6.30386736E-01  1.70793570E+00  1.88891145E-02
   12000  1.48492320E-01  1.51179027E-01  6.30528381E-01  1.71934715E+00  2.12275932E-02
   12050  1.07732488E-01  1.77113858E-01  5.80337467E-01  1.70074642E+00  1.74931124E-02
   12100  1.00123608E-01  1.87628342E-01  5.52692660E-01  1.72191419E+00  2.57784547E-02
   12150  5.46112784E-02  1.50445360E-01  5.79401853E-01  1.69853067E+00  2.08523134E-02
   12200  8.55809489E-02  1.55962951E-01  6.29052737E-01  1.71060291E+00  3.26861380E-02
   12250  8.68092653E-02  1.75439076E-01  6.44506454E-01  1.71080384E+00  1.50949453E-02
   12300  8.68687579E-02  1.82176454E-01  6.62272900E-01  1.70021594E+00  1.79859359E-02
   12350  9.32531947E-02  1.44104386E-01  6.51842280E-01  1.71879730E+00  1.31124356E-02
   12400  7.39414444E-02  1.69186212E-01  6.53064117E-01  1.72250548E+00  1.37678797E-02
   12450  8.78164541E-02  1.59571637E-01  6.62230030E-01  1.70624271E+00  1.22260430E-02
   12500  1.11280042E-01  1.58080104E-01  6.40761117E-01  1.72493099E+00  2.77456099E-02
   12550  8.55360505E-02  1.44503227E-01  6.05219328E-01  1.71123532E+00  2.41208608E-02
   12600  8.45235593E-02  1.64670883E-01  6.03770158E-01  1.71085866E+00  2.66713581E-02
   12650  8.23265662E-02  1.26511107E-01  5.96754151E-01  1.71021235E+00  2.49704958E-02
   12700  6.67370582E-02  1.00252425E-01  5.83304503E-01  1.70611098E+00  1.85265164E-02
   12750  1.36487232E-01  8.22398254E-02  5.89178138E-01  1.72886113E+00  2.89862545E-02
   12800  1.56220653E-01  4.83006649E-02  6.07835530E-01  1.74095458E+00  1.13109655E-02
   12850  2.06153208E-01  6.92191581E-02  5.64752309E-01  1.72800912E+00  3.04576641E-02
   12900  2.28587935E-01  7.24544702E-02  5.81098353E-01  1.71378119E+00  3.39252456E-02
   12950  1.58707027E-01  8.58641473E-02  5.90914890E-01  1.72217448E+00  1.45794524E-02
   13000  2.08338666E-01  7.59077767E-02  5.85642472E-01  1.71141005E+00  1.94106508E-02
   13050  1.94481066E-01  1.08190554E-01  5.75974819E-01  1.70555353E+00  9.61134286E-03
   13100  1.76841793E-01  1.13293060E-01  5.92660343E-01  1.71112744E+00  1.79400376E-02
   13150  2.19341191E-01  8.35393858E-02  5.65621538E-01  1.71371434E+00  1.93268224E-02
   13200  3.07502982E-01  1.01900505E-01  5.50519907E-01  1.70081118E+00  1.37166032E-02
   13250  2.75287067E-01  1.13374828E-01  5.70450826E-01  1.72424269E+00  1.02803901E-02
   13300  2.74256834E-01  1.15328606E-01  6.12505722E-01  1.74081556E+00  1.73912219E-02
   13350  2.66373371E-01  9.82651709E-02  6.33982869E-01  1.72931343E+00  1.43430752E-02
   13400  3.07180068E-01  5.06822907E-02  6.14623386E-01  1.71245855E+00  1.80084746E-02
   13450  3.14095668E-01  6.30777484E-02  5.93383526E-01  1.70257673E+00  1.61504302E-02
   13500  3.50371530E-01  5.47924002E-02  6.09953931E-01  1.71359048E+00  1.45468667E-02
   13550  3.72728273E-01  7.77555589E-02  6.10318722E-01  1.72487162E+00  9.30379243E-03
   13600  4.25779180E-01  5.72470850E-02  5.87781445E-01  1.72433500E+00  1.19351716E-02
   13650  4.15964537E-01  3.06508412E-02  5.62499457E-01  1.70431229E+00  2.34420977E-02
   13700  4.68084572E-01 -3.92029190E-03  5.92945606E-01  1.70596979E+00  2.65534021E-02
   13750  5.10317862E-01 -1.21504343E-02  5.95556066E-01  1.71238084E+00  1.91136584E-02
   13800  5.08906571E-01 -1.18058477E-03  5.84534614E-01  1.72467415E+00  1.99910242E-02
   13850  4.86409996E-01  5.94097525E-04  5.59074347E-01  1.71235610E+00  2.27099354E-02
   13900  4.73501217E-01 -5.69130937E-02  5.51715996E-01  1.71878018E+00  2.21772332E-02
   13950  4.24335826E-01 -2.82052410E-02  5.88700496E-01  1.71228454E+00  1.45779055E-02
   14000  4.73295735E-01 -4.71949426E-02  5.73402628E-01  1.70651224E+00  1.23514551E-02
   14050  4.56871999E-01 -5.30602300E-02  5.89124476E-01  1.71022871E+00  4.07990337E-02
   14100  4.67610639E-01 -5.25594908E-02  6.12630692E-01  1.70833995E+00  1.81359139E-02
   14150  4.97645131E-01 -8.49061323E-02  5.92556121E-01  1.71231808E+00  3.17544527E-02
   14200  4.43446747E-01 -6.54584003E-02  5.74769222E-01  1.73125251E+00  1.88615253E-02
   14250  4.27504312E-01 -5.60061715E-02  5.61525854E-01  1.71898378E+00  1.03935390E-02
   14300  4.33937166E-01 -2.63855856E-02  5.74201244E-01  1.71635133E+00  8.77733381E-03
   14350  4.28173559E-01 -3.00344623E-02  5.92640609E-01  1.70266700E+00  6.77423497E-03
   14400  4.26975277E-01 -7.31079836E-03  5.81286895E-01  1.71494108E+00  2.92864457E-02
   14450  4.58477816E-01  3.87250751E-02  5.88773975E-01  1.71959045E+00  3.15333819E-02
   14500  4.50817084E-01  9.13803366E-03  5.50634438E-01  1.71672942E+00  1.78702512E-02
   14550  4.50953567E-01  1.71747847E-02  5.84787458E-01  1.70909741E+00  6.30636910E-03
   14600  4.92454144E-01  2.83790474E-02  5.80351838E-01  1.70680456E+00  1.38520666E-02
   14650  4.56288911E-01  1.09175940E-02  5.30883415E-01  1.69645014E+00  2.13576295E-02
   14700  4.77121168E-01 -1.43817202E-02  5.44924891E-01  1.68780173E+00  2.34319718E-02
   14750  5.14569007E-01 -3.10291313E-02  5.01538776E-01  1.70055013E+00  1.67992045E-02
   14800  5.70066999E-01 -5.46873316E-02  4.94387334E-01  1.69865883E+00  2.18038710E-02
   14850  5.78800971E-01 -1.34441791E-02  5.16724926E-01  1.69854648E+00  2.76832996E-02
   14900  5.99477570E-01 -4.16625483E-02  5.14670469E-01  1.70715555E+00  2.28581947E-02
   14950  5.41109464E-01 -3.87633776E-02  5.23974929E-01  1.71130808E+00  2.38359870E-02
   15000  5.33498132E-01 -1.29563352E-02  4.69820035E-01  1.72093901E+00  2.18650928E-02
   15050  5.16477852E-01 -2.20454799E-02  4.39592306E-01  1.70049427E+00  1.84227658E-02
   15100  5.45390409E-01 -2.25991272E-03  4.53055346E-01  1.71027713E+00  2.63830943E-02
   15150  5.51982270E-01  5.97071602E-03  4.60601232E-01  1.72031910E+00  1.40495980E-02
   15200  6.17106181E-01  2.83046778E-02  4.36251333E-01  1.71092483E+00  5.35822787E-03
   15250  5.55762877E-01  5.05435568E-02  4.22958283E-01  1.71819030E+00  1.00599417E-02
   15300  5.29899562E-01  1.82121255E-02  3.97434278E-01  1.71951369E+00  2.11909239E-02
   15350  5.44752872E-01  2.51355415E-02  4.41747035E-01  1.72830984E+00  1.01423547E-02
   15400  4.69337662E-01  3.78008076E-02  4.06466479E-01  1.72640514E+00  7.50104576E-03
   15450  4.11216807E-01  4.71182756E-02  4.04353723E-01  1.72702467E+00  1.90589813E-02
   15500  4.20854919E-01  6.90951156E-02  3.40546052E-01  1.72173833E+00  5.27273155E-03
   15550  4.22645286E-01  8.30022628E-02  3.63499301E-01  1.72012726E+00  1.48583632E-02
   15600  4.20736688E-01  7.44198489E-02  3.40645661E-01  1.71552459E+00  3.28095261E-02
   15650  4.03309804E-01  1.30005143E-01  3.58856520E-01  1.72130111E+00  2.25562661E-02
   15700  4.35468427E-01  1.15588374E-01  3.63800132E-01  1.72201152E+00  1.99244495E-02
   15750  4.06855793E-01  9.87942007E-02  3.18941281E-01  1.70888904E+00  3.04612462E-02
   15800  3.93345153E-01  8.74862211E-02  2.98701579E-01  1.71232267E+00  1.69407460E-02
   15850  4.18291343E-01  5.79438079E-02  2.90421348E-01  1.72173525E+00  2.69058858E-02
   15900  3.91088937E-01  5.20344471E-02  2.62512619E-01  1.72881379E+00  2.76905349E-02
   15950  3.75734389E-01  1.95156860E-02  2.31001801E-01  1.71106782E+00  2.01165544E-02
   16000  3.95484998E-01  4.37880767E-02  2.33558126E-01  1.69462267E+00  9.54791750E-03
   16050  4.05175761E-01  4.16116623E-02  2.42326804E-01  1.70529449E+00  2.04650473E-02
   16100  4.01759261E-01  5.01962808E-02  2.15789783E-01  1.70853439E+00  2.21370315E-02
   16150  3.33280649E-01  3.85116682E-02  1.34486357E-01  1.70634771E+00  1.79700058E-02
   16200  3.03006910E-01  6.04885162E-02  1.40995033E-01  1.69164726E+00  2.08517521E-02
   16250  3.18024083E-01  7.88205143E-02  1.47162295E-01  1.68268089E+00  2.39580924E-02
   16300  3.60896886E-01  7.46287764E-02  1.65272221E-01  1.71034207E+00  2.79229410E-02
   16350  3.32751846E-01  3.46752661E-02  1.64989586E-01  1.70650436E+00  1.86872757E-02
   16400  3.48511661E-01  4.84759164E-02  1.52603149E-01  1.69349336E+00  1.45838652E-02
   16450  3.20948883E-01  6.56321199E-02  1.60276732E-01  1.69314245E+00  1.35621008E-02
   16500  3.20097573E-01  1.15060580E-01  1.27966626E-01  1.68879546E+00  2.91325586E-02
   16550  2.45089089E-01  9.32009465E-02  1.29945125E-01  1.71377572E+00  2.33445780E-02
   16600  2.98179593E-01  9.34051730E-02  1.35249912E-01  1.71664565E+00  1.92026730E-02
   16650  3.03346301E-01  8.08489523E-02  1.86177050E-01  1.72556558E+00  1.35006871E-02
   16700  2.66681719E-01  7.85927242E-02  2.46336440E-01  1.71636455E+00  2.03165243E-02
   16750  2.52864270E-01  6.45549234E-02  2.55958059E-01  1.69992167E+00  3.05377704E-02
   16800  2.64941619E-01  8.11407098E-02  2.22467964E-01  1.71605260E+00  2.30897609E-02
   16850  2.30863180E-01  6.56941709E-02  2.38270330E-01  1.70544736E+00  2.01942388E-02
   16900  2.34331032E-01  7.53240820E-02  2.63027203E-01  1.69167470E+00  1.64566407E-02
   16950  2.14633701E-01  6.97357012E-02  2.52883201E-01  1.71669093E+00  5.62440575E-03
   17000  1.99860853E-01  4.56532871E-02  2.79583540E-01  1.69891889E+00  1.64150940E-02
   17050  1.72634213E-01  4.90750670E-02  2.83943562E-01  1.70290310E+00  1.60888758E-02
   17100  2.01996318E-01  3.40032732E-02  2.48982765E-01  1.71073258E+00  1.88937125E-02
   17150  2.02873792E-01  2.18659144E-02  2.41896547E-01  1.73303589E+00  1.26987259E-02
   17200  2.03683363E-01  1.85353533E-02  2.61336056E-01  1.71534926E+00  2.17624910E-02
   17250  2.07507448E-01  1.68927683E-02  2.77203422E-01  1.71284788E+00  2.16758270E-02
   17300  2.24186556E-01  5.87673129E-02  3.26404028E-01  1.73189489E+00  2.11336329E-02
   17350  1.61204034E-01  6.92125369E-02  3.36097689E-01  1.70599808E+00  2.13687103E-02
   17400  1.61338998E-01  6.79574594E-02  4.24040963E-01  1.71107613E+00  1.45853514E-02
   17450  1.25795818E-01  5.07101970E-02  4.48807087E-01  1.70422397E+00  1.80650686E-02
   17500  1.89850349E-01  5.14650752E-02  4.11621557E-01  1.69945211E+00  2.31754739E-02
   17550  2.35032837E-01  4.84430299E-02  4.01943033E-01  1.71217327E+00  2.34602725E-02
   17600  2.29120885E-01  1.26220156E-02  4.29993184E-01  1.70637452E+00  1.68333032E-02
   17650  2.45440575E-01  4.19619913E-02  4.70195510E-01  1.72425088E+00  1.74470504E-02
   17700  2.40414913E-01  1.29436697E-02  4.57482395E-01  1.72385962E+00  8.73168106E-03
   17750  2.62545693E-01 -2.89052809E-02  4.20700156E-01  1.70083257E+00  2.16936587E-02
   17800  2.24391200E-01 -2.31793264E-02  4.11434840E-01  1.70732733E+00  1.18855020E-02
   17850  2.32855479E-01 -3.69507237E-02  3.95954703E-01  1.70810274E+00  2.64258021E-02
   17900  2.83294910E-01 -6.38746794E-02  3.81886278E-01  1.72504924E+00  2.49664061E-02
   17950  2.82761175E-01 -9.37326585E-02  3.45085819E-01  1.69472447E+00  3.44589391E-02
   18000  2.85742634E-01 -1.00574753E-01  3.38818038E-01  1.70906017E+00  2.20604228E-02
   18050  2.59545639E-01 -1.22948470E-01  3.65869299E-01  1.70167999E+00  2.96153259E-02
   18100  2.71193599E-01 -1.22066477E-01  3.40582379E-01  1.70615734E+00  2.84015235E-02
   18150  2.40189166E-01 -1.37428249E-01  3.53514472E-01  1.71046795E+00  2.22536530E-02
   18200  2.40488559E-01 -1.45232760E-01  3.23892732E-01  1.71478069E+00  2.22885045E-02
   18250  1.73365147E-01 -1.66029280E-01  3.38324132E-01  1.70220100E+00  2.31242280E-02
   18300  1.78994129E-01 -1.53994209E-01  3.32809718E-01  1.70358493E+00  1.71536899E-02
   18350  2.14107747E-01 -1.56841617E-01  2.81003662E-01  1.71455624E+00  1.72956011E-02
   18400  2.22600342E-01 -1.60874859E-01  2.12174286E-01  1.70077165E+00  2.70055345E-02
   18450  1.95872991E-01 -1.20517610E-01  1.87334602E-01  1.71132390E+00  1.03930391E-02
   18500  2.34322228E-01 -1.63861858E-01  2.10576434E-01  1.70950741E+00  1.67557235E-02
   18550  2.35922285E-01 -1.61135687E-01  2.56948734E-01  1.70460998E+00  1.90869892E-02
   18600  2.50338885E-01 -1.49198429E-01  1.94027020E-01  1.71810371E+00  2.05130061E-02
   18650  2.81333979E-01 -1.70245309E-01  2.20824222E-01  1.69353885E+00  1.93935288E-02
   18700  2.71268670E-01 -1.84495875E-01  1.73630818E-01  1.70001147E+00  2.00205953E-02
   18750  2.24876552E-01 -2.35414371E-01  1.49977229E-01  1.71072358E+00  2.07670269E-02
   18800  2.01761894E-01 -2.41217895E-01  1.34736266E-01  1.70656788E+00  5.87607447E-03
   18850  1.95609206E-01 -2.20566426E-01  1.18940026E-01  1.71519599E+00  1.31967165E-02
   18900  2.22201533E-01 -2.36357827E-01  1.02281595E-01  1.70770892E+00  2.57683417E-02
   18950  2.19588943E-01 -2.43643060E-01  9.78050912E-02  1.71156020E+00  1.59741452E-02
   19000  1.64301760E-01 -2.20730686E-01  6.08973115E-02  1.70787214E+00  2.05927635E-02
   19050  1.21993182E-01 -2.70981803E-01  6.59571198E-02  1.70956642E+00  2.04113252E-02
   19100  1.18148798E-01 -2.67661335E-01  4.03734330E-02  1.72252371E+00  9.18157145E-03
   19150  1.32354947E-01 -2.94053778E-01  1.89472698E-02  1.72508597E+00  1.41871674E-02
   19200  2.02252735E-01 -2.95877410E-01  4.19725995E-02  1.70502522E+00  1.18262775E-02
   19250  1.92266635E-01 -2.87069827E-01 -1.08275549E-02  1.71405758E+00  1.14640534E-02
   19300  1.83439324E-01 -2.85427058E-01 -4.92104689E-02  1.71006762E+00  1.48490194E-02
   19350  1.82658546E-01 -3.11174920E-01 -6.43600837E-02  1.72309043E+00  1.89568617E-02
   19400  2.26331504E-01 -2.83200020E-01 -5.07064073E-02  1.72058663E+00  1.97688814E-02
   19450  1.52934959E-01 -2.92458099E-01 -8.08232357E-02  1.70406423E+00  1.03860014E-02
   19500  1.82188260E-01 -2.78154302E-01 -9.70278604E-02  1.70881678E+00  2.14207522E-02
   19550  1.59897291E-01 -2.83340748E-01 -3.17052579E-02  1.71289584E+00  2.14463922E-02
   19600  2.30830872E-01 -3.09030190E-01 -1.30331108E-02  1.71826402E+00  2.88115895E-02
   19650  1.81194242E-01 -2.93558872E-01  3.95201177E-03  1.71552920E+00  1.13747186E-02
   19700  1.68373823E-01 -2.47193334E-01  2.12188829E-02  1.70659135E+00  1.85436120E-02
   19750  2.19731217E-01 -2.36575284E-01  2.52273669E-02  1.69873795E+00  1.07849099E-02
   19800  1.82819266E-01 -2.38821096E-01  3.72225435E-02  1.69746793E+00  1.37737353E-02
   19850  2.09066026E-01 -2.50020297E-01  3.86826936E-02  1.72820226E+00  1.41849420E-02
   19900  2.30711667E-01 -2.72642144E-01  6.31661358E-02  1.72411316E+00  1.10635492E-02
   19950  2.54336700E-01 -2.52095988E-01  8.24349631E-02  1.73302684E+00  2.14993015E-02
   20000  2.73816148E-01 -2.45078452E-01  9.72147864E-02  1.71533673E+00  4.97071947E-03
   20050  2.74744609E-01 -2.95528495E-01  9.85966422E-02  1.71610959E+00  1.10527306E-02
   20100  2.58002499E-01 -3.21333285E-01  6.70400339E-02  1.72427154E+00  2.00080896E-02
   20150  2.51231326E-01 -3.44466446E-01  5.29128129E-02  1.71453057E+00  3.32442962E-02
   20200  2.20556932E-01 -2.93284529E-01  4.89675183E-02  1.72265542E+00  2.77582972E-02
   20250  2.08252974E-01 -3.01290677E-01  7.77805036E-02  1.74196899E+00  9.73598080E-03
   20300  1.98212071E-01 -3.15687493E-01  6.94876838E-02  1.73475486E+00  1.31797581E-02
   20350  1.82912629E-01 -3.41721561E-01  9.19547389E-02  1.70092257E+00  1.83195817E-02
   20400  1.85629225E-01 -3.51116394E-01  1.12074940E-01  1.71728753E+00  1.64046007E-02
   20450  1.60350621E-01 -3.47901272E-01  9.93549648E-02  1.71785339E+00  9.36017905E-03
   20500  2.19129972E-01 -3.42820029E-01  8.43337533E-02  1.70315353E+00  1.49175159E-02
   20550  1.98821663E-01 -3.44887214E-01  8.76430691E-02  1.72259612E+00  1.40408136E-02
   20600  1.91390770E-01 -4.04729984E-01  9.28124081E-02  1.72535718E+00  2.47641186E-02
   20650  2.29464879E-01 -3.99793353E-01  9.22858306E-02  1.73002730E+00  1.76109135E-02
   20700  2.70513815E-01 -4.10732460E-01  7.25489094E-02  1.72366617E+00  1.28362607E-02
   20750  2.64191142E-01 -3.76635252E-01  3.84458432E-02  1.70262831E+00  1.73281998E-02
   20800  2.53033098E-01 -3.98914698E-01  1.03301572E-02  1.71772280E+00  1.57456531E-02
   20850  2.62544236E-01 -4.04443644E-01  2.05592657E-02  1.71662731E+00  9.03971654E-03
   20900  2.76633489E-01 -4.00407942E-01 -2.31766324E-02  1.71561702E+00  1.64652591E-02
   20950  2.40661407E-01 -4.13290497E-01 -5.03300546E-02  1.69520460E+00  1.52513520E-02
   21000  2.94975807E-01 -3.99830739E-01 -6.07537328E-02  1.68482865E+00  2.14143947E-02
   21050  3.26698777E-01 -4.36973032E-01 -2.20244667E-02  1.71254698E+00  2.07792398E-02
   21100  3.06479172E-01 -4.39459055E-01  3.81672868E-02  1.68785337E+00  2.94515477E-02
   21150  3.25086065E-01 -4.94575833E-01  4.97891542E-03  1.71383721E+00  1.18158672E-02
   21200  3.40869442E-01 -4.73028851E-01 -3.13794620E-02  1.70044648E+00  1.74185143E-02
   21250  3.53288026E-01 -4.77446770E-01 -7.77801561E-02  1.71416082E+00  1.43558550E-02
   21300  3.53386243E-01 -4.69575511E-01 -9.93411070E-02  1.72109297E+00  1.93713737E-02
   21350  3.38744888E-01 -4.79340635E-01 -6.52808948E-02  1.72422567E+00  2.38654765E-02
   21400  3.59130653E-01 -4.69523138E-01 -1.08262691E-01  1.71421746E+00  1.36655047E-02
   21450  3.69828996E-01 -4.88325872E-01 -6.59782498E-02  1.73948676E+00  1.35286849E-02
   21500  3.70288447E-01 -5.16165736E-01 -9.41469231E-02  1.70873873E+00  1.69051564E-02
   21550  3.85748350E-01 -4.91139522E-01 -5.69267174E-02  1.73090251E+00  1.17313586E-02
   21600  3.71160094E-01 -4.89060525E-01 -9.12233546E-02  1.71683112E+00  2.43223771E-02
   21650  3.61362379E-01 -4.75230439E-01 -1.21577775E-01  1.72313789E+00  1.67479480E-02
   21700  3.68477871E-01 -4.68625768E-01 -1.02516971E-01  1.71391748E+00  2.34636846E-02
   21750  4.04714920E-01 -4.32649226E-01 -1.20164188E-01  1.72524515E+00  1.92917155E-02
   21800  4.08313248E-01 -3.84048563E-01 -9.38221875E-02  1.72431449E+00  1.56236419E-02
   21850  4.14933764E-01 -3.51739893E-01 -1.40906072E-01  1.73030681E+00  1.10097537E-02
   21900  4.45424063E-01 -3.22533800E-01 -1.04353121E-01  1.70701223E+00  2.46668099E-02
   21950  4.32404389E-01 -3.73587853E-01 -1.08199066E-01  1.72895621E+00  4.53616473E-03
   22000  4.53231374E-01 -3.66333638E-01 -1.36058338E-01  1.72456912E+00  1.14075056E-02
   22050  4.49774633E-01 -3.90799009E-01 -1.37509228E-01  1.69731374E+00  2.01413448E-02
   22100  4.23774491E-01 -4.05637865E-01 -1.72698894E-01  1.71903613E+00  2.08873781E-02
   22150  4.28089233E-01 -4.41000318E-01 -1.79112535E-01  1.70705406E+00  2.79419405E-02
   22200  4.33924856E-01 -4.61620426E-01 -1.91702878E-01  1.70956089E+00  2.30603048E-02
   22250  5.33191187E-01 -5.14811628E-01 -1.49478105E-01  1.70992072E+00  2.45700546E-02
   22300  5.84804126E-01 -5.27564805E-01 -1.62119059E-01  1.70522686E+00  3.46211867E-02
   22350  5.75160919E-01 -5.02840605E-01 -1.50331200E-01  1.70652300E+00  3.75169051E-02
   22400  6.17898182E-01 -4.92528912E-01 -1.64744197E-01  1.70601788E+00  2.63400371E-02
   22450  5.88156713E-01 -5.07641526E-01 -1.54682098E-01  1.70121154E+00  2.77203994E-02
   22500  6.32126861E-01 -4.78831652E-01 -1.83135552E-01  1.70841630E+00  3.62694818E-02
   22550  6.25160824E-01 -5.11940557E-01 -2.07715116E-01  1.70548435E+00  3.25565390E-02
   22600  6.80413875E-01 -5.24687806E-01 -2.44132800E-01  1.70500803E+00  3.19680330E-02
   22650  7.21878552E-01 -5.17566408E-01 -2.06721911E-01  1.71402463E+00  2.05652302E-02
   22700  7.33999670E-01 -4.85946806E-01 -1.72860076E-01  1.71017062E+00  3.08682872E-02
   22750  7.50145349E-01 -5.11039405E-01 -1.93091793E-01  1.70123358E+00  2.68948898E-02
   22800  8.12360851E-01 -4.72427474E-01 -1.99037394E-01  1.70890925E+00  1.41776442E-02
   22850  8.05223594E-01 -5.27770529E-01 -1.91177066E-01  1.70900535E+00  1.79831784E-02
   22900  7.89601396E-01 -5.34119266E-01 -1.78503968E-01  1.72936739E+00  2.41356503E-02
   22950  8.46931449E-01 -5.19157013E-01 -2.46681352E-01  1.72506839E+00  2.33334549E-02
   23000  8.55388704E-01 -5.48003647E-01 -2.09071564E-01  1.71133201E+00  1.97670990E-02
   23050  7.94483813E-01 -5.69302386E-01 -1.20884884E-01  1.70860043E+00  1.64601622E-02
   23100  8.17632856E-01 -5.70692162E-01 -1.34624285E-01  1.70387660E+00  2.73714509E-02
   23150  8.56924993E-01 -5.72999370E-01 -1.04756698E-01  1.71332502E+00  1.23988928E-02
   23200  8.20096691E-01 -6.32716564E-01 -1.06141019E-01  1.71312350E+00  1.59894865E-02
   23250  8.19462661E-01 -6.10684003E-01 -1.19021462E-01  1.72225372E+00  2.13407650E-02
   23300  8.11488241E-01 -6.19412698E-01 -8.62979690E-02  1.71577943E+00  1.19753494E-02
   23350  8.74044964E-01 -5.78505059E-01 -3.80496795E-02  1.71771246E+00  1.16585202E-02
   23400  8.45996969E-01 -5.55635110E-01 -4.18556762E-02  1.71290086E+00  1.74259239E-02
   23450  7.86631345E-01 -5.95792927E-01  1.10144214E-02  1.70943703E+00  8.36876039E-03
   23500  8.36194338E-01 -6.09122521E-01  2.28694837E-02  1.71169298E+00  1.59387274E-02
   23550  8.68648833E-01 -6.14449686E-01  3.66120207E-02  1.71670969E+00  1.97951190E-02
   23600  8.87276991E-01 -5.94037692E-01  3.94003639E-02  1.72664005E+00  1.86744794E-02
   23650  9.17502069E-01 -5.60716016E-01  3.11438730E-02  1.73347746E+00  1.85587934E-02
   23700  8.78365246E-01 -5.35688986E-01  2.57181475E-02  1.71598266E+00  8.42446781E-03
   23750  8.77095681E-01 -5.28359465E-01  6.99135548E-02  1.70718156E+00  2.19787052E-02
   23800  9.22230558E-01 -4.82900727E-01  6.11551210E-02  1.69937641E+00  2.21936970E-02
   23850  8.96583314E-01 -4.95487302E-01  6.23660547E-02  1.70350056E+00  1.12220019E-02
   23900  8.77306263E-01 -5.20236642E-01  8.42501890E-02  1.70049085E+00  2.60601860E-02
   23950  8.64692460E-01 -5.11414042E-01  1.39840193E-01  1.71650160E+00  1.51325213E-02
   24000  8.90278721E-01 -4.69183081E-01  1.34308428E-01  1.70990304E+00  1.02986740E-02
   24050  8.74748039E-01 -4.97346784E-01  1.30052291E-01  1.69861013E+00  2.37692936E-02
   24100  8.87825885E-01 -4.48884544E-01  1.57083490E-01  1.69334771E+00  8.72836122E-03
   24150  9.09019272E-01 -4.73253262E-01  1.82579424E-01  1.72149738E+00  2.94866244E-02
   24200  9.47104021E-01 -4.81473286E-01  1.44981088E-01  1.71846172E+00  1.97686662E-02
   24250  9.03356724E-01 -4.70892698E-01  1.51620656E-01  1.70864247E+00  2.30053735E-02
   24300  9.22073400E-01 -4.72126367E-01  1.34812207E-01  1.70950835E+00  1.68128043E-02
   24350  9.69771269E-01 -4.23681159E-01  1.11018339E-01  1.72104542E+00  2.41680595E-02
   24400  1.00123190E+00 -3.78376139E-01  1.13960688E-01  1.71338242E+00  2.76553117E-02
   24450  1.01063596E+00 -3.68917552E-01  1.07296458E-01  1.70582623E+00  3.14434456E-02
   24500  1.01931850E+00 -3.43762149E-01  1.01656545E-01  1.69383030E+00  4.54449289E-02
   24550  9.50636769E-01 -3.89914680E-01  4.50102779E-02  1.70214927E+00  3.47736681E-02
   24600  9.87139296E-01 -3.74419501E-01  2.75290718E-02  1.73414410E+00  2.44050594E-02
   24650  9.93399152E-01 -3.75257707E-01  9.13468360E-03  1.72551358E+00  7.57941854E-03
   24700  9.88719746E-01 -3.88821178E-01  2.97882826E-02  1.72840587E+00  1.98634904E-02
   24750  1.02179545E+00 -3.79374831E-01  4.88174916E-02  1.71779307E+00  1.14032109E-02
   24800  1.03632570E+00 -3.74133571E-01  4.63819180E-02  1.72521985E+00  2.14548205E-02
   24850  1.02149512E+00 -3.54200185E-01  9.68975868E-02  1.72660849E+00  2.39177424E-02
   24900  1.00851826E+00 -3.71799507E-01  3.81936381E-02  1.70596682E+00  3.35571611E-02
   24950  1.01273048E+00 -3.29696077E-01  2.04043661E-02  1.71458725E+00  3.39100528E-02
   25000  1.00197896E+00 -3.29675136E-01  5.61726202E-02  1.71409498E+00  2.88885788E-02
   25050  1.01305185E+00 -2.95307463E-01  3.98085251E-02  1.71971761E+00  2.05502866E-02
   25100  9.95849300E-01 -3.08055314E-01  7.34731978E-03  1.72043727E+00  9.74283628E-03
   25150  9.67716730E-01 -2.82477527E-01  4.69340344E-02  1.69988415E+00  3.69398174E-02
   25200  9.66124475E-01 -3.17050316E-01  5.21768477E-02  1.71556322E+00  2.22409518E-02
   25250  9.46939796E-01 -2.64696446E-01  4.30898885E-02  1.67800684E+00  2.15520263E-02
   25300  9.53505562E-01 -2.71222897E-01 -2.14934024E-03  1.72867688E+00  1.61376239E-02
   25350  9.53163079E-01 -3.11282682E-01  3.35078738E-02  1.71469370E+00  1.91653666E-02
   25400  9.09137645E-01 -3.16171234E-01  4.43870384E-02  1.70607174E+00  1.28209011E-02
   25450  9.09351485E-01 -3.07275083E-01  2.95903734E-02  1.72506666E+00  2.02143541E-02
   25500  9.41217112E-01 -3.15628315E-01  2.12471757E-02  1.70792169E+00  2.90653107E-02
   25550  9.28797082E-01 -2.62488605E-01 -8.51034455E-04  1.70820661E+00  3.32737407E-02
   25600  9.65310589E-01 -2.13019194E-01 -2.28385387E-02  1.69833832E+00  3.06314440E-02
   25650  9.38788276E-01 -2.72757427E-01  1.53853373E-02  1.68725986E+00  1.61940326E-02
   25700  9.49323505E-01 -2.92092842E-01 -2.85091855E-02  1.70954579E+00  2.20821964E-02
   25750  9.82205119E-01 -2.57828845E-01 -4.78774699E-02  1.72080531E+00  1.19019958E-02
   25800  9.49360119E-01 -2.53359305E-01 -7.85514388E-02  1.71840066E+00  8.47614082E-03
   25850  9.20325060E-01 -2.90715197E-01 -5.60565069E-02  1.70108461E+00  2.07502042E-02
   25900  9.64165685E-01 -2.57080848E-01 -1.05475146E-01  1.71283476E+00  2.12805855E-02
   25950  9.55495202E-01 -3.27654735E-01 -1.14856233E-01  1.71613834E+00  2.73693169E-02
   26000  9.42890317E-01 -2.88670243E-01 -8.48195536E-02  1.70339756E+00  2.16337896E-02
   26050  9.28842292E-01 -2.98796715E-01 -9.02721166E-02  1.69563904E+00  8.06617365E-03
   26100  9.39438257E-01 -2.91421885E-01 -7.62020345E-02  1.70251444E+00  2.28552459E-02
   26150  9.32937613E-01 -3.16924964E-01 -8.26419565E-02  1.71315307E+00  2.24024479E-02
   26200  8.91455219E-01 -3.69179695E-01 -6.28234601E-02  1.70719432E+00  2.61359215E-02
   26250  9.17431115E-01 -3.42205667E-01 -4.66680588E-02  1.69338908E+00  2.18344291E-02
   26300  9.13103742E-01 -3.28417938E-01 -7.56361137E-03  1.71043937E+00  6.48907889E-03
   26350  9.34016159E-01 -2.69852970E-01 -1.37562408E-02  1.70913759E+00  8.22848725E-03
   26400  9.17924342E-01 -3.20445187E-01 -1.91777505E-02  1.72024394E+00  2.05130013E-02
   26450  9.21750619E-01 -3.47368423E-01 -2.56574405E-02  1.72289650E+00  3.06050011E-02
   26500  9.19594000E-01 -3.41032287E-01 -6.03158886E-02  1.73564394E+00  1.49416673E-02
   26550  9.22677387E-01 -3.05084525E-01 -7.36308621E-02  1.72792297E+00  2.08240528E-02
   26600  9.43300156E-01 -2.20171199E-01 -1.01457600E-01  1.72843424E+00  1.86216595E-02
   26650  9.07089179E-01 -2.85585008E-01 -7.88481742E-02  1.72067435E+00  1.12279759E-02
   26700  9.44544173E-01 -2.06295808E-01 -5.06565399E-02  1.69852875E+00  1.98759748E-02
   26750  9.37870131E-01 -2.17684075E-01 -7.96280486E-02  1.70747377E+00  1.79638300E-02
   26800  9.17873280E-01 -2.23401114E-01 -8.36177798E-02  1.69920045E+00  2.28869549E-02
   26850  9.20436951E-01 -2.19806851E-01 -1.17038736E-01  1.70467765E+00  2.76863150E-02
   26900  9.36905391E-01 -2.23741574E-01 -9.32010111E-02  1.72718898E+00  1.15800692E-02
   26950  9.01535260E-01 -2.44294559E-01 -6.61079006E-02  1.70988305E+00  2.78670119E-02
   27000  8.89634845E-01 -2.51989166E-01  7.93943689E-03  1.72249268E+00  1.99802472E-02
   27050  8.60371790E-01 -2.67088233E-01 -5.29881155E-03  1.71505626E+00  6.95694648E-03
   27100  8.66295526E-01 -2.43184964E-01 -2.39881353E-02  1.71600045E+00  1.31487309E-02
   27150  8.73969672E-01 -2.50778306E-01 -3.11246327E-02  1.70891859E+00  2.71127163E-02
   27200  8.90525679E-01 -2.38496497E-01 -3.18343601E-02  1.70755439E+00  2.42646512E-02
   27250  9.38584372E-01 -2.57129093E-01 -6.62755543E-02  1.71333268E+00  2.43437884E-02
   27300  8.95313977E-01 -2.77229754E-01 -1.91285465E-02  1.69298662E+00  2.46673281E-02
   27350  9.01461993E-01 -2.55993780E-01  1.79920244E-02  1.69796911E+00  2.85743779E-02
   27400  9.11677381E-01 -2.40772431E-01  1.01950365E-02  1.70953082E+00  2.97380651E-02
   27450  9.06324045E-01 -2.00865296E-01  3.61948399E-02  1.69587007E+00  2.46515963E-02
   27500  9.21100941E-01 -2.24603447E-01  8.96485611E-03  1.69353459E+00  1.21548506E-02
   27550  9.01033686E-01 -2.13126423E-01  2.02001227E-02  1.69321151E+00  1.49257543E-02
   27600  9.30234556E-01 -2.05070162E-01  3.88310026E-02  1.70824409E+00  1.94035711E-02
   27650  9.16336917E-01 -1.95563810E-01  1.55720480E-03  1.72015744E+00  1.69009966E-02
   27700  9.35587813E-01 -1.60662095E-01  3.10076209E-02  1.70261707E+00  4.35560496E-02
   27750  8.91128989E-01 -1.40875651E-01  1.88338745E-02  1.69235344E+00  1.78198544E-02
   27800  8.90772376E-01 -1.09045555E-01 -4.12232542E-02  1.69246163E+00  2.45589473E-02
   27850  9.15027008E-01 -4.09454515E-02 -4.73371965E-02  1.69569049E+00  2.18924643E-02
   27900  9.33261420E-01 -3.76097706E-02 -4.88438728E-02  1.71750143E+00  1.97397322E-02
   27950  8.98633301E-01 -8.52045732E-02 -8.38267208E-02  1.71511040E+00  3.34453230E-02
   28000  8.54370434E-01 -1.00686227E-01 -2.35319944E-02  1.70635159E+00  2.16991515E-02
   28050  8.71131816E-01 -8.41167990E-02  7.02787813E-03  1.69883792E+00  2.48940825E-02
   28100  8.39049644E-01 -5.49935935E-02  3.32168164E-02  1.68066751E+00  2.30824560E-02
   28150  8.15096262E-01 -5.04076686E-02 -1.06860925E-02  1.68729832E+00  1.59621076E-02
   28200  8.13144410E-01 -9.29135576E-02 -2.04243639E-02  1.71873857E+00  2.41146879E-02
   28250  8.05050880E-01 -1.03222081E-01 -1.31380049E-02  1.72178998E+00  1.87700413E-02
   28300  7.99752836E-01 -7.30845486E-02 -2.54192132E-03  1.70322993E+00  2.76408467E-02
   28350  7.75273583E-01 -5.31008862E-02  3.90586949E-03  1.69734572E+00  2.31889342E-02
   28400  7.90468758E-01 -8.80323224E-03 -2.48623264E-02  1.70960523E+00  3.66567855E-02
   28450  7.56381206E-01 -1.15609191E-02 -4.37265924E-02  1.71090599E+00  3.37205404E-02
   28500  7.71565420E-01 -5.02332905E-02 -1.16184587E-02  1.70423692E+00  1.92356838E-02
   28550  7.60159825E-01 -5.43972038E-02  7.75373806E-03  1.72204322E+00  1.36396003E-02
   28600  8.22074185E-01 -2.04607588E-02  2.63336083E-02  1.72432788E+00  2.28770673E-02
   28650  8.24349259E-01  7.44151107E-03 -5.10364969E-03  1.71655974E+00  2.27028789E-02
   28700  8.33396637E-01  8.95444896E-02  5.52716121E-02  1.71175183E+00  2.76615409E-02
   28750  8.32662834E-01  6.17481017E-02  4.89285274E-02  1.72310368E+00  2.56794975E-02
   28800  8.26523806E-01  7.82728867E-02 -3.58472199E-03  1.71462746E+00  1.75033753E-02
   28850  8.05203433E-01  9.22061271E-02  6.30972475E-02  1.70972256E+00  1.52677504E-02
   28900  8.13089943E-01  3.98832224E-02  5.66780463E-02  1.72548450E+00  1.30045859E-02
   28950  7.91842062E-01  5.88047264E-02  8.33580452E-02  1.70810114E+00  1.20044054E-02
   29000  7.92197408E-01  2.95996517E-02  4.64800596E-02  1.71107182E+00  2.19920075E-02
   29050  7.98171306E-01 -2.54200756E-02  9.93757456E-02  1.72556284E+00  2.58206973E-02
   29100  7.80866504E-01  7.09095246E-03  9.90859204E-02  1.71105172E+00  2.20034170E-02
   29150  7.53748411E-01 -3.84362234E-02  1.11573894E-01  1.71032006E+00  3.38582721E-02
   29200  7.68014479E-01 -4.02857340E-02  9.65763067E-02  1.71016405E+00  1.80683641E-02
   29250  7.76579385E-01 -5.84306018E-02  1.54480258E-01  1.73217262E+00  2.51234199E-02
   29300  8.03666149E-01 -2.31908021E-02  1.28197037E-01  1.72361325E+00  8.63952096E-03
   29350  8.05093670E-01 -5.73047226E-02  1.40998838E-01  1.71067651E+00  1.56226784E-02
   29400  8.24475264E-01 -3.37555090E-03  1.85658440E-01  1.72127171E+00  1.23446581E-02
   29450  8.40601670E-01  1.85388334E-02  1.49274922E-01  1.72418726E+00  2.09997652E-02
   29500  8.71678934E-01  2.90758313E-02  1.66589403E-01  1.73340653E+00  1.70587933E-02
   29550  8.55156522E-01  6.89559529E-03  1.38994459E-01  1.71743131E+00  2.74494464E-02
   29600  8.24016691E-01 -1.68500232E-02  9.64047755E-02  1.70566572E+00  2.67285110E-03
   29650  8.04962918E-01 -1.91520544E-02  7.45541729E-02  1.70276386E+00  9.00507601E-03
   29700  7.90619034E-01 -7.16668314E-02  7.62069632E-02  1.71339555E+00  8.57677156E-03
   29750  7.48631099E-01 -8.76805530E-02  1.26597025E-01  1.71383698E+00  1.12815484E-02
   29800  7.16735721E-01 -5.99369833E-02  1.65543299E-01  1.70011346E+00  2.99197490E-02
   29850  7.29811670E-01 -7.19679997E-02  1.80912291E-01  1.72418683E+00  1.67803415E-02
   29900  7.06649494E-01 -3.32375575E-02  1.95701711E-01  1.71061154E+00  2.42577847E-02
   29950  6.89370280E-01 -3.78615534E-02  1.45308425E-01  1.72087154E+00  1.74865748E-02
   30000  7.15922826E-01 -3.39663133E-02  1.12732533E-01  1.70682005E+00  1.92806491E-02
   30050  7.27050825E-01  2.60609898E-02  6.60831398E-02  1.72189774E+00  1.18473566E-02
   30100  6.97101223E-01 -8.89618421E-03  8.93725036E-02  1.71165297E+00  2.81635782E-02
   30150  6.74591151E-01 -7.84462753E-02  7.54551283E-02  1.71698172E+00  2.88303829E-02
   30200  6.54965017E-01 -8.14604664E-02  3.05848636E-02  1.71110043E+00  1.93051860E-02
   30250  6.77201097E-01 -9.33378150E-02  1.72857538E-02  1.70977906E+00  1.30122877E-02
   30300  6.54352393E-01 -1.30067735E-01  6.64181191E-02  1.71726157E+00  8.47284584E-03
   30350  6.41483036E-01 -1.32788526E-01  1.03862742E-01  1.72619407E+00  2.83252389E-02
   30400  6.27686388E-01 -1.97881501E-01  7.54242490E-02  1.71561760E+00  1.53531625E-02
   30450  6.28565629E-01 -1.68952318E-01  7.33062267E-02  1.71870876E+00  2.54353860E-02
   30500  6.21193471E-01 -1.82147263E-01  4.66698897E-02  1.72256059E+00  6.40712446E-03
   30550  5.79292325E-01 -1.83965993E-01  5.35639579E-02  1.71981038E+00  2.33630875E-02
   30600  5.98242863E-01 -1.88353198E-01  6.51610651E-02  1.73636604E+00  2.12904617E-02
   30650  6.43920045E-01 -2.03885375E-01  9.77831514E-02  1.73108354E+00  8.22278672E-03
   30700  6.92046612E-01 -1.77913117E-01  1.02904137E-01  1.71591100E+00  2.89047036E-02
   30750  6.46667581E-01 -1.78943719E-01  8.68555392E-02  1.71512716E+00  2.88865526E-02
   30800  7.12218045E-01 -1.36485785E-01  1.10123371E-01  1.70048886E+00  3.79884135E-02
   30850  6.89924401E-01 -7.93597996E-02  1.07649280E-01  1.69035530E+00  3.30665486E-02
   30900  6.97915023E-01 -5.18337946E-02  9.47567286E-02  1.68857752E+00  1.80139324E-02
   30950  7.56122299E-01 -6.52556768E-02  1.19558999E-01  1.71675671E+00  1.70624254E-02
   31000  7.42319278E-01 -5.56993003E-02  6.81838052E-02  1.68796892E+00  1.74383091E-02
   31050  7.31828847E-01 -5.78891165E-02  9.04007658E-02  1.70397725E+00  1.83367424E-02
   31100  7.33667095E-01 -5.47315402E-02  9.84021703E-02  1.70859249E+00  2.70095934E-02
   31150  7.18442778E-01 -1.10862079E-02  9.57090586E-02  1.70005904E+00  1.19426305E-02
   31200  7.07213704E-01  1.63543607E-02  7.22436628E-02  1.69774485E+00  2.12741597E-02
   31250  6.82849727E-01 -1.52057823E-02  6.15914187E-02  1.70106793E+00  2.34911056E-02
   31300  7.16599924E-01 -1.42806434E-02  2.94957022E-02  1.71389853E+00  2.64119544E-02
   31350  6.70854661E-01 -3.36808028E-02  7.02779554E-02  1.72137693E+00  4.78856717E-03
   31400  6.66011416E-01 -4.06572577E-02  1.02463771E-01  1.72491380E+00  1.17005815E-02
   31450  6.74551506E-01 -5.46163524E-02  1.07092513E-01  1.72421314E+00  2.53657795E-02
   31500  6.34953120E-01 -5.99161897E-02  1.10409856E-01  1.73249863E+00  2.25976146E-02
   31550  6.32869222E-01 -4.99560679E-02  7.49634962E-02  1.69882539E+00  3.39658751E-02
   31600  5.91528285E-01 -2.25848183E-02  4.79527403E-02  1.69277304E+00  3.34442597E-02
   31650  5.90673740E-01 -7.90563129E-02  1.85966856E-02  1.69898073E+00  2.63491333E-02
   31700  6.00997734E-01 -1.12740093E-01  3.18078878E-02  1.70517708E+00  2.41111452E-02
   31750  6.28581256E-01 -1.06451729E-01  3.77070786E-02  1.71337502E+00  1.61556417E-02
   31800  6.30862311E-01 -1.00669283E-01  4.99369215E-02  1.71116891E+00  2.30131424E-02
   31850  6.20290195E-01 -1.17624637E-01  6.36874840E-02  1.71379047E+00  1.64613561E-02
   31900  5.86738861E-01 -1.51534917E-01  5.52548853E-02  1.71190425E+00  2.63420485E-02
   31950  6.14552144E-01 -1.56876784E-01  4.74995487E-02  1.73027094E+00  2.19803856E-02
   32000  5.79905257E-01 -1.69687522E-01  3.18319188E-02  1.73550861E+00  1.87789171E-02
   32050  5.87084877E-01 -1.44958550E-01  3.43573699E-02  1.72627646E+00  2.34952671E-02
   32100  6.05528872E-01 -1.11748362E-01  4.09619640E-02  1.71915514E+00  1.55137006E-02
   32150  6.49428847E-01 -9.19552516E-02  2.03951666E-02  1.71433822E+00  1.60069973E-02
   32200  6.31827647E-01 -6.05561289E-02 -3.46503943E-02  1.70816922E+00  2.52085769E-02
   32250  6.38112807E-01 -6.82542782E-02 -3.81527053E-02  1.71929531E+00  2.00069837E-02
   32300  6.35226977E-01 -8.63653584E-02 -2.53093740E-02  1.70141511E+00  1.34006076E-02
   32350  6.45162931E-01 -9.30897891E-02 -8.71710312E-03  1.70903698E+00  2.21841202E-02
   32400  6.28833761E-01 -1.32436774E-01  1.19572445E-02  1.71570659E+00  2.20913079E-02
   32450  5.99737054E-01 -1.82561617E-01  3.02256908E-02  1.71266814E+00  1.18203788E-02
   32500  5.95891864E-01 -1.42555423E-01  2.11941693E-03  1.68727003E+00  2.26509457E-02
   32550  5.93924754E-01 -1.45699432E-01 -6.66836523E-03  1.72848177E+00  1.50532515E-02
   32600  6.20657510E-01 -1.40809945E-01 -3.55548977E-02  1.71031658E+00  3.03516159E-02
   32650  6.02565108E-01 -1.65283753E-01 -5.90306128E-02  1.69424945E+00  1.97203117E-02
   32700  5.67554527E-01 -2.13716819E-01 -4.71816653E-02  1.69195183E+00  1.91973184E-02
   32750  5.51603386E-01 -2.61750587E-01 -3.82849328E-02  1.70621970E+00  2.52670993E-02
   32800  5.50811572E-01 -2.55036743E-01  3.43178393E-02  1.70067873E+00  1.63307681E-02
   32850  5.35686465E-01 -2.61108871E-01  2.59700572E-02  1.71114721E+00  1.95904361E-02
   32900  5.48252806E-01 -2.62113962E-01  4.58037562E-02  1.71512361E+00  2.01586856E-02
   32950  5.35433539E-01 -2.90164657E-01  4.82872892E-02  1.72107721E+00  1.46031630E-02
   33000  5.76903001E-01 -2.65463706E-01  6.34847290E-02  1.70677194E+00  1.85148500E-02
   33050  5.80936361E-01 -2.44378768E-01  6.51953243E-02  1.70302815E+00  1.84207023E-02
   33100  6.13351550E-01 -2.00435749E-01  4.23673887E-02  1.71154162E+00  2.57234901E-02
   33150  6.46775703E-01 -2.29078134E-01  8.88336485E-02  1.71079339E+00  1.50701755E-02
   33200  6.33907313E-01 -2.54655269E-01  6.73677345E-02  1.71768307E+00  1.17105659E-02
   33250  6.42424808E-01 -2.72421527E-01  6.91944738E-02  1.70586235E+00  1.11163535E-02
   33300  6.60433574E-01 -2.59789143E-01  1.12060906E-01  1.73898427E+00  9.45926591E-03
   33350  6.09292959E-01 -2.74346098E-01  9.34335197E-02  1.71569891E+00  2.23541648E-02
   33400  6.32272737E-01 -2.98173459E-01  1.09118622E-01  1.70262950E+00  1.85079132E-02
   33450  6.61015058E-01 -2.65402054E-01  1.24628597E-01  1.69189049E+00  1.10874779E-02
   33500  6.71098507E-01 -2.17679404E-01  8.55228259E-02  1.70000744E+00  2.38948830E-02
   33550  6.28615297E-01 -2.47263194E-01  1.07001502E-01  1.68959621E+00  2.05941187E-02
   33600  6.30732808E-01 -2.32682008E-01  1.08136503E-01  1.69469752E+00  1.73851879E-02
   33650  6.08658055E-01 -2.36566090E-01  4.21003066E-02  1.70615646E+00  1.84164138E-02
   33700  6.52393151E-01 -2.45903176E-01  6.20710047E-02  1.71756418E+00  1.17952551E-02
   33750  6.65617013E-01 -2.60490908E-01  5.51394701E-02  1.73340412E+00  1.02230587E-02
   33800  6.30769826E-01 -2.71576469E-01  5.31190600E-02  1.71747356E+00  1.67088882E-02
   33850  6.38006183E-01 -2.33581056E-01  4.14849217E-02  1.70835198E+00  1.55355439E-02
   33900  6.40271310E-01 -2.18484185E-01  8.23978734E-02  1.69315155E+00  2.65760883E-02
   33950  6.09515646E-01 -2.30655321E-01  8.55446169E-02  1.70598221E+00  1.97811894E-02
   34000  6.08436712E-01 -2.73228296E-01  1.35228884E-01  1.69236461E+00  1.61843086E-02
   34050  6.13716907E-01 -2.67060590E-01  1.86182017E-01  1.69584388E+00  1.92958724E-02
   34100  6.21787833E-01 -2.80462935E-01  2.24218458E-01  1.69973127E+00  1.93431994E-02
   34150  6.02908825E-01 -3.37158755E-01  2.37706393E-01  1.70183366E+00  5.55229467E-03
   34200  6.48844015E-01 -3.11237150E-01  2.19167189E-01  1.69727361E+00  2.25788754E-02
   34250  6.12951124E-01 -3.37130113E-01  1.90230039E-01  1.70105579E+00  2.30653257E-02
   34300  5.85628990E-01 -3.83886723E-01  2.16282428E-01  1.69982965E+00  3.73367688E-02
   34350  5.92794987E-01 -3.37365998E-01  2.68119779E-01  1.68562200E+00  2.39173988E-02
   34400  6.00247466E-01 -3.32930433E-01  2.69833356E-01  1.70907910E+00  1.76021864E-02
   34450  6.22306976E-01 -3.41725872E-01  2.80419049E-01  1.70755382E+00  1.22724215E-02
   34500  6.49511278E-01 -3.32182580E-01  2.88981832E-01  1.69402228E+00  1.20793273E-02
   34550  6.44893394E-01 -3.14538524E-01  2.87499801E-01  1.69245223E+00  2.64092440E-02
   34600  6.51004783E-01 -3.55516066E-01  2.87225282E-01  1.71714052E+00  3.26305300E-02
   34650  6.62998814E-01 -3.09860614E-01  2.43838542E-01  1.69886319E+00  1.79569906E-02
   34700  6.31543233E-01 -3.60376774E-01  2.55270765E-01  1.72017814E+00  2.42117632E-02
   34750  5.58044455E-01 -3.57454044E-01  2.49442617E-01  1.70084312E+00  3.03517816E-02
   34800  5.86604293E-01 -3.54087373E-01  2.41447605E-01  1.70884587E+00  2.18621228E-02
   34850  5.94656406E-01 -3.20496259E-01  2.45949093E-01  1.72043821E+00  1.12996770E-02
   34900  5.76592322E-01 -3.69651174E-01  2.49279922E-01  1.72735918E+00  1.49129335E-02
   34950  6.14764171E-01 -2.72223368E-01  2.37534177E-01  1.73408888E+00  1.12912483E-02
   35000  6.12656507E-01 -2.92126727E-01  2.38502142E-01  1.72471760E+00  1.90925127E-02
   35050  5.85113228E-01 -2.49399625E-01  2.30727526E-01  1.71549477E+00  2.33106574E-02
   35100  5.82628074E-01 -1.90739202E-01  1.59281636E-01  1.72943858E+00  2.72853841E-02
   35150  5.73075043E-01 -1.93177420E-01  1.47807577E-01  1.71545398E+00  1.58560537E-02
   35200  5.32365551E-01 -2.53193098E-01  1.38412949E-01  1.71935522E+00  3.03776480E-02
   35250  5.31184125E-01 -2.23237968E-01  1.51214794E-01  1.70158865E+00  1.07000326E-02
   35300  5.00241795E-01 -2.74753084E-01  1.48621091E-01  1.71786449E+00  2.30242941E-02
   35350  4.83802287E-01 -2.45176552E-01  1.48011194E-01  1.71528429E+00  1.97839232E-02
   35400  4.86080755E-01 -1.93734736E-01  1.80994268E-01  1.70118498E+00  3.04880448E-02
   35450  4.91693283E-01 -2.45068136E-01  2.05849083E-01  1.72424444E+00  1.42618519E-02
   35500  4.79097051E-01 -2.56057620E-01  2.81236310E-01  1.70485242E+00  1.42485709E-02
   35550  5.00147181E-01 -2.40635753E-01  3.26745629E-01  1.71764692E+00  2.03076411E-02
   35600  5.06278533E-01 -2.70657837E-01  4.22347450E-01  1.72391160E+00  1.28528070E-02
   35650  5.16787069E-01 -2.13582557E-01  3.15049555E-01  1.68944407E+00  3.14444869E-02
   35700  5.22055392E-01 -1.72031421E-01  3.31208694E-01  1.69414567E+00  2.22358638E-02
   35750  4.86717763E-01 -2.61753848E-01  3.51195634E-01  1.71120698E+00  2.97239202E-02
   35800  4.89986947E-01 -2.59464671E-01  3.66962389E-01  1.70025074E+00  1.54339666E-02
   35850  4.63812369E-01 -2.54229515E-01  3.66818115E-01  1.69897487E+00  1.78398081E-02
   35900  4.78277550E-01 -2.05363485E-01  3.65302994E-01  1.70796935E+00  1.77260825E-02
   35950  4.98063764E-01 -2.18548153E-01  3.58600020E-01  1.71503798E+00  1.65432848E-02
   36000  5.26873182E-01 -2.07935377E-01  3.53528029E-01  1.72979940E+00  2.54871857E-02
   36050  4.81561203E-01 -2.66713926E-01  3.92823537E-01  1.69921946E+00  1.89727673E-02
   36100  4.82217880E-01 -2.20729295E-01  3.88690643E-01  1.71372532E+00  2.03324346E-02
   36150  4.58042214E-01 -2.41720067E-01  3.74307383E-01  1.70966720E+00  2.97216714E-02
   36200  4.24512283E-01 -2.36428807E-01  3.47019890E-01  1.69440330E+00  2.10523675E-02
   36250  4.16610318E-01 -2.32007477E-01  3.17306672E-01  1.70659170E+00  2.70959642E-02
   36300  4.15650981E-01 -2.16489547E-01  2.89385955E-01  1.71112780E+00  2.08028565E-02
   36350  4.05610588E-01 -2.10658247E-01  3.27867537E-01  1.70745604E+00  1.96123502E-02
   36400  4.14254615E-01 -1.88818216E-01  2.80366463E-01  1.72493228E+00  2.12878111E-02
   36450  4.68316711E-01 -1.91027923E-01  2.65404382E-01  1.72275581E+00  3.19855732E-02
   36500  4.69232599E-01 -2.10582909E-01  2.95014862E-01  1.72062133E+00  3.40944366E-02
   36550  4.28018904E-01 -2.90945836E-01  3.07272832E-01  1.71201893E+00  2.61009588E-02
   36600  3.69447587E-01 -3.09465752E-01  3.15647492E-01  1.70632299E+00  2.99822185E-02
   36650  4.07135230E-01 -2.82618504E-01  3.38383445E-01  1.71041253E+00  1.66655738E-02
   36700  4.32050597E-01 -3.01349121E-01  3.44961866E-01  1.71850847E+00  3.17717975E-02
   36750  4.18019286E-01 -2.98999734E-01  3.40023900E-01  1.70589878E+00  1.79272089E-02
   36800  4.32302877E-01 -3.21449188E-01  3.51803031E-01  1.71997294E+00  1.77769554E-02
   36850  4.43107903E-01 -3.35530546E-01  3.28400748E-01  1.72386451E+00  1.17989790E-02
   36900  4.73881809E-01 -3.79435735E-01  3.09011553E-01  1.70672069E+00  2.68373793E-02
   36950  4.56656337E-01 -3.63206411E-01  2.94403929E-01  1.70916386E+00  2.15624672E-02
   37000  4.25417174E-01 -3.58157307E-01  3.17287835E-01  1.71764876E+00  1.04186608E-02
   37050  4.20402888E-01 -3.63044950E-01  3.14442548E-01  1.71176636E+00  2.28453268E-02
   37100  3.85432327E-01 -3.46507158E-01  3.34761057E-01  1.71184037E+00  9.16151946E-03
   37150  4.22910754E-01 -3.19981953E-01  3.19246034E-01  1.71191367E+00  1.41690576E-02
   37200  4.04550474E-01 -3.33330012E-01  2.82009824E-01  1.72538909E+00  2.42816955E-02
   37250  4.05209634E-01 -3.29498329E-01  3.33931716E-01  1.71898499E+00  2.01477851E-02
   37300  4.06707051E-01 -3.82227133E-01  3.00448578E-01  1.70464099E+00  1.99406248E-02
   37350  4.34224993E-01 -3.08318570E-01  3.16981984E-01  1.70690170E+00  1.72593377E-02
   37400  4.26558598E-01 -3.02319403E-01  3.10541957E-01  1.68999789E+00  1.17848115E-02
   37450  4.74751572E-01 -2.96219441E-01  3.21039739E-01  1.69772516E+00  2.16355739E-02
   37500  4.67206001E-01 -2.86495815E-01  2.90886529E-01  1.70358691E+00  1.84499516E-02
   37550  4.33841865E-01 -3.33362785E-01  3.14144728E-01  1.70276088E+00  2.20592264E-02
   37600  4.34789787E-01 -3.01065440E-01  3.28596454E-01  1.69971133E+00  3.79291461E-02
   37650  4.67772328E-01 -2.93902051E-01  3.02896066E-01  1.70557434E+00  3.39574091E-02
   37700  4.56441826E-01 -3.40202559E-01  2.66129439E-01  1.70504850E+00  1.39621705E-02
   37750  4.56099834E-01 -3.60437195E-01  2.58188736E-01  1.70649934E+00  1.37299888E-02
   37800  4.70051329E-01 -3.30301623E-01  2.95032395E-01  1.70978329E+00  2.23280404E-02
   37850  4.83028898E-01 -3.75310999E-01  3.26188488E-01  1.71296691E+00  1.59152338E-02
   37900  4.06188014E-01 -3.61978179E-01  3.17595622E-01  1.70307725E+00  2.88816050E-02
   37950  4.19433331E-01 -3.70872410E-01  2.98878998E-01  1.69906597E+00  8.72981794E-03
   38000  4.31367734E-01 -3.64470807E-01  2.89737964E-01  1.69893595E+00  1.49671307E-02
   38050  4.82087597E-01 -2.74577798E-01  2.74635773E-01  1.71353832E+00  1.92062837E-02
   38100  4.81478749E-01 -3.28805523E-01  2.85965317E-01  1.72351419E+00  1.72802442E-02
   38150  4.76168245E-01 -3.14027550E-01  3.08520659E-01  1.71463002E+00  2.26461430E-02
   38200  4.50549194E-01 -3.46254212E-01  3.00016311E-01  1.71914023E+00  1.62152796E-02
   38250  4.03603461E-01 -3.36674920E-01  2.84355321E-01  1.70491865E+00  3.64598542E-02
   38300  4.05595587E-01 -3.49674794E-01  2.84253355E-01  1.70768715E+00  1.83755187E-02
   38350  3.93260872E-01 -3.74032719E-01  3.16017105E-01  1.71510535E+00  6.35632282E-03
   38400  4.20768166E-01 -3.34836132E-01  3.25094558E-01  1.72929630E+00  1.39161133E-02
   38450  4.44697264E-01 -2.98858691E-01  3.31105346E-01  1.72204193E+00  2.01978001E-02
   38500  4.83752069E-01 -2.78038835E-01  3.15002609E-01  1.73373994E+00  2.21237662E-02
   38550  4.82689921E-01 -2.60361643E-01  2.95238851E-01  1.73786785E+00  1.35489862E-02
   38600  4.69372639E-01 -3.17358229E-01  3.57001537E-01  1.72252619E+00  2.18632692E-02
   38650  4.60824086E-01 -3.17373842E-01  3.12662578E-01  1.71193652E+00  2.68603591E-02
   38700  4.48437423E-01 -3.48095503E-01  3.33152017E-01  1.72591026E+00  2.04261259E-02
   38750  4.74195609E-01 -3.21988472E-01  3.86608622E-01  1.70961707E+00  2.12416157E-02
   38800  4.69492173E-01 -3.15936673E-01  3.64113018E-01  1.70815585E+00  1.64962146E-02
   38850  5.04904076E-01 -2.65465450E-01  3.67328958E-01  1.70087657E+00  1.19337289E-02
   38900  5.20556799E-01 -2.42249902E-01  3.89412624E-01  1.69819796E+00  1.20038960E-02
   38950  5.55391574E-01 -1.98978604E-01  4.28584387E-01  1.71749954E+00  1.52503340E-02
   39000  5.76187157E-01 -1.45374047E-01  4.38225466E-01  1.71367971E+00  2.70454243E-02
   39050  5.76080717E-01 -1.53560093E-01  4.12210315E-01  1.70648110E+00  2.22564195E-02
   39100  5.60837363E-01 -1.35902048E-01  4.34772859E-01  1.70368598E+00  2.03971970E-02
   39150  6.11427582E-01 -1.25810261E-01  4.79229880E-01  1.71633428E+00  3.05787563E-02
   39200  6.15636064E-01 -1.70037253E-01  4.35462312E-01  1.72449203E+00  1.42094723E-02
   39250  6.15945042E-01 -1.31700956E-01  4.11270443E-01  1.70423822E+00  3.61110271E-02
   39300  5.88177105E-01 -1.43207183E-01  3.82212398E-01  1.71153639E+00  2.31127112E-02
   39350  5.91056655E-01 -1.67921829E-01  3.55874555E-01  1.72365448E+00  8.64305935E-03
   39400  5.85218032E-01 -1.12861935E-01  3.78751588E-01  1.72026354E+00  1.97821207E-02
   39450  5.69651580E-01 -1.14689366E-01  3.63773579E-01  1.72354115E+00  2.27650274E-02
   39500  5.39719382E-01 -9.03117103E-02  3.41082003E-01  1.72521110E+00  1.91013058E-02
   39550  5.66287166E-01 -1.01505183E-01  3.48829786E-01  1.73068009E+00  2.11075799E-02
   39600  5.41401957E-01 -8.95275375E-02  3.28746327E-01  1.71760445E+00  1.03691427E-02
   39650  5.53348950E-01 -9.28398687E-02  2.99301554E-01  1.70997549E+00  2.58026388E-02
   39700  5.78462727E-01 -8.94976821E-02  2.77265905E-01  1.71128082E+00  1.59363186E-02
   39750  5.35493050E-01 -9.73040977E-02  2.89944527E-01  1.69316999E+00  1.65607345E-02
   39800  5.54696406E-01 -8.49242615E-02  2.88544635E-01  1.69572086E+00  2.69309474E-02
   39850  5.63160406E-01 -1.08369847E-01  3.22036260E-01  1.71566607E+00  2.84141112E-02
   39900  5.58373653E-01 -1.78458358E-01  3.64979179E-01  1.73283860E+00  2.26557095E-02
   39950  5.38605602E-01 -2.35730842E-01  3.74783040E-01  1.71244273E+00  1.46156774E-02
