   #Iter             <M>           <M^2>           <M^4>      U_{Binder}            \chi        C_v(tot)             <E>       <E_{exc}>       <E_{lsf}>
       1  1.70670967E+00  2.91310352E+00  8.48904127E+00  6.66553968E-01  4.26247619E-04  1.04335163E-01 -8.75481192E+00 -8.75481192E+00  0.00000000E+00
      11  1.70671177E+00  2.91353484E+00  8.49647876E+00  6.66360632E-01  1.16232393E-03  1.05975367E+00 -8.78704119E+00 -8.78704119E+00  0.00000000E+00
      21  1.70741219E+00  2.91589918E+00  8.50990356E+00  6.66375163E-01  1.11552327E-03  1.53900875E+00 -8.78913973E+00 -8.78913973E+00  0.00000000E+00
      31  1.71520570E+00  2.94252100E+00  8.66533842E+00  6.66400698E-01  1.02457896E-03  2.00745638E+00 -8.80945841E+00 -8.80945841E+00  0.00000000E+00
      41  1.71257386E+00  2.93344777E+00  8.61140964E+00  6.66422865E-01  9.34566104E-04  1.67766314E+00 -8.80778918E+00 -8.80778918E+00  0.00000000E+00
      51  1.71144533E+00  2.92960597E+00  8.58914379E+00  6.66412173E-01  9.73313135E-04  1.49113831E+00 -8.80958804E+00 -8.80958804E+00  0.00000000E+00
      61  1.71409870E+00  2.93872632E+00  8.64303623E+00  6.66399423E-01  1.02725814E-03  1.47060114E+00 -8.80678632E+00 -8.80678632E+00  0.00000000E+00
      71  1.71288054E+00  2.93449405E+00  8.61750558E+00  6.66424726E-01  9.27244423E-04  1.44504598E+00 -8.80159550E+00 -8.80159550E+00  0.00000000E+00
      81  1.71401693E+00  2.93836008E+00  8.63988210E+00  6.66438029E-01  8.78167042E-04  1.27582042E+00 -8.80160537E+00 -8.80160537E+00  0.00000000E+00
      91  1.71282112E+00  2.93429597E+00  8.61639834E+00  6.66422553E-01  9.36695587E-04  1.32074567E+00 -8.80128112E+00 -8.80128112E+00  0.00000000E+00
     101  1.71182874E+00  2.93087970E+00  8.59615184E+00  6.66430113E-01  9.06000680E-04  1.37767798E+00 -8.79547128E+00 -8.79547128E+00  0.00000000E+00
     111  1.71228612E+00  2.93248104E+00  8.60595904E+00  6.66414171E-01  9.67084530E-04  1.44374375E+00 -8.79803043E+00 -8.79803043E+00  0.00000000E+00
     121  1.71131303E+00  2.92918333E+00  8.58700771E+00  6.66398887E-01  1.02565813E-03  1.47734840E+00 -8.79766652E+00 -8.79766652E+00  0.00000000E+00
     131  1.71141254E+00  2.92952913E+00  8.58908721E+00  6.66396870E-01  1.03470719E-03  1.45840536E+00 -8.79567534E+00 -8.79567534E+00  0.00000000E+00
     141  1.71091983E+00  2.92783042E+00  8.57899253E+00  6.66402184E-01  1.01304640E-03  1.50702353E+00 -8.79604741E+00 -8.79604741E+00  0.00000000E+00
     151  1.71054213E+00  2.92655116E+00  8.57164789E+00  6.66396325E-01  1.03562662E-03  1.50961295E+00 -8.79828668E+00 -8.79828668E+00  0.00000000E+00
     161  1.71024304E+00  2.92555417E+00  8.56610970E+00  6.66384601E-01  1.08097402E-03  1.48395319E+00 -8.79684305E+00 -8.79684305E+00  0.00000000E+00
     171  1.71052903E+00  2.92652861E+00  8.57177768E+00  6.66386132E-01  1.07431205E-03  1.48506919E+00 -8.79734755E+00 -8.79734755E+00  0.00000000E+00
     181  1.71117883E+00  2.92874236E+00  8.58463405E+00  6.66390664E-01  1.05751233E-03  1.48220772E+00 -8.79803585E+00 -8.79803585E+00  0.00000000E+00
     191  1.71112898E+00  2.92858357E+00  8.58384274E+00  6.66385243E-01  1.07798932E-03  1.47064400E+00 -8.79746217E+00 -8.79746217E+00  0.00000000E+00
     201  1.71226376E+00  2.93246979E+00  8.60664745E+00  6.66384927E-01  1.08044827E-03  1.46747344E+00 -8.79884798E+00 -8.79884798E+00  0.00000000E+00
     211  1.71175422E+00  2.93070455E+00  8.59605904E+00  6.66393843E-01  1.04477048E-03  1.44710948E+00 -8.79780265E+00 -8.79780265E+00  0.00000000E+00
     221  1.71156245E+00  2.93003746E+00  8.59202347E+00  6.66398608E-01  1.02634971E-03  1.48545760E+00 -8.79645530E+00 -8.79645530E+00  0.00000000E+00
     231  1.71138774E+00  2.92942930E+00  8.58834467E+00  6.66402976E-01  1.00878246E-03  1.48684190E+00 -8.79609677E+00 -8.79609677E+00  0.00000000E+00
     241  1.71125708E+00  2.92896720E+00  8.58546362E+00  6.66409648E-01  9.82902309E-04  1.43582585E+00 -8.79674575E+00 -8.79674575E+00  0.00000000E+00
     251  1.71130141E+00  2.92911621E+00  8.58630224E+00  6.66411008E-01  9.78227491E-04  1.43197403E+00 -8.79693723E+00 -8.79693723E+00  0.00000000E+00
     261  1.71174779E+00  2.93065177E+00  8.59539622E+00  6.66407551E-01  9.91395415E-04  1.43988190E+00 -8.79817364E+00 -8.79817364E+00  0.00000000E+00
     271  1.71209087E+00  2.93181435E+00  8.60207273E+00  6.66413148E-01  9.70403464E-04  1.41777084E+00 -8.79889022E+00 -8.79889022E+00  0.00000000E+00
     281  1.71219397E+00  2.93216896E+00  8.60417029E+00  6.66412507E-01  9.73114838E-04  1.40639257E+00 -8.79892581E+00 -8.79892581E+00  0.00000000E+00
     291  1.71241806E+00  2.93293069E+00  8.60857470E+00  6.66415089E-01  9.63266464E-04  1.39991160E+00 -8.79962775E+00 -8.79962775E+00  0.00000000E+00
     301  1.71188788E+00  2.93112090E+00  8.59802527E+00  6.66412324E-01  9.73205794E-04  1.38849673E+00 -8.79840212E+00 -8.79840212E+00  0.00000000E+00
     311  1.71233900E+00  2.93264986E+00  8.60680631E+00  6.66419736E-01  9.45805105E-04  1.36539300E+00 -8.79814998E+00 -8.79814998E+00  0.00000000E+00
     321  1.71250772E+00  2.93323632E+00  8.61035371E+00  6.66415680E-01  9.60761818E-04  1.39676123E+00 -8.79767319E+00 -8.79767319E+00  0.00000000E+00
     331  1.71170961E+00  2.93051670E+00  8.59455587E+00  6.66409417E-01  9.83803046E-04  1.39031244E+00 -8.79628198E+00 -8.79628198E+00  0.00000000E+00
     341  1.71144815E+00  2.92961970E+00  8.58927300E+00  6.66410282E-01  9.80405006E-04  1.37596342E+00 -8.79660888E+00 -8.79660888E+00  0.00000000E+00
     351  1.71156427E+00  2.93001140E+00  8.59150026E+00  6.66412989E-01  9.70358012E-04  1.38242372E+00 -8.79774700E+00 -8.79774700E+00  0.00000000E+00
     361  1.71145969E+00  2.92965822E+00  8.58948402E+00  6.66410858E-01  9.78644129E-04  1.37649962E+00 -8.79785996E+00 -8.79785996E+00  0.00000000E+00
     371  1.71130496E+00  2.92912046E+00  8.58623734E+00  6.66414497E-01  9.64500098E-04  1.37401874E+00 -8.79782316E+00 -8.79782316E+00  0.00000000E+00
     381  1.71113819E+00  2.92854214E+00  8.58276115E+00  6.66417840E-01  9.51371279E-04  1.36693883E+00 -8.79726180E+00 -8.79726180E+00  0.00000000E+00
     391  1.71135254E+00  2.92926690E+00  8.58690525E+00  6.66421903E-01  9.36047549E-04  1.34858842E+00 -8.79854451E+00 -8.79854451E+00  0.00000000E+00
     401  1.71158423E+00  2.93005389E+00  8.59144727E+00  6.66424720E-01  9.25484209E-04  1.34998111E+00 -8.80080945E+00 -8.80080945E+00  0.00000000E+00
     411  1.71199380E+00  2.93145995E+00  8.59973578E+00  6.66423134E-01  9.32193810E-04  1.34623539E+00 -8.80083330E+00 -8.80083330E+00  0.00000000E+00
     421  1.71200973E+00  2.93150969E+00  8.59997111E+00  6.66425326E-01  9.23881384E-04  1.34793677E+00 -8.79996801E+00 -8.79996801E+00  0.00000000E+00
     431  1.71212189E+00  2.93189556E+00  8.60225304E+00  6.66424636E-01  9.27047400E-04  1.34481899E+00 -8.80054115E+00 -8.80054115E+00  0.00000000E+00
     441  1.71244564E+00  2.93300316E+00  8.60873609E+00  6.66425319E-01  9.25124840E-04  1.33549792E+00 -8.80067430E+00 -8.80067430E+00  0.00000000E+00
     451  1.71226814E+00  2.93241233E+00  8.60547103E+00  6.66417455E-01  9.54727685E-04  1.34093906E+00 -8.80068781E+00 -8.80068781E+00  0.00000000E+00
     461  1.71226042E+00  2.93238753E+00  8.60534560E+00  6.66416674E-01  9.57583106E-04  1.34564322E+00 -8.80036717E+00 -8.80036717E+00  0.00000000E+00
     471  1.71233433E+00  2.93262778E+00  8.60660488E+00  6.66422520E-01  9.35230407E-04  1.32320811E+00 -8.80064443E+00 -8.80064443E+00  0.00000000E+00
     481  1.71230925E+00  2.93253950E+00  8.60605956E+00  6.66423575E-01  9.31069419E-04  1.30526469E+00 -8.80147108E+00 -8.80147108E+00  0.00000000E+00
     491  1.71214849E+00  2.93200332E+00  8.60307918E+00  6.66417122E-01  9.55940792E-04  1.30271823E+00 -8.80112198E+00 -8.80112198E+00  0.00000000E+00
     501  1.71248967E+00  2.93317653E+00  8.61001951E+00  6.66415028E-01  9.64315073E-04  1.32747161E+00 -8.80239139E+00 -8.80239139E+00  0.00000000E+00
     511  1.71244096E+00  2.93301592E+00  8.60914854E+00  6.66412240E-01  9.75095305E-04  1.34653778E+00 -8.80215087E+00 -8.80215087E+00  0.00000000E+00
     521  1.71223145E+00  2.93229654E+00  8.60490698E+00  6.66412977E-01  9.71841767E-04  1.35879158E+00 -8.80123983E+00 -8.80123983E+00  0.00000000E+00
     531  1.71235777E+00  2.93273024E+00  8.60746761E+00  6.66412394E-01  9.73765427E-04  1.37209642E+00 -8.80078864E+00 -8.80078864E+00  0.00000000E+00
     541  1.71233262E+00  2.93264286E+00  8.60693980E+00  6.66412971E-01  9.71551293E-04  1.37724413E+00 -8.80116935E+00 -8.80116935E+00  0.00000000E+00
     551  1.71201502E+00  2.93156221E+00  8.60068190E+00  6.66409710E-01  9.83556739E-04  1.37469378E+00 -8.80081239E+00 -8.80081239E+00  0.00000000E+00
     561  1.71172898E+00  2.93059307E+00  8.59511762E+00  6.66405000E-01  1.00123307E-03  1.36957728E+00 -8.80078640E+00 -8.80078640E+00  0.00000000E+00
     571  1.71146083E+00  2.92968782E+00  8.58995666E+00  6.66399244E-01  1.02325808E-03  1.36553874E+00 -8.80096492E+00 -8.80096492E+00  0.00000000E+00
     581  1.71166031E+00  2.93036957E+00  8.59394141E+00  6.66399770E-01  1.02135549E-03  1.35422136E+00 -8.80114483E+00 -8.80114483E+00  0.00000000E+00
     591  1.71187853E+00  2.93111620E+00  8.59831407E+00  6.66400049E-01  1.02059159E-03  1.34212580E+00 -8.80133884E+00 -8.80133884E+00  0.00000000E+00
     601  1.71189504E+00  2.93116549E+00  8.59851910E+00  6.66403313E-01  1.00801512E-03  1.34767540E+00 -8.80162785E+00 -8.80162785E+00  0.00000000E+00
     611  1.71202633E+00  2.93161213E+00  8.60110479E+00  6.66404669E-01  1.00300243E-03  1.35061407E+00 -8.80170261E+00 -8.80170261E+00  0.00000000E+00
     621  1.71193960E+00  2.93132404E+00  8.59951937E+00  6.66400596E-01  1.01841585E-03  1.34585228E+00 -8.80168301E+00 -8.80168301E+00  0.00000000E+00
     631  1.71196346E+00  2.93140736E+00  8.60002641E+00  6.66399892E-01  1.02122908E-03  1.35203134E+00 -8.80245493E+00 -8.80245493E+00  0.00000000E+00
     641  1.71203048E+00  2.93164059E+00  8.60143757E+00  6.66398239E-01  1.02776419E-03  1.34497400E+00 -8.80237122E+00 -8.80237122E+00  0.00000000E+00
     651  1.71200489E+00  2.93155103E+00  8.60088860E+00  6.66399147E-01  1.02437441E-03  1.34994601E+00 -8.80232253E+00 -8.80232253E+00  0.00000000E+00
     661  1.71182007E+00  2.93091767E+00  8.59716786E+00  6.66399331E-01  1.02339922E-03  1.35913332E+00 -8.80217583E+00 -8.80217583E+00  0.00000000E+00
     671  1.71178810E+00  2.93080620E+00  8.59649038E+00  6.66400244E-01  1.01986826E-03  1.36132201E+00 -8.80182406E+00 -8.80182406E+00  0.00000000E+00
     681  1.71162442E+00  2.93024449E+00  8.59318120E+00  6.66400801E-01  1.01749105E-03  1.36090823E+00 -8.80162769E+00 -8.80162769E+00  0.00000000E+00
     691  1.71129289E+00  2.92911436E+00  8.58660884E+00  6.66398673E-01  1.02558322E-03  1.36630380E+00 -8.80104012E+00 -8.80104012E+00  0.00000000E+00
     701  1.71142292E+00  2.92955828E+00  8.58919682E+00  6.66399251E-01  1.02362975E-03  1.37187665E+00 -8.80129242E+00 -8.80129242E+00  0.00000000E+00
     711  1.71153396E+00  2.92993890E+00  8.59143644E+00  6.66398957E-01  1.02455896E-03  1.37604181E+00 -8.80136466E+00 -8.80136466E+00  0.00000000E+00
     721  1.71141207E+00  2.92952262E+00  8.58900719E+00  6.66398497E-01  1.02619636E-03  1.39371763E+00 -8.80148107E+00 -8.80148107E+00  0.00000000E+00
     731  1.71140205E+00  2.92949130E+00  8.58885829E+00  6.66397147E-01  1.03136056E-03  1.39671072E+00 -8.80183222E+00 -8.80183222E+00  0.00000000E+00
     741  1.71150106E+00  2.92982959E+00  8.59083422E+00  6.66397450E-01  1.03032980E-03  1.40495074E+00 -8.80192821E+00 -8.80192821E+00  0.00000000E+00
     751  1.71137115E+00  2.92938135E+00  8.58816629E+00  6.66398982E-01  1.02411845E-03  1.39564858E+00 -8.80180353E+00 -8.80180353E+00  0.00000000E+00
     761  1.71116154E+00  2.92866522E+00  8.58398483E+00  6.66398322E-01  1.02630876E-03  1.39054328E+00 -8.80179348E+00 -8.80179348E+00  0.00000000E+00
     771  1.71139343E+00  2.92945968E+00  8.58865102E+00  6.66397995E-01  1.02771048E-03  1.38041030E+00 -8.80168185E+00 -8.80168185E+00  0.00000000E+00
     781  1.71137749E+00  2.92940240E+00  8.58828347E+00  6.66399227E-01  1.02298993E-03  1.38352345E+00 -8.80147793E+00 -8.80147793E+00  0.00000000E+00
     791  1.71153504E+00  2.92994353E+00  8.59147526E+00  6.66398504E-01  1.02618184E-03  1.37018117E+00 -8.80155085E+00 -8.80155085E+00  0.00000000E+00
