   #Iter             <M>           <M^2>           <M^4>      U_{Binder}            \chi        C_v(tot)             <E>       <E_{exc}>       <E_{lsf}>
       1  2.03403516E+00  4.13733369E+00  1.71181043E+01  6.66655485E-01  1.42122235E-04  2.57445059E-01 -1.09788068E+01 -1.09788068E+01  0.00000000E+00
      11  2.03779080E+00  4.15265299E+00  1.72455477E+01  6.66646935E-01  2.52807405E-04  1.25562215E+00 -1.09807445E+01 -1.09807445E+01  0.00000000E+00
      21  2.03868822E+00  4.15630159E+00  1.72757048E+01  6.66650036E-01  2.12921758E-04  1.03978621E+00 -1.09765731E+01 -1.09765731E+01  0.00000000E+00
      31  2.03587973E+00  4.14487034E+00  1.71810111E+01  6.66646081E-01  2.62778614E-04  1.06100653E+00 -1.09766964E+01 -1.09766964E+01  0.00000000E+00
      41  2.03619712E+00  4.14617071E+00  1.71919250E+01  6.66643525E-01  2.95283345E-04  1.09757725E+00 -1.09777373E+01 -1.09777373E+01  0.00000000E+00
      51  2.03462155E+00  4.13977169E+00  1.71391452E+01  6.66638746E-01  3.56182143E-04  1.15773860E+00 -1.09753560E+01 -1.09753560E+01  0.00000000E+00
      61  2.03413143E+00  4.13777061E+00  1.71224661E+01  6.66640958E-01  3.27838801E-04  1.26203171E+00 -1.09743116E+01 -1.09743116E+01  0.00000000E+00
      71  2.03374489E+00  4.13619772E+00  1.71094438E+01  6.66641100E-01  3.25909039E-04  1.20558735E+00 -1.09716421E+01 -1.09716421E+01  0.00000000E+00
      81  2.03366388E+00  4.13587659E+00  1.71069252E+01  6.66638410E-01  3.60138224E-04  1.15568931E+00 -1.09732323E+01 -1.09732323E+01  0.00000000E+00
      91  2.03398240E+00  4.13716867E+00  1.71175566E+01  6.66639559E-01  3.45677272E-04  1.18147307E+00 -1.09731945E+01 -1.09731945E+01  0.00000000E+00
     101  2.03415836E+00  4.13787798E+00  1.71233190E+01  6.66641654E-01  3.18957947E-04  1.11552759E+00 -1.09739837E+01 -1.09739837E+01  0.00000000E+00
     111  2.03398045E+00  4.13715637E+00  1.71173829E+01  6.66640958E-01  3.27685311E-04  1.09533531E+00 -1.09739013E+01 -1.09739013E+01  0.00000000E+00
     121  2.03283106E+00  4.13248888E+00  1.70788966E+01  6.66638710E-01  3.55903697E-04  1.15799580E+00 -1.09716787E+01 -1.09716787E+01  0.00000000E+00
     131  2.03293664E+00  4.13291539E+00  1.70823769E+01  6.66639595E-01  3.44579619E-04  1.19971901E+00 -1.09704654E+01 -1.09704654E+01  0.00000000E+00
     141  2.03287674E+00  4.13266842E+00  1.70802790E+01  6.66640694E-01  3.30479939E-04  1.22699126E+00 -1.09698647E+01 -1.09698647E+01  0.00000000E+00
     151  2.03305482E+00  4.13339449E+00  1.70863143E+01  6.66640049E-01  3.38780178E-04  1.23408763E+00 -1.09702883E+01 -1.09702883E+01  0.00000000E+00
     161  2.03326857E+00  4.13426220E+00  1.70934639E+01  6.66640535E-01  3.32664298E-04  1.21381565E+00 -1.09697655E+01 -1.09697655E+01  0.00000000E+00
     171  2.03338770E+00  4.13474921E+00  1.70975340E+01  6.66639701E-01  3.43269132E-04  1.25325630E+00 -1.09698726E+01 -1.09698726E+01  0.00000000E+00
     181  2.03333953E+00  4.13455232E+00  1.70958891E+01  6.66640027E-01  3.39087556E-04  1.28137018E+00 -1.09702859E+01 -1.09702859E+01  0.00000000E+00
     191  2.03281238E+00  4.13241428E+00  1.70783026E+01  6.66638270E-01  3.61404890E-04  1.31629675E+00 -1.09697926E+01 -1.09697926E+01  0.00000000E+00
     201  2.03322861E+00  4.13410409E+00  1.70922290E+01  6.66639120E-01  3.50786511E-04  1.28207815E+00 -1.09696673E+01 -1.09696673E+01  0.00000000E+00
     211  2.03345179E+00  4.13501038E+00  1.70997016E+01  6.66639554E-01  3.45343501E-04  1.28136565E+00 -1.09697243E+01 -1.09697243E+01  0.00000000E+00
     221  2.03357800E+00  4.13552456E+00  1.71039687E+01  6.66639276E-01  3.48947734E-04  1.29366263E+00 -1.09702065E+01 -1.09702065E+01  0.00000000E+00
     231  2.03339669E+00  4.13478853E+00  1.70979036E+01  6.66638835E-01  3.54496795E-04  1.33463961E+00 -1.09704389E+01 -1.09704389E+01  0.00000000E+00
     241  2.03321254E+00  4.13404117E+00  1.70917485E+01  6.66638346E-01  3.60671293E-04  1.35240948E+00 -1.09708394E+01 -1.09708394E+01  0.00000000E+00
     251  2.03293904E+00  4.13293119E+00  1.70826073E+01  6.66637648E-01  3.69405315E-04  1.33573529E+00 -1.09705183E+01 -1.09705183E+01  0.00000000E+00
     261  2.03289190E+00  4.13274049E+00  1.70810466E+01  6.66637340E-01  3.73284585E-04  1.34666057E+00 -1.09702798E+01 -1.09702798E+01  0.00000000E+00
     271  2.03306143E+00  4.13342974E+00  1.70867434E+01  6.66637364E-01  3.73066510E-04  1.32536429E+00 -1.09705786E+01 -1.09705786E+01  0.00000000E+00
     281  2.03322555E+00  4.13409512E+00  1.70922119E+01  6.66638008E-01  3.64968925E-04  1.32238474E+00 -1.09710629E+01 -1.09710629E+01  0.00000000E+00
     291  2.03289769E+00  4.13276308E+00  1.70812177E+01  6.66637645E-01  3.69462072E-04  1.28284549E+00 -1.09714959E+01 -1.09714959E+01  0.00000000E+00
     301  2.03295407E+00  4.13299056E+00  1.70830692E+01  6.66638210E-01  3.62276882E-04  1.27704351E+00 -1.09715644E+01 -1.09715644E+01  0.00000000E+00
     311  2.03284251E+00  4.13253453E+00  1.70792590E+01  6.66639002E-01  3.52119620E-04  1.26964542E+00 -1.09711207E+01 -1.09711207E+01  0.00000000E+00
     321  2.03280640E+00  4.13238641E+00  1.70780135E+01  6.66639417E-01  3.46839653E-04  1.25713240E+00 -1.09711390E+01 -1.09711390E+01  0.00000000E+00
     331  2.03251239E+00  4.13119587E+00  1.70682517E+01  6.66637910E-01  3.66028165E-04  1.26377874E+00 -1.09710132E+01 -1.09710132E+01  0.00000000E+00
     341  2.03252135E+00  4.13123118E+00  1.70685253E+01  6.66638265E-01  3.61473783E-04  1.25568370E+00 -1.09709577E+01 -1.09709577E+01  0.00000000E+00
     351  2.03259768E+00  4.13154083E+00  1.70710737E+01  6.66638469E-01  3.58876529E-04  1.24614221E+00 -1.09710808E+01 -1.09710808E+01  0.00000000E+00
     361  2.03276046E+00  4.13220357E+00  1.70765671E+01  6.66638150E-01  3.62940859E-04  1.24071945E+00 -1.09714884E+01 -1.09714884E+01  0.00000000E+00
     371  2.03302402E+00  4.13327517E+00  1.70854253E+01  6.66638147E-01  3.63072991E-04  1.24773176E+00 -1.09717291E+01 -1.09717291E+01  0.00000000E+00
     381  2.03301888E+00  4.13325316E+00  1.70852245E+01  6.66638514E-01  3.58423754E-04  1.24469981E+00 -1.09714516E+01 -1.09714516E+01  0.00000000E+00
     391  2.03313187E+00  4.13371269E+00  1.70890254E+01  6.66638482E-01  3.58857689E-04  1.24972455E+00 -1.09718181E+01 -1.09718181E+01  0.00000000E+00
     401  2.03329133E+00  4.13435946E+00  1.70943458E+01  6.66639019E-01  3.52086269E-04  1.26118950E+00 -1.09720279E+01 -1.09720279E+01  0.00000000E+00
     411  2.03323941E+00  4.13414718E+00  1.70925711E+01  6.66639397E-01  3.47263353E-04  1.23923782E+00 -1.09721207E+01 -1.09721207E+01  0.00000000E+00
     421  2.03326008E+00  4.13423123E+00  1.70932665E+01  6.66639390E-01  3.47369750E-04  1.24006997E+00 -1.09718520E+01 -1.09718520E+01  0.00000000E+00
     431  2.03342379E+00  4.13489741E+00  1.70987820E+01  6.66639265E-01  3.49000673E-04  1.23871399E+00 -1.09720342E+01 -1.09720342E+01  0.00000000E+00
     441  2.03343418E+00  4.13493889E+00  1.70991126E+01  6.66639509E-01  3.45885460E-04  1.23238616E+00 -1.09722259E+01 -1.09722259E+01  0.00000000E+00
     451  2.03336168E+00  4.13464387E+00  1.70966700E+01  6.66639561E-01  3.45212740E-04  1.23391169E+00 -1.09718979E+01 -1.09718979E+01  0.00000000E+00
     461  2.03331825E+00  4.13446760E+00  1.70952181E+01  6.66639449E-01  3.46652129E-04  1.22189514E+00 -1.09719355E+01 -1.09719355E+01  0.00000000E+00
     471  2.03346445E+00  4.13506127E+00  1.71001122E+01  6.66639754E-01  3.42845543E-04  1.22621169E+00 -1.09717564E+01 -1.09717564E+01  0.00000000E+00
     481  2.03346607E+00  4.13506671E+00  1.71001390E+01  6.66640110E-01  3.38274430E-04  1.20681119E+00 -1.09714329E+01 -1.09714329E+01  0.00000000E+00
     491  2.03356561E+00  4.13547060E+00  1.71034635E+01  6.66640423E-01  3.34330881E-04  1.20227640E+00 -1.09716940E+01 -1.09716940E+01  0.00000000E+00
     501  2.03359396E+00  4.13558519E+00  1.71043997E+01  6.66640652E-01  3.31404832E-04  1.19195410E+00 -1.09716893E+01 -1.09716893E+01  0.00000000E+00
     511  2.03348837E+00  4.13515593E+00  1.71008522E+01  6.66640592E-01  3.32154014E-04  1.19171231E+00 -1.09717736E+01 -1.09717736E+01  0.00000000E+00
     521  2.03336110E+00  4.13463934E+00  1.70965964E+01  6.66640268E-01  3.36248706E-04  1.18741692E+00 -1.09717076E+01 -1.09717076E+01  0.00000000E+00
     531  2.03334358E+00  4.13456795E+00  1.70960035E+01  6.66640315E-01  3.35610925E-04  1.17977245E+00 -1.09717069E+01 -1.09717069E+01  0.00000000E+00
     541  2.03340432E+00  4.13481358E+00  1.70980120E+01  6.66640761E-01  3.29950850E-04  1.17674770E+00 -1.09717903E+01 -1.09717903E+01  0.00000000E+00
     551  2.03340706E+00  4.13482366E+00  1.70980780E+01  6.66641101E-01  3.25614511E-04  1.16878495E+00 -1.09717230E+01 -1.09717230E+01  0.00000000E+00
     561  2.03342502E+00  4.13489665E+00  1.70986807E+01  6.66641119E-01  3.25396680E-04  1.16894396E+00 -1.09720279E+01 -1.09720279E+01  0.00000000E+00
     571  2.03347700E+00  4.13510822E+00  1.71004336E+01  6.66641059E-01  3.26179326E-04  1.17874449E+00 -1.09722903E+01 -1.09722903E+01  0.00000000E+00
     581  2.03342364E+00  4.13489101E+00  1.70986338E+01  6.66641125E-01  3.25336772E-04  1.17912585E+00 -1.09723073E+01 -1.09723073E+01  0.00000000E+00
     591  2.03336402E+00  4.13464842E+00  1.70966258E+01  6.66641158E-01  3.24882047E-04  1.18394030E+00 -1.09726640E+01 -1.09726640E+01  0.00000000E+00
     601  2.03340276E+00  4.13480588E+00  1.70979264E+01  6.66641190E-01  3.24466957E-04  1.17783944E+00 -1.09728859E+01 -1.09728859E+01  0.00000000E+00
     611  2.03344743E+00  4.13498775E+00  1.70994338E+01  6.66641125E-01  3.25303792E-04  1.18010064E+00 -1.09731671E+01 -1.09731671E+01  0.00000000E+00
     621  2.03346321E+00  4.13505237E+00  1.70999753E+01  6.66640988E-01  3.27039471E-04  1.18424575E+00 -1.09731936E+01 -1.09731936E+01  0.00000000E+00
     631  2.03342394E+00  4.13489250E+00  1.70986507E+01  6.66641034E-01  3.26426673E-04  1.18553083E+00 -1.09729609E+01 -1.09729609E+01  0.00000000E+00
     641  2.03344081E+00  4.13496027E+00  1.70991971E+01  6.66641310E-01  3.22906174E-04  1.18793984E+00 -1.09730771E+01 -1.09730771E+01  0.00000000E+00
     651  2.03352597E+00  4.13530647E+00  1.71020585E+01  6.66641349E-01  3.22442733E-04  1.18590929E+00 -1.09730631E+01 -1.09730631E+01  0.00000000E+00
     661  2.03358980E+00  4.13556518E+00  1.71041833E+01  6.66641643E-01  3.18713388E-04  1.18737314E+00 -1.09730227E+01 -1.09730227E+01  0.00000000E+00
     671  2.03353583E+00  4.13534537E+00  1.71023600E+01  6.66641742E-01  3.17411794E-04  1.19957678E+00 -1.09727746E+01 -1.09727746E+01  0.00000000E+00
     681  2.03351813E+00  4.13527235E+00  1.71017397E+01  6.66642062E-01  3.13331733E-04  1.20759236E+00 -1.09725350E+01 -1.09725350E+01  0.00000000E+00
     691  2.03352415E+00  4.13529819E+00  1.71019752E+01  6.66641638E-01  3.18758598E-04  1.21157713E+00 -1.09725085E+01 -1.09725085E+01  0.00000000E+00
     701  2.03351536E+00  4.13526304E+00  1.71016943E+01  6.66641445E-01  3.21205087E-04  1.21646949E+00 -1.09723998E+01 -1.09723998E+01  0.00000000E+00
     711  2.03361914E+00  4.13568606E+00  1.71052091E+01  6.66641137E-01  3.25143729E-04  1.21253035E+00 -1.09725120E+01 -1.09725120E+01  0.00000000E+00
     721  2.03358278E+00  4.13553833E+00  1.71039894E+01  6.66641093E-01  3.25665471E-04  1.20600861E+00 -1.09723458E+01 -1.09723458E+01  0.00000000E+00
     731  2.03370719E+00  4.13604438E+00  1.71081759E+01  6.66641087E-01  3.25789096E-04  1.21921533E+00 -1.09724679E+01 -1.09724679E+01  0.00000000E+00
     741  2.03377849E+00  4.13633416E+00  1.71105695E+01  6.66641160E-01  3.24893916E-04  1.21570470E+00 -1.09723926E+01 -1.09723926E+01  0.00000000E+00
     751  2.03376026E+00  4.13626023E+00  1.71099618E+01  6.66641083E-01  3.25861726E-04  1.21073022E+00 -1.09724541E+01 -1.09724541E+01  0.00000000E+00
     761  2.03376601E+00  4.13628377E+00  1.71101593E+01  6.66641030E-01  3.26510092E-04  1.23076528E+00 -1.09723750E+01 -1.09723750E+01  0.00000000E+00
     771  2.03374763E+00  4.13620883E+00  1.71095360E+01  6.66641093E-01  3.25687512E-04  1.24377389E+00 -1.09724357E+01 -1.09724357E+01  0.00000000E+00
     781  2.03375736E+00  4.13624909E+00  1.71098805E+01  6.66640871E-01  3.28535778E-04  1.24339007E+00 -1.09723686E+01 -1.09723686E+01  0.00000000E+00
     791  2.03370800E+00  4.13604762E+00  1.71082019E+01  6.66641102E-01  3.25566781E-04  1.23453021E+00 -1.09724234E+01 -1.09724234E+01  0.00000000E+00
