   #Iter             <M>           <M^2>           <M^4>      U_{Binder}            \chi        C_v(tot)             <E>       <E_{exc}>       <E_{lsf}>
       1  1.04023404E-01  1.46862335E-02  4.58937461E-04  2.90730322E-01  2.60306235E-03  1.24253667E-01 -2.03620848E+00 -2.03620848E+00  0.00000000E+00
      11  1.29943074E-01  2.14669184E-02  9.08998564E-04  3.42489745E-01  3.08547631E-03  3.20924658E-01 -2.16466332E+00 -2.16466332E+00  0.00000000E+00
      21  1.11345469E-01  1.56362759E-02  4.84171609E-04  3.39897439E-01  2.18088578E-03  5.04410848E-01 -2.15683883E+00 -2.15683883E+00  0.00000000E+00
      31  1.09278428E-01  1.44034064E-02  3.78276763E-04  3.92203801E-01  1.65774262E-03  5.00493417E-01 -2.14018270E+00 -2.14018270E+00  0.00000000E+00
      41  1.12284722E-01  1.49110840E-02  3.86768814E-04  4.20155209E-01  1.55106669E-03  4.65399080E-01 -2.12926145E+00 -2.12926145E+00  0.00000000E+00
      51  1.12119798E-01  1.50705410E-02  3.94379940E-04  4.21190196E-01  1.68337369E-03  4.37118841E-01 -2.15201137E+00 -2.15201137E+00  0.00000000E+00
      61  1.21616536E-01  1.78502666E-02  5.77068692E-04  3.96306022E-01  2.06049111E-03  5.30115272E-01 -2.16179985E+00 -2.16179985E+00  0.00000000E+00
      71  1.22510878E-01  1.80678847E-02  6.06016723E-04  3.81202238E-01  2.06000929E-03  5.25152216E-01 -2.18239643E+00 -2.18239643E+00  0.00000000E+00
      81  1.24624892E-01  1.85701326E-02  6.23129805E-04  3.97680035E-01  2.04640571E-03  5.08423307E-01 -2.18186071E+00 -2.18186071E+00  0.00000000E+00
      91  1.21757511E-01  1.78837725E-02  5.79922376E-04  3.95591810E-01  2.05994978E-03  4.99640726E-01 -2.17789296E+00 -2.17789296E+00  0.00000000E+00
     101  1.22752475E-01  1.81653174E-02  6.01069778E-04  3.92819725E-01  2.08571955E-03  4.76360738E-01 -2.17640850E+00 -2.17640850E+00  0.00000000E+00
     111  1.23060989E-01  1.80613603E-02  5.72835081E-04  4.14661028E-01  1.96464045E-03  4.63233071E-01 -2.17584414E+00 -2.17584414E+00  0.00000000E+00
     121  1.24477779E-01  1.83212223E-02  5.72325476E-04  4.31653831E-01  1.90346015E-03  4.59354745E-01 -2.17113970E+00 -2.17113970E+00  0.00000000E+00
     131  1.26539911E-01  1.88535275E-02  5.94881654E-04  4.42141466E-01  1.91334183E-03  4.86142153E-01 -2.17468316E+00 -2.17468316E+00  0.00000000E+00
     141  1.27697456E-01  1.91843139E-02  6.06034871E-04  4.51111898E-01  1.93791880E-03  4.72548635E-01 -2.16805977E+00 -2.16805977E+00  0.00000000E+00
     151  1.27895783E-01  1.92770621E-02  6.15859897E-04  4.47567806E-01  1.96624148E-03  4.89822853E-01 -2.16713974E+00 -2.16713974E+00  0.00000000E+00
     161  1.26741977E-01  1.88918428E-02  5.89009857E-04  4.49886043E-01  1.90467854E-03  5.01774430E-01 -2.16634353E+00 -2.16634353E+00  0.00000000E+00
     171  1.28071250E-01  1.91017195E-02  5.88354469E-04  4.62506923E-01  1.81791375E-03  4.99463785E-01 -2.16467960E+00 -2.16467960E+00  0.00000000E+00
     181  1.27881650E-01  1.90393767E-02  5.82507226E-04  4.64358017E-01  1.80861076E-03  5.18546935E-01 -2.16423279E+00 -2.16423279E+00  0.00000000E+00
     191  1.29027450E-01  1.93807279E-02  6.00944983E-04  4.66697905E-01  1.84025193E-03  5.05835649E-01 -2.16286436E+00 -2.16286436E+00  0.00000000E+00
     201  1.28423435E-01  1.91259340E-02  5.79155591E-04  4.72249452E-01  1.77338703E-03  4.89091391E-01 -2.16452703E+00 -2.16452703E+00  0.00000000E+00
     211  1.27736599E-01  1.89110162E-02  5.67038471E-04  4.71479869E-01  1.74713798E-03  4.78642352E-01 -2.16529501E+00 -2.16529501E+00  0.00000000E+00
     221  1.27980526E-01  1.89898645E-02  5.70062103E-04  4.73064835E-01  1.75823085E-03  4.90071311E-01 -2.16182465E+00 -2.16182465E+00  0.00000000E+00
     231  1.27592840E-01  1.88597735E-02  5.60926337E-04  4.74331891E-01  1.73734859E-03  4.95694583E-01 -2.16425575E+00 -2.16425575E+00  0.00000000E+00
     241  1.27182143E-01  1.87716067E-02  5.57963604E-04  4.72185007E-01  1.74843891E-03  4.90797998E-01 -2.16838364E+00 -2.16838364E+00  0.00000000E+00
     251  1.27392133E-01  1.88331558E-02  5.60054319E-04  4.73664456E-01  1.75388775E-03  4.97164941E-01 -2.17349088E+00 -2.17349088E+00  0.00000000E+00
     261  1.27484037E-01  1.89068438E-02  5.68041469E-04  4.70311294E-01  1.78773708E-03  4.95968304E-01 -2.17036760E+00 -2.17036760E+00  0.00000000E+00
     271  1.27841304E-01  1.90728351E-02  5.81830116E-04  4.66856111E-01  1.83809083E-03  5.07646034E-01 -2.17153665E+00 -2.17153665E+00  0.00000000E+00
     281  1.27053251E-01  1.88105971E-02  5.64639590E-04  4.68081731E-01  1.79676394E-03  5.02129185E-01 -2.17457621E+00 -2.17457621E+00  0.00000000E+00
     291  1.28183279E-01  1.91944414E-02  5.90127162E-04  4.66083438E-01  1.86102290E-03  4.94028664E-01 -2.17515703E+00 -2.17515703E+00  0.00000000E+00
     301  1.27176674E-01  1.89140530E-02  5.74710738E-04  4.64500764E-01  1.84530367E-03  4.80105238E-01 -2.17754403E+00 -2.17754403E+00  0.00000000E+00
     311  1.27133814E-01  1.89124865E-02  5.74960881E-04  4.64178941E-01  1.85158896E-03  4.82129268E-01 -2.17896492E+00 -2.17896492E+00  0.00000000E+00
     321  1.27597774E-01  1.91092038E-02  5.98052491E-04  4.54075148E-01  1.90447497E-03  4.74988092E-01 -2.17989807E+00 -2.17989807E+00  0.00000000E+00
     331  1.27680745E-01  1.91779523E-02  6.13280307E-04  4.44181120E-01  1.93650870E-03  4.81672592E-01 -2.17886652E+00 -2.17886652E+00  0.00000000E+00
     341  1.27503420E-01  1.90691950E-02  6.02275896E-04  4.47910471E-01  1.89374118E-03  4.73703831E-01 -2.17824756E+00 -2.17824756E+00  0.00000000E+00
     351  1.27487959E-01  1.90761288E-02  6.05589654E-04  4.45276327E-01  1.90106557E-03  4.75429289E-01 -2.18044391E+00 -2.18044391E+00  0.00000000E+00
     361  1.27428647E-01  1.90873870E-02  6.07822998E-04  4.43887169E-01  1.91882919E-03  4.79671275E-01 -2.17947165E+00 -2.17947165E+00  0.00000000E+00
     371  1.27590721E-01  1.91195824E-02  6.07981341E-04  4.45614078E-01  1.91267642E-03  4.85630877E-01 -2.17847940E+00 -2.17847940E+00  0.00000000E+00
     381  1.27691401E-01  1.91404061E-02  6.09356894E-04  4.45568141E-01  1.90939136E-03  4.86732365E-01 -2.17575335E+00 -2.17575335E+00  0.00000000E+00
     391  1.27340143E-01  1.90492409E-02  6.07519726E-04  4.41936292E-01  1.90832514E-03  4.82978208E-01 -2.17476402E+00 -2.17476402E+00  0.00000000E+00
     401  1.27178001E-01  1.90705482E-02  6.13726977E-04  4.37493422E-01  1.95046533E-03  4.86460452E-01 -2.17605861E+00 -2.17605861E+00  0.00000000E+00
     411  1.27394688E-01  1.91038952E-02  6.12279993E-04  4.40777085E-01  1.93577397E-03  4.96063970E-01 -2.17551685E+00 -2.17551685E+00  0.00000000E+00
     421  1.27293395E-01  1.90664693E-02  6.08551933E-04  4.41997896E-01  1.92794344E-03  5.01161600E-01 -2.17286118E+00 -2.17286118E+00  0.00000000E+00
     431  1.26869159E-01  1.89285638E-02  5.98571169E-04  4.43123088E-01  1.90768622E-03  4.97530242E-01 -2.17258110E+00 -2.17258110E+00  0.00000000E+00
     441  1.26603490E-01  1.88445217E-02  5.91870045E-04  4.44435013E-01  1.89643846E-03  5.02738168E-01 -2.17383814E+00 -2.17383814E+00  0.00000000E+00
     451  1.26874788E-01  1.89167204E-02  5.94002654E-04  4.46681183E-01  1.89874871E-03  5.03016690E-01 -2.17583797E+00 -2.17583797E+00  0.00000000E+00
     461  1.27235483E-01  1.89948757E-02  5.97246829E-04  4.48227965E-01  1.88965653E-03  5.18463603E-01 -2.17682285E+00 -2.17682285E+00  0.00000000E+00
     471  1.27492049E-01  1.90453760E-02  5.98396451E-04  4.50093752E-01  1.87965332E-03  5.07984191E-01 -2.17728639E+00 -2.17728639E+00  0.00000000E+00
     481  1.28414127E-01  1.93683330E-02  6.28740130E-04  4.41317020E-01  1.93823629E-03  5.06091945E-01 -2.17709261E+00 -2.17709261E+00  0.00000000E+00
     491  1.27392370E-01  1.90895740E-02  6.14203030E-04  4.38178666E-01  1.92652730E-03  5.08201561E-01 -2.17489204E+00 -2.17489204E+00  0.00000000E+00
     501  1.27613721E-01  1.91279389E-02  6.14180372E-04  4.40450738E-01  1.91435109E-03  5.05099174E-01 -2.17500888E+00 -2.17500888E+00  0.00000000E+00
     511  1.28023193E-01  1.92414804E-02  6.20109102E-04  4.41697098E-01  1.92032120E-03  5.02318709E-01 -2.17532997E+00 -2.17532997E+00  0.00000000E+00
     521  1.27637731E-01  1.91193939E-02  6.12008408E-04  4.41931006E-01  1.90446934E-03  5.04146038E-01 -2.17299728E+00 -2.17299728E+00  0.00000000E+00
     531  1.27241260E-01  1.89850199E-02  6.02429244E-04  4.42862131E-01  1.88202940E-03  5.03166936E-01 -2.17326191E+00 -2.17326191E+00  0.00000000E+00
     541  1.27466110E-01  1.90248236E-02  6.02120434E-04  4.45475381E-01  1.87026639E-03  5.06249098E-01 -2.17356258E+00 -2.17356258E+00  0.00000000E+00
     551  1.27624653E-01  1.90610133E-02  6.02169092E-04  4.47534405E-01  1.86740206E-03  5.04654794E-01 -2.17245323E+00 -2.17245323E+00  0.00000000E+00
     561  1.27116210E-01  1.89534097E-02  5.99874366E-04  4.43372896E-01  1.88216217E-03  5.10737124E-01 -2.17438954E+00 -2.17438954E+00  0.00000000E+00
     571  1.27404920E-01  1.90899897E-02  6.15690477E-04  4.36842601E-01  1.92465379E-03  5.11630528E-01 -2.17504757E+00 -2.17504757E+00  0.00000000E+00
     581  1.28155946E-01  1.93343291E-02  6.33274909E-04  4.35306466E-01  1.95994618E-03  5.15438824E-01 -2.17480474E+00 -2.17480474E+00  0.00000000E+00
     591  1.27892239E-01  1.92702450E-02  6.31554606E-04  4.33088614E-01  1.96226122E-03  5.12676198E-01 -2.17414692E+00 -2.17414692E+00  0.00000000E+00
     601  1.27928030E-01  1.92733791E-02  6.29914721E-04  4.34744530E-01  1.95820583E-03  5.07852345E-01 -2.17374192E+00 -2.17374192E+00  0.00000000E+00
     611  1.27705322E-01  1.92080302E-02  6.25743997E-04  4.34659916E-01  1.95253720E-03  5.12875722E-01 -2.17355642E+00 -2.17355642E+00  0.00000000E+00
     621  1.27668427E-01  1.92182699E-02  6.27925639E-04  4.33293251E-01  1.96577816E-03  5.18662829E-01 -2.17404595E+00 -2.17404595E+00  0.00000000E+00
     631  1.27494561E-01  1.91662910E-02  6.24740385E-04  4.33105594E-01  1.96065001E-03  5.17633333E-01 -2.17408298E+00 -2.17408298E+00  0.00000000E+00
     641  1.27241287E-01  1.91030187E-02  6.20464576E-04  4.33249730E-01  1.96148888E-03  5.10998881E-01 -2.17455924E+00 -2.17455924E+00  0.00000000E+00
     651  1.27409502E-01  1.91622097E-02  6.24898556E-04  4.32720500E-01  1.97250290E-03  5.04520011E-01 -2.17504547E+00 -2.17504547E+00  0.00000000E+00
     661  1.26825846E-01  1.89916631E-02  6.14663668E-04  4.31945124E-01  1.95757926E-03  5.03651216E-01 -2.17561796E+00 -2.17561796E+00  0.00000000E+00
     671  1.26636920E-01  1.89315494E-02  6.10036070E-04  4.32635783E-01  1.94934445E-03  5.00764766E-01 -2.17477616E+00 -2.17477616E+00  0.00000000E+00
     681  1.26695837E-01  1.89201064E-02  6.06754695E-04  4.35004823E-01  1.93158699E-03  4.95073300E-01 -2.17612557E+00 -2.17612557E+00  0.00000000E+00
     691  1.26492861E-01  1.88636245E-02  6.02700627E-04  4.35414003E-01  1.92815884E-03  4.95363038E-01 -2.17564879E+00 -2.17564879E+00  0.00000000E+00
     701  1.26795129E-01  1.89664308E-02  6.09894069E-04  4.34852341E-01  1.94583329E-03  4.98743714E-01 -2.17498416E+00 -2.17498416E+00  0.00000000E+00
     711  1.26769000E-01  1.89506864E-02  6.07716476E-04  4.35934070E-01  1.93969226E-03  4.95881527E-01 -2.17415601E+00 -2.17415601E+00  0.00000000E+00
     721  1.26645993E-01  1.89219110E-02  6.05988302E-04  4.35826092E-01  1.94130602E-03  4.94055016E-01 -2.17320260E+00 -2.17320260E+00  0.00000000E+00
     731  1.26671289E-01  1.89198713E-02  6.04966505E-04  4.36655937E-01  1.93561715E-03  4.93419824E-01 -2.17413526E+00 -2.17413526E+00  0.00000000E+00
     741  1.26767911E-01  1.89434284E-02  6.05576871E-04  4.37489201E-01  1.93499036E-03  4.96380268E-01 -2.17489011E+00 -2.17489011E+00  0.00000000E+00
     751  1.26667826E-01  1.89011348E-02  6.01447678E-04  4.38821738E-01  1.92359020E-03  4.97246211E-01 -2.17505791E+00 -2.17505791E+00  0.00000000E+00
     761  1.26836017E-01  1.89310190E-02  6.01729230E-04  4.40330200E-01  1.91500202E-03  4.99357821E-01 -2.17554709E+00 -2.17554709E+00  0.00000000E+00
     771  1.26503692E-01  1.88301567E-02  5.94991242E-04  4.40652824E-01  1.90377521E-03  5.00319563E-01 -2.17491227E+00 -2.17491227E+00  0.00000000E+00
     781  1.26356150E-01  1.87657013E-02  5.89657070E-04  4.41852919E-01  1.88549285E-03  4.99236283E-01 -2.17478804E+00 -2.17478804E+00  0.00000000E+00
     791  1.26170850E-01  1.87193313E-02  5.86446166E-04  4.42138701E-01  1.88577792E-03  4.98283288E-01 -2.17434205E+00 -2.17434205E+00  0.00000000E+00
