   #Iter             <M>           <M^2>           <M^4>      U_{Binder}            \chi        C_v(tot)             <E>       <E_{exc}>       <E_{lsf}>
       1  2.07857283E+00  4.32048596E+00  1.86669615E+01  6.66660192E-01  1.05057018E-04  1.64769050E+00 -1.12169467E+01 -1.12169467E+01  0.00000000E+00
      11  2.07533026E+00  4.30703479E+00  1.85512214E+01  6.66654578E-01  1.96064500E-04  1.13468243E+00 -1.12515790E+01 -1.12515790E+01  0.00000000E+00
      21  2.07288986E+00  4.29691542E+00  1.84642211E+01  6.66653324E-01  2.15749337E-04  9.71938357E-01 -1.12486045E+01 -1.12486045E+01  0.00000000E+00
      31  2.07166842E+00  4.29185571E+00  1.84208082E+01  6.66652502E-01  2.28874365E-04  1.01238720E+00 -1.12422945E+01 -1.12422945E+01  0.00000000E+00
      41  2.07222839E+00  4.29417095E+00  1.84405984E+01  6.66654118E-01  2.02799000E-04  9.35970932E-01 -1.12434423E+01 -1.12434423E+01  0.00000000E+00
      51  2.07290187E+00  4.29696017E+00  1.84645194E+01  6.66654883E-01  1.90451067E-04  9.48572806E-01 -1.12444291E+01 -1.12444291E+01  0.00000000E+00
      61  2.07300063E+00  4.29737127E+00  1.84680817E+01  6.66654361E-01  1.98928851E-04  9.37252101E-01 -1.12441733E+01 -1.12441733E+01  0.00000000E+00
      71  2.07256048E+00  4.29554743E+00  1.84524228E+01  6.66654109E-01  2.02855407E-04  9.29011798E-01 -1.12413837E+01 -1.12413837E+01  0.00000000E+00
      81  2.07219618E+00  4.29403989E+00  1.84395152E+01  6.66653350E-01  2.15036645E-04  9.45764133E-01 -1.12391479E+01 -1.12391479E+01  0.00000000E+00
      91  2.07161817E+00  4.29164821E+00  1.84190404E+01  6.66652260E-01  2.32575846E-04  1.09567941E+00 -1.12389509E+01 -1.12389509E+01  0.00000000E+00
     101  2.07134068E+00  4.29049810E+00  1.84091615E+01  6.66652406E-01  2.30134068E-04  1.05618424E+00 -1.12393843E+01 -1.12393843E+01  0.00000000E+00
     111  2.07169680E+00  4.29197504E+00  1.84218634E+01  6.66651944E-01  2.37682099E-04  1.06667226E+00 -1.12404343E+01 -1.12404343E+01  0.00000000E+00
     121  2.07178313E+00  4.29233156E+00  1.84249035E+01  6.66652315E-01  2.31707923E-04  1.06145882E+00 -1.12422038E+01 -1.12422038E+01  0.00000000E+00
     131  2.07212627E+00  4.29375511E+00  1.84371542E+01  6.66651819E-01  2.39801831E-04  1.09685523E+00 -1.12425624E+01 -1.12425624E+01  0.00000000E+00
     141  2.07195862E+00  4.29305790E+00  1.84311253E+01  6.66652575E-01  2.27519360E-04  1.10067754E+00 -1.12419043E+01 -1.12419043E+01  0.00000000E+00
     151  2.07212264E+00  4.29373774E+00  1.84369655E+01  6.66652533E-01  2.28236906E-04  1.14540663E+00 -1.12420731E+01 -1.12420731E+01  0.00000000E+00
     161  2.07192808E+00  4.29293279E+00  1.84300754E+01  6.66652136E-01  2.34666698E-04  1.12535115E+00 -1.12412594E+01 -1.12412594E+01  0.00000000E+00
     171  2.07200331E+00  4.29324274E+00  1.84327063E+01  6.66652685E-01  2.25807536E-04  1.12060919E+00 -1.12414664E+01 -1.12414664E+01  0.00000000E+00
     181  2.07183381E+00  4.29254063E+00  1.84266821E+01  6.66652609E-01  2.26981223E-04  1.13320511E+00 -1.12413944E+01 -1.12413944E+01  0.00000000E+00
     191  2.07172983E+00  4.29210962E+00  1.84229791E+01  6.66652660E-01  2.26155399E-04  1.16994545E+00 -1.12414512E+01 -1.12414512E+01  0.00000000E+00
     201  2.07196514E+00  4.29308562E+00  1.84313747E+01  6.66652368E-01  2.30933967E-04  1.20723774E+00 -1.12420517E+01 -1.12420517E+01  0.00000000E+00
     211  2.07174862E+00  4.29218854E+00  1.84236755E+01  6.66652317E-01  2.31706073E-04  1.19695814E+00 -1.12411888E+01 -1.12411888E+01  0.00000000E+00
     221  2.07179705E+00  4.29238891E+00  1.84253900E+01  6.66652421E-01  2.30029812E-04  1.19829409E+00 -1.12414738E+01 -1.12414738E+01  0.00000000E+00
     231  2.07190463E+00  4.29283478E+00  1.84292196E+01  6.66652393E-01  2.30468834E-04  1.18783084E+00 -1.12414543E+01 -1.12414543E+01  0.00000000E+00
     241  2.07193232E+00  4.29294891E+00  1.84301893E+01  6.66652577E-01  2.27518089E-04  1.19550746E+00 -1.12408317E+01 -1.12408317E+01  0.00000000E+00
     251  2.07191383E+00  4.29287567E+00  1.84296177E+01  6.66651542E-01  2.44312644E-04  1.17682462E+00 -1.12411391E+01 -1.12411391E+01  0.00000000E+00
     261  2.07150844E+00  4.29120010E+00  1.84153053E+01  6.66650248E-01  2.65186848E-04  1.17780323E+00 -1.12412743E+01 -1.12412743E+01  0.00000000E+00
     271  2.07132982E+00  4.29046180E+00  1.84089977E+01  6.66649731E-01  2.73537567E-04  1.17974083E+00 -1.12407045E+01 -1.12407045E+01  0.00000000E+00
     281  2.07124518E+00  4.29011060E+00  1.84059747E+01  6.66649900E-01  2.70753008E-04  1.16384022E+00 -1.12405719E+01 -1.12405719E+01  0.00000000E+00
     291  2.07138672E+00  4.29069773E+00  1.84110261E+01  6.66649664E-01  2.74594041E-04  1.17449547E+00 -1.12413598E+01 -1.12413598E+01  0.00000000E+00
     301  2.07123868E+00  4.29008284E+00  1.84057220E+01  6.66650162E-01  2.66459120E-04  1.16245396E+00 -1.12414255E+01 -1.12414255E+01  0.00000000E+00
     311  2.07126225E+00  4.29018016E+00  1.84065519E+01  6.66650257E-01  2.64891786E-04  1.16694127E+00 -1.12415169E+01 -1.12415169E+01  0.00000000E+00
     321  2.07135511E+00  4.29056351E+00  1.84098191E+01  6.66650663E-01  2.58366689E-04  1.15322079E+00 -1.12417235E+01 -1.12417235E+01  0.00000000E+00
     331  2.07136118E+00  4.29058797E+00  1.84100169E+01  6.66650881E-01  2.54838817E-04  1.13593893E+00 -1.12420730E+01 -1.12420730E+01  0.00000000E+00
     341  2.07136666E+00  4.29060902E+00  1.84101691E+01  6.66651396E-01  2.46524280E-04  1.13043807E+00 -1.12417681E+01 -1.12417681E+01  0.00000000E+00
     351  2.07146937E+00  4.29103434E+00  1.84138156E+01  6.66651463E-01  2.45498630E-04  1.12642031E+00 -1.12415290E+01 -1.12415290E+01  0.00000000E+00
     361  2.07154721E+00  4.29135752E+00  1.84166014E+01  6.66651244E-01  2.49068084E-04  1.12900168E+00 -1.12417875E+01 -1.12417875E+01  0.00000000E+00
     371  2.07141344E+00  4.29080421E+00  1.84118680E+01  6.66650966E-01  2.53560702E-04  1.13016563E+00 -1.12422351E+01 -1.12422351E+01  0.00000000E+00
     381  2.07131814E+00  4.29040913E+00  1.84084729E+01  6.66651050E-01  2.52176217E-04  1.12361435E+00 -1.12421419E+01 -1.12421419E+01  0.00000000E+00
     391  2.07131054E+00  4.29037733E+00  1.84081947E+01  6.66651147E-01  2.50594462E-04  1.13787952E+00 -1.12418622E+01 -1.12418622E+01  0.00000000E+00
     401  2.07128680E+00  4.29027804E+00  1.84073260E+01  6.66651447E-01  2.45741429E-04  1.13573351E+00 -1.12418606E+01 -1.12418606E+01  0.00000000E+00
     411  2.07121493E+00  4.28998058E+00  1.84047787E+01  6.66651356E-01  2.47216061E-04  1.13628764E+00 -1.12414570E+01 -1.12414570E+01  0.00000000E+00
     421  2.07121897E+00  4.28999744E+00  1.84049249E+01  6.66651328E-01  2.47670713E-04  1.13301423E+00 -1.12414830E+01 -1.12414830E+01  0.00000000E+00
     431  2.07118087E+00  4.28983915E+00  1.84035590E+01  6.66651469E-01  2.45376659E-04  1.13251726E+00 -1.12414056E+01 -1.12414056E+01  0.00000000E+00
     441  2.07108710E+00  4.28945023E+00  1.84002140E+01  6.66651618E-01  2.42933104E-04  1.12901049E+00 -1.12411761E+01 -1.12411761E+01  0.00000000E+00
     451  2.07107107E+00  4.28938308E+00  1.83996251E+01  6.66651850E-01  2.39192636E-04  1.13743526E+00 -1.12409858E+01 -1.12409858E+01  0.00000000E+00
     461  2.07111536E+00  4.28956684E+00  1.84012064E+01  6.66651762E-01  2.40629425E-04  1.13213020E+00 -1.12409119E+01 -1.12409119E+01  0.00000000E+00
     471  2.07128568E+00  4.29027264E+00  1.84072669E+01  6.66651680E-01  2.41987288E-04  1.14369871E+00 -1.12409897E+01 -1.12409897E+01  0.00000000E+00
     481  2.07130892E+00  4.29036872E+00  1.84080883E+01  6.66651735E-01  2.41115127E-04  1.13782114E+00 -1.12412241E+01 -1.12412241E+01  0.00000000E+00
     491  2.07119798E+00  4.28990932E+00  1.84041493E+01  6.66651682E-01  2.41948975E-04  1.13927947E+00 -1.12410204E+01 -1.12410204E+01  0.00000000E+00
     501  2.07121862E+00  4.28999427E+00  1.84048683E+01  6.66651861E-01  2.39058197E-04  1.12727353E+00 -1.12409904E+01 -1.12409904E+01  0.00000000E+00
     511  2.07112751E+00  4.28961725E+00  1.84016402E+01  6.66651738E-01  2.41036866E-04  1.12592037E+00 -1.12408052E+01 -1.12408052E+01  0.00000000E+00
     521  2.07115878E+00  4.28974649E+00  1.84027443E+01  6.66651826E-01  2.39620777E-04  1.12543948E+00 -1.12410259E+01 -1.12410259E+01  0.00000000E+00
     531  2.07110351E+00  4.28951765E+00  1.84007829E+01  6.66651790E-01  2.40179742E-04  1.11663359E+00 -1.12409738E+01 -1.12409738E+01  0.00000000E+00
     541  2.07108075E+00  4.28942377E+00  1.83999842E+01  6.66651668E-01  2.42182720E-04  1.12868985E+00 -1.12406475E+01 -1.12406475E+01  0.00000000E+00
     551  2.07115366E+00  4.28972557E+00  1.84025697E+01  6.66651736E-01  2.41095629E-04  1.13180635E+00 -1.12409343E+01 -1.12409343E+01  0.00000000E+00
     561  2.07120478E+00  4.28993714E+00  1.84043819E+01  6.66651792E-01  2.40207445E-04  1.13145507E+00 -1.12409481E+01 -1.12409481E+01  0.00000000E+00
     571  2.07127719E+00  4.29023698E+00  1.84069525E+01  6.66651832E-01  2.39582852E-04  1.13791758E+00 -1.12408466E+01 -1.12408466E+01  0.00000000E+00
     581  2.07130219E+00  4.29034019E+00  1.84078321E+01  6.66651941E-01  2.37828994E-04  1.14290966E+00 -1.12410561E+01 -1.12410561E+01  0.00000000E+00
     591  2.07128430E+00  4.29026587E+00  1.84071906E+01  6.66652011E-01  2.36681900E-04  1.13031306E+00 -1.12410983E+01 -1.12410983E+01  0.00000000E+00
     601  2.07128258E+00  4.29025827E+00  1.84071175E+01  6.66652153E-01  2.34384450E-04  1.14078748E+00 -1.12411034E+01 -1.12411034E+01  0.00000000E+00
     611  2.07131124E+00  4.29037670E+00  1.84081283E+01  6.66652251E-01  2.32804582E-04  1.14526911E+00 -1.12410526E+01 -1.12410526E+01  0.00000000E+00
     621  2.07131038E+00  4.29037286E+00  1.84080906E+01  6.66652336E-01  2.31437920E-04  1.15320822E+00 -1.12408418E+01 -1.12408418E+01  0.00000000E+00
     631  2.07130601E+00  4.29035442E+00  1.84079270E+01  6.66652434E-01  2.29839072E-04  1.15800981E+00 -1.12408412E+01 -1.12408412E+01  0.00000000E+00
     641  2.07132207E+00  4.29042049E+00  1.84084861E+01  6.66652577E-01  2.27527456E-04  1.15032571E+00 -1.12409089E+01 -1.12409089E+01  0.00000000E+00
     651  2.07131515E+00  4.29039167E+00  1.84082358E+01  6.66652629E-01  2.26682121E-04  1.14918727E+00 -1.12411215E+01 -1.12411215E+01  0.00000000E+00
     661  2.07121808E+00  4.28999016E+00  1.84048010E+01  6.66652440E-01  2.29724687E-04  1.14412636E+00 -1.12410903E+01 -1.12410903E+01  0.00000000E+00
     671  2.07113553E+00  4.28964820E+00  1.84018669E+01  6.66652443E-01  2.29657324E-04  1.14686460E+00 -1.12411532E+01 -1.12411532E+01  0.00000000E+00
     681  2.07109922E+00  4.28949802E+00  1.84005826E+01  6.66652367E-01  2.30879487E-04  1.14999034E+00 -1.12411545E+01 -1.12411545E+01  0.00000000E+00
     691  2.07117352E+00  4.28980569E+00  1.84032206E+01  6.66652399E-01  2.30372202E-04  1.14969777E+00 -1.12412402E+01 -1.12412402E+01  0.00000000E+00
     701  2.07119224E+00  4.28988344E+00  1.84038911E+01  6.66652337E-01  2.31375170E-04  1.14926770E+00 -1.12413722E+01 -1.12413722E+01  0.00000000E+00
     711  2.07122346E+00  4.29001278E+00  1.84050009E+01  6.66652336E-01  2.31385849E-04  1.14510616E+00 -1.12414786E+01 -1.12414786E+01  0.00000000E+00
     721  2.07127996E+00  4.29024724E+00  1.84070198E+01  6.66652208E-01  2.33467893E-04  1.14030043E+00 -1.12417536E+01 -1.12417536E+01  0.00000000E+00
     731  2.07121207E+00  4.28996637E+00  1.84046160E+01  6.66652094E-01  2.35267288E-04  1.14199309E+00 -1.12416807E+01 -1.12416807E+01  0.00000000E+00
     741  2.07118767E+00  4.28986509E+00  1.84037436E+01  6.66652157E-01  2.34256567E-04  1.15804790E+00 -1.12416121E+01 -1.12416121E+01  0.00000000E+00
     751  2.07119117E+00  4.28987973E+00  1.84038713E+01  6.66652118E-01  2.34883712E-04  1.16043870E+00 -1.12414039E+01 -1.12414039E+01  0.00000000E+00
     761  2.07124266E+00  4.29009331E+00  1.84057091E+01  6.66652022E-01  2.36435454E-04  1.16417116E+00 -1.12414397E+01 -1.12414397E+01  0.00000000E+00
     771  2.07122967E+00  4.29003963E+00  1.84052504E+01  6.66651989E-01  2.36967452E-04  1.16685789E+00 -1.12415775E+01 -1.12415775E+01  0.00000000E+00
     781  2.07123311E+00  4.29005386E+00  1.84053728E+01  6.66651984E-01  2.37054926E-04  1.16899062E+00 -1.12416151E+01 -1.12416151E+01  0.00000000E+00
     791  2.07130527E+00  4.29035275E+00  1.84079361E+01  6.66652009E-01  2.36679386E-04  1.16301171E+00 -1.12416677E+01 -1.12416677E+01  0.00000000E+00
