   #Iter             <M>           <M^2>           <M^4>      U_{Binder}            \chi        C_v(tot)             <E>       <E_{exc}>       <E_{lsf}>
       1  1.19855319E-01  1.61825855E-02  3.72452566E-04  5.25917534E-01  1.26147684E-03  3.76697045E-02 -2.35653535E+00 -2.35653535E+00  0.00000000E+00
      11  1.31779207E-01  1.95988354E-02  5.59794344E-04  5.14212069E-01  1.55009738E-03  7.17280687E-01 -2.27394413E+00 -2.27394413E+00  0.00000000E+00
      21  1.43020639E-01  2.43974355E-02  1.07538936E-03  3.97778685E-01  2.73672252E-03  5.42196037E-01 -2.27956318E+00 -2.27956318E+00  0.00000000E+00
      31  1.36576593E-01  2.19151324E-02  8.13575391E-04  4.35338272E-01  2.26430543E-03  5.13373985E-01 -2.26910644E+00 -2.26910644E+00  0.00000000E+00
      41  1.28864773E-01  1.97960053E-02  6.76655864E-04  4.24438850E-01  2.21426325E-03  5.77816766E-01 -2.26838010E+00 -2.26838010E+00  0.00000000E+00
      51  1.30670235E-01  2.05258097E-02  7.24622740E-04  4.26689222E-01  2.39559256E-03  5.13291371E-01 -2.26522782E+00 -2.26522782E+00  0.00000000E+00
      61  1.27609270E-01  1.94649808E-02  6.45224202E-04  4.32348965E-01  2.20800161E-03  4.56672145E-01 -2.26975989E+00 -2.26975989E+00  0.00000000E+00
      71  1.26613443E-01  1.92377071E-02  6.49943347E-04  4.14606856E-01  2.22597189E-03  5.02548056E-01 -2.26221664E+00 -2.26221664E+00  0.00000000E+00
      81  1.27604560E-01  1.94083907E-02  6.56951937E-04  4.18655874E-01  2.16955382E-03  5.18805279E-01 -2.25455172E+00 -2.25455172E+00  0.00000000E+00
      91  1.26863972E-01  1.90746050E-02  6.16507762E-04  4.35185045E-01  2.06867289E-03  5.54448051E-01 -2.25677872E+00 -2.25677872E+00  0.00000000E+00
     101  1.26914599E-01  1.90538655E-02  6.09424283E-04  4.40458490E-01  2.04535787E-03  5.30863810E-01 -2.26300411E+00 -2.26300411E+00  0.00000000E+00
     111  1.26214466E-01  1.90622754E-02  6.42214535E-04  4.10872365E-01  2.17421631E-03  5.75062833E-01 -2.26512085E+00 -2.26512085E+00  0.00000000E+00
     121  1.28070826E-01  1.93741273E-02  6.35575542E-04  4.35581002E-01  2.06301766E-03  5.47169407E-01 -2.26557533E+00 -2.26557533E+00  0.00000000E+00
     131  1.28629779E-01  1.95318990E-02  6.39948487E-04  4.40841643E-01  2.07293585E-03  5.49727831E-01 -2.26423515E+00 -2.26423515E+00  0.00000000E+00
     141  1.30517100E-01  2.00682855E-02  6.69873450E-04  4.45564578E-01  2.10576459E-03  5.68824323E-01 -2.26159066E+00 -2.26159066E+00  0.00000000E+00
     151  1.30894589E-01  2.02186443E-02  6.84085408E-04  4.42191656E-01  2.14163768E-03  5.63559929E-01 -2.26735952E+00 -2.26735952E+00  0.00000000E+00
     161  1.29729932E-01  1.99536470E-02  6.79676666E-04  4.30968201E-01  2.16839087E-03  5.57891493E-01 -2.27044355E+00 -2.27044355E+00  0.00000000E+00
     171  1.29618252E-01  1.98653792E-02  6.66287566E-04  4.37209527E-01  2.12722489E-03  5.44556326E-01 -2.26975678E+00 -2.26975678E+00  0.00000000E+00
     181  1.28703778E-01  1.95198872E-02  6.37355155E-04  4.42421985E-01  2.05137946E-03  5.53389438E-01 -2.27341533E+00 -2.27341533E+00  0.00000000E+00
     191  1.28168447E-01  1.93298850E-02  6.20041022E-04  4.46852913E-01  2.01494292E-03  5.48229469E-01 -2.27214400E+00 -2.27214400E+00  0.00000000E+00
     201  1.28262121E-01  1.93070268E-02  6.13522836E-04  4.51371103E-01  1.98240181E-03  5.55870239E-01 -2.27267024E+00 -2.27267024E+00  0.00000000E+00
     211  1.27773051E-01  1.91173043E-02  5.98349790E-04  4.54266543E-01  1.93762652E-03  5.53162865E-01 -2.27611018E+00 -2.27611018E+00  0.00000000E+00
     221  1.27662803E-01  1.90409976E-02  5.88909559E-04  4.58562976E-01  1.90420617E-03  5.55336902E-01 -2.27691063E+00 -2.27691063E+00  0.00000000E+00
     231  1.28282788E-01  1.92945032E-02  6.08815159E-04  4.54873868E-01  1.97002810E-03  5.44173356E-01 -2.27219679E+00 -2.27219679E+00  0.00000000E+00
     241  1.28823669E-01  1.94862475E-02  6.23923814E-04  4.52285951E-01  2.00659629E-03  5.43877473E-01 -2.27354639E+00 -2.27354639E+00  0.00000000E+00
     251  1.28968323E-01  1.94828047E-02  6.20677306E-04  4.54943329E-01  1.97832091E-03  5.30038369E-01 -2.27295765E+00 -2.27295765E+00  0.00000000E+00
     261  1.28950327E-01  1.94835718E-02  6.20618535E-04  4.55037854E-01  1.98207544E-03  5.43582974E-01 -2.27048370E+00 -2.27048370E+00  0.00000000E+00
     271  1.28765948E-01  1.95072524E-02  6.32369157E-04  4.46067027E-01  2.03149783E-03  5.43492580E-01 -2.27099381E+00 -2.27099381E+00  0.00000000E+00
     281  1.29457117E-01  1.98186001E-02  6.67727530E-04  4.33327577E-01  2.12373137E-03  5.41353064E-01 -2.26762692E+00 -2.26762692E+00  0.00000000E+00
     291  1.29955929E-01  1.99415068E-02  6.72467932E-04  4.36317722E-01  2.11922519E-03  5.46377920E-01 -2.27019896E+00 -2.27019896E+00  0.00000000E+00
     301  1.30432944E-01  2.00681418E-02  6.76799086E-04  4.39824403E-01  2.12090882E-03  5.50869220E-01 -2.27324201E+00 -2.27324201E+00  0.00000000E+00
     311  1.30511287E-01  2.00606736E-02  6.75333935E-04  4.40620821E-01  2.10153401E-03  5.45473257E-01 -2.27200933E+00 -2.27200933E+00  0.00000000E+00
     321  1.30775654E-01  2.01643531E-02  6.88535660E-04  4.35535549E-01  2.12555436E-03  5.50795397E-01 -2.27164680E+00 -2.27164680E+00  0.00000000E+00
     331  1.30646929E-01  2.01342477E-02  6.86238796E-04  4.35734889E-01  2.12801605E-03  5.63760143E-01 -2.27246198E+00 -2.27246198E+00  0.00000000E+00
     341  1.32127962E-01  2.05636534E-02  7.08514686E-04  4.41495018E-01  2.15594005E-03  5.50962690E-01 -2.27090705E+00 -2.27090705E+00  0.00000000E+00
     351  1.32841074E-01  2.07723824E-02  7.17270148E-04  4.45899062E-01  2.16966783E-03  5.49282496E-01 -2.27000181E+00 -2.27000181E+00  0.00000000E+00
     361  1.32928378E-01  2.08080341E-02  7.19250697E-04  4.46271424E-01  2.17830934E-03  5.52201774E-01 -2.27008481E+00 -2.27008481E+00  0.00000000E+00
     371  1.32602390E-01  2.07566891E-02  7.21576052E-04  4.41729479E-01  2.20275392E-03  5.65585103E-01 -2.27161694E+00 -2.27161694E+00  0.00000000E+00
     381  1.32444321E-01  2.07084734E-02  7.16384281E-04  4.43162311E-01  2.19836682E-03  5.69223400E-01 -2.27382856E+00 -2.27382856E+00  0.00000000E+00
     391  1.32978458E-01  2.08252461E-02  7.19208643E-04  4.47218679E-01  2.18101332E-03  5.68437671E-01 -2.27373025E+00 -2.27373025E+00  0.00000000E+00
     401  1.33251679E-01  2.08940761E-02  7.24587502E-04  4.46747684E-01  2.17829947E-03  5.65774071E-01 -2.27249545E+00 -2.27249545E+00  0.00000000E+00
     411  1.32940591E-01  2.08275263E-02  7.21249717E-04  4.45771292E-01  2.18958596E-03  5.63539006E-01 -2.27060373E+00 -2.27060373E+00  0.00000000E+00
     421  1.32715181E-01  2.07897447E-02  7.19354907E-04  4.45216364E-01  2.20492667E-03  5.62044776E-01 -2.26965819E+00 -2.26965819E+00  0.00000000E+00
     431  1.32636595E-01  2.07400568E-02  7.14625821E-04  4.46219618E-01  2.18491086E-03  5.58064638E-01 -2.26959153E+00 -2.26959153E+00  0.00000000E+00
     441  1.33053636E-01  2.09045002E-02  7.28580979E-04  4.44253164E-01  2.22214493E-03  5.54602980E-01 -2.26935121E+00 -2.26935121E+00  0.00000000E+00
     451  1.33148204E-01  2.09086182E-02  7.26061908E-04  4.46392796E-01  2.20752880E-03  5.54543415E-01 -2.26932135E+00 -2.26932135E+00  0.00000000E+00
     461  1.33225311E-01  2.09431824E-02  7.30316619E-04  4.44985183E-01  2.21726430E-03  5.63517466E-01 -2.27168259E+00 -2.27168259E+00  0.00000000E+00
     471  1.34283016E-01  2.12366037E-02  7.44735434E-04  4.49559173E-01  2.22453651E-03  5.55119994E-01 -2.27274623E+00 -2.27274623E+00  0.00000000E+00
     481  1.33987271E-01  2.11412827E-02  7.36564518E-04  4.50678153E-01  2.21344301E-03  5.45927500E-01 -2.27217165E+00 -2.27217165E+00  0.00000000E+00
     491  1.33499259E-01  2.09997051E-02  7.27924360E-04  4.49777171E-01  2.20577877E-03  5.50187736E-01 -2.27073465E+00 -2.27073465E+00  0.00000000E+00
     501  1.33907983E-01  2.11136744E-02  7.36982316E-04  4.48928217E-01  2.20902289E-03  5.62982860E-01 -2.27130943E+00 -2.27130943E+00  0.00000000E+00
     511  1.33180302E-01  2.09076481E-02  7.25481355E-04  4.46784120E-01  2.20092141E-03  5.64181870E-01 -2.27300718E+00 -2.27300718E+00  0.00000000E+00
     521  1.32749607E-01  2.07851694E-02  7.16988754E-04  4.46797734E-01  2.19540694E-03  5.61731100E-01 -2.27227068E+00 -2.27227068E+00  0.00000000E+00
     531  1.32646837E-01  2.07546491E-02  7.16512703E-04  4.45537921E-01  2.19315409E-03  5.60672315E-01 -2.27185740E+00 -2.27185740E+00  0.00000000E+00
     541  1.32571113E-01  2.07631507E-02  7.22453692E-04  4.41398307E-01  2.21299652E-03  5.58653198E-01 -2.27116981E+00 -2.27116981E+00  0.00000000E+00
     551  1.32543895E-01  2.07749575E-02  7.25931157E-04  4.39347331E-01  2.22620112E-03  5.57998148E-01 -2.27048800E+00 -2.27048800E+00  0.00000000E+00
     561  1.32140043E-01  2.06437046E-02  7.16551784E-04  4.39531701E-01  2.20929172E-03  5.53478942E-01 -2.26920455E+00 -2.26920455E+00  0.00000000E+00
     571  1.32191081E-01  2.06316590E-02  7.13284833E-04  4.41435369E-01  2.19156549E-03  5.54509910E-01 -2.27019064E+00 -2.27019064E+00  0.00000000E+00
     581  1.31964263E-01  2.05487214E-02  7.07642328E-04  4.41371693E-01  2.17558435E-03  5.51396468E-01 -2.27032095E+00 -2.27032095E+00  0.00000000E+00
     591  1.31782681E-01  2.04853793E-02  7.03413808E-04  4.41270482E-01  2.16485945E-03  5.47308961E-01 -2.27051865E+00 -2.27051865E+00  0.00000000E+00
     601  1.31849301E-01  2.05314791E-02  7.08651935E-04  4.39634684E-01  2.18466814E-03  5.46293513E-01 -2.27208355E+00 -2.27208355E+00  0.00000000E+00
     611  1.32329163E-01  2.06567257E-02  7.14078317E-04  4.42170312E-01  2.18361141E-03  5.45351872E-01 -2.27217602E+00 -2.27217602E+00  0.00000000E+00
     621  1.32240270E-01  2.06304732E-02  7.10810726E-04  4.43308824E-01  2.18171341E-03  5.42184005E-01 -2.27125959E+00 -2.27125959E+00  0.00000000E+00
     631  1.32369844E-01  2.06492392E-02  7.09655246E-04  4.45223504E-01  2.17093972E-03  5.41103123E-01 -2.27131225E+00 -2.27131225E+00  0.00000000E+00
     641  1.32997493E-01  2.08408691E-02  7.20766920E-04  4.46851242E-01  2.18834373E-03  5.49001929E-01 -2.27430122E+00 -2.27430122E+00  0.00000000E+00
     651  1.33101691E-01  2.08343193E-02  7.17124855E-04  4.49300240E-01  2.16455042E-03  5.48387271E-01 -2.27495358E+00 -2.27495358E+00  0.00000000E+00
     661  1.32985658E-01  2.08123867E-02  7.17148893E-04  4.48120447E-01  2.17075769E-03  5.55658750E-01 -2.27426097E+00 -2.27426097E+00  0.00000000E+00
     671  1.32655164E-01  2.07135488E-02  7.10460658E-04  4.48037270E-01  2.16309071E-03  5.52138635E-01 -2.27449168E+00 -2.27449168E+00  0.00000000E+00
     681  1.32881632E-01  2.07698667E-02  7.12332637E-04  4.49580047E-01  2.16044062E-03  5.49056591E-01 -2.27588957E+00 -2.27588957E+00  0.00000000E+00
     691  1.32773196E-01  2.07492180E-02  7.13775778E-04  4.47366659E-01  2.16610346E-03  5.46892182E-01 -2.27488139E+00 -2.27488139E+00  0.00000000E+00
     701  1.32752608E-01  2.07211590E-02  7.10254363E-04  4.48602783E-01  2.15042091E-03  5.45548427E-01 -2.27498618E+00 -2.27498618E+00  0.00000000E+00
     711  1.32521058E-01  2.06464901E-02  7.04632448E-04  4.49003400E-01  2.14122700E-03  5.43469302E-01 -2.27467010E+00 -2.27467010E+00  0.00000000E+00
     721  1.32391535E-01  2.05919242E-02  7.00048493E-04  4.49682898E-01  2.12716786E-03  5.40943133E-01 -2.27388993E+00 -2.27388993E+00  0.00000000E+00
     731  1.32357865E-01  2.05717116E-02  6.98272417E-04  4.49999888E-01  2.11932485E-03  5.41546184E-01 -2.27515566E+00 -2.27515566E+00  0.00000000E+00
     741  1.32038049E-01  2.05211655E-02  6.97282381E-04  4.48070777E-01  2.14293439E-03  5.41404348E-01 -2.27500125E+00 -2.27500125E+00  0.00000000E+00
     751  1.32083513E-01  2.05219440E-02  6.96171792E-04  4.48991663E-01  2.13513947E-03  5.45026427E-01 -2.27542915E+00 -2.27542915E+00  0.00000000E+00
     761  1.32031367E-01  2.05097488E-02  6.95558747E-04  4.48821993E-01  2.13623437E-03  5.46079211E-01 -2.27533690E+00 -2.27533690E+00  0.00000000E+00
     771  1.32007943E-01  2.04798184E-02  6.91543930E-04  4.50400516E-01  2.11975135E-03  5.40447391E-01 -2.27521156E+00 -2.27521156E+00  0.00000000E+00
     781  1.31664927E-01  2.03607178E-02  6.83877527E-04  4.50116220E-01  2.09985929E-03  5.43312874E-01 -2.27586976E+00 -2.27586976E+00  0.00000000E+00
     791  1.31482745E-01  2.03159643E-02  6.81911204E-04  4.49278933E-01  2.10207161E-03  5.45312578E-01 -2.27399468E+00 -2.27399468E+00  0.00000000E+00
