   #Iter           <M>_x           <M>_y           <M>_z             <M>        M_{stdv}
       0 -5.14812330E-01  4.80487093E-01 -1.19608482E+00  2.01954426E+00  9.36710173E-03
      50 -5.30011130E-01  5.01756981E-01 -1.16238465E+00  2.01409473E+00  7.32486060E-03
     100 -5.37088369E-01  5.19592361E-01 -1.17547060E+00  2.01140517E+00  4.85198929E-03
     150 -5.21905009E-01  5.32756389E-01 -1.16565274E+00  2.01218254E+00  8.26593792E-03
     200 -5.52916469E-01  5.38241524E-01 -1.13243144E+00  2.00582107E+00  8.74312873E-03
     250 -5.24146061E-01  5.51768589E-01 -1.13806830E+00  2.01662922E+00  1.11133342E-02
     300 -5.60801850E-01  5.68128378E-01 -1.12724280E+00  2.01200937E+00  1.10453833E-02
     350 -5.80133089E-01  5.76527743E-01 -1.11511896E+00  2.01240753E+00  7.13867490E-03
     400 -5.74196079E-01  5.76784057E-01 -1.09885421E+00  2.01169775E+00  5.97102213E-03
     450 -6.00209792E-01  5.66860919E-01 -1.10490048E+00  2.01939971E+00  4.62916607E-03
     500 -6.14852799E-01  5.63306399E-01 -1.09799709E+00  2.01495708E+00  4.84475132E-03
     550 -6.08795663E-01  5.53715397E-01 -1.10099209E+00  2.00897775E+00  6.38753175E-03
     600 -6.20245715E-01  5.54484239E-01 -1.09611680E+00  2.01326047E+00  5.58983523E-03
     650 -6.39193032E-01  5.29643886E-01 -1.10321173E+00  2.01418790E+00  5.58633987E-03
     700 -6.44254084E-01  5.33810003E-01 -1.09068915E+00  2.01067002E+00  8.76643490E-03
     750 -6.63053569E-01  5.26196347E-01 -1.11602927E+00  2.01496743E+00  9.55016491E-03
     800 -6.89321417E-01  5.15932910E-01 -1.10550220E+00  2.01399269E+00  1.13368930E-02
     850 -7.07903912E-01  5.00429301E-01 -1.11380822E+00  2.01343357E+00  3.01401163E-03
     900 -7.46473503E-01  4.89040806E-01 -1.12120944E+00  2.00937741E+00  1.16203592E-02
     950 -7.19759985E-01  4.83192375E-01 -1.14814630E+00  2.01378613E+00  4.15378698E-03
    1000 -7.29076469E-01  4.78324470E-01 -1.13619120E+00  2.01595150E+00  6.46917005E-03
    1050 -7.24310184E-01  4.94771446E-01 -1.12350698E+00  2.01727772E+00  8.10544675E-03
    1100 -7.09648175E-01  4.86360831E-01 -1.13951042E+00  2.01497980E+00  1.40939975E-02
    1150 -7.31297363E-01  4.81234457E-01 -1.14673372E+00  2.01576151E+00  6.55619023E-03
    1200 -7.43367699E-01  4.89003588E-01 -1.14121132E+00  2.01807550E+00  8.91543981E-03
    1250 -7.38511272E-01  4.80982020E-01 -1.13866660E+00  2.01644806E+00  3.92956223E-03
    1300 -7.30901263E-01  4.64872649E-01 -1.16956666E+00  2.01527052E+00  5.73311362E-03
    1350 -7.22937652E-01  4.70528837E-01 -1.16983319E+00  2.01946545E+00  5.57556981E-03
    1400 -7.12300866E-01  4.32766003E-01 -1.18964374E+00  2.01826695E+00  1.17139339E-02
    1450 -6.72797711E-01  4.24018791E-01 -1.18359765E+00  2.01297359E+00  9.55361058E-03
    1500 -7.25300073E-01  4.17829669E-01 -1.16421597E+00  2.01848540E+00  9.21638960E-03
    1550 -6.74063543E-01  3.98894751E-01 -1.18808989E+00  2.01595660E+00  1.47021987E-02
    1600 -7.09439925E-01  3.94279688E-01 -1.17612288E+00  2.01448183E+00  1.50939950E-02
    1650 -7.09359144E-01  3.97898488E-01 -1.17847987E+00  2.01709720E+00  5.83691915E-03
    1700 -7.16256292E-01  4.10833327E-01 -1.15985161E+00  2.02128404E+00  8.44634184E-03
    1750 -7.52144360E-01  4.32684105E-01 -1.12972130E+00  2.01597742E+00  1.17891244E-02
    1800 -7.48018799E-01  4.23913458E-01 -1.14029385E+00  2.01595154E+00  7.87393017E-03
    1850 -7.83732259E-01  4.29268927E-01 -1.14374849E+00  2.00981832E+00  7.50871513E-03
    1900 -7.74002527E-01  4.32418445E-01 -1.14955435E+00  2.01810868E+00  4.63877686E-03
    1950 -7.55150280E-01  4.42420744E-01 -1.14976037E+00  2.01823180E+00  4.51083917E-03
