   #Iter             <M>           <M^2>           <M^4>      U_{Binder}            \chi        C_v(tot)             <E>       <E_{exc}>       <E_{lsf}>
       1  2.01670311E+00  4.06712206E+00  1.65419804E+01  6.66656620E-01  1.15122627E-04  7.96264548E-01 -1.08366484E+01 -1.08366484E+01  0.00000000E+00
      11  2.01470751E+00  4.05910545E+00  1.64772967E+01  6.66647252E-01  2.22233791E-04  7.75896516E-01 -1.08387098E+01 -1.08387098E+01  0.00000000E+00
      21  2.01709570E+00  4.06873655E+00  1.65556179E+01  6.66646515E-01  2.31186755E-04  1.15201327E+00 -1.08308033E+01 -1.08308033E+01  0.00000000E+00
      31  2.01640510E+00  4.06595394E+00  1.65330277E+01  6.66645571E-01  2.42117899E-04  1.28240430E+00 -1.08376455E+01 -1.08376455E+01  0.00000000E+00
      41  2.01614045E+00  4.06490760E+00  1.65248560E+01  6.66638782E-01  3.20588614E-04  1.17457187E+00 -1.08374552E+01 -1.08374552E+01  0.00000000E+00
      51  2.01449377E+00  4.05826728E+00  1.64708650E+01  6.66639714E-01  3.08873545E-04  1.14433719E+00 -1.08296914E+01 -1.08296914E+01  0.00000000E+00
      61  2.01336987E+00  4.05375188E+00  1.64344195E+01  6.66635931E-01  3.52159031E-04  1.08248892E+00 -1.08316101E+01 -1.08316101E+01  0.00000000E+00
      71  2.01309974E+00  4.05266424E+00  1.64256033E+01  6.66635901E-01  3.52202206E-04  1.05276843E+00 -1.08302808E+01 -1.08302808E+01  0.00000000E+00
      81  2.01365526E+00  4.05489844E+00  1.64436737E+01  6.66636818E-01  3.41940996E-04  1.10274221E+00 -1.08326666E+01 -1.08326666E+01  0.00000000E+00
      91  2.01439325E+00  4.05787488E+00  1.64678827E+01  6.66635610E-01  3.56049779E-04  1.13736724E+00 -1.08332020E+01 -1.08332020E+01  0.00000000E+00
     101  2.01425109E+00  4.05730152E+00  1.64632195E+01  6.66635809E-01  3.53717685E-04  1.18422871E+00 -1.08331768E+01 -1.08331768E+01  0.00000000E+00
     111  2.01459081E+00  4.05866741E+00  1.64742600E+01  6.66636741E-01  3.43191093E-04  1.16762297E+00 -1.08351031E+01 -1.08351031E+01  0.00000000E+00
     121  2.01455625E+00  4.05852641E+00  1.64730876E+01  6.66637304E-01  3.36616727E-04  1.13205530E+00 -1.08339168E+01 -1.08339168E+01  0.00000000E+00
     131  2.01450915E+00  4.05833435E+00  1.64714919E+01  6.66638046E-01  3.27939367E-04  1.11309580E+00 -1.08345039E+01 -1.08345039E+01  0.00000000E+00
     141  2.01545144E+00  4.06213661E+00  1.65024487E+01  6.66636469E-01  3.46254425E-04  1.14684928E+00 -1.08367667E+01 -1.08367667E+01  0.00000000E+00
     151  2.01503659E+00  4.06046248E+00  1.64888165E+01  6.66637131E-01  3.38494851E-04  1.16471726E+00 -1.08362589E+01 -1.08362589E+01  0.00000000E+00
     161  2.01537726E+00  4.06183441E+00  1.64999421E+01  6.66637506E-01  3.34317794E-04  1.18081404E+00 -1.08373086E+01 -1.08373086E+01  0.00000000E+00
     171  2.01527814E+00  4.06143770E+00  1.64967650E+01  6.66636580E-01  3.44835449E-04  1.19941302E+00 -1.08366281E+01 -1.08366281E+01  0.00000000E+00
     181  2.01491062E+00  4.05996084E+00  1.64848397E+01  6.66635166E-01  3.61063437E-04  1.21417135E+00 -1.08368323E+01 -1.08368323E+01  0.00000000E+00
     191  2.01507816E+00  4.06063369E+00  1.64902663E+01  6.66635932E-01  3.52359893E-04  1.23231338E+00 -1.08373028E+01 -1.08373028E+01  0.00000000E+00
     201  2.01473173E+00  4.05923969E+00  1.64789803E+01  6.66635241E-01  3.60079122E-04  1.24612945E+00 -1.08366026E+01 -1.08366026E+01  0.00000000E+00
     211  2.01456613E+00  4.05857327E+00  1.64735831E+01  6.66634974E-01  3.63077936E-04  1.22389133E+00 -1.08369670E+01 -1.08369670E+01  0.00000000E+00
     221  2.01456926E+00  4.05858203E+00  1.64735919E+01  6.66636236E-01  3.48651628E-04  1.25076336E+00 -1.08373698E+01 -1.08373698E+01  0.00000000E+00
     231  2.01468722E+00  4.05905441E+00  1.64773798E+01  6.66637187E-01  3.37779046E-04  1.23300554E+00 -1.08368898E+01 -1.08368898E+01  0.00000000E+00
     241  2.01481040E+00  4.05955231E+00  1.64814472E+01  6.66636686E-01  3.43530739E-04  1.22370931E+00 -1.08365548E+01 -1.08365548E+01  0.00000000E+00
     251  2.01498393E+00  4.06025036E+00  1.64870957E+01  6.66637091E-01  3.38931229E-04  1.20995910E+00 -1.08372332E+01 -1.08372332E+01  0.00000000E+00
     261  2.01494199E+00  4.06007960E+00  1.64856803E+01  6.66637670E-01  3.32237628E-04  1.17693827E+00 -1.08374286E+01 -1.08374286E+01  0.00000000E+00
     271  2.01454951E+00  4.05849941E+00  1.64728719E+01  6.66637232E-01  3.37137729E-04  1.15966568E+00 -1.08370338E+01 -1.08370338E+01  0.00000000E+00
     281  2.01457838E+00  4.05861776E+00  1.64738654E+01  6.66636570E-01  3.44766030E-04  1.17884532E+00 -1.08368907E+01 -1.08368907E+01  0.00000000E+00
     291  2.01449588E+00  4.05828876E+00  1.64712496E+01  6.66635460E-01  3.57631062E-04  1.18045584E+00 -1.08366941E+01 -1.08366941E+01  0.00000000E+00
     301  2.01442734E+00  4.05801260E+00  1.64690074E+01  6.66635470E-01  3.57524089E-04  1.17869296E+00 -1.08370567E+01 -1.08370567E+01  0.00000000E+00
     311  2.01442699E+00  4.05800996E+00  1.64689662E+01  6.66635872E-01  3.52908086E-04  1.20820382E+00 -1.08361313E+01 -1.08361313E+01  0.00000000E+00
     321  2.01452439E+00  4.05840396E+00  1.64721895E+01  6.66635362E-01  3.58795071E-04  1.21945806E+00 -1.08362942E+01 -1.08362942E+01  0.00000000E+00
     331  2.01445719E+00  4.05813562E+00  1.64700503E+01  6.66634574E-01  3.67864729E-04  1.20125735E+00 -1.08365114E+01 -1.08365114E+01  0.00000000E+00
     341  2.01436404E+00  4.05776043E+00  1.64670069E+01  6.66634534E-01  3.68302858E-04  1.18307638E+00 -1.08367616E+01 -1.08367616E+01  0.00000000E+00
     351  2.01442879E+00  4.05802076E+00  1.64691110E+01  6.66634714E-01  3.66260048E-04  1.17039446E+00 -1.08368411E+01 -1.08368411E+01  0.00000000E+00
     361  2.01440871E+00  4.05793854E+00  1.64684224E+01  6.66635144E-01  3.61301822E-04  1.16523037E+00 -1.08367555E+01 -1.08367555E+01  0.00000000E+00
     371  2.01447974E+00  4.05822518E+00  1.64707569E+01  6.66634986E-01  3.63119151E-04  1.17009858E+00 -1.08369804E+01 -1.08369804E+01  0.00000000E+00
     381  2.01440251E+00  4.05791237E+00  1.64681906E+01  6.66635537E-01  3.56749544E-04  1.18801988E+00 -1.08363853E+01 -1.08363853E+01  0.00000000E+00
     391  2.01433182E+00  4.05763189E+00  1.64659838E+01  6.66634126E-01  3.72970280E-04  1.19925078E+00 -1.08357643E+01 -1.08357643E+01  0.00000000E+00
     401  2.01426939E+00  4.05738066E+00  1.64639500E+01  6.66634023E-01  3.74104008E-04  1.18671387E+00 -1.08354928E+01 -1.08354928E+01  0.00000000E+00
     411  2.01437723E+00  4.05781342E+00  1.64674345E+01  6.66634585E-01  3.67712538E-04  1.18886106E+00 -1.08356771E+01 -1.08356771E+01  0.00000000E+00
     421  2.01442693E+00  4.05801217E+00  1.64690234E+01  6.66635076E-01  3.62096386E-04  1.18380909E+00 -1.08360075E+01 -1.08360075E+01  0.00000000E+00
     431  2.01439804E+00  4.05789641E+00  1.64680942E+01  6.66634866E-01  3.64474251E-04  1.18106997E+00 -1.08359964E+01 -1.08359964E+01  0.00000000E+00
     441  2.01440398E+00  4.05791822E+00  1.64682373E+01  6.66635552E-01  3.56605241E-04  1.18514555E+00 -1.08360131E+01 -1.08360131E+01  0.00000000E+00
     451  2.01441309E+00  4.05795449E+00  1.64685244E+01  6.66635700E-01  3.54929668E-04  1.20189051E+00 -1.08363293E+01 -1.08363293E+01  0.00000000E+00
     461  2.01443551E+00  4.05804353E+00  1.64692263E+01  6.66636122E-01  3.50077089E-04  1.20001002E+00 -1.08362155E+01 -1.08362155E+01  0.00000000E+00
     471  2.01461654E+00  4.05877348E+00  1.64751610E+01  6.66635934E-01  3.52262269E-04  1.20367164E+00 -1.08364682E+01 -1.08364682E+01  0.00000000E+00
     481  2.01462845E+00  4.05881989E+00  1.64755119E+01  6.66636458E-01  3.46235083E-04  1.19878637E+00 -1.08367719E+01 -1.08367719E+01  0.00000000E+00
     491  2.01459841E+00  4.05869912E+00  1.64745360E+01  6.66636365E-01  3.47329149E-04  1.20489549E+00 -1.08367371E+01 -1.08367371E+01  0.00000000E+00
     501  2.01480541E+00  4.05953232E+00  1.64812858E+01  6.66636668E-01  3.43958017E-04  1.21026363E+00 -1.08372649E+01 -1.08372649E+01  0.00000000E+00
     511  2.01478950E+00  4.05946728E+00  1.64807424E+01  6.66636976E-01  3.40406729E-04  1.19481583E+00 -1.08374719E+01 -1.08374719E+01  0.00000000E+00
     521  2.01481983E+00  4.05958844E+00  1.64817091E+01  6.66637322E-01  3.36447977E-04  1.19028945E+00 -1.08375354E+01 -1.08375354E+01  0.00000000E+00
     531  2.01490753E+00  4.05994155E+00  1.64845718E+01  6.66637417E-01  3.35381689E-04  1.18427073E+00 -1.08372072E+01 -1.08372072E+01  0.00000000E+00
     541  2.01498900E+00  4.06026884E+00  1.64872130E+01  6.66637753E-01  3.31570030E-04  1.18736152E+00 -1.08373328E+01 -1.08373328E+01  0.00000000E+00
     551  2.01493137E+00  4.06003663E+00  1.64853277E+01  6.66637744E-01  3.31660135E-04  1.19307970E+00 -1.08371850E+01 -1.08371850E+01  0.00000000E+00
     561  2.01479186E+00  4.05947880E+00  1.64808684E+01  6.66636319E-01  3.48087910E-04  1.19369870E+00 -1.08369829E+01 -1.08369829E+01  0.00000000E+00
     571  2.01462470E+00  4.05880687E+00  1.64754391E+01  6.66635792E-01  3.54099994E-04  1.20778412E+00 -1.08366937E+01 -1.08366937E+01  0.00000000E+00
     581  2.01459985E+00  4.05870638E+00  1.64746176E+01  6.66635908E-01  3.52752825E-04  1.20938027E+00 -1.08368316E+01 -1.08368316E+01  0.00000000E+00
     591  2.01440556E+00  4.05792481E+00  1.64682936E+01  6.66635495E-01  3.57446721E-04  1.21037343E+00 -1.08365423E+01 -1.08365423E+01  0.00000000E+00
     601  2.01434828E+00  4.05769397E+00  1.64664190E+01  6.66635518E-01  3.57187050E-04  1.21719135E+00 -1.08364648E+01 -1.08364648E+01  0.00000000E+00
     611  2.01436259E+00  4.05775274E+00  1.64669142E+01  6.66635148E-01  3.61370662E-04  1.23093854E+00 -1.08360365E+01 -1.08360365E+01  0.00000000E+00
     621  2.01448777E+00  4.05825714E+00  1.64710093E+01  6.66635127E-01  3.61641426E-04  1.24133125E+00 -1.08365315E+01 -1.08365315E+01  0.00000000E+00
     631  2.01449596E+00  4.05828989E+00  1.64712709E+01  6.66635212E-01  3.60675336E-04  1.25346488E+00 -1.08366280E+01 -1.08366280E+01  0.00000000E+00
     641  2.01446768E+00  4.05817521E+00  1.64703280E+01  6.66635457E-01  3.57846291E-04  1.25172510E+00 -1.08368827E+01 -1.08368827E+01  0.00000000E+00
     651  2.01434787E+00  4.05769288E+00  1.64664196E+01  6.66635325E-01  3.59302663E-04  1.25764725E+00 -1.08364919E+01 -1.08364919E+01  0.00000000E+00
     661  2.01438872E+00  4.05785635E+00  1.64677278E+01  6.66635702E-01  3.55001444E-04  1.24594666E+00 -1.08366126E+01 -1.08366126E+01  0.00000000E+00
     671  2.01433093E+00  4.05762536E+00  1.64658829E+01  6.66635096E-01  3.61982876E-04  1.25203952E+00 -1.08367963E+01 -1.08367963E+01  0.00000000E+00
     681  2.01423359E+00  4.05723323E+00  1.64627009E+01  6.66635089E-01  3.61998069E-04  1.24725974E+00 -1.08366132E+01 -1.08366132E+01  0.00000000E+00
     691  2.01417340E+00  4.05699180E+00  1.64607584E+01  6.66634751E-01  3.65845716E-04  1.24187732E+00 -1.08365505E+01 -1.08365505E+01  0.00000000E+00
     701  2.01408685E+00  4.05664336E+00  1.64579348E+01  6.66634674E-01  3.66692359E-04  1.23927220E+00 -1.08364558E+01 -1.08364558E+01  0.00000000E+00
     711  2.01418247E+00  4.05702824E+00  1.64610524E+01  6.66634784E-01  3.65462910E-04  1.22790030E+00 -1.08365693E+01 -1.08365693E+01  0.00000000E+00
     721  2.01417493E+00  4.05699770E+00  1.64608020E+01  6.66634837E-01  3.64847099E-04  1.23774265E+00 -1.08368172E+01 -1.08368172E+01  0.00000000E+00
     731  2.01430688E+00  4.05753131E+00  1.64651657E+01  6.66634164E-01  3.72587533E-04  1.23867820E+00 -1.08369515E+01 -1.08369515E+01  0.00000000E+00
     741  2.01430660E+00  4.05752913E+00  1.64651315E+01  6.66634499E-01  3.68738409E-04  1.23741874E+00 -1.08367024E+01 -1.08367024E+01  0.00000000E+00
     751  2.01433431E+00  4.05763987E+00  1.64660151E+01  6.66634805E-01  3.65232568E-04  1.22875058E+00 -1.08366791E+01 -1.08366791E+01  0.00000000E+00
     761  2.01434288E+00  4.05767413E+00  1.64662894E+01  6.66634880E-01  3.64362831E-04  1.22531709E+00 -1.08365986E+01 -1.08365986E+01  0.00000000E+00
     771  2.01440785E+00  4.05793588E+00  1.64684133E+01  6.66634891E-01  3.64249353E-04  1.22513950E+00 -1.08367814E+01 -1.08367814E+01  0.00000000E+00
     781  2.01445124E+00  4.05810994E+00  1.64698143E+01  6.66635130E-01  3.61513613E-04  1.22199965E+00 -1.08368979E+01 -1.08368979E+01  0.00000000E+00
     791  2.01444397E+00  4.05807952E+00  1.64695492E+01  6.66635500E-01  3.57270092E-04  1.21352780E+00 -1.08368585E+01 -1.08368585E+01  0.00000000E+00
