      1    0.000000    0.000000    0.000000     1     1
      2    0.500000    0.500000    0.500000     1     2
      3    1.000000    0.000000    0.000000     1     1
      4    1.500000    0.500000    0.500000     1     2
      5    2.000000    0.000000    0.000000     1     1
      6    2.500000    0.500000    0.500000     1     2
      7    3.000000    0.000000    0.000000     1     1
      8    3.500000    0.500000    0.500000     1     2
      9    4.000000    0.000000    0.000000     1     1
     10    4.500000    0.500000    0.500000     1     2
     11    5.000000    0.000000    0.000000     1     1
     12    5.500000    0.500000    0.500000     1     2
     13    0.000000    1.000000    0.000000     1     1
     14    0.500000    1.500000    0.500000     1     2
     15    1.000000    1.000000    0.000000     1     1
     16    1.500000    1.500000    0.500000     1     2
     17    2.000000    1.000000    0.000000     1     1
     18    2.500000    1.500000    0.500000     1     2
     19    3.000000    1.000000    0.000000     1     1
     20    3.500000    1.500000    0.500000     1     2
     21    4.000000    1.000000    0.000000     1     1
     22    4.500000    1.500000    0.500000     1     2
     23    5.000000    1.000000    0.000000     1     1
     24    5.500000    1.500000    0.500000     1     2
     25    0.000000    2.000000    0.000000     1     1
     26    0.500000    2.500000    0.500000     1     2
     27    1.000000    2.000000    0.000000     1     1
     28    1.500000    2.500000    0.500000     1     2
     29    2.000000    2.000000    0.000000     1     1
     30    2.500000    2.500000    0.500000     1     2
     31    3.000000    2.000000    0.000000     1     1
     32    3.500000    2.500000    0.500000     1     2
     33    4.000000    2.000000    0.000000     1     1
     34    4.500000    2.500000    0.500000     1     2
     35    5.000000    2.000000    0.000000     1     1
     36    5.500000    2.500000    0.500000     1     2
     37    0.000000    3.000000    0.000000     1     1
     38    0.500000    3.500000    0.500000     1     2
     39    1.000000    3.000000    0.000000     1     1
     40    1.500000    3.500000    0.500000     1     2
     41    2.000000    3.000000    0.000000     1     1
     42    2.500000    3.500000    0.500000     1     2
     43    3.000000    3.000000    0.000000     1     1
     44    3.500000    3.500000    0.500000     1     2
     45    4.000000    3.000000    0.000000     1     1
     46    4.500000    3.500000    0.500000     1     2
     47    5.000000    3.000000    0.000000     1     1
     48    5.500000    3.500000    0.500000     1     2
     49    0.000000    4.000000    0.000000     1     1
     50    0.500000    4.500000    0.500000     1     2
     51    1.000000    4.000000    0.000000     1     1
     52    1.500000    4.500000    0.500000     1     2
     53    2.000000    4.000000    0.000000     1     1
     54    2.500000    4.500000    0.500000     1     2
     55    3.000000    4.000000    0.000000     1     1
     56    3.500000    4.500000    0.500000     1     2
     57    4.000000    4.000000    0.000000     1     1
     58    4.500000    4.500000    0.500000     1     2
     59    5.000000    4.000000    0.000000     1     1
     60    5.500000    4.500000    0.500000     1     2
     61    0.000000    5.000000    0.000000     1     1
     62    0.500000    5.500000    0.500000     1     2
     63    1.000000    5.000000    0.000000     1     1
     64    1.500000    5.500000    0.500000     1     2
     65    2.000000    5.000000    0.000000     1     1
     66    2.500000    5.500000    0.500000     1     2
     67    3.000000    5.000000    0.000000     1     1
     68    3.500000    5.500000    0.500000     1     2
     69    4.000000    5.000000    0.000000     1     1
     70    4.500000    5.500000    0.500000     1     2
     71    5.000000    5.000000    0.000000     1     1
     72    5.500000    5.500000    0.500000     1     2
     73    0.000000    0.000000    1.000000     1     1
     74    0.500000    0.500000    1.500000     1     2
     75    1.000000    0.000000    1.000000     1     1
     76    1.500000    0.500000    1.500000     1     2
     77    2.000000    0.000000    1.000000     1     1
     78    2.500000    0.500000    1.500000     1     2
     79    3.000000    0.000000    1.000000     1     1
     80    3.500000    0.500000    1.500000     1     2
     81    4.000000    0.000000    1.000000     1     1
     82    4.500000    0.500000    1.500000     1     2
     83    5.000000    0.000000    1.000000     1     1
     84    5.500000    0.500000    1.500000     1     2
     85    0.000000    1.000000    1.000000     1     1
     86    0.500000    1.500000    1.500000     1     2
     87    1.000000    1.000000    1.000000     1     1
     88    1.500000    1.500000    1.500000     1     2
     89    2.000000    1.000000    1.000000     1     1
     90    2.500000    1.500000    1.500000     1     2
     91    3.000000    1.000000    1.000000     1     1
     92    3.500000    1.500000    1.500000     1     2
     93    4.000000    1.000000    1.000000     1     1
     94    4.500000    1.500000    1.500000     1     2
     95    5.000000    1.000000    1.000000     1     1
     96    5.500000    1.500000    1.500000     1     2
     97    0.000000    2.000000    1.000000     1     1
     98    0.500000    2.500000    1.500000     1     2
     99    1.000000    2.000000    1.000000     1     1
    100    1.500000    2.500000    1.500000     1     2
    101    2.000000    2.000000    1.000000     1     1
    102    2.500000    2.500000    1.500000     1     2
    103    3.000000    2.000000    1.000000     1     1
    104    3.500000    2.500000    1.500000     1     2
    105    4.000000    2.000000    1.000000     1     1
    106    4.500000    2.500000    1.500000     1     2
    107    5.000000    2.000000    1.000000     1     1
    108    5.500000    2.500000    1.500000     1     2
    109    0.000000    3.000000    1.000000     1     1
    110    0.500000    3.500000    1.500000     1     2
    111    1.000000    3.000000    1.000000     1     1
    112    1.500000    3.500000    1.500000     1     2
    113    2.000000    3.000000    1.000000     1     1
    114    2.500000    3.500000    1.500000     1     2
    115    3.000000    3.000000    1.000000     1     1
    116    3.500000    3.500000    1.500000     1     2
    117    4.000000    3.000000    1.000000     1     1
    118    4.500000    3.500000    1.500000     1     2
    119    5.000000    3.000000    1.000000     1     1
    120    5.500000    3.500000    1.500000     1     2
    121    0.000000    4.000000    1.000000     1     1
    122    0.500000    4.500000    1.500000     1     2
    123    1.000000    4.000000    1.000000     1     1
    124    1.500000    4.500000    1.500000     1     2
    125    2.000000    4.000000    1.000000     1     1
    126    2.500000    4.500000    1.500000     1     2
    127    3.000000    4.000000    1.000000     1     1
    128    3.500000    4.500000    1.500000     1     2
    129    4.000000    4.000000    1.000000     1     1
    130    4.500000    4.500000    1.500000     1     2
    131    5.000000    4.000000    1.000000     1     1
    132    5.500000    4.500000    1.500000     1     2
    133    0.000000    5.000000    1.000000     1     1
    134    0.500000    5.500000    1.500000     1     2
    135    1.000000    5.000000    1.000000     1     1
    136    1.500000    5.500000    1.500000     1     2
    137    2.000000    5.000000    1.000000     1     1
    138    2.500000    5.500000    1.500000     1     2
    139    3.000000    5.000000    1.000000     1     1
    140    3.500000    5.500000    1.500000     1     2
    141    4.000000    5.000000    1.000000     1     1
    142    4.500000    5.500000    1.500000     1     2
    143    5.000000    5.000000    1.000000     1     1
    144    5.500000    5.500000    1.500000     1     2
    145    0.000000    0.000000    2.000000     1     1
    146    0.500000    0.500000    2.500000     1     2
    147    1.000000    0.000000    2.000000     1     1
    148    1.500000    0.500000    2.500000     1     2
    149    2.000000    0.000000    2.000000     1     1
    150    2.500000    0.500000    2.500000     1     2
    151    3.000000    0.000000    2.000000     1     1
    152    3.500000    0.500000    2.500000     1     2
    153    4.000000    0.000000    2.000000     1     1
    154    4.500000    0.500000    2.500000     1     2
    155    5.000000    0.000000    2.000000     1     1
    156    5.500000    0.500000    2.500000     1     2
    157    0.000000    1.000000    2.000000     1     1
    158    0.500000    1.500000    2.500000     1     2
    159    1.000000    1.000000    2.000000     1     1
    160    1.500000    1.500000    2.500000     1     2
    161    2.000000    1.000000    2.000000     1     1
    162    2.500000    1.500000    2.500000     1     2
    163    3.000000    1.000000    2.000000     1     1
    164    3.500000    1.500000    2.500000     1     2
    165    4.000000    1.000000    2.000000     1     1
    166    4.500000    1.500000    2.500000     1     2
    167    5.000000    1.000000    2.000000     1     1
    168    5.500000    1.500000    2.500000     1     2
    169    0.000000    2.000000    2.000000     1     1
    170    0.500000    2.500000    2.500000     1     2
    171    1.000000    2.000000    2.000000     1     1
    172    1.500000    2.500000    2.500000     1     2
    173    2.000000    2.000000    2.000000     1     1
    174    2.500000    2.500000    2.500000     1     2
    175    3.000000    2.000000    2.000000     1     1
    176    3.500000    2.500000    2.500000     1     2
    177    4.000000    2.000000    2.000000     1     1
    178    4.500000    2.500000    2.500000     1     2
    179    5.000000    2.000000    2.000000     1     1
    180    5.500000    2.500000    2.500000     1     2
    181    0.000000    3.000000    2.000000     1     1
    182    0.500000    3.500000    2.500000     1     2
    183    1.000000    3.000000    2.000000     1     1
    184    1.500000    3.500000    2.500000     1     2
    185    2.000000    3.000000    2.000000     1     1
    186    2.500000    3.500000    2.500000     1     2
    187    3.000000    3.000000    2.000000     1     1
    188    3.500000    3.500000    2.500000     1     2
    189    4.000000    3.000000    2.000000     1     1
    190    4.500000    3.500000    2.500000     1     2
    191    5.000000    3.000000    2.000000     1     1
    192    5.500000    3.500000    2.500000     1     2
    193    0.000000    4.000000    2.000000     1     1
    194    0.500000    4.500000    2.500000     1     2
    195    1.000000    4.000000    2.000000     1     1
    196    1.500000    4.500000    2.500000     1     2
    197    2.000000    4.000000    2.000000     1     1
    198    2.500000    4.500000    2.500000     1     2
    199    3.000000    4.000000    2.000000     1     1
    200    3.500000    4.500000    2.500000     1     2
    201    4.000000    4.000000    2.000000     1     1
    202    4.500000    4.500000    2.500000     1     2
    203    5.000000    4.000000    2.000000     1     1
    204    5.500000    4.500000    2.500000     1     2
    205    0.000000    5.000000    2.000000     1     1
    206    0.500000    5.500000    2.500000     1     2
    207    1.000000    5.000000    2.000000     1     1
    208    1.500000    5.500000    2.500000     1     2
    209    2.000000    5.000000    2.000000     1     1
    210    2.500000    5.500000    2.500000     1     2
    211    3.000000    5.000000    2.000000     1     1
    212    3.500000    5.500000    2.500000     1     2
    213    4.000000    5.000000    2.000000     1     1
    214    4.500000    5.500000    2.500000     1     2
    215    5.000000    5.000000    2.000000     1     1
    216    5.500000    5.500000    2.500000     1     2
    217    0.000000    0.000000    3.000000     1     1
    218    0.500000    0.500000    3.500000     1     2
    219    1.000000    0.000000    3.000000     1     1
    220    1.500000    0.500000    3.500000     1     2
    221    2.000000    0.000000    3.000000     1     1
    222    2.500000    0.500000    3.500000     1     2
    223    3.000000    0.000000    3.000000     1     1
    224    3.500000    0.500000    3.500000     1     2
    225    4.000000    0.000000    3.000000     1     1
    226    4.500000    0.500000    3.500000     1     2
    227    5.000000    0.000000    3.000000     1     1
    228    5.500000    0.500000    3.500000     1     2
    229    0.000000    1.000000    3.000000     1     1
    230    0.500000    1.500000    3.500000     1     2
    231    1.000000    1.000000    3.000000     1     1
    232    1.500000    1.500000    3.500000     1     2
    233    2.000000    1.000000    3.000000     1     1
    234    2.500000    1.500000    3.500000     1     2
    235    3.000000    1.000000    3.000000     1     1
    236    3.500000    1.500000    3.500000     1     2
    237    4.000000    1.000000    3.000000     1     1
    238    4.500000    1.500000    3.500000     1     2
    239    5.000000    1.000000    3.000000     1     1
    240    5.500000    1.500000    3.500000     1     2
    241    0.000000    2.000000    3.000000     1     1
    242    0.500000    2.500000    3.500000     1     2
    243    1.000000    2.000000    3.000000     1     1
    244    1.500000    2.500000    3.500000     1     2
    245    2.000000    2.000000    3.000000     1     1
    246    2.500000    2.500000    3.500000     1     2
    247    3.000000    2.000000    3.000000     1     1
    248    3.500000    2.500000    3.500000     1     2
    249    4.000000    2.000000    3.000000     1     1
    250    4.500000    2.500000    3.500000     1     2
    251    5.000000    2.000000    3.000000     1     1
    252    5.500000    2.500000    3.500000     1     2
    253    0.000000    3.000000    3.000000     1     1
    254    0.500000    3.500000    3.500000     1     2
    255    1.000000    3.000000    3.000000     1     1
    256    1.500000    3.500000    3.500000     1     2
    257    2.000000    3.000000    3.000000     1     1
    258    2.500000    3.500000    3.500000     1     2
    259    3.000000    3.000000    3.000000     1     1
    260    3.500000    3.500000    3.500000     1     2
    261    4.000000    3.000000    3.000000     1     1
    262    4.500000    3.500000    3.500000     1     2
    263    5.000000    3.000000    3.000000     1     1
    264    5.500000    3.500000    3.500000     1     2
    265    0.000000    4.000000    3.000000     1     1
    266    0.500000    4.500000    3.500000     1     2
    267    1.000000    4.000000    3.000000     1     1
    268    1.500000    4.500000    3.500000     1     2
    269    2.000000    4.000000    3.000000     1     1
    270    2.500000    4.500000    3.500000     1     2
    271    3.000000    4.000000    3.000000     1     1
    272    3.500000    4.500000    3.500000     1     2
    273    4.000000    4.000000    3.000000     1     1
    274    4.500000    4.500000    3.500000     1     2
    275    5.000000    4.000000    3.000000     1     1
    276    5.500000    4.500000    3.500000     1     2
    277    0.000000    5.000000    3.000000     1     1
    278    0.500000    5.500000    3.500000     1     2
    279    1.000000    5.000000    3.000000     1     1
    280    1.500000    5.500000    3.500000     1     2
    281    2.000000    5.000000    3.000000     1     1
    282    2.500000    5.500000    3.500000     1     2
    283    3.000000    5.000000    3.000000     1     1
    284    3.500000    5.500000    3.500000     1     2
    285    4.000000    5.000000    3.000000     1     1
    286    4.500000    5.500000    3.500000     1     2
    287    5.000000    5.000000    3.000000     1     1
    288    5.500000    5.500000    3.500000     1     2
    289    0.000000    0.000000    4.000000     1     1
    290    0.500000    0.500000    4.500000     1     2
    291    1.000000    0.000000    4.000000     1     1
    292    1.500000    0.500000    4.500000     1     2
    293    2.000000    0.000000    4.000000     1     1
    294    2.500000    0.500000    4.500000     1     2
    295    3.000000    0.000000    4.000000     1     1
    296    3.500000    0.500000    4.500000     1     2
    297    4.000000    0.000000    4.000000     1     1
    298    4.500000    0.500000    4.500000     1     2
    299    5.000000    0.000000    4.000000     1     1
    300    5.500000    0.500000    4.500000     1     2
    301    0.000000    1.000000    4.000000     1     1
    302    0.500000    1.500000    4.500000     1     2
    303    1.000000    1.000000    4.000000     1     1
    304    1.500000    1.500000    4.500000     1     2
    305    2.000000    1.000000    4.000000     1     1
    306    2.500000    1.500000    4.500000     1     2
    307    3.000000    1.000000    4.000000     1     1
    308    3.500000    1.500000    4.500000     1     2
    309    4.000000    1.000000    4.000000     1     1
    310    4.500000    1.500000    4.500000     1     2
    311    5.000000    1.000000    4.000000     1     1
    312    5.500000    1.500000    4.500000     1     2
    313    0.000000    2.000000    4.000000     1     1
    314    0.500000    2.500000    4.500000     1     2
    315    1.000000    2.000000    4.000000     1     1
    316    1.500000    2.500000    4.500000     1     2
    317    2.000000    2.000000    4.000000     1     1
    318    2.500000    2.500000    4.500000     1     2
    319    3.000000    2.000000    4.000000     1     1
    320    3.500000    2.500000    4.500000     1     2
    321    4.000000    2.000000    4.000000     1     1
    322    4.500000    2.500000    4.500000     1     2
    323    5.000000    2.000000    4.000000     1     1
    324    5.500000    2.500000    4.500000     1     2
    325    0.000000    3.000000    4.000000     1     1
    326    0.500000    3.500000    4.500000     1     2
    327    1.000000    3.000000    4.000000     1     1
    328    1.500000    3.500000    4.500000     1     2
    329    2.000000    3.000000    4.000000     1     1
    330    2.500000    3.500000    4.500000     1     2
    331    3.000000    3.000000    4.000000     1     1
    332    3.500000    3.500000    4.500000     1     2
    333    4.000000    3.000000    4.000000     1     1
    334    4.500000    3.500000    4.500000     1     2
    335    5.000000    3.000000    4.000000     1     1
    336    5.500000    3.500000    4.500000     1     2
    337    0.000000    4.000000    4.000000     1     1
    338    0.500000    4.500000    4.500000     1     2
    339    1.000000    4.000000    4.000000     1     1
    340    1.500000    4.500000    4.500000     1     2
    341    2.000000    4.000000    4.000000     1     1
    342    2.500000    4.500000    4.500000     1     2
    343    3.000000    4.000000    4.000000     1     1
    344    3.500000    4.500000    4.500000     1     2
    345    4.000000    4.000000    4.000000     1     1
    346    4.500000    4.500000    4.500000     1     2
    347    5.000000    4.000000    4.000000     1     1
    348    5.500000    4.500000    4.500000     1     2
    349    0.000000    5.000000    4.000000     1     1
    350    0.500000    5.500000    4.500000     1     2
    351    1.000000    5.000000    4.000000     1     1
    352    1.500000    5.500000    4.500000     1     2
    353    2.000000    5.000000    4.000000     1     1
    354    2.500000    5.500000    4.500000     1     2
    355    3.000000    5.000000    4.000000     1     1
    356    3.500000    5.500000    4.500000     1     2
    357    4.000000    5.000000    4.000000     1     1
    358    4.500000    5.500000    4.500000     1     2
    359    5.000000    5.000000    4.000000     1     1
    360    5.500000    5.500000    4.500000     1     2
    361    0.000000    0.000000    5.000000     1     1
    362    0.500000    0.500000    5.500000     1     2
    363    1.000000    0.000000    5.000000     1     1
    364    1.500000    0.500000    5.500000     1     2
    365    2.000000    0.000000    5.000000     1     1
    366    2.500000    0.500000    5.500000     1     2
    367    3.000000    0.000000    5.000000     1     1
    368    3.500000    0.500000    5.500000     1     2
    369    4.000000    0.000000    5.000000     1     1
    370    4.500000    0.500000    5.500000     1     2
    371    5.000000    0.000000    5.000000     1     1
    372    5.500000    0.500000    5.500000     1     2
    373    0.000000    1.000000    5.000000     1     1
    374    0.500000    1.500000    5.500000     1     2
    375    1.000000    1.000000    5.000000     1     1
    376    1.500000    1.500000    5.500000     1     2
    377    2.000000    1.000000    5.000000     1     1
    378    2.500000    1.500000    5.500000     1     2
    379    3.000000    1.000000    5.000000     1     1
    380    3.500000    1.500000    5.500000     1     2
    381    4.000000    1.000000    5.000000     1     1
    382    4.500000    1.500000    5.500000     1     2
    383    5.000000    1.000000    5.000000     1     1
    384    5.500000    1.500000    5.500000     1     2
    385    0.000000    2.000000    5.000000     1     1
    386    0.500000    2.500000    5.500000     1     2
    387    1.000000    2.000000    5.000000     1     1
    388    1.500000    2.500000    5.500000     1     2
    389    2.000000    2.000000    5.000000     1     1
    390    2.500000    2.500000    5.500000     1     2
    391    3.000000    2.000000    5.000000     1     1
    392    3.500000    2.500000    5.500000     1     2
    393    4.000000    2.000000    5.000000     1     1
    394    4.500000    2.500000    5.500000     1     2
    395    5.000000    2.000000    5.000000     1     1
    396    5.500000    2.500000    5.500000     1     2
    397    0.000000    3.000000    5.000000     1     1
    398    0.500000    3.500000    5.500000     1     2
    399    1.000000    3.000000    5.000000     1     1
    400    1.500000    3.500000    5.500000     1     2
    401    2.000000    3.000000    5.000000     1     1
    402    2.500000    3.500000    5.500000     1     2
    403    3.000000    3.000000    5.000000     1     1
    404    3.500000    3.500000    5.500000     1     2
    405    4.000000    3.000000    5.000000     1     1
    406    4.500000    3.500000    5.500000     1     2
    407    5.000000    3.000000    5.000000     1     1
    408    5.500000    3.500000    5.500000     1     2
    409    0.000000    4.000000    5.000000     1     1
    410    0.500000    4.500000    5.500000     1     2
    411    1.000000    4.000000    5.000000     1     1
    412    1.500000    4.500000    5.500000     1     2
    413    2.000000    4.000000    5.000000     1     1
    414    2.500000    4.500000    5.500000     1     2
    415    3.000000    4.000000    5.000000     1     1
    416    3.500000    4.500000    5.500000     1     2
    417    4.000000    4.000000    5.000000     1     1
    418    4.500000    4.500000    5.500000     1     2
    419    5.000000    4.000000    5.000000     1     1
    420    5.500000    4.500000    5.500000     1     2
    421    0.000000    5.000000    5.000000     1     1
    422    0.500000    5.500000    5.500000     1     2
    423    1.000000    5.000000    5.000000     1     1
    424    1.500000    5.500000    5.500000     1     2
    425    2.000000    5.000000    5.000000     1     1
    426    2.500000    5.500000    5.500000     1     2
    427    3.000000    5.000000    5.000000     1     1
    428    3.500000    5.500000    5.500000     1     2
    429    4.000000    5.000000    5.000000     1     1
    430    4.500000    5.500000    5.500000     1     2
    431    5.000000    5.000000    5.000000     1     1
    432    5.500000    5.500000    5.500000     1     2
