   #Iter             <M>           <M^2>           <M^4>      U_{Binder}            \chi        C_v(tot)             <E>       <E_{exc}>       <E_{lsf}>
       1  1.75916431E+00  3.09472205E+00  9.57808673E+00  6.66639443E-01  1.18384830E-04  5.82240004E-01 -9.02580026E+00 -9.02580026E+00  0.00000000E+00
      11  1.76340633E+00  3.11023428E+00  9.68143617E+00  6.66395174E-01  1.18892171E-03  1.37989219E+00 -9.09986167E+00 -9.09986167E+00  0.00000000E+00
      21  1.76167468E+00  3.10399441E+00  9.64094207E+00  6.66453523E-01  9.33844614E-04  1.39189173E+00 -9.10888588E+00 -9.10888588E+00  0.00000000E+00
      31  1.76232296E+00  3.10621476E+00  9.65392704E+00  6.66481599E-01  8.13152390E-04  1.40637650E+00 -9.11398066E+00 -9.11398066E+00  0.00000000E+00
      41  1.76286942E+00  3.10817369E+00  9.66651471E+00  6.66467544E-01  8.74383869E-04  1.23792988E+00 -9.11785851E+00 -9.11785851E+00  0.00000000E+00
      51  1.76081296E+00  3.10088972E+00  9.62081380E+00  6.66483049E-01  8.03564320E-04  1.32151468E+00 -9.11520174E+00 -9.11520174E+00  0.00000000E+00
      61  1.76055503E+00  3.09999391E+00  9.61540904E+00  6.66477738E-01  8.27032541E-04  1.25435438E+00 -9.11617784E+00 -9.11617784E+00  0.00000000E+00
      71  1.76252973E+00  3.10695188E+00  9.65861232E+00  6.66478046E-01  8.28735216E-04  1.36773452E+00 -9.11731961E+00 -9.11731961E+00  0.00000000E+00
      81  1.76177377E+00  3.10432263E+00  9.64270195E+00  6.66463177E-01  8.94515540E-04  1.39134466E+00 -9.11213256E+00 -9.11213256E+00  0.00000000E+00
      91  1.75994186E+00  3.09787484E+00  9.60275113E+00  6.66460953E-01  9.01469937E-04  1.32789872E+00 -9.11363315E+00 -9.11363315E+00  0.00000000E+00
     101  1.76069966E+00  3.10052633E+00  9.61898609E+00  6.66468241E-01  8.70516860E-04  1.31024798E+00 -9.11653837E+00 -9.11653837E+00  0.00000000E+00
     111  1.76112046E+00  3.10203756E+00  9.62871806E+00  6.66456017E-01  9.25512465E-04  1.39965961E+00 -9.11606014E+00 -9.11606014E+00  0.00000000E+00
     121  1.76160703E+00  3.10374138E+00  9.63916944E+00  6.66460474E-01  9.06238517E-04  1.50149699E+00 -9.11847833E+00 -9.11847833E+00  0.00000000E+00
     131  1.76008962E+00  3.09838706E+00  9.60583107E+00  6.66464280E-01  8.86562230E-04  1.41199446E+00 -9.11894875E+00 -9.11894875E+00  0.00000000E+00
     141  1.76029481E+00  3.09911296E+00  9.61037571E+00  6.66462785E-01  8.93242702E-04  1.42447704E+00 -9.11576637E+00 -9.11576637E+00  0.00000000E+00
     151  1.75950849E+00  3.09638406E+00  9.59393089E+00  6.66446359E-01  9.66217537E-04  1.43752444E+00 -9.11694632E+00 -9.11694632E+00  0.00000000E+00
     161  1.75960158E+00  3.09669402E+00  9.59563380E+00  6.66453936E-01  9.33044817E-04  1.40186044E+00 -9.11890554E+00 -9.11890554E+00  0.00000000E+00
     171  1.76044786E+00  3.09965935E+00  9.61384484E+00  6.66460004E-01  9.07455790E-04  1.39494333E+00 -9.11742284E+00 -9.11742284E+00  0.00000000E+00
     181  1.76052778E+00  3.09994414E+00  9.61565217E+00  6.66458595E-01  9.13803057E-04  1.37958091E+00 -9.11405887E+00 -9.11405887E+00  0.00000000E+00
     191  1.76094914E+00  3.10145568E+00  9.62537226E+00  6.66446793E-01  9.65966746E-04  1.43325737E+00 -9.11640908E+00 -9.11640908E+00  0.00000000E+00
     201  1.76056548E+00  3.10010642E+00  9.61702980E+00  6.66445731E-01  9.69331661E-04  1.41868019E+00 -9.11668331E+00 -9.11668331E+00  0.00000000E+00
     211  1.76062976E+00  3.10033564E+00  9.61848776E+00  6.66444493E-01  9.74734883E-04  1.43441008E+00 -9.11541450E+00 -9.11541450E+00  0.00000000E+00
     221  1.76062132E+00  3.10029068E+00  9.61802248E+00  6.66450952E-01  9.46122904E-04  1.42884463E+00 -9.11359661E+00 -9.11359661E+00  0.00000000E+00
     231  1.76028409E+00  3.09910456E+00  9.61067868E+00  6.66450462E-01  9.48448477E-04  1.42094256E+00 -9.11219598E+00 -9.11219598E+00  0.00000000E+00
     241  1.75977152E+00  3.09729447E+00  9.59938960E+00  6.66452745E-01  9.37490625E-04  1.40755249E+00 -9.11134535E+00 -9.11134535E+00  0.00000000E+00
     251  1.75920824E+00  3.09532420E+00  9.58732937E+00  6.66447572E-01  9.59850152E-04  1.43877966E+00 -9.10943130E+00 -9.10943130E+00  0.00000000E+00
     261  1.75942967E+00  3.09611377E+00  9.59235031E+00  6.66443080E-01  9.79457256E-04  1.42238688E+00 -9.10970558E+00 -9.10970558E+00  0.00000000E+00
     271  1.75938449E+00  3.09594648E+00  9.59121110E+00  6.66446651E-01  9.63899452E-04  1.43640959E+00 -9.10964026E+00 -9.10964026E+00  0.00000000E+00
     281  1.75968361E+00  3.09698539E+00  9.59747876E+00  6.66452575E-01  9.38069615E-04  1.43177569E+00 -9.11092199E+00 -9.11092199E+00  0.00000000E+00
     291  1.75957933E+00  3.09662694E+00  9.59536523E+00  6.66448820E-01  9.54135212E-04  1.40627521E+00 -9.11055653E+00 -9.11055653E+00  0.00000000E+00
     301  1.75920213E+00  3.09529935E+00  9.58713746E+00  6.66448893E-01  9.53561302E-04  1.39749293E+00 -9.11148034E+00 -9.11148034E+00  0.00000000E+00
     311  1.75895820E+00  3.09443753E+00  9.58175804E+00  6.66450337E-01  9.46757914E-04  1.39835558E+00 -9.10912252E+00 -9.10912252E+00  0.00000000E+00
     321  1.75917327E+00  3.09519450E+00  9.58644860E+00  6.66450263E-01  9.47358093E-04  1.38936280E+00 -9.11017613E+00 -9.11017613E+00  0.00000000E+00
     331  1.75900265E+00  3.09458552E+00  9.58257224E+00  6.66453899E-01  9.30957933E-04  1.37797157E+00 -9.11101678E+00 -9.11101678E+00  0.00000000E+00
     341  1.75889050E+00  3.09418085E+00  9.57994295E+00  6.66458191E-01  9.11880426E-04  1.39268706E+00 -9.10963711E+00 -9.10963711E+00  0.00000000E+00
     351  1.75851465E+00  3.09284762E+00  9.57155528E+00  6.66462852E-01  8.90820075E-04  1.39216811E+00 -9.10874169E+00 -9.10874169E+00  0.00000000E+00
     361  1.75870220E+00  3.09350155E+00  9.57553169E+00  6.66465342E-01  8.80080471E-04  1.42200554E+00 -9.10957070E+00 -9.10957070E+00  0.00000000E+00
     371  1.75880055E+00  3.09384573E+00  9.57764096E+00  6.66466094E-01  8.76765343E-04  1.43703213E+00 -9.11016118E+00 -9.11016118E+00  0.00000000E+00
     381  1.75895731E+00  3.09439178E+00  9.58095415E+00  6.66468460E-01  8.66602849E-04  1.44422091E+00 -9.11139404E+00 -9.11139404E+00  0.00000000E+00
     391  1.75832021E+00  3.09216391E+00  9.56732089E+00  6.66462959E-01  8.91056904E-04  1.42411125E+00 -9.11097717E+00 -9.11097717E+00  0.00000000E+00
     401  1.75824716E+00  3.09190790E+00  9.56574825E+00  6.66462557E-01  8.92657838E-04  1.40498744E+00 -9.11125169E+00 -9.11125169E+00  0.00000000E+00
     411  1.75862588E+00  3.09323306E+00  9.57386255E+00  6.66465588E-01  8.79951929E-04  1.38789168E+00 -9.11204670E+00 -9.11204670E+00  0.00000000E+00
     421  1.75883021E+00  3.09395408E+00  9.57835515E+00  6.66464585E-01  8.84316324E-04  1.41029884E+00 -9.11335057E+00 -9.11335057E+00  0.00000000E+00
     431  1.75881038E+00  3.09388740E+00  9.57798042E+00  6.66463258E-01  8.90086602E-04  1.41581986E+00 -9.11262734E+00 -9.11262734E+00  0.00000000E+00
     441  1.75913497E+00  3.09502496E+00  9.58496893E+00  6.66465208E-01  8.81936631E-04  1.40623432E+00 -9.11210963E+00 -9.11210963E+00  0.00000000E+00
     451  1.75926894E+00  3.09549581E+00  9.58787967E+00  6.66465410E-01  8.80994166E-04  1.41916191E+00 -9.11197942E+00 -9.11197942E+00  0.00000000E+00
     461  1.75940552E+00  3.09597245E+00  9.59078330E+00  6.66467123E-01  8.73598961E-04  1.39873105E+00 -9.11226633E+00 -9.11226633E+00  0.00000000E+00
     471  1.75944487E+00  3.09611723E+00  9.59175547E+00  6.66464510E-01  8.85440316E-04  1.38324306E+00 -9.11254328E+00 -9.11254328E+00  0.00000000E+00
     481  1.75909048E+00  3.09487003E+00  9.58402882E+00  6.66464530E-01  8.84945878E-04  1.38031327E+00 -9.11202397E+00 -9.11202397E+00  0.00000000E+00
     491  1.75932092E+00  3.09569000E+00  9.58921803E+00  6.66460701E-01  9.02184076E-04  1.36527052E+00 -9.11208403E+00 -9.11208403E+00  0.00000000E+00
     501  1.75940107E+00  3.09596878E+00  9.59090442E+00  6.66462121E-01  8.96118396E-04  1.36125930E+00 -9.11247770E+00 -9.11247770E+00  0.00000000E+00
     511  1.75930806E+00  3.09564256E+00  9.58889522E+00  6.66461707E-01  8.98108651E-04  1.36169330E+00 -9.11209168E+00 -9.11209168E+00  0.00000000E+00
     521  1.75898957E+00  3.09451676E+00  9.58186009E+00  6.66463865E-01  8.88183095E-04  1.35877515E+00 -9.11114455E+00 -9.11114455E+00  0.00000000E+00
     531  1.75891165E+00  3.09423628E+00  9.58004625E+00  6.66466544E-01  8.76272845E-04  1.35362339E+00 -9.11167973E+00 -9.11167973E+00  0.00000000E+00
     541  1.75880082E+00  3.09384717E+00  9.57764636E+00  6.66466218E-01  8.77690860E-04  1.37079823E+00 -9.11015907E+00 -9.11015907E+00  0.00000000E+00
     551  1.75904684E+00  3.09471194E+00  9.58298924E+00  6.66466636E-01  8.76348999E-04  1.35806025E+00 -9.11051515E+00 -9.11051515E+00  0.00000000E+00
     561  1.75897232E+00  3.09445135E+00  9.58139413E+00  6.66465984E-01  8.79337801E-04  1.35140882E+00 -9.11029281E+00 -9.11029281E+00  0.00000000E+00
     571  1.75914273E+00  3.09505342E+00  9.58515361E+00  6.66464915E-01  8.84124890E-04  1.35120784E+00 -9.11045242E+00 -9.11045242E+00  0.00000000E+00
     581  1.75922345E+00  3.09533702E+00  9.58690533E+00  6.66465088E-01  8.83381160E-04  1.34950959E+00 -9.11034843E+00 -9.11034843E+00  0.00000000E+00
     591  1.75931179E+00  3.09564303E+00  9.58874023E+00  6.66467199E-01  8.74311249E-04  1.33361518E+00 -9.11072571E+00 -9.11072571E+00  0.00000000E+00
     601  1.75924851E+00  3.09541501E+00  9.58726250E+00  6.66469468E-01  8.64179370E-04  1.33973014E+00 -9.11039417E+00 -9.11039417E+00  0.00000000E+00
     611  1.75928327E+00  3.09553664E+00  9.58800839E+00  6.66469732E-01  8.62950854E-04  1.35600080E+00 -9.11038961E+00 -9.11038961E+00  0.00000000E+00
     621  1.75925149E+00  3.09542710E+00  9.58735681E+00  6.66468793E-01  8.67244487E-04  1.36419279E+00 -9.10999461E+00 -9.10999461E+00  0.00000000E+00
     631  1.75943860E+00  3.09608868E+00  9.59149448E+00  6.66467435E-01  8.73256009E-04  1.37949615E+00 -9.11015699E+00 -9.11015699E+00  0.00000000E+00
     641  1.75944650E+00  3.09611832E+00  9.59169898E+00  6.66466709E-01  8.76689402E-04  1.37623166E+00 -9.11026124E+00 -9.11026124E+00  0.00000000E+00
     651  1.75940850E+00  3.09598229E+00  9.59082801E+00  6.66467688E-01  8.72380760E-04  1.40912953E+00 -9.10997734E+00 -9.10997734E+00  0.00000000E+00
     661  1.75935092E+00  3.09577864E+00  9.58955345E+00  6.66468136E-01  8.70379586E-04  1.39970470E+00 -9.10929237E+00 -9.10929237E+00  0.00000000E+00
     671  1.75956537E+00  3.09653043E+00  9.59417497E+00  6.66469408E-01  8.65074006E-04  1.41109160E+00 -9.10995996E+00 -9.10995996E+00  0.00000000E+00
     681  1.75985067E+00  3.09753971E+00  9.60049395E+00  6.66467194E-01  8.74849830E-04  1.41574547E+00 -9.10994930E+00 -9.10994930E+00  0.00000000E+00
     691  1.76006577E+00  3.09829932E+00  9.60523359E+00  6.66466136E-01  8.79450445E-04  1.41108986E+00 -9.11018139E+00 -9.11018139E+00  0.00000000E+00
     701  1.76001524E+00  3.09812369E+00  9.60417303E+00  6.66465153E-01  8.83688906E-04  1.41620869E+00 -9.11082672E+00 -9.11082672E+00  0.00000000E+00
     711  1.76023265E+00  3.09889028E+00  9.60894142E+00  6.66464633E-01  8.86059173E-04  1.40825239E+00 -9.11084240E+00 -9.11084240E+00  0.00000000E+00
     721  1.76007164E+00  3.09832504E+00  9.60545638E+00  6.66463939E-01  8.88997714E-04  1.40930788E+00 -9.11040922E+00 -9.11040922E+00  0.00000000E+00
     731  1.75996469E+00  3.09795397E+00  9.60322348E+00  6.66461587E-01  8.99164019E-04  1.40844564E+00 -9.10975556E+00 -9.10975556E+00  0.00000000E+00
     741  1.76003579E+00  3.09820342E+00  9.60475946E+00  6.66461953E-01  8.97580618E-04  1.40103230E+00 -9.11070192E+00 -9.11070192E+00  0.00000000E+00
     751  1.76012255E+00  3.09850741E+00  9.60662595E+00  6.66462593E-01  8.94901687E-04  1.39761435E+00 -9.11065041E+00 -9.11065041E+00  0.00000000E+00
     761  1.76024422E+00  3.09893344E+00  9.60923926E+00  6.66463586E-01  8.90618694E-04  1.39176854E+00 -9.11028238E+00 -9.11028238E+00  0.00000000E+00
     771  1.76027286E+00  3.09903566E+00  9.60988993E+00  6.66463004E-01  8.93186493E-04  1.39567532E+00 -9.11030228E+00 -9.11030228E+00  0.00000000E+00
     781  1.76016660E+00  3.09866070E+00  9.60755573E+00  6.66463314E-01  8.91557829E-04  1.39940427E+00 -9.11090606E+00 -9.11090606E+00  0.00000000E+00
     791  1.76012638E+00  3.09851827E+00  9.60666277E+00  6.66463653E-01  8.89981250E-04  1.40319813E+00 -9.11110626E+00 -9.11110626E+00  0.00000000E+00
