   #Iter             <M>           <M^2>           <M^4>      U_{Binder}            \chi        C_v(tot)             <E>       <E_{exc}>       <E_{lsf}>
       1  1.89102070E+00  3.57618665E+00  1.27923393E+01  6.66582524E-01  5.69965366E-04  3.24158591E-01 -9.98002892E+00 -9.98002892E+00  0.00000000E+00
      11  1.89186995E+00  3.57946715E+00  1.28168013E+01  6.66556978E-01  7.40092028E-04  1.64360396E+00 -9.99222388E+00 -9.99222388E+00  0.00000000E+00
      21  1.89418028E+00  3.58810107E+00  1.28770776E+01  6.66599135E-01  4.56558957E-04  1.34707170E+00 -9.99672869E+00 -9.99672869E+00  0.00000000E+00
      31  1.89303332E+00  3.58378450E+00  1.28465094E+01  6.66588857E-01  5.24755518E-04  1.32841395E+00 -9.99867466E+00 -9.99867466E+00  0.00000000E+00
      41  1.89335098E+00  3.58494648E+00  1.28542565E+01  6.66604022E-01  4.22442342E-04  1.29102879E+00 -9.99873366E+00 -9.99873366E+00  0.00000000E+00
      51  1.89299027E+00  3.58360339E+00  1.28449529E+01  6.66595556E-01  4.79356967E-04  1.49837299E+00 -9.99711279E+00 -9.99711279E+00  0.00000000E+00
      61  1.89160262E+00  3.57835051E+00  1.28073102E+01  6.66595917E-01  4.76339202E-04  1.44647552E+00 -9.98886095E+00 -9.98886095E+00  0.00000000E+00
      71  1.89307886E+00  3.58394659E+00  1.28475244E+01  6.66592673E-01  4.98851287E-04  1.50320226E+00 -9.99201104E+00 -9.99201104E+00  0.00000000E+00
      81  1.89207316E+00  3.58016320E+00  1.28207494E+01  6.66583945E-01  5.57383255E-04  1.43501547E+00 -9.99306684E+00 -9.99306684E+00  0.00000000E+00
      91  1.89308147E+00  3.58396640E+00  1.28478065E+01  6.66589038E-01  5.23758180E-04  1.51942621E+00 -9.99694949E+00 -9.99694949E+00  0.00000000E+00
     101  1.89245924E+00  3.58160937E+00  1.28308956E+01  6.66589495E-01  5.19895798E-04  1.44072396E+00 -9.99469496E+00 -9.99469496E+00  0.00000000E+00
     111  1.89237975E+00  3.58132099E+00  1.28290057E+01  6.66584914E-01  5.51128372E-04  1.37216810E+00 -9.99550513E+00 -9.99550513E+00  0.00000000E+00
     121  1.89402690E+00  3.58756890E+00  1.28739609E+01  6.66580935E-01  5.79081291E-04  1.44783250E+00 -9.99459706E+00 -9.99459706E+00  0.00000000E+00
     131  1.89382640E+00  3.58681216E+00  1.28685699E+01  6.66579910E-01  5.85899771E-04  1.42819144E+00 -9.99634369E+00 -9.99634369E+00  0.00000000E+00
     141  1.89409309E+00  3.58781170E+00  1.28755890E+01  6.66583900E-01  5.59141238E-04  1.40276558E+00 -9.99857224E+00 -9.99857224E+00  0.00000000E+00
     151  1.89419797E+00  3.58820338E+00  1.28783181E+01  6.66586031E-01  5.45054515E-04  1.39515820E+00 -9.99902216E+00 -9.99902216E+00  0.00000000E+00
     161  1.89439874E+00  3.58896198E+00  1.28837323E+01  6.66586852E-01  5.39976222E-04  1.36721360E+00 -9.99952273E+00 -9.99952273E+00  0.00000000E+00
     171  1.89476268E+00  3.59035827E+00  1.28940059E+01  6.66580470E-01  5.83156464E-04  1.39373794E+00 -1.00027471E+01 -1.00027471E+01  0.00000000E+00
     181  1.89494923E+00  3.59105897E+00  1.28989495E+01  6.66582788E-01  5.67509434E-04  1.40021116E+00 -1.00018400E+01 -1.00018400E+01  0.00000000E+00
     191  1.89392591E+00  3.58718632E+00  1.28712134E+01  6.66580983E-01  5.78951882E-04  1.38356503E+00 -1.00007129E+01 -1.00007129E+01  0.00000000E+00
     201  1.89359714E+00  3.58593807E+00  1.28622163E+01  6.66582043E-01  5.71385368E-04  1.40550321E+00 -1.00008653E+01 -1.00008653E+01  0.00000000E+00
     211  1.89360751E+00  3.58598041E+00  1.28625636E+01  6.66580914E-01  5.79039708E-04  1.36975320E+00 -9.99998221E+00 -9.99998221E+00  0.00000000E+00
     221  1.89369243E+00  3.58630159E+00  1.28648624E+01  6.66581056E-01  5.77928760E-04  1.44001978E+00 -9.99917460E+00 -9.99917460E+00  0.00000000E+00
     231  1.89354251E+00  3.58573141E+00  1.28607386E+01  6.66581921E-01  5.71930264E-04  1.40953146E+00 -9.99824520E+00 -9.99824520E+00  0.00000000E+00
     241  1.89349765E+00  3.58555901E+00  1.28594660E+01  6.66582852E-01  5.65648084E-04  1.43192509E+00 -9.99861177E+00 -9.99861177E+00  0.00000000E+00
     251  1.89331983E+00  3.58488439E+00  1.28546113E+01  6.66583272E-01  5.62566972E-04  1.41169913E+00 -9.99861816E+00 -9.99861816E+00  0.00000000E+00
     261  1.89348073E+00  3.58549465E+00  1.28590018E+01  6.66582920E-01  5.64983046E-04  1.41569233E+00 -9.99920902E+00 -9.99920902E+00  0.00000000E+00
     271  1.89329482E+00  3.58478875E+00  1.28539121E+01  6.66583617E-01  5.60157915E-04  1.40578860E+00 -9.99894906E+00 -9.99894906E+00  0.00000000E+00
     281  1.89297321E+00  3.58357222E+00  1.28452071E+01  6.66583158E-01  5.63127094E-04  1.37896370E+00 -9.99944090E+00 -9.99944090E+00  0.00000000E+00
     291  1.89305357E+00  3.58387278E+00  1.28473087E+01  6.66584539E-01  5.53840989E-04  1.35446417E+00 -9.99865633E+00 -9.99865633E+00  0.00000000E+00
     301  1.89340700E+00  3.58520626E+00  1.28568010E+01  6.66586350E-01  5.41889323E-04  1.35354032E+00 -9.99880830E+00 -9.99880830E+00  0.00000000E+00
     311  1.89359421E+00  3.58591317E+00  1.28618416E+01  6.66587126E-01  5.36801193E-04  1.36199778E+00 -9.99917487E+00 -9.99917487E+00  0.00000000E+00
     321  1.89381085E+00  3.58673266E+00  1.28677054E+01  6.66587528E-01  5.34236882E-04  1.37044497E+00 -1.00000916E+01 -1.00000916E+01  0.00000000E+00
     331  1.89381467E+00  3.58674828E+00  1.28678326E+01  6.66587137E-01  5.37094545E-04  1.34607573E+00 -9.99969639E+00 -9.99969639E+00  0.00000000E+00
     341  1.89397633E+00  3.58735595E+00  1.28721256E+01  6.66588887E-01  5.25423996E-04  1.34829547E+00 -1.00010124E+01 -1.00010124E+01  0.00000000E+00
     351  1.89425442E+00  3.58840822E+00  1.28796603E+01  6.66589350E-01  5.22388308E-04  1.35131252E+00 -1.00016849E+01 -1.00016849E+01  0.00000000E+00
     361  1.89403859E+00  3.58760027E+00  1.28740003E+01  6.66585745E-01  5.46669376E-04  1.39356013E+00 -1.00020114E+01 -1.00020114E+01  0.00000000E+00
     371  1.89416577E+00  3.58808294E+00  1.28774775E+01  6.66585413E-01  5.48885666E-04  1.39685871E+00 -1.00015689E+01 -1.00015689E+01  0.00000000E+00
     381  1.89426648E+00  3.58845892E+00  1.28800962E+01  6.66587488E-01  5.34976075E-04  1.40530150E+00 -1.00019395E+01 -1.00019395E+01  0.00000000E+00
     391  1.89441326E+00  3.58901278E+00  1.28840400E+01  6.66588327E-01  5.29386871E-04  1.39785108E+00 -1.00023062E+01 -1.00023062E+01  0.00000000E+00
     401  1.89420174E+00  3.58822025E+00  1.28784768E+01  6.66585057E-01  5.51545309E-04  1.38782571E+00 -1.00021238E+01 -1.00021238E+01  0.00000000E+00
     411  1.89436315E+00  3.58883246E+00  1.28828819E+01  6.66584795E-01  5.53282084E-04  1.39484586E+00 -1.00016384E+01 -1.00016384E+01  0.00000000E+00
     421  1.89428594E+00  3.58854022E+00  1.28807870E+01  6.66584715E-01  5.53957798E-04  1.37751807E+00 -1.00015622E+01 -1.00015622E+01  0.00000000E+00
     431  1.89424569E+00  3.58838942E+00  1.28797281E+01  6.66584101E-01  5.58199802E-04  1.37623106E+00 -1.00012378E+01 -1.00012378E+01  0.00000000E+00
     441  1.89428433E+00  3.58853134E+00  1.28806826E+01  6.66585766E-01  5.46982372E-04  1.35768768E+00 -1.00010278E+01 -1.00010278E+01  0.00000000E+00
     451  1.89448169E+00  3.58927780E+00  1.28860226E+01  6.66586264E-01  5.43770719E-04  1.35812679E+00 -1.00006737E+01 -1.00006737E+01  0.00000000E+00
     461  1.89456647E+00  3.58960572E+00  1.28884705E+01  6.66583852E-01  5.60489137E-04  1.35500396E+00 -1.00008727E+01 -1.00008727E+01  0.00000000E+00
     471  1.89468355E+00  3.59004667E+00  1.28915983E+01  6.66584856E-01  5.53764383E-04  1.33398571E+00 -1.00008199E+01 -1.00008199E+01  0.00000000E+00
     481  1.89498625E+00  3.59119367E+00  1.28998343E+01  6.66584931E-01  5.53471206E-04  1.32742798E+00 -1.00016028E+01 -1.00016028E+01  0.00000000E+00
     491  1.89490222E+00  3.59087588E+00  1.28975610E+01  6.66584683E-01  5.55125348E-04  1.34161652E+00 -1.00008617E+01 -1.00008617E+01  0.00000000E+00
     501  1.89485482E+00  3.59069577E+00  1.28962609E+01  6.66584847E-01  5.53973792E-04  1.33500515E+00 -1.00003573E+01 -1.00003573E+01  0.00000000E+00
     511  1.89480800E+00  3.59052065E+00  1.28950357E+01  6.66584000E-01  5.59693372E-04  1.35130529E+00 -1.00003813E+01 -1.00003813E+01  0.00000000E+00
     521  1.89471774E+00  3.59017982E+00  1.28926057E+01  6.66583533E-01  5.62726817E-04  1.35836020E+00 -1.00009559E+01 -1.00009559E+01  0.00000000E+00
     531  1.89469429E+00  3.59008903E+00  1.28919264E+01  6.66584239E-01  5.57936465E-04  1.36802814E+00 -1.00009285E+01 -1.00009285E+01  0.00000000E+00
     541  1.89475607E+00  3.59032058E+00  1.28935528E+01  6.66585186E-01  5.51530946E-04  1.35429578E+00 -1.00012768E+01 -1.00012768E+01  0.00000000E+00
     551  1.89512500E+00  3.59172172E+00  1.29036592E+01  6.66584129E-01  5.58826481E-04  1.34627216E+00 -1.00016702E+01 -1.00016702E+01  0.00000000E+00
     561  1.89497599E+00  3.59115901E+00  1.28996460E+01  6.66583363E-01  5.64074211E-04  1.34443166E+00 -1.00012675E+01 -1.00012675E+01  0.00000000E+00
     571  1.89508871E+00  3.59158806E+00  1.29027545E+01  6.66582691E-01  5.68610247E-04  1.35772865E+00 -1.00010977E+01 -1.00010977E+01  0.00000000E+00
     581  1.89524914E+00  3.59219777E+00  1.29071580E+01  6.66582113E-01  5.72653670E-04  1.36317086E+00 -1.00018158E+01 -1.00018158E+01  0.00000000E+00
     591  1.89517804E+00  3.59192729E+00  1.29052012E+01  6.66582453E-01  5.70266225E-04  1.36561724E+00 -1.00014310E+01 -1.00014310E+01  0.00000000E+00
     601  1.89506280E+00  3.59148940E+00  1.29020396E+01  6.66582847E-01  5.67467212E-04  1.35898933E+00 -1.00010270E+01 -1.00010270E+01  0.00000000E+00
     611  1.89507445E+00  3.59153160E+00  1.29023151E+01  6.66583565E-01  5.62541327E-04  1.36447205E+00 -1.00012755E+01 -1.00012755E+01  0.00000000E+00
     621  1.89505137E+00  3.59144522E+00  1.29017109E+01  6.66583139E-01  5.65350591E-04  1.36110792E+00 -1.00014336E+01 -1.00014336E+01  0.00000000E+00
     631  1.89505652E+00  3.59146488E+00  1.29018540E+01  6.66583090E-01  5.65651101E-04  1.36925407E+00 -1.00011853E+01 -1.00011853E+01  0.00000000E+00
     641  1.89498825E+00  3.59121568E+00  1.29001998E+01  6.66579572E-01  5.89578182E-04  1.36121312E+00 -1.00012797E+01 -1.00012797E+01  0.00000000E+00
     651  1.89492509E+00  3.59097601E+00  1.28984744E+01  6.66579666E-01  5.88905094E-04  1.36033058E+00 -1.00013076E+01 -1.00013076E+01  0.00000000E+00
     661  1.89490027E+00  3.59088045E+00  1.28977664E+01  6.66580222E-01  5.85103017E-04  1.35312941E+00 -1.00013889E+01 -1.00013889E+01  0.00000000E+00
     671  1.89485580E+00  3.59071080E+00  1.28965318E+01  6.66580632E-01  5.82298227E-04  1.34831774E+00 -1.00009779E+01 -1.00009779E+01  0.00000000E+00
     681  1.89489813E+00  3.59087140E+00  1.28976882E+01  6.66580562E-01  5.82734476E-04  1.34725018E+00 -1.00011550E+01 -1.00011550E+01  0.00000000E+00
     691  1.89468788E+00  3.59007494E+00  1.28919728E+01  6.66580423E-01  5.83468825E-04  1.34733682E+00 -1.00007620E+01 -1.00007620E+01  0.00000000E+00
     701  1.89460105E+00  3.58974887E+00  1.28896735E+01  6.66579323E-01  5.90861301E-04  1.36233759E+00 -1.00007766E+01 -1.00007766E+01  0.00000000E+00
     711  1.89450254E+00  3.58937658E+00  1.28870136E+01  6.66578974E-01  5.93318255E-04  1.35873020E+00 -1.00007831E+01 -1.00007831E+01  0.00000000E+00
     721  1.89454332E+00  3.58952953E+00  1.28880892E+01  6.66579561E-01  5.89378584E-04  1.36719474E+00 -1.00004632E+01 -1.00004632E+01  0.00000000E+00
     731  1.89460205E+00  3.58974997E+00  1.28896423E+01  6.66580335E-01  5.84159521E-04  1.37029521E+00 -1.00005761E+01 -1.00005761E+01  0.00000000E+00
     741  1.89466591E+00  3.58999016E+00  1.28913415E+01  6.66581002E-01  5.79709860E-04  1.36347984E+00 -1.00006231E+01 -1.00006231E+01  0.00000000E+00
     751  1.89469709E+00  3.59010793E+00  1.28921816E+01  6.66581150E-01  5.78736495E-04  1.37781575E+00 -1.00002803E+01 -1.00002803E+01  0.00000000E+00
     761  1.89485734E+00  3.59071733E+00  1.28965871E+01  6.66580417E-01  5.84033029E-04  1.38658754E+00 -1.00004426E+01 -1.00004426E+01  0.00000000E+00
     771  1.89497065E+00  3.59114742E+00  1.28996859E+01  6.66580178E-01  5.85731571E-04  1.38131321E+00 -1.00004972E+01 -1.00004972E+01  0.00000000E+00
     781  1.89482169E+00  3.59058390E+00  1.28956527E+01  6.66579794E-01  5.88210756E-04  1.38272376E+00 -9.99995257E+00 -9.99995257E+00  0.00000000E+00
     791  1.89488624E+00  3.59082991E+00  1.28974400E+01  6.66579273E-01  5.91727848E-04  1.38777209E+00 -1.00003189E+01 -1.00003189E+01  0.00000000E+00
