   #Iter           <M>_x           <M>_y           <M>_z             <M>        M_{stdv}
       0  1.44684367E-01  1.46271662E-01  1.44151635E-01  2.89090395E-01  5.95855633E-02
      50  5.57972501E-02  8.43642578E-02 -1.22581326E-02  2.36767290E-01  9.18794097E-02
     100  6.11071415E-02  4.34122942E-02 -2.53657604E-02  3.17144712E-01  7.90290250E-02
     150  7.79939766E-02  1.40969373E-01  3.32255943E-02  2.74989781E-01  1.13682745E-01
     200  7.64979832E-02 -1.59111950E-02  1.24354377E-01  2.17906017E-01  1.18736441E-01
     250 -7.80470232E-02 -2.55371872E-02  6.63668606E-02  1.93788416E-01  1.04442175E-01
     300  9.11702172E-03 -4.13193954E-02  4.97542249E-02  2.23367360E-01  6.80114569E-02
     350  1.49883268E-01  2.24002304E-02  9.69497510E-02  2.31480312E-01  8.87492480E-02
     400  8.72855842E-02  1.74567746E-01  4.74845001E-02  2.75389830E-01  7.87413028E-02
     450  3.02629059E-02  1.39768603E-01  5.36136429E-03  2.50124898E-01  1.26581035E-01
     500  7.36258991E-02  4.48170593E-02 -1.56737946E-01  2.48393932E-01  5.01610959E-02
     550 -7.27441301E-02  1.77906889E-02  1.12548767E-02  1.95440726E-01  1.01275320E-01
     600 -2.02761814E-01 -6.44506848E-02 -1.38200208E-01  2.88626237E-01  7.92253802E-02
     650 -5.32342962E-02 -1.40984746E-01 -2.53648405E-02  2.45878209E-01  1.87167512E-02
     700 -2.38696249E-02 -1.55585649E-01 -3.33156892E-02  2.05543370E-01  6.78434935E-02
     750  8.14753586E-02 -4.42801251E-02 -1.39208941E-01  2.62211034E-01  6.91918444E-02
     800  1.58456942E-01 -2.26651608E-01 -7.57559345E-02  3.70055588E-01  9.67213480E-02
     850  2.75976574E-02 -1.96571589E-01 -1.03790460E-01  4.05278527E-01  1.00890166E-01
     900  1.93682586E-01 -1.95923242E-01 -2.04515181E-01  3.80833768E-01  1.14180351E-01
     950  5.47138628E-02 -6.24536592E-02 -2.85216736E-01  3.13328647E-01  5.47582778E-02
    1000 -8.21064228E-02 -1.53582559E-01 -9.45221400E-02  3.06420618E-01  1.04726295E-01
    1050  1.69086413E-01 -1.89847715E-01  2.65778917E-03  3.71771355E-01  8.51941544E-02
    1100  2.28953730E-01 -2.52673533E-01  4.66334970E-02  4.23144379E-01  6.59378368E-02
    1150  2.16849584E-01 -1.05805491E-01  1.87635346E-01  4.20056104E-01  1.08941227E-01
    1200  1.74789058E-01  1.21564980E-01  1.55465923E-01  3.18353380E-01  1.07539229E-01
    1250 -1.24093543E-01  1.17045948E-01  5.46169115E-02  2.29697494E-01  8.12930299E-02
    1300  2.26922640E-02 -6.26988902E-04  6.94463649E-02  1.67647029E-01  3.31777160E-02
    1350 -1.42469679E-02  5.53306102E-02  1.55588610E-01  2.09229621E-01  4.17117454E-02
    1400 -6.97224460E-02 -2.08788819E-02  7.35188868E-02  1.85786701E-01  4.55617902E-02
    1450 -6.73477016E-02  4.58593583E-02  4.69023950E-02  2.30467783E-01  5.48271117E-02
    1500 -4.77728876E-02 -3.41404733E-02  5.16425019E-02  2.04122667E-01  7.37502186E-02
    1550  1.28199302E-01  2.26082477E-02  1.11499564E-01  2.97938511E-01  4.10459495E-02
    1600  4.03719793E-02 -4.62232699E-03  2.72530976E-01  3.19875144E-01  1.53632960E-01
    1650  8.65463468E-02  3.18204531E-02  2.11276184E-02  2.83797405E-01  1.33112745E-01
    1700  3.67475429E-02  4.03802287E-02  4.73258489E-02  2.14589767E-01  7.99457478E-02
    1750  4.43676390E-02  4.91684931E-02 -1.04239015E-01  1.87071245E-01  8.35893923E-02
    1800  1.18460569E-02  7.25761536E-02  7.62730699E-02  1.73021056E-01  1.02284850E-01
    1850 -1.20146022E-02  1.02513850E-02  1.67050571E-01  2.59313640E-01  1.21654506E-01
    1900  1.04266796E-01 -4.90005051E-02  2.17751559E-01  3.37149705E-01  1.03245855E-01
    1950  7.70588224E-02  9.43108823E-02  1.40395863E-01  3.16390161E-01  4.41719018E-02
    2000 -2.30466529E-02  1.88529052E-01  4.25129299E-02  2.35428071E-01  8.32748514E-02
    2050  1.19612154E-01  2.71801206E-01 -8.99822000E-02  3.57859547E-01  1.02317512E-01
    2100 -8.97400677E-02  1.41646577E-01 -2.00311669E-02  2.61117056E-01  6.07787173E-02
    2150  1.39888447E-02 -9.70462195E-02  5.52798792E-02  2.43210029E-01  1.28222144E-01
    2200 -6.88406211E-02 -1.30961096E-01 -6.01514259E-03  2.06382894E-01  5.23719606E-02
    2250  1.02874362E-03  8.17472311E-03  4.75917017E-02  1.67270617E-01  1.08833250E-01
    2300  6.83001803E-02  6.27765390E-02 -1.74587373E-01  2.89782972E-01  9.73630559E-02
    2350 -9.40623831E-02  2.84862985E-02 -1.43424519E-01  2.26805110E-01  6.50787922E-02
    2400 -1.22069626E-01  1.90151144E-02 -2.69747964E-02  1.98534046E-01  1.15113535E-01
    2450 -6.83847776E-02 -9.12233777E-02  2.73963705E-04  1.81277954E-01  3.82726777E-02
    2500  7.44510247E-03  3.25273853E-02  8.88979594E-02  2.30875910E-01  1.10468897E-01
    2550  7.51402327E-02 -4.75113154E-02  1.47840963E-02  1.71918269E-01  2.04219818E-02
    2600 -4.19125225E-03 -7.05507260E-02  7.08363339E-02  1.78511462E-01  6.04557284E-02
    2650 -2.31595452E-02  1.54938053E-01  5.93980980E-02  2.15315397E-01  7.10455380E-02
    2700  3.23602365E-03  1.30873594E-01  8.90188036E-02  2.96647254E-01  7.14299384E-02
    2750  1.23176992E-02  1.43963031E-01 -9.11133240E-03  2.67784562E-01  6.06891816E-02
    2800 -2.44574143E-02  5.98999535E-02 -4.39775294E-02  2.52526010E-01  9.43316561E-02
    2850 -1.39092270E-01  3.07741818E-02 -2.34058178E-02  2.77113326E-01  8.17097451E-02
    2900 -1.38192940E-01  1.75263462E-01 -4.61506869E-02  4.18270965E-01  8.95998645E-02
    2950  5.34121142E-02  4.69814432E-03 -3.61668590E-02  2.55911566E-01  1.04468557E-01
    3000 -1.83590825E-02  1.09821337E-01 -9.87327590E-02  2.71046078E-01  1.31251099E-01
    3050 -2.51185419E-02  2.64931433E-01  9.91947256E-02  3.41280701E-01  8.43725088E-02
    3100  8.14134089E-02  1.53966433E-01 -7.09357910E-02  2.77190516E-01  1.13275637E-01
    3150 -4.52068460E-02  1.02174735E-01 -3.65963846E-02  2.69779695E-01  8.95309859E-02
    3200 -7.15383673E-02  7.86069326E-03  7.95209237E-02  2.51803744E-01  1.04980255E-01
    3250  4.07042288E-02  2.60839732E-02 -1.31863277E-01  2.60868354E-01  8.70209127E-02
    3300 -4.71785980E-02  8.48754313E-02 -1.90661144E-02  2.18736257E-01  1.42946261E-01
    3350  4.52570999E-02  1.76393427E-01  8.54022559E-02  2.89698386E-01  5.24420161E-02
    3400  7.13180273E-02  1.26544967E-02  5.80547942E-02  2.76301978E-01  1.10661326E-01
    3450  7.84069570E-02  5.15826173E-02  1.26061536E-01  2.92993003E-01  7.44545107E-02
    3500  4.19923993E-02 -1.79050901E-01  9.16754225E-03  2.22354725E-01  9.24475177E-02
    3550  1.82954857E-02 -1.63015255E-01  4.58442838E-02  2.29459022E-01  6.80582667E-02
    3600 -3.48859247E-02  2.46768519E-02  1.27797542E-01  2.32395496E-01  6.63774610E-02
    3650  4.16734939E-02  4.36527841E-02  1.69965278E-01  2.44879160E-01  8.87931006E-02
    3700 -5.60848501E-02  9.43846950E-02  1.01204294E-01  2.61408137E-01  1.36866994E-01
    3750 -1.16019473E-01  1.73200366E-01  2.23809277E-01  4.10024180E-01  1.34002344E-01
    3800 -1.28756972E-01  1.40274514E-01  1.37554563E-01  3.31026911E-01  1.50283858E-01
    3850 -4.23337866E-02  1.25550854E-01  2.99115656E-02  2.36061654E-01  1.38295591E-01
    3900 -1.22218202E-01  7.92275888E-02  1.01601666E-01  2.06045265E-01  5.74546788E-02
    3950 -9.42157362E-02 -3.38760994E-02  5.36075406E-02  2.13821775E-01  6.96229381E-02
    4000  6.78165587E-02  1.73737005E-02 -2.59313437E-02  1.85933036E-01  9.01184827E-02
    4050  1.14947590E-01  1.22181520E-02 -2.01270148E-01  3.02444644E-01  9.93724619E-02
    4100  4.66283383E-02 -1.42823096E-02 -9.36651658E-02  2.09817221E-01  4.98023540E-02
    4150  8.06651716E-03  8.71994024E-02 -2.85933816E-02  2.31443676E-01  6.58537877E-02
    4200  2.88488091E-03  2.15614326E-01  2.29220277E-03  2.80086107E-01  8.94722263E-02
    4250 -7.96371294E-03  1.36640207E-01  2.10359287E-01  2.99548111E-01  1.16218797E-01
    4300 -1.34288968E-01  3.45753033E-02  2.51876155E-01  3.60862232E-01  1.70553039E-01
    4350 -7.16814991E-02 -1.00611397E-02  6.58453187E-02  2.48111253E-01  1.10142801E-01
    4400  7.87085802E-03 -1.00373904E-02 -1.31277668E-01  2.18722098E-01  1.07586292E-01
    4450  8.39681688E-02 -8.08255934E-03  6.64191819E-02  2.32735293E-01  9.19079608E-02
    4500  1.27387507E-01 -7.18575479E-02  1.13431488E-01  3.27735351E-01  5.95132515E-02
    4550  6.67948279E-02 -1.20400368E-01  1.39223574E-01  2.74793048E-01  1.30624301E-01
    4600 -4.59548792E-03 -1.72828293E-01  7.75244792E-02  3.45088081E-01  4.69184116E-02
    4650 -3.15302744E-01  4.85683138E-02  1.20291246E-01  4.00195257E-01  1.41959590E-01
    4700 -2.51033656E-01  4.72477122E-02  1.30749419E-02  3.14959784E-01  9.73410338E-02
    4750 -3.18722725E-01 -7.23531477E-02  2.78801954E-02  3.38862130E-01  8.35896221E-02
    4800 -2.82832540E-01 -1.36616429E-01  2.00871635E-02  3.31955973E-01  6.87978229E-02
    4850 -2.14482412E-01 -1.31988081E-02  5.07519126E-02  2.68436604E-01  4.34362500E-02
    4900 -1.85414360E-01 -7.67956366E-02  9.60185954E-02  3.15696648E-01  1.01735267E-01
    4950 -7.55315864E-02 -6.60799872E-02  1.02945395E-01  3.12407862E-01  1.06938379E-01
    5000 -6.91871068E-02 -1.03817706E-02 -7.96850024E-02  3.14205604E-01  1.28072806E-01
    5050 -6.40281993E-03 -1.63586838E-01  8.88894378E-03  2.97748809E-01  1.06444522E-01
    5100 -4.25075849E-02 -3.20915684E-01  1.75091209E-01  4.33041191E-01  9.86155848E-02
    5150  2.27205939E-02 -3.48246048E-01  1.78824286E-01  4.25426461E-01  1.77968324E-01
    5200 -2.26220284E-02 -1.76774606E-01  3.31034756E-01  4.06586161E-01  1.91570084E-01
    5250 -5.92157988E-02 -1.82229947E-01  1.82480181E-01  3.07651116E-01  9.28778056E-02
    5300  5.96957884E-02 -1.77925248E-01  6.22202856E-02  3.01165661E-01  1.48121227E-01
    5350 -9.72550026E-02 -1.30579371E-01 -4.70946452E-02  2.85660791E-01  1.29111632E-01
    5400  2.01364187E-01 -1.44768260E-01  9.28733834E-02  3.69757784E-01  6.03183757E-02
    5450  5.67235687E-02 -7.56928635E-02  1.45729464E-01  2.77648438E-01  9.93412097E-02
    5500 -1.00812050E-02 -1.60010080E-02  5.64417582E-02  2.53458047E-01  1.08224951E-01
    5550 -6.90159076E-02  4.05944351E-02  2.40370211E-02  2.92421058E-01  8.70336247E-02
    5600  1.03425950E-01  8.10591813E-02 -1.19498332E-02  2.42548933E-01  1.00468768E-01
    5650  2.70819698E-01  2.00072804E-01 -9.32250972E-02  3.79321688E-01  1.17242583E-01
    5700  2.46522010E-01  1.22451798E-01 -8.93709797E-02  3.47779038E-01  1.36179479E-01
    5750  2.80309108E-01  3.52769608E-02 -9.74405677E-02  3.39802078E-01  9.21370074E-02
    5800  2.62783792E-01  8.94164908E-02  1.16666792E-01  3.30607578E-01  1.46426999E-01
    5850  1.13932197E-01  1.05564449E-01  6.88539057E-02  2.55812784E-01  1.23064928E-01
    5900  1.75099350E-01  1.55052881E-01  4.43583479E-02  3.12305466E-01  8.38488022E-02
    5950  7.61955430E-02  2.59045530E-01  7.99506541E-02  3.47287999E-01  1.05442728E-01
    6000 -7.40969988E-02  1.04898456E-01  1.99251854E-01  3.28455523E-01  7.15983130E-02
    6050 -8.43630927E-02 -3.90203350E-02  9.94527719E-02  2.06907019E-01  3.00762511E-02
    6100 -6.09941727E-02 -1.94722702E-01  4.33923822E-02  2.25940477E-01  9.37961314E-02
    6150  8.18213638E-02  1.57768096E-01  1.01719003E-01  2.63683893E-01  1.10847357E-01
    6200 -3.76852889E-02  8.58649190E-02  1.29246184E-01  2.17612863E-01  4.97801474E-02
    6250 -1.50687889E-01  4.58250338E-02 -4.96420538E-02  2.56098525E-01  5.09319944E-02
    6300  8.98536863E-02  8.20384575E-02  7.17851857E-02  2.27186486E-01  5.12254711E-02
    6350  5.34415358E-03  8.96453324E-03  4.28910884E-02  2.05077596E-01  5.38357317E-02
    6400 -3.76589571E-02  3.66849089E-02  1.11641932E-03  2.09649885E-01  1.35455855E-01
    6450 -1.07833165E-01 -5.91238022E-02  1.44390336E-01  2.27686971E-01  1.68378790E-01
    6500 -1.08293071E-01 -6.20015437E-02  1.23593472E-01  2.10854974E-01  6.96681379E-02
    6550  2.04878697E-02  1.05549397E-01  1.06006101E-01  2.74037356E-01  6.51658872E-02
    6600  9.92951514E-02  1.21634321E-01 -5.19763796E-02  2.25806697E-01  9.82875928E-02
    6650  1.68676941E-01  1.15693756E-01  2.95349822E-02  3.26228263E-01  8.97016169E-02
    6700  1.28590262E-01  1.70724632E-01 -7.22371877E-02  3.05756124E-01  8.10211711E-02
    6750  5.81111373E-05 -1.27640549E-01 -8.50594913E-02  2.14380664E-01  1.17002463E-01
    6800  9.86136593E-02 -2.29414604E-01 -1.40061554E-01  3.07148691E-01  8.76762778E-02
    6850  1.31269509E-01 -4.12605073E-02 -1.80100311E-01  2.83070121E-01  9.09369302E-02
    6900  7.70635882E-02  1.13182741E-01 -2.01650770E-01  2.75788724E-01  7.12418853E-02
    6950  3.37607065E-02  5.74220404E-02 -1.00836824E-02  2.54540370E-01  6.73719518E-02
    7000  1.65859769E-02  1.38644659E-01  3.03451519E-02  2.46232350E-01  1.37102821E-01
    7050 -1.47291456E-01  7.72605714E-03  2.20133712E-02  2.53829586E-01  4.86312258E-02
    7100 -1.14730632E-01  1.30437175E-01  1.43241359E-02  2.31429271E-01  8.95358176E-02
    7150 -1.45388102E-02  7.25231718E-03  1.83512254E-01  2.05057542E-01  4.33846183E-02
    7200 -4.72728351E-02 -7.00988078E-02  2.07257687E-01  3.05491578E-01  5.48389600E-02
    7250 -2.16425947E-01 -8.13610168E-02  2.09344922E-01  3.50999901E-01  1.22869215E-01
    7300 -1.26998874E-01  8.95056268E-02 -3.27307002E-02  2.92105581E-01  7.60856484E-02
    7350 -9.83348922E-02  1.41185944E-01  1.46244447E-01  2.76137428E-01  5.62982294E-02
    7400  1.50823584E-01  1.54825404E-01  8.60373824E-02  3.19933309E-01  4.58751042E-02
    7450  1.67015954E-01  1.17079981E-01  6.49537098E-02  2.68982083E-01  7.89894389E-02
    7500  9.78827554E-02  2.03506043E-01  1.30871745E-01  3.08895118E-01  1.45875065E-01
    7550  3.41616216E-03  3.34439314E-01 -1.36051954E-02  3.93900864E-01  1.82463317E-01
    7600  1.11164970E-01  2.62684058E-01  3.66529797E-02  3.50390520E-01  6.92976781E-02
    7650  1.04953105E-01  1.29228151E-01  1.78873728E-01  2.70309422E-01  1.30347305E-01
    7700  1.12595016E-02  7.17611157E-02 -1.49192568E-02  2.25498267E-01  5.25504324E-02
    7750  5.19714873E-03 -7.96422703E-02  2.60794087E-02  2.34065052E-01  8.46477336E-02
    7800  2.93014575E-02  5.55800112E-02  3.48786555E-02  2.21868120E-01  6.91389881E-02
    7850  1.24979097E-01  7.31509709E-02  4.39518278E-02  2.12019430E-01  1.26276660E-01
    7900  1.08081098E-01  5.82997193E-02  1.95106444E-01  3.26686968E-01  7.08778709E-02
    7950 -8.22980122E-02 -2.50126013E-02  2.35332524E-01  3.13849492E-01  7.66690676E-02
    8000  1.54826529E-01  2.10771363E-02  1.22412056E-01  2.55120475E-01  1.00606925E-01
    8050  6.82292092E-02  2.55556117E-02  9.97583205E-02  2.11742350E-01  4.07253486E-02
    8100 -9.73650029E-02  1.57043869E-02  9.04228030E-02  2.52616469E-01  1.09149072E-01
    8150 -8.60106040E-02 -7.91176027E-02  1.18643034E-01  2.58218172E-01  9.77741820E-02
    8200  3.47798683E-02 -3.87799797E-02  5.88064597E-02  2.04179337E-01  1.18753115E-01
    8250  4.14989873E-02 -1.01189206E-01  3.73239611E-03  1.93880855E-01  1.04825736E-01
    8300  2.83592936E-02 -8.00412973E-02  2.68650798E-02  2.18405889E-01  4.73413618E-02
    8350  1.13501994E-01  3.76601867E-02  2.42020544E-01  3.23923164E-01  6.84751609E-02
    8400  1.40140854E-02  1.26210408E-01  9.32984318E-02  2.30892384E-01  1.19017552E-01
    8450  5.82298693E-02  1.39658093E-01  9.69476435E-02  2.96851545E-01  1.44680593E-01
    8500  1.32277810E-01 -3.91782931E-02 -7.67053622E-02  2.80375597E-01  1.26762018E-01
    8550  1.40953905E-01  1.07608908E-02 -4.75697755E-02  2.67468512E-01  1.33439840E-01
    8600  1.43112633E-01 -5.49851235E-02 -9.44846780E-02  2.78303221E-01  4.23194945E-02
    8650  5.49856428E-02 -9.06641979E-03 -1.20747381E-01  1.93673171E-01  4.24618029E-02
    8700 -1.66578915E-04 -4.15156638E-02  3.64087657E-02  1.97371374E-01  9.85028679E-02
    8750  1.52971284E-01 -2.44097848E-02  2.58305334E-01  3.23947111E-01  1.16826752E-01
    8800 -5.04825286E-02 -9.41600773E-02  4.46839305E-02  2.40955957E-01  9.64464884E-02
    8850 -5.57492996E-02  4.50763492E-02  1.75390737E-02  2.51562996E-01  5.30244697E-02
    8900  7.24461655E-03  2.76156919E-02 -1.30109194E-02  2.77513384E-01  8.62548407E-02
    8950 -1.11889672E-01 -7.28373651E-02 -7.34007046E-02  3.02559695E-01  1.34818772E-01
    9000 -1.03972782E-01 -1.91496314E-01 -1.25451597E-01  3.15568413E-01  1.06977884E-01
    9050 -1.58247597E-01 -1.26509425E-01 -1.82809663E-01  3.33234864E-01  8.29280931E-02
    9100 -1.86840126E-02 -4.31069332E-02 -1.07971157E-01  2.19007410E-01  3.45889465E-02
    9150  3.11026229E-02 -7.14047397E-02 -9.83106349E-02  2.84476873E-01  6.55459207E-02
    9200  3.60757453E-02 -1.97308202E-01 -2.80982078E-03  3.06829120E-01  9.82612391E-02
    9250  7.19420235E-02  6.03172705E-02 -9.68362704E-03  2.59827574E-01  6.18711452E-02
    9300  1.16831835E-01  4.61062896E-02 -3.55859437E-02  2.12791613E-01  1.07585215E-01
    9350  1.45865116E-01  1.27226806E-01  6.67471166E-02  2.26519504E-01  8.58679300E-02
    9400  1.56850475E-01  1.32516337E-01 -6.49039684E-02  2.70519939E-01  9.10530895E-02
    9450  2.75694182E-01 -2.27443781E-02  1.62677616E-01  3.74883754E-01  1.01987179E-01
    9500  3.41252178E-02 -2.78317221E-02  2.15514051E-01  2.97264954E-01  1.08347509E-01
    9550  2.78704339E-02  1.67641295E-01  1.40336248E-01  2.90702619E-01  1.90672706E-01
    9600  2.01119872E-02  1.00450875E-01  1.07344708E-01  1.80054549E-01  9.32204241E-02
    9650 -2.08623700E-01 -6.03075779E-02  9.75297823E-02  3.11084386E-01  1.43913015E-01
    9700 -1.33832690E-01  1.19850664E-02  2.01658779E-01  3.03148136E-01  1.63134980E-01
    9750 -1.12193491E-01  1.74482537E-01  1.41570068E-01  3.34972340E-01  8.42132132E-02
    9800  2.84752426E-02  3.01770984E-03  8.93497812E-02  2.57033827E-01  9.79709197E-02
    9850 -1.69484841E-01  3.54412239E-02  1.02240286E-01  3.40361517E-01  1.21768014E-01
    9900 -1.64088106E-03 -6.00411471E-02 -8.78618424E-02  2.15172563E-01  9.24125468E-02
    9950  1.01035303E-01  1.81695976E-02  3.63069752E-02  1.88857253E-01  9.03714486E-02
   10000  1.99746982E-02 -1.74661200E-01  4.16603273E-02  3.04613672E-01  6.67663391E-02
   10050  2.95650471E-01 -1.51878436E-01  4.94113296E-02  4.29728629E-01  7.10929559E-02
   10100  1.84859675E-01 -1.85322871E-01 -9.92726736E-02  3.35292227E-01  7.05974500E-02
   10150  2.19389753E-01  4.68023679E-02  8.26180309E-02  2.99282100E-01  8.65677517E-02
   10200  2.74121821E-01  6.75477821E-02  5.39583918E-02  3.25223723E-01  9.90314069E-02
   10250  1.17264652E-01 -5.34031993E-02 -6.61183561E-02  1.74246857E-01  7.27321666E-02
   10300  1.04626618E-01 -5.30055099E-02 -9.57357190E-02  1.63316092E-01  9.64471199E-02
   10350 -1.90739665E-01 -3.22575857E-02 -3.99272657E-02  2.41230695E-01  6.33119594E-02
   10400  3.22924165E-02  1.43942981E-03  3.13854110E-02  2.42851939E-01  3.13701848E-02
   10450 -9.07673822E-03  6.28043996E-02  8.57092327E-02  2.16023139E-01  1.20518989E-01
   10500  2.52616605E-02  2.29091751E-03  9.64404781E-02  1.84937978E-01  9.29193696E-02
   10550  2.26401835E-02  1.64496543E-01  2.67379756E-01  3.72375925E-01  1.19068161E-01
   10600 -2.10178364E-02  1.98049669E-01  1.27455183E-02  3.94522996E-01  2.93006921E-02
   10650 -5.25311519E-02 -1.11856313E-01 -1.05811137E-01  2.98264202E-01  5.27885097E-02
   10700 -1.40823081E-01 -1.20168650E-01 -8.13816492E-03  2.31409990E-01  3.90903385E-02
   10750  1.63586979E-01 -1.01367677E-01 -2.89398827E-02  2.80579506E-01  3.56283796E-02
   10800  1.28743560E-01 -4.27581586E-02 -2.23164192E-02  2.01513354E-01  8.26305740E-02
   10850  7.80214504E-02 -5.68463467E-02 -9.83874045E-02  2.74528571E-01  8.24533047E-02
   10900  1.27744307E-01 -5.71321848E-03  8.30083788E-02  2.60737015E-01  8.14430290E-02
   10950 -1.76077426E-03 -6.41937562E-02  5.78082659E-02  2.10675831E-01  5.25407768E-02
   11000  7.65908324E-02 -1.45514924E-01  1.51111888E-01  2.94473531E-01  1.43451631E-01
   11050  6.39979853E-02 -5.03538955E-02  1.12107552E-01  2.85238233E-01  7.35621043E-02
   11100  1.36635416E-01  2.80355117E-02  2.86020750E-01  3.73169833E-01  1.81427233E-01
   11150  6.35914052E-03  2.01812002E-01  4.74325082E-02  3.10493269E-01  9.93122818E-02
   11200 -5.61502938E-02 -4.25547940E-02  1.03165403E-01  1.99472786E-01  8.85089696E-02
   11250 -3.87487575E-02 -2.12443642E-01  1.31392017E-01  3.55207941E-01  8.06168773E-02
   11300 -3.17473612E-02 -1.25733954E-01  1.93828009E-02  2.96759874E-01  1.17618859E-01
   11350 -1.01554519E-01 -3.12033968E-01  3.59906750E-02  3.90570384E-01  2.02994216E-01
   11400 -1.11880621E-01 -2.51014018E-01  5.51441120E-02  3.56399387E-01  1.12669709E-01
   11450  6.91419256E-02 -2.01961354E-01  2.35654365E-03  2.58823051E-01  1.24068752E-01
   11500 -1.02638568E-01 -1.83313411E-01  1.93146292E-01  3.67011492E-01  9.23221620E-02
   11550 -1.75574027E-01 -2.31258870E-02  1.55316083E-01  4.07757798E-01  1.23412638E-01
   11600 -9.69321369E-02  3.73381857E-03  1.83943534E-01  2.88388929E-01  6.87470907E-02
   11650 -8.07563284E-02 -1.84853498E-02  1.17005148E-02  1.87628694E-01  5.08080672E-02
   11700 -1.71178197E-01  1.49504922E-02  7.06336855E-02  3.15458847E-01  1.12962279E-01
   11750 -2.39948227E-02  6.69211751E-02  3.03604880E-01  3.56205344E-01  9.55829119E-02
   11800 -1.15493306E-01  1.03086380E-01  3.37619871E-01  4.44303839E-01  7.14839747E-02
   11850 -2.08661869E-01  4.51671566E-02  2.54211477E-01  3.85197706E-01  8.70466349E-02
   11900 -2.34155654E-02  8.93709924E-02  1.32510152E-01  2.68122751E-01  9.49036632E-02
   11950  5.88945667E-02  1.98117735E-01  4.47131616E-02  3.54054806E-01  1.24114476E-01
   12000  2.66652290E-02  1.57659616E-01  2.01663797E-02  2.93893831E-01  1.21038496E-01
   12050  6.35964630E-02  4.54117593E-02  3.25516568E-02  2.19879329E-01  1.13561371E-01
   12100  2.95720834E-02  4.85726583E-02  6.73411864E-02  2.15809735E-01  9.22897384E-02
   12150  8.49825330E-02 -3.10773487E-02 -2.63593438E-02  2.98653441E-01  6.50234422E-02
   12200  3.44419899E-02 -2.16156681E-01  1.18495345E-02  3.38975481E-01  1.19522754E-01
   12250 -5.84678187E-03 -3.83617127E-02  2.76045306E-02  2.58512281E-01  1.27594191E-01
   12300  5.21219526E-02 -1.34998304E-02  5.29265993E-02  2.23263432E-01  1.01366010E-01
   12350 -9.62234239E-02 -1.97104283E-02  1.87743099E-02  2.18278814E-01  9.58072050E-02
   12400 -1.54389130E-01  5.13668548E-02  6.05239946E-02  2.54654938E-01  1.11295528E-01
   12450 -3.26057097E-03  7.53522377E-02  1.60588484E-01  2.89310282E-01  5.45746983E-02
   12500  2.28127092E-02  1.42728521E-01  1.26653184E-01  2.26940485E-01  7.72883101E-02
   12550  9.96661975E-02 -3.24919206E-02  4.70554165E-02  2.24290592E-01  5.89102110E-02
   12600 -7.85227009E-03 -1.15246395E-01  3.46059255E-02  2.79419765E-01  1.32620161E-01
   12650 -2.59566308E-02 -2.93437071E-02  1.41904724E-01  2.38567758E-01  8.79864609E-02
   12700  6.45660584E-02 -1.96198333E-01 -7.41148824E-02  2.95539106E-01  6.46797597E-02
   12750  9.94264197E-02  7.72934758E-02 -1.36882214E-02  2.87398125E-01  1.05320781E-01
   12800  9.18957343E-02  6.74728019E-02  5.68525387E-02  2.46195420E-01  7.05203280E-02
   12850 -4.54235750E-02  3.58255357E-03  2.60577496E-02  1.59838161E-01  8.05538783E-02
   12900 -4.69639971E-02  1.59183684E-01  1.85131028E-01  3.25223749E-01  5.48744587E-02
   12950 -9.13905143E-02  1.90768105E-01  1.97578763E-01  3.57109584E-01  1.37133867E-01
   13000 -1.47249428E-01  1.27897608E-01  1.31207515E-01  3.80570149E-01  9.75604766E-02
   13050 -1.54082081E-01  1.01035294E-01 -6.19684541E-03  2.97575463E-01  6.51974695E-02
   13100 -8.05804654E-02  7.00229108E-02  2.66417818E-02  3.00086260E-01  9.48007010E-02
   13150  3.42172226E-02 -3.59127975E-03 -1.48013725E-01  2.70770382E-01  1.04588281E-01
   13200 -1.10040598E-02 -1.35714961E-01 -1.48011685E-01  2.58111694E-01  7.04175333E-02
   13250  2.67669255E-02  2.94519090E-02  2.88720514E-02  1.98992638E-01  7.24446554E-02
   13300 -1.93577335E-02  1.37228055E-01 -1.04887193E-01  2.78334461E-01  5.60940221E-02
   13350 -6.23976268E-03  2.08547654E-01 -2.59594289E-02  3.00000676E-01  9.33804488E-02
   13400  1.37061674E-01  1.49944499E-01  4.97421554E-02  3.03435196E-01  4.41934398E-02
   13450  1.73105141E-01  1.67917749E-01  1.87413091E-03  4.01858353E-01  1.05980833E-01
   13500  1.24167496E-01  6.75842473E-02 -1.69807377E-02  3.35368350E-01  1.00058618E-01
   13550 -2.81156489E-03  7.59759330E-02 -9.66303897E-02  2.76462705E-01  1.27270955E-01
   13600  1.27841256E-01  2.03951776E-01 -1.50740003E-01  4.15714030E-01  8.71744261E-02
   13650 -3.29381856E-02  1.15349853E-01  1.47080536E-01  3.03348452E-01  1.09651403E-01
   13700  2.92397474E-03  5.45937631E-02  2.92252434E-03  2.76331870E-01  1.09665719E-01
   13750  1.08340499E-01  8.81466387E-02  2.39715197E-02  3.41031180E-01  9.92072293E-02
   13800  4.42627907E-02  4.85696585E-02  4.83333891E-02  2.52679451E-01  6.88187773E-02
   13850 -1.46941361E-03 -7.35416569E-03 -1.06035339E-01  2.68902954E-01  1.40419620E-01
   13900  3.96095652E-02  6.75503079E-03 -2.01908038E-01  3.20030816E-01  1.12311330E-01
   13950 -1.48160516E-01  8.40376112E-02 -2.13418378E-01  3.57012546E-01  8.21914807E-02
   14000 -6.41290110E-02  7.83758704E-02 -2.05264889E-01  2.75293833E-01  2.60117819E-02
   14050  5.14796596E-02 -1.32399828E-01 -6.55186012E-02  2.58345116E-01  1.25942832E-01
   14100  1.00005041E-01 -1.06110937E-01 -4.58540019E-02  2.65622223E-01  4.17500172E-02
   14150  1.23563503E-01  1.72195413E-01 -1.47737633E-01  3.18858227E-01  1.09713728E-01
   14200  6.63139451E-02  5.85348989E-02 -6.03179606E-02  2.45198121E-01  9.19141088E-02
   14250 -1.26817359E-01  1.09183913E-01 -3.17514154E-02  2.60597438E-01  9.96095240E-02
   14300  4.21357000E-02  8.58353992E-02 -2.09012330E-03  2.26043250E-01  2.63848297E-02
   14350 -9.68116303E-02 -3.00002263E-02  8.29787633E-02  2.47839258E-01  7.26827500E-02
   14400 -4.81123898E-03  6.17557043E-04 -1.55147619E-02  1.95859704E-01  4.21277548E-02
   14450 -1.49501700E-01  6.89408612E-02 -1.14124453E-01  2.39131593E-01  1.50590564E-01
   14500  1.09207785E-01  6.48795796E-02 -9.18506671E-02  2.36904759E-01  8.13928203E-02
   14550  9.60481435E-02  1.56907923E-01 -1.20591970E-01  2.72666558E-01  1.37570443E-01
   14600 -7.22748848E-02 -1.12860665E-01 -1.78655544E-01  2.64646780E-01  1.89668511E-01
   14650 -4.23455352E-02  5.73857942E-02 -2.12898750E-01  2.65893127E-01  1.36373379E-01
   14700 -3.73468921E-02  7.35034589E-02 -1.89872195E-01  2.77816666E-01  4.00759812E-02
   14750  2.44998838E-01  1.64973655E-01 -1.05207342E-01  3.73778605E-01  1.52894453E-01
   14800  3.98157995E-02  3.97404686E-02 -7.83862035E-02  2.19872899E-01  6.53115594E-02
   14850 -4.04392937E-02 -6.13702889E-02 -5.91648276E-02  1.57919302E-01  1.10917898E-01
   14900 -2.31513402E-02 -2.03815370E-01 -4.94209147E-02  3.49644096E-01  1.18580839E-01
   14950 -8.15513517E-02 -1.34521929E-01 -6.40556814E-02  2.95292224E-01  5.97523495E-02
   15000  6.18570365E-02 -2.32026238E-01 -6.26407928E-02  3.77143307E-01  1.00595019E-01
   15050  7.28688513E-02 -3.53716008E-01 -1.17161901E-01  4.86993306E-01  2.81608845E-02
   15100 -2.83478653E-02 -1.89466408E-01 -1.74883409E-01  3.90906889E-01  1.65699038E-01
   15150 -5.77098385E-03 -1.64257079E-02 -4.51233529E-02  2.13301140E-01  9.87418575E-02
   15200  7.79435870E-02 -1.10723018E-01 -1.81342335E-01  3.21978577E-01  1.24917196E-01
   15250  9.78525601E-02 -2.79913577E-01 -6.49342131E-02  3.62584898E-01  9.45976616E-02
   15300  1.14955952E-01 -2.46585396E-01 -5.91110568E-02  3.19279290E-01  8.30191560E-02
   15350  1.53161761E-01 -2.71389518E-01 -1.53511443E-02  3.64514002E-01  1.08536090E-01
   15400  1.99436108E-02 -2.63571700E-01  5.61605783E-02  3.40268913E-01  1.32738310E-01
   15450  2.27770123E-02 -1.85044613E-01  2.16590071E-02  3.08084229E-01  6.48391229E-02
   15500  9.09740292E-02 -2.59242785E-01  8.24179929E-02  3.29096453E-01  9.30499683E-02
   15550 -2.82634960E-02 -1.27632769E-01  6.90688885E-02  2.74303873E-01  9.72825469E-02
   15600  4.89935751E-02 -1.18517077E-01  1.63406459E-01  2.92187047E-01  1.13294052E-01
   15650  2.50259192E-01 -7.12217231E-03  1.19970153E-01  3.36617807E-01  2.88290986E-02
   15700  1.54391247E-01  2.73047206E-02  1.01513130E-01  3.09850429E-01  1.09967148E-01
   15750  7.95038213E-04 -6.11566784E-02  1.33929332E-01  2.55808337E-01  8.86664662E-02
   15800 -1.53947344E-01 -2.91250432E-02 -4.30236955E-02  3.19092302E-01  9.09128161E-02
   15850  6.94763418E-02 -5.44417705E-02 -8.41610221E-02  2.67735478E-01  1.10041141E-01
   15900  7.24708942E-02  1.42924836E-01  1.70298768E-02  3.19309879E-01  7.82776408E-02
   15950 -4.67999799E-02  3.79779786E-02  3.98829489E-02  2.16462740E-01  6.43612375E-02
   16000  1.51035878E-02 -1.41013126E-01  1.93807467E-02  2.89320297E-01  7.77229277E-02
   16050  6.72681248E-02 -1.13892580E-01  3.16804863E-03  2.46398455E-01  7.77279667E-02
   16100  5.68726942E-02 -1.60464393E-02 -8.67442078E-02  2.26173418E-01  4.23849866E-02
   16150 -7.57731707E-02 -3.85944613E-02 -1.40347906E-01  2.29050058E-01  1.36021292E-01
   16200 -1.91234262E-01 -5.64723184E-03 -1.58001217E-01  3.15979001E-01  9.23916455E-02
   16250  2.72146855E-02  4.69037528E-02 -6.39466151E-03  2.20004329E-01  1.45528441E-01
   16300  9.93176703E-02  5.05740893E-02  5.38162708E-02  3.51078554E-01  9.24149303E-02
   16350  1.07900442E-02  4.83282826E-02  1.01294512E-01  3.04123131E-01  6.07595177E-02
   16400 -1.03438528E-01 -6.44066614E-02 -1.80151413E-02  2.51502990E-01  6.71433086E-02
   16450 -1.21427909E-01  4.68530908E-02 -1.04323106E-01  2.37622711E-01  1.60914959E-01
   16500 -5.20470316E-02 -1.67609513E-02  5.40901491E-02  1.96154531E-01  6.36403420E-02
   16550  1.01698444E-02 -2.03417410E-02  5.42491919E-02  2.50663161E-01  1.39196431E-01
   16600  4.03360194E-03 -1.82672799E-01 -6.98885919E-03  2.68815178E-01  7.06693417E-02
   16650 -2.07588177E-04  1.41725998E-01 -8.45719427E-02  2.48156081E-01  8.35906997E-02
   16700 -2.34231267E-02 -1.25374593E-02  1.05336799E-01  2.73082280E-01  1.90628720E-02
   16750 -4.43610430E-02 -6.75734527E-02  1.12126928E-02  2.33958384E-01  6.36701130E-02
   16800  3.22742849E-02  1.14582486E-01  2.73366819E-02  1.98599620E-01  5.14693457E-02
   16850 -8.47122835E-02  1.69625075E-01  4.65625854E-03  2.76259036E-01  1.05198079E-01
   16900  5.36770573E-02  6.14202946E-02 -9.52850095E-02  2.08746028E-01  1.17698696E-01
   16950 -2.71244690E-01  2.04414753E-01 -1.61717346E-01  4.15824254E-01  8.34224056E-02
   17000 -7.55154998E-02  1.95061862E-02 -1.89710319E-01  2.49233438E-01  6.50208064E-02
   17050 -1.47586184E-01 -6.28232615E-02 -9.74327256E-02  2.64102975E-01  7.34693210E-02
   17100 -1.20182035E-01 -6.20782271E-02 -8.40272920E-02  2.52729576E-01  6.93790152E-02
   17150  6.57389560E-02  8.26442824E-02 -1.45537415E-01  2.70724268E-01  1.04633285E-01
   17200  1.43725002E-01  1.32852001E-01 -4.32899775E-02  3.23321984E-01  4.19597111E-02
   17250  1.24849626E-01  1.12674945E-01 -7.65414881E-02  2.77137691E-01  1.36590707E-01
   17300  3.35360792E-02  1.13352874E-01 -2.92142428E-02  2.35735856E-01  5.26628693E-02
   17350 -7.12912195E-03  6.49862199E-02  9.54537968E-02  2.32144520E-01  5.68759975E-02
   17400 -2.83438563E-02 -7.18828033E-02  1.06946641E-01  3.17356913E-01  5.33688695E-02
   17450  1.85893637E-02 -1.03524271E-02 -5.33784893E-02  2.69527953E-01  5.76540286E-02
   17500  9.09048588E-02 -4.43356670E-02 -7.19306727E-02  2.30177381E-01  7.04404249E-02
   17550 -4.74101764E-02 -8.48209556E-02 -2.82567250E-02  2.68406491E-01  7.27965021E-02
   17600 -5.28436511E-02 -9.79793758E-02 -2.08276253E-03  3.07855746E-01  1.24885629E-01
   17650 -7.28972528E-02  9.48773099E-02  2.14470865E-02  2.27027912E-01  7.15645556E-02
   17700 -1.53988254E-02 -2.28524098E-02  7.88632160E-02  2.05229038E-01  8.13243955E-02
   17750 -8.18050395E-02  1.04985725E-01 -6.56308299E-02  2.01364323E-01  1.09286900E-01
   17800 -6.03644086E-02 -1.41587627E-02 -8.46234551E-02  1.71247299E-01  5.17355084E-02
   17850 -6.17357650E-02  5.54542765E-02 -1.86821347E-02  2.39847994E-01  5.49588805E-02
   17900 -4.35642161E-02  5.30610621E-03 -8.24437947E-02  2.11696047E-01  3.12509430E-02
   17950  9.06115961E-03 -8.93697550E-02 -1.43360945E-01  2.21896611E-01  8.61155038E-02
   18000 -4.46854668E-02 -9.60049974E-02  4.10414479E-02  1.93447679E-01  7.46173203E-02
   18050 -2.27555387E-02 -5.84446286E-02  4.39758092E-02  2.67186058E-01  4.21643777E-02
   18100  1.59559273E-02 -1.30454446E-02 -4.45641780E-02  1.80320796E-01  7.58090071E-02
   18150 -1.48628748E-01  1.37679025E-01 -1.08558019E-01  3.45952396E-01  8.44514818E-02
   18200 -1.59128982E-01  2.89957305E-01 -1.09262554E-01  4.46989539E-01  1.15760930E-01
   18250 -3.36506720E-02  1.48052445E-01 -1.53891451E-01  2.83334178E-01  1.15341303E-01
   18300  5.18795916E-02  3.43802179E-02 -9.30870401E-02  2.17160897E-01  8.33401730E-02
   18350 -6.35130181E-02  4.49844382E-03 -1.65995084E-01  3.01377283E-01  8.14523229E-02
   18400  1.37900320E-01 -1.98196936E-02 -1.51712000E-01  3.06473336E-01  8.06846800E-02
   18450  1.74729730E-01 -2.96753147E-02 -1.57221367E-01  2.86997084E-01  8.15609407E-02
   18500  7.66164289E-02  4.18494458E-02 -9.49980721E-02  2.80171633E-01  1.06704689E-01
   18550  3.44792482E-02 -3.87893042E-02 -1.15969659E-01  2.35752007E-01  3.19484355E-02
   18600  6.61105211E-02 -9.87542462E-03 -7.30749402E-02  2.01227429E-01  6.41168359E-02
   18650  2.15047811E-01 -9.01975680E-02 -1.38476298E-01  3.02265171E-01  1.29173266E-01
   18700  1.28108471E-01  1.55561726E-02 -6.32674839E-02  2.84526339E-01  5.63168890E-02
   18750 -1.43193306E-02  7.99955679E-02 -4.76871569E-02  1.68753908E-01  5.68683761E-02
   18800 -1.07185484E-01  1.35347388E-01 -1.84261387E-01  3.29425729E-01  1.04097782E-01
   18850 -1.29911883E-01  1.26607408E-01 -1.51387598E-01  2.89645265E-01  1.34622539E-01
   18900 -9.07236282E-02  5.69964937E-02  6.76129016E-02  2.18447156E-01  5.84994042E-02
   18950 -5.87743886E-02  5.44673282E-02  8.98939416E-02  2.42494171E-01  7.83501521E-02
   19000 -7.20230907E-02  1.55584251E-01  8.20485746E-02  3.29162276E-01  8.36527415E-02
   19050 -1.44845034E-01 -2.16184546E-03  1.30192906E-02  2.87521583E-01  8.28135236E-02
   19100 -1.07663784E-01 -3.19434154E-03  1.11978321E-01  2.86030497E-01  9.39567746E-02
   19150 -8.50864903E-02  2.26900109E-02  1.37539411E-01  2.36036293E-01  9.20915727E-02
   19200 -1.87306666E-01  9.15035388E-02  7.13547521E-02  2.89954856E-01  7.06399190E-02
   19250 -1.92854411E-01  1.07275188E-03  8.09271762E-02  3.49505454E-01  7.28497108E-02
   19300 -1.76610914E-01 -7.82765536E-02 -1.55006286E-02  2.66985012E-01  1.24467646E-01
   19350 -2.07677234E-01  5.40886938E-04 -9.77452307E-02  3.43538507E-01  6.14095114E-02
   19400 -6.04078511E-02 -3.10607774E-02 -8.34357239E-02  2.83291491E-01  3.57484810E-02
   19450  4.25548996E-02  4.13369889E-03  6.94918477E-02  2.76809397E-01  5.51155260E-02
   19500  7.62639042E-02 -4.79714363E-02  1.92581287E-01  2.77680466E-01  8.86391015E-02
   19550  1.18429412E-01 -2.80194571E-02  2.63094353E-01  3.45330940E-01  1.15975503E-01
   19600 -1.16424348E-01 -1.87931993E-01  2.26347698E-01  3.46862741E-01  1.75259151E-01
   19650  1.40902897E-01 -1.55025722E-01  1.73453742E-01  3.49963996E-01  1.06679896E-01
   19700 -1.59576932E-01 -2.42065871E-01  1.56929514E-02  3.79624751E-01  8.55632363E-02
   19750 -9.19873533E-02 -5.72329527E-02  3.28071773E-02  2.54727854E-01  1.26581283E-01
   19800 -1.14469177E-01 -7.47876061E-02  2.04385624E-01  3.38391525E-01  1.01621226E-01
   19850 -1.00371519E-01 -2.15087050E-01  6.67421488E-02  3.15873525E-01  9.25702828E-02
   19900 -6.16073553E-02 -1.38475213E-01  1.05979639E-01  2.53789629E-01  1.28778699E-01
   19950  6.65610351E-02 -1.30045804E-01  1.62244051E-01  2.86324830E-01  1.11648667E-01
   20000 -1.93147064E-02  2.14688123E-03 -2.77763543E-02  2.00257694E-01  9.72997460E-02
   20050 -8.69454174E-02  7.03230504E-02 -8.10703272E-02  2.04627896E-01  1.17593224E-01
   20100  1.94943374E-02 -2.99997693E-02 -1.37839738E-01  2.37265077E-01  6.43807478E-02
   20150  8.62372306E-02 -7.18576837E-02 -1.04359993E-01  2.37516190E-01  9.10240286E-02
   20200  4.18782656E-02  2.60559080E-02 -7.59265055E-02  1.90907928E-01  4.17801185E-02
   20250 -6.29701410E-02 -5.01213516E-02  1.02329216E-01  2.35926585E-01  1.31091643E-01
   20300 -1.59731897E-01 -3.44520510E-02  2.27154878E-02  2.17172754E-01  5.88767392E-02
   20350 -6.19092487E-02  5.31832633E-02  1.12752213E-01  2.46610053E-01  7.21568246E-02
   20400 -3.92341677E-02  2.29530184E-01 -1.89323563E-04  2.99863997E-01  8.54141362E-02
   20450  4.16684217E-02  1.70989780E-01  1.43605500E-01  3.26631542E-01  1.03158681E-01
   20500  3.90066484E-02  4.83828070E-02 -3.78424424E-02  1.98468034E-01  5.08503010E-02
   20550  6.73448287E-02 -5.45694159E-02  6.91100905E-02  2.21922433E-01  9.05351486E-02
   20600  7.16449235E-03  2.00572857E-01 -2.02930301E-01  3.21545380E-01  6.68509192E-02
   20650 -8.94055934E-02  4.25015574E-02 -1.76812996E-01  2.94191782E-01  1.18507478E-01
   20700 -1.03392923E-02  3.82218237E-02 -8.42393429E-02  2.31516225E-01  5.40294130E-02
   20750 -5.01184256E-02  1.42340438E-03  2.43762917E-02  1.99171207E-01  4.51583551E-02
   20800 -1.14310504E-01 -7.20403528E-02  1.09104218E-01  2.31463482E-01  6.08854950E-02
   20850 -1.69858453E-01 -6.63627421E-02 -1.13819196E-01  2.48600300E-01  5.44184101E-02
   20900 -1.20794695E-01 -4.87372973E-02 -6.07914214E-02  2.37912827E-01  9.43309134E-02
   20950 -1.01232185E-01 -1.11069496E-01  1.25751918E-02  2.56727091E-01  1.35872206E-01
   21000 -5.67492455E-02 -2.26185807E-02 -4.91661617E-02  2.34557774E-01  1.49831401E-01
   21050 -7.32163053E-02 -1.28330546E-01  6.25900529E-02  3.13789620E-01  9.19977658E-02
   21100  1.05360576E-01 -6.83399150E-02 -8.75119212E-02  2.44978247E-01  1.09251297E-01
   21150  5.06203148E-02  3.45803980E-02 -6.89995074E-03  2.20860296E-01  4.92893094E-02
   21200 -1.29166292E-01  3.35462152E-02 -5.13167433E-02  2.74041395E-01  8.83733256E-02
   21250  6.95122999E-02 -7.84509026E-03 -2.17243175E-01  3.01876351E-01  8.75768158E-02
   21300  9.52270869E-02  1.56824374E-01 -1.84752870E-01  3.42110296E-01  1.03520193E-01
   21350  6.33193641E-04  1.89656862E-02 -1.15992007E-01  1.80373969E-01  1.04131872E-01
   21400 -3.65330562E-02 -8.61552624E-02 -1.37505969E-01  2.18808589E-01  7.82810496E-02
   21450  1.27857122E-01 -2.61396467E-01 -1.40888874E-01  3.56268331E-01  1.01188516E-01
   21500 -3.88699837E-02 -8.37675880E-02 -7.85566859E-02  2.88362814E-01  1.06908510E-01
   21550  6.72381287E-02 -9.57477777E-02 -2.16808535E-01  3.13984282E-01  6.90804821E-02
   21600  9.75760161E-02  7.79716989E-02 -1.12710508E-01  2.77636850E-01  1.13541707E-01
   21650  1.62544882E-01 -2.04008726E-02 -2.31798412E-01  3.27023915E-01  1.33943576E-01
   21700  7.31546538E-03 -7.38423223E-02 -1.09694507E-01  2.37365811E-01  6.18659306E-02
   21750 -9.14764279E-02 -1.11782625E-01 -7.12093095E-03  2.25995499E-01  7.61259015E-02
   21800 -9.23547666E-02 -2.33765493E-02  1.15113384E-02  2.67470070E-01  8.68273494E-02
   21850  6.40794229E-03  6.44760591E-02 -5.63461945E-02  2.18267981E-01  1.17809961E-01
   21900 -4.83990672E-02  6.35249197E-02 -1.15070790E-01  2.21699042E-01  1.00894144E-01
   21950 -9.95916849E-02  1.34033303E-01 -5.58826665E-02  2.42290922E-01  1.52575149E-01
   22000 -1.87646613E-01  1.44929706E-01 -2.02556079E-02  3.43469144E-01  1.36498902E-01
   22050  1.89830003E-02  1.28391289E-01 -9.88576619E-02  2.67116994E-01  1.48913714E-01
   22100  3.19750442E-02  4.63074804E-02  5.61368950E-02  2.69080547E-01  3.85286964E-02
   22150  9.18757146E-02  8.26683634E-02  1.04801017E-01  2.56838338E-01  1.78059059E-01
   22200 -1.03249514E-01  3.44791332E-03  8.84490991E-02  2.62866608E-01  1.44282469E-01
   22250 -1.52106558E-02 -2.73288008E-02  1.41575590E-03  1.88618895E-01  5.07705777E-02
   22300 -1.06686338E-01 -1.79733097E-01  9.02560255E-02  3.05997337E-01  1.04609789E-01
   22350  5.13306975E-02 -1.22047992E-01  3.32065845E-02  1.97337348E-01  5.14897296E-02
   22400  1.82906152E-02 -1.27653848E-01  2.24665383E-02  2.39478317E-01  8.26639155E-02
   22450  1.08019614E-01 -7.60802617E-02  3.80167270E-02  2.59084087E-01  9.84028500E-02
   22500  1.57667721E-01 -2.51550178E-02  7.91124777E-02  2.55167118E-01  5.47903089E-02
   22550  1.38666642E-01  3.37458220E-02  1.85384017E-01  2.81942829E-01  8.40806310E-02
   22600  2.86042519E-01  7.29656767E-02  2.10415598E-01  4.22192315E-01  1.11777988E-01
   22650  1.11352303E-01 -4.68814032E-02  2.76276613E-01  3.73252511E-01  1.24540728E-01
   22700  9.41121894E-03 -5.07062193E-02  9.68759782E-02  2.88958927E-01  8.38477020E-02
   22750 -1.27968027E-02 -9.83538128E-02 -7.89193998E-03  2.60182970E-01  1.23163080E-01
   22800  2.04122149E-02 -6.39338390E-02 -9.16261838E-02  2.62004270E-01  6.43185850E-02
   22850  7.60760152E-02  5.26177527E-02 -3.58362686E-02  2.05087394E-01  5.56374685E-02
   22900  3.04302081E-02  3.42639823E-02  9.90164973E-02  1.87217672E-01  5.14279740E-02
   22950  3.93185138E-02 -2.86067341E-02  1.19614451E-01  2.41543232E-01  4.50624802E-02
   23000  2.01872373E-02 -6.34630593E-02  4.31986008E-02  2.21893019E-01  1.34383728E-01
   23050  3.43986973E-03 -1.00012729E-02 -1.16570090E-01  2.40666703E-01  5.69331262E-02
   23100  1.32522711E-02 -4.94140160E-02  1.95905493E-02  1.59112783E-01  4.15290311E-02
   23150 -4.11706995E-02  6.82901072E-02 -5.24529940E-02  1.96107431E-01  4.03595649E-02
   23200 -4.06743681E-02  9.35733349E-02 -2.40121976E-02  2.03005979E-01  1.49007397E-01
   23250  1.30310817E-02 -2.76355774E-02  2.81608940E-02  2.31974241E-01  9.89618113E-02
   23300  1.48331469E-02  1.86707426E-01 -6.68619164E-02  2.73303706E-01  1.37096923E-01
   23350 -1.33155625E-01  1.38585761E-01 -3.03313521E-02  2.67535481E-01  1.98499053E-01
   23400 -1.09160012E-01 -8.20272484E-02 -2.75889229E-02  2.33555964E-01  6.71472593E-02
   23450  7.46183456E-03 -1.06566533E-01 -1.57590805E-01  3.30309209E-01  1.44256361E-01
   23500  2.10408867E-02 -7.84842542E-02  7.79557404E-03  2.07486525E-01  1.41282179E-01
   23550 -1.96784282E-03 -1.22998352E-01 -6.63092650E-03  2.62707057E-01  1.10488437E-01
   23600 -4.04283155E-02 -2.24942654E-02 -2.14881772E-02  2.02828672E-01  7.30424772E-02
   23650  2.39049295E-01 -4.99876414E-02 -1.42644494E-01  3.19266400E-01  1.13577736E-01
   23700  8.91573906E-03 -1.49845427E-01 -6.91258456E-02  2.15049490E-01  1.12971404E-01
   23750  8.44425875E-02 -6.22829925E-02 -1.24423873E-01  2.34188622E-01  4.43163171E-02
   23800  1.03049499E-01  4.68833584E-02  6.74290099E-02  2.07748605E-01  1.12145927E-01
   23850 -1.71004053E-02 -3.51643494E-03  3.53588975E-02  2.01965306E-01  9.90385920E-02
   23900 -1.21592791E-02 -8.55487713E-02  1.47048463E-01  2.92784807E-01  9.04884218E-02
   23950  1.94996496E-01 -6.86351594E-02  1.21166216E-01  3.35606765E-01  9.32658249E-02
   24000  2.32435223E-01 -4.82203743E-02  1.05770730E-01  3.81998521E-01  6.79259496E-02
   24050  2.47607202E-01  1.71879997E-01 -6.14549077E-02  3.90303103E-01  8.43072938E-02
   24100  4.66174033E-02  2.06434443E-01  2.54977581E-02  2.97774543E-01  8.92558736E-02
   24150  6.96290637E-02  3.17871532E-02 -1.58190101E-01  2.61613918E-01  7.26467379E-02
   24200  7.92047267E-03 -8.59375362E-02 -5.78101062E-02  2.19982129E-01  9.07687327E-02
   24250 -1.22353426E-01 -3.12246388E-02 -4.08877252E-02  1.93502484E-01  8.57245433E-02
   24300  1.10285804E-01  2.14256178E-01 -1.29550174E-02  2.77199639E-01  9.61448594E-02
   24350 -5.89973323E-02  2.05234532E-01  5.79177264E-03  2.85929601E-01  8.31425583E-02
   24400 -1.72211812E-02  1.20220884E-01 -4.38183507E-03  2.20198120E-01  8.40913964E-02
   24450  1.91348052E-02  6.68268883E-02  1.08189626E-01  2.45586176E-01  8.31714841E-02
   24500  2.79351459E-02  1.67046063E-01  3.13722354E-02  2.14730687E-01  8.91450497E-02
   24550 -1.00737693E-01  2.03025380E-01 -9.31565406E-05  2.89497909E-01  9.66510769E-02
   24600 -6.74936598E-02  2.19387849E-01 -9.07576536E-02  3.22277749E-01  9.42393722E-02
   24650 -8.44436241E-02  2.24622410E-01 -3.45762761E-02  2.94275976E-01  1.09075761E-01
   24700 -1.13288258E-01  9.25636462E-02  3.11568543E-02  2.43865198E-01  3.33979867E-02
   24750 -1.56638550E-01 -7.26639021E-02  1.06618016E-01  2.63661864E-01  1.05928711E-01
   24800 -1.13549731E-01  9.72799943E-03 -3.79765884E-03  2.44725517E-01  7.32267886E-02
   24850  9.18949336E-02  3.69616868E-02  4.96803190E-02  2.09137813E-01  1.17963030E-01
   24900 -1.00213503E-02  6.09280449E-02  1.13356681E-02  2.30338374E-01  7.24152407E-02
   24950  1.26008017E-01 -1.21054406E-01  5.86458884E-02  2.33728090E-01  8.28423493E-02
   25000  1.30310004E-01 -1.12283955E-01  8.02192144E-03  2.11530552E-01  9.62548069E-02
   25050  4.69707187E-02 -1.18449559E-02  1.78768209E-02  1.53831572E-01  8.09265537E-02
   25100  6.14803428E-02  4.90376245E-02 -3.51043870E-02  2.25180885E-01  9.63231141E-02
   25150  4.96288343E-02  6.30158392E-02 -8.92175721E-02  2.34338813E-01  1.31268903E-01
   25200  1.00230920E-01 -7.17699396E-02  1.35470520E-02  1.92549825E-01  1.22905709E-01
   25250  7.37157520E-02 -8.42245670E-02 -3.11264630E-02  2.19200365E-01  1.09016925E-01
   25300  8.72180182E-02 -1.20324778E-01 -1.50837907E-02  2.02930816E-01  7.96824165E-02
   25350  4.58822891E-02 -3.64367396E-02  1.59238015E-01  2.45796762E-01  5.13882876E-02
   25400  1.57261818E-01  2.67418559E-01  3.26087108E-02  3.69706414E-01  1.06222555E-01
   25450  1.21561817E-01  8.62342934E-02  5.95601316E-02  2.14548185E-01  6.10313696E-02
   25500  9.51204994E-02  1.77584010E-01  2.58505031E-02  2.73367453E-01  8.40555489E-02
   25550  9.73186696E-02 -6.54975162E-02  7.86152087E-02  2.56239121E-01  1.13418840E-01
   25600  1.23421408E-01 -1.47655221E-01  7.77271485E-02  2.49084166E-01  1.01454201E-01
   25650  1.18989664E-01 -1.31861092E-01  2.47214114E-01  3.22237157E-01  1.44628845E-01
   25700  8.08406129E-02 -8.83353817E-03  1.22872419E-01  2.38366815E-01  3.00997971E-02
   25750  8.25457165E-02  6.86870353E-03  1.18107011E-01  2.47433609E-01  1.07322399E-01
   25800 -2.59404661E-02 -6.17914073E-02 -8.01579729E-02  2.24882374E-01  8.22653644E-02
   25850 -1.39560636E-01  7.44175267E-02 -1.13182830E-01  2.81057567E-01  1.04855606E-01
   25900 -7.79028182E-02  1.90819985E-02 -1.31845516E-01  2.68780180E-01  9.31529661E-02
   25950  7.97680540E-02 -1.14062476E-01 -7.09831389E-02  2.22146761E-01  1.00347050E-01
   26000 -5.44497863E-03 -6.80029983E-02 -2.75873046E-01  3.38960140E-01  1.06139189E-01
   26050  1.04662448E-02 -7.49154705E-02 -1.42966828E-01  2.70778798E-01  7.29792787E-02
   26100  4.38057766E-02 -6.74514897E-02 -8.08127242E-02  2.02841630E-01  2.93696339E-02
   26150  1.03651704E-02 -1.36697028E-01 -4.25421434E-02  2.35528004E-01  6.95398297E-02
   26200  1.86120514E-01 -6.84834795E-02 -1.44936402E-01  2.86757001E-01  1.12060722E-01
   26250  1.50081596E-01  6.83644215E-02  3.70195730E-02  3.55341290E-01  5.57057458E-02
   26300 -8.07864583E-02  1.72193293E-01  1.13971474E-01  2.59907019E-01  1.69587335E-01
   26350 -1.70936321E-01  8.32509527E-02 -3.31286940E-02  2.97680832E-01  6.44590115E-02
   26400  7.00634712E-03  1.49748161E-01 -4.33109695E-03  2.75458373E-01  7.04480611E-02
   26450 -1.46143345E-01 -3.06257664E-02 -1.01095851E-01  2.57770088E-01  1.16036682E-01
   26500 -9.54999890E-03  4.21492449E-02 -7.88640424E-02  2.86431069E-01  6.35455818E-02
   26550 -1.75392796E-01 -1.49630305E-02 -6.13662657E-02  2.77426926E-01  6.12748218E-02
   26600 -1.76705801E-01 -1.12870372E-01  1.87713427E-02  2.54496040E-01  8.61271401E-02
   26650  4.43834630E-02  1.54244234E-02  1.24422619E-01  2.20524682E-01  6.55630529E-02
   26700  2.54837203E-02 -3.72458140E-02  2.45305275E-01  3.04712859E-01  7.65408037E-02
   26750 -8.32797615E-02 -1.81106239E-02  2.37117742E-01  2.80554282E-01  7.99843142E-02
   26800 -5.79240622E-03 -9.67091386E-02  1.67368752E-01  2.35975281E-01  1.47557661E-01
   26850 -7.65044826E-02 -1.37157629E-01  5.00338905E-02  2.32164599E-01  9.30366406E-02
   26900  5.77360257E-02  4.16471922E-03 -3.30315870E-04  1.42147839E-01  4.86931985E-02
   26950 -9.26834413E-02 -7.40127316E-02  1.49083120E-02  2.37559481E-01  5.09055293E-02
   27000 -6.57886802E-02  1.33782614E-01 -2.32669424E-01  3.40868146E-01  1.03400960E-01
   27050 -2.13639736E-01  2.05110397E-03 -9.58428887E-02  3.01567441E-01  9.19436154E-02
   27100 -6.06661797E-02  3.30222369E-02  2.34103692E-02  2.45507082E-01  6.47340786E-02
   27150  1.22233757E-01 -2.85069852E-02  3.41116062E-03  2.14326100E-01  1.02735537E-01
   27200 -1.03133660E-01  1.28628949E-02  1.18522510E-01  2.77740057E-01  5.82819034E-02
   27250 -1.00723730E-01  5.77538297E-02  2.01680945E-01  2.54146252E-01  7.12586108E-02
   27300 -1.51342691E-01 -6.33259560E-02  9.87666119E-02  2.58490095E-01  1.08234923E-01
   27350 -7.43123197E-02 -4.08413204E-02  1.03797171E-01  1.81802333E-01  6.12207926E-02
   27400 -1.43362587E-01 -5.36957626E-02  1.79524862E-01  3.25570473E-01  7.75873573E-02
   27450 -6.99469716E-02 -1.68561114E-01  1.46417412E-01  2.63082146E-01  1.38141748E-01
   27500 -2.98727975E-02 -8.28870293E-03  3.13707224E-01  3.69157143E-01  1.66870845E-01
   27550  1.01291167E-01  2.47914303E-02  2.76656793E-01  3.74573076E-01  6.08867113E-02
   27600  4.49025608E-02  1.15453742E-01  1.01266973E-01  2.33074854E-01  1.00218253E-01
   27650  7.36233719E-02  3.31643196E-02 -3.98532252E-02  2.36794457E-01  7.95199123E-02
   27700  2.07873912E-02  5.84766096E-02 -6.18232811E-02  2.54405521E-01  7.82074433E-02
   27750 -1.69071846E-01 -6.39706246E-03  2.10200694E-02  2.75972258E-01  1.29284474E-01
   27800 -1.30158520E-02  6.67208012E-02  2.62652468E-02  1.87990855E-01  9.40755881E-02
   27850  2.62923683E-01 -1.67645196E-01  3.16174410E-02  3.89637502E-01  1.20928066E-01
   27900  4.58271192E-02 -9.05754885E-02  2.07881602E-01  2.93838088E-01  1.13075883E-01
   27950  1.56052258E-01 -6.47572654E-02  1.34138594E-01  3.14374689E-01  7.42516715E-02
   28000  4.29943208E-02 -1.52342732E-01  2.34689441E-01  3.12089283E-01  7.02133455E-02
   28050  1.15439502E-01 -1.22249377E-02  1.70373864E-02  2.15370461E-01  7.42088807E-02
   28100  7.38920995E-02 -4.69888094E-02  7.66412717E-02  3.35373744E-01  8.49465886E-02
   28150  1.18484162E-01  6.77384440E-03 -7.93209184E-02  2.26266931E-01  1.10839544E-01
   28200  4.23271583E-02 -2.28452541E-02  4.93180451E-02  2.20521082E-01  3.91115744E-02
   28250 -9.43299543E-02 -1.22971179E-01  6.67433858E-02  2.25827775E-01  1.05175397E-01
   28300 -3.53673419E-02 -5.47807578E-02  8.39613258E-02  1.83708682E-01  5.68596860E-02
   28350 -1.98641659E-01 -9.19217128E-02  1.10668064E-01  2.78459977E-01  1.21425431E-01
   28400 -2.06199076E-01 -1.23503644E-01  5.58180348E-02  3.33834456E-01  1.34228928E-01
   28450  7.55737986E-02 -1.41226937E-01  2.40769022E-01  3.50924244E-01  9.47736629E-02
   28500 -2.89990689E-02 -1.23041280E-02  1.29384870E-01  2.21613650E-01  1.07636194E-01
   28550  6.48470896E-02  8.85943493E-02  1.61768167E-01  2.77477801E-01  1.21618059E-01
   28600  1.35973807E-02  1.25112894E-01  2.39540025E-02  2.45352242E-01  7.01181360E-02
   28650  2.75231936E-02  8.46183661E-02  1.03054247E-01  2.76798726E-01  1.25734005E-01
   28700  5.52799859E-03 -6.55780976E-03  1.93904660E-01  3.38952731E-01  9.88708080E-02
   28750  2.25196591E-02  1.54094730E-01  1.37321543E-01  3.23786524E-01  1.13277102E-01
   28800 -6.07626814E-02  1.99885780E-02  1.48503416E-02  2.76208559E-01  1.54121595E-01
   28850  7.16906957E-02 -1.60283372E-01 -2.14944967E-02  2.75391480E-01  6.72412759E-02
   28900  1.16810735E-01 -1.13945575E-01 -1.04989970E-02  2.57901242E-01  4.43975708E-02
   28950  5.79079722E-02 -4.01624406E-02 -4.30843115E-02  2.48617811E-01  4.77396723E-02
   29000  1.12080356E-01  4.37906004E-03  7.75668556E-03  2.64618487E-01  1.28170896E-01
   29050 -2.05636689E-02  8.75686260E-03  9.77070418E-02  2.92998757E-01  6.89446756E-02
   29100  5.49746228E-04  4.69512034E-03  2.33320968E-01  3.30122774E-01  8.89638045E-02
   29150  9.63323233E-02 -3.53107281E-03  1.07094506E-01  2.46697591E-01  1.02394755E-01
   29200  6.27179045E-02  8.40039724E-02  1.17625946E-01  3.12871875E-01  7.04661297E-02
   29250  1.69026822E-02  1.18006981E-01  3.57483903E-02  2.28967651E-01  5.02940591E-02
   29300 -2.02461397E-02 -2.35314267E-02 -4.98293629E-02  1.80868395E-01  7.72724059E-02
   29350  1.72203891E-01  1.26254854E-01 -1.53818800E-01  3.03483481E-01  1.12515332E-01
   29400  1.58366367E-01  2.04976793E-01 -3.74208976E-02  2.96709569E-01  1.42351178E-01
   29450  1.86715246E-02  1.97074571E-01  1.25529250E-02  2.72621173E-01  6.22119056E-02
   29500 -1.86531723E-01  2.63137217E-01  2.12398973E-02  3.51877234E-01  1.22215531E-01
   29550 -1.95470518E-01  2.01795112E-01  9.68559430E-03  3.44054333E-01  5.15226360E-02
   29600 -1.92798191E-03  1.21066199E-01  5.80355678E-02  2.05526086E-01  1.23724999E-01
   29650 -1.54065779E-01  1.86251149E-01 -5.44738949E-02  3.81472392E-01  6.88274444E-02
   29700  2.04137089E-02 -3.16634735E-03 -8.32929602E-02  2.04240621E-01  4.99955243E-02
   29750 -3.63645735E-02  1.22256926E-01 -6.11575419E-02  2.83146486E-01  1.06684254E-01
   29800 -1.18764730E-01  9.88263834E-03  9.60910748E-02  2.33128181E-01  6.66403207E-02
   29850 -8.64538476E-02 -2.41021742E-02 -3.12788628E-02  2.26957118E-01  3.99467870E-02
   29900 -5.59409930E-02 -1.31192779E-01 -6.95579656E-02  2.49975465E-01  5.51089404E-02
   29950 -7.82011655E-02  3.33386718E-02 -2.01199028E-01  2.64442707E-01  8.79478966E-02
   30000  2.64048398E-02  1.42508762E-01 -2.65479269E-01  3.98889110E-01  8.32355977E-02
   30050  3.02792405E-02  2.72493466E-01 -2.28716088E-01  4.08238809E-01  1.42468396E-01
   30100  6.70533810E-02  1.58078990E-01  7.78925845E-02  2.88598884E-01  8.94510643E-02
   30150  1.37935554E-01  1.94740025E-02 -2.45030907E-02  2.30264861E-01  4.55530394E-02
   30200  1.56370483E-01 -4.47965487E-02  3.50995885E-02  2.31729317E-01  6.26391317E-02
   30250  1.91556289E-02 -4.36185160E-02  1.22600652E-01  2.14449535E-01  6.32108712E-02
   30300  6.46210681E-02 -1.03210739E-02 -3.30255774E-03  2.85397352E-01  1.17343336E-01
   30350  6.15218796E-02  2.20714258E-02  9.30298983E-02  2.39387418E-01  6.93182536E-02
   30400  4.12657724E-02  1.39082532E-01  3.29579504E-01  4.04701516E-01  1.48243046E-01
   30450  3.78660692E-03 -1.06096458E-01  1.31876403E-01  2.46011411E-01  9.43395564E-02
   30500  1.31649631E-01  4.41876182E-02  1.19991662E-01  2.09315220E-01  1.02028114E-01
   30550  1.60162779E-01 -3.97481883E-03  9.52055869E-02  2.44196890E-01  3.35155502E-02
   30600  1.71176943E-01 -6.97780059E-02  1.91891576E-01  3.16592141E-01  6.42312015E-02
   30650  1.13632329E-01  8.75559053E-02  1.41257312E-01  2.32558689E-01  1.16059421E-01
   30700 -4.84376182E-02  5.22801922E-02  9.43856800E-02  2.84909493E-01  9.99482288E-02
   30750 -1.21940479E-01  8.57032546E-02  2.93859739E-02  2.06548189E-01  7.87025289E-02
   30800 -2.61325006E-01  2.10922115E-01  3.10616942E-02  4.13292108E-01  6.04178079E-02
   30850 -1.48536852E-01  2.24816446E-01  2.68721946E-02  3.27382854E-01  5.59406832E-02
   30900 -2.25151486E-01 -2.74982958E-03  1.93113919E-02  3.59044512E-01  8.80954683E-02
   30950 -1.92471509E-01 -5.81555930E-02 -5.90836606E-02  2.84310936E-01  1.02013488E-01
   31000 -1.28832025E-01 -4.35426200E-02  3.81998156E-02  2.53981890E-01  6.82024086E-02
   31050 -1.84948205E-02  1.06183848E-01  7.90690547E-02  2.02264534E-01  1.19685130E-01
   31100 -1.52033315E-01  1.67915492E-01 -4.02451645E-02  3.32487997E-01  2.93014160E-02
   31150 -8.93052733E-02  1.63218738E-01 -2.74670427E-02  3.10012973E-01  1.02950050E-01
   31200 -1.42288256E-02  1.18475489E-01 -6.82064208E-02  2.49354016E-01  7.77776572E-02
   31250 -1.73068686E-01  9.04239201E-02  5.45208645E-02  3.14832332E-01  1.15911764E-01
   31300 -2.08724152E-01  1.08356298E-01  1.72562934E-01  3.40357943E-01  9.32636070E-02
   31350 -2.07915274E-01 -3.68063281E-02  1.78411707E-01  2.98045944E-01  1.09502285E-01
   31400 -8.62903036E-04 -1.67636238E-02  1.06570757E-01  2.21458230E-01  7.16853069E-02
   31450  1.54056785E-01 -3.56905133E-01 -1.31887666E-02  4.31115969E-01  6.96093408E-02
   31500  8.78214109E-02 -2.16989226E-01 -3.87818444E-02  2.89693556E-01  4.41491220E-02
   31550 -9.82951685E-02  1.28818112E-02  8.27953705E-02  2.24860539E-01  9.95227786E-02
   31600  2.00174323E-02 -3.47838206E-02 -9.93088767E-02  3.05227332E-01  9.12260478E-02
   31650  8.60033468E-02 -1.24076814E-01 -4.52635777E-02  2.24413826E-01  7.83330344E-02
   31700 -1.11721169E-01 -2.57000492E-01 -6.59889112E-03  3.37487903E-01  7.78709887E-02
   31750 -2.27758027E-01 -3.67773060E-01 -5.41880896E-02  4.71193862E-01  9.27358967E-02
   31800 -1.95672407E-01 -8.97520341E-02 -5.67987450E-02  2.71788733E-01  7.81859405E-02
   31850 -5.47689419E-02 -8.77219388E-02 -9.00780024E-02  1.91739695E-01  3.84464288E-02
   31900 -7.99541679E-02 -4.73501629E-02  7.57684117E-02  3.28720835E-01  5.11784026E-02
   31950 -6.53648550E-02 -1.28644347E-01 -1.56984628E-01  3.53259710E-01  5.24165599E-02
   32000 -9.93606735E-02 -4.39245949E-02 -8.70228387E-04  2.19444710E-01  3.69494923E-02
   32050 -1.43970045E-01  4.90260312E-02  9.53822861E-02  2.37728534E-01  3.59836561E-02
   32100  1.99862762E-02  3.95447433E-02 -1.14738205E-01  2.24625497E-01  7.71252740E-02
   32150 -4.84769320E-02  1.39507693E-01 -1.65035122E-01  2.92216258E-01  1.16170852E-01
   32200 -1.33697894E-01  6.84237004E-02  4.22778484E-02  2.52819291E-01  1.20408644E-01
   32250 -1.04013186E-02 -1.42214929E-01  1.45529143E-01  3.31189590E-01  1.40324025E-01
   32300 -7.64386090E-02 -1.21958681E-01  6.28728578E-02  2.42085131E-01  1.24243000E-01
   32350  3.83439859E-02 -1.27979999E-01  7.83530959E-02  2.38042336E-01  9.63227224E-02
   32400 -1.31505484E-01 -1.13818061E-01 -5.55039699E-02  2.64537339E-01  8.41061673E-02
   32450  1.18388993E-01 -2.68738759E-02  1.33977703E-01  3.17451840E-01  6.46925607E-02
   32500  1.52259956E-01 -1.54971002E-02 -1.34924783E-03  3.46231825E-01  7.65851587E-02
   32550  7.99202331E-02 -2.33263784E-02  8.80233293E-02  2.75675434E-01  6.37536748E-02
   32600 -2.63379542E-02 -7.65433544E-03 -2.30235217E-02  2.67098105E-01  1.04924579E-01
   32650  1.23269692E-01  9.13713132E-02 -1.12765190E-03  3.53049747E-01  1.09123626E-01
   32700  3.28863982E-02 -1.05382928E-01 -1.18147503E-01  2.35490693E-01  1.01443111E-01
   32750  4.69831511E-02  1.58350539E-02 -1.15017973E-01  2.08951630E-01  1.27547846E-01
   32800  9.98332383E-02 -7.47671801E-02 -3.36190575E-02  2.46922919E-01  1.43831362E-01
   32850  1.83940612E-01  4.85201270E-03  7.60400125E-02  2.93685184E-01  1.06330298E-01
   32900  3.10351650E-03 -8.46414508E-02  8.55937985E-03  2.46140715E-01  9.85419725E-02
   32950 -5.88212737E-02 -2.42292688E-01  7.99559057E-02  3.24323561E-01  1.30928458E-01
   33000 -1.20176832E-01 -2.01019662E-01  2.15793400E-02  3.19335656E-01  1.32171384E-01
   33050 -5.88956737E-04 -5.47770487E-02  7.38684680E-02  2.62252841E-01  9.42299322E-02
   33100 -8.74344874E-02 -1.44063826E-01 -1.54503337E-01  3.12749225E-01  4.19507434E-02
   33150  2.93043671E-02 -1.34682492E-01 -7.31665476E-02  2.50865780E-01  7.43270857E-02
   33200  9.88215447E-02 -2.28038467E-01 -2.19546335E-01  3.96278988E-01  8.97270670E-02
   33250  1.09220238E-01 -1.87474114E-01 -2.81259817E-01  4.20618516E-01  7.60305526E-02
   33300  1.75727778E-02 -1.75039326E-01 -2.00801304E-01  3.48085330E-01  1.01514845E-01
   33350 -7.00718595E-02  6.82470887E-02 -7.92375759E-02  2.52997491E-01  8.96016954E-02
   33400 -8.06059462E-03  1.47373233E-01 -2.29154346E-01  3.16359308E-01  1.07577342E-01
   33450  5.33355598E-03 -3.20256958E-02 -2.46113851E-01  4.07271137E-01  8.69890466E-02
   33500 -3.43538572E-02 -4.96190417E-03 -1.44583877E-01  2.68607398E-01  3.59954188E-02
   33550 -6.65126303E-02  7.87835731E-02 -1.35354761E-01  2.42961551E-01  1.22556435E-01
   33600 -2.48695463E-01  1.68315962E-01 -1.57915282E-01  4.24094650E-01  1.26669980E-01
   33650 -8.15552647E-02  3.25846845E-02 -2.13137371E-01  3.24265536E-01  1.47513825E-01
   33700  5.72197353E-02  5.18858093E-02 -8.42727965E-02  3.05378876E-01  9.32043409E-02
   33750 -1.99622475E-02  9.75445911E-02  3.50063274E-02  2.86457973E-01  9.88553280E-02
   33800  5.85150094E-02  6.87440623E-04 -3.81937857E-02  2.17255737E-01  8.36367474E-02
   33850  7.16486228E-02  8.79767132E-02  7.98980446E-02  1.89725247E-01  8.42400221E-02
   33900 -3.04219229E-02  2.57543385E-02  1.28085596E-01  2.99397633E-01  8.18982445E-02
   33950 -1.29641331E-01 -1.19707953E-02  1.42658513E-02  2.43045890E-01  1.18089068E-01
   34000 -1.18487859E-01  1.08765196E-01 -6.81211958E-02  2.09987416E-01  7.40060409E-02
   34050 -1.55758238E-01  1.54301019E-01 -1.74698259E-01  3.39298285E-01  9.02868063E-02
   34100 -1.06546877E-01  3.38003837E-01 -1.30098370E-01  4.01739490E-01  1.03679569E-01
   34150 -1.42979485E-01  1.60091169E-01  1.62571416E-02  2.80401818E-01  6.93957618E-02
   34200  4.73559081E-02  3.70912327E-02 -1.21011653E-01  3.21881325E-01  6.99892802E-02
   34250  1.58509459E-01  2.38894144E-01 -1.66373812E-01  3.64145100E-01  6.92290518E-02
   34300  1.96371889E-01  1.16554219E-01  9.48566975E-03  2.59255053E-01  6.87127954E-02
   34350  6.26215383E-02  6.68100680E-03  1.39287390E-01  2.31091814E-01  5.73887526E-02
   34400 -8.55428588E-02  9.22448290E-02  1.23960945E-01  2.38828734E-01  1.07036608E-01
   34450 -1.27390047E-02  2.09315978E-01 -2.08471194E-02  2.65953085E-01  7.56124163E-02
   34500  6.16635388E-02 -3.28196694E-02 -1.52014647E-03  1.57615653E-01  6.72001309E-02
   34550  4.42788391E-03 -6.14403685E-02 -1.53566742E-01  3.01145213E-01  1.24231341E-01
   34600  2.15632230E-01 -8.08892039E-02 -1.89139312E-01  3.77644025E-01  7.10492886E-02
   34650  6.31299992E-02  2.60471620E-03 -1.68386037E-02  2.28487500E-01  6.90680666E-02
   34700 -1.53851487E-02  2.04229759E-01  1.65062559E-01  3.71319556E-01  1.42475776E-01
   34750 -9.97536693E-02  2.66238286E-01  1.31761090E-01  3.40117694E-01  1.62889170E-02
   34800 -2.19133264E-01  5.95076668E-02  9.39656667E-02  3.40741237E-01  1.23191763E-01
   34850 -1.03360490E-01 -2.61209870E-02  2.15610107E-01  3.67003283E-01  6.95867123E-02
   34900 -1.26703955E-03 -3.04431623E-03  1.32116018E-01  2.46860385E-01  1.49492477E-01
   34950 -9.88266697E-03 -1.89354153E-01  1.88094159E-01  3.05760059E-01  1.25534622E-01
   35000  5.18725634E-02 -1.52313226E-01  2.43286630E-01  3.14581913E-01  5.95663446E-02
   35050  5.87592546E-02 -6.28660868E-02  3.37059092E-02  2.13270661E-01  7.32023846E-02
   35100  1.67866976E-01 -1.29375042E-01  1.03714014E-01  2.90281563E-01  1.35230791E-01
   35150  5.38224222E-02 -6.47039790E-03  1.78698386E-01  2.44668055E-01  1.02368402E-01
   35200  1.27194976E-01 -5.61723571E-02  1.58554021E-01  2.90451905E-01  1.05447837E-01
   35250  1.38307761E-01 -5.35985093E-02  3.52230753E-02  3.23024917E-01  9.12130179E-02
   35300  3.94749765E-02 -2.52584066E-01  2.78676197E-01  4.13641479E-01  2.33344832E-02
   35350  3.40624134E-02 -3.07535370E-01  2.53459186E-03  3.43637675E-01  7.31145996E-02
   35400 -4.60619676E-02 -2.94356294E-01  1.71761101E-03  3.33491315E-01  9.49223112E-02
   35450 -4.57364199E-02 -1.94493334E-02  1.86293774E-02  2.63523163E-01  5.20967383E-02
   35500 -4.48488324E-02  8.68293166E-02 -5.38914627E-02  2.51005304E-01  1.07202175E-01
   35550 -3.00896541E-01  1.02046317E-01  2.41985796E-02  3.69906109E-01  1.57669269E-01
   35600 -3.39423721E-01  7.05384552E-02 -5.76187286E-03  3.74980282E-01  7.15739836E-02
   35650 -2.14378895E-01 -3.89227511E-02  5.34215695E-02  2.95786985E-01  5.46345566E-02
   35700 -1.02843473E-01 -8.20046131E-02  1.14356709E-01  2.98764087E-01  1.00374063E-01
   35750 -1.15548280E-02 -4.21772855E-02  1.12020635E-01  2.21903922E-01  5.09962417E-02
   35800 -1.42841926E-02 -4.27216622E-02  5.43741521E-02  2.23074059E-01  2.37615874E-02
   35850  1.68258520E-04 -6.91543530E-02  7.19871916E-03  1.68515370E-01  1.01066869E-01
   35900 -8.00575131E-02 -2.11694128E-03 -7.68214707E-02  2.53475971E-01  1.86205970E-02
   35950 -1.73077367E-01  4.88174919E-03 -1.45668928E-01  2.73243269E-01  6.24607915E-02
   36000 -2.61658750E-01  5.58731887E-02  8.89110956E-02  3.43021296E-01  1.45421692E-01
   36050 -1.79572741E-01 -7.64532117E-02  5.86636729E-02  2.44658056E-01  1.03269973E-01
   36100 -1.07863772E-01  6.10854374E-02  1.06124498E-01  2.68214354E-01  9.25175879E-02
   36150 -5.44610094E-02  1.58100299E-02 -9.06753986E-02  1.63389445E-01  6.46746212E-02
   36200  1.16950105E-01 -1.09649712E-01 -1.39155065E-01  2.52794386E-01  1.09531387E-01
   36250 -1.04646154E-01 -5.55847820E-02 -1.32027627E-01  3.18602386E-01  9.67689925E-02
   36300 -3.15010875E-02 -1.44739065E-01 -1.29350839E-01  2.76403963E-01  1.30134220E-01
   36350  1.62836021E-03 -3.48610820E-02 -1.29148718E-01  1.84155330E-01  1.29636831E-01
   36400  5.78385581E-02 -1.51432433E-01  6.40724863E-02  2.88606620E-01  4.58218576E-02
   36450  4.30028111E-03 -9.29549816E-03  2.51497131E-01  3.11275691E-01  1.41919691E-01
   36500 -1.02743115E-01 -9.09130836E-02  2.67632187E-01  3.39354009E-01  1.12666197E-01
   36550  4.32519176E-02 -8.41713845E-02  2.95654916E-01  3.79355145E-01  9.84303656E-02
   36600 -3.24160640E-02 -5.95808626E-02  2.98884713E-01  3.87193180E-01  8.21647056E-02
   36650  1.15015344E-01 -5.34431203E-02  1.44812327E-01  3.28805738E-01  1.21351750E-01
   36700 -5.35565675E-02 -2.02973265E-01  1.33871791E-01  3.27123745E-01  7.79754057E-02
   36750 -4.93617908E-02  6.11198914E-02 -8.37664937E-02  2.77921783E-01  8.26395404E-02
   36800 -9.95823134E-02 -2.34700454E-02  1.68331284E-01  2.53744745E-01  1.40836396E-01
   36850 -6.57897451E-02 -9.29600185E-03 -2.16168017E-02  3.01100908E-01  7.78028994E-02
   36900 -2.40430754E-03 -1.46528766E-01 -2.20041578E-01  3.69385844E-01  9.71048840E-02
   36950 -1.56264439E-01 -5.66603470E-02 -1.75571132E-01  2.93866275E-01  1.38601622E-01
   37000 -9.31381129E-02  9.91886485E-02 -1.25110603E-01  2.75104088E-01  5.31987366E-02
   37050 -1.98446361E-01 -7.35538670E-02  5.13517237E-02  3.13240127E-01  1.22263666E-01
   37100 -9.22674106E-02  7.90323126E-02  9.14395698E-03  2.80937431E-01  1.02771775E-01
   37150 -1.42364335E-01  1.51194003E-01 -3.55954212E-02  2.79098275E-01  1.54389180E-01
   37200  2.59271074E-02  2.61125794E-01 -7.05579314E-02  3.67128885E-01  1.44864045E-01
   37250 -1.83013720E-01  1.75213118E-01 -2.06890195E-02  3.26570205E-01  6.55894463E-02
   37300 -1.85440162E-01  5.07544672E-02 -1.38078089E-01  2.78952056E-01  7.83675039E-02
   37350 -1.55482285E-01 -9.69618341E-02 -1.33411443E-01  2.95011784E-01  6.17002408E-02
   37400 -1.03852301E-01 -1.03907291E-01 -3.51042774E-02  2.76548010E-01  1.08666407E-01
   37450 -6.10182294E-02 -1.98322452E-01 -8.27599540E-02  3.44219628E-01  1.00154444E-01
   37500 -8.84565599E-02 -9.14030974E-02 -4.10677704E-02  2.28921693E-01  1.69444859E-01
   37550  9.17666624E-02 -5.65752939E-02 -1.13639434E-01  2.72956030E-01  1.05960509E-01
   37600  1.94407014E-01 -6.44600205E-02 -1.40658320E-01  3.75758143E-01  6.59250019E-02
   37650  1.79383392E-01 -1.27252814E-01  7.27446790E-02  3.03882484E-01  1.85014953E-01
   37700  1.91290484E-01 -1.41723324E-01 -7.17537651E-02  3.40078423E-01  1.05195866E-01
   37750  8.36903229E-02 -1.18519245E-01 -2.59225094E-01  3.78142326E-01  1.03414017E-01
   37800 -7.04722230E-02 -9.75805592E-02 -3.37389299E-01  4.21241385E-01  1.25350544E-01
   37850  2.17200989E-02  8.61370174E-02 -3.13747314E-01  3.92554174E-01  1.33999025E-01
   37900  4.67201341E-02 -4.30943629E-02 -2.61223598E-01  3.53502378E-01  1.11827903E-01
   37950  1.27672630E-01 -1.35297377E-01 -2.46623665E-01  4.13740056E-01  7.59571840E-02
   38000 -4.62891637E-02 -1.40426944E-01  2.75271007E-03  2.70105560E-01  6.31692805E-02
   38050  8.54086277E-02 -1.97312117E-02 -1.53074232E-01  2.40784315E-01  9.94547357E-02
   38100  8.82689178E-02  9.97503636E-02 -1.47916986E-01  2.66143552E-01  8.32789679E-02
   38150 -2.49478329E-01  1.49674513E-01 -1.98481920E-01  3.82713275E-01  1.26879203E-01
   38200  7.97734242E-03  1.78729999E-01 -2.11444250E-02  2.47035906E-01  3.14094411E-02
   38250 -2.57735457E-01 -7.69482840E-02 -3.50955576E-02  3.20121346E-01  6.12325798E-02
   38300 -6.60853187E-02 -5.20467486E-02  1.04118713E-01  2.08466284E-01  9.32613494E-02
   38350  5.65588138E-03 -8.05535531E-02  1.19202663E-01  2.68445898E-01  2.62223976E-02
   38400  1.33789487E-01  5.83770116E-02  1.10985512E-01  2.20849069E-01  1.03087436E-01
   38450  1.42220634E-01  2.05330778E-02  1.91551487E-01  2.98998381E-01  9.17412376E-02
   38500 -6.47266002E-02  8.07672224E-02  1.67177064E-01  2.70156648E-01  5.88243235E-02
   38550  7.66617512E-02  3.02625566E-02  1.79841445E-01  2.84408899E-01  1.38157518E-01
   38600 -6.46980322E-02  1.51375317E-02  6.84690601E-02  2.43825089E-01  1.54742998E-01
   38650  4.28338088E-02 -5.34071333E-02  3.23406305E-02  3.12179396E-01  1.29657932E-01
   38700 -4.16309825E-02 -1.16014097E-01  1.42455086E-01  3.15108489E-01  1.89828255E-01
   38750  6.87679460E-02  2.63241526E-02  2.80554689E-02  2.84126388E-01  1.52457978E-01
   38800 -1.04501367E-01  1.52565988E-02 -6.08094132E-02  3.03044772E-01  1.49330653E-01
   38850 -4.40404860E-02  1.16136130E-02  9.57734243E-02  3.54080665E-01  9.64335570E-02
   38900 -4.25014739E-02  5.49793515E-02 -1.61613708E-02  1.77808951E-01  7.44017840E-02
   38950 -1.63478827E-01  8.45993671E-02  5.14227643E-02  2.70072327E-01  1.23010153E-01
   39000 -7.14691062E-02  1.89953195E-01 -2.16852886E-01  3.35336982E-01  1.31293350E-01
   39050  2.32536480E-02  7.93784831E-02 -1.42675658E-01  2.34762087E-01  1.15409344E-02
   39100  1.50339618E-02 -2.92848111E-02 -1.62373128E-01  2.51983291E-01  5.14766807E-02
   39150  1.03820413E-01 -2.17576113E-03 -5.73420293E-02  2.29021686E-01  5.01471000E-02
   39200  1.12951259E-01  6.59063682E-02 -1.58178588E-01  2.68623270E-01  9.64308330E-02
   39250  7.11549034E-02  7.49441436E-02 -8.54961612E-02  2.04091935E-01  1.52813996E-01
   39300  7.78349637E-02  1.64983390E-01 -9.91476469E-02  2.64125717E-01  1.29821546E-01
   39350  2.30389473E-02  1.46104696E-01  1.06934197E-01  2.53479600E-01  1.17681815E-01
   39400  2.09144476E-01  1.80727468E-01  1.00419330E-01  3.62743678E-01  1.52358223E-01
   39450  7.16251610E-02  2.32491248E-02  3.19739219E-03  1.84903312E-01  9.95867482E-02
   39500  1.28974407E-01  1.16193767E-01 -3.03413345E-02  3.37766689E-01  1.19915671E-01
   39550  1.07428268E-01  9.54554514E-02 -3.54771099E-02  3.18782049E-01  1.57167940E-01
   39600 -7.04022366E-03  8.07224248E-02 -1.40448347E-02  2.59122001E-01  7.73020715E-02
   39650 -4.46996394E-02  1.05859774E-01 -3.62897017E-02  3.35973909E-01  1.08593956E-01
   39700  7.96354782E-02  6.26691716E-02 -4.15595197E-02  2.42772693E-01  1.08781441E-01
   39750  3.38830635E-02 -1.26073025E-01 -1.43328545E-01  3.13200028E-01  8.76279802E-02
   39800 -2.18314012E-02 -1.35089675E-01 -1.04897599E-01  2.57737343E-01  9.27894627E-02
   39850  1.19123084E-01 -4.18459698E-02  2.18517831E-02  2.06266625E-01  9.33143503E-02
   39900  3.58360894E-02 -8.80734304E-02 -1.02328286E-01  2.42074077E-01  6.68869966E-02
   39950  4.30336989E-02 -1.07714293E-01 -5.04875073E-02  2.18227644E-01  5.88840683E-02
