   #Iter             <M>           <M^2>           <M^4>      U_{Binder}            \chi        C_v(tot)             <E>       <E_{exc}>       <E_{lsf}>
       1  2.36534843E-01  6.26571819E-02  5.56684858E-03  5.27342626E-01  5.93500187E-03  4.13334466E-01 -3.50467595E+00 -3.50467595E+00  0.00000000E+00
      11  2.39252415E-01  6.83180776E-02  7.44527761E-03  4.68273425E-01  9.79931507E-03  9.47248660E-01 -3.48692485E+00 -3.48692485E+00  0.00000000E+00
      21  2.94849906E-01  1.00126722E-01  1.53063386E-02  4.91079360E-01  1.16694898E-02  9.33316213E-01 -3.51111589E+00 -3.51111589E+00  0.00000000E+00
      31  2.76120785E-01  8.94043825E-02  1.33472583E-02  4.43387191E-01  1.16442225E-02  1.33446589E+00 -3.51136463E+00 -3.51136463E+00  0.00000000E+00
      41  2.72015593E-01  8.73510088E-02  1.25767698E-02  4.50570460E-01  1.18183603E-02  1.27294260E+00 -3.52262749E+00 -3.52262749E+00  0.00000000E+00
      51  2.49624296E-01  7.50192540E-02  9.74063411E-03  4.23073493E-01  1.12419203E-02  1.33004309E+00 -3.50630382E+00 -3.50630382E+00  0.00000000E+00
      61  2.57504897E-01  7.88503690E-02  1.03183911E-02  4.46798599E-01  1.10956188E-02  1.27967259E+00 -3.50401738E+00 -3.50401738E+00  0.00000000E+00
      71  2.58887009E-01  7.87210670E-02  9.93943828E-03  4.65363454E-01  1.03498003E-02  1.16409310E+00 -3.50389644E+00 -3.50389644E+00  0.00000000E+00
      81  2.59155366E-01  7.96890037E-02  1.05643732E-02  4.45469182E-01  1.10831471E-02  1.18205555E+00 -3.50416328E+00 -3.50416328E+00  0.00000000E+00
      91  2.60159751E-01  7.99730991E-02  1.05260255E-02  4.51400620E-01  1.08730322E-02  1.24193323E+00 -3.51101309E+00 -3.51101309E+00  0.00000000E+00
     101  2.73718331E-01  8.73744892E-02  1.19881702E-02  4.76565496E-01  1.10170278E-02  1.20929540E+00 -3.51955623E+00 -3.51955623E+00  0.00000000E+00
     111  2.81916779E-01  9.31649221E-02  1.39460796E-02  4.64417924E-01  1.21097164E-02  1.23097356E+00 -3.52587962E+00 -3.52587962E+00  0.00000000E+00
     121  2.86264386E-01  9.57964783E-02  1.45813249E-02  4.70365041E-01  1.22524443E-02  1.32994122E+00 -3.53345411E+00 -3.53345411E+00  0.00000000E+00
     131  2.77985891E-01  9.09034582E-02  1.34363105E-02  4.58001648E-01  1.20561483E-02  1.34621048E+00 -3.52273128E+00 -3.52273128E+00  0.00000000E+00
     141  2.76837581E-01  8.97498984E-02  1.29723170E-02  4.63180397E-01  1.15992418E-02  1.29162337E+00 -3.52428792E+00 -3.52428792E+00  0.00000000E+00
     151  2.78481384E-01  9.05220608E-02  1.31355093E-02  4.65661096E-01  1.14747878E-02  1.23463468E+00 -3.51941740E+00 -3.51941740E+00  0.00000000E+00
     161  2.77329324E-01  8.95697704E-02  1.27855777E-02  4.68777845E-01  1.11987925E-02  1.24213316E+00 -3.51394634E+00 -3.51394634E+00  0.00000000E+00
     171  2.74338325E-01  8.79153816E-02  1.24071661E-02  4.64916435E-01  1.11949429E-02  1.26754855E+00 -3.51642934E+00 -3.51642934E+00  0.00000000E+00
     181  2.74135574E-01  8.75771923E-02  1.22382943E-02  4.68115173E-01  1.09941274E-02  1.28460196E+00 -3.51817685E+00 -3.51817685E+00  0.00000000E+00
     191  2.73922225E-01  8.75368582E-02  1.22248310E-02  4.68210575E-01  1.10618900E-02  1.33908900E+00 -3.51669780E+00 -3.51669780E+00  0.00000000E+00
     201  2.75711812E-01  8.88258900E-02  1.25964262E-02  4.67834207E-01  1.13320912E-02  1.38506305E+00 -3.51541172E+00 -3.51541172E+00  0.00000000E+00
     211  2.73871175E-01  8.80279111E-02  1.24720137E-02  4.63494062E-01  1.15210677E-02  1.34237562E+00 -3.51022143E+00 -3.51022143E+00  0.00000000E+00
     221  2.74166766E-01  8.77858918E-02  1.22529890E-02  4.70005528E-01  1.11636338E-02  1.32842356E+00 -3.50916649E+00 -3.50916649E+00  0.00000000E+00
     231  2.78962350E-01  9.13435395E-02  1.35868917E-02  4.57195816E-01  1.19643547E-02  1.34731322E+00 -3.51508522E+00 -3.51508522E+00  0.00000000E+00
     241  2.81311956E-01  9.27210616E-02  1.39421574E-02  4.59430007E-01  1.20184090E-02  1.40674827E+00 -3.51376113E+00 -3.51376113E+00  0.00000000E+00
     251  2.79110588E-01  9.13629292E-02  1.35814832E-02  4.57642170E-01  1.19083195E-02  1.40345463E+00 -3.50854012E+00 -3.50854012E+00  0.00000000E+00
     261  2.79474356E-01  9.16709202E-02  1.36746838E-02  4.57583544E-01  1.20010327E-02  1.39838329E+00 -3.50767788E+00 -3.50767788E+00  0.00000000E+00
     271  2.81094885E-01  9.23940868E-02  1.37613465E-02  4.62657341E-01  1.18371393E-02  1.39091804E+00 -3.50955311E+00 -3.50955311E+00  0.00000000E+00
     281  2.82785649E-01  9.33520499E-02  1.39375348E-02  4.66889802E-01  1.18411863E-02  1.36982142E+00 -3.50824110E+00 -3.50824110E+00  0.00000000E+00
     291  2.80305088E-01  9.17734032E-02  1.35056412E-02  4.65484530E-01  1.16802883E-02  1.34274031E+00 -3.51048990E+00 -3.51048990E+00  0.00000000E+00
     301  2.81886641E-01  9.31523018E-02  1.40025536E-02  4.62103388E-01  1.21135842E-02  1.40183433E+00 -3.51240042E+00 -3.51240042E+00  0.00000000E+00
     311  2.84499158E-01  9.48345297E-02  1.45744111E-02  4.59822149E-01  1.22927681E-02  1.39340781E+00 -3.51529090E+00 -3.51529090E+00  0.00000000E+00
     321  2.84122419E-01  9.43732461E-02  1.43475823E-02  4.63018055E-01  1.20741912E-02  1.38581304E+00 -3.51403184E+00 -3.51403184E+00  0.00000000E+00
     331  2.82037924E-01  9.32117069E-02  1.40602976E-02  4.60573426E-01  1.20906640E-02  1.38463667E+00 -3.51232122E+00 -3.51232122E+00  0.00000000E+00
     341  2.81317768E-01  9.25311108E-02  1.38100412E-02  4.62351837E-01  1.18474655E-02  1.37411917E+00 -3.51215251E+00 -3.51215251E+00  0.00000000E+00
     351  2.80610250E-01  9.17686190E-02  1.35064741E-02  4.65395828E-01  1.15246207E-02  1.37583641E+00 -3.51241614E+00 -3.51241614E+00  0.00000000E+00
     361  2.77683878E-01  8.99617069E-02  1.30579742E-02  4.62177240E-01  1.13714466E-02  1.35315127E+00 -3.51071421E+00 -3.51071421E+00  0.00000000E+00
     371  2.78450787E-01  9.03482884E-02  1.31942862E-02  4.61203474E-01  1.13361261E-02  1.34006342E+00 -3.50923562E+00 -3.50923562E+00  0.00000000E+00
     381  2.77471687E-01  8.96138129E-02  1.29545526E-02  4.62286112E-01  1.11678801E-02  1.32950842E+00 -3.50852831E+00 -3.50852831E+00  0.00000000E+00
     391  2.78290369E-01  8.99238889E-02  1.29366597E-02  4.66725594E-01  1.10396717E-02  1.33292915E+00 -3.50872980E+00 -3.50872980E+00  0.00000000E+00
     401  2.78709415E-01  9.04736001E-02  1.31275752E-02  4.65411619E-01  1.13195067E-02  1.34021608E+00 -3.51040503E+00 -3.51040503E+00  0.00000000E+00
     411  2.77196461E-01  8.94969124E-02  1.28533303E-02  4.65092966E-01  1.11995163E-02  1.35170869E+00 -3.50965838E+00 -3.50965838E+00  0.00000000E+00
     421  2.76442497E-01  8.89419761E-02  1.26725314E-02  4.66015597E-01  1.10778579E-02  1.34552642E+00 -3.50824855E+00 -3.50824855E+00  0.00000000E+00
     431  2.76446992E-01  8.88830390E-02  1.26169413E-02  4.67652724E-01  1.10235177E-02  1.33340260E+00 -3.50915585E+00 -3.50915585E+00  0.00000000E+00
     441  2.75941110E-01  8.87371823E-02  1.26260723E-02  4.65514719E-01  1.11417022E-02  1.32759163E+00 -3.50851292E+00 -3.50851292E+00  0.00000000E+00
     451  2.74538639E-01  8.80603110E-02  1.25083605E-02  4.62326409E-01  1.12258912E-02  1.31434006E+00 -3.50860617E+00 -3.50860617E+00  0.00000000E+00
     461  2.74582864E-01  8.81232638E-02  1.25727922E-02  4.60328685E-01  1.12601010E-02  1.32667319E+00 -3.50840437E+00 -3.50840437E+00  0.00000000E+00
     471  2.73222835E-01  8.75309212E-02  1.25567663E-02  4.53697035E-01  1.13951859E-02  1.31277044E+00 -3.50685521E+00 -3.50685521E+00  0.00000000E+00
     481  2.73607105E-01  8.78342107E-02  1.26329276E-02  4.54172585E-01  1.14776042E-02  1.29772004E+00 -3.50602791E+00 -3.50602791E+00  0.00000000E+00
     491  2.72932977E-01  8.73056006E-02  1.24459770E-02  4.55718554E-01  1.13358992E-02  1.30857346E+00 -3.50661120E+00 -3.50661120E+00  0.00000000E+00
     501  2.71592209E-01  8.64724946E-02  1.22164176E-02  4.55413791E-01  1.12447530E-02  1.32105735E+00 -3.50966015E+00 -3.50966015E+00  0.00000000E+00
     511  2.71011580E-01  8.61191553E-02  1.21104517E-02  4.55698460E-01  1.12108799E-02  1.31708278E+00 -3.50849891E+00 -3.50849891E+00  0.00000000E+00
     521  2.70573700E-01  8.57762591E-02  1.19976661E-02  4.56447733E-01  1.11173250E-02  1.30187832E+00 -3.51027197E+00 -3.51027197E+00  0.00000000E+00
     531  2.70524711E-01  8.56298576E-02  1.19123786E-02  4.58464678E-01  1.10112541E-02  1.30402829E+00 -3.50870537E+00 -3.50870537E+00  0.00000000E+00
     541  2.69766082E-01  8.51465468E-02  1.17626692E-02  4.59182735E-01  1.09462898E-02  1.29908290E+00 -3.50740900E+00 -3.50740900E+00  0.00000000E+00
     551  2.69980522E-01  8.53162426E-02  1.18369124E-02  4.57932041E-01  1.09940218E-02  1.28607541E+00 -3.50645978E+00 -3.50645978E+00  0.00000000E+00
     561  2.70244056E-01  8.54740097E-02  1.18874105E-02  4.57627265E-01  1.10076464E-02  1.28760256E+00 -3.50427330E+00 -3.50427330E+00  0.00000000E+00
     571  2.70116535E-01  8.54247716E-02  1.18785088E-02  4.57408464E-01  1.10250475E-02  1.29203730E+00 -3.50398677E+00 -3.50398677E+00  0.00000000E+00
     581  2.70491345E-01  8.55397324E-02  1.18742397E-02  4.59060389E-01  1.09474903E-02  1.31902411E+00 -3.50559959E+00 -3.50559959E+00  0.00000000E+00
     591  2.71194696E-01  8.58669954E-02  1.19092488E-02  4.61593146E-01  1.08999531E-02  1.32494711E+00 -3.50665078E+00 -3.50665078E+00  0.00000000E+00
     601  2.71688954E-01  8.61114007E-02  1.19595682E-02  4.62383068E-01  1.08787917E-02  1.31807958E+00 -3.50594701E+00 -3.50594701E+00  0.00000000E+00
     611  2.71170313E-01  8.58053388E-02  1.19307873E-02  4.59843970E-01  1.08571049E-02  1.33330978E+00 -3.50497384E+00 -3.50497384E+00  0.00000000E+00
     621  2.71672713E-01  8.60913444E-02  1.19477634E-02  4.62663453E-01  1.08688550E-02  1.33803869E+00 -3.50541885E+00 -3.50541885E+00  0.00000000E+00
     631  2.72388707E-01  8.64401124E-02  1.19981369E-02  4.64743547E-01  1.08327794E-02  1.35612454E+00 -3.50747358E+00 -3.50747358E+00  0.00000000E+00
     641  2.72828012E-01  8.66132335E-02  1.20124790E-02  4.66243861E-01  1.07740392E-02  1.35873030E+00 -3.50562350E+00 -3.50562350E+00  0.00000000E+00
     651  2.73419612E-01  8.69501259E-02  1.20792424E-02  4.67428389E-01  1.07861885E-02  1.35742875E+00 -3.50607851E+00 -3.50607851E+00  0.00000000E+00
     661  2.73619237E-01  8.71481987E-02  1.21420602E-02  4.67089474E-01  1.08648119E-02  1.34691983E+00 -3.50587716E+00 -3.50587716E+00  0.00000000E+00
     671  2.75036570E-01  8.79367988E-02  1.23063279E-02  4.69523775E-01  1.08745193E-02  1.35620301E+00 -3.50843961E+00 -3.50843961E+00  0.00000000E+00
     681  2.75320542E-01  8.81864613E-02  1.24239130E-02  4.67483199E-01  1.09571299E-02  1.34551810E+00 -3.50713100E+00 -3.50713100E+00  0.00000000E+00
     691  2.75465297E-01  8.82106963E-02  1.24097304E-02  4.68383329E-01  1.09080339E-02  1.35569250E+00 -3.50668688E+00 -3.50668688E+00  0.00000000E+00
     701  2.76535745E-01  8.88372426E-02  1.25492420E-02  4.69963110E-01  1.09395808E-02  1.36702176E+00 -3.50756518E+00 -3.50756518E+00  0.00000000E+00
     711  2.77421970E-01  8.93223156E-02  1.26164047E-02  4.72898308E-01  1.09343982E-02  1.35649603E+00 -3.50763436E+00 -3.50763436E+00  0.00000000E+00
     721  2.77263375E-01  8.91878923E-02  1.25819092E-02  4.72753759E-01  1.08933010E-02  1.36961109E+00 -3.50860511E+00 -3.50860511E+00  0.00000000E+00
     731  2.77294400E-01  8.92672806E-02  1.26097865E-02  4.72525014E-01  1.09483146E-02  1.36258420E+00 -3.50883564E+00 -3.50883564E+00  0.00000000E+00
     741  2.78200539E-01  8.98296938E-02  1.27485923E-02  4.73375406E-01  1.10005632E-02  1.36181270E+00 -3.50952073E+00 -3.50952073E+00  0.00000000E+00
     751  2.78663988E-01  9.02278169E-02  1.28641117E-02  4.73282618E-01  1.11244615E-02  1.35041235E+00 -3.50961713E+00 -3.50961713E+00  0.00000000E+00
     761  2.80430268E-01  9.14275043E-02  1.32324094E-02  4.72328128E-01  1.13121700E-02  1.36789186E+00 -3.51170772E+00 -3.51170772E+00  0.00000000E+00
     771  2.80290059E-01  9.12624611E-02  1.31803765E-02  4.72500311E-01  1.12357089E-02  1.36501750E+00 -3.51254337E+00 -3.51254337E+00  0.00000000E+00
     781  2.80362314E-01  9.14394731E-02  1.32764825E-02  4.70709202E-01  1.13564731E-02  1.35940814E+00 -3.51410093E+00 -3.51410093E+00  0.00000000E+00
     791  2.79910465E-01  9.12904394E-02  1.32693189E-02  4.69266158E-01  1.14485928E-02  1.35460046E+00 -3.51377751E+00 -3.51377751E+00  0.00000000E+00
