   #Iter             <M>           <M^2>           <M^4>      U_{Binder}            \chi        C_v(tot)             <E>       <E_{exc}>       <E_{lsf}>
       1  1.85796835E-01  3.84842911E-02  2.11883988E-03  5.23119131E-01  2.93193087E-03  8.02795152E-01 -2.48808205E+00 -2.48808205E+00  0.00000000E+00
      11  1.50108439E-01  2.55340089E-02  9.50121136E-04  5.14242276E-01  2.22009902E-03  4.62283139E-01 -2.52184548E+00 -2.52184548E+00  0.00000000E+00
      21  1.37982331E-01  2.24036494E-02  8.26585361E-04  4.51054893E-01  2.48864466E-03  6.23438932E-01 -2.53077021E+00 -2.53077021E+00  0.00000000E+00
      31  1.41274713E-01  2.31080859E-02  8.33659362E-04  4.79597431E-01  2.32962669E-03  7.71160501E-01 -2.48605796E+00 -2.48605796E+00  0.00000000E+00
      41  1.39694885E-01  2.26264879E-02  7.88833239E-04  4.86394518E-01  2.30173041E-03  7.36615022E-01 -2.51040622E+00 -2.51040622E+00  0.00000000E+00
      51  1.43247721E-01  2.36892104E-02  8.39972415E-04  5.01066575E-01  2.34424218E-03  7.04796060E-01 -2.51439671E+00 -2.51439671E+00  0.00000000E+00
      61  1.45772209E-01  2.46770784E-02  9.58285688E-04  4.75450755E-01  2.53525560E-03  8.02157578E-01 -2.52173305E+00 -2.52173305E+00  0.00000000E+00
      71  1.46889033E-01  2.53893663E-02  1.03173078E-03  4.66491415E-01  2.82035219E-03  7.92777501E-01 -2.52587565E+00 -2.52587565E+00  0.00000000E+00
      81  1.45327730E-01  2.49387999E-02  1.02052025E-03  4.53047930E-01  2.82454804E-03  7.66665601E-01 -2.53034924E+00 -2.53034924E+00  0.00000000E+00
      91  1.43045377E-01  2.40779424E-02  9.41397511E-04  4.58731131E-01  2.67462532E-03  7.17905430E-01 -2.53072785E+00 -2.53072785E+00  0.00000000E+00
     101  1.45682528E-01  2.51746749E-02  1.08265555E-03  4.30568730E-01  2.92264704E-03  6.64367725E-01 -2.52839429E+00 -2.52839429E+00  0.00000000E+00
     111  1.46375033E-01  2.53680598E-02  1.09136467E-03  4.34706320E-01  2.91608889E-03  7.15575878E-01 -2.52666558E+00 -2.52666558E+00  0.00000000E+00
     121  1.45762148E-01  2.49810457E-02  1.03937704E-03  4.44824062E-01  2.76226116E-03  6.93115571E-01 -2.53341664E+00 -2.53341664E+00  0.00000000E+00
     131  1.47721744E-01  2.56496836E-02  1.09797622E-03  4.43701799E-01  2.83144109E-03  7.09917135E-01 -2.53574945E+00 -2.53574945E+00  0.00000000E+00
     141  1.48429745E-01  2.60040925E-02  1.14449834E-03  4.35829328E-01  2.93849640E-03  6.86680769E-01 -2.53487018E+00 -2.53487018E+00  0.00000000E+00
     151  1.49345637E-01  2.63354431E-02  1.17945782E-03  4.33134664E-01  2.98185614E-03  7.03906553E-01 -2.53415486E+00 -2.53415486E+00  0.00000000E+00
     161  1.50465069E-01  2.67667731E-02  1.20659269E-03  4.38632324E-01  3.05265197E-03  6.84118558E-01 -2.53927410E+00 -2.53927410E+00  0.00000000E+00
     171  1.51883055E-01  2.71655798E-02  1.22597135E-03  4.46240601E-01  3.03052201E-03  7.02425671E-01 -2.53662184E+00 -2.53662184E+00  0.00000000E+00
     181  1.53001143E-01  2.77031369E-02  1.29716514E-03  4.36600939E-01  3.17599298E-03  6.96607328E-01 -2.53699966E+00 -2.53699966E+00  0.00000000E+00
     191  1.53996193E-01  2.78963923E-02  1.29603463E-03  4.44864163E-01  3.09298523E-03  7.12585046E-01 -2.53547753E+00 -2.53547753E+00  0.00000000E+00
     201  1.53136170E-01  2.75244672E-02  1.25943226E-03  4.45864827E-01  3.01326039E-03  7.31580963E-01 -2.53515461E+00 -2.53515461E+00  0.00000000E+00
     211  1.51805653E-01  2.71054981E-02  1.22648901E-03  4.43548110E-01  3.00346787E-03  7.19186365E-01 -2.53088370E+00 -2.53088370E+00  0.00000000E+00
     221  1.51578206E-01  2.70911712E-02  1.22836245E-03  4.42108538E-01  3.04391095E-03  6.95306194E-01 -2.53353533E+00 -2.53353533E+00  0.00000000E+00
     231  1.50854713E-01  2.67715125E-02  1.19492601E-03  4.44257072E-01  2.96931456E-03  6.82276866E-01 -2.52987805E+00 -2.52987805E+00  0.00000000E+00
     241  1.50766759E-01  2.68508102E-02  1.21082050E-03  4.40186045E-01  3.04759150E-03  6.80360276E-01 -2.53028792E+00 -2.53028792E+00  0.00000000E+00
     251  1.49982420E-01  2.66767079E-02  1.22242291E-03  4.27420546E-01  3.09329345E-03  6.88490081E-01 -2.53140719E+00 -2.53140719E+00  0.00000000E+00
     261  1.51023389E-01  2.69282657E-02  1.23051772E-03  4.34347321E-01  3.04759680E-03  6.76078918E-01 -2.53306812E+00 -2.53306812E+00  0.00000000E+00
     271  1.51338778E-01  2.69907540E-02  1.22490234E-03  4.39532831E-01  3.02328127E-03  6.55322385E-01 -2.53343604E+00 -2.53343604E+00  0.00000000E+00
     281  1.50693993E-01  2.67756554E-02  1.20810097E-03  4.38303450E-01  3.00822719E-03  6.72997201E-01 -2.53528385E+00 -2.53528385E+00  0.00000000E+00
     291  1.50452755E-01  2.66690728E-02  1.19349023E-03  4.40652396E-01  2.98312663E-03  6.62885314E-01 -2.53528234E+00 -2.53528234E+00  0.00000000E+00
     301  1.51865158E-01  2.71281846E-02  1.22864278E-03  4.43502891E-01  3.00688284E-03  6.45850888E-01 -2.53305542E+00 -2.53305542E+00  0.00000000E+00
     311  1.51002508E-01  2.68254221E-02  1.20081979E-03  4.43758416E-01  2.97619110E-03  6.49924793E-01 -2.53119085E+00 -2.53119085E+00  0.00000000E+00
     321  1.50795039E-01  2.67248211E-02  1.18665908E-03  4.46171755E-01  2.94809289E-03  6.52425498E-01 -2.53559430E+00 -2.53559430E+00  0.00000000E+00
     331  1.49547480E-01  2.63436255E-02  1.15830907E-03  4.43644850E-01  2.94328446E-03  6.51168133E-01 -2.53550574E+00 -2.53550574E+00  0.00000000E+00
     341  1.49696120E-01  2.63889214E-02  1.15678086E-03  4.46284654E-01  2.94388830E-03  6.37832938E-01 -2.53601917E+00 -2.53601917E+00  0.00000000E+00
     351  1.49185383E-01  2.61884617E-02  1.13765948E-03  4.47068852E-01  2.90852487E-03  6.41544742E-01 -2.53404109E+00 -2.53404109E+00  0.00000000E+00
     361  1.48466624E-01  2.59567073E-02  1.11924670E-03  4.46260672E-01  2.89534809E-03  6.41500767E-01 -2.53437696E+00 -2.53437696E+00  0.00000000E+00
     371  1.47962710E-01  2.58574285E-02  1.11589021E-03  4.43673757E-01  2.93240260E-03  6.39625104E-01 -2.53210839E+00 -2.53210839E+00  0.00000000E+00
     381  1.47872582E-01  2.58708520E-02  1.12038178E-03  4.42013979E-01  2.96205351E-03  6.45409850E-01 -2.53200855E+00 -2.53200855E+00  0.00000000E+00
     391  1.47606083E-01  2.57897788E-02  1.11323459E-03  4.42082218E-01  2.96033124E-03  6.62034151E-01 -2.53122314E+00 -2.53122314E+00  0.00000000E+00
     401  1.46921619E-01  2.55684560E-02  1.09390040E-03  4.42239800E-01  2.94573819E-03  6.62063750E-01 -2.52970336E+00 -2.52970336E+00  0.00000000E+00
     411  1.46667428E-01  2.54248082E-02  1.07774693E-03  4.44249110E-01  2.89468593E-03  6.65440771E-01 -2.52819008E+00 -2.52819008E+00  0.00000000E+00
     421  1.47582764E-01  2.57032762E-02  1.09563170E-03  4.47202117E-01  2.90143923E-03  6.69236195E-01 -2.52790262E+00 -2.52790262E+00  0.00000000E+00
     431  1.46503601E-01  2.53281183E-02  1.06637376E-03  4.45907408E-01  2.85869300E-03  6.56946626E-01 -2.52715865E+00 -2.52715865E+00  0.00000000E+00
     441  1.46957037E-01  2.54975078E-02  1.08332832E-03  4.44552038E-01  2.88556068E-03  6.63434280E-01 -2.52903488E+00 -2.52903488E+00  0.00000000E+00
     451  1.47340659E-01  2.56272580E-02  1.09404518E-03  4.44722955E-01  2.89802499E-03  6.61876541E-01 -2.52944827E+00 -2.52944827E+00  0.00000000E+00
     461  1.47363961E-01  2.56319670E-02  1.09419937E-03  4.44848732E-01  2.89642876E-03  6.68169377E-01 -2.53004169E+00 -2.53004169E+00  0.00000000E+00
     471  1.46954596E-01  2.54620526E-02  1.07719851E-03  4.46155726E-01  2.85986630E-03  6.72984645E-01 -2.52890065E+00 -2.52890065E+00  0.00000000E+00
     481  1.47449336E-01  2.56549433E-02  1.09638710E-03  4.44734685E-01  2.89480632E-03  6.76991403E-01 -2.52713349E+00 -2.52713349E+00  0.00000000E+00
     491  1.47042681E-01  2.54828224E-02  1.07926615E-03  4.45996836E-01  2.85607410E-03  6.75918753E-01 -2.52387287E+00 -2.52387287E+00  0.00000000E+00
     501  1.47219066E-01  2.55615560E-02  1.08681049E-03  4.45555609E-01  2.87591951E-03  6.74644285E-01 -2.52283517E+00 -2.52283517E+00  0.00000000E+00
     511  1.47557617E-01  2.56397743E-02  1.08689250E-03  4.48891713E-01  2.85995852E-03  6.69604178E-01 -2.52085609E+00 -2.52085609E+00  0.00000000E+00
     521  1.47355978E-01  2.55401210E-02  1.07436005E-03  4.50986915E-01  2.83023308E-03  6.97313139E-01 -2.52308247E+00 -2.52308247E+00  0.00000000E+00
     531  1.47714301E-01  2.56279800E-02  1.07656028E-03  4.53628112E-01  2.81701403E-03  7.01593656E-01 -2.52340602E+00 -2.52340602E+00  0.00000000E+00
     541  1.47692000E-01  2.55966976E-02  1.07017139E-03  4.55542222E-01  2.79874826E-03  6.96392469E-01 -2.52448900E+00 -2.52448900E+00  0.00000000E+00
     551  1.47837135E-01  2.56324454E-02  1.07023473E-03  4.57027665E-01  2.79346417E-03  6.85335093E-01 -2.52448667E+00 -2.52448667E+00  0.00000000E+00
     561  1.47500021E-01  2.55021679E-02  1.05877576E-03  4.57339099E-01  2.77074492E-03  6.91423809E-01 -2.52319086E+00 -2.52319086E+00  0.00000000E+00
     571  1.47322427E-01  2.54584040E-02  1.06039586E-03  4.54638565E-01  2.77710222E-03  6.96360133E-01 -2.52314776E+00 -2.52314776E+00  0.00000000E+00
     581  1.47732266E-01  2.56027349E-02  1.07034029E-03  4.55713079E-01  2.79441504E-03  6.90216436E-01 -2.52441160E+00 -2.52441160E+00  0.00000000E+00
     591  1.48372000E-01  2.58327247E-02  1.09623375E-03  4.52427688E-01  2.82441761E-03  6.85736005E-01 -2.52360151E+00 -2.52360151E+00  0.00000000E+00
     601  1.48275430E-01  2.58077564E-02  1.09874951E-03  4.50108590E-01  2.82713871E-03  6.82418484E-01 -2.52373284E+00 -2.52373284E+00  0.00000000E+00
     611  1.48398237E-01  2.58465869E-02  1.10263214E-03  4.49822292E-01  2.82891161E-03  6.82429730E-01 -2.52293639E+00 -2.52293639E+00  0.00000000E+00
     621  1.48108503E-01  2.57450538E-02  1.09396484E-03  4.49833042E-01  2.81735416E-03  6.93249172E-01 -2.52275053E+00 -2.52275053E+00  0.00000000E+00
     631  1.48085652E-01  2.56946510E-02  1.08488550E-03  4.52256536E-01  2.78507900E-03  6.91841643E-01 -2.52301912E+00 -2.52301912E+00  0.00000000E+00
     641  1.48383168E-01  2.57624989E-02  1.08568234E-03  4.54737606E-01  2.77002199E-03  6.92796897E-01 -2.52242854E+00 -2.52242854E+00  0.00000000E+00
     651  1.48637082E-01  2.58420775E-02  1.09372314E-03  4.54077120E-01  2.77309992E-03  7.04817171E-01 -2.52324790E+00 -2.52324790E+00  0.00000000E+00
     661  1.47962430E-01  2.56287517E-02  1.07676649E-03  4.53556368E-01  2.76331808E-03  7.12918866E-01 -2.52304447E+00 -2.52304447E+00  0.00000000E+00
     671  1.47814499E-01  2.55659794E-02  1.06889337E-03  4.54884841E-01  2.74925130E-03  7.08649010E-01 -2.52324233E+00 -2.52324233E+00  0.00000000E+00
     681  1.47973122E-01  2.56257653E-02  1.07335476E-03  4.55160802E-01  2.75876887E-03  7.16701685E-01 -2.52455193E+00 -2.52455193E+00  0.00000000E+00
     691  1.47923225E-01  2.56172648E-02  1.07361612E-03  4.54666406E-01  2.76340187E-03  7.17316806E-01 -2.52584458E+00 -2.52584458E+00  0.00000000E+00
     701  1.48231111E-01  2.57241995E-02  1.08218290E-03  4.54875532E-01  2.77505397E-03  7.11405427E-01 -2.52579247E+00 -2.52579247E+00  0.00000000E+00
     711  1.48205972E-01  2.57184140E-02  1.08129324E-03  4.55078595E-01  2.77628677E-03  7.04536844E-01 -2.52570790E+00 -2.52570790E+00  0.00000000E+00
     721  1.48364261E-01  2.57588435E-02  1.08152967E-03  4.56669028E-01  2.77146828E-03  6.99141259E-01 -2.52518549E+00 -2.52518549E+00  0.00000000E+00
     731  1.48464869E-01  2.57627909E-02  1.07740878E-03  4.58905104E-01  2.75229884E-03  7.01223184E-01 -2.52534540E+00 -2.52534540E+00  0.00000000E+00
     741  1.48600401E-01  2.58064996E-02  1.07964376E-03  4.59617819E-01  2.75484849E-03  7.02330212E-01 -2.52413589E+00 -2.52413589E+00  0.00000000E+00
     751  1.48893330E-01  2.58876316E-02  1.08365326E-03  4.61005361E-01  2.75040123E-03  6.98152094E-01 -2.52434425E+00 -2.52434425E+00  0.00000000E+00
     761  1.48998092E-01  2.58981168E-02  1.08225072E-03  4.62138747E-01  2.73507340E-03  6.97756777E-01 -2.52416411E+00 -2.52416411E+00  0.00000000E+00
     771  1.49152494E-01  2.59479913E-02  1.08436730E-03  4.63156532E-01  2.73791319E-03  6.95915097E-01 -2.52440215E+00 -2.52440215E+00  0.00000000E+00
     781  1.48993460E-01  2.59269085E-02  1.08600363E-03  4.61471675E-01  2.75739078E-03  6.92081914E-01 -2.52371405E+00 -2.52371405E+00  0.00000000E+00
     791  1.48932979E-01  2.58935885E-02  1.08465388E-03  4.60755857E-01  2.74607286E-03  6.91725929E-01 -2.52505295E+00 -2.52505295E+00  0.00000000E+00
