   #Iter           <M>_x           <M>_y           <M>_z             <M>        M_{stdv}
       0 -1.54308817E-01 -3.61273834E-01  2.85497321E-01  1.24460325E+00  6.22367166E-02
      50 -2.00774968E-01 -4.00123477E-01  2.61570459E-01  1.27998620E+00  3.58186426E-02
     100 -2.79336981E-01 -4.04698607E-01  3.62898574E-01  1.30782661E+00  7.74266467E-02
     150 -3.42396489E-01 -4.05629941E-01  3.78510655E-01  1.28370666E+00  6.74914566E-02
     200 -2.65147453E-01 -2.91088808E-01  2.56996231E-01  1.24315016E+00  5.53056054E-02
     250 -2.50302571E-01 -2.02962791E-01  2.99427354E-01  1.28346652E+00  3.92540201E-02
     300 -1.68439731E-01 -2.08901999E-01  3.97043960E-01  1.29888891E+00  4.30464916E-02
     350 -2.67380771E-01 -2.40526499E-01  4.03552057E-01  1.30554321E+00  4.14770893E-02
     400 -2.96156134E-01 -2.02948339E-01  4.20490623E-01  1.30582272E+00  2.88113086E-02
     450 -3.20879131E-01 -1.88383010E-01  3.17981370E-01  1.31304344E+00  4.39289002E-02
     500 -2.79256251E-01 -1.55358989E-01  3.20872439E-01  1.30984843E+00  7.83064476E-02
     550 -3.16875402E-01 -2.23340195E-01  3.50072863E-01  1.26676091E+00  6.22469714E-02
     600 -3.79875463E-01 -2.15629874E-01  3.39753709E-01  1.32091677E+00  5.61935889E-02
     650 -3.34974413E-01 -2.25648677E-01  3.59124277E-01  1.27096977E+00  5.65116299E-02
     700 -3.54380248E-01 -1.59186762E-01  3.69785844E-01  1.24053555E+00  4.32082968E-02
     750 -3.24166616E-01 -1.75003857E-01  3.30322859E-01  1.22237806E+00  7.21815485E-02
     800 -3.89697719E-01 -2.00714829E-01  3.13637333E-01  1.25254193E+00  4.43773949E-02
     850 -3.76338041E-01 -2.03239762E-01  2.77588353E-01  1.28380598E+00  3.03672676E-02
     900 -3.19930113E-01 -2.53976882E-01  2.80165610E-01  1.27744482E+00  7.13461814E-02
     950 -2.97716222E-01 -2.67445345E-01  3.41222746E-01  1.23133548E+00  7.50296916E-02
    1000 -3.22652096E-01 -2.67675025E-01  3.96315495E-01  1.28292268E+00  5.20757488E-02
    1050 -3.32844154E-01 -3.13193956E-01  3.14901741E-01  1.28081993E+00  6.36606971E-02
    1100 -3.43555749E-01 -3.04248358E-01  2.74756905E-01  1.26181442E+00  4.14650321E-02
    1150 -3.25673780E-01 -3.26722940E-01  2.16788087E-01  1.24688187E+00  6.12825023E-02
    1200 -3.52539705E-01 -3.62131640E-01  9.30276398E-02  1.22552013E+00  4.25224576E-02
    1250 -3.68392619E-01 -3.70068852E-01  3.06481614E-02  1.28274892E+00  3.51656893E-02
    1300 -4.20308931E-01 -4.42154919E-01 -5.84074808E-03  1.26492368E+00  4.53234663E-02
    1350 -4.16382361E-01 -4.74020498E-01 -7.91284959E-02  1.27022113E+00  3.91054142E-02
    1400 -3.66258756E-01 -6.26732679E-01 -6.17632221E-02  1.30849652E+00  2.13409896E-02
    1450 -4.00755834E-01 -5.91818816E-01 -1.50982272E-01  1.26924124E+00  5.06505080E-02
    1500 -3.97820924E-01 -5.93922058E-01 -1.34105430E-01  1.28221125E+00  3.91109913E-02
    1550 -4.49347500E-01 -6.08817687E-01 -1.00610236E-01  1.28406314E+00  3.66477070E-02
    1600 -3.99560643E-01 -5.65542149E-01 -9.21939142E-02  1.28568115E+00  3.19695650E-02
    1650 -3.97485102E-01 -5.21420444E-01 -5.03506143E-02  1.25028249E+00  6.05021657E-02
    1700 -3.85987185E-01 -5.28565993E-01 -1.24326242E-01  1.24558632E+00  5.99130589E-02
    1750 -3.68001524E-01 -6.21139558E-01 -1.62737687E-01  1.31096878E+00  5.13683686E-02
    1800 -4.07958527E-01 -5.27926765E-01 -2.20679025E-02  1.29360447E+00  3.82609850E-02
    1850 -4.74470592E-01 -5.06646813E-01  8.11785977E-02  1.29346665E+00  1.66592469E-02
    1900 -4.57718620E-01 -4.87114692E-01  1.01731395E-01  1.29361601E+00  4.53152490E-02
    1950 -4.86743672E-01 -4.99252022E-01  1.41207024E-01  1.28956960E+00  3.34694891E-02
    2000 -5.53684529E-01 -5.92506672E-01  1.44228799E-01  1.31312410E+00  4.93275278E-02
    2050 -4.75137060E-01 -5.37956432E-01  5.43486314E-02  1.31053401E+00  4.28866336E-02
    2100 -4.35074274E-01 -5.49207997E-01  4.28692938E-03  1.33689357E+00  6.50531757E-02
    2150 -4.45890376E-01 -4.84361826E-01  5.18777441E-02  1.31279076E+00  6.77765758E-02
    2200 -4.82397534E-01 -4.82860070E-01  9.35713516E-02  1.29065376E+00  4.50126982E-02
    2250 -4.20809180E-01 -5.52158844E-01  2.97864129E-02  1.30386947E+00  4.56368411E-02
    2300 -4.44547043E-01 -4.79469945E-01  9.05516557E-02  1.27296179E+00  7.37845392E-02
    2350 -3.92856273E-01 -4.44785089E-01  1.60231666E-01  1.25894938E+00  6.80091873E-02
    2400 -3.66296330E-01 -3.97339479E-01  2.10512588E-01  1.29303334E+00  4.45417312E-02
    2450 -3.99477597E-01 -4.08403821E-01  1.86717241E-01  1.26977777E+00  4.62129357E-02
    2500 -3.01314640E-01 -3.57245532E-01  1.52155617E-01  1.26252871E+00  5.46296342E-02
    2550 -3.26751538E-01 -3.37450150E-01  1.65202184E-01  1.26624572E+00  7.58021145E-02
    2600 -3.16132385E-01 -2.91346083E-01  3.02527233E-01  1.24084675E+00  9.69560485E-02
    2650 -4.63224474E-01 -2.84848676E-01  2.83043084E-01  1.29067403E+00  4.89101544E-02
    2700 -4.73321828E-01 -2.84673929E-01  2.36619263E-01  1.25618252E+00  4.14198833E-02
    2750 -4.76970941E-01 -2.52620836E-01  1.85498037E-01  1.24379334E+00  7.28752001E-02
    2800 -4.69200004E-01 -2.67277019E-01  1.82530869E-01  1.25920530E+00  4.34181747E-02
    2850 -4.87086771E-01 -2.46630663E-01  2.28171812E-01  1.27259661E+00  3.88372480E-02
    2900 -5.18000266E-01 -1.45879481E-01  2.24402413E-01  1.29804810E+00  4.22932988E-02
    2950 -5.46717548E-01 -1.75846758E-01  2.13438840E-01  1.28983128E+00  3.86685355E-02
    3000 -5.30719939E-01 -2.54220322E-01  2.28933676E-01  1.24735859E+00  3.50198968E-02
    3050 -5.40008919E-01 -2.54509679E-01  1.53953327E-01  1.27256300E+00  2.17583607E-02
    3100 -5.26462566E-01 -3.17405616E-01  8.51172360E-02  1.26161487E+00  4.45585589E-02
    3150 -5.29069854E-01 -3.57649539E-01  1.09466357E-01  1.31051119E+00  1.82369373E-02
    3200 -5.16668317E-01 -3.21446788E-01  1.69055066E-01  1.22588736E+00  5.40436778E-02
    3250 -5.77880388E-01 -4.23408272E-01  1.46518853E-01  1.31956193E+00  6.90322614E-02
    3300 -4.77480574E-01 -5.14159600E-01  9.38343001E-02  1.28226736E+00  5.61490317E-02
    3350 -4.90029877E-01 -5.11438348E-01  5.99530515E-02  1.27586440E+00  1.19355828E-01
    3400 -5.01206497E-01 -6.14127321E-01  9.32661591E-02  1.27838212E+00  1.01078998E-01
    3450 -4.10532165E-01 -6.83674953E-01  1.00500198E-01  1.30591968E+00  6.16326513E-02
    3500 -3.65437610E-01 -7.10844673E-01  8.99303100E-02  1.28120669E+00  7.98084119E-02
    3550 -3.72251857E-01 -7.36092915E-01  5.19776287E-02  1.29452770E+00  2.23973266E-02
    3600 -3.79046580E-01 -6.68568064E-01  4.45151097E-02  1.29519484E+00  3.87579787E-02
    3650 -4.02566582E-01 -7.77077702E-01  7.35085971E-02  1.32967365E+00  5.02683002E-02
    3700 -2.90879770E-01 -7.14318840E-01  7.32109564E-02  1.28886997E+00  3.28881295E-02
    3750 -3.39343460E-01 -8.08929798E-01  3.19469011E-02  1.29706878E+00  6.10385669E-02
    3800 -2.84969760E-01 -8.01971559E-01 -6.80463123E-02  1.24940863E+00  8.03294725E-02
    3850 -2.20443235E-01 -7.98180738E-01 -6.38695008E-02  1.27807176E+00  6.62951116E-02
    3900 -1.64731581E-01 -8.14548075E-01 -1.41406461E-01  1.26714293E+00  6.01309489E-02
    3950 -1.96726004E-01 -6.98070479E-01 -1.77946323E-01  1.28229492E+00  2.86525009E-02
    4000 -2.34937106E-01 -6.96656494E-01 -1.12496517E-01  1.31104943E+00  5.52308668E-02
    4050 -2.23706514E-01 -6.48605624E-01 -1.25103315E-01  1.30095417E+00  4.59531923E-02
    4100 -1.76947308E-01 -6.98050026E-01 -1.92099955E-01  1.33133156E+00  4.26303917E-02
    4150 -1.22489628E-01 -7.19516088E-01 -2.27034596E-01  1.26571163E+00  6.44552290E-02
    4200 -1.56399189E-01 -6.71762337E-01 -2.20518477E-01  1.25821156E+00  4.64653286E-02
    4250 -8.18440276E-02 -6.86381556E-01 -2.78916351E-01  1.28006572E+00  3.10013712E-02
    4300 -1.71555755E-01 -6.69675317E-01 -2.72097301E-01  1.25394104E+00  6.61054043E-02
    4350 -1.96914924E-01 -6.49320205E-01 -2.23266904E-01  1.24902268E+00  3.09274858E-02
    4400 -2.36188707E-01 -6.87233862E-01 -2.35655311E-01  1.26245017E+00  4.71003284E-02
    4450 -2.47227274E-01 -6.27383043E-01 -2.61114141E-01  1.25944240E+00  5.23948763E-02
    4500 -2.07996291E-01 -6.44908375E-01 -3.28385247E-01  1.25061449E+00  4.53282393E-02
    4550 -1.91318343E-01 -6.07753789E-01 -3.96157773E-01  1.26607385E+00  7.07354919E-02
    4600 -2.96222715E-01 -5.74048504E-01 -4.00722491E-01  1.30778227E+00  8.81071283E-02
    4650 -2.07610446E-01 -5.11657183E-01 -3.80862879E-01  1.28138160E+00  1.52711401E-02
    4700 -1.41106707E-01 -4.87891076E-01 -4.98146829E-01  1.29597690E+00  4.00846422E-02
    4750 -1.55147058E-01 -4.79017007E-01 -5.08453650E-01  1.29223979E+00  5.14334638E-02
    4800 -1.87076834E-01 -5.47217132E-01 -5.37270049E-01  1.29592952E+00  2.97550455E-02
    4850 -2.12093908E-01 -5.77185004E-01 -4.51100292E-01  1.31832675E+00  2.37331173E-02
    4900 -2.37946786E-01 -5.60561820E-01 -3.45116610E-01  1.25369906E+00  3.82733591E-02
    4950 -2.33818648E-01 -5.87274578E-01 -3.98031850E-01  1.25390394E+00  2.84233839E-02
    5000 -2.87678111E-01 -5.59156847E-01 -4.22162121E-01  1.28885483E+00  4.12834548E-02
    5050 -2.48372175E-01 -6.72896710E-01 -4.16379221E-01  1.28674147E+00  3.01161311E-02
    5100 -2.16898934E-01 -6.96646320E-01 -3.33107510E-01  1.30062015E+00  3.69313983E-02
    5150 -1.47063530E-01 -5.62135463E-01 -3.59969392E-01  1.24406720E+00  2.84386465E-02
    5200 -1.85559324E-01 -5.35463942E-01 -3.73186829E-01  1.29420102E+00  1.35827529E-02
    5250 -8.79130099E-02 -4.88915391E-01 -3.46573094E-01  1.24261510E+00  5.98614379E-02
    5300 -1.43555778E-02 -4.20301815E-01 -4.07606606E-01  1.28781422E+00  5.44013171E-02
    5350 -4.73972920E-02 -3.95983704E-01 -3.30404976E-01  1.25822977E+00  4.62731066E-02
    5400 -3.12412789E-02 -5.12805499E-01 -3.83265082E-01  1.26608383E+00  4.85823233E-02
    5450 -5.77411257E-02 -4.66400343E-01 -3.33314562E-01  1.27362376E+00  3.23058605E-02
    5500 -8.54947492E-03 -3.23722282E-01 -3.28768246E-01  1.21355878E+00  7.99802694E-02
    5550 -7.88536916E-02 -3.79851256E-01 -3.62068791E-01  1.24341597E+00  5.99462110E-02
    5600  1.56762904E-02 -3.90434674E-01 -2.86129321E-01  1.27961316E+00  4.45127199E-02
    5650  4.81742124E-02 -3.82236182E-01 -3.26959702E-01  1.31469089E+00  5.34385010E-02
    5700  4.05445953E-02 -3.76319210E-01 -3.11570201E-01  1.28803894E+00  2.82910009E-02
    5750  1.75726186E-01 -3.18465116E-01 -4.51978324E-01  1.30811838E+00  3.22507932E-02
    5800  1.33279828E-01 -3.43754966E-01 -4.32435099E-01  1.24832344E+00  3.13000512E-02
    5850  1.31390939E-01 -3.19068012E-01 -3.51778555E-01  1.24770226E+00  2.27425796E-02
    5900  4.87356635E-02 -3.56923517E-01 -3.13912312E-01  1.26485933E+00  7.15496706E-02
    5950  7.38077613E-02 -3.17790132E-01 -3.83792691E-01  1.26577942E+00  3.93579198E-02
    6000  7.19724099E-02 -3.45399813E-01 -4.00691696E-01  1.19554027E+00  2.67070372E-02
    6050  1.30967401E-02 -3.03059439E-01 -4.41661651E-01  1.26174658E+00  3.75554893E-02
    6100 -2.24695099E-02 -3.89786643E-01 -3.30028381E-01  1.29055692E+00  4.73903232E-02
    6150 -5.31435636E-03 -4.25090691E-01 -2.87310763E-01  1.27531050E+00  8.81596162E-02
    6200  3.49684191E-03 -3.95817284E-01 -2.89144018E-01  1.30155940E+00  3.54578440E-02
    6250  1.19480571E-02 -4.45516320E-01 -3.69753109E-01  1.29333433E+00  4.37798627E-02
    6300 -2.27130075E-02 -4.92358987E-01 -4.56848407E-01  1.26494093E+00  2.86901566E-02
    6350 -6.62212287E-02 -5.70728354E-01 -4.93172573E-01  1.28753754E+00  5.98812386E-02
    6400 -1.05228099E-01 -5.28555701E-01 -4.75320452E-01  1.30148938E+00  7.52493160E-02
    6450 -9.50089471E-02 -6.30288366E-01 -5.69006864E-01  1.30268168E+00  3.31376094E-02
    6500 -6.42037458E-02 -6.99245761E-01 -4.67518538E-01  1.30418274E+00  2.93102705E-02
    6550 -1.15315551E-01 -7.04578949E-01 -5.05469832E-01  1.30913383E+00  2.15110373E-02
    6600 -3.09471209E-02 -6.49656593E-01 -4.84322184E-01  1.29894451E+00  2.58014978E-02
    6650  2.56548559E-02 -6.48326784E-01 -4.69448238E-01  1.25809456E+00  3.11614565E-02
    6700  6.96560150E-02 -6.66143056E-01 -4.66049515E-01  1.29852782E+00  4.96008645E-02
    6750  5.41134201E-03 -6.25164473E-01 -5.05326171E-01  1.28563316E+00  3.14604098E-02
    6800  1.05296538E-01 -6.93013455E-01 -5.54458506E-01  1.35537555E+00  3.35611652E-02
    6850  1.56092108E-01 -5.94747496E-01 -4.83877170E-01  1.31984828E+00  4.49463316E-02
    6900  1.12696581E-01 -6.46554782E-01 -6.08351145E-01  1.29764764E+00  3.09664947E-02
    6950  1.27344764E-01 -5.92435459E-01 -6.32988982E-01  1.28335239E+00  1.98182150E-02
    7000  1.44603175E-01 -5.42236636E-01 -5.88566252E-01  1.30907419E+00  2.30704674E-02
    7050  1.23373386E-01 -5.33101069E-01 -6.00896813E-01  1.29228980E+00  3.57761054E-02
    7100  1.97641539E-01 -5.84742241E-01 -4.31277486E-01  1.27423240E+00  2.89434973E-02
    7150  2.06721232E-01 -5.78859550E-01 -4.26462226E-01  1.27233358E+00  4.85686789E-02
    7200  2.93434882E-01 -5.96360136E-01 -5.55423135E-01  1.25201763E+00  6.57486916E-02
    7250  2.50832399E-01 -6.25945308E-01 -5.93972155E-01  1.26171530E+00  6.25585226E-02
    7300  1.60437908E-01 -6.05954779E-01 -5.67731461E-01  1.25683925E+00  3.36075628E-02
    7350  1.82992833E-01 -6.23700037E-01 -5.18127311E-01  1.27987294E+00  5.06431965E-02
    7400  2.50997142E-01 -5.56804503E-01 -4.73071876E-01  1.25231390E+00  3.19115639E-02
    7450  1.49292991E-01 -6.43027994E-01 -4.43664733E-01  1.29313785E+00  5.68000654E-02
    7500  4.19649860E-02 -6.49548662E-01 -4.76810021E-01  1.30515332E+00  5.40089615E-02
    7550  6.64042504E-02 -6.18993260E-01 -4.44269035E-01  1.31112793E+00  3.99030953E-02
    7600  4.98675358E-02 -5.92976275E-01 -3.42090011E-01  1.26961436E+00  3.12634244E-02
    7650  2.05246005E-02 -6.33284046E-01 -3.13148241E-01  1.29919554E+00  3.09667010E-02
    7700 -2.87979158E-02 -6.07217269E-01 -2.63543531E-01  1.25447364E+00  2.36998111E-02
    7750  3.62399603E-02 -6.13688118E-01 -3.16873362E-01  1.27769192E+00  6.14458564E-02
    7800  3.14440124E-02 -6.32126054E-01 -2.72001821E-01  1.26832844E+00  4.05006356E-02
    7850 -1.27964527E-01 -7.43326427E-01 -2.89784998E-01  1.27913683E+00  2.54490190E-02
    7900 -1.58651238E-01 -7.05086638E-01 -2.94154018E-01  1.24814910E+00  5.17001775E-02
    7950 -5.01164077E-02 -7.49281376E-01 -2.42798979E-01  1.29597747E+00  3.07867063E-02
    8000 -1.04365351E-01 -7.46733439E-01 -1.74660180E-01  1.28402679E+00  6.07848366E-02
    8050 -1.14420164E-01 -6.85262551E-01 -9.01375835E-02  1.24641031E+00  3.80410560E-02
    8100 -1.08362052E-01 -6.72171860E-01 -7.41390617E-02  1.25567255E+00  3.93401668E-02
    8150 -3.83313405E-02 -6.08439513E-01 -8.02745485E-02  1.26525324E+00  5.17852722E-02
    8200  3.62874893E-03 -6.26571986E-01 -5.54720041E-02  1.30050304E+00  3.17510660E-02
    8250 -1.93967696E-02 -6.76807630E-01 -5.58473225E-02  1.27843892E+00  6.26428049E-02
    8300  6.36791138E-02 -6.31054779E-01 -1.61868716E-01  1.24033305E+00  3.61958678E-02
    8350  1.22046843E-01 -6.85618908E-01 -2.47131855E-01  1.28334569E+00  4.59996850E-02
    8400  1.07491732E-01 -6.96045498E-01 -2.45161608E-01  1.27610198E+00  4.41477642E-02
    8450  1.53520361E-01 -7.04583612E-01 -2.65655276E-01  1.28700932E+00  3.31075401E-02
    8500  6.84997026E-02 -7.05843725E-01 -2.47948027E-01  1.25142381E+00  3.36936681E-02
    8550  1.03001056E-01 -7.21898256E-01 -2.14935068E-01  1.27302728E+00  5.98420731E-02
    8600  1.38275386E-01 -6.71056626E-01 -1.53514983E-01  1.26695112E+00  4.82226912E-02
    8650  1.95125785E-01 -6.60924301E-01 -7.83919670E-02  1.27941618E+00  4.04876942E-02
    8700  1.19382686E-01 -7.10675063E-01 -5.14317671E-02  1.25792975E+00  3.11031187E-02
    8750  9.02407653E-02 -6.43989302E-01 -1.00358763E-01  1.24399396E+00  3.71787257E-02
    8800  9.75435437E-02 -5.63694133E-01 -6.27112263E-02  1.26229147E+00  4.98724369E-02
    8850  2.26397524E-01 -5.73061766E-01  5.42746706E-03  1.25873853E+00  3.47042657E-02
    8900  2.42428370E-01 -5.17424226E-01 -1.69047651E-02  1.26703335E+00  3.33669624E-02
    8950  2.14303012E-01 -6.15918848E-01  1.28872115E-01  1.26639798E+00  4.17750520E-02
    9000  2.08910907E-01 -5.94111725E-01  5.89739397E-02  1.28523667E+00  5.43270676E-02
    9050  2.15763205E-01 -6.97028412E-01  6.24996863E-02  1.28982120E+00  2.05526421E-02
    9100  2.24240339E-01 -6.85811759E-01  9.75879321E-02  1.32763962E+00  2.64596113E-02
    9150  1.80465375E-01 -6.36240369E-01  1.53495182E-01  1.27328860E+00  2.24095599E-02
    9200  2.23203433E-01 -7.03983302E-01  4.83395067E-02  1.30192870E+00  3.28818246E-02
    9250  1.45851199E-01 -8.36577728E-01  1.22516185E-01  1.33789873E+00  4.76751421E-02
    9300  9.69614787E-02 -7.36610681E-01  1.25456427E-01  1.26242464E+00  5.10825164E-02
    9350  7.75857007E-02 -6.13192732E-01  1.74003627E-01  1.24471473E+00  5.27048205E-02
    9400  1.30634284E-01 -6.18507520E-01  1.72164834E-01  1.28836735E+00  3.52146987E-02
    9450  6.04313327E-02 -6.57365733E-01  8.24860990E-02  1.28235864E+00  2.76689426E-02
    9500  1.27057904E-01 -6.84019026E-01  8.86798903E-02  1.33265720E+00  3.15992945E-02
    9550  8.99029053E-02 -6.09357338E-01  1.53534164E-01  1.27851617E+00  1.31887060E-02
    9600  2.06742681E-01 -5.24383586E-01  1.44558342E-01  1.30357348E+00  4.14257132E-02
    9650  2.01986473E-01 -5.38023232E-01  1.67956586E-01  1.29780541E+00  3.01395195E-02
    9700  1.94473364E-01 -5.24284380E-01  7.95997201E-02  1.25842186E+00  2.29857279E-02
    9750  2.01003252E-01 -4.97518218E-01  1.14670955E-01  1.28251946E+00  3.90835399E-02
    9800  1.73613422E-01 -5.68882205E-01  8.85629620E-02  1.22366964E+00  4.03243604E-02
    9850  4.48802066E-02 -4.85326010E-01  4.63111536E-02  1.24143075E+00  6.80611600E-02
    9900  7.83073533E-02 -4.80144145E-01  1.00441865E-01  1.30479442E+00  4.09444130E-02
    9950 -1.56102529E-02 -4.43530425E-01 -1.94824539E-02  1.27865537E+00  5.12871756E-02
   10000 -1.99445688E-02 -4.73788031E-01  2.93820901E-02  1.31199010E+00  6.49596394E-02
   10050 -3.77941447E-02 -4.65544936E-01  4.87948956E-02  1.26983733E+00  5.16849680E-02
   10100 -2.80782532E-02 -5.52821732E-01  1.16648230E-01  1.32444028E+00  3.37270404E-02
   10150 -2.43258600E-02 -4.51478040E-01  1.02514396E-01  1.27738981E+00  3.38030342E-02
   10200 -4.27819592E-04 -3.87232024E-01  6.86735231E-02  1.29438181E+00  6.29912199E-02
   10250 -4.11475280E-02 -3.80869988E-01  1.56047468E-01  1.29288581E+00  3.31102596E-02
   10300 -4.22519151E-02 -3.92064836E-01  1.09541225E-01  1.29580483E+00  1.77165591E-02
   10350 -1.34048866E-02 -3.90028294E-01  1.83001018E-01  1.25697638E+00  2.71295447E-02
   10400 -2.89463129E-02 -4.16797860E-01  2.22453019E-01  1.26752509E+00  3.25725916E-02
   10450  4.53840232E-03 -5.03176680E-01  1.96674912E-01  1.32843442E+00  3.19924431E-02
   10500  6.82361510E-03 -3.99786404E-01  2.30144593E-01  1.33607762E+00  3.49370136E-02
   10550 -6.97095582E-03 -4.97217335E-01  1.89111634E-01  1.29980253E+00  3.78246889E-02
   10600  2.60357942E-02 -4.23821298E-01  2.62100458E-01  1.28219184E+00  5.10304560E-02
   10650  4.53059226E-02 -4.94936466E-01  2.08114270E-01  1.30948290E+00  6.38084393E-02
   10700  1.17788075E-01 -4.45625892E-01  1.58571582E-01  1.25647347E+00  2.97224030E-02
   10750  1.59352553E-01 -3.98082168E-01  2.00358032E-01  1.27761327E+00  3.46849417E-02
   10800  1.58710614E-01 -3.38161872E-01  2.32497748E-01  1.29385624E+00  5.64749294E-02
   10850  1.77110101E-01 -3.94543698E-01  2.11906058E-01  1.29903130E+00  2.38333602E-02
   10900  2.10290904E-01 -4.00774611E-01  2.57424610E-01  1.32235784E+00  2.95294659E-02
   10950  2.05713996E-01 -3.87939980E-01  1.57633987E-01  1.28550077E+00  4.93638122E-02
   11000  1.97750701E-01 -4.04079224E-01  2.75881105E-01  1.30344415E+00  5.77157253E-02
   11050  1.57380212E-01 -3.93886296E-01  2.91825585E-01  1.26983108E+00  4.76524580E-02
   11100  1.54541890E-01 -4.17364843E-01  1.77590745E-01  1.26056488E+00  1.92434908E-02
   11150  1.07930148E-01 -3.89995227E-01  1.81943992E-01  1.27464554E+00  4.01752366E-02
   11200  1.31284143E-01 -3.38279551E-01  1.44267474E-01  1.29268001E+00  4.50456175E-02
   11250  1.09967831E-01 -3.10103505E-01  2.14389889E-01  1.33394862E+00  3.07423893E-02
   11300  1.73761990E-01 -3.45522211E-01  1.87020384E-01  1.30374690E+00  3.15152237E-02
   11350  2.26463918E-01 -3.31379246E-01  2.06907679E-01  1.28181482E+00  3.42480627E-02
   11400  2.85101804E-01 -2.81967998E-01  1.36330938E-01  1.27253183E+00  8.33071460E-02
   11450  2.73206202E-01 -3.93396274E-01  1.17401104E-01  1.29963165E+00  3.16925200E-02
   11500  2.48878544E-01 -4.29518950E-01  1.03346117E-01  1.30769450E+00  3.47801363E-02
   11550  2.47949028E-01 -3.50407231E-01  1.21044529E-01  1.25082335E+00  1.97054228E-02
   11600  2.98546955E-01 -3.71417597E-01  9.70940950E-02  1.29894339E+00  4.64843752E-02
   11650  2.24131944E-01 -3.65151327E-01  1.40627374E-01  1.28098991E+00  4.74218426E-02
   11700  2.27114012E-01 -3.54186892E-01  1.44139568E-01  1.31109901E+00  3.25677091E-02
   11750  2.68666646E-01 -3.06862719E-01  2.05264401E-01  1.33137075E+00  4.76029716E-02
   11800  3.15746664E-01 -2.19761695E-01  1.98356671E-01  1.31120319E+00  2.71360581E-02
   11850  3.66152546E-01 -2.07199736E-01  2.72253333E-01  1.30187856E+00  3.57601124E-02
   11900  3.69362135E-01 -2.44258021E-01  2.78239847E-01  1.31958008E+00  2.63421391E-02
   11950  4.74170402E-01 -1.77497164E-01  2.39051105E-01  1.26873295E+00  5.74631441E-02
   12000  4.92348762E-01 -2.62766042E-01  2.35834989E-01  1.31980832E+00  4.12302271E-02
   12050  4.54042667E-01 -1.87540419E-01  1.97208720E-01  1.31453871E+00  4.40502208E-02
   12100  3.68231903E-01 -1.04462990E-01  1.14769132E-01  1.22923593E+00  6.37974613E-02
   12150  3.97936290E-01 -1.45843110E-01  2.21188924E-02  1.26163857E+00  3.09192841E-02
   12200  3.89216678E-01 -1.38996353E-01 -1.43721808E-02  1.28420485E+00  2.25720526E-02
   12250  3.86704705E-01 -1.74899592E-01  3.86831952E-03  1.31496623E+00  2.16584158E-02
   12300  4.70577793E-01 -1.84858048E-01  6.40151205E-02  1.27214318E+00  3.57764811E-02
   12350  5.19159781E-01 -1.17835944E-01  9.03340758E-02  1.28264130E+00  3.91469544E-02
   12400  5.74898014E-01 -1.42977437E-01  1.25415539E-01  1.27761058E+00  5.21837882E-02
   12450  5.69399952E-01 -1.38957760E-01  1.24319147E-01  1.26228086E+00  4.74474640E-02
   12500  5.55223683E-01 -9.22592559E-02  1.21917840E-01  1.25990536E+00  2.73096729E-02
   12550  5.29660430E-01 -1.06832549E-01  1.25866834E-01  1.26779911E+00  3.98548624E-02
   12600  5.51654502E-01 -6.36341950E-02  3.80094831E-02  1.24541018E+00  3.09773115E-02
   12650  4.42921696E-01 -1.21780905E-01  3.63548968E-02  1.28563370E+00  3.53395953E-02
   12700  4.28093670E-01 -1.71812539E-01  2.74100679E-02  1.28022311E+00  2.56972147E-02
   12750  3.48171491E-01 -3.14500789E-02 -5.51362327E-02  1.32630633E+00  4.74115561E-02
   12800  3.74555368E-01 -4.69259184E-02 -4.27899476E-02  1.27301780E+00  3.81469295E-02
   12850  3.49624528E-01 -9.73264998E-02  1.01910287E-02  1.24063924E+00  5.96172747E-02
   12900  3.33271394E-01 -1.05100639E-01 -4.14463058E-02  1.24077072E+00  4.78033184E-02
   12950  3.30413925E-01 -6.82673714E-02 -6.10793336E-02  1.26049900E+00  5.00365128E-02
   13000  3.53215389E-01 -1.26942322E-01  4.14686912E-02  1.24056476E+00  3.11385932E-02
   13050  2.89299662E-01 -1.88267502E-01  4.33669773E-02  1.25161613E+00  4.42418890E-02
   13100  2.96284765E-01 -1.61614654E-01  3.72285718E-02  1.25866278E+00  4.98058919E-02
   13150  3.14465222E-01 -1.66969024E-01  1.06689669E-01  1.27870343E+00  3.01815728E-02
   13200  3.46427380E-01 -1.68743774E-01  1.17505171E-01  1.26516808E+00  6.37902733E-02
   13250  2.81649340E-01 -1.06610628E-01  1.36342680E-01  1.26496513E+00  6.79326655E-02
   13300  3.40415549E-01 -1.00052513E-01  1.51741903E-01  1.29976513E+00  3.17581013E-02
   13350  1.91135369E-01 -7.18753125E-02  1.94179733E-01  1.26809981E+00  4.04974783E-02
   13400  1.72978249E-01 -1.62257975E-02  1.32334414E-01  1.31731043E+00  2.58508259E-02
   13450  2.00640568E-01  9.17572289E-02  2.76248169E-01  1.29487877E+00  2.43979213E-02
   13500  2.29970067E-01  3.38393850E-02  1.92927869E-01  1.30568142E+00  4.73479438E-02
   13550  3.28103487E-01  1.10810730E-01  1.49558268E-01  1.29540972E+00  4.43318289E-02
   13600  3.70023847E-01  1.33991137E-01  6.54683214E-02  1.26625597E+00  5.24710616E-02
   13650  3.10920313E-01  1.18243669E-01  6.23420169E-03  1.24841286E+00  5.48813163E-02
   13700  3.38105386E-01  1.54895140E-01  2.89042125E-02  1.27232126E+00  3.69208016E-02
   13750  4.02888211E-01  1.39752884E-01  2.57601012E-02  1.32343726E+00  4.03279768E-02
   13800  3.59976685E-01  2.09990440E-01  1.29870984E-01  1.27238966E+00  5.44530745E-02
   13850  2.91894774E-01  1.46816764E-01  7.24790886E-02  1.31866947E+00  1.85126858E-02
   13900  3.06497977E-01  1.95229690E-01 -8.50973600E-03  1.27295444E+00  4.29998654E-02
   13950  3.09275389E-01  2.58082661E-01  5.22661885E-02  1.28761758E+00  5.70575790E-02
   14000  2.67708268E-01  2.11986022E-01  1.00398145E-01  1.29399189E+00  3.19343522E-02
   14050  3.56589039E-01  2.85123813E-01  1.37475867E-01  1.30848457E+00  3.76429906E-02
   14100  2.70785834E-01  2.50752594E-01  1.65177483E-01  1.30380426E+00  5.20874422E-02
   14150  2.93969604E-01  2.68051452E-01  1.83147634E-01  1.31860114E+00  4.12178206E-02
   14200  3.92203809E-01  2.99573992E-01  2.40242445E-01  1.32163083E+00  3.00567291E-02
   14250  2.67764572E-01  3.00775303E-01  2.85024403E-01  1.31042594E+00  4.49724112E-02
   14300  2.26160567E-01  2.76462748E-01  2.53976364E-01  1.26470706E+00  5.35280871E-02
   14350  2.54592951E-01  2.92286241E-01  8.38318574E-02  1.28429093E+00  2.67076315E-02
   14400  2.83920004E-01  3.42735636E-01  7.16898225E-02  1.26778552E+00  1.36403347E-02
   14450  2.91270564E-01  3.86861626E-01  8.34015279E-02  1.31821133E+00  4.85870067E-02
   14500  3.21477713E-01  3.41099216E-01  1.24038751E-01  1.28350904E+00  4.59194973E-02
   14550  3.28488321E-01  3.87195557E-01  5.16191594E-02  1.25240275E+00  6.06401467E-02
   14600  2.92356883E-01  4.02249505E-01  3.51213906E-03  1.31167336E+00  5.98207326E-02
   14650  3.03309907E-01  3.63405020E-01  8.04366025E-02  1.32162056E+00  1.77122560E-02
   14700  3.47637809E-01  2.53073625E-01  4.40957704E-02  1.27879187E+00  9.45750510E-02
   14750  3.98370534E-01  3.48994569E-01  7.56604281E-02  1.31018407E+00  4.53707017E-02
   14800  4.36989813E-01  3.33859389E-01  1.08503037E-01  1.25821538E+00  2.95530963E-02
   14850  4.46662961E-01  3.38665151E-01  1.28391082E-01  1.21922469E+00  4.32350805E-02
   14900  4.30773030E-01  3.17647964E-01  1.39814704E-01  1.25174689E+00  6.14017468E-02
   14950  4.42283385E-01  3.06994848E-01  1.51748498E-01  1.27141641E+00  3.77863203E-02
   15000  4.38936212E-01  2.83740597E-01  1.64084391E-01  1.26961623E+00  2.84608385E-02
   15050  5.14845506E-01  2.54454404E-01  2.55744211E-01  1.30422806E+00  2.73662372E-02
   15100  4.84386816E-01  2.40333612E-01  2.19289203E-01  1.26191421E+00  2.93883859E-02
   15150  4.70309473E-01  2.41018207E-01  1.48422371E-01  1.28632866E+00  4.87519631E-02
   15200  4.41044439E-01  1.89497724E-01  1.61567095E-01  1.28952448E+00  4.32654321E-02
   15250  4.54149322E-01  1.72686319E-01  1.32482056E-01  1.27644955E+00  5.94466578E-02
   15300  4.94873795E-01  6.08270366E-02  1.18303182E-01  1.27298675E+00  6.18348748E-02
   15350  5.01127980E-01  5.26407711E-02  2.04281477E-01  1.24884569E+00  4.06371984E-02
   15400  4.77936811E-01  7.71569709E-02  1.48895166E-01  1.27507735E+00  4.70880416E-02
   15450  4.69964486E-01 -1.80313184E-03  6.88950078E-02  1.23685923E+00  5.97101146E-02
   15500  4.03144528E-01 -1.91029899E-02  4.14891013E-02  1.26406041E+00  3.97005848E-02
   15550  4.55564960E-01 -7.62063864E-04 -9.68761542E-02  1.30551779E+00  6.38315989E-02
   15600  4.57479304E-01  4.79776444E-02 -9.24584891E-02  1.29759868E+00  7.19775732E-02
   15650  4.23272773E-01  2.60510039E-02 -5.61031604E-02  1.29441100E+00  3.88862347E-02
   15700  4.36697886E-01 -4.02420360E-02 -9.77378748E-02  1.28929173E+00  4.97995721E-02
   15750  3.54666863E-01 -1.33165295E-02 -3.32394385E-02  1.27145152E+00  4.72479954E-02
   15800  4.07337735E-01 -3.93341878E-02  3.65624745E-02  1.25331463E+00  1.68441749E-02
   15850  3.84464947E-01 -6.84214064E-02  1.00763335E-02  1.23899490E+00  5.40987490E-02
   15900  3.93524295E-01 -8.46807345E-02 -5.68056774E-02  1.28993529E+00  5.79730887E-02
   15950  3.56795778E-01 -1.33216410E-01 -1.29155357E-01  1.29457867E+00  4.34390958E-02
   16000  3.42180047E-01 -8.64105827E-02 -1.22475931E-01  1.27072893E+00  7.68017802E-02
   16050  3.52744207E-01 -1.04149802E-01 -1.00335040E-01  1.28999430E+00  3.88829351E-02
   16100  3.25453380E-01 -1.45153638E-01 -1.28585418E-01  1.28143264E+00  6.16826088E-02
   16150  3.23518291E-01 -1.12330767E-01 -1.56786749E-01  1.25436194E+00  6.62985567E-02
   16200  3.75657122E-01 -1.43764115E-01 -1.16251331E-01  1.27213992E+00  4.62011928E-02
   16250  3.54687137E-01 -1.78578266E-01 -1.56750003E-01  1.30947396E+00  3.73255616E-02
   16300  3.68674519E-01 -8.25863709E-02 -1.20170626E-01  1.28523201E+00  3.75281087E-02
   16350  4.15952512E-01 -6.63199801E-02 -1.85736107E-01  1.30031890E+00  5.35368372E-02
   16400  3.31464384E-01 -1.04987684E-01 -1.49781033E-01  1.26657603E+00  5.64925692E-02
   16450  3.33269113E-01 -1.28116227E-01 -9.18446425E-02  1.28791317E+00  4.02229190E-02
   16500  3.08003229E-01 -9.83371973E-02 -1.04894748E-01  1.27651578E+00  2.75299041E-02
   16550  2.87111821E-01 -1.72532021E-01 -1.03351064E-01  1.31573833E+00  4.61944577E-02
   16600  2.47402169E-01 -1.85887508E-01 -9.52484835E-02  1.27961606E+00  5.31125836E-02
   16650  2.00910981E-01 -2.27439109E-01 -6.11580202E-02  1.29128305E+00  3.11376334E-02
   16700  2.35237172E-01 -2.98388541E-01 -1.86560395E-02  1.29926167E+00  3.59116134E-02
   16750  3.09384877E-01 -3.20905678E-01  3.14828470E-02  1.27175401E+00  7.17898907E-02
   16800  3.07770150E-01 -3.00417897E-01  6.31450166E-02  1.28941675E+00  2.75299141E-02
   16850  3.74536772E-01 -2.71892343E-01  8.67063013E-02  1.29229383E+00  4.22860913E-02
   16900  3.69510729E-01 -2.87870686E-01  3.96803584E-02  1.28258274E+00  4.40148754E-02
   16950  4.14814595E-01 -3.10482108E-01  6.39461324E-02  1.28317903E+00  7.26470339E-02
   17000  4.23623908E-01 -3.34110134E-01  9.40115064E-02  1.24007164E+00  4.97890191E-02
   17050  3.96303025E-01 -3.46794051E-01  1.10074310E-01  1.27578373E+00  2.74405600E-02
   17100  4.45550445E-01 -4.07501528E-01  1.79874432E-01  1.30781328E+00  3.49279281E-02
   17150  4.44625796E-01 -3.41791548E-01  1.92494197E-01  1.30154407E+00  2.48259796E-02
   17200  5.66046267E-01 -3.39423881E-01  1.98169033E-01  1.30875079E+00  5.82716244E-02
   17250  6.17477250E-01 -3.02142128E-01  1.89455338E-01  1.30583870E+00  4.01562276E-02
   17300  5.67649782E-01 -2.62326724E-01  2.24662997E-01  1.26945991E+00  5.06993120E-02
   17350  5.67935334E-01 -4.00497795E-01  2.98923765E-01  1.30908842E+00  5.16482958E-02
   17400  5.41366914E-01 -3.83004678E-01  1.96761808E-01  1.30311191E+00  2.99053595E-02
   17450  5.25914454E-01 -3.70323287E-01  1.80744596E-01  1.25956198E+00  4.01319096E-02
   17500  5.85692389E-01 -3.60402091E-01  2.18306896E-01  1.29734959E+00  4.58707725E-02
   17550  5.75849622E-01 -4.00400185E-01  2.38059455E-01  1.25581875E+00  2.95516840E-02
   17600  5.14714910E-01 -4.57502222E-01  1.95917699E-01  1.24672728E+00  4.13163418E-02
   17650  5.32336170E-01 -5.13391919E-01  2.05153804E-01  1.26147222E+00  5.21348115E-02
   17700  4.67436019E-01 -5.29151468E-01  1.24802856E-01  1.27062102E+00  3.80311652E-02
   17750  4.87277031E-01 -5.52884194E-01  8.92530488E-02  1.28466159E+00  3.44595924E-02
   17800  4.15696898E-01 -5.88143631E-01  2.10298854E-02  1.27261065E+00  6.66329743E-02
   17850  4.16799415E-01 -6.50931702E-01  3.57058028E-02  1.27354355E+00  4.94342219E-02
   17900  4.30405873E-01 -6.07231250E-01 -1.58661948E-01  1.26331548E+00  9.97762715E-02
   17950  4.50476227E-01 -4.97102495E-01 -8.75214338E-02  1.21908162E+00  4.86253126E-02
   18000  4.67562806E-01 -5.28776328E-01 -7.17024930E-02  1.28303764E+00  1.47375145E-02
   18050  4.66324033E-01 -6.22105518E-01 -8.11044444E-02  1.28649964E+00  7.98313271E-02
   18100  4.32592589E-01 -6.90933685E-01  3.41288882E-03  1.30617397E+00  1.95770137E-02
   18150  4.94370219E-01 -6.56906944E-01  4.13277932E-02  1.28495598E+00  2.97144853E-02
   18200  5.57848064E-01 -6.12453105E-01  1.14476560E-01  1.28961282E+00  2.71955298E-02
   18250  5.64246810E-01 -6.13067820E-01  1.70418281E-01  1.32961768E+00  5.75300842E-02
   18300  5.91262194E-01 -5.72620374E-01  2.19833623E-01  1.28643623E+00  2.12779560E-02
   18350  6.72422790E-01 -5.12289565E-01  1.55740355E-01  1.29142146E+00  4.16970399E-02
   18400  6.54948147E-01 -5.72564123E-01  1.45482833E-01  1.28678016E+00  2.79802043E-02
   18450  6.00511654E-01 -5.04223506E-01  2.18977102E-01  1.24158087E+00  6.82018296E-02
   18500  5.98369764E-01 -5.98597712E-01  1.74515272E-01  1.28733016E+00  3.29251699E-02
   18550  6.07349452E-01 -5.47786847E-01  2.13893746E-01  1.30946461E+00  3.17197724E-02
   18600  5.65697480E-01 -5.44818667E-01  2.39888100E-01  1.29166874E+00  5.47276384E-02
   18650  6.13697327E-01 -4.90265955E-01  2.11210212E-01  1.29056340E+00  6.59866996E-02
   18700  5.63146866E-01 -5.17880993E-01  1.72187746E-01  1.28511351E+00  2.12225350E-02
   18750  6.06499310E-01 -4.91593834E-01  1.57153428E-01  1.31226244E+00  3.80481665E-02
   18800  6.33929794E-01 -4.29694209E-01  1.43126263E-01  1.29419302E+00  3.89082035E-02
   18850  6.10945010E-01 -4.43170765E-01  1.16450699E-01  1.29540564E+00  7.64077383E-02
   18900  6.43533547E-01 -3.46791229E-01  6.07066107E-02  1.30761023E+00  4.99111988E-02
   18950  6.43356958E-01 -3.27110982E-01 -7.38172390E-02  1.32827197E+00  1.78520232E-02
   19000  6.65309830E-01 -3.42499018E-01 -1.30690591E-02  1.25697004E+00  5.56135986E-02
   19050  7.06634930E-01 -2.74250323E-01  1.97986794E-02  1.31540017E+00  6.36219314E-02
   19100  6.71240043E-01 -2.81091503E-01  3.38362947E-02  1.25545716E+00  7.17479086E-02
   19150  6.68123759E-01 -3.14613439E-01  4.36311815E-02  1.25248669E+00  3.97605985E-02
   19200  6.34110497E-01 -3.58761377E-01  6.12616465E-02  1.28302743E+00  4.31828038E-02
   19250  6.13721893E-01 -3.67673290E-01  7.89403626E-02  1.30836828E+00  1.96425543E-02
   19300  6.61135543E-01 -2.97551857E-01  4.47518056E-03  1.29229023E+00  2.25019206E-02
   19350  6.53020210E-01 -2.32023506E-01 -1.08904841E-01  1.29516181E+00  3.36526156E-02
   19400  5.80291373E-01 -2.23312658E-01 -9.82420341E-02  1.30066964E+00  3.13284426E-02
   19450  5.58202963E-01 -1.94990927E-01 -7.53561574E-02  1.24914877E+00  5.03205775E-02
   19500  5.91117409E-01 -2.07606885E-01 -1.43606784E-01  1.32454455E+00  1.05052769E-02
   19550  5.20286503E-01 -2.33293200E-01 -2.34806362E-01  1.29648478E+00  4.07781393E-02
   19600  5.72138884E-01 -2.53726358E-01 -1.56987439E-01  1.29402649E+00  3.61660714E-02
   19650  5.78402422E-01 -3.17643566E-01 -1.46816347E-01  1.31385697E+00  2.38415900E-02
   19700  5.45951480E-01 -3.07499244E-01 -1.83440775E-01  1.25867703E+00  3.82907919E-02
   19750  5.74416826E-01 -2.41218051E-01 -1.94758982E-01  1.30683190E+00  5.58576757E-02
   19800  5.97777326E-01 -2.56532113E-01 -2.49054640E-01  1.33262444E+00  5.13061389E-02
   19850  5.74681808E-01 -2.66298312E-01 -2.32177266E-01  1.29901940E+00  2.18206647E-02
   19900  6.04688352E-01 -3.01461327E-01 -1.62346646E-01  1.26791658E+00  5.00519250E-02
   19950  6.33231827E-01 -2.40718519E-01 -1.52258275E-01  1.28481684E+00  4.13980627E-02
   20000  5.66583605E-01 -1.85843991E-01 -1.98010670E-01  1.28069673E+00  2.33263627E-02
   20050  6.18724160E-01 -1.94118094E-01 -1.91480387E-01  1.25491499E+00  5.31841006E-02
   20100  5.53966199E-01 -2.27775117E-01 -2.04905394E-01  1.26865446E+00  4.39095549E-02
   20150  6.12638602E-01 -1.00466733E-01 -1.06927953E-01  1.23815447E+00  3.12235767E-02
   20200  5.92986315E-01 -1.80727286E-01 -5.91519141E-02  1.22288669E+00  3.14360352E-02
   20250  6.06207573E-01 -2.14132463E-01 -3.65208671E-03  1.28769853E+00  5.38249659E-02
   20300  6.01594434E-01 -1.59547885E-01 -2.90708789E-02  1.24258669E+00  5.03881083E-02
   20350  6.56472045E-01 -1.70438847E-01 -1.32934133E-01  1.28102563E+00  4.07316081E-02
   20400  6.68205781E-01 -1.38572397E-01 -1.07027062E-01  1.29010453E+00  4.76087587E-02
   20450  6.67325138E-01 -1.25228167E-01 -1.42679267E-01  1.30390923E+00  1.41282860E-02
   20500  6.15011850E-01 -2.03247868E-01 -8.43786139E-02  1.23155870E+00  1.70939786E-02
   20550  6.17179911E-01 -2.05281456E-01 -1.50205206E-01  1.28689154E+00  3.18870156E-02
   20600  6.61709495E-01 -1.74840800E-01 -2.07374414E-01  1.29879511E+00  5.75305571E-02
   20650  6.84143319E-01 -1.92476586E-01 -1.86142178E-01  1.30950594E+00  4.45416232E-02
   20700  6.73648795E-01 -1.78372550E-01 -2.08816329E-01  1.29940212E+00  3.20180745E-02
   20750  6.96676367E-01 -1.28106598E-01 -1.91568546E-01  1.32602290E+00  4.17639540E-02
   20800  7.24113112E-01 -1.79585106E-01 -2.37694023E-01  1.32819756E+00  4.19244104E-02
   20850  6.81527348E-01 -1.87251672E-01 -6.68989169E-02  1.25351198E+00  3.90111329E-02
   20900  6.35409415E-01 -2.06391374E-01 -1.56102645E-01  1.27667680E+00  5.45502527E-02
   20950  6.63897468E-01 -2.24287146E-01 -2.09687922E-01  1.28288943E+00  3.20063734E-02
   21000  6.61836184E-01 -1.97423886E-01 -2.17648172E-01  1.30397104E+00  2.62712510E-02
   21050  6.71567889E-01 -1.89903167E-01 -1.29362353E-01  1.31200485E+00  1.71508910E-02
   21100  6.37215282E-01 -1.55878832E-01 -1.70928338E-01  1.30083682E+00  2.13994028E-02
   21150  6.27754117E-01 -3.23453083E-01 -7.99916603E-02  1.30440005E+00  4.94172610E-02
   21200  6.18053672E-01 -3.07473789E-01 -8.09822528E-02  1.31508165E+00  1.58645602E-02
   21250  6.12879931E-01 -3.00881156E-01  3.96974420E-02  1.28304221E+00  2.61117573E-02
   21300  6.24761096E-01 -3.16239745E-01  5.57766365E-02  1.28134282E+00  3.96197256E-02
   21350  5.64750261E-01 -3.43618230E-01  2.71711752E-02  1.30765429E+00  4.58409820E-02
   21400  5.88555882E-01 -3.66435208E-01  6.96530657E-02  1.26993157E+00  4.51576791E-02
   21450  6.55771053E-01 -3.03588042E-01 -3.75869100E-03  1.28884258E+00  6.17714223E-02
   21500  6.52697244E-01 -2.64858449E-01 -3.11902446E-02  1.30422511E+00  4.38897952E-02
   21550  7.24113811E-01 -2.05161796E-01 -9.96141334E-02  1.33807568E+00  4.64681230E-02
   21600  6.81451087E-01 -9.53744365E-02 -1.05373975E-01  1.29721051E+00  3.88166481E-02
   21650  7.53452370E-01 -7.20474624E-02 -2.95611716E-02  1.33389151E+00  1.62659319E-02
   21700  6.48726081E-01 -1.31308142E-01 -9.44503608E-02  1.26289731E+00  3.55476265E-02
   21750  5.90911794E-01 -1.43423786E-01 -1.13666945E-01  1.26042355E+00  4.51777646E-02
   21800  5.63236241E-01 -8.64072830E-02 -6.19364992E-02  1.22867757E+00  6.30814126E-02
   21850  5.51176746E-01 -9.00147343E-02 -1.30582437E-01  1.28449655E+00  5.24853813E-02
   21900  5.89578024E-01 -1.71337925E-01 -1.28129344E-01  1.29954299E+00  2.57287126E-02
   21950  5.55308477E-01 -2.16500430E-01 -1.99238477E-01  1.23210266E+00  5.27912883E-02
   22000  5.42653299E-01 -1.94465320E-01 -2.92656440E-01  1.22057867E+00  5.08358588E-02
   22050  5.81823524E-01 -7.45117201E-02 -2.44348279E-01  1.23757228E+00  6.14002292E-02
   22100  5.62701826E-01 -6.94465292E-02 -2.51103940E-01  1.26427688E+00  2.56298580E-02
   22150  5.54438282E-01 -1.34997042E-01 -3.39015543E-01  1.29577061E+00  4.42743690E-02
   22200  5.83324909E-01 -1.20264196E-01 -2.99670420E-01  1.28197381E+00  7.10386771E-02
   22250  5.05178751E-01 -1.75885186E-01 -3.24526099E-01  1.26121636E+00  2.43578087E-02
   22300  5.09873764E-01 -1.99119554E-01 -1.73109494E-01  1.21130640E+00  3.89650282E-02
   22350  4.38058692E-01 -2.67486482E-01 -1.40790143E-01  1.21465928E+00  2.99774458E-02
   22400  5.12202011E-01 -3.11968786E-01 -1.66092820E-01  1.28014532E+00  3.76510781E-02
   22450  4.92379461E-01 -2.93810247E-01 -7.06209861E-02  1.29253588E+00  4.48161599E-02
   22500  4.87215334E-01 -2.04145141E-01 -9.68173138E-02  1.24975014E+00  3.59713746E-02
   22550  4.67908622E-01 -2.67116686E-01 -9.21454558E-02  1.23893632E+00  4.16975086E-02
   22600  5.23444398E-01 -1.32907177E-01 -1.70620720E-01  1.26987967E+00  4.84874221E-02
   22650  5.14894256E-01 -1.92579797E-01 -1.61247389E-01  1.27725328E+00  6.78715666E-02
   22700  5.55919324E-01 -1.91666225E-01 -2.02438700E-01  1.32866570E+00  4.56007567E-02
   22750  4.50468004E-01 -2.86662517E-01 -2.29942228E-01  1.31941068E+00  3.39406777E-02
   22800  4.43814187E-01 -2.82261584E-01 -1.31437781E-01  1.28414117E+00  5.25716056E-02
   22850  4.45362091E-01 -3.70828790E-01 -1.44817882E-01  1.30131330E+00  4.79009657E-02
   22900  3.82961251E-01 -3.83584817E-01 -1.06798440E-01  1.25271249E+00  8.49933515E-02
   22950  4.31185448E-01 -3.93962582E-01 -6.89068055E-02  1.25532962E+00  4.17250847E-02
   23000  4.58372655E-01 -4.39792514E-01 -1.62892338E-01  1.26690463E+00  7.26757306E-02
   23050  4.25720343E-01 -4.09126349E-01 -1.21667114E-01  1.25254323E+00  6.25016587E-02
   23100  4.63200070E-01 -4.41743950E-01 -7.77811161E-02  1.28453192E+00  4.81149927E-02
   23150  4.09230198E-01 -3.39921741E-01  4.16734058E-02  1.28530646E+00  3.90129181E-02
   23200  3.69510645E-01 -2.58055611E-01  4.88757480E-02  1.24729527E+00  4.50154394E-02
   23250  4.77764472E-01 -2.35887061E-01  7.66041439E-02  1.26212374E+00  2.04416625E-02
   23300  4.54623514E-01 -1.43883248E-01 -2.51363419E-02  1.22473305E+00  1.00969404E-01
   23350  5.07751914E-01 -6.49487140E-02 -8.33327120E-02  1.26754644E+00  7.24255008E-02
   23400  5.14298126E-01 -1.14873317E-01 -6.17306479E-02  1.25127523E+00  1.31683765E-02
   23450  4.66994188E-01 -7.23022202E-02 -1.21148387E-01  1.21813018E+00  5.30016456E-02
   23500  5.56382962E-01 -1.27950649E-01 -8.20530853E-02  1.24717473E+00  6.84309302E-02
   23550  6.15223664E-01 -9.62549704E-02 -1.18774261E-01  1.26133145E+00  6.56388198E-02
   23600  5.65150905E-01 -1.44690793E-01 -1.35494539E-01  1.23750525E+00  4.80038123E-02
   23650  6.08662107E-01 -8.58870969E-02 -6.21471704E-02  1.27528359E+00  6.11807008E-02
   23700  5.63095489E-01 -1.05649347E-01 -5.38851204E-02  1.30051858E+00  5.87655963E-02
   23750  5.90270681E-01 -1.85825301E-01 -7.44289874E-02  1.32297456E+00  4.79126286E-02
   23800  5.76481809E-01 -2.83309698E-01 -1.58514413E-01  1.25835207E+00  1.24405819E-02
   23850  5.95804110E-01 -3.01183083E-01 -2.09564329E-01  1.28799781E+00  6.20930905E-02
   23900  6.43779228E-01 -3.28228553E-01 -1.84988365E-01  1.30410954E+00  2.15943998E-02
   23950  6.10055699E-01 -3.01394385E-01 -8.13758441E-02  1.26258085E+00  4.24168872E-02
   24000  6.01127213E-01 -2.19890855E-01 -1.60959707E-02  1.22968173E+00  6.40878479E-02
   24050  5.72478334E-01 -2.06037169E-01 -5.09523079E-02  1.28655956E+00  4.50432042E-02
   24100  5.34744586E-01 -1.74991682E-01 -4.66794274E-02  1.25001486E+00  6.28878921E-02
   24150  5.16046983E-01 -2.18456336E-01 -4.07078198E-02  1.26542755E+00  5.22222200E-02
   24200  5.20626073E-01 -1.89008299E-01 -5.26102791E-02  1.25016710E+00  2.34784098E-02
   24250  5.58476310E-01 -1.09505766E-01 -2.01329574E-01  1.27126649E+00  5.86914724E-02
   24300  4.76477260E-01 -8.13059113E-02 -1.00956164E-01  1.27593041E+00  6.02440962E-02
   24350  4.24941423E-01 -4.95975059E-02 -6.43873128E-02  1.29477730E+00  5.82957783E-02
   24400  4.37632489E-01 -9.08703479E-02  3.85577985E-02  1.30438645E+00  5.67124878E-02
   24450  4.52218512E-01  1.87670428E-03  8.83180016E-02  1.27061269E+00  5.02742531E-02
   24500  4.46643484E-01  5.28417512E-02  1.42268971E-01  1.24409922E+00  7.12602269E-02
   24550  5.17655331E-01  8.89387937E-03  1.89389023E-01  1.27197834E+00  4.95749422E-02
   24600  5.36987458E-01 -1.49221461E-02  1.58646952E-01  1.30026533E+00  4.32902146E-02
   24650  5.12417608E-01  1.52791533E-02  2.16497990E-01  1.32730177E+00  3.94568308E-02
   24700  4.07104189E-01 -8.52793400E-02  2.74662808E-01  1.26821217E+00  4.03827514E-02
   24750  4.22984412E-01 -2.29243805E-01  3.04921636E-01  1.27114530E+00  2.16673764E-02
   24800  4.09122957E-01 -3.06695716E-01  3.47810338E-01  1.25456103E+00  3.08292707E-02
   24850  4.53384198E-01 -2.89568671E-01  4.03339653E-01  1.31493196E+00  2.66301804E-02
   24900  4.53746407E-01 -3.01646228E-01  3.76203066E-01  1.30095999E+00  5.27765010E-02
   24950  4.39622299E-01 -3.94629023E-01  4.10882315E-01  1.24808230E+00  3.69287928E-02
   25000  4.90751344E-01 -4.66014604E-01  3.89676395E-01  1.28783700E+00  5.66751371E-02
   25050  4.51613044E-01 -4.39242872E-01  3.84739822E-01  1.34449396E+00  3.93095046E-02
   25100  4.40243186E-01 -4.78917515E-01  3.56706567E-01  1.29760885E+00  4.30107359E-02
   25150  3.75359791E-01 -5.24391567E-01  3.86445823E-01  1.30184948E+00  7.36565657E-03
   25200  4.25850023E-01 -5.15495431E-01  2.62557830E-01  1.28697949E+00  2.32178708E-02
   25250  3.71972647E-01 -5.20864392E-01  3.04326739E-01  1.27140243E+00  4.79703503E-02
   25300  3.81876139E-01 -5.77821075E-01  3.86053844E-01  1.30385194E+00  5.89245441E-02
   25350  3.36606337E-01 -4.66906695E-01  3.46031306E-01  1.25215441E+00  3.66776107E-02
   25400  3.27746961E-01 -4.02638863E-01  3.58398628E-01  1.25798061E+00  5.13227603E-02
   25450  2.65333688E-01 -4.98422461E-01  3.81168486E-01  1.23939632E+00  6.20459730E-02
   25500  1.76253771E-01 -4.46727031E-01  3.37996815E-01  1.22446022E+00  4.36522639E-02
   25550  2.64920417E-01 -4.59942637E-01  3.00498754E-01  1.28754294E+00  2.75711121E-02
   25600  2.06508001E-01 -3.69534359E-01  2.68600041E-01  1.29581372E+00  5.83729862E-02
   25650  1.58507079E-01 -3.47921012E-01  2.46275501E-01  1.28222109E+00  1.22613818E-02
   25700  1.06102270E-01 -2.14674901E-01  2.31928994E-01  1.19726254E+00  4.94103971E-02
   25750  8.59707870E-02 -1.46389307E-01  2.32817241E-01  1.27230993E+00  4.36181735E-02
   25800  1.65989665E-01 -1.87209442E-01  1.73036627E-01  1.25020503E+00  4.52059558E-02
   25850  1.16432474E-01 -1.22224901E-01  1.46595834E-01  1.23232368E+00  5.82345747E-02
   25900  1.16316706E-01 -6.98649982E-02  1.39616946E-01  1.27880399E+00  2.25097644E-02
   25950  7.43679576E-02 -5.89141773E-02  1.18825616E-01  1.30501993E+00  4.28858204E-02
   26000  7.41657529E-04 -1.36876326E-01  1.57010321E-01  1.32741177E+00  4.69410643E-02
   26050 -3.33429928E-02 -6.47091342E-02  7.50423135E-02  1.26686749E+00  4.01283714E-02
   26100  6.85023869E-02 -4.55356463E-02  1.17393004E-01  1.31095371E+00  3.41256029E-02
   26150  3.84676409E-02 -7.11056996E-02  1.56587102E-01  1.24958517E+00  4.86665643E-02
   26200  9.21795275E-02 -9.16766120E-02  1.16661354E-01  1.27513367E+00  4.50542280E-02
   26250  7.36650572E-02 -5.84431801E-02  1.78446185E-01  1.24792801E+00  5.20761538E-02
   26300  4.57429712E-02 -6.06613289E-02  1.20201303E-01  1.24158335E+00  4.56117714E-02
   26350 -7.59106429E-02 -1.98563615E-02  2.27883049E-01  1.25594031E+00  5.69577625E-02
   26400  4.72943065E-02 -1.07995745E-01  2.05973280E-01  1.28196686E+00  4.22392614E-02
   26450  1.40130347E-02 -3.06225338E-02  2.98713599E-01  1.24686852E+00  3.11074647E-02
   26500 -5.47533700E-02 -8.65708441E-02  2.60905607E-01  1.27467126E+00  4.15219397E-02
   26550 -8.06092257E-02 -4.99930874E-02  2.77479057E-01  1.25850499E+00  3.89458841E-02
   26600 -7.63564142E-02 -7.32374167E-02  3.41318618E-01  1.31769492E+00  6.85589679E-02
   26650  2.11794039E-02 -2.32064766E-02  3.25491316E-01  1.27792515E+00  2.53336127E-02
   26700 -1.08486923E-01  4.08317164E-03  3.28546975E-01  1.27263867E+00  2.26796554E-02
   26750 -1.41439310E-01  5.33697504E-03  2.97310095E-01  1.26158265E+00  1.78454407E-02
   26800 -1.67342348E-01  5.07355425E-02  2.98985139E-01  1.28012855E+00  2.99330719E-02
   26850 -1.61399214E-01  7.95733238E-03  3.49562635E-01  1.27739045E+00  3.75301810E-02
   26900 -2.08898368E-01  6.98003646E-02  3.24671283E-01  1.23999831E+00  7.40766531E-02
   26950 -2.34868644E-01  6.04461128E-02  2.99891903E-01  1.25074244E+00  2.09839530E-02
   27000 -4.09999866E-01  7.09231901E-02  2.23459123E-01  1.33367900E+00  4.16816638E-02
   27050 -3.80103107E-01  1.13745662E-01  1.69331277E-01  1.28691322E+00  5.19924768E-02
   27100 -4.13498554E-01  1.59263416E-01  2.15570252E-01  1.31386706E+00  6.04634412E-02
   27150 -3.23948096E-01  1.14533334E-01  2.35438496E-01  1.23340273E+00  5.09327002E-02
   27200 -3.44612640E-01  8.91648901E-02  2.75942395E-01  1.27094723E+00  2.70694999E-02
   27250 -3.43832330E-01  1.86137440E-01  2.89932749E-01  1.26861659E+00  8.32445279E-02
   27300 -2.51881612E-01  1.19815686E-01  3.14451654E-01  1.32844767E+00  5.17679885E-02
   27350 -2.89112510E-01  1.12962956E-01  3.18685992E-01  1.32170490E+00  4.58344878E-02
   27400 -2.99117939E-01  9.66128478E-02  3.46814168E-01  1.29763003E+00  5.33807022E-02
   27450 -4.38091321E-01  9.09476978E-02  3.94666663E-01  1.29761068E+00  2.06462604E-02
   27500 -4.78526219E-01  1.93894402E-01  4.53784148E-01  1.29461288E+00  3.26655618E-02
   27550 -5.40176025E-01  1.44757727E-01  4.76449163E-01  1.24195847E+00  2.52232917E-02
   27600 -5.34804505E-01  1.15546157E-01  5.76870561E-01  1.27986731E+00  4.02569293E-02
   27650 -5.06324009E-01  2.12704582E-01  6.13300146E-01  1.27901694E+00  3.88253622E-02
   27700 -4.59950797E-01  2.79705755E-01  6.50397475E-01  1.30836561E+00  2.47462709E-02
   27750 -4.20541110E-01  2.99276682E-01  6.74212018E-01  1.31223780E+00  2.24672337E-02
   27800 -4.10589853E-01  3.52457886E-01  6.26636192E-01  1.28563398E+00  2.32347931E-02
   27850 -4.14489311E-01  2.67802885E-01  6.58461206E-01  1.28763781E+00  4.28079440E-02
   27900 -4.19754463E-01  2.89367356E-01  6.26033834E-01  1.28332567E+00  6.94207843E-02
   27950 -3.60117010E-01  3.44214385E-01  6.11771111E-01  1.29346782E+00  5.46841871E-02
   28000 -2.55844082E-01  3.49724505E-01  5.82834539E-01  1.29817656E+00  4.13089973E-02
   28050 -2.39835522E-01  2.72005387E-01  6.27430928E-01  1.32131848E+00  5.86450536E-02
   28100 -2.54790433E-01  2.78284977E-01  5.65949001E-01  1.25929469E+00  3.52054875E-02
   28150 -2.78895515E-01  2.78916428E-01  5.36823713E-01  1.25494568E+00  2.24074995E-02
   28200 -3.32099674E-01  3.74449401E-01  5.46134075E-01  1.28310484E+00  4.48158746E-02
   28250 -3.00020082E-01  2.98902979E-01  5.89363857E-01  1.30001167E+00  3.51110306E-02
   28300 -2.83947270E-01  3.23190818E-01  6.11388710E-01  1.27246507E+00  4.03081443E-02
   28350 -3.39657560E-01  2.64393752E-01  6.03654870E-01  1.28816939E+00  3.76855330E-02
   28400 -3.85228129E-01  2.54134039E-01  6.03353364E-01  1.28624754E+00  5.00534845E-02
   28450 -4.06955858E-01  1.68064614E-01  6.98394571E-01  1.32528514E+00  2.52568843E-02
   28500 -4.51315153E-01  1.82117541E-01  6.13913481E-01  1.31227416E+00  4.20881058E-02
   28550 -4.65200491E-01  2.56932166E-01  5.47639813E-01  1.31531820E+00  2.64434601E-02
   28600 -3.87507661E-01  1.75577653E-01  6.10448475E-01  1.29077356E+00  2.74424822E-02
   28650 -4.08233827E-01  2.28990460E-01  5.41756875E-01  1.29948842E+00  3.06552754E-02
   28700 -3.90023476E-01  2.20554105E-01  6.17201136E-01  1.30473706E+00  4.70600163E-02
   28750 -3.32944528E-01  1.00149332E-01  6.47712680E-01  1.29347140E+00  3.30767988E-02
   28800 -3.04147889E-01  1.75990945E-01  7.23838490E-01  1.32795931E+00  7.40422924E-02
   28850 -3.04244564E-01  1.74951747E-01  7.24979358E-01  1.32034386E+00  2.64015138E-02
   28900 -3.00255075E-01  2.08225588E-01  6.70905878E-01  1.29191136E+00  3.31404624E-02
   28950 -4.24944646E-01  2.47311752E-01  6.84784121E-01  1.33191498E+00  4.82592402E-02
   29000 -3.55362579E-01  2.18353469E-01  7.14816784E-01  1.26633843E+00  1.84305275E-02
   29050 -3.84198387E-01  2.52474314E-01  7.65798772E-01  1.33267396E+00  6.34963271E-02
   29100 -4.25835420E-01  1.00814103E-01  7.08231879E-01  1.28726938E+00  3.23821880E-02
   29150 -4.09504567E-01  9.94108692E-02  7.91261426E-01  1.30688141E+00  5.77962446E-02
   29200 -4.08410474E-01  2.66177390E-01  7.86172031E-01  1.30321750E+00  5.74330546E-02
   29250 -4.03411084E-01  2.22574513E-01  7.62831252E-01  1.32299334E+00  4.24569746E-02
   29300 -4.03712459E-01  1.98894981E-01  6.81861781E-01  1.27071305E+00  4.87810675E-02
   29350 -3.84060050E-01  2.70418318E-01  6.80170863E-01  1.28959122E+00  2.84858194E-02
   29400 -3.42428376E-01  2.83874657E-01  6.61361525E-01  1.26813458E+00  2.00271529E-02
   29450 -3.89400386E-01  3.64459373E-01  7.09299414E-01  1.28639924E+00  3.01984604E-02
   29500 -4.11722782E-01  3.75709249E-01  7.48983321E-01  1.30393303E+00  6.89747469E-02
   29550 -3.85316899E-01  3.58415466E-01  7.49076927E-01  1.31122516E+00  3.07534220E-02
   29600 -3.55225825E-01  2.90248784E-01  6.96081925E-01  1.30685453E+00  3.37097284E-02
   29650 -4.01883500E-01  3.43406033E-01  6.58960120E-01  1.32200644E+00  3.30497425E-02
   29700 -4.06180629E-01  3.36736826E-01  6.11448977E-01  1.28945441E+00  3.71970665E-02
   29750 -3.92107447E-01  3.50261928E-01  5.93081060E-01  1.26297220E+00  4.30697467E-02
   29800 -4.41132090E-01  3.55661692E-01  5.28412677E-01  1.30706376E+00  3.04841108E-02
   29850 -4.46565428E-01  3.17185329E-01  5.69368589E-01  1.30402602E+00  2.06413703E-02
   29900 -4.31385950E-01  3.20444232E-01  4.72675774E-01  1.29948002E+00  5.02306284E-02
   29950 -4.48501095E-01  2.64871538E-01  5.26373708E-01  1.27813088E+00  5.57955686E-02
   30000 -4.97680081E-01  3.19522738E-01  5.38668483E-01  1.27084765E+00  1.42666380E-02
   30050 -5.76234101E-01  3.00966446E-01  5.98286759E-01  1.28245640E+00  3.46418003E-02
   30100 -5.53830407E-01  2.69937061E-01  6.44661672E-01  1.30472651E+00  3.11624299E-02
   30150 -5.90422920E-01  3.08828185E-01  5.41213980E-01  1.25882805E+00  2.53787076E-02
   30200 -5.20115018E-01  2.77596629E-01  5.56570560E-01  1.26080890E+00  3.89995281E-02
   30250 -5.63069620E-01  1.66641826E-01  5.51974408E-01  1.28511459E+00  4.47638810E-02
   30300 -5.17091867E-01  2.04259009E-01  5.99721740E-01  1.27052923E+00  2.52745909E-02
   30350 -5.31160916E-01  1.54169422E-01  6.25622858E-01  1.24990099E+00  3.47971840E-02
   30400 -4.94543228E-01  2.12497132E-01  6.91625397E-01  1.33998855E+00  2.06506909E-02
   30450 -4.67299714E-01  2.81886481E-01  6.29113948E-01  1.28750007E+00  6.34168646E-02
   30500 -5.39325009E-01  2.01468643E-01  5.68482589E-01  1.28179642E+00  7.23625058E-02
   30550 -6.07503587E-01  1.84739536E-01  4.66382592E-01  1.29932475E+00  5.38355460E-02
   30600 -6.32112379E-01  1.75427227E-01  4.85024731E-01  1.27218979E+00  1.23137904E-02
   30650 -6.59993573E-01  1.09860421E-01  4.48892380E-01  1.27599115E+00  2.67653730E-02
   30700 -6.02731836E-01  1.32583955E-01  4.90831774E-01  1.28643598E+00  5.36578802E-02
   30750 -5.82133494E-01  4.24071461E-02  4.85306032E-01  1.27896089E+00  2.89243582E-02
   30800 -6.06243549E-01  3.13685377E-02  4.73347879E-01  1.30264126E+00  4.04022288E-02
   30850 -5.11463640E-01 -1.04990013E-01  5.68148910E-01  1.30021408E+00  6.11530297E-02
   30900 -5.55024913E-01 -1.94049522E-01  5.81697823E-01  1.32212518E+00  2.68299700E-02
   30950 -5.01272303E-01 -1.33558527E-01  5.81219968E-01  1.30311203E+00  5.24476670E-02
   31000 -5.54911498E-01 -9.75132201E-02  5.24124579E-01  1.30771973E+00  3.64694355E-02
   31050 -4.80063322E-01  3.70081364E-03  5.89387789E-01  1.31296826E+00  3.85068355E-02
   31100 -4.83728820E-01  4.05572159E-02  5.58160341E-01  1.33683983E+00  2.16121213E-02
   31150 -3.90890048E-01  4.15460290E-02  5.38599241E-01  1.24270398E+00  4.21697928E-02
   31200 -4.55045919E-01  6.70503676E-02  5.12431506E-01  1.30055345E+00  4.34886386E-02
   31250 -4.98648861E-01  8.02294256E-02  5.27283280E-01  1.28435856E+00  2.64768165E-02
   31300 -4.75571563E-01  9.32425899E-02  5.66697840E-01  1.29558270E+00  3.69213067E-02
   31350 -4.60262979E-01  7.71704253E-02  5.81190001E-01  1.28067599E+00  5.22365355E-02
   31400 -4.50583674E-01  4.03425783E-02  5.59562606E-01  1.27763032E+00  3.22381057E-02
   31450 -5.28868370E-01  6.19825649E-02  4.98474562E-01  1.27290042E+00  3.49675036E-02
   31500 -5.34929638E-01  1.15120554E-01  4.51263220E-01  1.30021835E+00  2.77795801E-02
   31550 -6.38937199E-01  5.21893992E-02  4.80475882E-01  1.31314780E+00  3.66274573E-02
   31600 -5.46504624E-01  5.45446828E-03  5.08191932E-01  1.25973275E+00  1.95666820E-02
   31650 -6.34830615E-01  5.94200737E-02  5.73725845E-01  1.32859728E+00  2.86069730E-02
   31700 -6.08464813E-01  1.23557067E-01  5.15290078E-01  1.31276037E+00  2.71072742E-02
   31750 -6.58934255E-01  8.19313494E-02  5.18868170E-01  1.31941047E+00  1.99385997E-02
   31800 -6.71925877E-01  1.22407977E-01  4.49020080E-01  1.29636167E+00  5.76555375E-02
   31850 -6.88894666E-01  1.06273956E-01  3.44446706E-01  1.25894174E+00  6.98444299E-02
   31900 -7.26243496E-01  1.61953212E-01  4.09699012E-01  1.30821048E+00  3.31085903E-02
   31950 -7.17609775E-01  1.76827493E-01  3.64383810E-01  1.31760973E+00  3.54314689E-02
   32000 -7.60408734E-01  1.79124770E-01  4.01098426E-01  1.33420566E+00  2.78038298E-02
   32050 -6.63499051E-01  2.01847874E-01  4.76073649E-01  1.29543865E+00  3.00205002E-02
   32100 -6.77424691E-01  2.70466315E-01  4.96213158E-01  1.28185183E+00  5.36652542E-02
   32150 -6.03512517E-01  1.97830025E-01  6.14051980E-01  1.23372130E+00  5.92700464E-02
   32200 -6.00779928E-01  3.25426554E-01  6.60535120E-01  1.29036555E+00  5.98410171E-02
   32250 -4.78628505E-01  3.49387483E-01  7.45652211E-01  1.28318193E+00  4.19955855E-02
   32300 -5.36290864E-01  3.23598987E-01  7.69045358E-01  1.30658867E+00  2.25370820E-02
   32350 -6.31673949E-01  3.27781992E-01  6.63454472E-01  1.31242456E+00  4.66688710E-02
   32400 -5.76749878E-01  2.97151918E-01  6.70611255E-01  1.29646585E+00  5.14721959E-02
   32450 -5.25085956E-01  2.57748203E-01  7.47242802E-01  1.29314552E+00  1.47748475E-02
   32500 -5.46268606E-01  2.38623295E-01  7.30878291E-01  1.25201665E+00  7.10107475E-02
   32550 -5.36258658E-01  2.93575134E-01  7.74996874E-01  1.27971499E+00  6.32533724E-02
   32600 -4.07283403E-01  2.49211913E-01  8.70943769E-01  1.28947334E+00  5.51868432E-02
   32650 -3.65455372E-01  2.27815640E-01  8.79715308E-01  1.30386234E+00  1.59117766E-02
   32700 -3.15964833E-01  2.69541098E-01  8.44543148E-01  1.26178622E+00  3.76345363E-02
   32750 -3.50039421E-01  2.35405587E-01  9.22830049E-01  1.29739780E+00  4.53283892E-02
   32800 -3.27069919E-01  3.23048579E-01  8.50410856E-01  1.27156874E+00  5.92927541E-02
   32850 -2.67682327E-01  3.08454253E-01  8.97260784E-01  1.29964577E+00  3.12886081E-02
   32900 -3.41054206E-01  2.19069252E-01  9.34279552E-01  1.33699280E+00  3.45694510E-02
   32950 -3.17338006E-01  1.25877573E-01  9.53435067E-01  1.28303563E+00  4.41934572E-02
   33000 -3.04461286E-01  2.98577255E-01  9.06547439E-01  1.28674448E+00  3.87451265E-02
   33050 -2.44667118E-01  3.89630382E-01  9.44823375E-01  1.29129199E+00  1.50686093E-02
   33100 -1.78351692E-01  3.34305768E-01  1.04699483E+00  1.32930977E+00  4.50776332E-02
   33150 -1.23190062E-01  2.95519842E-01  1.00265132E+00  1.28171574E+00  4.61782471E-02
   33200 -7.44202650E-02  3.36887935E-01  9.87891846E-01  1.27436729E+00  3.11697724E-02
   33250 -2.80758719E-02  4.18713286E-01  9.65337761E-01  1.27321531E+00  4.32799508E-02
   33300 -8.91594661E-02  4.47468468E-01  9.38952903E-01  1.26712467E+00  4.64810696E-02
   33350 -8.94029127E-02  4.44148596E-01  8.75155864E-01  1.23388895E+00  4.44815436E-02
   33400 -1.89456874E-01  5.16271630E-01  8.27067303E-01  1.24290346E+00  6.39559891E-02
   33450 -1.25335634E-01  4.49923482E-01  9.33998587E-01  1.28137877E+00  7.00521479E-02
   33500 -7.97001038E-03  5.15986698E-01  9.45350111E-01  1.30239628E+00  5.21628309E-02
   33550 -6.72770385E-02  5.36172555E-01  8.44896767E-01  1.27505647E+00  2.09137302E-02
   33600 -3.88877948E-02  4.81850973E-01  9.15775410E-01  1.29816754E+00  3.68561909E-02
   33650 -1.12635506E-01  5.12268982E-01  9.28928947E-01  1.33783094E+00  3.73782355E-02
   33700 -1.11054031E-01  3.89255617E-01  9.26766691E-01  1.28072262E+00  3.70223181E-02
   33750 -9.26095019E-02  3.67558478E-01  1.01507322E+00  1.30079557E+00  5.70055560E-02
   33800 -1.23960123E-01  3.46529097E-01  9.86695298E-01  1.29868397E+00  2.34570203E-02
   33850 -1.73127255E-01  2.99012039E-01  1.07540420E+00  1.35176420E+00  2.69499477E-02
   33900 -6.38610377E-02  3.54422227E-01  1.06158643E+00  1.34632150E+00  1.04204011E-02
   33950 -5.18329955E-02  3.03248957E-01  1.02688817E+00  1.27126059E+00  4.77954598E-02
   34000 -7.18249002E-02  3.24487513E-01  9.46780182E-01  1.25242231E+00  5.79175436E-02
   34050 -2.92955829E-02  3.38448626E-01  1.04669852E+00  1.31644801E+00  6.35987766E-02
   34100  1.10110787E-02  2.69260498E-01  1.05403707E+00  1.29306822E+00  3.86489467E-02
   34150  1.35036832E-02  3.82340893E-01  1.00962537E+00  1.27137437E+00  2.25753054E-02
   34200  9.67293276E-02  3.52330914E-01  1.05089142E+00  1.30283919E+00  3.66985540E-02
   34250  4.27719212E-02  2.95987096E-01  9.98912973E-01  1.28023308E+00  3.08954071E-02
   34300  3.26535004E-02  2.98329636E-01  9.83151519E-01  1.24024990E+00  3.87617191E-02
   34350  4.95797049E-03  3.96462058E-01  9.63237011E-01  1.27107518E+00  5.52499570E-02
   34400 -4.66940502E-02  3.98804524E-01  9.54215346E-01  1.28283295E+00  4.29860420E-02
   34450 -1.10868246E-02  4.22062744E-01  8.84735942E-01  1.23623921E+00  2.44868485E-02
   34500 -9.08926714E-02  5.50590016E-01  9.24265888E-01  1.30921186E+00  3.28407894E-02
   34550 -7.40777461E-02  5.98545967E-01  9.18201132E-01  1.29197744E+00  2.29387299E-02
   34600 -2.01143474E-01  6.34145726E-01  8.82874851E-01  1.28901089E+00  3.68562280E-02
   34650 -1.39201253E-01  6.89235528E-01  8.88130209E-01  1.27887640E+00  3.67726136E-02
   34700 -2.20818616E-01  7.25940699E-01  8.45194752E-01  1.29902709E+00  4.93313064E-02
   34750 -1.35237852E-01  6.78207588E-01  9.05943591E-01  1.27868128E+00  3.36472987E-02
   34800 -1.74963007E-01  7.44668296E-01  8.12969546E-01  1.27411050E+00  4.45304317E-02
   34850 -2.60387855E-01  7.43037854E-01  8.43353294E-01  1.27633273E+00  9.22166128E-03
   34900 -2.67971778E-01  7.46056414E-01  8.29142438E-01  1.27022375E+00  4.69243885E-02
   34950 -2.88399442E-01  7.25060268E-01  8.66359566E-01  1.27947961E+00  2.55495723E-02
   35000 -3.26962232E-01  6.52868663E-01  8.47387143E-01  1.23435178E+00  3.00551915E-02
   35050 -3.12657006E-01  5.90767914E-01  8.64620387E-01  1.22996687E+00  3.52959886E-02
   35100 -2.90466683E-01  6.53521769E-01  8.42690375E-01  1.23652831E+00  5.58911117E-02
   35150 -2.49311568E-01  6.78399017E-01  7.77829167E-01  1.22075963E+00  7.14785742E-02
   35200 -2.23871995E-01  7.18896157E-01  8.82459832E-01  1.30133203E+00  4.29051467E-02
   35250 -2.41135764E-01  7.86902192E-01  8.64772076E-01  1.33036874E+00  9.83802775E-03
   35300 -2.13247181E-01  6.85180924E-01  8.84988618E-01  1.27152299E+00  1.47236917E-02
   35350 -2.50167314E-01  6.88592959E-01  9.49772142E-01  1.31104270E+00  4.41536859E-02
   35400 -3.13461928E-01  6.96963507E-01  8.55531119E-01  1.31636111E+00  4.61053398E-02
   35450 -2.05712431E-01  7.25504343E-01  8.44198661E-01  1.29604767E+00  3.01101877E-02
   35500 -3.18529153E-01  6.96313041E-01  8.18504119E-01  1.28669287E+00  4.66038333E-02
   35550 -3.35479253E-01  6.63821041E-01  8.26609829E-01  1.27932843E+00  3.94112638E-02
   35600 -3.28773942E-01  6.52670118E-01  8.93359305E-01  1.29053774E+00  3.61456148E-02
   35650 -3.25694553E-01  5.86615253E-01  9.97306944E-01  1.31493794E+00  4.28677548E-02
   35700 -2.77264884E-01  5.93239882E-01  9.32445611E-01  1.27695573E+00  3.27045883E-02
   35750 -2.56184944E-01  5.62849450E-01  9.69381936E-01  1.30759472E+00  3.51022190E-02
   35800 -2.89418682E-01  5.03811876E-01  9.73995624E-01  1.28774132E+00  5.87762166E-02
   35850 -1.67221824E-01  5.33003287E-01  9.36629228E-01  1.29091041E+00  5.71902635E-02
   35900 -1.69057550E-01  5.25694824E-01  9.22061956E-01  1.27534824E+00  4.61214445E-02
   35950 -7.84460422E-02  6.47087074E-01  9.29367490E-01  1.32445594E+00  1.81286487E-02
   36000 -1.50108079E-01  6.51090192E-01  9.51681992E-01  1.33587902E+00  2.30278082E-02
   36050  7.18646636E-03  6.65567197E-01  9.29515152E-01  1.30686076E+00  6.71542073E-02
   36100  6.82564065E-02  5.70516957E-01  9.99137668E-01  1.27214687E+00  2.49679839E-02
   36150  9.02331242E-02  6.84159472E-01  1.02133288E+00  1.31177765E+00  1.96689120E-02
   36200  1.38344584E-01  6.91438587E-01  1.04105671E+00  1.33147293E+00  2.04076311E-02
   36250  8.96120961E-02  5.51875090E-01  1.11038510E+00  1.28894644E+00  3.51770945E-02
   36300  1.34729460E-01  5.94210279E-01  1.12373616E+00  1.32060875E+00  2.64650784E-02
   36350  2.08187683E-01  5.71799431E-01  1.15314204E+00  1.34296750E+00  2.29555063E-02
   36400  2.24487376E-01  4.94193171E-01  1.15121818E+00  1.32709174E+00  2.93257835E-02
   36450  2.40731141E-01  4.11797693E-01  1.11174745E+00  1.27253783E+00  4.74217435E-02
   36500  2.30345391E-01  3.23654733E-01  1.21602057E+00  1.31436329E+00  7.49520866E-02
   36550  1.65803017E-01  4.01450173E-01  1.12920889E+00  1.26440806E+00  2.56126395E-02
   36600  2.44471376E-01  3.91266933E-01  1.13879255E+00  1.27482028E+00  2.45594827E-02
   36650  2.16438888E-01  3.25507046E-01  1.13778542E+00  1.24122865E+00  5.69926556E-02
   36700  1.84174782E-01  4.06980085E-01  1.23432003E+00  1.34733869E+00  4.89688513E-02
   36750  3.30565688E-02  3.12155228E-01  1.16528665E+00  1.23575619E+00  2.89185536E-02
   36800 -9.37441719E-02  2.22510282E-01  1.16457783E+00  1.22851974E+00  3.06425844E-02
   36850 -1.69183029E-01  1.62231155E-01  1.19863885E+00  1.26959749E+00  1.96744421E-02
   36900 -1.52833814E-01  1.48171580E-01  1.18603086E+00  1.25025203E+00  4.44553446E-02
   36950 -1.80881416E-01  1.59570273E-01  1.19779175E+00  1.28051606E+00  3.54469550E-02
   37000 -1.91689131E-01  1.91000662E-01  1.20029706E+00  1.30467598E+00  1.21561075E-02
   37050 -2.06733224E-01  1.85290902E-01  1.16796655E+00  1.30149403E+00  1.92808400E-02
   37100 -2.02443596E-01  1.39290741E-01  1.19204265E+00  1.30917347E+00  4.22740168E-02
   37150 -2.11902661E-01  1.87379754E-01  1.13104530E+00  1.28101651E+00  4.55755681E-02
   37200 -3.07757969E-01  3.45628231E-01  1.05654920E+00  1.24902036E+00  4.95115865E-02
   37250 -2.13779914E-01  3.15253531E-01  1.13200038E+00  1.27952881E+00  4.28751555E-02
   37300 -1.69700155E-01  3.93953816E-01  1.12645131E+00  1.28269546E+00  2.41459702E-02
   37350 -2.34009144E-01  3.12085711E-01  1.14801055E+00  1.29491424E+00  3.12922603E-02
   37400 -2.58633258E-01  4.35080060E-01  1.09764010E+00  1.28417108E+00  1.92903318E-02
   37450 -2.51129844E-01  4.17398247E-01  1.12248936E+00  1.28665916E+00  2.99438035E-02
   37500 -3.35457094E-01  4.99157416E-01  1.07987867E+00  1.30068075E+00  4.35237188E-02
   37550 -3.72392570E-01  5.35716571E-01  1.08345860E+00  1.32837845E+00  2.67515400E-02
   37600 -4.25699587E-01  5.41876707E-01  9.77588803E-01  1.27755159E+00  4.21433211E-02
   37650 -3.68023728E-01  5.00569278E-01  9.91432342E-01  1.27867679E+00  1.53655038E-02
   37700 -3.94265585E-01  3.91983864E-01  1.01466364E+00  1.25621087E+00  3.74526185E-02
   37750 -4.07157869E-01  3.36612915E-01  1.03458972E+00  1.26649417E+00  4.97809986E-02
   37800 -4.65718961E-01  4.63737170E-01  1.05390059E+00  1.30554904E+00  2.44539169E-02
   37850 -3.79383969E-01  4.85692578E-01  9.78672100E-01  1.23791023E+00  2.47196604E-02
   37900 -2.50544338E-01  3.87978871E-01  1.07654897E+00  1.26337514E+00  3.83353401E-02
   37950 -3.00084686E-01  3.58749204E-01  1.06268746E+00  1.22693850E+00  6.43999011E-02
   38000 -3.48724343E-01  4.07594949E-01  1.10969372E+00  1.28840375E+00  2.08846897E-02
   38050 -2.76242304E-01  4.22330275E-01  1.12350793E+00  1.29024902E+00  3.81700873E-02
   38100 -3.34661442E-01  4.71683969E-01  1.06971699E+00  1.28920470E+00  5.72625098E-02
   38150 -3.69355145E-01  4.20570485E-01  1.06502790E+00  1.27787031E+00  5.16301489E-02
   38200 -3.35066868E-01  5.67076911E-01  1.09224934E+00  1.31573769E+00  2.81209897E-02
   38250 -4.05432064E-01  5.41079316E-01  1.01263084E+00  1.27676155E+00  2.89041340E-02
   38300 -3.65056648E-01  5.75585836E-01  9.83510409E-01  1.26830357E+00  4.12650635E-02
   38350 -4.20078995E-01  6.45532912E-01  9.37795651E-01  1.27192143E+00  2.13704644E-02
   38400 -3.82871094E-01  5.24137575E-01  9.69744929E-01  1.27919241E+00  4.35348581E-02
   38450 -3.43371383E-01  5.06688849E-01  9.52435897E-01  1.26139858E+00  4.13222302E-02
   38500 -3.07238372E-01  5.90816692E-01  1.02877756E+00  1.32597351E+00  3.58268963E-02
   38550 -3.06793951E-01  6.03921320E-01  9.67168309E-01  1.27387265E+00  3.48141354E-02
   38600 -3.14018278E-01  5.88599006E-01  9.79829487E-01  1.28057473E+00  3.63080431E-02
   38650 -3.16453591E-01  5.61843842E-01  9.57859025E-01  1.27652836E+00  4.69954144E-02
   38700 -3.95119828E-01  5.24734505E-01  9.73270133E-01  1.31490260E+00  5.08730520E-02
   38750 -3.81834894E-01  6.82846150E-01  8.78752981E-01  1.31679751E+00  3.15453663E-02
   38800 -3.96459162E-01  6.04600293E-01  9.17857325E-01  1.31053038E+00  1.47802707E-02
   38850 -3.28270109E-01  5.89485249E-01  8.94032530E-01  1.27635475E+00  2.27101706E-02
   38900 -3.29827490E-01  5.58181125E-01  9.60401063E-01  1.33855839E+00  1.80897130E-02
   38950 -2.16771691E-01  4.29722392E-01  9.87175408E-01  1.28874545E+00  4.49719736E-02
   39000 -2.78709944E-01  3.74595548E-01  9.93514179E-01  1.28063199E+00  3.17837223E-02
   39050 -1.77215899E-01  3.84550471E-01  9.46555852E-01  1.24190167E+00  4.12928347E-02
   39100 -1.91154545E-01  3.85419380E-01  9.69531123E-01  1.28618155E+00  5.37291828E-02
   39150 -3.24875877E-01  3.69528264E-01  1.02237432E+00  1.31411516E+00  3.73017924E-02
   39200 -3.57411721E-01  3.49068316E-01  9.01624561E-01  1.25603299E+00  6.11407065E-02
   39250 -4.04413391E-01  4.23610936E-01  8.86395283E-01  1.26153280E+00  4.00224661E-02
   39300 -3.49400097E-01  4.40790599E-01  8.95131646E-01  1.27589348E+00  6.50125577E-02
   39350 -3.97782135E-01  5.21526471E-01  9.10846591E-01  1.32422262E+00  4.08615738E-02
   39400 -4.51993433E-01  5.05336413E-01  9.22462017E-01  1.31689566E+00  2.55785623E-02
   39450 -3.66036299E-01  4.28408251E-01  8.41603787E-01  1.22384506E+00  5.16684486E-02
   39500 -4.94139908E-01  4.29155899E-01  8.75951525E-01  1.32551820E+00  2.48826888E-02
   39550 -6.03900299E-01  4.36769813E-01  7.90887437E-01  1.32813475E+00  1.64228510E-02
   39600 -5.94895789E-01  3.78817990E-01  7.49743244E-01  1.29662911E+00  1.97241440E-02
   39650 -6.82975596E-01  3.82918740E-01  6.94007132E-01  1.29061307E+00  6.50788352E-02
   39700 -6.32162680E-01  3.05297950E-01  6.94597314E-01  1.25724277E+00  3.89371638E-02
   39750 -6.28665771E-01  3.57098330E-01  7.11693333E-01  1.27671142E+00  4.56157696E-02
   39800 -5.74195115E-01  3.56034057E-01  7.11023823E-01  1.28095725E+00  2.36380396E-02
   39850 -6.06078034E-01  3.65728654E-01  7.78958811E-01  1.30244204E+00  4.07264083E-02
   39900 -6.90606759E-01  2.56358964E-01  7.48233586E-01  1.29728916E+00  3.45542945E-02
   39950 -6.05095864E-01  2.57736738E-01  6.52530141E-01  1.27435607E+00  6.21014331E-02
