   #Iter             <M>           <M^2>           <M^4>      U_{Binder}            \chi        C_v(tot)             <E>       <E_{exc}>       <E_{lsf}>
       1  1.27972949E+00  1.63931911E+00  2.69766622E+00  6.65389197E-01  1.86443456E-03  2.58446710E+00 -6.26709005E+00 -6.26709005E+00  0.00000000E+00
      11  1.29130198E+00  1.67107315E+00  2.81648290E+00  6.63802143E-01  4.17919941E-03  2.98621841E+00 -6.45746561E+00 -6.45746561E+00  0.00000000E+00
      21  1.27325090E+00  1.62529382E+00  2.66809515E+00  6.63320798E-01  4.77342664E-03  2.06049867E+00 -6.39039855E+00 -6.39039855E+00  0.00000000E+00
      31  1.27086115E+00  1.61827541E+00  2.63923685E+00  6.64067329E-01  3.68750500E-03  1.94367671E+00 -6.40304182E+00 -6.40304182E+00  0.00000000E+00
      41  1.27711716E+00  1.63388268E+00  2.68800901E+00  6.64364626E-01  3.30235737E-03  2.16774242E+00 -6.41148960E+00 -6.41148960E+00  0.00000000E+00
      51  1.27947827E+00  1.64049175E+00  2.71318292E+00  6.63945497E-01  3.96490423E-03  2.43268593E+00 -6.41968937E+00 -6.41968937E+00  0.00000000E+00
      61  1.27563674E+00  1.63067578E+00  2.68096764E+00  6.63925877E-01  3.96442887E-03  2.38357950E+00 -6.40475379E+00 -6.40475379E+00  0.00000000E+00
      71  1.27869281E+00  1.63906869E+00  2.71233689E+00  6.63466684E-01  4.64317691E-03  2.40758587E+00 -6.40348652E+00 -6.40348652E+00  0.00000000E+00
      81  1.28158015E+00  1.64641023E+00  2.73603096E+00  6.63547593E-01  4.58436622E-03  2.13895434E+00 -6.40523412E+00 -6.40523412E+00  0.00000000E+00
      91  1.27857688E+00  1.63858337E+00  2.70942150E+00  6.63629245E-01  4.42469631E-03  2.21385728E+00 -6.40173921E+00 -6.40173921E+00  0.00000000E+00
     101  1.27967627E+00  1.64115313E+00  2.71639915E+00  6.63818262E-01  4.14385296E-03  2.22385948E+00 -6.40984096E+00 -6.40984096E+00  0.00000000E+00
     111  1.27686053E+00  1.63394940E+00  2.69271931E+00  6.63803939E-01  4.13782903E-03  2.24588502E+00 -6.40725110E+00 -6.40725110E+00  0.00000000E+00
     121  1.27495265E+00  1.62900399E+00  2.67609424E+00  6.63847881E-01  4.04891640E-03  2.30516196E+00 -6.40474175E+00 -6.40474175E+00  0.00000000E+00
     131  1.27724975E+00  1.63487143E+00  2.69529908E+00  6.63861312E-01  4.05442582E-03  2.34324325E+00 -6.41271915E+00 -6.41271915E+00  0.00000000E+00
     141  1.28033791E+00  1.64260848E+00  2.71970816E+00  6.64004913E-01  3.86796822E-03  2.26346364E+00 -6.41479737E+00 -6.41479737E+00  0.00000000E+00
     151  1.27953278E+00  1.64047541E+00  2.71224142E+00  6.64055421E-01  3.78462560E-03  2.20972379E+00 -6.41588813E+00 -6.41588813E+00  0.00000000E+00
     161  1.27815557E+00  1.63682100E+00  2.69940983E+00  6.64150124E-01  3.63196451E-03  2.30070659E+00 -6.41862584E+00 -6.41862584E+00  0.00000000E+00
     171  1.27672166E+00  1.63309999E+00  2.68686512E+00  6.64185799E-01  3.56541274E-03  2.26881800E+00 -6.42511181E+00 -6.42511181E+00  0.00000000E+00
     181  1.27544150E+00  1.62973742E+00  2.67526673E+00  6.64254222E-01  3.45503331E-03  2.20112838E+00 -6.42276957E+00 -6.42276957E+00  0.00000000E+00
     191  1.27705689E+00  1.63378312E+00  2.68798980E+00  6.64326116E-01  3.36528895E-03  2.18899863E+00 -6.43232055E+00 -6.43232055E+00  0.00000000E+00
     201  1.27713802E+00  1.63398951E+00  2.68868778E+00  6.64323769E-01  3.36431908E-03  2.19985712E+00 -6.42994552E+00 -6.42994552E+00  0.00000000E+00
     211  1.27909475E+00  1.63891774E+00  2.70438119E+00  6.64391975E-01  3.27912710E-03  2.19539841E+00 -6.43082307E+00 -6.43082307E+00  0.00000000E+00
     221  1.28047318E+00  1.64240944E+00  2.71563957E+00  6.64426229E-01  3.23693720E-03  2.23692718E+00 -6.43257613E+00 -6.43257613E+00  0.00000000E+00
     231  1.28127967E+00  1.64441912E+00  2.72188174E+00  6.64476487E-01  3.17173740E-03  2.20543195E+00 -6.43534668E+00 -6.43534668E+00  0.00000000E+00
     241  1.28293157E+00  1.64863533E+00  2.73566773E+00  6.64499722E-01  3.14905603E-03  2.19262811E+00 -6.43778462E+00 -6.43778462E+00  0.00000000E+00
     251  1.28180723E+00  1.64571572E+00  2.72579223E+00  6.64523688E-01  3.10742147E-03  2.20882986E+00 -6.43456609E+00 -6.43456609E+00  0.00000000E+00
     261  1.28056744E+00  1.64256353E+00  2.71556667E+00  6.64498192E-01  3.13589840E-03  2.20626122E+00 -6.43593955E+00 -6.43593955E+00  0.00000000E+00
     271  1.28089933E+00  1.64338294E+00  2.71806777E+00  6.64523984E-01  3.10037131E-03  2.22613981E+00 -6.43788254E+00 -6.43788254E+00  0.00000000E+00
     281  1.28110888E+00  1.64390311E+00  2.71966541E+00  6.64539190E-01  3.08103871E-03  2.21311770E+00 -6.43691957E+00 -6.43691957E+00  0.00000000E+00
     291  1.28184198E+00  1.64579615E+00  2.72600960E+00  6.64529728E-01  3.09742749E-03  2.20668125E+00 -6.43701578E+00 -6.43701578E+00  0.00000000E+00
     301  1.28162861E+00  1.64530784E+00  2.72479590E+00  6.64480018E-01  3.16526235E-03  2.20762182E+00 -6.43512081E+00 -6.43512081E+00  0.00000000E+00
     311  1.28109872E+00  1.64394699E+00  2.72029042E+00  6.64480012E-01  3.16195142E-03  2.18604993E+00 -6.43484277E+00 -6.43484277E+00  0.00000000E+00
     321  1.28074131E+00  1.64306627E+00  2.71763725E+00  6.64447813E-01  3.20231799E-03  2.18213702E+00 -6.43607096E+00 -6.43607096E+00  0.00000000E+00
     331  1.28110804E+00  1.64400893E+00  2.72077814E+00  6.64445145E-01  3.20598289E-03  2.14274634E+00 -6.43462692E+00 -6.43462692E+00  0.00000000E+00
     341  1.28107479E+00  1.64390648E+00  2.72033812E+00  6.64457589E-01  3.18601299E-03  2.15339238E+00 -6.43293516E+00 -6.43293516E+00  0.00000000E+00
     351  1.28125085E+00  1.64431432E+00  2.72140947E+00  6.64491937E-01  3.13593470E-03  2.12450022E+00 -6.43517953E+00 -6.43517953E+00  0.00000000E+00
     361  1.28044109E+00  1.64228506E+00  2.71499182E+00  6.64455453E-01  3.18810268E-03  2.18327297E+00 -6.43089131E+00 -6.43089131E+00  0.00000000E+00
     371  1.28121915E+00  1.64424174E+00  2.72120238E+00  6.64487852E-01  3.14594782E-03  2.20837386E+00 -6.43203309E+00 -6.43203309E+00  0.00000000E+00
     381  1.28192693E+00  1.64608415E+00  2.72745909E+00  6.64468791E-01  3.17864272E-03  2.19855113E+00 -6.43422676E+00 -6.43422676E+00  0.00000000E+00
     391  1.28203760E+00  1.64633618E+00  2.72808912E+00  6.64494029E-01  3.14194313E-03  2.24374478E+00 -6.43293357E+00 -6.43293357E+00  0.00000000E+00
     401  1.28228919E+00  1.64695931E+00  2.73001159E+00  6.64511609E-01  3.11646658E-03  2.25462951E+00 -6.43431271E+00 -6.43431271E+00  0.00000000E+00
     411  1.28146668E+00  1.64484138E+00  2.72297211E+00  6.64514394E-01  3.10578841E-03  2.26718387E+00 -6.43121774E+00 -6.43121774E+00  0.00000000E+00
     421  1.28255329E+00  1.64761206E+00  2.73201424E+00  6.64531475E-01  3.08797536E-03  2.25397349E+00 -6.43139889E+00 -6.43139889E+00  0.00000000E+00
     431  1.28331858E+00  1.64956455E+00  2.73839814E+00  6.64543118E-01  3.07507154E-03  2.21591570E+00 -6.43404170E+00 -6.43404170E+00  0.00000000E+00
     441  1.28256839E+00  1.64766382E+00  2.73225483E+00  6.64523009E-01  3.10302059E-03  2.27387361E+00 -6.43432758E+00 -6.43432758E+00  0.00000000E+00
     451  1.28153111E+00  1.64501593E+00  2.72359506E+00  6.64508851E-01  3.11668415E-03  2.24614349E+00 -6.43307388E+00 -6.43307388E+00  0.00000000E+00
     461  1.28148090E+00  1.64494200E+00  2.72369222E+00  6.64466726E-01  3.18004529E-03  2.28889510E+00 -6.43118143E+00 -6.43118143E+00  0.00000000E+00
     471  1.28042346E+00  1.64229857E+00  2.71538288E+00  6.64412640E-01  3.25596297E-03  2.25988482E+00 -6.43164213E+00 -6.43164213E+00  0.00000000E+00
     481  1.28011973E+00  1.64154885E+00  2.71310535E+00  6.64387770E-01  3.28835274E-03  2.26343609E+00 -6.43057200E+00 -6.43057200E+00  0.00000000E+00
     491  1.27990087E+00  1.64100328E+00  2.71141405E+00  6.64373929E-01  3.30539089E-03  2.25118430E+00 -6.42899566E+00 -6.42899566E+00  0.00000000E+00
     501  1.28039803E+00  1.64225066E+00  2.71535995E+00  6.64395897E-01  3.27586650E-03  2.23254745E+00 -6.43042795E+00 -6.43042795E+00  0.00000000E+00
     511  1.28016211E+00  1.64163577E+00  2.71326355E+00  6.64403740E-01  3.26337807E-03  2.23084623E+00 -6.43130541E+00 -6.43130541E+00  0.00000000E+00
     521  1.27979050E+00  1.64070487E+00  2.71032379E+00  6.64386836E-01  3.28699676E-03  2.23035707E+00 -6.43095461E+00 -6.43095461E+00  0.00000000E+00
     531  1.27928857E+00  1.63941171E+00  2.70601157E+00  6.64391983E-01  3.27693287E-03  2.23628748E+00 -6.42952941E+00 -6.42952941E+00  0.00000000E+00
     541  1.27932498E+00  1.63949943E+00  2.70627237E+00  6.64395551E-01  3.27064061E-03  2.22880043E+00 -6.42934344E+00 -6.42934344E+00  0.00000000E+00
     551  1.27971499E+00  1.64053148E+00  2.70989262E+00  6.64369290E-01  3.30998966E-03  2.22662437E+00 -6.42996122E+00 -6.42996122E+00  0.00000000E+00
     561  1.28015909E+00  1.64164868E+00  2.71344102E+00  6.64387068E-01  3.28725559E-03  2.23809409E+00 -6.43098639E+00 -6.43098639E+00  0.00000000E+00
     571  1.28048180E+00  1.64244806E+00  2.71589599E+00  6.64410325E-01  3.25607741E-03  2.23929393E+00 -6.43274966E+00 -6.43274966E+00  0.00000000E+00
     581  1.28129464E+00  1.64452506E+00  2.72272383E+00  6.64415922E-01  3.24992267E-03  2.24757173E+00 -6.43543797E+00 -6.43543797E+00  0.00000000E+00
     591  1.28167375E+00  1.64547217E+00  2.72569323E+00  6.64436560E-01  3.22151880E-03  2.24426808E+00 -6.43595016E+00 -6.43595016E+00  0.00000000E+00
     601  1.28209931E+00  1.64653530E+00  2.72901763E+00  6.64461007E-01  3.18922366E-03  2.20298842E+00 -6.43675895E+00 -6.43675895E+00  0.00000000E+00
     611  1.28219386E+00  1.64677188E+00  2.72975356E+00  6.64466952E-01  3.18245456E-03  2.19090840E+00 -6.43675924E+00 -6.43675924E+00  0.00000000E+00
     621  1.28256708E+00  1.64770558E+00  2.73268996E+00  6.64486591E-01  3.15522268E-03  2.16737681E+00 -6.43754600E+00 -6.43754600E+00  0.00000000E+00
     631  1.28284462E+00  1.64839023E+00  2.73478052E+00  6.64508778E-01  3.12358710E-03  2.16134599E+00 -6.43733644E+00 -6.43733644E+00  0.00000000E+00
     641  1.28348293E+00  1.65002214E+00  2.74013517E+00  6.64516481E-01  3.11640202E-03  2.14361330E+00 -6.43760933E+00 -6.43760933E+00  0.00000000E+00
     651  1.28343963E+00  1.64992735E+00  2.73992439E+00  6.64503743E-01  3.13533697E-03  2.14514019E+00 -6.43798445E+00 -6.43798445E+00  0.00000000E+00
     661  1.28360411E+00  1.65033542E+00  2.74118317E+00  6.64515576E-01  3.11896138E-03  2.13812719E+00 -6.43850504E+00 -6.43850504E+00  0.00000000E+00
     671  1.28343367E+00  1.64990961E+00  2.73984233E+00  6.64506578E-01  3.13250285E-03  2.10933055E+00 -6.43917503E+00 -6.43917503E+00  0.00000000E+00
     681  1.28421707E+00  1.65196044E+00  2.74690021E+00  6.64476965E-01  3.17800338E-03  2.12355417E+00 -6.43939065E+00 -6.43939065E+00  0.00000000E+00
     691  1.28396791E+00  1.65130442E+00  2.74462486E+00  6.64488467E-01  3.15933840E-03  2.11247931E+00 -6.43958794E+00 -6.43958794E+00  0.00000000E+00
     701  1.28358548E+00  1.65031121E+00  2.74127056E+00  6.64495037E-01  3.14628753E-03  2.09369640E+00 -6.43943948E+00 -6.43943948E+00  0.00000000E+00
     711  1.28360700E+00  1.65037458E+00  2.74152712E+00  6.64489405E-01  3.15569203E-03  2.10146373E+00 -6.43919342E+00 -6.43919342E+00  0.00000000E+00
     721  1.28414809E+00  1.65177298E+00  2.74621970E+00  6.64483942E-01  3.16611513E-03  2.09923474E+00 -6.43894820E+00 -6.43894820E+00  0.00000000E+00
     731  1.28467387E+00  1.65311388E+00  2.75060037E+00  6.64493685E-01  3.15483697E-03  2.11848931E+00 -6.44010857E+00 -6.44010857E+00  0.00000000E+00
     741  1.28437465E+00  1.65234655E+00  2.74807008E+00  6.64490925E-01  3.15643428E-03  2.12184739E+00 -6.43972050E+00 -6.43972050E+00  0.00000000E+00
     751  1.28461075E+00  1.65293817E+00  2.74993840E+00  6.64503113E-01  3.13916658E-03  2.09970551E+00 -6.43961172E+00 -6.43961172E+00  0.00000000E+00
     761  1.28419118E+00  1.65185595E+00  2.74632384E+00  6.64504924E-01  3.13405473E-03  2.10167473E+00 -6.43827576E+00 -6.43827576E+00  0.00000000E+00
     771  1.28416993E+00  1.65178440E+00  2.74597688E+00  6.64518247E-01  3.11440773E-03  2.08466054E+00 -6.43798735E+00 -6.43798735E+00  0.00000000E+00
     781  1.28446952E+00  1.65254030E+00  2.74839324E+00  6.64530146E-01  3.09863534E-03  2.07431703E+00 -6.43887525E+00 -6.43887525E+00  0.00000000E+00
     791  1.28471837E+00  1.65317834E+00  2.75049125E+00  6.64533159E-01  3.09712710E-03  2.07921277E+00 -6.43740916E+00 -6.43740916E+00  0.00000000E+00
