   #Iter           <M>_x           <M>_y           <M>_z             <M>        M_{stdv}
       0  5.14579856E-01  3.49623385E-01 -4.57509381E-01  1.78672478E+00  1.10053969E-02
      50  4.93372796E-01  3.06156497E-01 -4.62664735E-01  1.77685045E+00  1.15064271E-02
     100  5.14066286E-01  3.40537185E-01 -4.60240822E-01  1.79893573E+00  7.64131487E-03
     150  5.10791036E-01  3.34231049E-01 -4.26347676E-01  1.78761194E+00  2.40313752E-02
     200  5.31890235E-01  3.38346505E-01 -3.92199721E-01  1.80001632E+00  1.26027762E-02
     250  4.82699634E-01  3.53572688E-01 -3.80705322E-01  1.78518174E+00  1.84688036E-02
     300  4.49079760E-01  3.20158186E-01 -3.56460472E-01  1.80569996E+00  1.83603038E-02
     350  4.37299527E-01  3.28151805E-01 -3.63530977E-01  1.77924947E+00  3.12982911E-02
     400  4.50701128E-01  2.78735181E-01 -3.58344533E-01  1.77274176E+00  1.60468311E-02
     450  4.50901604E-01  2.17816278E-01 -3.66839083E-01  1.78256753E+00  1.61993023E-02
     500  4.59179866E-01  2.28167290E-01 -3.33603966E-01  1.77754757E+00  1.08289590E-02
     550  4.29872405E-01  2.46518422E-01 -2.92138174E-01  1.78334925E+00  1.39381407E-02
     600  4.41834287E-01  3.00598316E-01 -3.17589442E-01  1.79348754E+00  7.36697501E-03
     650  4.34473996E-01  3.02506017E-01 -3.13487014E-01  1.78942783E+00  1.07610338E-02
     700  4.30055124E-01  2.64336993E-01 -3.28919298E-01  1.80729890E+00  1.78043775E-02
     750  4.05641944E-01  2.45232526E-01 -3.09490827E-01  1.82442893E+00  1.73084463E-02
     800  3.70219001E-01  2.39722684E-01 -2.94157854E-01  1.79409546E+00  1.66713577E-02
     850  4.26766464E-01  2.87360913E-01 -3.15877128E-01  1.79732779E+00  1.15346152E-02
     900  4.53902413E-01  3.05044175E-01 -3.17107348E-01  1.80992976E+00  1.89032631E-02
     950  4.70615099E-01  3.25689666E-01 -3.05677227E-01  1.79305453E+00  1.29575921E-02
    1000  4.60399164E-01  3.69065077E-01 -2.97000979E-01  1.78349864E+00  2.56039914E-02
    1050  4.84680921E-01  3.80977908E-01 -2.75805120E-01  1.78104161E+00  2.41010997E-02
    1100  4.84534138E-01  3.84500417E-01 -2.70407516E-01  1.77487986E+00  2.49575353E-02
    1150  4.48679189E-01  3.87473249E-01 -2.75351035E-01  1.76840240E+00  1.87271508E-02
    1200  4.72158429E-01  3.00037013E-01 -2.52956376E-01  1.77110280E+00  1.64263611E-02
    1250  4.77120375E-01  2.45255949E-01 -2.61142844E-01  1.77350915E+00  1.52527535E-02
    1300  4.70620901E-01  2.14181099E-01 -2.70593451E-01  1.76202038E+00  7.27675242E-03
    1350  5.00514296E-01  2.47133285E-01 -2.65456382E-01  1.77422655E+00  1.02577176E-02
    1400  5.14536303E-01  2.30513794E-01 -2.68428635E-01  1.78332473E+00  8.62760635E-03
    1450  5.40910624E-01  2.11788600E-01 -2.49541296E-01  1.78417175E+00  2.04990628E-02
    1500  5.27473012E-01  2.21468090E-01 -2.77728995E-01  1.79190924E+00  2.33170073E-02
    1550  5.06871022E-01  1.79617378E-01 -2.68093398E-01  1.80096240E+00  1.19795286E-02
    1600  4.90260603E-01  1.81982244E-01 -2.89447338E-01  1.78504497E+00  1.01990107E-02
    1650  5.01969527E-01  1.75200935E-01 -2.62600048E-01  1.78090246E+00  2.01267185E-02
    1700  5.03939103E-01  1.70768125E-01 -2.84822638E-01  1.78052768E+00  2.32237279E-02
    1750  5.29906758E-01  2.20722893E-01 -2.30483738E-01  1.78072634E+00  1.65400576E-02
    1800  5.19464520E-01  2.94898949E-01 -2.32137009E-01  1.78044891E+00  2.17266741E-02
    1850  5.65484747E-01  3.28381912E-01 -2.02725503E-01  1.77931578E+00  1.63678745E-02
    1900  6.20823189E-01  3.52961334E-01 -1.91726368E-01  1.78380002E+00  2.80348921E-02
    1950  6.27150160E-01  3.28487916E-01 -1.86234317E-01  1.78875778E+00  1.39161132E-02
    2000  5.72905080E-01  3.58165990E-01 -1.90334878E-01  1.79239094E+00  1.33664998E-02
    2050  5.52732922E-01  3.80981736E-01 -1.78792593E-01  1.78682320E+00  1.80985621E-02
    2100  5.75740910E-01  4.11237785E-01 -1.92927424E-01  1.77804563E+00  2.35969774E-02
    2150  6.17565598E-01  4.41055640E-01 -2.33085101E-01  1.78142642E+00  3.51877694E-02
    2200  5.54872446E-01  4.32359938E-01 -1.92413277E-01  1.77912145E+00  1.51583486E-02
    2250  5.64406309E-01  4.89508140E-01 -1.42240631E-01  1.77926641E+00  1.11299093E-02
    2300  5.45298015E-01  5.04910084E-01 -1.60287703E-01  1.78535938E+00  1.35115171E-02
    2350  5.40042023E-01  4.59379384E-01 -2.01849840E-01  1.79703251E+00  1.60459910E-02
    2400  5.30543680E-01  4.49227126E-01 -1.79055378E-01  1.78683894E+00  2.15893011E-02
    2450  4.70192563E-01  5.19727112E-01 -1.54341233E-01  1.78176818E+00  2.22242293E-02
    2500  5.26119315E-01  4.99194361E-01 -1.46826818E-01  1.80266507E+00  1.73801418E-02
    2550  4.69802637E-01  4.97296961E-01 -1.12619707E-01  1.77994421E+00  1.09260190E-02
    2600  4.30655303E-01  4.83341163E-01 -1.05666192E-01  1.79041703E+00  1.86615063E-02
    2650  4.31529935E-01  4.37607826E-01 -9.99274370E-02  1.76442157E+00  1.40191940E-02
    2700  4.54959319E-01  4.25906628E-01 -1.02421837E-01  1.77565735E+00  2.16818463E-02
    2750  4.77265119E-01  4.39685011E-01 -1.23344186E-01  1.77311631E+00  1.89820218E-02
    2800  4.44592958E-01  4.14273025E-01 -1.13028810E-01  1.78412363E+00  7.17354305E-03
    2850  4.53708770E-01  3.98276583E-01 -1.29117958E-01  1.78769727E+00  1.96880315E-02
    2900  4.17359918E-01  3.87421092E-01 -9.33587876E-02  1.77975135E+00  2.22550395E-02
    2950  4.10698646E-01  3.77673862E-01 -8.40388694E-02  1.79880453E+00  1.17307500E-02
    3000  4.08952327E-01  3.87147992E-01 -8.38458264E-02  1.78562181E+00  1.76528287E-02
    3050  4.09094153E-01  3.65690943E-01 -1.05249109E-01  1.78818607E+00  1.80107151E-02
    3100  3.64891426E-01  3.60359537E-01 -9.87881079E-02  1.79005109E+00  1.07505492E-02
    3150  3.29206374E-01  3.61687569E-01 -8.85303110E-02  1.77456433E+00  2.17347124E-02
    3200  3.22104427E-01  3.67667285E-01 -8.12805390E-02  1.78486127E+00  1.17891219E-02
    3250  3.02211613E-01  3.48621930E-01 -6.01813553E-02  1.77907146E+00  1.22256635E-02
    3300  2.98595486E-01  3.16298226E-01 -6.55859341E-02  1.77617211E+00  1.83068547E-02
    3350  2.83298474E-01  3.27573185E-01 -7.80985373E-02  1.77829056E+00  1.89475916E-02
    3400  2.74271331E-01  3.19997161E-01 -8.65076369E-02  1.77260484E+00  5.46818090E-03
    3450  2.22982555E-01  2.64305238E-01 -5.70330231E-02  1.78155718E+00  1.35243703E-02
    3500  2.40427089E-01  2.33538124E-01 -9.21291794E-02  1.78176445E+00  2.28262911E-02
    3550  2.82358396E-01  2.32947835E-01 -1.14557772E-01  1.78304591E+00  2.12709008E-02
    3600  2.69551337E-01  2.39017483E-01 -1.23536620E-01  1.78499851E+00  1.55078225E-02
    3650  2.90071976E-01  2.11936108E-01 -1.63829166E-01  1.79388063E+00  1.06700371E-02
    3700  2.71886454E-01  2.36811463E-01 -1.28081938E-01  1.79445071E+00  1.50824876E-02
    3750  2.94556820E-01  2.28579032E-01 -1.50625909E-01  1.79290830E+00  2.01102704E-02
    3800  2.87066177E-01  2.14517969E-01 -1.21913771E-01  1.78995225E+00  7.66678256E-03
    3850  2.76053630E-01  2.61910409E-01 -1.25051864E-01  1.78318042E+00  5.94521788E-03
    3900  2.99451033E-01  2.69435793E-01 -1.15987236E-01  1.79467580E+00  3.09061385E-02
    3950  2.95831375E-01  2.72796462E-01 -9.58707489E-02  1.79603173E+00  1.43031750E-02
    4000  3.17851083E-01  2.98750010E-01 -1.17597462E-01  1.80540547E+00  1.33210855E-02
    4050  3.46632792E-01  2.96388068E-01 -1.23800100E-01  1.78124991E+00  2.37097244E-02
    4100  3.57633848E-01  2.69920354E-01 -1.11726745E-01  1.79178782E+00  1.81373135E-02
    4150  3.65663145E-01  2.51383162E-01 -1.00417253E-01  1.77888984E+00  1.66344419E-02
    4200  3.95802751E-01  2.66852732E-01 -1.09537230E-01  1.79998655E+00  1.06559115E-02
    4250  3.94828954E-01  2.53074101E-01 -1.21642345E-01  1.78704757E+00  1.04349205E-02
    4300  4.05517305E-01  1.84876623E-01 -1.15872498E-01  1.76628603E+00  1.96804861E-02
    4350  4.10206092E-01  1.67062682E-01 -9.73607854E-02  1.78182487E+00  1.58353175E-02
    4400  3.59942367E-01  1.50599628E-01 -1.09488193E-01  1.78258545E+00  1.18670942E-02
    4450  3.72808479E-01  2.02336214E-01 -7.91579654E-02  1.78497604E+00  2.15076249E-02
    4500  4.02757517E-01  2.68330541E-01 -8.18439169E-02  1.79206069E+00  3.98700111E-03
    4550  3.99839029E-01  2.48822536E-01 -9.16983642E-02  1.78330019E+00  1.40508836E-02
    4600  4.21463799E-01  2.22813488E-01 -6.66323798E-02  1.78360204E+00  1.12571889E-02
    4650  4.48789695E-01  2.40623277E-01 -1.00222664E-01  1.77878237E+00  1.96176349E-02
    4700  4.92116099E-01  2.32153720E-01 -8.70355612E-02  1.77842371E+00  2.26660086E-02
    4750  4.76548112E-01  2.34175996E-01 -1.08040167E-01  1.78762845E+00  1.25953402E-02
    4800  4.61387672E-01  1.86689650E-01 -6.59388483E-02  1.79498609E+00  1.09173329E-02
    4850  4.90768999E-01  1.89070383E-01 -7.64350701E-02  1.79641682E+00  1.39795283E-02
    4900  4.68185744E-01  1.63907375E-01 -6.93197332E-02  1.77890497E+00  3.91487418E-03
    4950  4.57620335E-01  1.50329310E-01 -9.38486160E-02  1.77495110E+00  3.20471951E-02
    5000  4.58521879E-01  1.21078306E-01 -8.72908443E-02  1.75989927E+00  2.86603889E-02
    5050  4.77944216E-01  1.90013777E-01 -1.14607713E-01  1.78401182E+00  1.60121737E-02
    5100  4.89041578E-01  1.67494224E-01 -1.27847485E-01  1.77613760E+00  1.31439824E-02
    5150  5.07290635E-01  1.78599595E-01 -1.28215786E-01  1.76789235E+00  1.67820344E-02
    5200  5.11594687E-01  2.21518554E-01 -1.32938246E-01  1.76372129E+00  1.50012458E-02
    5250  4.85433188E-01  2.51989872E-01 -1.28785704E-01  1.76698932E+00  2.35993816E-02
    5300  4.77622218E-01  2.81365178E-01 -1.51655827E-01  1.76137535E+00  1.89278313E-02
    5350  4.54644739E-01  2.57205663E-01 -1.55014313E-01  1.76058855E+00  1.93172405E-02
    5400  4.86401794E-01  2.69365292E-01 -1.49991354E-01  1.77013102E+00  2.64773493E-02
    5450  4.93239648E-01  2.59602467E-01 -1.77157010E-01  1.77823086E+00  1.93318979E-02
    5500  5.32375918E-01  1.97095427E-01 -1.73968211E-01  1.76897862E+00  3.24846571E-02
    5550  5.28283650E-01  2.05469958E-01 -1.92779835E-01  1.76708893E+00  1.61843543E-02
    5600  5.08475258E-01  2.56399655E-01 -2.12621654E-01  1.76970947E+00  1.96353081E-02
    5650  4.93346344E-01  2.76100240E-01 -1.95494693E-01  1.77707223E+00  2.56693829E-02
    5700  5.13955139E-01  2.99100998E-01 -1.68266987E-01  1.78153344E+00  2.18206034E-02
    5750  5.18707872E-01  2.77796763E-01 -1.58776438E-01  1.76867286E+00  2.62956553E-02
    5800  5.64147054E-01  3.30844974E-01 -2.04867673E-01  1.78728067E+00  2.17722981E-02
    5850  5.65292948E-01  3.09581323E-01 -2.01136314E-01  1.77590118E+00  3.36795114E-02
    5900  5.74848308E-01  3.12518517E-01 -1.87186821E-01  1.79248059E+00  3.78214020E-02
    5950  5.35039243E-01  3.11515797E-01 -2.07389135E-01  1.78796738E+00  1.78532686E-02
    6000  5.73797447E-01  3.25143466E-01 -1.72072544E-01  1.78923537E+00  2.02416839E-02
    6050  5.71034311E-01  3.41510468E-01 -1.75180934E-01  1.77163117E+00  1.36903472E-02
    6100  6.23531266E-01  3.48621883E-01 -1.84994210E-01  1.77678180E+00  1.66421523E-02
    6150  6.13531535E-01  3.30559051E-01 -2.25829052E-01  1.78168603E+00  1.13980038E-02
    6200  6.38029455E-01  3.60118325E-01 -2.01780712E-01  1.78817328E+00  1.15195885E-02
    6250  6.58675153E-01  4.04579110E-01 -2.15456570E-01  1.77360378E+00  1.91920286E-02
    6300  6.74314732E-01  4.41559447E-01 -2.20221954E-01  1.77414032E+00  6.14814581E-03
    6350  7.14804533E-01  4.38610708E-01 -1.97882328E-01  1.77848868E+00  1.02456655E-02
    6400  7.26675537E-01  4.74629396E-01 -1.92762741E-01  1.77244889E+00  2.39238767E-02
    6450  7.09541588E-01  4.87749445E-01 -1.98222290E-01  1.78785836E+00  1.04656981E-02
    6500  6.96555819E-01  4.97915140E-01 -1.70235876E-01  1.79250247E+00  2.31896501E-02
    6550  7.16302371E-01  4.65737471E-01 -1.70782404E-01  1.78369498E+00  1.55304823E-02
    6600  7.28999275E-01  4.31143722E-01 -1.76016547E-01  1.77543183E+00  1.31552444E-02
    6650  7.23311815E-01  4.61777958E-01 -1.66877175E-01  1.78863851E+00  1.49204107E-02
    6700  7.08415794E-01  4.76157984E-01 -1.70423426E-01  1.79186028E+00  1.70047130E-02
    6750  6.71105143E-01  4.26679230E-01 -1.96571441E-01  1.76834137E+00  1.19870281E-02
    6800  7.16216548E-01  4.27767206E-01 -2.15003224E-01  1.78511600E+00  1.46127722E-02
    6850  7.32032521E-01  3.98469814E-01 -1.99020973E-01  1.77102750E+00  1.00519525E-02
    6900  7.06089293E-01  4.09313419E-01 -1.91706717E-01  1.79532409E+00  1.25808501E-02
    6950  6.93131213E-01  3.72675029E-01 -2.19519750E-01  1.79322486E+00  1.05789815E-02
    7000  6.94744013E-01  3.69748610E-01 -2.22911241E-01  1.79580594E+00  1.06434948E-02
    7050  7.01242609E-01  3.79861060E-01 -2.11949126E-01  1.79045865E+00  1.12393481E-02
    7100  6.95130646E-01  3.71430855E-01 -1.94096890E-01  1.78782561E+00  2.36537125E-02
    7150  6.88718030E-01  3.33513917E-01 -1.95496587E-01  1.79479226E+00  8.43262060E-03
    7200  6.64301580E-01  3.27065018E-01 -2.39021927E-01  1.79480537E+00  2.39793934E-02
    7250  6.94803080E-01  3.45709551E-01 -2.22815859E-01  1.76301935E+00  1.07660708E-02
    7300  6.70094051E-01  3.59042876E-01 -2.31240634E-01  1.77910263E+00  1.44864950E-02
    7350  6.49941237E-01  3.46817701E-01 -2.13304485E-01  1.79424750E+00  1.65573525E-02
    7400  6.42648437E-01  3.86592250E-01 -2.13921280E-01  1.78249737E+00  1.82676106E-02
    7450  6.44830165E-01  3.81094321E-01 -2.56560350E-01  1.77480518E+00  1.77764597E-02
    7500  6.53751678E-01  4.17178867E-01 -2.74269027E-01  1.78661990E+00  2.09199185E-02
    7550  6.26339682E-01  4.35679214E-01 -2.75360955E-01  1.78008693E+00  2.44378659E-02
    7600  6.62700551E-01  4.56377903E-01 -2.94156030E-01  1.78984634E+00  2.21141433E-02
    7650  6.59957031E-01  4.70957570E-01 -2.75530356E-01  1.78728692E+00  8.53544766E-03
    7700  7.20543504E-01  4.93645076E-01 -2.26576241E-01  1.79396475E+00  1.82683443E-02
    7750  7.37702172E-01  4.81069876E-01 -2.01637171E-01  1.79272070E+00  4.97263322E-03
    7800  7.45690320E-01  4.82458465E-01 -2.23810271E-01  1.79086048E+00  1.32659472E-02
    7850  7.04271562E-01  5.10030174E-01 -2.50017292E-01  1.79000050E+00  1.03918607E-02
    7900  6.63201288E-01  5.28558495E-01 -2.29318601E-01  1.79151811E+00  1.64929972E-02
    7950  6.95030092E-01  5.32880972E-01 -2.50119652E-01  1.78491395E+00  4.62157892E-03
    8000  7.11770039E-01  5.57126179E-01 -2.37864821E-01  1.77632671E+00  1.44869855E-02
    8050  7.39099614E-01  5.79912114E-01 -2.22188112E-01  1.78639110E+00  8.73970473E-03
    8100  6.98494257E-01  5.14135791E-01 -2.33819500E-01  1.78819302E+00  1.27048666E-02
    8150  7.07854608E-01  5.09325480E-01 -2.26309797E-01  1.78959808E+00  8.90068104E-03
    8200  7.41310289E-01  4.93852652E-01 -2.25597760E-01  1.78814194E+00  2.13373092E-02
    8250  7.92672937E-01  4.56375204E-01 -2.20164327E-01  1.77985730E+00  1.92039755E-02
    8300  7.82636991E-01  4.68494266E-01 -2.18569946E-01  1.77477382E+00  1.27169552E-02
    8350  7.88491880E-01  4.36657913E-01 -2.08293753E-01  1.78644653E+00  2.13469637E-02
    8400  7.59014187E-01  4.56644174E-01 -1.82132631E-01  1.77948500E+00  1.34711559E-02
    8450  7.81748008E-01  4.33286822E-01 -1.61216941E-01  1.77590498E+00  1.67591989E-02
    8500  7.52736273E-01  4.25366280E-01 -1.56671976E-01  1.77218396E+00  1.60187196E-02
    8550  7.36765217E-01  3.73286510E-01 -1.34194667E-01  1.77438426E+00  1.27861714E-02
    8600  7.55254876E-01  3.62080515E-01 -1.36918862E-01  1.78092336E+00  2.02381997E-02
    8650  7.26624154E-01  3.86227784E-01 -1.19880772E-01  1.77954264E+00  2.41808343E-02
    8700  7.18246136E-01  4.24457323E-01 -1.55504406E-01  1.78108658E+00  3.16779477E-02
    8750  7.01007872E-01  3.77591536E-01 -1.31996903E-01  1.77750673E+00  2.12924783E-02
    8800  7.02956213E-01  3.86041184E-01 -1.25517654E-01  1.78763954E+00  2.40364221E-02
    8850  6.97254473E-01  3.88565924E-01 -1.26704777E-01  1.78767606E+00  2.39755275E-02
    8900  7.10862583E-01  4.34456426E-01 -1.56848205E-01  1.78576548E+00  1.31643782E-02
    8950  7.29464540E-01  3.56476067E-01 -1.53743586E-01  1.78502371E+00  1.91598127E-02
    9000  7.27996450E-01  3.17205988E-01 -1.47202902E-01  1.78900186E+00  1.97595422E-02
    9050  7.34601746E-01  3.21117750E-01 -1.42805667E-01  1.79165426E+00  2.34348473E-02
    9100  7.33936392E-01  3.05753027E-01 -1.73259701E-01  1.77203469E+00  3.26705390E-03
    9150  7.34036524E-01  2.99007440E-01 -1.46349102E-01  1.78108107E+00  1.00049841E-02
    9200  7.59509183E-01  3.51593972E-01 -1.49122913E-01  1.77792428E+00  2.04909172E-02
    9250  7.07277261E-01  3.14838639E-01 -1.16051489E-01  1.78474527E+00  2.24310701E-02
    9300  6.85262862E-01  3.69453355E-01 -1.30339591E-01  1.79338452E+00  2.34557710E-02
    9350  6.88818680E-01  3.81899363E-01 -1.33576474E-01  1.77847126E+00  1.28335385E-02
    9400  6.87459544E-01  4.00884386E-01 -1.65126145E-01  1.78309677E+00  1.23365980E-02
    9450  6.92754594E-01  4.17788436E-01 -1.48598333E-01  1.76673162E+00  1.54971021E-02
    9500  7.55562363E-01  4.50307200E-01 -1.45713189E-01  1.77340247E+00  9.14322252E-03
    9550  7.87854874E-01  4.43190041E-01 -1.31674053E-01  1.78959073E+00  9.49472307E-03
    9600  7.74774965E-01  4.20614751E-01 -1.36544441E-01  1.79342945E+00  1.50853278E-02
    9650  7.60887338E-01  4.13464976E-01 -1.12699826E-01  1.78870170E+00  2.28717585E-02
    9700  7.47828648E-01  4.42835332E-01 -1.05517034E-01  1.77973093E+00  1.94417364E-02
    9750  7.42415816E-01  4.54767729E-01 -1.21473024E-01  1.77462138E+00  2.98583056E-02
    9800  7.35141207E-01  4.73143745E-01 -1.54234451E-01  1.76710815E+00  1.45638382E-02
    9850  7.60852982E-01  4.89728942E-01 -1.69262543E-01  1.78119868E+00  2.11809737E-02
    9900  7.85717430E-01  4.93559271E-01 -1.30716052E-01  1.77628060E+00  1.59049189E-02
    9950  8.22036158E-01  4.63396632E-01 -1.27870205E-01  1.78048970E+00  2.16079038E-02
   10000  8.44499594E-01  4.08191436E-01 -1.40560616E-01  1.77591381E+00  3.13509539E-02
   10050  8.65496976E-01  4.14619331E-01 -1.28301546E-01  1.78750407E+00  2.57305872E-02
   10100  8.86921576E-01  4.28137121E-01 -1.30504996E-01  1.77962343E+00  2.05407634E-02
   10150  8.73270118E-01  4.42735949E-01 -1.38584065E-01  1.78144465E+00  1.26794447E-02
   10200  8.81708726E-01  4.39329175E-01 -1.27349462E-01  1.76801641E+00  1.05022578E-02
   10250  8.81441526E-01  4.18882678E-01 -9.56256180E-02  1.78362358E+00  5.85359791E-03
   10300  8.69613364E-01  4.37522905E-01 -1.26865311E-01  1.80246200E+00  1.18054619E-02
   10350  8.61983686E-01  4.20431940E-01 -1.38065671E-01  1.77221248E+00  1.19959514E-02
   10400  8.62862767E-01  4.04043267E-01 -1.43175205E-01  1.77638625E+00  1.02552082E-02
   10450  8.90666307E-01  3.92087420E-01 -1.43385819E-01  1.79505093E+00  1.46554393E-02
   10500  8.95351186E-01  3.69577027E-01 -1.43166186E-01  1.77718571E+00  1.84006700E-02
   10550  9.06508822E-01  3.98503825E-01 -1.76320742E-01  1.79631219E+00  8.13459269E-03
   10600  9.30775414E-01  3.82093052E-01 -1.93502328E-01  1.79118015E+00  2.18027127E-02
   10650  9.17093194E-01  3.55464468E-01 -1.95624515E-01  1.79813294E+00  1.60975043E-02
   10700  8.79750004E-01  3.59568398E-01 -1.50315804E-01  1.79505078E+00  6.42217183E-03
   10750  8.43000232E-01  3.51993482E-01 -1.46968760E-01  1.78585726E+00  2.41070391E-02
   10800  8.02628386E-01  3.44816981E-01 -1.39877183E-01  1.78345187E+00  1.33228121E-02
   10850  8.31166939E-01  3.68037567E-01 -1.42441055E-01  1.79359132E+00  1.95293633E-02
   10900  8.58288468E-01  3.90337607E-01 -1.54422319E-01  1.79630043E+00  1.44329677E-02
   10950  8.38670921E-01  3.34404126E-01 -1.38431537E-01  1.79096762E+00  9.72972790E-03
   11000  8.51481704E-01  3.65770208E-01 -1.59682886E-01  1.79445172E+00  1.70277616E-02
   11050  8.60677912E-01  3.42276653E-01 -1.54294846E-01  1.78571267E+00  9.79003549E-03
   11100  8.53038381E-01  3.29089710E-01 -1.04156694E-01  1.78999056E+00  1.32526156E-02
   11150  8.83070367E-01  3.85844830E-01 -1.10620340E-01  1.80061844E+00  2.04982015E-02
   11200  9.23309386E-01  4.49617949E-01 -8.56547410E-02  1.79560234E+00  2.39467125E-02
   11250  9.20697148E-01  4.57558632E-01 -9.27329369E-02  1.78774350E+00  1.41701118E-02
   11300  9.07180778E-01  4.45791229E-01 -1.38723690E-01  1.77112121E+00  6.23407596E-03
   11350  9.36116409E-01  4.47600579E-01 -1.44082929E-01  1.77266222E+00  1.57206758E-02
   11400  9.18203397E-01  4.31915161E-01 -1.80490521E-01  1.76885154E+00  2.18924890E-02
   11450  9.02470608E-01  3.99076773E-01 -2.12513052E-01  1.76616563E+00  2.08359403E-02
   11500  9.17907132E-01  3.63291845E-01 -2.13662156E-01  1.76339229E+00  2.06510176E-02
   11550  9.29785724E-01  3.30085966E-01 -2.31982868E-01  1.75997075E+00  3.75510344E-02
   11600  9.46936170E-01  3.17344238E-01 -1.87333790E-01  1.76441938E+00  3.32231706E-02
   11650  9.54024531E-01  3.24567449E-01 -1.79087086E-01  1.76428051E+00  2.09498158E-02
   11700  1.00279033E+00  3.37309331E-01 -1.38384004E-01  1.77695169E+00  1.51732519E-02
   11750  1.04328536E+00  3.68023330E-01 -1.76457784E-01  1.78424768E+00  2.30664894E-02
   11800  1.01491808E+00  3.12905899E-01 -1.30227839E-01  1.78278590E+00  2.74445725E-02
   11850  9.96394078E-01  2.71273672E-01 -1.28392252E-01  1.79672531E+00  1.61663332E-02
   11900  9.74315556E-01  2.65936610E-01 -1.35814683E-01  1.79876017E+00  1.66304853E-02
   11950  9.79526523E-01  2.89973310E-01 -8.52733009E-02  1.80349985E+00  1.67197018E-02
   12000  9.69116249E-01  3.21402978E-01 -9.62716834E-02  1.78560931E+00  1.06027249E-02
   12050  9.32746872E-01  3.03768093E-01 -5.92091682E-02  1.79694039E+00  3.16496432E-02
   12100  9.39368159E-01  2.96438760E-01 -1.25235736E-01  1.78961658E+00  1.91868372E-02
   12150  9.85779599E-01  3.08644066E-01 -1.64303613E-01  1.78568201E+00  1.70123933E-02
   12200  9.92445426E-01  2.95936930E-01 -1.57454334E-01  1.79295819E+00  1.52706396E-02
   12250  9.81464186E-01  2.98868077E-01 -1.79455389E-01  1.79175675E+00  3.11136776E-02
   12300  9.84170152E-01  3.03219517E-01 -1.42790259E-01  1.79794686E+00  1.63287255E-02
   12350  9.43165812E-01  3.03761597E-01 -1.38894925E-01  1.80077414E+00  1.87140000E-02
   12400  9.87602701E-01  2.89756627E-01 -1.48032606E-01  1.80016848E+00  1.37303554E-02
   12450  9.83962151E-01  3.34487649E-01 -1.37731893E-01  1.78687054E+00  1.37598192E-02
   12500  9.66297932E-01  3.26392728E-01 -1.20718228E-01  1.78072955E+00  2.28588804E-02
   12550  9.84781755E-01  2.96084999E-01 -1.16983646E-01  1.77654606E+00  2.29057053E-02
   12600  1.02490459E+00  2.92722370E-01 -1.79044913E-01  1.77027772E+00  1.63223350E-02
   12650  1.04535836E+00  2.62997253E-01 -1.84351585E-01  1.78829621E+00  2.43495308E-03
   12700  1.05179171E+00  2.71865317E-01 -1.94846577E-01  1.77938154E+00  7.64000001E-03
   12750  1.06240642E+00  2.75005683E-01 -1.98571639E-01  1.79823832E+00  2.11712433E-02
   12800  1.05229153E+00  2.41436280E-01 -2.40162781E-01  1.79009094E+00  1.03434846E-02
   12850  1.05351723E+00  2.17489139E-01 -2.34035976E-01  1.76830378E+00  2.41293877E-02
   12900  1.00111919E+00  2.12466148E-01 -2.22135181E-01  1.79624298E+00  7.14621913E-03
   12950  9.50055988E-01  1.89724076E-01 -2.09991467E-01  1.79077532E+00  1.69969523E-02
   13000  9.63687497E-01  2.14609092E-01 -2.09290172E-01  1.77896380E+00  1.75376078E-02
   13050  9.97712627E-01  1.86377612E-01 -2.38181431E-01  1.77808107E+00  1.42504801E-02
   13100  9.99912043E-01  2.33419787E-01 -2.07702326E-01  1.78596147E+00  1.33521533E-02
   13150  1.01194597E+00  2.88371544E-01 -1.92411001E-01  1.78310346E+00  9.61210928E-03
   13200  1.03108900E+00  2.49211211E-01 -2.03383755E-01  1.78338267E+00  9.56758021E-03
   13250  1.06054375E+00  3.21393139E-01 -1.69901401E-01  1.79724852E+00  1.13520952E-02
   13300  1.04802483E+00  3.05232226E-01 -1.97613461E-01  1.79017670E+00  2.67545596E-02
   13350  1.05157216E+00  3.48951328E-01 -1.92064845E-01  1.79152999E+00  1.30801027E-02
   13400  1.04324164E+00  3.73825105E-01 -1.65655108E-01  1.79679943E+00  1.50463543E-02
   13450  1.07506980E+00  3.86816434E-01 -1.53284507E-01  1.79596585E+00  1.55222644E-02
   13500  1.11557428E+00  3.97482847E-01 -1.51983081E-01  1.77890371E+00  1.12075465E-02
   13550  1.13432329E+00  3.95791736E-01 -1.57192305E-01  1.79874674E+00  1.53727683E-02
   13600  1.14292896E+00  4.10901444E-01 -1.80569890E-01  1.79550516E+00  1.26193467E-02
   13650  1.14480485E+00  4.11096048E-01 -1.69315205E-01  1.80612845E+00  1.92722447E-02
   13700  1.14499211E+00  3.84110253E-01 -1.64360601E-01  1.79997958E+00  1.27912362E-02
   13750  1.15475561E+00  3.93127814E-01 -1.39421097E-01  1.78718489E+00  1.61983801E-02
   13800  1.13703631E+00  4.33840802E-01 -1.63327981E-01  1.77704543E+00  1.67582459E-02
   13850  1.15443429E+00  3.80588931E-01 -1.76008623E-01  1.78675529E+00  1.18905259E-02
   13900  1.15981639E+00  4.08607819E-01 -1.43866647E-01  1.78797486E+00  1.82812280E-02
   13950  1.14953000E+00  3.82742551E-01 -1.08249825E-01  1.77814695E+00  1.75665753E-02
   14000  1.17561474E+00  3.70784107E-01 -1.25189063E-01  1.78610666E+00  2.44480730E-02
   14050  1.16543668E+00  3.79334416E-01 -1.07081510E-01  1.78312703E+00  3.40113205E-03
   14100  1.18227382E+00  3.86716173E-01 -1.02153621E-01  1.76483288E+00  7.04855146E-03
   14150  1.20551012E+00  4.09340074E-01 -1.20504536E-01  1.77039874E+00  1.79849774E-02
   14200  1.20944373E+00  4.67677239E-01 -8.10045226E-02  1.79820342E+00  2.90762316E-03
   14250  1.20216251E+00  4.63613706E-01 -1.18261916E-01  1.79112734E+00  2.07632718E-02
   14300  1.19670200E+00  4.28093843E-01 -1.42524294E-01  1.78201171E+00  2.14051577E-02
   14350  1.19036680E+00  4.31105616E-01 -1.51821841E-01  1.77520570E+00  3.11648564E-02
   14400  1.19110911E+00  3.77842083E-01 -1.70972808E-01  1.78571997E+00  9.62369469E-03
   14450  1.19209744E+00  3.73434110E-01 -1.54726108E-01  1.77259580E+00  1.45782810E-02
   14500  1.17583215E+00  3.72295104E-01 -2.09441948E-01  1.77648842E+00  2.58785754E-02
   14550  1.16896009E+00  4.07774207E-01 -1.93279509E-01  1.78745468E+00  1.97662753E-02
   14600  1.18121492E+00  4.33988491E-01 -2.15608358E-01  1.78625281E+00  3.27127197E-02
   14650  1.19986815E+00  3.93641751E-01 -1.58151168E-01  1.78574906E+00  1.84081907E-02
   14700  1.18162900E+00  3.90850207E-01 -2.00980077E-01  1.77633516E+00  4.04568565E-03
   14750  1.15748944E+00  3.63031113E-01 -2.20250564E-01  1.76725128E+00  2.11385821E-02
   14800  1.17424072E+00  3.91327705E-01 -2.08776929E-01  1.78444682E+00  8.76827368E-03
   14850  1.17313597E+00  4.35535471E-01 -2.30143183E-01  1.79390310E+00  1.34943703E-02
   14900  1.20373780E+00  4.32295779E-01 -2.17103149E-01  1.79955705E+00  8.46417130E-03
   14950  1.21384507E+00  4.01101649E-01 -1.71445711E-01  1.79532409E+00  1.29216930E-02
   15000  1.23404522E+00  3.99463504E-01 -1.58991409E-01  1.78725658E+00  9.48977832E-03
   15050  1.21887364E+00  3.96646147E-01 -1.45327735E-01  1.78131981E+00  2.14264696E-02
   15100  1.20459300E+00  4.11814040E-01 -1.78333019E-01  1.78548766E+00  2.38254149E-02
   15150  1.24431192E+00  3.71084141E-01 -1.36100892E-01  1.79586408E+00  2.55514799E-02
   15200  1.25121364E+00  3.65474987E-01 -1.17099710E-01  1.78660580E+00  2.66120970E-02
   15250  1.27361962E+00  3.83838629E-01 -1.44418492E-01  1.77340382E+00  2.69553566E-02
   15300  1.21146985E+00  4.12575852E-01 -1.19967395E-01  1.78140065E+00  2.04257217E-02
   15350  1.20321645E+00  4.51852278E-01 -1.14015067E-01  1.78688676E+00  2.38374473E-02
   15400  1.22033111E+00  4.33051015E-01 -1.19533751E-01  1.78258575E+00  2.55661334E-02
   15450  1.24670826E+00  4.20933184E-01 -1.39523902E-01  1.78114002E+00  2.56848194E-02
   15500  1.25988462E+00  4.43600912E-01 -1.54246361E-01  1.78320414E+00  1.79274847E-02
   15550  1.25547282E+00  4.63335432E-01 -1.51719934E-01  1.78009060E+00  6.26748301E-03
   15600  1.25437325E+00  4.74745951E-01 -1.16053955E-01  1.79325475E+00  1.83428623E-02
   15650  1.24641426E+00  5.25201346E-01 -1.42787115E-01  1.79182360E+00  2.63223939E-02
   15700  1.22879524E+00  5.36761078E-01 -1.73149275E-01  1.78604088E+00  2.34649310E-02
   15750  1.23072156E+00  5.20426908E-01 -1.27533459E-01  1.77598932E+00  2.77505065E-02
   15800  1.24974472E+00  5.31320990E-01 -1.18448880E-01  1.78203052E+00  2.30060874E-02
   15850  1.24240466E+00  5.45955982E-01 -1.07282375E-01  1.77202812E+00  1.73668800E-02
   15900  1.22612774E+00  5.41458745E-01 -1.60666093E-01  1.77270338E+00  1.83555598E-02
   15950  1.23113217E+00  5.52382091E-01 -1.33648902E-01  1.76380256E+00  2.35592174E-02
   16000  1.22377067E+00  5.18029801E-01 -1.30927056E-01  1.77989849E+00  1.70807389E-02
   16050  1.20228122E+00  5.32821086E-01 -1.16300990E-01  1.77069290E+00  2.18416918E-02
   16100  1.19312771E+00  5.00866972E-01 -9.17633300E-02  1.78608164E+00  2.00662098E-02
   16150  1.12884838E+00  5.23579806E-01 -1.39904572E-01  1.78429330E+00  1.82123880E-02
   16200  1.14583296E+00  5.38685703E-01 -1.47149330E-01  1.79070132E+00  1.06447427E-02
   16250  1.15623548E+00  4.91395469E-01 -1.56022600E-01  1.78307109E+00  2.39166932E-02
   16300  1.14855641E+00  5.39400814E-01 -1.41232971E-01  1.79759381E+00  8.90011719E-03
   16350  1.18709237E+00  5.31017245E-01 -5.87915956E-02  1.79413589E+00  1.59190266E-02
   16400  1.18105613E+00  5.33053143E-01 -1.09385532E-01  1.78298008E+00  1.23131293E-02
   16450  1.16223613E+00  5.44805593E-01 -1.54451008E-01  1.79402193E+00  1.42964514E-02
   16500  1.13801060E+00  4.93117875E-01 -1.85135139E-01  1.78161479E+00  6.89504766E-03
   16550  1.17541126E+00  4.59411188E-01 -2.38222843E-01  1.79610787E+00  1.07822717E-02
   16600  1.21100621E+00  4.37365156E-01 -2.26794802E-01  1.78994643E+00  9.65244850E-03
   16650  1.22716073E+00  4.98281979E-01 -2.34115647E-01  1.78802185E+00  2.71349083E-02
   16700  1.18892099E+00  4.81169274E-01 -2.47232676E-01  1.76448880E+00  2.83046800E-02
   16750  1.19543661E+00  5.16656286E-01 -2.38658538E-01  1.77770492E+00  1.03202362E-02
   16800  1.23614686E+00  4.74521643E-01 -1.99283593E-01  1.76744700E+00  1.33885584E-02
   16850  1.21534219E+00  4.97166430E-01 -2.18144522E-01  1.79160690E+00  7.97053245E-03
   16900  1.20181097E+00  4.75784073E-01 -2.05397969E-01  1.78931559E+00  2.09981102E-02
   16950  1.20667699E+00  4.71008593E-01 -1.93340959E-01  1.78007833E+00  2.00367892E-02
   17000  1.21093523E+00  4.45521593E-01 -1.74826864E-01  1.77966152E+00  1.43126810E-02
   17050  1.22005136E+00  4.60101128E-01 -2.09555065E-01  1.79011076E+00  1.63163772E-02
   17100  1.23833405E+00  4.53660916E-01 -1.89427028E-01  1.77992113E+00  1.36045580E-02
   17150  1.27054216E+00  4.05793744E-01 -2.02335556E-01  1.77054005E+00  1.88816521E-02
   17200  1.27754224E+00  3.97015925E-01 -2.04262820E-01  1.78765825E+00  2.41739906E-02
   17250  1.24086125E+00  3.93117343E-01 -1.79834446E-01  1.77991947E+00  2.41732823E-02
   17300  1.23093212E+00  4.05790786E-01 -1.40413187E-01  1.78455220E+00  2.13319422E-02
   17350  1.27307251E+00  4.02133939E-01 -1.54152139E-01  1.80193152E+00  9.73964930E-03
   17400  1.29184491E+00  3.39094181E-01 -1.41769525E-01  1.79493714E+00  1.23617765E-02
   17450  1.30655556E+00  3.18618249E-01 -1.29655826E-01  1.79345401E+00  1.41396135E-02
   17500  1.32184861E+00  3.29159753E-01 -1.04072713E-01  1.80256517E+00  1.67249805E-02
   17550  1.30406128E+00  3.29524925E-01 -3.58843555E-02  1.76578207E+00  2.16711744E-02
   17600  1.30386538E+00  3.19119438E-01 -7.27861626E-02  1.76987511E+00  1.55817437E-02
   17650  1.28526077E+00  3.34718440E-01 -8.02075757E-02  1.77509352E+00  2.88325338E-02
   17700  1.30879060E+00  3.26432190E-01 -7.11042004E-02  1.79308774E+00  2.25073672E-02
   17750  1.29064725E+00  3.33002238E-01 -1.25553456E-01  1.78099205E+00  9.44892061E-03
   17800  1.25672595E+00  3.50185388E-01 -1.30884577E-01  1.78537839E+00  1.58194486E-02
   17850  1.28577365E+00  3.89049200E-01 -1.07726101E-01  1.79486010E+00  1.35703846E-02
   17900  1.25674204E+00  4.19861869E-01 -1.06190220E-01  1.77965215E+00  2.66732162E-02
   17950  1.25457877E+00  4.16505959E-01 -1.18843058E-01  1.77029018E+00  3.32709601E-02
   18000  1.25781192E+00  4.77127688E-01 -1.56286174E-01  1.79478041E+00  2.26039823E-02
   18050  1.23066333E+00  5.06484402E-01 -1.43712449E-01  1.78964919E+00  1.80978716E-02
   18100  1.23390694E+00  4.94545210E-01 -1.41159181E-01  1.78005011E+00  1.39143572E-02
   18150  1.22140927E+00  4.60716137E-01 -1.53473926E-01  1.77404179E+00  1.71042108E-02
   18200  1.24999837E+00  4.64310120E-01 -1.50257067E-01  1.78567959E+00  1.73377136E-02
   18250  1.24596398E+00  4.84191870E-01 -1.17783617E-01  1.79084168E+00  2.41928048E-02
   18300  1.19307647E+00  5.35427140E-01 -1.06361385E-01  1.76891127E+00  2.27748905E-02
   18350  1.16711270E+00  5.26886380E-01 -1.25530128E-01  1.77761630E+00  2.20175814E-02
   18400  1.19624257E+00  5.41138900E-01 -1.17946339E-01  1.78925023E+00  8.65091840E-03
   18450  1.20249577E+00  5.13635170E-01 -1.46981326E-01  1.78137168E+00  1.17401678E-02
   18500  1.22594330E+00  5.00209088E-01 -1.37389406E-01  1.78912754E+00  1.70020490E-02
   18550  1.23020457E+00  5.09713621E-01 -1.63019705E-01  1.77602069E+00  7.99619085E-03
   18600  1.21807647E+00  5.28789795E-01 -1.39547343E-01  1.75992032E+00  6.29519202E-03
   18650  1.24344730E+00  4.99089849E-01 -9.88052709E-02  1.77825886E+00  8.88685375E-03
   18700  1.23644359E+00  4.78415706E-01 -9.72677836E-02  1.77978008E+00  1.30808821E-02
   18750  1.24214491E+00  4.45767339E-01 -1.53407020E-01  1.77496044E+00  2.11041085E-02
   18800  1.23319378E+00  5.11947126E-01 -1.35578253E-01  1.78189779E+00  1.70873562E-02
   18850  1.20413315E+00  4.56249537E-01 -1.75354562E-01  1.76952879E+00  1.42239993E-02
   18900  1.22896842E+00  4.05831513E-01 -1.97270649E-01  1.77846949E+00  2.34730049E-02
   18950  1.23915955E+00  4.33106212E-01 -1.48895809E-01  1.79612996E+00  1.37857194E-02
   19000  1.26313047E+00  4.16992986E-01 -1.15028420E-01  1.80652322E+00  2.42300547E-02
   19050  1.24200055E+00  4.48032010E-01 -1.10528692E-01  1.79115548E+00  1.88850119E-02
   19100  1.22702516E+00  4.85671712E-01 -1.04307286E-01  1.79539928E+00  1.77836075E-02
   19150  1.22044543E+00  5.34926984E-01 -1.27090951E-01  1.79097481E+00  2.20147297E-02
   19200  1.27429330E+00  4.85820922E-01 -1.14965743E-01  1.79026189E+00  1.75551822E-02
   19250  1.30574258E+00  4.84463769E-01 -8.67930851E-02  1.79749092E+00  1.36464030E-02
   19300  1.28377755E+00  4.91610614E-01 -7.41020596E-02  1.78274724E+00  2.19009417E-02
   19350  1.29170838E+00  4.63356101E-01 -9.55428570E-02  1.76897994E+00  1.75034785E-02
   19400  1.27722181E+00  4.20897891E-01 -1.02006494E-01  1.77832240E+00  8.13964447E-03
   19450  1.31481636E+00  3.94514968E-01 -5.64484767E-02  1.78780836E+00  2.18779734E-02
   19500  1.33512549E+00  3.87709988E-01 -4.55226525E-02  1.79394163E+00  2.42583923E-02
   19550  1.30572343E+00  3.82657245E-01 -3.46480041E-02  1.79011531E+00  3.01204188E-02
   19600  1.32360741E+00  3.79267129E-01 -1.62958983E-02  1.79391070E+00  2.21711380E-02
   19650  1.28609815E+00  3.94759082E-01 -5.94511168E-02  1.78657023E+00  2.12027661E-02
   19700  1.28187041E+00  4.47482123E-01 -5.90075660E-02  1.78309239E+00  2.38836056E-02
   19750  1.27515206E+00  4.00146356E-01 -7.25725622E-02  1.78470338E+00  1.91902010E-02
   19800  1.27198651E+00  3.47051985E-01 -6.84995680E-02  1.76960465E+00  6.52445222E-03
   19850  1.29929441E+00  3.40229858E-01 -6.84959542E-02  1.78834362E+00  1.10077760E-02
   19900  1.31502034E+00  3.20803595E-01 -7.73613417E-02  1.79689699E+00  1.06741143E-02
   19950  1.24581368E+00  3.19075557E-01 -9.53922024E-02  1.78298865E+00  2.00598313E-02
   20000  1.27623461E+00  3.08955227E-01 -1.23661702E-01  1.77645206E+00  1.26060756E-02
   20050  1.24531414E+00  3.11888428E-01 -1.66356967E-01  1.76525577E+00  6.54880794E-03
   20100  1.31706149E+00  3.10517988E-01 -1.46127830E-01  1.77636281E+00  2.17735564E-02
   20150  1.29685028E+00  2.99805520E-01 -1.64463882E-01  1.75911399E+00  1.37321239E-02
   20200  1.27052264E+00  3.12028408E-01 -1.56626318E-01  1.76235707E+00  3.23281176E-02
   20250  1.27893272E+00  2.99764597E-01 -1.56070661E-01  1.77984503E+00  1.37069537E-02
   20300  1.31063874E+00  2.74731187E-01 -1.46834732E-01  1.78040150E+00  2.60930097E-02
   20350  1.31570272E+00  3.20856592E-01 -1.24204092E-01  1.79291283E+00  1.46402614E-02
   20400  1.33637516E+00  2.75731284E-01 -1.17502617E-01  1.78702249E+00  1.66835870E-02
   20450  1.31436622E+00  2.80437157E-01 -1.73519016E-01  1.79564427E+00  1.63700512E-02
   20500  1.33251912E+00  2.30386421E-01 -1.79973582E-01  1.77837535E+00  1.98807286E-02
   20550  1.36364879E+00  2.10482476E-01 -1.68806198E-01  1.78687681E+00  1.39570589E-02
   20600  1.32668983E+00  2.03581358E-01 -2.32535239E-01  1.77852159E+00  1.48902525E-02
   20650  1.32389872E+00  1.40020301E-01 -2.71442828E-01  1.79335559E+00  3.32216244E-03
   20700  1.34392712E+00  1.38101074E-01 -2.67071359E-01  1.78678673E+00  1.10521046E-02
   20750  1.31145263E+00  1.21452718E-01 -2.85618332E-01  1.78221010E+00  9.77266174E-03
   20800  1.30954707E+00  1.12588676E-01 -2.94185525E-01  1.78465993E+00  1.31698800E-02
   20850  1.29010850E+00  1.03394471E-01 -2.92361967E-01  1.77160964E+00  1.56898117E-02
   20900  1.28848050E+00  8.40109015E-02 -3.14037605E-01  1.77944499E+00  1.00250501E-02
   20950  1.30694139E+00  3.92261356E-02 -3.35465038E-01  1.78514482E+00  1.76736024E-02
   21000  1.28715462E+00  1.31050286E-02 -3.07385902E-01  1.77576382E+00  2.11025038E-02
   21050  1.29188682E+00  6.37810545E-03 -3.07008458E-01  1.78617718E+00  1.93569686E-02
   21100  1.24384447E+00  9.44430743E-03 -2.88070169E-01  1.77919321E+00  2.25625191E-02
   21150  1.22190462E+00 -1.30943300E-02 -3.29038826E-01  1.76112028E+00  1.47106710E-02
   21200  1.21448787E+00 -4.83634762E-02 -3.02149041E-01  1.76218399E+00  1.39203619E-02
   21250  1.25363796E+00 -5.68529636E-02 -3.06151183E-01  1.78923106E+00  2.23351020E-02
   21300  1.24706660E+00 -3.98040465E-02 -3.05461172E-01  1.78497657E+00  1.20348386E-02
   21350  1.24886843E+00 -3.69766813E-02 -2.85872682E-01  1.78877778E+00  1.50095064E-02
   21400  1.26030857E+00  1.87488041E-02 -2.51387782E-01  1.78238472E+00  2.31687628E-02
   21450  1.25554949E+00  2.52022512E-02 -2.56036630E-01  1.78577882E+00  1.54612532E-02
   21500  1.30961115E+00  6.97200779E-03 -2.35340952E-01  1.77096645E+00  5.25922047E-03
   21550  1.30501041E+00  1.69738360E-03 -2.39504280E-01  1.77779057E+00  1.81466382E-02
   21600  1.31459501E+00  5.71539151E-02 -2.80874657E-01  1.79157584E+00  9.11432274E-03
   21650  1.33262991E+00  1.17318813E-01 -2.63916734E-01  1.78728414E+00  1.10005611E-02
   21700  1.30285175E+00  1.40187046E-01 -2.44517555E-01  1.78326122E+00  8.81240514E-03
   21750  1.28265970E+00  1.72471958E-01 -2.20471683E-01  1.78569233E+00  2.02009953E-02
   21800  1.31969623E+00  1.93063948E-01 -2.12649048E-01  1.77618972E+00  1.43367473E-02
   21850  1.35480270E+00  2.04144587E-01 -2.00620632E-01  1.79018264E+00  4.39398966E-03
   21900  1.35190789E+00  1.74621186E-01 -1.25590449E-01  1.78369086E+00  2.10389640E-02
   21950  1.33452497E+00  2.11097422E-01 -1.07700583E-01  1.77381374E+00  3.31685872E-02
   22000  1.36801165E+00  2.34451220E-01 -1.28538030E-01  1.77570847E+00  2.58182134E-02
   22050  1.39119425E+00  2.04181864E-01 -1.02189905E-01  1.77587959E+00  2.62329914E-02
   22100  1.40853689E+00  1.59016269E-01 -7.44780269E-02  1.78899603E+00  8.02117577E-03
   22150  1.44021315E+00  1.82587917E-01 -9.49522175E-02  1.78531365E+00  2.30431783E-02
   22200  1.43359805E+00  1.56258323E-01 -9.19097353E-02  1.78063141E+00  1.85897556E-02
   22250  1.42901308E+00  1.91700532E-01 -9.55046467E-02  1.80133385E+00  1.62092594E-02
   22300  1.44932121E+00  2.31397175E-01 -8.77841491E-02  1.79656080E+00  1.07248547E-02
   22350  1.44093945E+00  2.30474981E-01 -8.57001969E-02  1.78176321E+00  2.24399919E-02
   22400  1.44519229E+00  1.94611471E-01 -6.39571412E-02  1.78842017E+00  1.68878274E-02
   22450  1.48436269E+00  1.70920709E-01 -7.92074510E-02  1.79454733E+00  2.04463065E-02
   22500  1.49688496E+00  1.81970863E-01 -7.94590306E-02  1.78078086E+00  1.20447386E-02
   22550  1.53327926E+00  1.82331907E-01 -6.32222231E-02  1.79116416E+00  1.66018505E-02
   22600  1.55393860E+00  1.59280742E-01 -1.04593845E-01  1.80866323E+00  1.59727780E-02
   22650  1.54661647E+00  1.93571370E-01 -1.11812589E-01  1.79892093E+00  2.30695606E-02
   22700  1.55696225E+00  1.88850946E-01 -8.85065209E-02  1.78818337E+00  9.69656301E-03
   22750  1.57171271E+00  1.81140676E-01 -8.19287709E-02  1.79596816E+00  2.04680929E-02
   22800  1.57344912E+00  1.51897173E-01 -8.96547966E-02  1.78755436E+00  1.46687964E-02
   22850  1.57574246E+00  1.75860888E-01 -1.28155034E-01  1.79178906E+00  2.12890373E-02
   22900  1.59245530E+00  1.25898978E-01 -1.10660142E-01  1.78370103E+00  2.15480426E-02
   22950  1.59321819E+00  9.59370109E-02 -8.86593297E-02  1.80095330E+00  1.80256175E-02
   23000  1.56861083E+00  1.47758575E-01 -9.20703681E-02  1.79050472E+00  5.50449789E-03
   23050  1.56108874E+00  1.58478068E-01 -1.20214444E-01  1.78712885E+00  1.41766084E-02
   23100  1.54800450E+00  1.72582741E-01 -1.68805328E-01  1.79763033E+00  9.63567876E-03
   23150  1.52997623E+00  2.01331167E-01 -2.29019515E-01  1.79459211E+00  1.05149612E-02
   23200  1.51661411E+00  1.61618937E-01 -2.65077478E-01  1.78271134E+00  1.05079026E-02
   23250  1.53176735E+00  1.45439121E-01 -2.60337570E-01  1.79917963E+00  1.64195655E-02
   23300  1.48873398E+00  1.05766521E-01 -2.85931001E-01  1.77190098E+00  1.55630765E-02
   23350  1.48469665E+00  5.72444441E-02 -2.75704078E-01  1.77846315E+00  1.54579738E-02
   23400  1.49025286E+00  4.94469906E-02 -2.81201319E-01  1.77239870E+00  1.14306004E-02
   23450  1.49145842E+00  3.30430860E-02 -2.55470655E-01  1.77575973E+00  1.92030378E-02
   23500  1.49516640E+00  4.36148920E-02 -2.22691010E-01  1.79145275E+00  1.70538499E-02
   23550  1.49890096E+00  3.18847179E-02 -2.61031766E-01  1.79492796E+00  1.47846391E-02
   23600  1.50440529E+00  5.73398385E-02 -2.49344440E-01  1.78932830E+00  1.94749282E-02
   23650  1.52471633E+00  6.06369526E-02 -1.90679199E-01  1.78558325E+00  1.07671175E-02
   23700  1.53841820E+00  6.25545031E-02 -2.09917840E-01  1.77517378E+00  1.35698412E-02
   23750  1.51319351E+00  2.63835083E-02 -1.93394072E-01  1.77283708E+00  1.95780994E-02
   23800  1.51550006E+00  5.68173052E-02 -2.06900241E-01  1.77754521E+00  1.16357612E-02
   23850  1.49863862E+00  9.61219756E-02 -1.87963423E-01  1.77218414E+00  6.01492650E-03
   23900  1.48475465E+00  1.43487797E-01 -1.47621486E-01  1.77886632E+00  1.55537183E-02
   23950  1.45558277E+00  1.78126579E-01 -2.14577704E-01  1.77320236E+00  1.58600618E-02
   24000  1.46584986E+00  2.00772411E-01 -2.40990681E-01  1.78001550E+00  2.78331224E-02
   24050  1.51255743E+00  1.63934400E-01 -1.89302119E-01  1.76882186E+00  1.57389780E-02
   24100  1.52033848E+00  1.59521087E-01 -2.01087676E-01  1.77462198E+00  1.41146947E-02
   24150  1.52202932E+00  1.49698020E-01 -1.83089716E-01  1.77601926E+00  2.00817276E-02
   24200  1.54274203E+00  1.54509151E-01 -2.49600261E-01  1.77866382E+00  1.25656885E-02
   24250  1.52909844E+00  1.61267466E-01 -1.93562917E-01  1.76787810E+00  6.77728073E-03
   24300  1.57090811E+00  1.26371917E-01 -2.06060256E-01  1.79975177E+00  1.01799029E-02
   24350  1.56358716E+00  1.09471163E-01 -1.71478106E-01  1.79294161E+00  2.28331347E-02
   24400  1.56163634E+00  1.14341813E-01 -1.58266618E-01  1.79731811E+00  1.42716644E-02
   24450  1.55599611E+00  7.26614268E-02 -9.94664078E-02  1.78446309E+00  1.45629472E-02
   24500  1.55351531E+00  7.23556647E-02 -1.15211715E-01  1.77997656E+00  1.68839123E-02
   24550  1.56911972E+00  1.12196020E-01 -1.59054284E-01  1.81988068E+00  1.91322812E-02
   24600  1.55500379E+00  8.47651686E-02 -1.51127221E-01  1.80634802E+00  1.09242047E-02
   24650  1.53267092E+00  6.37733314E-02 -1.61069976E-01  1.79120442E+00  1.09501061E-02
   24700  1.54256398E+00  6.86462439E-02 -1.55800779E-01  1.79195198E+00  2.00890520E-02
   24750  1.55712964E+00  8.25945921E-02 -1.96880599E-01  1.79891910E+00  1.65018984E-02
   24800  1.54891383E+00  5.87719897E-02 -1.69268061E-01  1.77394689E+00  2.99389989E-02
   24850  1.57835025E+00  6.80996320E-02 -2.06281567E-01  1.78467820E+00  1.46716974E-02
   24900  1.57982353E+00  1.07642337E-01 -1.75471078E-01  1.79785053E+00  1.19332876E-02
   24950  1.59438174E+00  1.02578433E-01 -1.34596007E-01  1.79662930E+00  2.50458481E-02
   25000  1.59956126E+00  8.81133344E-02 -1.42321378E-01  1.79791991E+00  3.14697845E-02
   25050  1.56320020E+00  1.19890780E-01 -1.15240348E-01  1.77404770E+00  3.30628146E-02
   25100  1.54645144E+00  1.24891405E-01 -1.45157613E-01  1.76421152E+00  1.95261563E-02
   25150  1.53699676E+00  1.46119789E-01 -1.49408172E-01  1.78059039E+00  3.04294253E-02
   25200  1.50192425E+00  1.43708679E-01 -1.75020438E-01  1.78364970E+00  2.39597681E-02
   25250  1.51655380E+00  9.10120143E-02 -2.00771043E-01  1.78576534E+00  1.95801502E-02
   25300  1.51645378E+00  9.37162623E-02 -2.67971228E-01  1.79651058E+00  2.44856176E-02
   25350  1.53893927E+00  6.52271510E-02 -1.92514141E-01  1.79464615E+00  2.14504053E-02
   25400  1.53996314E+00  5.61120372E-02 -1.52639916E-01  1.79635758E+00  1.07495944E-02
   25450  1.49473303E+00  8.96452155E-02 -1.16492364E-01  1.78251905E+00  2.22545960E-02
   25500  1.46754377E+00  8.54086291E-02 -1.10787327E-01  1.77763378E+00  1.17743727E-02
   25550  1.44565586E+00  6.36660871E-02 -7.95739650E-02  1.78675952E+00  2.80212220E-02
   25600  1.39777958E+00  4.85150743E-02 -9.59649247E-02  1.77499648E+00  1.80115468E-02
   25650  1.35297881E+00  3.10191796E-02 -9.63554074E-02  1.77274467E+00  1.62378249E-02
   25700  1.37445955E+00  8.56610858E-02 -1.11639600E-01  1.77535952E+00  1.59808227E-02
   25750  1.35101048E+00  5.99938366E-02 -1.13191918E-01  1.76783923E+00  1.34563879E-02
   25800  1.35719251E+00  4.90136420E-02 -1.29168633E-01  1.77423442E+00  1.63540114E-02
   25850  1.35232842E+00 -2.90286314E-02 -1.01512510E-01  1.78004305E+00  9.81765795E-03
   25900  1.34511967E+00 -7.56819995E-02 -1.11986953E-01  1.78652037E+00  1.21245436E-02
   25950  1.35110704E+00 -6.26527444E-02 -1.01799497E-01  1.78697521E+00  1.44836878E-02
   26000  1.36898784E+00 -3.99771848E-02 -9.32177520E-02  1.78671527E+00  5.24042492E-03
   26050  1.36455749E+00 -4.08638198E-02 -8.92320335E-02  1.77508844E+00  1.40026927E-02
   26100  1.36101138E+00 -4.24330183E-02 -8.62688663E-02  1.78413562E+00  8.78461488E-03
   26150  1.33185645E+00 -3.12019002E-02 -1.35952794E-01  1.77193127E+00  2.32147867E-02
   26200  1.34454477E+00 -7.82827961E-02 -1.36341380E-01  1.79382708E+00  2.18957659E-02
   26250  1.32153397E+00 -8.20029735E-02 -1.05081609E-01  1.77068167E+00  1.55581778E-02
   26300  1.30614024E+00 -9.06765356E-02 -8.87390220E-02  1.77059696E+00  1.84884058E-02
   26350  1.28742791E+00 -7.74204353E-02 -1.37754716E-01  1.78238861E+00  1.84815810E-02
   26400  1.28753472E+00 -8.99820300E-02 -8.67905837E-02  1.79057953E+00  1.43670321E-02
   26450  1.30885875E+00 -1.27719881E-01 -4.79394337E-02  1.77983825E+00  1.49132981E-02
   26500  1.31246434E+00 -7.35100569E-02 -2.12140351E-02  1.78574973E+00  1.42503915E-02
   26550  1.31324951E+00 -7.20530259E-02 -2.00415365E-02  1.78091685E+00  1.96826476E-02
   26600  1.28902076E+00 -1.56326035E-01 -1.05837079E-02  1.77421245E+00  1.34761085E-02
   26650  1.28384497E+00 -1.69187160E-01 -6.52541375E-02  1.77134248E+00  1.39804000E-02
   26700  1.35078038E+00 -2.01623932E-01 -4.38324392E-02  1.78458462E+00  1.99142889E-02
   26750  1.36276217E+00 -1.32309565E-01 -3.14367117E-02  1.79164613E+00  1.70925023E-02
   26800  1.42971450E+00 -1.16002807E-01 -2.71817374E-02  1.80782810E+00  6.79371737E-03
   26850  1.43697152E+00 -8.23691732E-02 -4.29784918E-02  1.79377700E+00  1.33539941E-02
   26900  1.43868345E+00 -8.78130271E-02 -6.01976054E-02  1.79249494E+00  1.53445056E-02
   26950  1.45737910E+00 -1.29968250E-01 -6.95471271E-02  1.80297590E+00  1.03834023E-02
   27000  1.45109048E+00 -1.31793475E-01 -7.67112552E-02  1.79793222E+00  1.40212242E-02
   27050  1.41981660E+00 -1.66295433E-01  1.94460298E-02  1.79021547E+00  1.70084086E-02
   27100  1.41357095E+00 -1.75354295E-01  3.90886300E-02  1.78985600E+00  7.00053338E-03
   27150  1.40851914E+00 -1.53194253E-01  4.25569188E-03  1.77803143E+00  2.22602244E-02
   27200  1.45796352E+00 -1.90216909E-01  3.37563801E-02  1.79110500E+00  6.60895328E-03
   27250  1.44849782E+00 -2.24480798E-01 -1.73536580E-02  1.78795145E+00  1.86460606E-02
   27300  1.42519238E+00 -2.19592709E-01 -1.28976066E-03  1.77828867E+00  2.20594198E-02
   27350  1.39758831E+00 -2.30765895E-01  3.20579224E-02  1.77969161E+00  1.44564708E-02
   27400  1.39959005E+00 -2.15708907E-01  3.70212768E-02  1.76936384E+00  1.33852980E-02
   27450  1.38856541E+00 -2.30005434E-01  4.91557697E-02  1.77131610E+00  9.74257545E-03
   27500  1.40510949E+00 -2.30734090E-01  6.78264266E-03  1.77633507E+00  1.93158232E-02
   27550  1.42383488E+00 -2.56713762E-01 -7.28190130E-03  1.79054856E+00  2.19912158E-02
   27600  1.40561199E+00 -2.17210684E-01  2.63525946E-02  1.77068781E+00  1.42962504E-02
   27650  1.35876276E+00 -2.79829007E-01 -2.92335954E-02  1.76901381E+00  8.89933444E-03
   27700  1.39498326E+00 -2.79357732E-01 -6.45248662E-02  1.78131977E+00  1.06287884E-02
   27750  1.42469544E+00 -2.87096766E-01 -8.43375400E-02  1.76675454E+00  3.26266402E-02
   27800  1.41710477E+00 -2.71201271E-01 -9.63102024E-02  1.76986523E+00  1.43370837E-02
   27850  1.43200029E+00 -2.83272347E-01 -3.61645864E-02  1.79058270E+00  2.06212432E-02
   27900  1.42419232E+00 -3.41435090E-01 -8.32679261E-02  1.79042041E+00  2.04089439E-02
   27950  1.49017020E+00 -3.31217594E-01 -8.35165195E-02  1.80220685E+00  1.23154868E-02
   28000  1.51424472E+00 -3.39480762E-01 -1.08060923E-01  1.79037522E+00  5.54549850E-03
   28050  1.51588818E+00 -3.10456121E-01 -1.28721897E-01  1.78239616E+00  1.09352551E-02
   28100  1.50847528E+00 -3.41954745E-01 -1.08886028E-01  1.76736828E+00  1.22584268E-02
   28150  1.52535903E+00 -3.53179747E-01 -6.05784067E-02  1.77482266E+00  1.95573472E-02
   28200  1.50233751E+00 -3.69811250E-01 -4.30333777E-02  1.78911078E+00  1.28163034E-02
   28250  1.46877449E+00 -3.19978454E-01 -7.41139460E-02  1.77311941E+00  1.08116175E-02
   28300  1.46911269E+00 -2.84620792E-01 -8.82181202E-02  1.76378100E+00  2.11049333E-02
   28350  1.49011526E+00 -2.73382402E-01 -6.44596057E-02  1.77907744E+00  7.61698582E-03
   28400  1.47983871E+00 -2.43068720E-01 -6.56692897E-02  1.78406393E+00  7.40484947E-03
   28450  1.46817054E+00 -2.98447667E-01 -1.12856961E-01  1.77997412E+00  2.32947068E-02
   28500  1.45084795E+00 -2.90561239E-01 -1.48501270E-01  1.78473849E+00  1.71331991E-02
   28550  1.46357017E+00 -3.23100394E-01 -1.42817151E-01  1.78467174E+00  2.42034763E-02
   28600  1.42608192E+00 -3.34472347E-01 -8.24006111E-02  1.77629872E+00  1.47415017E-02
   28650  1.43841207E+00 -3.50205393E-01 -1.29699789E-01  1.77568924E+00  2.71336531E-02
   28700  1.41230967E+00 -3.08156533E-01 -9.18744811E-02  1.77414795E+00  2.86552930E-02
   28750  1.40477041E+00 -3.05936604E-01 -1.06529019E-01  1.78185662E+00  2.04675442E-02
   28800  1.41781648E+00 -3.11548304E-01 -1.22427233E-01  1.78076011E+00  2.14788258E-02
   28850  1.38753166E+00 -2.82568155E-01 -8.41577792E-02  1.75873488E+00  1.62785771E-02
   28900  1.40623441E+00 -3.12210725E-01 -1.14164012E-01  1.77092268E+00  2.02430508E-02
   28950  1.40285189E+00 -3.43509201E-01 -1.06422675E-01  1.77732521E+00  1.64122701E-02
   29000  1.42539953E+00 -3.94968295E-01 -1.21258040E-01  1.78247041E+00  3.48875025E-02
   29050  1.40130111E+00 -3.73880829E-01 -1.08099938E-01  1.76581460E+00  2.63410814E-02
   29100  1.42823990E+00 -3.18011352E-01 -1.10523755E-01  1.77441235E+00  1.24119264E-02
   29150  1.44766772E+00 -3.15242856E-01 -1.40173107E-01  1.78907113E+00  4.36976293E-02
   29200  1.43413965E+00 -2.92488865E-01 -1.57971396E-01  1.79661491E+00  1.63263583E-02
   29250  1.41291427E+00 -3.25917158E-01 -1.63449784E-01  1.78898750E+00  2.43354191E-02
   29300  1.42291191E+00 -3.19279615E-01 -1.27962645E-01  1.78683559E+00  1.70889410E-02
   29350  1.42107289E+00 -3.11440911E-01 -1.00375390E-01  1.77922511E+00  2.76366152E-02
   29400  1.39407264E+00 -2.96819947E-01 -1.19619392E-01  1.76486088E+00  2.56664669E-02
   29450  1.43327787E+00 -2.57335244E-01 -1.55823946E-01  1.78734321E+00  1.42227562E-02
   29500  1.41493754E+00 -3.03525317E-01 -1.47372177E-01  1.78290691E+00  2.42032784E-02
   29550  1.42158424E+00 -2.79027375E-01 -1.55285120E-01  1.78807332E+00  1.77407571E-02
   29600  1.42828990E+00 -2.90335557E-01 -1.23914145E-01  1.78744760E+00  1.93587233E-02
   29650  1.44223547E+00 -2.62812706E-01 -1.08950236E-01  1.79677918E+00  1.19011811E-02
   29700  1.42499937E+00 -3.04261823E-01 -1.06959678E-01  1.78388212E+00  8.32496403E-03
   29750  1.43197135E+00 -3.35286702E-01 -1.27638444E-01  1.77604104E+00  2.13035929E-02
   29800  1.40415765E+00 -3.47293808E-01 -1.21910680E-01  1.77041196E+00  2.18367059E-02
   29850  1.40865254E+00 -3.42252122E-01 -5.97800688E-02  1.77766353E+00  1.68560207E-02
   29900  1.43614037E+00 -3.53140177E-01 -2.85368741E-02  1.77987047E+00  2.57239749E-02
   29950  1.45071236E+00 -3.54804179E-01  9.09375612E-03  1.78080576E+00  2.23397970E-02
   30000  1.47529368E+00 -3.28046349E-01  3.63657275E-02  1.78401077E+00  1.24883932E-02
   30050  1.47633041E+00 -3.21027042E-01 -4.26583216E-03  1.77560109E+00  8.08162766E-03
   30100  1.48160787E+00 -3.33803313E-01  1.21488316E-03  1.78419289E+00  1.50217107E-02
   30150  1.48561094E+00 -2.99109784E-01  6.27675527E-03  1.76888020E+00  5.02410468E-03
   30200  1.51959978E+00 -2.74563776E-01  7.22149656E-03  1.78287230E+00  5.02290123E-03
   30250  1.52888713E+00 -2.89931551E-01 -3.80838856E-02  1.80244589E+00  1.03459026E-02
   30300  1.52072006E+00 -2.85736819E-01 -4.45029629E-02  1.78167871E+00  2.18176334E-02
   30350  1.49793280E+00 -2.54018196E-01 -8.28765216E-02  1.77657401E+00  2.59027660E-02
   30400  1.48607031E+00 -2.88033047E-01 -6.05834672E-02  1.77586326E+00  3.41975701E-02
   30450  1.48471457E+00 -3.08511221E-01 -6.31433874E-02  1.76349946E+00  1.34303335E-02
   30500  1.50017663E+00 -3.08361147E-01 -3.93876000E-02  1.78599496E+00  2.11331306E-02
   30550  1.50639016E+00 -2.97960669E-01 -5.16143396E-02  1.78294247E+00  1.19213625E-02
   30600  1.48597777E+00 -2.65490131E-01 -3.40164501E-02  1.78565650E+00  1.25874745E-02
   30650  1.49326220E+00 -2.86895777E-01 -7.84968481E-02  1.78510231E+00  1.78187270E-02
   30700  1.49529247E+00 -2.79011427E-01 -6.79969914E-02  1.78331124E+00  1.06088753E-02
   30750  1.46607649E+00 -3.12819873E-01 -8.69071910E-02  1.77457605E+00  2.12934127E-02
   30800  1.46096236E+00 -3.65985635E-01 -8.33439358E-02  1.77484472E+00  2.10289644E-02
   30850  1.46138648E+00 -3.45552727E-01 -7.55298735E-02  1.77712771E+00  9.38449629E-03
   30900  1.47539055E+00 -3.52683783E-01 -1.04793192E-01  1.78685511E+00  1.33402211E-02
   30950  1.44837169E+00 -3.67188443E-01 -9.50604800E-02  1.78016744E+00  1.14377080E-02
   31000  1.42665746E+00 -3.63956355E-01 -1.04510548E-01  1.77853064E+00  2.30964255E-02
   31050  1.45939917E+00 -3.06724802E-01 -9.67947446E-02  1.79401193E+00  1.48208687E-02
   31100  1.42149644E+00 -3.41274487E-01 -1.38981097E-01  1.79028717E+00  1.30430250E-02
   31150  1.40768027E+00 -3.94812546E-01 -1.45168630E-01  1.79425512E+00  7.90434031E-03
   31200  1.43571370E+00 -4.05037896E-01 -6.04200850E-02  1.79622998E+00  1.23685440E-02
   31250  1.43638973E+00 -3.95340747E-01 -7.54475086E-02  1.79358726E+00  2.01894420E-02
   31300  1.38257673E+00 -3.71871725E-01 -3.42153986E-02  1.78017773E+00  2.45738821E-02
   31350  1.38252316E+00 -3.78720113E-01 -5.25453859E-03  1.78948679E+00  1.43298218E-02
   31400  1.34742998E+00 -4.23060710E-01 -2.00876261E-02  1.80374424E+00  1.66021635E-02
   31450  1.36402565E+00 -3.74729412E-01 -4.42230304E-02  1.77734102E+00  1.36975067E-02
   31500  1.37799991E+00 -3.81712905E-01 -5.13049753E-02  1.78531779E+00  1.26839968E-02
   31550  1.36426508E+00 -3.95137273E-01 -1.96069194E-02  1.78268334E+00  2.09457422E-02
   31600  1.37952210E+00 -3.98667589E-01  2.00610180E-02  1.79037072E+00  1.43818655E-02
   31650  1.34076594E+00 -4.26213729E-01  6.58742639E-03  1.78044777E+00  2.30517117E-02
   31700  1.33919691E+00 -4.10361808E-01 -6.77979579E-02  1.77977347E+00  2.40820369E-02
   31750  1.32687900E+00 -4.28706789E-01 -5.26923710E-02  1.77558593E+00  2.11337729E-02
   31800  1.30087116E+00 -3.92620795E-01  1.29309343E-02  1.78566826E+00  1.41152512E-02
   31850  1.25700879E+00 -4.44743422E-01 -1.21205844E-03  1.79352284E+00  2.05886838E-02
   31900  1.24915635E+00 -4.38393210E-01  2.69170021E-02  1.78210379E+00  2.93592306E-02
   31950  1.25551107E+00 -4.22745068E-01 -1.11566010E-02  1.77576572E+00  1.46967615E-02
   32000  1.29536919E+00 -3.91795956E-01 -7.68205587E-02  1.78242623E+00  3.05938294E-02
   32050  1.29459816E+00 -4.49357678E-01 -8.65155801E-02  1.78434910E+00  1.56974679E-02
   32100  1.28772134E+00 -4.44832988E-01 -7.07268562E-02  1.78300415E+00  2.13501255E-02
   32150  1.33111412E+00 -4.13742648E-01 -8.39080828E-02  1.78625017E+00  2.13934555E-02
   32200  1.32082132E+00 -3.90938243E-01 -8.63485198E-02  1.77952176E+00  1.77318559E-02
   32250  1.31784512E+00 -3.77834198E-01 -1.02636032E-01  1.79702059E+00  2.10645112E-02
   32300  1.25431521E+00 -3.78558919E-01 -1.10990972E-01  1.78969566E+00  4.16403575E-02
   32350  1.23546681E+00 -4.16590519E-01 -1.40741303E-01  1.77929638E+00  2.61323646E-02
   32400  1.19627081E+00 -4.78881778E-01 -1.27143841E-01  1.77310320E+00  2.74558614E-02
   32450  1.21369525E+00 -4.61959044E-01 -1.44417753E-01  1.77419255E+00  2.34513187E-02
   32500  1.25417246E+00 -4.98221776E-01 -1.55668302E-01  1.78362554E+00  1.69229184E-02
   32550  1.21331894E+00 -5.06596173E-01 -1.38665337E-01  1.77836980E+00  2.20914254E-02
   32600  1.20102896E+00 -4.81495697E-01 -1.69627529E-01  1.78274828E+00  2.62667270E-02
   32650  1.19578742E+00 -5.37972742E-01 -1.92702318E-01  1.77926331E+00  1.96443234E-02
   32700  1.21785941E+00 -5.37621808E-01 -2.91789073E-01  1.78071515E+00  2.53710006E-02
   32750  1.23530201E+00 -5.14108511E-01 -2.39478372E-01  1.77510702E+00  2.55393953E-02
   32800  1.25865764E+00 -5.08656904E-01 -2.34118486E-01  1.77853539E+00  1.29315351E-02
   32850  1.28044410E+00 -5.23143780E-01 -2.64401792E-01  1.77267022E+00  2.18812665E-02
   32900  1.27478234E+00 -5.19181443E-01 -2.51527648E-01  1.77099225E+00  2.51831876E-02
   32950  1.27248327E+00 -5.14673074E-01 -2.37005036E-01  1.77545035E+00  1.71613915E-02
   33000  1.28102174E+00 -5.03613422E-01 -2.71716671E-01  1.78694549E+00  1.43506875E-02
   33050  1.27960757E+00 -5.36115295E-01 -2.90404474E-01  1.79595766E+00  7.34227067E-03
   33100  1.25854069E+00 -4.88493545E-01 -2.94542021E-01  1.79093542E+00  1.63040393E-02
   33150  1.31582090E+00 -4.43497398E-01 -2.85644086E-01  1.79532048E+00  1.48708401E-02
   33200  1.31163988E+00 -4.25409007E-01 -2.02776643E-01  1.80232981E+00  1.16252860E-02
   33250  1.27387735E+00 -3.87477645E-01 -1.51132646E-01  1.78592048E+00  1.86269502E-02
   33300  1.26946751E+00 -4.15950320E-01 -1.37163399E-01  1.78084429E+00  1.98376094E-02
   33350  1.26260318E+00 -3.77624335E-01 -1.26510020E-01  1.76511130E+00  1.76576302E-02
   33400  1.25126977E+00 -3.82889716E-01 -1.65198360E-01  1.77153724E+00  2.67861072E-02
   33450  1.29356357E+00 -3.70170368E-01 -1.54479299E-01  1.77741297E+00  2.05437177E-02
   33500  1.31854795E+00 -3.67018052E-01 -2.01637149E-01  1.78551858E+00  1.52782387E-02
   33550  1.28534575E+00 -3.35366451E-01 -2.17637464E-01  1.78862425E+00  2.29346625E-02
   33600  1.27610401E+00 -3.10269091E-01 -1.57829155E-01  1.78867541E+00  1.01493561E-02
   33650  1.32740275E+00 -3.11844156E-01 -2.02843359E-01  1.80099097E+00  2.06680567E-02
   33700  1.30983032E+00 -3.45368354E-01 -1.35775962E-01  1.78660155E+00  1.17444751E-02
   33750  1.32508812E+00 -3.41317470E-01 -1.83298104E-01  1.79905798E+00  1.85463843E-02
   33800  1.33304505E+00 -3.33591431E-01 -1.78056255E-01  1.78217414E+00  2.59286554E-02
   33850  1.32690274E+00 -3.40855309E-01 -1.83666873E-01  1.77827412E+00  1.50675247E-02
   33900  1.27813131E+00 -3.84203607E-01 -2.05363475E-01  1.76901322E+00  1.18979445E-02
   33950  1.27482732E+00 -4.02763163E-01 -1.65036395E-01  1.77683173E+00  1.18647200E-02
   34000  1.27329890E+00 -3.96727536E-01 -1.70215543E-01  1.77151932E+00  1.04716109E-02
   34050  1.26932170E+00 -3.99009852E-01 -1.98953336E-01  1.77638159E+00  1.81809401E-02
   34100  1.26759723E+00 -3.88770186E-01 -1.37989393E-01  1.78473334E+00  2.04847578E-02
   34150  1.28887114E+00 -3.88216352E-01 -1.43563316E-01  1.80109646E+00  5.93259576E-03
   34200  1.30384212E+00 -3.35797450E-01 -1.21550367E-01  1.79749656E+00  1.14858248E-02
   34250  1.27871950E+00 -2.84869682E-01 -1.58529816E-01  1.78235194E+00  1.89046818E-02
   34300  1.28542408E+00 -2.95178671E-01 -1.55221248E-01  1.77683804E+00  1.39537711E-02
   34350  1.30024291E+00 -2.63929471E-01 -1.46758964E-01  1.77820206E+00  1.57720151E-02
   34400  1.29670505E+00 -2.88430025E-01 -1.01914854E-01  1.77971498E+00  1.28415577E-02
   34450  1.31963878E+00 -2.72427097E-01 -7.71126817E-02  1.77906741E+00  2.21192180E-02
   34500  1.33205285E+00 -3.13052230E-01 -1.08048439E-01  1.78908534E+00  1.42121276E-02
   34550  1.32493877E+00 -2.81112502E-01 -1.10686944E-01  1.78968146E+00  2.15335096E-02
   34600  1.34531875E+00 -2.43639287E-01 -6.42358748E-02  1.79185353E+00  8.30426219E-03
   34650  1.34948554E+00 -2.15932227E-01 -9.32846938E-02  1.77257751E+00  1.93688158E-02
   34700  1.36724473E+00 -2.44440105E-01 -9.80644329E-02  1.78448339E+00  1.18262428E-02
   34750  1.33323014E+00 -2.73254473E-01 -1.05522168E-01  1.78447888E+00  2.29419596E-02
   34800  1.38872045E+00 -2.53864979E-01 -7.22930719E-02  1.79027297E+00  1.10089871E-02
   34850  1.37717950E+00 -2.33756802E-01 -7.61991423E-02  1.77987795E+00  8.31678883E-03
   34900  1.38623874E+00 -2.84846329E-01 -8.70704646E-02  1.78585122E+00  1.63031097E-02
   34950  1.41722619E+00 -2.47845712E-01 -4.24719736E-02  1.78515144E+00  1.69903793E-02
   35000  1.41617235E+00 -2.07128651E-01 -4.67820456E-02  1.76746396E+00  8.97654714E-03
   35050  1.42131674E+00 -2.24830049E-01 -1.24838687E-02  1.76669600E+00  2.24185696E-02
   35100  1.40917807E+00 -2.79906146E-01  5.20018667E-02  1.77450644E+00  1.75222306E-02
   35150  1.40003868E+00 -2.23961107E-01  7.43464017E-02  1.76950470E+00  1.14279689E-02
   35200  1.39752883E+00 -2.24837843E-01  9.06328501E-02  1.77844816E+00  8.52269196E-03
   35250  1.37785833E+00 -2.50777800E-01  8.68890475E-02  1.78034110E+00  2.45611015E-02
   35300  1.35450349E+00 -2.36599955E-01  1.13335681E-01  1.75767736E+00  2.17958156E-02
   35350  1.35690570E+00 -2.03897881E-01  1.82063703E-01  1.77469930E+00  1.13884533E-02
   35400  1.32438349E+00 -1.81176176E-01  1.51209582E-01  1.76848515E+00  1.64982139E-02
   35450  1.33594106E+00 -1.92818914E-01  5.89580562E-02  1.77953340E+00  1.26767888E-02
   35500  1.32014515E+00 -2.10964903E-01  1.13533165E-03  1.76198658E+00  1.49483645E-02
   35550  1.35485594E+00 -2.09234357E-01 -1.87268723E-02  1.77535599E+00  2.12786329E-02
   35600  1.33790457E+00 -2.23522126E-01 -3.79075801E-02  1.77877930E+00  1.51546289E-02
   35650  1.32033943E+00 -2.37032386E-01 -5.48436116E-02  1.76751048E+00  1.47692775E-02
   35700  1.32452664E+00 -2.51729592E-01  1.79870941E-02  1.78509566E+00  7.61302895E-03
   35750  1.34262873E+00 -2.28193847E-01 -6.65425148E-03  1.77646975E+00  1.72972171E-02
   35800  1.29445091E+00 -2.30084253E-01  3.27863985E-02  1.77207664E+00  2.12116616E-02
   35850  1.26545307E+00 -2.01865042E-01  1.68483636E-02  1.78257267E+00  3.18582553E-02
   35900  1.30393656E+00 -2.34132969E-01 -1.31016802E-02  1.78365585E+00  1.02728640E-02
   35950  1.27068419E+00 -2.56579562E-01  5.78621140E-03  1.78168506E+00  2.28898885E-02
   36000  1.30738798E+00 -3.11913834E-01 -4.42678116E-04  1.79715468E+00  1.75657992E-02
   36050  1.31235292E+00 -2.79926046E-01  2.52511176E-02  1.78793879E+00  1.98163717E-02
   36100  1.29401373E+00 -2.91206054E-01  3.31254919E-02  1.79142272E+00  1.29282502E-02
   36150  1.29926077E+00 -2.65936650E-01 -8.23427854E-04  1.78484328E+00  6.09048814E-03
   36200  1.31254109E+00 -2.53637009E-01 -2.81556898E-02  1.79213276E+00  1.51222591E-02
   36250  1.29481973E+00 -2.63447816E-01 -4.50631307E-02  1.78158792E+00  1.84945238E-02
   36300  1.29077974E+00 -3.03276672E-01 -3.78652814E-02  1.77712440E+00  1.32866615E-02
   36350  1.31345886E+00 -2.90792170E-01 -2.93973595E-02  1.78416923E+00  1.26452738E-02
   36400  1.29734897E+00 -2.56459198E-01 -1.94197776E-02  1.76501141E+00  7.07336608E-03
   36450  1.33338796E+00 -2.13061750E-01 -3.10791608E-02  1.78170932E+00  1.47904958E-02
   36500  1.35175207E+00 -2.09395314E-01 -5.74249449E-02  1.79680867E+00  7.71166285E-03
   36550  1.31417190E+00 -2.43709859E-01 -6.28815548E-02  1.78750732E+00  1.34382361E-02
   36600  1.30321878E+00 -2.75858211E-01 -8.92995951E-02  1.77183834E+00  2.22636378E-02
   36650  1.28963265E+00 -3.31815329E-01 -1.01773223E-01  1.77517176E+00  2.74531928E-02
   36700  1.30806292E+00 -3.54501786E-01 -9.24435444E-02  1.76356116E+00  1.35482203E-02
   36750  1.31764946E+00 -3.51596680E-01 -5.14560433E-02  1.78452652E+00  1.25651666E-02
   36800  1.29623116E+00 -3.44597045E-01 -4.65691805E-02  1.77152600E+00  1.81694517E-02
   36850  1.31043618E+00 -3.42162891E-01 -9.71552439E-02  1.79482480E+00  2.39650030E-02
   36900  1.31849892E+00 -2.98502112E-01 -1.27569632E-01  1.78416416E+00  5.88397258E-03
   36950  1.32336031E+00 -3.12428037E-01 -1.40920799E-01  1.77554009E+00  1.34558731E-02
   37000  1.33464481E+00 -2.68339208E-01 -1.06595938E-01  1.77895297E+00  1.23370584E-02
   37050  1.33816404E+00 -2.73586856E-01 -1.13864599E-01  1.76371311E+00  2.22552293E-02
   37100  1.34567037E+00 -2.62272636E-01 -1.54194378E-01  1.78157712E+00  1.06072749E-02
   37150  1.33947053E+00 -2.95195244E-01 -2.08394513E-01  1.79656318E+00  1.21975028E-02
   37200  1.36100097E+00 -3.02938361E-01 -1.82417483E-01  1.79330036E+00  1.78753429E-02
   37250  1.33974618E+00 -2.60823605E-01 -1.61724719E-01  1.79111846E+00  7.07678606E-03
   37300  1.36961962E+00 -2.21302045E-01 -1.74823651E-01  1.79209914E+00  2.40874767E-02
   37350  1.36006761E+00 -2.56482985E-01 -2.04757694E-01  1.79650472E+00  2.01451355E-02
   37400  1.37883753E+00 -2.39084998E-01 -2.33721127E-01  1.80009491E+00  1.66957086E-02
   37450  1.34870621E+00 -3.05186772E-01 -2.66695674E-01  1.80061713E+00  2.63700912E-02
   37500  1.34840873E+00 -2.78546227E-01 -2.35281420E-01  1.78776123E+00  1.83959616E-02
   37550  1.34994010E+00 -2.99451246E-01 -2.33651556E-01  1.77949344E+00  1.90600618E-02
   37600  1.34743068E+00 -3.28625500E-01 -2.23065854E-01  1.78623257E+00  1.82126805E-02
   37650  1.36444510E+00 -3.09903404E-01 -1.58932892E-01  1.79834891E+00  1.64185145E-02
   37700  1.34072984E+00 -3.14337193E-01 -2.10225595E-01  1.78949403E+00  1.50062235E-02
   37750  1.32315308E+00 -3.61826208E-01 -2.16643798E-01  1.78134161E+00  1.84192415E-02
   37800  1.31122694E+00 -3.79730696E-01 -1.28532764E-01  1.78752293E+00  1.78467051E-02
   37850  1.29784419E+00 -3.52741868E-01 -1.62149640E-01  1.79438531E+00  1.36288729E-02
   37900  1.26148300E+00 -4.08192572E-01 -1.62008873E-01  1.79172135E+00  1.28224681E-02
   37950  1.27196101E+00 -4.08809650E-01 -1.91067799E-01  1.79001010E+00  1.35540348E-02
   38000  1.22997925E+00 -4.14282235E-01 -2.35403731E-01  1.78033602E+00  1.65715923E-02
   38050  1.21227487E+00 -4.33968171E-01 -2.25717579E-01  1.78466686E+00  2.05684146E-02
   38100  1.22985354E+00 -4.36277027E-01 -2.09662907E-01  1.78712908E+00  1.34649538E-02
   38150  1.24849890E+00 -4.40995362E-01 -2.25790968E-01  1.78982252E+00  9.58122719E-03
   38200  1.21884880E+00 -4.60999927E-01 -2.08423115E-01  1.78221451E+00  1.18156744E-02
   38250  1.24378378E+00 -4.62724854E-01 -2.14945242E-01  1.78172912E+00  1.07498338E-02
   38300  1.21648389E+00 -4.49613253E-01 -2.49546223E-01  1.76993388E+00  1.80609503E-02
   38350  1.21875911E+00 -4.47655105E-01 -2.42814233E-01  1.77656310E+00  2.20015661E-02
   38400  1.20287172E+00 -3.83881125E-01 -2.34441041E-01  1.76547318E+00  3.31102724E-02
   38450  1.17449086E+00 -4.10330640E-01 -2.33478292E-01  1.76956055E+00  2.65747412E-02
   38500  1.19650104E+00 -4.01199162E-01 -2.26411579E-01  1.76775836E+00  2.99966096E-02
   38550  1.20062354E+00 -4.15002066E-01 -2.09472552E-01  1.77362850E+00  2.38829293E-02
   38600  1.14426675E+00 -4.27547231E-01 -2.33366954E-01  1.78972224E+00  1.66445481E-02
   38650  1.17588704E+00 -4.43556901E-01 -1.91995320E-01  1.79744953E+00  1.33382374E-02
   38700  1.20697154E+00 -4.10919153E-01 -1.58372748E-01  1.79588714E+00  4.57626617E-03
   38750  1.23101481E+00 -3.60442572E-01 -1.05531324E-01  1.79424346E+00  8.87736330E-03
   38800  1.21725614E+00 -3.90888979E-01 -1.51374888E-01  1.79711453E+00  1.59928831E-02
   38850  1.19720858E+00 -3.99052754E-01 -1.20780083E-01  1.79930608E+00  8.39102906E-03
   38900  1.22165730E+00 -3.63840098E-01 -1.17018507E-01  1.78523891E+00  1.44573018E-02
   38950  1.21180601E+00 -3.62173269E-01 -9.63198947E-02  1.78922565E+00  2.01866524E-02
   39000  1.19020014E+00 -3.72626083E-01 -9.34743400E-02  1.77625038E+00  9.46593996E-03
   39050  1.20126381E+00 -3.97820509E-01 -1.00313941E-01  1.78758414E+00  1.89855071E-02
   39100  1.20262820E+00 -4.11318582E-01 -8.20932980E-02  1.76968625E+00  7.90414428E-03
   39150  1.19039466E+00 -4.01964149E-01 -4.71912956E-02  1.76650156E+00  8.34621585E-03
   39200  1.20060898E+00 -3.96241878E-01 -6.29211092E-02  1.76916297E+00  1.65093571E-02
   39250  1.17709908E+00 -3.68031639E-01 -4.83668825E-02  1.76583910E+00  1.28223380E-02
   39300  1.17519390E+00 -3.45324740E-01 -1.89779013E-02  1.75788381E+00  1.94095546E-02
   39350  1.17745239E+00 -3.83059844E-01  1.28104856E-02  1.77619922E+00  2.37135058E-02
   39400  1.19520282E+00 -3.63905823E-01  4.35191350E-02  1.78075885E+00  1.49254117E-02
   39450  1.18448246E+00 -3.95509491E-01  3.57513897E-02  1.78925950E+00  1.37461289E-02
   39500  1.15570730E+00 -4.21792392E-01 -3.01180557E-02  1.79194681E+00  2.01763575E-02
   39550  1.15462036E+00 -3.66463994E-01 -7.93248399E-03  1.77224594E+00  8.69762365E-03
   39600  1.20295098E+00 -3.55166604E-01 -5.32064555E-02  1.78345380E+00  1.10815870E-02
   39650  1.16958130E+00 -3.51333898E-01 -5.42111536E-02  1.78037661E+00  1.12091084E-02
   39700  1.15582171E+00 -3.15746702E-01 -3.58153512E-02  1.78168820E+00  2.36794118E-02
   39750  1.17565264E+00 -2.76140270E-01 -2.25615485E-02  1.77014940E+00  1.38149390E-02
   39800  1.17448759E+00 -2.68515202E-01  1.85767245E-02  1.77361105E+00  7.48712953E-03
   39850  1.18588092E+00 -2.52582767E-01  3.26483000E-02  1.77263401E+00  6.54316476E-03
   39900  1.15931406E+00 -2.44838883E-01  3.28468840E-02  1.77284712E+00  1.82792098E-02
   39950  1.12703743E+00 -2.70377401E-01  3.96569853E-02  1.79274858E+00  1.99935719E-02
