   #Iter             <M>           <M^2>           <M^4>      U_{Binder}            \chi        C_v(tot)             <E>       <E_{exc}>       <E_{lsf}>
       1  2.44149565E-01  6.69747287E-02  6.40681211E-03  5.23899315E-01  6.39117376E-03  4.38048525E-01 -3.43453504E+00 -3.43453504E+00  0.00000000E+00
      11  2.36055240E-01  6.48094302E-02  6.55776563E-03  4.79574905E-01  7.88502291E-03  1.50929142E+00 -3.37004925E+00 -3.37004925E+00  0.00000000E+00
      21  2.34282659E-01  6.20666737E-02  5.55793774E-03  5.19077074E-01  6.22856065E-03  1.19993867E+00 -3.35505133E+00 -3.35505133E+00  0.00000000E+00
      31  2.49849994E-01  7.05331234E-02  7.36831700E-03  5.06302629E-01  7.03533549E-03  1.00755415E+00 -3.34169380E+00 -3.34169380E+00  0.00000000E+00
      41  2.53000709E-01  7.41478150E-02  8.58537422E-03  4.79475399E-01  8.79705571E-03  1.16786397E+00 -3.35155888E+00 -3.35155888E+00  0.00000000E+00
      51  2.53794047E-01  7.52626458E-02  9.45864803E-03  4.43392765E-01  9.41552138E-03  1.08532639E+00 -3.35069544E+00 -3.35069544E+00  0.00000000E+00
      61  2.56633740E-01  7.55712492E-02  9.07309212E-03  4.70433062E-01  8.42561106E-03  1.07020340E+00 -3.35020956E+00 -3.35020956E+00  0.00000000E+00
      71  2.46567132E-01  6.95971165E-02  7.68421816E-03  4.71194530E-01  7.63722060E-03  9.73161896E-01 -3.34796267E+00 -3.34796267E+00  0.00000000E+00
      81  2.61088853E-01  7.88873829E-02  9.92549139E-03  4.68362429E-01  9.30165123E-03  8.91465364E-01 -3.35361088E+00 -3.35361088E+00  0.00000000E+00
      91  2.52775591E-01  7.44812079E-02  8.95988522E-03  4.61621425E-01  9.18513296E-03  1.05039373E+00 -3.35389908E+00 -3.35389908E+00  0.00000000E+00
     101  2.54295200E-01  7.51062302E-02  8.96377871E-03  4.70314672E-01  9.05886020E-03  1.15379581E+00 -3.35803984E+00 -3.35803984E+00  0.00000000E+00
     111  2.54632285E-01  7.55632146E-02  9.31093444E-03  4.56435403E-01  9.30652786E-03  1.17346512E+00 -3.35990208E+00 -3.35990208E+00  0.00000000E+00
     121  2.55998439E-01  7.57811396E-02  9.13117558E-03  4.69991085E-01  8.89031743E-03  1.21739109E+00 -3.35732377E+00 -3.35732377E+00  0.00000000E+00
     131  2.59428953E-01  7.70670482E-02  9.19558675E-03  4.83915589E-01  8.47185398E-03  1.29658051E+00 -3.36639949E+00 -3.36639949E+00  0.00000000E+00
     141  2.57171234E-01  7.62057659E-02  9.12889062E-03  4.76012310E-01  8.73654795E-03  1.28106617E+00 -3.36165656E+00 -3.36165656E+00  0.00000000E+00
     151  2.54620700E-01  7.46959786E-02  8.72769167E-03  4.78584788E-01  8.55915312E-03  1.22575218E+00 -3.36411492E+00 -3.36411492E+00  0.00000000E+00
     161  2.51149075E-01  7.29369268E-02  8.40131569E-03  4.73581518E-01  8.55636887E-03  1.21402453E+00 -3.36612161E+00 -3.36612161E+00  0.00000000E+00
     171  2.51779497E-01  7.36474788E-02  8.74264361E-03  4.62713719E-01  8.89780145E-03  1.26251275E+00 -3.37305857E+00 -3.37305857E+00  0.00000000E+00
     181  2.52470004E-01  7.43214670E-02  8.92946688E-03  4.61140270E-01  9.18049551E-03  1.27002926E+00 -3.37279579E+00 -3.37279579E+00  0.00000000E+00
     191  2.52126298E-01  7.38199066E-02  8.73461352E-03  4.65711956E-01  8.89578187E-03  1.24630231E+00 -3.37663596E+00 -3.37663596E+00  0.00000000E+00
     201  2.50501018E-01  7.27333874E-02  8.45940315E-03  4.66970998E-01  8.66184425E-03  1.25243423E+00 -3.37350782E+00 -3.37350782E+00  0.00000000E+00
     211  2.53919700E-01  7.44132258E-02  8.68573520E-03  4.77140424E-01  8.62313163E-03  1.21887115E+00 -3.37816639E+00 -3.37816639E+00  0.00000000E+00
     221  2.52212270E-01  7.35436382E-02  8.49727309E-03  4.76317453E-01  8.61844379E-03  1.27955392E+00 -3.38173226E+00 -3.38173226E+00  0.00000000E+00
     231  2.54640085E-01  7.49991703E-02  8.85320016E-03  4.75354309E-01  8.81366434E-03  1.29053128E+00 -3.38079351E+00 -3.38079351E+00  0.00000000E+00
     241  2.53287385E-01  7.40473904E-02  8.58676203E-03  4.77978179E-01  8.58398057E-03  1.29933881E+00 -3.37749776E+00 -3.37749776E+00  0.00000000E+00
     251  2.53058060E-01  7.39783139E-02  8.55090356E-03  4.79186905E-01  8.62479807E-03  1.25785523E+00 -3.37886529E+00 -3.37886529E+00  0.00000000E+00
     261  2.51092683E-01  7.27514412E-02  8.27890537E-03  4.78603079E-01  8.41999996E-03  1.26544799E+00 -3.37703026E+00 -3.37703026E+00  0.00000000E+00
     271  2.52791245E-01  7.37108469E-02  8.49417678E-03  4.78880604E-01  8.50982982E-03  1.24264588E+00 -3.37989811E+00 -3.37989811E+00  0.00000000E+00
     281  2.52315537E-01  7.34015978E-02  8.43838735E-03  4.77931878E-01  8.44998860E-03  1.22403557E+00 -3.37952459E+00 -3.37952459E+00  0.00000000E+00
     291  2.52985324E-01  7.38177262E-02  8.50744801E-03  4.79576713E-01  8.51739490E-03  1.22977421E+00 -3.37814437E+00 -3.37814437E+00  0.00000000E+00
     301  2.51668055E-01  7.33940788E-02  8.50382506E-03  4.73775560E-01  8.72661009E-03  1.21253717E+00 -3.37966436E+00 -3.37966436E+00  0.00000000E+00
     311  2.52086784E-01  7.36626532E-02  8.56847521E-03  4.73634307E-01  8.77662189E-03  1.21249329E+00 -3.38186740E+00 -3.38186740E+00  0.00000000E+00
     321  2.52933138E-01  7.40286957E-02  8.59913694E-03  4.76961793E-01  8.72336037E-03  1.20867310E+00 -3.38376059E+00 -3.38376059E+00  0.00000000E+00
     331  2.52015781E-01  7.35841801E-02  8.53282217E-03  4.74705892E-01  8.73958850E-03  1.22768811E+00 -3.38274360E+00 -3.38274360E+00  0.00000000E+00
     341  2.51681444E-01  7.33617730E-02  8.46772619E-03  4.75547796E-01  8.69273114E-03  1.23946515E+00 -3.38358376E+00 -3.38358376E+00  0.00000000E+00
     351  2.52617092E-01  7.42487829E-02  8.78127749E-03  4.69044934E-01  9.05296545E-03  1.27412602E+00 -3.38331743E+00 -3.38331743E+00  0.00000000E+00
     361  2.55095002E-01  7.55618192E-02  9.04780770E-03  4.71777014E-01  9.10066362E-03  1.29268358E+00 -3.38357781E+00 -3.38357781E+00  0.00000000E+00
     371  2.53813153E-01  7.48210320E-02  8.87643127E-03  4.71469869E-01  9.02392154E-03  1.27589413E+00 -3.38224523E+00 -3.38224523E+00  0.00000000E+00
     381  2.52259012E-01  7.41125976E-02  8.74772486E-03  4.69128037E-01  9.09166490E-03  1.28285671E+00 -3.38281841E+00 -3.38281841E+00  0.00000000E+00
     391  2.52471646E-01  7.42093120E-02  8.82065520E-03  4.66096484E-01  9.08246025E-03  1.29241680E+00 -3.38398329E+00 -3.38398329E+00  0.00000000E+00
     401  2.51502853E-01  7.35294958E-02  8.64689987E-03  4.66891018E-01  8.91623716E-03  1.27642236E+00 -3.38417788E+00 -3.38417788E+00  0.00000000E+00
     411  2.51914990E-01  7.37831314E-02  8.69086868E-03  4.67857718E-01  8.95628825E-03  1.26042544E+00 -3.38336819E+00 -3.38336819E+00  0.00000000E+00
     421  2.50261573E-01  7.29094096E-02  8.52355386E-03  4.65518974E-01  8.91861813E-03  1.26161396E+00 -3.38212632E+00 -3.38212632E+00  0.00000000E+00
     431  2.50014459E-01  7.28411305E-02  8.54319143E-03  4.63282781E-01  8.96664121E-03  1.25800790E+00 -3.38011732E+00 -3.38011732E+00  0.00000000E+00
     441  2.51511703E-01  7.37543670E-02  8.74523395E-03  4.64111180E-01  9.10749345E-03  1.25114705E+00 -3.38045959E+00 -3.38045959E+00  0.00000000E+00
     451  2.52375597E-01  7.42224946E-02  8.81371305E-03  4.66706171E-01  9.13597307E-03  1.26035703E+00 -3.38134267E+00 -3.38134267E+00  0.00000000E+00
     461  2.52117123E-01  7.41124377E-02  8.79284819E-03  4.66387341E-01  9.15362304E-03  1.25438079E+00 -3.38182310E+00 -3.38182310E+00  0.00000000E+00
     471  2.52675831E-01  7.42700310E-02  8.76360579E-03  4.70416594E-01  9.04564857E-03  1.25482073E+00 -3.38312989E+00 -3.38312989E+00  0.00000000E+00
     481  2.51596929E-01  7.37879873E-02  8.70773425E-03  4.66895213E-01  9.09946074E-03  1.26011119E+00 -3.38015418E+00 -3.38015418E+00  0.00000000E+00
     491  2.50490502E-01  7.31607904E-02  8.56196244E-03  4.66793683E-01  9.03726981E-03  1.25691530E+00 -3.37850924E+00 -3.37850924E+00  0.00000000E+00
     501  2.49733291E-01  7.27068481E-02  8.45813542E-03  4.66661735E-01  8.97204765E-03  1.24118604E+00 -3.37789656E+00 -3.37789656E+00  0.00000000E+00
     511  2.49205327E-01  7.23952928E-02  8.37437651E-03  4.67388462E-01  8.93028242E-03  1.23894332E+00 -3.37836965E+00 -3.37836965E+00  0.00000000E+00
     521  2.49825707E-01  7.27073612E-02  8.45997723E-03  4.66553128E-01  8.93243395E-03  1.25091255E+00 -3.37750505E+00 -3.37750505E+00  0.00000000E+00
     531  2.49597806E-01  7.25470477E-02  8.41751188E-03  4.66882429E-01  8.89209115E-03  1.25100656E+00 -3.37725248E+00 -3.37725248E+00  0.00000000E+00
     541  2.49519822E-01  7.25196132E-02  8.41976320E-03  4.66336298E-01  8.90205996E-03  1.26918258E+00 -3.37714514E+00 -3.37714514E+00  0.00000000E+00
     551  2.49859434E-01  7.26504975E-02  8.42677853E-03  4.67814375E-01  8.86847063E-03  1.26366029E+00 -3.37859847E+00 -3.37859847E+00  0.00000000E+00
     561  2.50835003E-01  7.31201424E-02  8.49449876E-03  4.70406745E-01  8.85214340E-03  1.25732898E+00 -3.37858859E+00 -3.37858859E+00  0.00000000E+00
     571  2.50325403E-01  7.28827120E-02  8.44518905E-03  4.70044905E-01  8.86772795E-03  1.25799993E+00 -3.37718508E+00 -3.37718508E+00  0.00000000E+00
     581  2.50910307E-01  7.31771192E-02  8.47887180E-03  4.72203876E-01  8.86879736E-03  1.27163494E+00 -3.37939291E+00 -3.37939291E+00  0.00000000E+00
     591  2.51584358E-01  7.35643583E-02  8.55381317E-03  4.73129838E-01  8.91090818E-03  1.27746762E+00 -3.37931575E+00 -3.37931575E+00  0.00000000E+00
     601  2.50980511E-01  7.33151867E-02  8.51979965E-03  4.71651794E-01  8.95802421E-03  1.27724342E+00 -3.37907625E+00 -3.37907625E+00  0.00000000E+00
     611  2.50255698E-01  7.29234509E-02  8.44443532E-03  4.70684106E-01  8.93335294E-03  1.27914369E+00 -3.37716070E+00 -3.37716070E+00  0.00000000E+00
     621  2.50238791E-01  7.30610404E-02  8.50875439E-03  4.68659368E-01  9.06008073E-03  1.27930432E+00 -3.37890927E+00 -3.37890927E+00  0.00000000E+00
     631  2.48630695E-01  7.21851896E-02  8.34513956E-03  4.66153812E-01  8.99620057E-03  1.27283592E+00 -3.37853871E+00 -3.37853871E+00  0.00000000E+00
     641  2.48259708E-01  7.18544636E-02  8.24554171E-03  4.67658364E-01  8.86918242E-03  1.27918359E+00 -3.37823879E+00 -3.37823879E+00  0.00000000E+00
     651  2.49089346E-01  7.23106084E-02  8.33515799E-03  4.68640377E-01  8.90694883E-03  1.27242638E+00 -3.37817388E+00 -3.37817388E+00  0.00000000E+00
     661  2.49956245E-01  7.27419305E-02  8.40954144E-03  4.70237253E-01  8.90582082E-03  1.27586170E+00 -3.37875643E+00 -3.37875643E+00  0.00000000E+00
     671  2.50364052E-01  7.29231368E-02  8.43806005E-03  4.71079166E-01  8.88601339E-03  1.27243935E+00 -3.37851127E+00 -3.37851127E+00  0.00000000E+00
     681  2.49349332E-01  7.23753865E-02  8.33044670E-03  4.69890919E-01  8.85071467E-03  1.27857349E+00 -3.37688636E+00 -3.37688636E+00  0.00000000E+00
     691  2.48555359E-01  7.20720709E-02  8.31505017E-03  4.66407622E-01  8.93054844E-03  1.28706453E+00 -3.37547715E+00 -3.37547715E+00  0.00000000E+00
     701  2.48106770E-01  7.18018864E-02  8.25756701E-03  4.66100956E-01  8.88943081E-03  1.28459335E+00 -3.37576523E+00 -3.37576523E+00  0.00000000E+00
     711  2.48566146E-01  7.19965128E-02  8.28098295E-03  4.67477806E-01  8.86033431E-03  1.27746687E+00 -3.37596674E+00 -3.37596674E+00  0.00000000E+00
     721  2.47853444E-01  7.15661559E-02  8.18097862E-03  4.67562516E-01  8.79390608E-03  1.27135064E+00 -3.37566427E+00 -3.37566427E+00  0.00000000E+00
     731  2.49033885E-01  7.23290957E-02  8.37491154E-03  4.66379012E-01  8.94696137E-03  1.28364698E+00 -3.37807516E+00 -3.37807516E+00  0.00000000E+00
     741  2.48805439E-01  7.22167364E-02  8.34324348E-03  4.66741303E-01  8.94815005E-03  1.27993415E+00 -3.37650134E+00 -3.37650134E+00  0.00000000E+00
     751  2.48237475E-01  7.18730269E-02  8.26694379E-03  4.66552285E-01  8.89486766E-03  1.27472679E+00 -3.37550648E+00 -3.37550648E+00  0.00000000E+00
     761  2.48044509E-01  7.18637397E-02  8.27000071E-03  4.66217090E-01  8.96990438E-03  1.27987911E+00 -3.37549465E+00 -3.37549465E+00  0.00000000E+00
     771  2.47577553E-01  7.16486924E-02  8.23551909E-03  4.65247053E-01  8.98412278E-03  1.27259060E+00 -3.37543169E+00 -3.37543169E+00  0.00000000E+00
     781  2.48675617E-01  7.23240004E-02  8.41510783E-03  4.63742289E-01  9.09726143E-03  1.28267805E+00 -3.37397388E+00 -3.37397388E+00  0.00000000E+00
     791  2.49251795E-01  7.26559803E-02  8.48239190E-03  4.64383008E-01  9.13638121E-03  1.27914827E+00 -3.37394250E+00 -3.37394250E+00  0.00000000E+00
