   #Iter           <M>_x           <M>_y           <M>_z             <M>        M_{stdv}
       0 -6.47735124E-01 -9.82470047E-01  5.69467337E-01  1.95862068E+00  9.79157226E-03
      50 -6.65487519E-01 -9.86427840E-01  5.60042387E-01  1.95786161E+00  1.23142797E-02
     100 -6.40009034E-01 -9.80509970E-01  5.52445838E-01  1.95486358E+00  9.72135675E-03
     150 -6.38851443E-01 -9.99808289E-01  5.65074149E-01  1.94802427E+00  5.52117406E-03
     200 -6.45631722E-01 -9.77637994E-01  5.84364830E-01  1.95241445E+00  8.14197735E-03
     250 -6.26732153E-01 -1.00298869E+00  5.95020471E-01  1.95382736E+00  4.66229640E-03
     300 -6.50801681E-01 -9.97395497E-01  5.84669492E-01  1.95589829E+00  1.24147506E-02
     350 -6.72080545E-01 -1.01442908E+00  5.85517605E-01  1.95691204E+00  6.47400884E-03
     400 -6.64824950E-01 -1.01708774E+00  5.85224382E-01  1.95660913E+00  7.62865066E-03
     450 -6.77306115E-01 -1.01869220E+00  6.10742809E-01  1.95249429E+00  8.84899829E-03
     500 -6.65024570E-01 -1.02289826E+00  6.17952234E-01  1.95772573E+00  6.82473092E-03
     550 -6.75812355E-01 -1.02418814E+00  6.06920239E-01  1.95930647E+00  9.37402823E-03
     600 -6.91925381E-01 -1.04365843E+00  5.94887716E-01  1.94923254E+00  1.24961417E-02
     650 -7.21902274E-01 -1.04750618E+00  5.53790623E-01  1.95634237E+00  6.93955331E-03
     700 -6.93390530E-01 -1.04615979E+00  5.50615595E-01  1.95375027E+00  5.69661930E-03
     750 -6.94346602E-01 -1.04297253E+00  5.77509486E-01  1.95980754E+00  5.04381979E-03
     800 -6.76605513E-01 -9.84492661E-01  5.74984265E-01  1.94506346E+00  9.20170319E-03
     850 -7.01932429E-01 -9.42978437E-01  5.81681481E-01  1.94509983E+00  1.89541213E-02
     900 -7.04528412E-01 -9.53999105E-01  5.86530595E-01  1.95797676E+00  1.90454604E-02
     950 -7.27169412E-01 -9.45022997E-01  5.88653284E-01  1.95865432E+00  8.92431294E-03
    1000 -7.20133470E-01 -9.26767726E-01  5.86968104E-01  1.95534536E+00  1.40271589E-02
    1050 -7.17085482E-01 -9.11686316E-01  6.30192135E-01  1.96811854E+00  4.60975642E-03
    1100 -7.02183866E-01 -9.00566556E-01  6.56050479E-01  1.96692610E+00  7.29365225E-03
    1150 -7.09992181E-01 -8.91918824E-01  6.66150935E-01  1.96668088E+00  5.40148169E-03
    1200 -7.08155971E-01 -8.77926374E-01  6.92421872E-01  1.96632673E+00  5.87137303E-03
    1250 -6.97431261E-01 -8.42869062E-01  6.82429938E-01  1.96329286E+00  1.25616174E-02
    1300 -7.02042158E-01 -8.32861013E-01  6.77348884E-01  1.95267048E+00  6.19202769E-03
    1350 -7.13760871E-01 -8.39385421E-01  6.66284375E-01  1.95890266E+00  7.99778356E-03
    1400 -7.12450293E-01 -8.46234548E-01  6.64077752E-01  1.95348889E+00  2.50590188E-03
    1450 -7.14689780E-01 -8.22001280E-01  6.64414532E-01  1.95901964E+00  7.99693056E-03
    1500 -6.91813384E-01 -8.26387225E-01  6.81351082E-01  1.96038311E+00  1.02913965E-02
    1550 -6.81919153E-01 -8.00915560E-01  6.88744366E-01  1.95976487E+00  1.02903414E-02
    1600 -6.96261660E-01 -7.70515647E-01  6.45328712E-01  1.94681297E+00  1.35626438E-02
    1650 -7.12637018E-01 -7.90905995E-01  6.45654187E-01  1.95540317E+00  1.49414407E-02
    1700 -7.23732427E-01 -8.02750895E-01  6.38667432E-01  1.95503260E+00  6.55835344E-03
    1750 -7.24479894E-01 -7.91416787E-01  6.19989991E-01  1.95342095E+00  1.09166281E-02
    1800 -7.14906395E-01 -7.89407757E-01  6.11866791E-01  1.95760100E+00  1.10141606E-02
    1850 -7.07486989E-01 -7.88872555E-01  6.20723931E-01  1.96063386E+00  1.73956782E-02
    1900 -7.12863817E-01 -7.88240994E-01  6.22951956E-01  1.96337223E+00  1.59770696E-02
    1950 -7.27266168E-01 -7.74181813E-01  6.22964887E-01  1.95797393E+00  1.22618902E-02
    2000 -7.21376478E-01 -7.75488686E-01  6.01480687E-01  1.95076498E+00  7.58584314E-03
    2050 -7.03803014E-01 -8.14555877E-01  6.05799006E-01  1.95320474E+00  1.03425128E-02
    2100 -7.14778183E-01 -8.00536846E-01  6.17260102E-01  1.94859685E+00  1.30049388E-02
    2150 -6.96112683E-01 -7.87116624E-01  6.23333707E-01  1.95307386E+00  7.85071374E-03
    2200 -7.05984726E-01 -7.86880169E-01  6.56874326E-01  1.95890970E+00  1.27750154E-02
    2250 -6.76562388E-01 -7.95545509E-01  6.55645929E-01  1.95729279E+00  1.48973828E-02
    2300 -6.75399424E-01 -7.83487338E-01  6.64124176E-01  1.96289926E+00  4.10187616E-03
    2350 -7.02413880E-01 -8.03527756E-01  6.29915484E-01  1.95745957E+00  1.03559163E-02
    2400 -6.85973411E-01 -8.09043166E-01  6.26229602E-01  1.95753748E+00  1.38276983E-02
    2450 -6.69134887E-01 -7.92701144E-01  6.33294975E-01  1.95154236E+00  1.15257801E-02
    2500 -6.49463614E-01 -8.18949162E-01  6.52342674E-01  1.95999239E+00  1.05666719E-02
    2550 -6.69598452E-01 -8.25268845E-01  6.20866228E-01  1.95621558E+00  9.09650758E-03
    2600 -6.81410762E-01 -8.37075473E-01  6.19096532E-01  1.96148142E+00  7.00514677E-03
    2650 -6.87544328E-01 -7.92450729E-01  6.19965399E-01  1.95576292E+00  1.33997195E-02
    2700 -7.33360362E-01 -7.94156471E-01  6.02475615E-01  1.96149147E+00  1.39469036E-02
    2750 -7.24720622E-01 -8.00488921E-01  5.83302074E-01  1.95164133E+00  2.11922442E-02
    2800 -7.50325308E-01 -7.79971517E-01  6.05882620E-01  1.95657151E+00  5.93287949E-03
    2850 -7.57804964E-01 -7.64462098E-01  6.02501607E-01  1.96162108E+00  1.02429866E-02
    2900 -7.41288212E-01 -7.76914298E-01  5.90594469E-01  1.95700836E+00  8.85839713E-03
    2950 -7.43388413E-01 -7.67663637E-01  5.91248873E-01  1.95633184E+00  6.18875421E-03
    3000 -7.12460657E-01 -7.84318296E-01  5.94821634E-01  1.95889779E+00  8.45153925E-03
    3050 -7.27408015E-01 -8.06797174E-01  6.11365770E-01  1.95421341E+00  1.45853815E-03
    3100 -7.44013862E-01 -7.93412026E-01  6.06348571E-01  1.95347165E+00  1.26946910E-02
    3150 -7.41762901E-01 -7.56992663E-01  6.07055089E-01  1.95100251E+00  1.11805673E-02
    3200 -7.50129145E-01 -7.35033750E-01  6.15801811E-01  1.94786555E+00  9.84321917E-03
    3250 -6.96011641E-01 -7.48446085E-01  6.29075793E-01  1.94177431E+00  6.53128491E-03
    3300 -7.06265069E-01 -7.56548796E-01  6.22707915E-01  1.94334629E+00  1.24468445E-02
    3350 -7.37405894E-01 -7.58919191E-01  6.48795692E-01  1.95350337E+00  1.17197838E-02
    3400 -7.28254745E-01 -7.56844424E-01  6.47185462E-01  1.96616291E+00  6.42993281E-03
    3450 -7.02377380E-01 -7.60808687E-01  6.30858093E-01  1.95813866E+00  6.50696549E-03
    3500 -7.20909705E-01 -7.46508120E-01  6.55862116E-01  1.95899066E+00  1.19301915E-02
    3550 -6.98205241E-01 -7.34812898E-01  6.47770546E-01  1.96456614E+00  1.24647645E-02
    3600 -6.70948066E-01 -7.59395449E-01  6.60186267E-01  1.96556247E+00  1.86749855E-02
    3650 -6.59996818E-01 -7.63771049E-01  6.49130553E-01  1.96220503E+00  1.06249671E-02
    3700 -6.48083802E-01 -7.92739104E-01  6.40741532E-01  1.96016427E+00  7.73659650E-03
    3750 -6.65398302E-01 -7.67776602E-01  6.34634244E-01  1.96025231E+00  8.75928562E-03
    3800 -6.89353453E-01 -7.63753704E-01  6.28382089E-01  1.95656216E+00  8.20578829E-03
    3850 -6.94300040E-01 -7.42456592E-01  6.19087865E-01  1.96013300E+00  4.10416048E-03
    3900 -6.58047284E-01 -7.55571453E-01  6.07841372E-01  1.94673895E+00  1.45134985E-02
    3950 -7.07455289E-01 -7.71339072E-01  5.98555900E-01  1.95146346E+00  8.97422988E-03
    4000 -7.27014484E-01 -7.62352494E-01  5.90428750E-01  1.94532075E+00  9.00981391E-03
    4050 -7.06720576E-01 -8.28621711E-01  5.66758272E-01  1.95588046E+00  9.19880159E-03
    4100 -7.00597410E-01 -8.07929660E-01  5.49178144E-01  1.95388748E+00  1.18831408E-02
    4150 -6.87864871E-01 -8.15752561E-01  5.41286825E-01  1.95784419E+00  6.76653744E-03
    4200 -7.26749220E-01 -7.96629595E-01  5.24607225E-01  1.95765487E+00  1.01362626E-02
    4250 -7.48390482E-01 -7.79487643E-01  5.02836037E-01  1.96133998E+00  7.90670393E-03
    4300 -7.45186839E-01 -7.42459372E-01  5.02542373E-01  1.95604248E+00  9.26376819E-03
    4350 -7.44837081E-01 -7.64902482E-01  5.04470390E-01  1.95557920E+00  9.18235917E-03
    4400 -7.76470041E-01 -7.58935971E-01  4.90921822E-01  1.94339959E+00  7.80741374E-03
    4450 -7.99000994E-01 -7.84844876E-01  4.63458366E-01  1.94303220E+00  5.43186464E-03
    4500 -8.00918847E-01 -8.01729391E-01  4.80510837E-01  1.94896961E+00  7.83254395E-03
    4550 -8.01294347E-01 -7.88143867E-01  4.97394638E-01  1.94977332E+00  9.56315451E-03
    4600 -7.98924945E-01 -7.60196125E-01  4.93319882E-01  1.95877159E+00  1.49740712E-02
    4650 -7.83814273E-01 -7.95232374E-01  4.85209797E-01  1.96425462E+00  8.26312773E-03
    4700 -8.09560567E-01 -8.09250620E-01  4.99071694E-01  1.96077542E+00  8.08768395E-03
    4750 -8.26958459E-01 -7.87235101E-01  5.18695812E-01  1.95507503E+00  1.39271468E-02
    4800 -8.33431550E-01 -7.70576868E-01  5.32405131E-01  1.95932794E+00  5.88727329E-03
    4850 -8.61336087E-01 -8.08745301E-01  5.10988497E-01  1.96061142E+00  6.43372869E-03
    4900 -8.65887716E-01 -8.33567982E-01  5.18891338E-01  1.96138755E+00  5.79384670E-03
    4950 -8.40768960E-01 -8.36478490E-01  5.21246043E-01  1.96064396E+00  4.80399346E-03
    5000 -8.33086113E-01 -8.69319022E-01  4.95798511E-01  1.96067995E+00  1.20096522E-02
    5050 -8.29020848E-01 -8.60383647E-01  4.96692748E-01  1.96432290E+00  7.72477868E-03
    5100 -8.30756965E-01 -8.64608011E-01  5.06067766E-01  1.95631172E+00  1.19092204E-02
    5150 -8.21974420E-01 -8.77330461E-01  5.01798728E-01  1.95869104E+00  1.16976144E-02
    5200 -8.25604651E-01 -8.57230142E-01  5.21158829E-01  1.96504694E+00  8.29933761E-03
    5250 -8.23502652E-01 -8.67051037E-01  5.10024447E-01  1.95756020E+00  4.20961486E-03
    5300 -8.08245656E-01 -8.93410216E-01  4.98860032E-01  1.95614630E+00  3.78789208E-03
    5350 -8.20314264E-01 -8.76038722E-01  5.02022956E-01  1.94568387E+00  1.25529568E-02
    5400 -8.43968176E-01 -9.02528071E-01  4.97927046E-01  1.95421430E+00  9.52212767E-03
    5450 -8.45339380E-01 -8.91250863E-01  4.50586829E-01  1.95909355E+00  1.65474712E-02
    5500 -8.55089238E-01 -8.96779354E-01  4.26260251E-01  1.94937915E+00  1.19117578E-02
    5550 -8.62659121E-01 -8.94817303E-01  4.48566216E-01  1.95103375E+00  6.10383114E-03
    5600 -8.83140347E-01 -8.76322240E-01  4.60461815E-01  1.95912549E+00  6.72564826E-03
    5650 -8.61803929E-01 -8.93163395E-01  4.71973832E-01  1.96037975E+00  9.42351188E-03
    5700 -8.56619999E-01 -9.18390794E-01  4.66608331E-01  1.95553430E+00  1.36166811E-02
    5750 -8.90806621E-01 -9.22387241E-01  4.65761419E-01  1.96241098E+00  8.60660438E-03
    5800 -8.74609509E-01 -9.28353180E-01  4.50602399E-01  1.95597155E+00  1.60590261E-02
    5850 -8.65003118E-01 -9.25963493E-01  4.76596029E-01  1.96196851E+00  7.67703030E-03
    5900 -8.49514835E-01 -9.20854779E-01  4.77011860E-01  1.95840208E+00  7.28066777E-03
    5950 -8.33775085E-01 -9.41918827E-01  4.77998724E-01  1.95310814E+00  1.31552289E-02
    6000 -8.13410454E-01 -9.28563499E-01  4.75472284E-01  1.95170771E+00  2.17516924E-03
    6050 -7.80069928E-01 -9.12512040E-01  4.89376697E-01  1.94556939E+00  6.52213357E-03
    6100 -7.49011474E-01 -9.33518506E-01  4.71058274E-01  1.94858862E+00  7.57347548E-03
    6150 -7.87384995E-01 -9.04715002E-01  4.62635920E-01  1.95966956E+00  9.09096946E-03
    6200 -7.58224907E-01 -9.04463506E-01  4.80644922E-01  1.96231794E+00  1.39833134E-02
    6250 -7.39681984E-01 -8.91888432E-01  4.78659360E-01  1.95514528E+00  9.52179524E-03
    6300 -7.17839695E-01 -9.12661658E-01  4.72986564E-01  1.95136336E+00  1.33665526E-02
    6350 -7.01545502E-01 -9.17440903E-01  4.65961724E-01  1.95609763E+00  2.14949274E-02
    6400 -6.90191469E-01 -9.14308277E-01  4.60926144E-01  1.94824603E+00  2.10594320E-02
    6450 -6.86583834E-01 -8.85031302E-01  4.55807488E-01  1.95315643E+00  4.07216609E-03
    6500 -6.91037490E-01 -8.42615802E-01  4.55676434E-01  1.94964163E+00  9.48670122E-03
    6550 -6.89785638E-01 -8.21299070E-01  4.67623517E-01  1.95831912E+00  8.88493368E-03
    6600 -6.73779639E-01 -8.24833941E-01  4.60384958E-01  1.95463529E+00  5.43123786E-03
    6650 -6.36782619E-01 -8.24285200E-01  4.58125182E-01  1.95092592E+00  3.18907925E-03
    6700 -6.20684392E-01 -8.41024508E-01  4.55231576E-01  1.95205877E+00  1.22554117E-02
    6750 -6.21122833E-01 -8.54190497E-01  4.37966818E-01  1.95104784E+00  1.03600450E-02
    6800 -5.99639374E-01 -8.29305148E-01  4.73198858E-01  1.95701113E+00  9.94973207E-03
    6850 -6.12528243E-01 -8.25429635E-01  4.89428093E-01  1.95194559E+00  7.10318468E-03
    6900 -6.14336467E-01 -7.89423085E-01  4.80505740E-01  1.95324702E+00  7.58796635E-03
    6950 -6.53452251E-01 -7.73970372E-01  4.60445441E-01  1.94331058E+00  1.70403590E-02
    7000 -6.70460885E-01 -7.56429313E-01  4.72214703E-01  1.95666718E+00  9.18934613E-03
    7050 -6.94535175E-01 -7.34832940E-01  4.76761494E-01  1.96182434E+00  9.18520798E-03
    7100 -6.55141107E-01 -7.41297062E-01  5.00548380E-01  1.95290443E+00  8.77422813E-03
    7150 -6.63287248E-01 -7.27337957E-01  4.94950642E-01  1.95677549E+00  1.04939861E-02
    7200 -6.52503942E-01 -7.28795792E-01  5.02057339E-01  1.95728519E+00  9.99756232E-03
    7250 -6.95323188E-01 -7.26816583E-01  5.22675054E-01  1.96044700E+00  8.77447133E-03
    7300 -7.08377529E-01 -6.89626314E-01  5.25269715E-01  1.95269295E+00  1.02663940E-02
    7350 -7.09707772E-01 -7.06382439E-01  5.23130031E-01  1.95593942E+00  1.12268080E-02
    7400 -7.45367195E-01 -6.90841806E-01  5.14738405E-01  1.95336725E+00  7.25351239E-03
    7450 -6.90686711E-01 -6.97758384E-01  5.42350648E-01  1.94947277E+00  1.63109515E-02
    7500 -6.88748342E-01 -6.73787751E-01  5.51268782E-01  1.96181491E+00  9.33596657E-03
    7550 -6.53105555E-01 -7.23635300E-01  5.35789046E-01  1.95448798E+00  4.47628693E-03
    7600 -6.55895459E-01 -6.89340109E-01  5.31253691E-01  1.94857537E+00  9.86199750E-03
    7650 -6.58215102E-01 -6.95017659E-01  5.31437490E-01  1.94769670E+00  8.21060018E-03
    7700 -6.73069046E-01 -6.68871208E-01  5.18326123E-01  1.95063797E+00  1.14995192E-02
    7750 -6.57739210E-01 -6.56659181E-01  5.16039954E-01  1.96438317E+00  9.00435772E-03
    7800 -6.38104927E-01 -6.01767915E-01  5.02499417E-01  1.95371165E+00  4.40342476E-03
    7850 -6.73189645E-01 -6.20522850E-01  5.10586739E-01  1.95898136E+00  7.68939348E-03
    7900 -6.57155650E-01 -6.02869769E-01  5.04442328E-01  1.96462653E+00  7.75134607E-03
    7950 -7.01648534E-01 -5.73739572E-01  4.83942433E-01  1.95304445E+00  1.30080930E-02
    8000 -6.73966146E-01 -5.59485734E-01  4.70004820E-01  1.95566902E+00  4.79102171E-03
    8050 -7.08106718E-01 -5.58572948E-01  4.58542420E-01  1.94982312E+00  9.25475235E-03
    8100 -7.28272206E-01 -5.63628710E-01  4.27418940E-01  1.94531922E+00  9.72376824E-03
    8150 -7.22063492E-01 -6.08543917E-01  4.16817855E-01  1.94369465E+00  1.03782077E-02
    8200 -7.38218566E-01 -6.05229360E-01  4.33830613E-01  1.95065748E+00  1.01701376E-02
    8250 -7.17177387E-01 -6.26230535E-01  4.64689386E-01  1.95732214E+00  1.28807236E-02
    8300 -6.85035152E-01 -5.96733748E-01  4.43084379E-01  1.94603277E+00  3.51570891E-03
    8350 -6.82895208E-01 -5.84728835E-01  4.29990784E-01  1.94841662E+00  5.91056027E-03
    8400 -6.65138302E-01 -5.71055192E-01  4.38748560E-01  1.94648119E+00  1.27303729E-02
    8450 -6.36879183E-01 -5.92406106E-01  4.44104124E-01  1.94148900E+00  1.06002896E-02
    8500 -6.39569884E-01 -6.01406130E-01  4.30982171E-01  1.95030109E+00  6.59345640E-03
    8550 -6.31420759E-01 -5.98444015E-01  4.64473909E-01  1.94762406E+00  9.02527581E-03
    8600 -6.03509266E-01 -5.93262176E-01  4.37218991E-01  1.94638211E+00  5.20841998E-03
    8650 -6.05749561E-01 -5.92164141E-01  4.43098858E-01  1.94739063E+00  1.27960547E-02
    8700 -6.28856986E-01 -5.90682712E-01  4.33504383E-01  1.95006688E+00  8.57149986E-03
    8750 -6.31333856E-01 -5.63422568E-01  4.29952399E-01  1.95220261E+00  7.36247653E-03
    8800 -6.30012998E-01 -5.66935533E-01  4.41580572E-01  1.95554533E+00  9.87452703E-03
    8850 -6.45340486E-01 -5.72508773E-01  4.46532502E-01  1.95963055E+00  9.82631190E-03
    8900 -6.27313852E-01 -5.66740791E-01  4.22372600E-01  1.95608364E+00  1.21582409E-02
    8950 -6.28147039E-01 -5.29513674E-01  4.28941425E-01  1.96311462E+00  1.05372602E-02
    9000 -5.94117585E-01 -5.34898949E-01  4.26188211E-01  1.96528201E+00  5.05401161E-03
    9050 -5.93255120E-01 -5.23943529E-01  4.30748994E-01  1.96118748E+00  3.46338701E-03
    9100 -6.20288860E-01 -5.31047183E-01  4.45662121E-01  1.96859730E+00  8.31036167E-03
    9150 -6.39914097E-01 -5.45066984E-01  4.52354544E-01  1.96620809E+00  1.40601792E-02
    9200 -6.57546082E-01 -5.19024916E-01  4.24304809E-01  1.96016716E+00  9.42545204E-03
    9250 -6.56398489E-01 -5.41928079E-01  4.41882042E-01  1.95510803E+00  1.28998676E-02
    9300 -6.26491571E-01 -5.61184377E-01  4.32742684E-01  1.94864055E+00  9.60505966E-03
    9350 -6.30445400E-01 -5.92804805E-01  4.13055404E-01  1.96007503E+00  9.01845196E-03
    9400 -5.90264507E-01 -5.94064263E-01  4.05982784E-01  1.95572783E+00  7.07797351E-03
    9450 -6.09281686E-01 -5.77479277E-01  3.91516604E-01  1.95552731E+00  1.06460760E-02
    9500 -5.81382906E-01 -5.60028692E-01  3.69475279E-01  1.95809354E+00  1.85223520E-02
    9550 -5.76509500E-01 -5.53721719E-01  3.53734253E-01  1.95319277E+00  1.28598517E-02
    9600 -5.64929032E-01 -5.48161947E-01  3.29188997E-01  1.95052102E+00  1.23366680E-02
    9650 -5.56827959E-01 -5.85524389E-01  3.29085804E-01  1.95881417E+00  1.39750543E-02
    9700 -5.56427712E-01 -5.95541187E-01  3.28317464E-01  1.95643953E+00  1.41130771E-02
    9750 -5.83009987E-01 -6.10608890E-01  3.23049333E-01  1.95612838E+00  8.48688105E-03
    9800 -5.60744011E-01 -6.27390921E-01  3.07404827E-01  1.95218459E+00  8.22655172E-03
    9850 -5.43195593E-01 -6.49351178E-01  3.17190874E-01  1.95565678E+00  1.13386603E-02
    9900 -5.57515573E-01 -6.41233774E-01  3.11952766E-01  1.95562366E+00  8.81080822E-03
    9950 -5.83286964E-01 -6.14634217E-01  3.00379310E-01  1.96324379E+00  1.24701293E-02
   10000 -5.45497430E-01 -6.16664635E-01  3.16547187E-01  1.95421760E+00  1.17561580E-02
   10050 -5.66829034E-01 -6.12654421E-01  2.97577055E-01  1.96107284E+00  1.06220617E-02
   10100 -5.46456234E-01 -6.36225407E-01  3.12890728E-01  1.96868347E+00  6.70739615E-03
   10150 -5.40031214E-01 -6.50997855E-01  2.98338672E-01  1.95841221E+00  1.48787819E-02
   10200 -5.29990582E-01 -6.24998359E-01  2.97282889E-01  1.96330631E+00  1.30560666E-02
   10250 -5.22741326E-01 -6.27289444E-01  3.18859830E-01  1.95658048E+00  5.58870621E-03
   10300 -5.43633499E-01 -6.26043322E-01  3.03794830E-01  1.95840679E+00  1.10326476E-02
   10350 -5.38708043E-01 -6.09570076E-01  3.06133594E-01  1.95493080E+00  4.79476133E-03
   10400 -5.43938843E-01 -6.78782112E-01  3.26545615E-01  1.95242887E+00  8.93146247E-03
   10450 -5.57816470E-01 -6.83688747E-01  3.35458275E-01  1.96423837E+00  1.17754710E-02
   10500 -5.66788929E-01 -6.81148388E-01  3.31069925E-01  1.96438980E+00  9.13366922E-03
   10550 -5.49602007E-01 -6.63620038E-01  3.49226227E-01  1.95701754E+00  5.62751996E-03
   10600 -5.48140085E-01 -6.78043731E-01  3.34788109E-01  1.95489118E+00  8.24486804E-03
   10650 -5.49377226E-01 -6.88478461E-01  3.27700505E-01  1.95411329E+00  6.96314327E-03
   10700 -5.71025939E-01 -6.57988761E-01  3.22841810E-01  1.95531454E+00  8.27714019E-03
   10750 -5.62193293E-01 -6.51919031E-01  3.31300169E-01  1.95044511E+00  1.35286131E-02
   10800 -5.54436470E-01 -6.58625882E-01  3.48050435E-01  1.95814088E+00  6.58592008E-03
   10850 -5.43336606E-01 -6.92185054E-01  3.49736965E-01  1.95997777E+00  1.32309699E-02
   10900 -5.41435353E-01 -7.31296184E-01  3.60409679E-01  1.96375783E+00  1.24553247E-02
   10950 -5.27479600E-01 -7.69673177E-01  3.55886765E-01  1.95032593E+00  1.20023465E-02
   11000 -5.56935141E-01 -7.88890034E-01  3.49520867E-01  1.96767496E+00  1.23209161E-02
   11050 -5.28563660E-01 -8.06591575E-01  3.76192803E-01  1.95743305E+00  1.40045570E-02
   11100 -5.42304422E-01 -8.29386563E-01  3.79179127E-01  1.95836018E+00  1.41108087E-02
   11150 -5.49982969E-01 -8.18175819E-01  3.74472245E-01  1.95854751E+00  1.28351883E-02
   11200 -5.41482585E-01 -8.18887050E-01  3.61610788E-01  1.94445226E+00  1.11733500E-02
   11250 -5.37260779E-01 -8.15566017E-01  3.64791032E-01  1.94615104E+00  3.94474757E-03
   11300 -5.42019542E-01 -8.23775169E-01  3.46108630E-01  1.94489553E+00  1.29832968E-02
   11350 -5.50272078E-01 -8.63307373E-01  3.40326242E-01  1.94344945E+00  1.09329313E-02
   11400 -5.75322970E-01 -8.75515964E-01  3.61700575E-01  1.94772640E+00  1.09548654E-02
   11450 -5.95698668E-01 -9.13339381E-01  3.80161091E-01  1.95174550E+00  8.79172459E-03
   11500 -5.93933678E-01 -8.96040890E-01  3.99650054E-01  1.95528303E+00  1.01272357E-02
   11550 -6.05516758E-01 -8.86296818E-01  4.06589749E-01  1.94677927E+00  4.98561502E-03
   11600 -5.90395635E-01 -8.99152025E-01  4.10846891E-01  1.94806624E+00  9.59758315E-03
   11650 -5.84454895E-01 -9.06147841E-01  4.18339727E-01  1.94491309E+00  6.05430082E-03
   11700 -5.78893279E-01 -8.82129370E-01  4.14838236E-01  1.94687552E+00  9.98814226E-03
   11750 -6.00944988E-01 -8.62120320E-01  4.08382389E-01  1.94741021E+00  1.35910994E-02
   11800 -6.31455508E-01 -8.56945326E-01  4.10544659E-01  1.95855604E+00  1.31917297E-02
   11850 -6.25571993E-01 -8.68553327E-01  4.32752993E-01  1.95499262E+00  9.13311601E-03
   11900 -6.26728669E-01 -8.45680436E-01  4.12709834E-01  1.96240231E+00  1.03249514E-02
   11950 -6.41802272E-01 -8.36783921E-01  3.99678052E-01  1.94815389E+00  9.46033580E-03
   12000 -6.39685719E-01 -8.37718192E-01  3.93292585E-01  1.94523696E+00  7.08466166E-03
   12050 -6.45677347E-01 -8.78027445E-01  4.04174917E-01  1.95312294E+00  1.92948682E-02
   12100 -6.31445723E-01 -8.90362821E-01  3.92638384E-01  1.96411397E+00  2.95154165E-03
   12150 -6.64575840E-01 -8.91776783E-01  3.69799535E-01  1.94817370E+00  1.05966728E-02
   12200 -6.60547562E-01 -8.82117716E-01  3.74255330E-01  1.95854829E+00  5.74328429E-03
   12250 -6.82977680E-01 -8.80000696E-01  3.55108438E-01  1.94576519E+00  7.55559309E-03
   12300 -6.72714866E-01 -9.01406021E-01  3.81999014E-01  1.95494098E+00  1.25592111E-02
   12350 -6.93099082E-01 -8.75856987E-01  3.90798178E-01  1.95837238E+00  4.37605543E-03
   12400 -6.75099552E-01 -8.56883480E-01  3.73911790E-01  1.95399666E+00  1.22423882E-02
   12450 -6.90195707E-01 -8.33169902E-01  3.84762510E-01  1.94593672E+00  1.16435766E-02
   12500 -7.13944457E-01 -8.63171750E-01  3.88347345E-01  1.95149396E+00  6.09493431E-03
   12550 -6.90096310E-01 -8.64706076E-01  3.89406026E-01  1.96340030E+00  9.60320713E-03
   12600 -6.81876087E-01 -8.77392119E-01  3.97281220E-01  1.96564001E+00  1.13134961E-02
   12650 -7.02110519E-01 -8.97263109E-01  4.14863216E-01  1.95941046E+00  9.48585138E-03
   12700 -6.82003901E-01 -9.03743695E-01  4.20449958E-01  1.96006742E+00  5.11049069E-03
   12750 -6.47673946E-01 -9.25267853E-01  4.25703808E-01  1.94936248E+00  1.13196327E-02
   12800 -6.69889673E-01 -9.10254599E-01  4.19040697E-01  1.94618412E+00  1.78846641E-02
   12850 -6.41488376E-01 -9.27910674E-01  4.11630586E-01  1.95244684E+00  1.29789275E-02
   12900 -6.43601670E-01 -9.62985805E-01  4.03056378E-01  1.96021334E+00  1.08829368E-02
   12950 -6.55158115E-01 -9.54825426E-01  4.05390322E-01  1.96277013E+00  1.62447678E-02
   13000 -6.80333995E-01 -9.50528873E-01  4.06887572E-01  1.95774003E+00  1.54985134E-02
   13050 -6.93767263E-01 -9.21283403E-01  3.84313970E-01  1.95959997E+00  6.24225309E-03
   13100 -6.78924233E-01 -9.10330242E-01  3.75776384E-01  1.96375585E+00  2.26953484E-03
   13150 -6.69924125E-01 -9.07968770E-01  3.67600239E-01  1.95879474E+00  6.91662522E-03
   13200 -6.60304502E-01 -9.22359772E-01  3.47854196E-01  1.95795278E+00  8.43403531E-03
   13250 -6.10494274E-01 -9.17919949E-01  3.42893931E-01  1.95559288E+00  9.63883086E-03
   13300 -6.22205165E-01 -9.20859468E-01  3.55371093E-01  1.94816479E+00  1.30093067E-02
   13350 -6.58745421E-01 -9.16343009E-01  3.60254276E-01  1.95814830E+00  6.58080656E-03
   13400 -6.75578099E-01 -8.93972848E-01  3.71814989E-01  1.95568160E+00  1.33519088E-02
   13450 -6.58444810E-01 -9.07448343E-01  3.65397343E-01  1.95663328E+00  5.58211389E-03
   13500 -6.46779457E-01 -9.10903000E-01  3.57275472E-01  1.95731926E+00  1.23896448E-02
   13550 -6.02490691E-01 -9.29259524E-01  3.50342199E-01  1.95574662E+00  1.21851154E-02
   13600 -6.08919569E-01 -9.40110728E-01  3.23493244E-01  1.95105111E+00  1.40876677E-02
   13650 -5.81987034E-01 -9.54409891E-01  3.18537115E-01  1.94747725E+00  1.05851652E-02
   13700 -6.10054831E-01 -9.55323919E-01  3.42587749E-01  1.95029481E+00  1.18195896E-02
   13750 -6.04905577E-01 -9.67031089E-01  3.38635859E-01  1.95790467E+00  7.78909905E-03
   13800 -6.04531084E-01 -9.67976758E-01  3.58138480E-01  1.95533153E+00  8.26822461E-03
   13850 -6.24459757E-01 -9.51113796E-01  3.64291387E-01  1.95514639E+00  1.08182721E-02
   13900 -6.18121046E-01 -9.47765597E-01  3.72754787E-01  1.95376878E+00  7.30233265E-03
   13950 -5.90635152E-01 -9.37114652E-01  3.50151077E-01  1.95990135E+00  1.04727813E-02
   14000 -5.92480543E-01 -9.51645039E-01  3.39753330E-01  1.96615098E+00  7.12463240E-03
   14050 -5.49427309E-01 -9.07347210E-01  3.32962284E-01  1.95801418E+00  1.29328442E-02
   14100 -5.69479704E-01 -9.15457920E-01  3.18474116E-01  1.95453012E+00  2.01292212E-02
   14150 -5.33801805E-01 -9.27780234E-01  3.20428257E-01  1.94943337E+00  1.27825906E-02
   14200 -5.54719156E-01 -9.47549894E-01  3.11657984E-01  1.94500314E+00  1.48338064E-02
   14250 -5.14187291E-01 -9.59789247E-01  2.99421887E-01  1.94762534E+00  7.71128877E-03
   14300 -4.73565368E-01 -9.58598969E-01  2.87028185E-01  1.95983562E+00  1.28673432E-02
   14350 -4.58051797E-01 -9.59767080E-01  2.82931869E-01  1.95538708E+00  8.01349002E-03
   14400 -4.78740479E-01 -9.59522464E-01  2.90590939E-01  1.95464008E+00  9.56128298E-03
   14450 -4.57899093E-01 -9.43414809E-01  3.00193983E-01  1.95166580E+00  8.00537435E-03
   14500 -4.82700487E-01 -9.59281199E-01  3.25511109E-01  1.95484094E+00  1.39579554E-02
   14550 -4.66722815E-01 -9.45562244E-01  3.15176891E-01  1.96053949E+00  1.02537471E-02
   14600 -4.61714985E-01 -9.43323184E-01  3.01735380E-01  1.96519347E+00  6.28063419E-03
   14650 -4.43868480E-01 -9.39062561E-01  2.95394789E-01  1.96116305E+00  4.13184107E-03
   14700 -4.33076696E-01 -8.95729866E-01  2.85138201E-01  1.95403175E+00  1.15852132E-02
   14750 -4.26423970E-01 -8.92729189E-01  2.83601654E-01  1.96333092E+00  1.58669725E-02
   14800 -3.98446420E-01 -8.85811728E-01  2.82693627E-01  1.96528454E+00  7.66354778E-03
   14850 -4.01650988E-01 -8.42224922E-01  2.72744657E-01  1.95491132E+00  1.13951049E-02
   14900 -4.23699954E-01 -8.35586789E-01  2.76703986E-01  1.95613474E+00  1.40760132E-02
   14950 -4.32876154E-01 -8.00012186E-01  2.47824411E-01  1.95515006E+00  4.21639279E-03
   15000 -4.19108782E-01 -7.98803258E-01  2.39836330E-01  1.96238601E+00  1.00932804E-02
   15050 -4.30265774E-01 -7.74043278E-01  2.65621693E-01  1.95881168E+00  8.02458368E-03
   15100 -4.42543756E-01 -7.78198930E-01  2.52256164E-01  1.96275857E+00  7.94759939E-03
   15150 -4.32874315E-01 -7.32059010E-01  2.57259451E-01  1.95551814E+00  4.53661374E-03
   15200 -4.47270424E-01 -7.55940521E-01  2.65054676E-01  1.97112731E+00  6.67703850E-03
   15250 -4.68359915E-01 -7.59601169E-01  2.64671214E-01  1.96099441E+00  1.04906833E-02
   15300 -4.97397900E-01 -7.57570231E-01  2.74369614E-01  1.95630808E+00  1.26684134E-02
   15350 -5.01058786E-01 -7.56531982E-01  2.64928764E-01  1.95156035E+00  7.14400265E-03
   15400 -5.15900673E-01 -7.32738761E-01  2.71408397E-01  1.95778258E+00  5.29646415E-03
   15450 -4.91864805E-01 -7.43285584E-01  2.74217879E-01  1.96533361E+00  1.05762080E-02
   15500 -4.76626319E-01 -7.31831138E-01  2.96310889E-01  1.96077983E+00  7.45422516E-03
   15550 -4.63868597E-01 -7.14504270E-01  2.82644870E-01  1.95740762E+00  1.01750416E-02
   15600 -4.65636029E-01 -7.06257035E-01  2.75077718E-01  1.95852630E+00  1.08317379E-02
   15650 -4.31072878E-01 -7.22310861E-01  2.54144948E-01  1.95668361E+00  9.71882389E-03
   15700 -4.04811473E-01 -7.21096785E-01  2.42789945E-01  1.96549216E+00  1.30738751E-02
   15750 -3.97613970E-01 -7.02766639E-01  2.42267851E-01  1.95734816E+00  1.38799738E-02
   15800 -3.99834159E-01 -6.86261177E-01  2.49834539E-01  1.94353026E+00  8.92905307E-03
   15850 -3.97636861E-01 -6.79203238E-01  2.57902066E-01  1.94446145E+00  1.71659835E-02
   15900 -4.10172480E-01 -6.83050559E-01  2.73034749E-01  1.93890554E+00  1.30684711E-02
   15950 -4.07780235E-01 -6.83771535E-01  2.88026040E-01  1.95271861E+00  6.53773984E-03
   16000 -3.99616104E-01 -7.06543655E-01  3.11596562E-01  1.95885201E+00  8.84209706E-03
   16050 -4.14351270E-01 -6.93479852E-01  3.04756961E-01  1.95583695E+00  5.21346115E-03
   16100 -4.23100029E-01 -6.65162779E-01  3.08484335E-01  1.96029287E+00  6.02304892E-03
   16150 -4.34704002E-01 -6.44307095E-01  2.68557645E-01  1.95643338E+00  8.28295593E-03
   16200 -4.24397135E-01 -6.31119170E-01  2.71522551E-01  1.95815349E+00  1.35049047E-02
   16250 -4.28718258E-01 -6.02439618E-01  2.74945002E-01  1.96736135E+00  7.90857576E-03
   16300 -4.27386652E-01 -6.11147503E-01  2.62695004E-01  1.95726255E+00  1.03633300E-02
   16350 -4.20068729E-01 -6.02558208E-01  2.78911438E-01  1.96248469E+00  6.87891703E-03
   16400 -4.41193404E-01 -6.06453325E-01  2.74665213E-01  1.96310673E+00  9.93741301E-03
   16450 -4.66954525E-01 -5.76375748E-01  2.57787665E-01  1.95129293E+00  6.87209693E-03
   16500 -4.62234773E-01 -5.82854037E-01  2.51597712E-01  1.95999025E+00  1.32703194E-02
   16550 -4.56661751E-01 -5.79005377E-01  2.37344556E-01  1.95666222E+00  9.39318182E-03
   16600 -4.49384618E-01 -5.95816130E-01  2.31103378E-01  1.96270733E+00  3.88327646E-03
   16650 -4.00836739E-01 -5.86484582E-01  2.29726635E-01  1.94720613E+00  1.02827808E-02
   16700 -3.74828014E-01 -5.68345043E-01  2.17689827E-01  1.95346916E+00  8.47655638E-03
   16750 -4.02949827E-01 -5.51280140E-01  2.23936433E-01  1.95666975E+00  1.03700613E-02
   16800 -3.61524222E-01 -5.86894725E-01  2.37628510E-01  1.95124208E+00  7.69450191E-03
   16850 -3.71501926E-01 -5.53166698E-01  2.20347361E-01  1.96089158E+00  8.43713970E-03
   16900 -3.75969891E-01 -5.54065327E-01  2.09530653E-01  1.95645997E+00  1.42164988E-02
   16950 -3.83437300E-01 -5.53533545E-01  1.98748860E-01  1.94868939E+00  1.37452971E-02
   17000 -3.84070223E-01 -5.34132341E-01  2.00856323E-01  1.94872476E+00  7.59572498E-03
   17050 -3.85299863E-01 -5.30482340E-01  2.07329745E-01  1.95360727E+00  4.79729749E-03
   17100 -3.84815988E-01 -5.03244976E-01  1.84706737E-01  1.94832364E+00  1.40806927E-02
   17150 -3.89718327E-01 -5.35726877E-01  2.01491045E-01  1.95699197E+00  1.20672077E-02
   17200 -4.09346547E-01 -5.38756799E-01  2.00470782E-01  1.95545196E+00  9.85056324E-03
   17250 -3.84699945E-01 -5.31079919E-01  1.90060029E-01  1.96040932E+00  7.40189318E-03
   17300 -3.92546125E-01 -5.35917535E-01  1.97397844E-01  1.96099808E+00  5.44560658E-03
   17350 -3.97789015E-01 -5.31072630E-01  1.95251072E-01  1.95652302E+00  1.40595490E-02
   17400 -4.05631610E-01 -5.27408677E-01  1.84509909E-01  1.94965286E+00  8.78760895E-03
   17450 -4.11219708E-01 -5.41523949E-01  2.04309468E-01  1.95489071E+00  7.80055247E-03
   17500 -4.09572277E-01 -5.55885120E-01  2.18778651E-01  1.95515370E+00  1.21606555E-02
   17550 -4.21393764E-01 -5.38234690E-01  2.21216956E-01  1.95482850E+00  1.26546361E-02
   17600 -4.12175402E-01 -5.62702246E-01  2.35004350E-01  1.95655179E+00  1.58102708E-02
   17650 -4.18836418E-01 -5.77733263E-01  2.39046304E-01  1.95911461E+00  1.22079254E-02
   17700 -4.11430656E-01 -5.73162724E-01  2.32072742E-01  1.95616229E+00  7.90389824E-03
   17750 -4.22984379E-01 -5.46201085E-01  2.25772026E-01  1.95171568E+00  9.12836905E-03
   17800 -4.44328991E-01 -5.22244571E-01  2.03908352E-01  1.95101331E+00  6.84024656E-03
   17850 -4.54141294E-01 -5.06123164E-01  2.17150181E-01  1.94221032E+00  1.98242993E-02
   17900 -4.78725003E-01 -5.01120368E-01  2.07712700E-01  1.95500390E+00  1.45262774E-02
   17950 -4.97591587E-01 -4.70818532E-01  1.74641242E-01  1.95222243E+00  1.26091866E-02
   18000 -5.04826303E-01 -5.05992941E-01  1.71664201E-01  1.95245910E+00  7.74829442E-03
   18050 -4.70183435E-01 -4.82575667E-01  1.62952660E-01  1.95648321E+00  1.17373235E-02
   18100 -4.78108624E-01 -4.63679819E-01  1.53251191E-01  1.95987539E+00  8.84786948E-03
   18150 -4.77232522E-01 -4.93863907E-01  1.47895790E-01  1.95641642E+00  1.05651319E-02
   18200 -4.87872386E-01 -4.99812793E-01  1.41791538E-01  1.95361219E+00  1.38043544E-02
   18250 -5.01892190E-01 -5.11338811E-01  1.31742339E-01  1.94905247E+00  3.61404314E-03
   18300 -5.09520437E-01 -4.91933365E-01  1.34906691E-01  1.94983053E+00  9.48214896E-03
   18350 -5.02506722E-01 -5.01367539E-01  1.38816775E-01  1.95068002E+00  7.11128062E-03
   18400 -4.58905796E-01 -5.18033886E-01  1.44786086E-01  1.94918559E+00  8.87008190E-03
   18450 -4.43560060E-01 -5.38844996E-01  1.64838887E-01  1.94462177E+00  1.29601663E-02
   18500 -4.49598570E-01 -4.99548053E-01  1.63914787E-01  1.95599144E+00  7.44559782E-03
   18550 -4.70019151E-01 -5.09170338E-01  1.85685989E-01  1.94074280E+00  9.17403007E-03
   18600 -4.77093863E-01 -5.07648808E-01  1.81825230E-01  1.93482814E+00  1.07480616E-02
   18650 -4.92339379E-01 -5.03293145E-01  1.75365699E-01  1.95176264E+00  7.11917147E-03
   18700 -4.79391579E-01 -4.93844801E-01  1.71057130E-01  1.95194052E+00  1.33978461E-02
   18750 -4.84730277E-01 -5.03081599E-01  1.61466120E-01  1.94949124E+00  6.55312623E-03
   18800 -5.04901764E-01 -4.68272505E-01  1.46827697E-01  1.95948157E+00  1.31356912E-02
   18850 -4.98306046E-01 -4.66293068E-01  1.28925758E-01  1.95538548E+00  1.22330626E-02
   18900 -5.03549125E-01 -4.48303151E-01  1.35385278E-01  1.95014931E+00  3.37195756E-03
   18950 -5.03431372E-01 -4.62577671E-01  1.12322368E-01  1.95414232E+00  5.15466962E-03
   19000 -5.09303306E-01 -4.57065874E-01  1.05274939E-01  1.95028982E+00  1.27946339E-02
   19050 -5.29093859E-01 -4.30740099E-01  1.05540727E-01  1.95718970E+00  5.81601957E-03
   19100 -5.38358238E-01 -4.61754391E-01  1.19307832E-01  1.95731579E+00  8.33956291E-03
   19150 -5.26676394E-01 -4.69045052E-01  1.30268493E-01  1.95991834E+00  6.64522536E-03
   19200 -5.15866887E-01 -4.80715984E-01  1.04398532E-01  1.96031808E+00  7.30244064E-03
   19250 -5.21551227E-01 -4.72274907E-01  8.30502744E-02  1.95476011E+00  3.97282591E-03
   19300 -5.12888018E-01 -4.77009835E-01  8.06364289E-02  1.95137077E+00  3.89564825E-03
   19350 -4.95987038E-01 -4.41790288E-01  6.58122857E-02  1.95221509E+00  7.90966430E-03
   19400 -5.20513329E-01 -4.39595834E-01  4.82022896E-02  1.95903789E+00  1.24984145E-02
   19450 -5.29169715E-01 -4.22784827E-01  5.50710266E-02  1.95617249E+00  9.65508988E-03
   19500 -5.39277289E-01 -4.09767187E-01  5.72112159E-02  1.95974892E+00  1.12482550E-02
   19550 -5.37212521E-01 -4.09295962E-01  4.48010610E-02  1.95922304E+00  8.05470141E-03
   19600 -5.59571746E-01 -3.81466665E-01  3.97015176E-02  1.96562588E+00  5.61959012E-03
   19650 -5.72470111E-01 -3.76747120E-01  2.41278517E-02  1.96345965E+00  5.58056743E-03
   19700 -5.86502831E-01 -3.74037540E-01  1.83655812E-02  1.96465937E+00  1.11831235E-02
   19750 -5.99810668E-01 -3.73453562E-01  1.22014577E-02  1.95795732E+00  1.85609388E-02
   19800 -6.00443652E-01 -3.45404238E-01  7.18919090E-03  1.94492590E+00  9.75417991E-03
   19850 -6.19480153E-01 -3.74890425E-01  1.53179315E-02  1.95288690E+00  1.92937363E-02
   19900 -6.24401231E-01 -3.80994294E-01  3.83326930E-02  1.95688273E+00  7.17978007E-03
   19950 -6.13727158E-01 -3.72572772E-01  9.55436813E-03  1.95641306E+00  8.08457141E-03
   20000 -6.33187250E-01 -3.68129972E-01 -9.04111638E-03  1.95727160E+00  9.99019715E-03
   20050 -6.58562256E-01 -3.47922048E-01  8.08087272E-03  1.95160251E+00  1.10693284E-02
   20100 -6.72634201E-01 -3.45912163E-01  8.52548692E-03  1.94503840E+00  5.70961815E-03
   20150 -6.64305387E-01 -3.15829723E-01 -1.65652734E-02  1.95444582E+00  1.01976089E-02
   20200 -6.63088179E-01 -2.91138636E-01 -9.97880646E-03  1.94688574E+00  6.21217001E-03
   20250 -6.76819664E-01 -2.78435300E-01 -2.48376803E-02  1.95261074E+00  1.05869952E-02
   20300 -6.65978580E-01 -2.50672437E-01 -5.45802152E-02  1.95360050E+00  1.17201432E-02
   20350 -6.63350784E-01 -2.56720420E-01 -2.34167717E-02  1.95475867E+00  6.98580569E-03
   20400 -6.71631886E-01 -2.73578604E-01 -6.80618002E-03  1.96727184E+00  5.63232718E-03
   20450 -6.47229478E-01 -2.99251515E-01 -1.61087398E-03  1.95913091E+00  1.14073841E-02
   20500 -6.61881831E-01 -2.65156448E-01 -2.70979656E-02  1.96944857E+00  4.30909128E-03
   20550 -6.77030064E-01 -2.79694811E-01 -2.53105076E-02  1.96088265E+00  6.82139872E-03
   20600 -6.73094226E-01 -2.58668133E-01 -2.75609806E-02  1.96333764E+00  6.22317507E-03
   20650 -6.72654940E-01 -2.63584024E-01 -1.70812879E-02  1.95460925E+00  7.80090575E-03
   20700 -6.89464998E-01 -2.45757476E-01 -1.41919088E-02  1.95759407E+00  7.97381379E-03
   20750 -7.10866631E-01 -2.40897871E-01 -2.37233428E-02  1.95946845E+00  1.17531162E-02
   20800 -6.94923963E-01 -2.39116622E-01 -1.73373005E-02  1.96044757E+00  6.87958884E-03
   20850 -6.91494165E-01 -2.41022298E-01 -1.57635748E-02  1.95573097E+00  6.92084852E-03
   20900 -6.85379382E-01 -2.33758078E-01 -9.38600512E-03  1.95191339E+00  6.57535904E-03
   20950 -6.90940456E-01 -2.27811570E-01 -3.33208914E-02  1.95271893E+00  1.00765545E-02
   21000 -7.06853998E-01 -2.63347967E-01 -2.26220126E-02  1.95552388E+00  9.79593972E-03
   21050 -7.27465730E-01 -2.36726116E-01 -2.84688375E-02  1.95669871E+00  6.77229628E-03
   21100 -7.44766535E-01 -2.40932721E-01 -3.74792921E-02  1.96103841E+00  6.09291696E-03
   21150 -7.31025320E-01 -2.24934010E-01 -5.94695932E-02  1.95439309E+00  1.11231637E-02
   21200 -7.38657110E-01 -2.17304006E-01 -5.48929511E-02  1.96799181E+00  1.25967311E-02
   21250 -7.69110177E-01 -2.19981060E-01 -5.32514401E-02  1.95753511E+00  8.17277819E-03
   21300 -7.28930399E-01 -2.31401467E-01 -6.78883538E-02  1.96121972E+00  9.31893698E-03
   21350 -7.49121543E-01 -2.27801758E-01 -8.23403734E-02  1.96139320E+00  8.77011899E-03
   21400 -7.35983892E-01 -2.09907609E-01 -1.03795399E-01  1.95970265E+00  1.57676401E-02
   21450 -7.29441388E-01 -2.07972343E-01 -1.09035354E-01  1.95527671E+00  7.70147841E-03
   21500 -7.21758632E-01 -2.15392620E-01 -1.04269801E-01  1.95423825E+00  1.41264783E-02
   21550 -7.21969955E-01 -1.93595766E-01 -1.28487388E-01  1.95667252E+00  9.50898788E-03
   21600 -7.44111507E-01 -2.11798227E-01 -1.03119127E-01  1.95802892E+00  1.55487556E-02
   21650 -7.48418235E-01 -1.76578261E-01 -1.23268128E-01  1.96218574E+00  1.08151576E-02
   21700 -7.25538915E-01 -1.75644593E-01 -1.17582651E-01  1.95413276E+00  6.49965344E-03
   21750 -7.31053205E-01 -1.68174934E-01 -1.23808942E-01  1.96271862E+00  5.89915128E-03
   21800 -6.98024921E-01 -1.57995769E-01 -1.38601912E-01  1.95868220E+00  8.02451104E-03
   21850 -7.15629484E-01 -1.37405653E-01 -1.40877634E-01  1.96224653E+00  9.74298404E-03
   21900 -7.08707138E-01 -1.16234869E-01 -1.45820855E-01  1.95536094E+00  7.40399258E-03
   21950 -6.89170533E-01 -1.13171925E-01 -1.64704259E-01  1.95638146E+00  5.56850321E-03
   22000 -6.91121054E-01 -1.23177732E-01 -1.58529135E-01  1.95086411E+00  1.03552319E-02
   22050 -6.87608783E-01 -1.24912567E-01 -1.54152121E-01  1.95551492E+00  1.10492443E-02
   22100 -6.81745120E-01 -1.32641280E-01 -1.35677859E-01  1.95792943E+00  1.42027623E-02
   22150 -6.72228895E-01 -1.30106097E-01 -1.39638413E-01  1.95613620E+00  1.69113086E-02
   22200 -6.48558633E-01 -1.40534734E-01 -1.34390023E-01  1.95500189E+00  1.50148201E-02
   22250 -6.54762433E-01 -1.29396801E-01 -1.43035818E-01  1.95302166E+00  7.98096374E-03
   22300 -6.40986928E-01 -1.58726615E-01 -1.42913433E-01  1.95716509E+00  5.48487457E-03
   22350 -6.29561521E-01 -1.36898551E-01 -1.53250049E-01  1.95715372E+00  4.55773222E-03
   22400 -6.32990811E-01 -1.46390635E-01 -1.69678555E-01  1.96251650E+00  7.00849579E-03
   22450 -6.35829420E-01 -1.51666196E-01 -1.92398657E-01  1.96250047E+00  3.87499546E-03
   22500 -6.31366760E-01 -1.77785208E-01 -1.83828716E-01  1.96235383E+00  4.90949818E-03
   22550 -6.49333860E-01 -1.78242555E-01 -2.01705387E-01  1.96325484E+00  6.00794721E-03
   22600 -6.42119438E-01 -1.42218307E-01 -2.14310969E-01  1.95590929E+00  8.29840334E-03
   22650 -6.70169439E-01 -1.29344929E-01 -2.46097421E-01  1.95487501E+00  3.34677522E-03
   22700 -6.55961137E-01 -1.49727383E-01 -2.58343312E-01  1.95990994E+00  6.90185270E-03
   22750 -6.43328331E-01 -1.64548368E-01 -2.48428584E-01  1.95582385E+00  1.71062970E-02
   22800 -6.47938957E-01 -1.55548882E-01 -2.46217268E-01  1.95505477E+00  1.56719526E-02
   22850 -6.40075154E-01 -1.85097004E-01 -1.89193580E-01  1.95925683E+00  1.19691237E-02
   22900 -6.23862843E-01 -1.75970653E-01 -2.16462747E-01  1.95447869E+00  8.60594810E-03
   22950 -6.46517654E-01 -1.57399526E-01 -2.13581592E-01  1.95743532E+00  1.44124572E-02
   23000 -6.50213145E-01 -1.46929154E-01 -2.21879106E-01  1.95014215E+00  1.79101400E-02
   23050 -6.58533948E-01 -1.55900806E-01 -2.20069754E-01  1.95266080E+00  2.00896795E-02
   23100 -6.95562871E-01 -1.45232772E-01 -2.09288878E-01  1.94603325E+00  1.69689445E-02
   23150 -6.84158072E-01 -1.33377413E-01 -2.20787779E-01  1.95163806E+00  3.18765177E-02
   23200 -7.20260312E-01 -1.35603331E-01 -2.57816151E-01  1.95747600E+00  1.64971508E-02
   23250 -7.01713817E-01 -1.45836041E-01 -2.55229123E-01  1.94984282E+00  3.30571135E-03
   23300 -7.00345425E-01 -1.74223840E-01 -2.54770642E-01  1.95890624E+00  7.21331233E-03
   23350 -6.79582153E-01 -1.73242484E-01 -2.29796029E-01  1.95492650E+00  6.81514548E-03
   23400 -6.73540008E-01 -1.72976007E-01 -2.20191783E-01  1.95461644E+00  1.27836493E-02
   23450 -7.13246682E-01 -1.88463266E-01 -2.26464312E-01  1.96339228E+00  7.99980719E-03
   23500 -7.14063871E-01 -1.88270962E-01 -2.10989443E-01  1.95593491E+00  9.46534003E-03
   23550 -6.78785420E-01 -1.49630873E-01 -1.86184306E-01  1.95319007E+00  1.16465536E-02
   23600 -6.79488572E-01 -1.59827421E-01 -2.00249763E-01  1.95267080E+00  1.63587501E-02
   23650 -7.06760192E-01 -1.65314276E-01 -1.99479678E-01  1.95513600E+00  1.06289212E-02
   23700 -7.17442700E-01 -1.11711845E-01 -2.16948938E-01  1.95199492E+00  1.40079254E-02
   23750 -7.59493061E-01 -8.29413688E-02 -2.09998065E-01  1.95944206E+00  6.80169066E-03
   23800 -7.53434299E-01 -4.25018555E-02 -2.00075206E-01  1.95840027E+00  9.26565435E-03
   23850 -7.44776459E-01 -3.27685831E-02 -1.69321668E-01  1.96548380E+00  8.97718455E-03
   23900 -7.45570885E-01 -2.85716394E-02 -1.59232261E-01  1.95461735E+00  8.08196774E-03
   23950 -7.40090781E-01  2.95446798E-03 -1.80855441E-01  1.95049484E+00  3.84812793E-03
   24000 -7.41846898E-01  4.12622497E-02 -1.93968359E-01  1.94664754E+00  7.62305002E-03
   24050 -7.32929265E-01  5.11046895E-02 -1.91531959E-01  1.95022972E+00  1.19180251E-02
   24100 -7.20902318E-01  5.29384353E-02 -1.87016459E-01  1.95662382E+00  1.60561787E-02
   24150 -6.91787361E-01  2.68721484E-02 -1.49456635E-01  1.95543562E+00  7.64298238E-03
   24200 -6.78568471E-01  4.61168717E-02 -1.63722667E-01  1.96150241E+00  1.53114545E-02
   24250 -6.86886785E-01  6.51522740E-02 -1.93942886E-01  1.96887324E+00  1.42620894E-02
   24300 -6.72774171E-01  2.69921207E-02 -1.99724052E-01  1.96337291E+00  1.23119792E-02
   24350 -6.74281594E-01  9.70217278E-03 -2.04194156E-01  1.95677081E+00  1.04143188E-02
   24400 -6.63799528E-01  9.91335651E-03 -2.24565692E-01  1.95377001E+00  5.00102476E-03
   24450 -6.45662219E-01  2.39651405E-02 -2.02434401E-01  1.94824228E+00  6.45416064E-03
   24500 -6.48334279E-01  3.24131378E-02 -2.30971186E-01  1.94795418E+00  4.08476017E-03
   24550 -6.53629739E-01  5.21454172E-02 -2.26397942E-01  1.95591246E+00  8.88805977E-03
   24600 -6.47527171E-01  2.19313989E-02 -2.24497138E-01  1.95297206E+00  5.05852769E-03
   24650 -6.50168703E-01  2.48137065E-02 -2.37930040E-01  1.95063849E+00  1.33945074E-02
   24700 -6.49266537E-01  3.03115313E-02 -2.55574604E-01  1.96622463E+00  3.82552509E-03
   24750 -6.41843780E-01  1.97460340E-02 -2.53280783E-01  1.96594708E+00  6.97155764E-03
   24800 -6.79787332E-01  3.46928688E-02 -2.51686351E-01  1.96523695E+00  1.24098508E-02
   24850 -6.68088902E-01  2.64653871E-02 -2.76380087E-01  1.96191704E+00  1.11919649E-02
   24900 -6.92638395E-01  1.01908686E-01 -2.97782002E-01  1.95321541E+00  1.03495942E-02
   24950 -7.20719171E-01  9.06235756E-02 -2.77235799E-01  1.95680606E+00  1.60382067E-02
   25000 -7.06740213E-01  1.17108825E-01 -2.93308201E-01  1.94698315E+00  1.07424197E-02
   25050 -7.11830190E-01  1.17417844E-01 -2.86516516E-01  1.95363575E+00  1.32427403E-02
   25100 -7.35698675E-01  1.20579656E-01 -3.02646882E-01  1.95348790E+00  9.25764825E-03
   25150 -7.28249710E-01  1.14485907E-01 -3.29819141E-01  1.94948351E+00  5.46663162E-03
   25200 -7.25835234E-01  7.37774774E-02 -3.73175221E-01  1.95240271E+00  5.76638508E-03
   25250 -7.41288110E-01  6.58340389E-02 -3.83504957E-01  1.95421887E+00  7.59736881E-03
   25300 -7.27034789E-01  7.68421489E-02 -3.98368273E-01  1.94869877E+00  8.64989849E-03
   25350 -7.22860094E-01  9.83978878E-02 -4.04126409E-01  1.95182518E+00  9.55897039E-03
   25400 -7.31050186E-01  1.12030958E-01 -4.09747561E-01  1.94583867E+00  1.74004534E-02
   25450 -6.95138065E-01  1.06229835E-01 -4.28911039E-01  1.94278571E+00  5.32444312E-03
   25500 -6.74548980E-01  1.27803716E-01 -4.33152081E-01  1.95549906E+00  7.12764929E-03
   25550 -6.83136324E-01  1.10801932E-01 -4.62650794E-01  1.95147304E+00  9.85183171E-03
   25600 -6.86151917E-01  1.02080591E-01 -4.53822480E-01  1.95336624E+00  8.62317169E-03
   25650 -6.81472293E-01  1.13027543E-01 -4.38795806E-01  1.95235464E+00  1.25945673E-02
   25700 -6.69529793E-01  1.60109010E-01 -4.44584156E-01  1.95041338E+00  1.58225891E-02
   25750 -6.66988809E-01  1.49633634E-01 -4.65351116E-01  1.95872593E+00  8.23602581E-03
   25800 -6.14860340E-01  1.36689073E-01 -4.70004963E-01  1.95103539E+00  1.13938146E-02
   25850 -6.22092230E-01  1.00654720E-01 -4.60702657E-01  1.95297042E+00  5.81656445E-03
   25900 -6.39211341E-01  1.50129926E-01 -4.73194597E-01  1.96031176E+00  5.81687757E-03
   25950 -6.70215708E-01  1.41662653E-01 -4.78363112E-01  1.96332098E+00  5.90809296E-03
   26000 -6.75643055E-01  1.12539775E-01 -4.78981506E-01  1.95636247E+00  1.06189744E-02
   26050 -6.70432297E-01  1.00442090E-01 -4.56622420E-01  1.95463939E+00  1.21975032E-02
   26100 -6.57673632E-01  8.66568607E-02 -4.46013450E-01  1.95551480E+00  1.63099232E-02
   26150 -6.67948649E-01  6.94949004E-02 -4.40074783E-01  1.95660161E+00  9.72114088E-03
   26200 -6.78494981E-01  8.08921919E-02 -4.23854784E-01  1.95310084E+00  1.00130873E-02
   26250 -7.07539621E-01  9.97807582E-02 -4.24186617E-01  1.95691039E+00  1.01846902E-02
   26300 -7.13719278E-01  1.24407455E-01 -4.49438167E-01  1.96530419E+00  1.34116400E-02
   26350 -7.45245029E-01  1.13481291E-01 -4.19960277E-01  1.95845417E+00  5.72318147E-03
   26400 -7.80600105E-01  1.28498815E-01 -4.05354935E-01  1.95748673E+00  3.50812300E-03
   26450 -7.97374638E-01  9.12055683E-02 -3.82480712E-01  1.95150205E+00  1.09895020E-02
   26500 -8.22136823E-01  8.91145651E-02 -3.81119810E-01  1.95927010E+00  5.34392508E-03
   26550 -8.51080063E-01  6.16852189E-02 -3.64155115E-01  1.95629704E+00  1.28853843E-02
   26600 -8.53165977E-01  2.67937802E-02 -3.70748088E-01  1.95684196E+00  8.54910742E-03
   26650 -8.78154811E-01  2.81051111E-02 -3.74952446E-01  1.96513188E+00  9.23497315E-03
   26700 -8.92427502E-01  2.76969545E-02 -3.70953548E-01  1.96795359E+00  6.28529716E-03
   26750 -8.79951686E-01  7.81843312E-02 -3.46236426E-01  1.96617982E+00  7.33269984E-03
   26800 -8.55823050E-01  9.49997580E-02 -3.70886296E-01  1.96527091E+00  9.62687917E-03
   26850 -8.60824042E-01  6.37762864E-02 -3.79519849E-01  1.97022716E+00  6.69704277E-03
   26900 -8.87927855E-01  8.20666508E-02 -4.00821773E-01  1.96042180E+00  9.96102438E-03
   26950 -8.57515468E-01  5.09670600E-02 -3.99976014E-01  1.95417436E+00  1.23910880E-02
   27000 -8.40431603E-01  3.48224887E-02 -4.06692329E-01  1.96206564E+00  2.58954023E-03
   27050 -8.21224256E-01  2.80917977E-02 -4.04852454E-01  1.95853639E+00  5.98891915E-03
   27100 -8.03442913E-01 -1.67443459E-02 -4.34990071E-01  1.96351848E+00  6.13838542E-03
   27150 -7.85007417E-01 -6.18082220E-02 -4.14554615E-01  1.96131169E+00  5.94897727E-03
   27200 -7.60931400E-01 -6.40456906E-02 -4.12872298E-01  1.95887892E+00  8.99311568E-03
   27250 -7.58187363E-01 -5.80008007E-02 -4.34026405E-01  1.95281692E+00  8.32684075E-03
   27300 -7.82717541E-01 -8.85847171E-02 -4.27290694E-01  1.96535411E+00  5.12575091E-03
   27350 -7.73259746E-01 -9.71529146E-02 -4.31213454E-01  1.95805161E+00  8.02267295E-03
   27400 -7.80108835E-01 -1.08470495E-01 -4.31217505E-01  1.95407006E+00  8.19634571E-03
   27450 -7.59246714E-01 -1.27382570E-01 -4.20565639E-01  1.95639163E+00  1.54388408E-02
   27500 -7.56481843E-01 -1.37949717E-01 -4.15432241E-01  1.96508126E+00  1.47686870E-02
   27550 -7.52910495E-01 -1.14558501E-01 -4.33166768E-01  1.96105468E+00  1.02937751E-02
   27600 -7.82624813E-01 -1.38497157E-01 -4.37641329E-01  1.96171542E+00  8.56804549E-03
   27650 -7.99259882E-01 -1.67529686E-01 -4.29281946E-01  1.96651249E+00  7.72183852E-03
   27700 -8.03270414E-01 -1.65688702E-01 -4.10996670E-01  1.96077755E+00  6.76227351E-03
   27750 -8.15570600E-01 -1.75656712E-01 -4.33406308E-01  1.96365184E+00  5.21421077E-03
   27800 -7.92159252E-01 -1.95172703E-01 -4.24283920E-01  1.94646494E+00  1.00778897E-02
   27850 -7.84108737E-01 -2.07853947E-01 -3.98503855E-01  1.94939333E+00  1.20101142E-02
   27900 -7.93736387E-01 -2.31376771E-01 -3.87621163E-01  1.95002728E+00  1.55062691E-02
   27950 -8.04991379E-01 -1.91457858E-01 -4.00568469E-01  1.96450214E+00  1.03495417E-02
   28000 -7.88250241E-01 -1.78801466E-01 -4.23019913E-01  1.95131067E+00  1.42015363E-02
   28050 -7.67349242E-01 -1.50877916E-01 -4.29778866E-01  1.95231256E+00  1.37781155E-02
   28100 -7.69715831E-01 -1.46705850E-01 -4.29963763E-01  1.95718346E+00  8.98502174E-03
   28150 -7.88124071E-01 -1.34468305E-01 -4.15539224E-01  1.95090542E+00  1.14938156E-02
   28200 -8.06860169E-01 -1.28887574E-01 -4.34908705E-01  1.95801103E+00  8.58789142E-03
   28250 -7.95299443E-01 -1.31953187E-01 -4.29182470E-01  1.95733810E+00  8.75311339E-03
   28300 -7.97623776E-01 -1.40905466E-01 -4.43076831E-01  1.95114265E+00  1.38050271E-02
   28350 -7.91575739E-01 -1.15918326E-01 -4.48785231E-01  1.95235551E+00  1.26270632E-02
   28400 -8.11565321E-01 -1.13481287E-01 -4.52209064E-01  1.96636552E+00  9.84273308E-03
   28450 -8.42336903E-01 -1.03435757E-01 -4.51357599E-01  1.96857712E+00  2.95841724E-03
   28500 -8.60262511E-01 -6.71076084E-02 -4.33831223E-01  1.96349570E+00  5.50218614E-03
   28550 -8.61143683E-01 -5.01809504E-02 -4.28261229E-01  1.96855901E+00  8.63928170E-03
   28600 -8.65002410E-01 -6.27768418E-02 -4.25991809E-01  1.97017227E+00  4.90336697E-03
   28650 -8.70161640E-01 -6.88222233E-02 -4.27642569E-01  1.96839264E+00  9.15487994E-03
   28700 -8.48355897E-01 -4.37294179E-02 -4.43844993E-01  1.96916396E+00  1.42312296E-02
   28750 -8.39215116E-01 -5.77531106E-02 -4.53567041E-01  1.96193600E+00  1.54564560E-02
   28800 -8.22826463E-01 -2.71459709E-02 -4.58251823E-01  1.95535365E+00  1.21982967E-02
   28850 -8.40273515E-01  1.93170281E-02 -4.81131158E-01  1.95962731E+00  1.05762148E-02
   28900 -8.47678138E-01  2.92074286E-02 -4.76555506E-01  1.96053507E+00  7.06235873E-03
   28950 -8.32359488E-01  2.60990627E-02 -4.82705341E-01  1.96834715E+00  8.55856575E-03
   29000 -8.25218678E-01  2.79606439E-03 -4.46627325E-01  1.96163117E+00  8.11257451E-03
   29050 -8.50026737E-01 -2.19798620E-02 -4.28206228E-01  1.96267828E+00  1.01363468E-02
   29100 -8.58957406E-01 -7.14474000E-03 -3.95440471E-01  1.95127019E+00  1.51581984E-02
   29150 -8.59789395E-01  1.37221912E-02 -4.07653309E-01  1.94724799E+00  2.11945469E-02
   29200 -8.58379031E-01  2.50131290E-02 -4.19272121E-01  1.95327227E+00  2.03369081E-02
   29250 -8.44239253E-01  2.89921938E-02 -4.18010924E-01  1.95191879E+00  7.89699998E-03
   29300 -8.57913006E-01  7.01381443E-02 -4.16762339E-01  1.94922399E+00  9.00497479E-03
   29350 -8.73094515E-01  7.26081781E-02 -4.14977303E-01  1.94869299E+00  8.56800687E-03
   29400 -8.73065985E-01  6.56368153E-02 -4.09461575E-01  1.95354195E+00  1.87006944E-02
   29450 -8.55684605E-01  4.54363081E-02 -4.03582904E-01  1.95174008E+00  1.87535077E-02
   29500 -8.38169329E-01  3.40076114E-02 -4.27859591E-01  1.94548913E+00  1.60025589E-02
   29550 -8.76919492E-01  4.03344992E-02 -4.20132971E-01  1.95501518E+00  1.80647848E-02
   29600 -8.76048198E-01  2.25438758E-02 -4.41834839E-01  1.95438360E+00  1.37243050E-02
   29650 -8.82163292E-01  1.40451597E-02 -4.22979142E-01  1.95681385E+00  6.97023515E-03
   29700 -8.86242043E-01 -1.70072073E-02 -3.78530107E-01  1.95816413E+00  1.07842441E-02
   29750 -8.73993678E-01 -4.60300378E-02 -3.53069179E-01  1.95635243E+00  1.15292550E-02
   29800 -8.67483500E-01  7.19418113E-04 -3.68606758E-01  1.94897582E+00  8.08802440E-03
   29850 -8.64853153E-01 -1.58305638E-02 -3.89622010E-01  1.96123395E+00  1.09422936E-02
   29900 -8.51398531E-01 -1.45821725E-02 -4.02331088E-01  1.95328242E+00  6.05915141E-03
   29950 -8.33798881E-01 -4.01274350E-02 -4.03792943E-01  1.95098392E+00  1.38382195E-02
   30000 -8.58001829E-01 -1.43195569E-02 -4.09639923E-01  1.95869069E+00  1.39318533E-02
   30050 -8.60900826E-01 -4.86168854E-02 -4.12937575E-01  1.95848623E+00  1.18061467E-02
   30100 -8.61892759E-01 -7.21855628E-02 -4.33081678E-01  1.95034329E+00  1.46158511E-02
   30150 -8.73089104E-01 -6.65639179E-02 -4.21941920E-01  1.95804539E+00  1.25832001E-02
   30200 -8.83382317E-01 -5.77138938E-02 -4.28874404E-01  1.95618401E+00  1.32160790E-02
   30250 -8.69141731E-01 -7.67103053E-02 -4.54848073E-01  1.96174138E+00  1.58100251E-02
   30300 -8.84737954E-01 -3.49298253E-02 -4.46706565E-01  1.96377393E+00  5.79477604E-03
   30350 -8.75412418E-01 -3.70481305E-02 -4.35202103E-01  1.96240381E+00  5.92247987E-03
   30400 -8.86540376E-01 -2.46887961E-02 -4.35383173E-01  1.95334303E+00  5.30407544E-03
   30450 -8.96511013E-01 -2.25605601E-02 -4.18606692E-01  1.95501593E+00  1.04492378E-02
   30500 -8.84618428E-01  7.26793430E-03 -4.41957077E-01  1.95563314E+00  8.37149535E-03
   30550 -8.84073802E-01  1.76423256E-02 -4.25085656E-01  1.96522717E+00  5.55224642E-03
   30600 -8.71540304E-01  1.27744621E-02 -4.48000690E-01  1.96730905E+00  2.78882673E-03
   30650 -8.71997539E-01  2.51799888E-02 -4.48738681E-01  1.96466542E+00  1.22622792E-02
   30700 -8.68437316E-01  1.48097477E-02 -4.67306569E-01  1.95578393E+00  7.92053305E-03
   30750 -8.79250351E-01 -1.08477717E-02 -4.33947400E-01  1.96204885E+00  7.07817711E-03
   30800 -8.83517288E-01 -1.10364952E-02 -4.36431485E-01  1.96141170E+00  8.96387826E-03
   30850 -9.11600054E-01 -2.78173232E-02 -4.01452361E-01  1.96273918E+00  9.62222394E-03
   30900 -8.99570935E-01 -1.86543667E-02 -4.00241583E-01  1.95834935E+00  1.06593251E-02
   30950 -9.05365221E-01 -1.76313339E-02 -3.91918774E-01  1.96054701E+00  1.10743453E-02
   31000 -8.93307914E-01 -4.53143104E-02 -3.69436779E-01  1.95629721E+00  1.29421819E-02
   31050 -8.77131629E-01 -4.90614981E-02 -3.73051907E-01  1.95852259E+00  7.02358216E-03
   31100 -8.75297099E-01 -4.14319361E-02 -3.42944765E-01  1.95252636E+00  8.44915716E-03
   31150 -8.70131464E-01 -6.08805254E-02 -3.31416241E-01  1.95648906E+00  8.19859778E-03
   31200 -8.90742878E-01 -3.24365453E-02 -3.38576387E-01  1.95458085E+00  6.53644598E-03
   31250 -9.03958688E-01 -2.16245382E-02 -3.19036770E-01  1.96515364E+00  7.57168898E-03
   31300 -9.03052184E-01 -2.73110127E-02 -3.34281521E-01  1.95641394E+00  1.34702424E-02
   31350 -8.79190368E-01 -3.09297216E-02 -3.56428977E-01  1.95706065E+00  8.92223606E-03
   31400 -8.66667635E-01 -4.98236119E-02 -3.88211702E-01  1.96421356E+00  7.75633410E-03
   31450 -8.57194159E-01 -5.35154147E-02 -3.74184068E-01  1.95642467E+00  9.01836109E-03
   31500 -8.42058262E-01 -3.77646409E-02 -4.06622554E-01  1.96267700E+00  8.04591502E-03
   31550 -8.50394975E-01 -4.84271075E-02 -3.93631479E-01  1.94761600E+00  6.75937814E-03
   31600 -8.44931844E-01 -6.40974059E-02 -3.86286412E-01  1.95687123E+00  1.03508926E-02
   31650 -8.82609421E-01 -4.01884845E-02 -3.61788086E-01  1.95324615E+00  8.66424008E-03
   31700 -8.84800364E-01 -6.09216452E-03 -3.55862138E-01  1.94828167E+00  1.30414321E-02
   31750 -8.74448445E-01 -4.65393759E-02 -3.29863960E-01  1.94769322E+00  9.89275528E-03
   31800 -8.81967225E-01 -3.12681226E-02 -3.20713307E-01  1.95751489E+00  1.32478307E-02
   31850 -8.57870141E-01 -4.11708291E-02 -3.19637123E-01  1.94916882E+00  1.29637105E-02
   31900 -8.73244440E-01 -5.84789823E-02 -3.05343913E-01  1.95432046E+00  8.20860784E-03
   31950 -8.42749612E-01 -7.52524750E-02 -3.03466924E-01  1.95096176E+00  9.67298191E-03
   32000 -8.49322478E-01 -8.84075864E-02 -3.02295768E-01  1.94868868E+00  6.00793872E-03
   32050 -8.43075289E-01 -8.21571729E-02 -3.12439639E-01  1.94672001E+00  1.09136611E-02
   32100 -8.70946820E-01 -8.05537885E-02 -3.06555613E-01  1.95377375E+00  1.10825501E-02
   32150 -8.57441273E-01 -5.90266875E-02 -3.20109324E-01  1.94444381E+00  1.56432642E-02
   32200 -8.62218750E-01 -3.89954442E-02 -3.07525201E-01  1.95390974E+00  5.62173286E-03
   32250 -8.62384243E-01 -3.15930476E-02 -3.21182619E-01  1.94750697E+00  4.03489794E-03
   32300 -8.71288774E-01 -6.23625624E-02 -3.09526340E-01  1.94057219E+00  1.09671677E-02
   32350 -8.43674462E-01 -4.02023863E-02 -3.31182547E-01  1.94148036E+00  1.54279075E-02
   32400 -8.25861137E-01 -3.20179713E-02 -3.31276262E-01  1.93561461E+00  5.92274873E-03
   32450 -8.59909155E-01  6.02179639E-03 -3.23584490E-01  1.95198819E+00  6.09949479E-03
   32500 -8.76566811E-01  3.50825327E-03 -3.13550489E-01  1.95921396E+00  1.06458176E-02
   32550 -8.77388373E-01 -3.90931564E-02 -3.08456238E-01  1.95440819E+00  6.00648059E-03
   32600 -8.91194983E-01 -3.36171405E-02 -3.19320639E-01  1.95555136E+00  1.20745060E-02
   32650 -8.95698432E-01 -2.01647033E-02 -3.25808951E-01  1.95154043E+00  1.31789310E-02
   32700 -8.99904534E-01 -3.59257925E-02 -3.24312116E-01  1.95407213E+00  1.08096871E-02
   32750 -8.83916663E-01 -7.24717133E-02 -3.26620930E-01  1.95300103E+00  1.04445582E-02
   32800 -9.08370600E-01 -8.48791994E-02 -3.21029895E-01  1.96136136E+00  1.62521430E-02
   32850 -9.19146270E-01 -5.70562076E-02 -2.96969662E-01  1.95357945E+00  9.84926185E-03
   32900 -9.15022879E-01 -6.46445938E-02 -2.98888446E-01  1.96072143E+00  1.34799167E-02
   32950 -8.91685324E-01 -8.62484182E-02 -2.88246659E-01  1.95332386E+00  1.57627950E-02
   33000 -9.00909330E-01 -1.06924902E-01 -2.99653949E-01  1.95532650E+00  1.11527843E-02
   33050 -8.45196865E-01 -9.12675219E-02 -3.28089536E-01  1.95511971E+00  8.41847420E-03
   33100 -8.37070741E-01 -7.40273098E-02 -3.46518331E-01  1.96636844E+00  8.02366304E-03
   33150 -8.29097318E-01 -8.01453612E-02 -3.34123748E-01  1.96254534E+00  1.09105734E-02
   33200 -8.10185115E-01 -9.51546225E-02 -3.20589647E-01  1.95010226E+00  1.10719569E-02
   33250 -8.24742117E-01 -9.87728562E-02 -3.31179538E-01  1.95729925E+00  1.32341033E-02
   33300 -8.07802475E-01 -8.08789328E-02 -3.56931137E-01  1.95979957E+00  7.61389925E-03
   33350 -8.21514947E-01 -1.10792006E-01 -3.33668505E-01  1.95770449E+00  1.12220469E-02
   33400 -8.10306560E-01 -1.20030096E-01 -3.44107770E-01  1.95628839E+00  1.13488794E-02
   33450 -8.19781831E-01 -1.41229553E-01 -3.48011877E-01  1.95722411E+00  1.41830877E-02
   33500 -8.46854008E-01 -1.47485685E-01 -3.58144695E-01  1.95762983E+00  1.36878887E-02
   33550 -8.56152107E-01 -1.06056670E-01 -3.74390169E-01  1.96079864E+00  2.51429458E-02
   33600 -8.51387007E-01 -9.51813015E-02 -3.86478339E-01  1.95004307E+00  1.18738468E-02
   33650 -8.54111193E-01 -1.13105235E-01 -3.80080988E-01  1.95443872E+00  1.11570375E-02
   33700 -8.41291325E-01 -1.13047438E-01 -3.76349082E-01  1.95601557E+00  1.29764374E-02
   33750 -8.40492880E-01 -9.70131586E-02 -3.82991176E-01  1.94912501E+00  6.29140108E-03
   33800 -8.31811240E-01 -8.84447989E-02 -3.99545189E-01  1.95334577E+00  7.23202242E-03
   33850 -8.04254317E-01 -9.80698499E-02 -4.02692984E-01  1.95578936E+00  1.41418474E-02
   33900 -8.07880076E-01 -9.16972021E-02 -4.18885933E-01  1.94774956E+00  1.28563775E-02
   33950 -8.26648916E-01 -7.80851973E-02 -3.90233415E-01  1.95303905E+00  1.02413520E-02
   34000 -8.42915751E-01 -7.76045812E-02 -4.07861264E-01  1.95665812E+00  1.38735553E-02
   34050 -7.99249670E-01 -9.41823685E-02 -4.23759451E-01  1.95662760E+00  1.18000030E-02
   34100 -8.01244771E-01 -8.65533347E-02 -4.28874911E-01  1.95493065E+00  4.33064127E-03
   34150 -7.98009023E-01 -1.20956134E-01 -4.38881544E-01  1.95187489E+00  4.95186887E-03
   34200 -8.02235866E-01 -1.11792275E-01 -4.63004434E-01  1.94931359E+00  1.41366913E-02
   34250 -7.93294864E-01 -8.83334356E-02 -4.60927756E-01  1.95038714E+00  1.83136275E-02
   34300 -7.89645777E-01 -6.60206735E-02 -4.64015556E-01  1.94999804E+00  1.80378901E-02
   34350 -7.66187320E-01 -7.95049010E-02 -4.90234203E-01  1.95783647E+00  8.73843456E-03
   34400 -7.58168498E-01 -1.14261597E-01 -4.71163055E-01  1.95732096E+00  1.19355804E-02
   34450 -7.70930107E-01 -1.14874799E-01 -4.89266221E-01  1.96217064E+00  1.30519608E-02
   34500 -7.68549917E-01 -1.03539585E-01 -4.71598407E-01  1.95307304E+00  7.65826284E-03
   34550 -7.63583316E-01 -1.21259408E-01 -4.84491900E-01  1.95477719E+00  1.02461010E-02
   34600 -7.68741326E-01 -1.08368481E-01 -4.58220617E-01  1.96240118E+00  7.34166016E-03
   34650 -7.53524233E-01 -1.31442869E-01 -4.60826526E-01  1.96046104E+00  7.07396189E-03
   34700 -7.33811311E-01 -1.17734213E-01 -4.60923566E-01  1.94975301E+00  9.00287061E-03
   34750 -7.48691060E-01 -1.05045195E-01 -4.46652005E-01  1.95060311E+00  1.14081040E-02
   34800 -7.60870041E-01 -9.76316164E-02 -4.56307940E-01  1.95468578E+00  5.99607742E-03
   34850 -7.60680178E-01 -1.31632045E-01 -4.45733727E-01  1.95866315E+00  8.12473234E-03
   34900 -7.36001440E-01 -1.15714800E-01 -4.57625984E-01  1.95374339E+00  7.54436020E-03
   34950 -7.49616706E-01 -1.30694157E-01 -4.50136484E-01  1.95849696E+00  1.00841091E-02
   35000 -7.71450611E-01 -1.10207316E-01 -4.44288883E-01  1.95667352E+00  6.30335708E-03
   35050 -7.55061678E-01 -1.16458042E-01 -4.26214512E-01  1.96139654E+00  2.46648232E-03
   35100 -7.37062878E-01 -1.33965145E-01 -4.54032055E-01  1.96433686E+00  1.08835342E-02
   35150 -7.50873197E-01 -1.25611951E-01 -4.68256809E-01  1.95498114E+00  8.56951360E-03
   35200 -7.26872814E-01 -1.48835250E-01 -4.80899858E-01  1.95932044E+00  8.95329077E-03
   35250 -7.19795304E-01 -1.14471365E-01 -4.87709908E-01  1.95839075E+00  7.23877210E-03
   35300 -7.49273091E-01 -1.11936164E-01 -4.99344366E-01  1.96340214E+00  9.46751976E-03
   35350 -7.08814936E-01 -1.22539268E-01 -4.78972808E-01  1.95415453E+00  1.00795018E-02
   35400 -6.96515550E-01 -1.49014813E-01 -4.44927324E-01  1.95230201E+00  6.28354555E-03
   35450 -7.07894055E-01 -1.35306738E-01 -4.63338065E-01  1.95991853E+00  8.63939422E-03
   35500 -7.11655565E-01 -1.49439068E-01 -4.34643831E-01  1.96468445E+00  1.16671143E-02
   35550 -7.23493106E-01 -1.51487472E-01 -4.41567363E-01  1.96844390E+00  9.82366684E-03
   35600 -6.90216675E-01 -1.84880803E-01 -4.38021993E-01  1.96661291E+00  1.41105072E-02
   35650 -7.00213240E-01 -1.86144610E-01 -4.34924504E-01  1.96166311E+00  9.14905946E-03
   35700 -7.17857545E-01 -2.09894601E-01 -4.00768438E-01  1.96065502E+00  9.09870578E-03
   35750 -7.23698476E-01 -2.39323220E-01 -3.81293976E-01  1.96009854E+00  7.47840455E-03
   35800 -7.04636763E-01 -2.40472765E-01 -3.77085207E-01  1.95400975E+00  7.99347357E-03
   35850 -6.97152980E-01 -2.22387172E-01 -3.71556208E-01  1.95181106E+00  1.20397558E-02
   35900 -6.91821920E-01 -1.90262663E-01 -3.59825460E-01  1.95556251E+00  9.79127353E-03
   35950 -6.79630318E-01 -2.02779343E-01 -3.64689719E-01  1.95539052E+00  5.19419880E-03
   36000 -7.03531486E-01 -2.01586704E-01 -3.73405106E-01  1.96665008E+00  1.00574030E-02
   36050 -6.79373893E-01 -2.11362160E-01 -3.78768955E-01  1.96506902E+00  5.49427501E-03
   36100 -6.76389016E-01 -1.97028346E-01 -3.91701336E-01  1.96566544E+00  7.14565680E-03
   36150 -6.80422964E-01 -2.07773933E-01 -4.12859704E-01  1.96091576E+00  1.63068405E-02
   36200 -6.65108878E-01 -2.39093217E-01 -4.29470581E-01  1.95422693E+00  2.16177191E-02
   36250 -6.93131292E-01 -1.93862478E-01 -4.22816603E-01  1.95243556E+00  1.18829888E-02
   36300 -7.27467331E-01 -1.88910288E-01 -4.10365186E-01  1.95157610E+00  1.31872558E-02
   36350 -7.33806757E-01 -2.11574394E-01 -3.92930551E-01  1.94696403E+00  8.66677351E-03
   36400 -7.20576111E-01 -2.17017712E-01 -3.82570229E-01  1.96140657E+00  1.19768777E-02
   36450 -7.56882932E-01 -2.33389169E-01 -3.42568553E-01  1.96273698E+00  9.26553569E-03
   36500 -7.53222587E-01 -1.94565892E-01 -3.30170696E-01  1.95842253E+00  8.76904021E-03
   36550 -7.73076492E-01 -1.80039408E-01 -3.13830046E-01  1.96159540E+00  7.83305584E-03
   36600 -7.70859757E-01 -1.67906843E-01 -3.17789694E-01  1.95435255E+00  5.15265653E-03
   36650 -7.48282654E-01 -1.83452558E-01 -3.39503663E-01  1.95651353E+00  1.52478714E-02
   36700 -7.65354693E-01 -1.75196343E-01 -3.30727829E-01  1.96679755E+00  3.95192233E-03
   36750 -7.67996670E-01 -1.48346574E-01 -3.51488847E-01  1.96413113E+00  8.13679012E-03
   36800 -7.50536485E-01 -1.32688567E-01 -3.78715070E-01  1.96520332E+00  6.71583719E-03
   36850 -7.21502869E-01 -1.33686646E-01 -3.97672621E-01  1.96229411E+00  1.03073637E-02
   36900 -7.16643189E-01 -1.24105795E-01 -4.05263297E-01  1.95185617E+00  1.85613737E-02
   36950 -6.98839419E-01 -1.05514787E-01 -4.32588575E-01  1.94247257E+00  1.70642468E-02
   37000 -6.89965129E-01 -9.04470438E-02 -3.95548770E-01  1.94446503E+00  7.02448391E-03
   37050 -7.05192302E-01 -7.86117965E-02 -3.95424056E-01  1.95125029E+00  1.05189922E-02
   37100 -7.21391949E-01 -5.82131947E-02 -3.72876021E-01  1.96023583E+00  6.35741668E-03
   37150 -7.48998362E-01 -4.53819086E-02 -3.68917930E-01  1.95885942E+00  1.11959171E-02
   37200 -7.55954379E-01 -3.99446456E-02 -3.83370056E-01  1.95740798E+00  8.35946990E-03
   37250 -7.72303579E-01 -5.06291412E-02 -3.72997345E-01  1.94693616E+00  9.52818371E-03
   37300 -7.82928759E-01 -4.47956661E-02 -3.73219482E-01  1.94286443E+00  1.21406386E-02
   37350 -7.68625236E-01 -5.18748773E-02 -3.93155047E-01  1.95080324E+00  1.10937022E-02
   37400 -7.66364669E-01 -4.61942000E-02 -3.75325294E-01  1.94171504E+00  1.87488963E-02
   37450 -7.60379897E-01 -4.31517072E-02 -3.88089582E-01  1.94573741E+00  1.58464924E-02
   37500 -7.47392071E-01 -4.67677688E-02 -4.09174722E-01  1.95209222E+00  1.11119818E-02
   37550 -7.32147746E-01 -7.90031600E-02 -4.16406999E-01  1.94814659E+00  1.35395671E-02
   37600 -7.59727259E-01 -8.87681514E-02 -3.98480418E-01  1.95634430E+00  1.08658107E-02
   37650 -7.31570913E-01 -9.22171005E-02 -4.10518566E-01  1.95210668E+00  1.75366749E-02
   37700 -7.48664541E-01 -8.90129500E-02 -3.76894576E-01  1.95062380E+00  1.07374455E-02
   37750 -7.55774686E-01 -7.72455262E-02 -3.91108187E-01  1.96183423E+00  9.12308684E-03
   37800 -7.69257860E-01 -9.25018103E-02 -3.74230583E-01  1.96196211E+00  9.51868719E-03
   37850 -7.61333577E-01 -1.08036946E-01 -3.64906297E-01  1.95208020E+00  1.64747091E-02
   37900 -7.52500880E-01 -1.06393967E-01 -3.64524733E-01  1.95023497E+00  1.29701516E-02
   37950 -7.51462462E-01 -9.82145207E-02 -3.64979816E-01  1.95741000E+00  1.34593119E-02
   38000 -7.55881112E-01 -7.68821160E-02 -3.69346724E-01  1.94637747E+00  5.08505121E-03
   38050 -7.64563498E-01 -7.62481662E-02 -3.53920142E-01  1.94263914E+00  9.51107048E-03
   38100 -7.50835986E-01 -3.03809364E-02 -3.86097546E-01  1.95154491E+00  8.34816002E-03
   38150 -7.56496905E-01 -3.25807536E-02 -3.79209402E-01  1.95016979E+00  1.25788332E-02
   38200 -7.35274162E-01 -3.78686666E-02 -3.91385484E-01  1.94729225E+00  5.85958513E-03
   38250 -7.42440145E-01 -4.46138213E-02 -4.20127826E-01  1.95573190E+00  7.59552348E-03
   38300 -7.35177156E-01 -4.60008670E-02 -4.15536035E-01  1.95541567E+00  6.46934054E-03
   38350 -7.53837429E-01 -6.18723645E-02 -4.15169261E-01  1.95905506E+00  1.10968932E-02
   38400 -7.14635855E-01 -3.36066490E-02 -4.42097691E-01  1.95733868E+00  7.82632385E-03
   38450 -6.82344124E-01 -3.09631255E-02 -4.57006147E-01  1.95950394E+00  1.11883188E-02
   38500 -6.50016286E-01 -3.43010791E-02 -4.51115835E-01  1.95807747E+00  4.01476402E-03
   38550 -6.31018123E-01 -3.23629868E-02 -4.85661341E-01  1.95263024E+00  6.70015080E-03
   38600 -6.29369423E-01 -1.52298347E-02 -5.00611054E-01  1.95091926E+00  1.12997740E-02
   38650 -6.20243560E-01 -3.29652075E-02 -4.73596890E-01  1.94886282E+00  6.90702033E-03
   38700 -6.15338412E-01 -4.79068597E-02 -4.63831874E-01  1.95280015E+00  1.10814504E-02
   38750 -5.86937012E-01 -5.65691573E-02 -4.57644512E-01  1.94557573E+00  1.19097165E-02
   38800 -6.22957344E-01 -3.97369578E-02 -4.43742508E-01  1.95082262E+00  1.05642408E-02
   38850 -6.22134622E-01 -1.94449642E-02 -4.41702028E-01  1.95023707E+00  1.16665110E-02
   38900 -6.37322724E-01  3.11099333E-05 -4.45425918E-01  1.95833380E+00  1.70217387E-02
   38950 -6.54506398E-01 -1.02720967E-02 -4.44200515E-01  1.95348230E+00  1.06792329E-02
   39000 -6.34242462E-01  7.36765212E-04 -4.21534314E-01  1.94336932E+00  1.63887149E-02
   39050 -6.43541919E-01  1.54371499E-02 -4.17212813E-01  1.95442982E+00  7.53782605E-03
   39100 -6.44003134E-01 -2.02429525E-03 -4.01704352E-01  1.95234779E+00  6.80928708E-03
   39150 -6.43694345E-01 -1.28263081E-02 -4.07980632E-01  1.95803826E+00  1.20053284E-02
   39200 -6.64377831E-01 -3.17806833E-02 -3.86559616E-01  1.95697457E+00  1.43054189E-02
   39250 -6.77759987E-01  3.62939885E-03 -3.98356125E-01  1.95410817E+00  8.50364814E-03
   39300 -6.65971317E-01 -1.90755113E-02 -4.12184023E-01  1.95671316E+00  1.65878201E-02
   39350 -6.77318537E-01 -5.13897387E-02 -4.11581392E-01  1.95205876E+00  3.22688470E-03
   39400 -6.49155415E-01 -6.40859408E-02 -3.91551000E-01  1.95419087E+00  9.40203626E-03
   39450 -6.21626793E-01 -3.06136162E-02 -3.98949082E-01  1.95157404E+00  7.44355496E-03
   39500 -6.58460479E-01 -3.36725142E-02 -3.70260782E-01  1.96254950E+00  2.51831401E-03
   39550 -6.71777515E-01 -5.85105985E-02 -3.53376627E-01  1.97069104E+00  8.69996505E-03
   39600 -6.64155234E-01 -5.93536777E-02 -3.44655480E-01  1.95844494E+00  7.68137093E-03
   39650 -6.76886588E-01 -7.61438957E-02 -3.34895801E-01  1.96266336E+00  6.22945612E-03
   39700 -6.64788152E-01 -7.30464666E-02 -3.36277546E-01  1.95628174E+00  3.65330635E-03
   39750 -6.74974033E-01 -4.53083552E-02 -3.41262829E-01  1.96273013E+00  9.86088189E-03
   39800 -6.69383772E-01 -7.26498408E-02 -3.23969381E-01  1.95557400E+00  9.54880652E-03
   39850 -6.47822095E-01 -9.66294039E-02 -3.06380266E-01  1.96359229E+00  8.76097180E-03
   39900 -6.43272143E-01 -1.15904395E-01 -3.26196342E-01  1.96339482E+00  8.99990001E-03
   39950 -6.30206397E-01 -1.06210667E-01 -3.54345358E-01  1.96576297E+00  8.57117840E-03
