   #Iter             <M>           <M^2>           <M^4>      U_{Binder}            \chi        C_v(tot)             <E>       <E_{exc}>       <E_{lsf}>
       1  1.95702010E+00  3.83005183E+00  1.46712102E+01  6.66623193E-01  3.73452207E-04  8.65350540E-01 -1.04317081E+01 -1.04317081E+01  0.00000000E+00
      11  1.95540028E+00  3.82367901E+00  1.46218794E+01  6.66635701E-01  2.67033162E-04  9.36160876E-01 -1.04284535E+01 -1.04284535E+01  0.00000000E+00
      21  1.95587133E+00  3.82558542E+00  1.46374322E+01  6.66613636E-01  4.59488851E-04  1.05151428E+00 -1.04312077E+01 -1.04312077E+01  0.00000000E+00
      31  1.95873939E+00  3.83678400E+00  1.47228095E+01  6.66623689E-01  3.72979106E-04  1.06266444E+00 -1.04268840E+01 -1.04268840E+01  0.00000000E+00
      41  1.95731512E+00  3.83124184E+00  1.46808524E+01  6.66611293E-01  4.79349270E-04  1.19363953E+00 -1.04273335E+01 -1.04273335E+01  0.00000000E+00
      51  1.95704576E+00  3.83018325E+00  1.46726775E+01  6.66612731E-01  4.66652401E-04  1.25889785E+00 -1.04239977E+01 -1.04239977E+01  0.00000000E+00
      61  1.95710296E+00  3.83039807E+00  1.46741847E+01  6.66615882E-01  4.39413532E-04  1.25195315E+00 -1.04225337E+01 -1.04225337E+01  0.00000000E+00
      71  1.95631985E+00  3.82734219E+00  1.46509154E+01  6.66612800E-01  4.65693145E-04  1.19359786E+00 -1.04206642E+01 -1.04206642E+01  0.00000000E+00
      81  1.95629889E+00  3.82725882E+00  1.46502568E+01  6.66613264E-01  4.61668972E-04  1.23248951E+00 -1.04236731E+01 -1.04236731E+01  0.00000000E+00
      91  1.95540008E+00  3.82373880E+00  1.46232611E+01  6.66614626E-01  4.49181099E-04  1.22387995E+00 -1.04245863E+01 -1.04245863E+01  0.00000000E+00
     101  1.95637673E+00  3.82755306E+00  1.46523521E+01  6.66616846E-01  4.30575788E-04  1.16586857E+00 -1.04252498E+01 -1.04252498E+01  0.00000000E+00
     111  1.95618703E+00  3.82680741E+00  1.46465920E+01  6.66618024E-01  4.20224511E-04  1.24287643E+00 -1.04255396E+01 -1.04255396E+01  0.00000000E+00
     121  1.95623449E+00  3.82699050E+00  1.46479542E+01  6.66618918E-01  4.12397430E-04  1.22727152E+00 -1.04248935E+01 -1.04248935E+01  0.00000000E+00
     131  1.95598300E+00  3.82601454E+00  1.46406039E+01  6.66616191E-01  4.36314050E-04  1.24092230E+00 -1.04230209E+01 -1.04230209E+01  0.00000000E+00
     141  1.95570457E+00  3.82492211E+00  1.46321945E+01  6.66617331E-01  4.26431467E-04  1.20251838E+00 -1.04234429E+01 -1.04234429E+01  0.00000000E+00
     151  1.95560840E+00  3.82454173E+00  1.46292199E+01  6.66618800E-01  4.13595844E-04  1.22167451E+00 -1.04227111E+01 -1.04227111E+01  0.00000000E+00
     161  1.95549020E+00  3.82407557E+00  1.46255951E+01  6.66620140E-01  4.01982835E-04  1.17520327E+00 -1.04217005E+01 -1.04217005E+01  0.00000000E+00
     171  1.95457464E+00  3.82049897E+00  1.45983024E+01  6.66618937E-01  4.11933413E-04  1.15522467E+00 -1.04212140E+01 -1.04212140E+01  0.00000000E+00
     181  1.95478184E+00  3.82130663E+00  1.46044386E+01  6.66619774E-01  4.04811867E-04  1.14986478E+00 -1.04221126E+01 -1.04221126E+01  0.00000000E+00
     191  1.95514279E+00  3.82272156E+00  1.46153106E+01  6.66618526E-01  4.15809966E-04  1.18144399E+00 -1.04227703E+01 -1.04227703E+01  0.00000000E+00
     201  1.95524866E+00  3.82313767E+00  1.46185250E+01  6.66617787E-01  4.22177029E-04  1.20428730E+00 -1.04228114E+01 -1.04228114E+01  0.00000000E+00
     211  1.95558751E+00  3.82446192E+00  1.46286392E+01  6.66618120E-01  4.19389838E-04  1.22605361E+00 -1.04242866E+01 -1.04242866E+01  0.00000000E+00
     221  1.95570668E+00  3.82492850E+00  1.46322156E+01  6.66617964E-01  4.20749476E-04  1.22779257E+00 -1.04238130E+01 -1.04238130E+01  0.00000000E+00
     231  1.95521732E+00  3.82301772E+00  1.46176484E+01  6.66616858E-01  4.29998116E-04  1.22851440E+00 -1.04235662E+01 -1.04235662E+01  0.00000000E+00
     241  1.95483728E+00  3.82153430E+00  1.46063464E+01  6.66615951E-01  4.37679823E-04  1.23595892E+00 -1.04231595E+01 -1.04231595E+01  0.00000000E+00
     251  1.95485975E+00  3.82162133E+00  1.46069988E+01  6.66616245E-01  4.35195045E-04  1.26511330E+00 -1.04218424E+01 -1.04218424E+01  0.00000000E+00
     261  1.95504956E+00  3.82236654E+00  1.46127424E+01  6.66615186E-01  4.44479909E-04  1.24330169E+00 -1.04220421E+01 -1.04220421E+01  0.00000000E+00
     271  1.95513921E+00  3.82271476E+00  1.46153688E+01  6.66616012E-01  4.37427490E-04  1.20642758E+00 -1.04219866E+01 -1.04219866E+01  0.00000000E+00
     281  1.95522167E+00  3.82303570E+00  1.46177994E+01  6.66616549E-01  4.32876758E-04  1.21903732E+00 -1.04215845E+01 -1.04215845E+01  0.00000000E+00
     291  1.95512509E+00  3.82265984E+00  1.46149523E+01  6.66615933E-01  4.38290211E-04  1.21100010E+00 -1.04218539E+01 -1.04218539E+01  0.00000000E+00
     301  1.95544664E+00  3.82391672E+00  1.46245550E+01  6.66616153E-01  4.36637838E-04  1.20725326E+00 -1.04219517E+01 -1.04219517E+01  0.00000000E+00
     311  1.95574437E+00  3.82507968E+00  1.46334281E+01  6.66616693E-01  4.32095353E-04  1.21712146E+00 -1.04220191E+01 -1.04220191E+01  0.00000000E+00
     321  1.95559293E+00  3.82449020E+00  1.46289621E+01  6.66615692E-01  4.40660115E-04  1.24591398E+00 -1.04219675E+01 -1.04219675E+01  0.00000000E+00
     331  1.95580054E+00  3.82530025E+00  1.46351288E+01  6.66616398E-01  4.34629808E-04  1.25926285E+00 -1.04217635E+01 -1.04217635E+01  0.00000000E+00
     341  1.95570789E+00  3.82493602E+00  1.46323145E+01  6.66617023E-01  4.29169295E-04  1.24198633E+00 -1.04214958E+01 -1.04214958E+01  0.00000000E+00
     351  1.95566971E+00  3.82478574E+00  1.46311506E+01  6.66617345E-01  4.26334037E-04  1.23408730E+00 -1.04219476E+01 -1.04219476E+01  0.00000000E+00
     361  1.95557232E+00  3.82440639E+00  1.46282726E+01  6.66616793E-01  4.31047981E-04  1.25287633E+00 -1.04210606E+01 -1.04210606E+01  0.00000000E+00
     371  1.95532710E+00  3.82344629E+00  1.46209131E+01  6.66617151E-01  4.27757360E-04  1.25316150E+00 -1.04206826E+01 -1.04206826E+01  0.00000000E+00
     381  1.95514297E+00  3.82272584E+00  1.46153982E+01  6.66617275E-01  4.26595151E-04  1.25281197E+00 -1.04209293E+01 -1.04209293E+01  0.00000000E+00
     391  1.95524050E+00  3.82310440E+00  1.46182497E+01  6.66618263E-01  4.18074969E-04  1.25475373E+00 -1.04204115E+01 -1.04204115E+01  0.00000000E+00
     401  1.95527876E+00  3.82325579E+00  1.46194341E+01  6.66617656E-01  4.23414971E-04  1.26713467E+00 -1.04217064E+01 -1.04217064E+01  0.00000000E+00
     411  1.95535526E+00  3.82355447E+00  1.46217108E+01  6.66617827E-01  4.21957839E-04  1.26984802E+00 -1.04222634E+01 -1.04222634E+01  0.00000000E+00
     421  1.95541679E+00  3.82379312E+00  1.46235058E+01  6.66618519E-01  4.16026103E-04  1.25634322E+00 -1.04224587E+01 -1.04224587E+01  0.00000000E+00
     431  1.95555591E+00  3.82433715E+00  1.46276662E+01  6.66618541E-01  4.15848935E-04  1.26987242E+00 -1.04229079E+01 -1.04229079E+01  0.00000000E+00
     441  1.95564002E+00  3.82466540E+00  1.46301661E+01  6.66618796E-01  4.13656969E-04  1.27164867E+00 -1.04230347E+01 -1.04230347E+01  0.00000000E+00
     451  1.95577206E+00  3.82518116E+00  1.46341016E+01  6.66619040E-01  4.11574189E-04  1.25925895E+00 -1.04235073E+01 -1.04235073E+01  0.00000000E+00
     461  1.95574166E+00  3.82506418E+00  1.46332360E+01  6.66618367E-01  4.17349770E-04  1.25350274E+00 -1.04235718E+01 -1.04235718E+01  0.00000000E+00
     471  1.95569494E+00  3.82488563E+00  1.46319327E+01  6.66616936E-01  4.29919357E-04  1.26918968E+00 -1.04234983E+01 -1.04234983E+01  0.00000000E+00
     481  1.95566103E+00  3.82475254E+00  1.46309077E+01  6.66617089E-01  4.28534257E-04  1.27277281E+00 -1.04234752E+01 -1.04234752E+01  0.00000000E+00
     491  1.95570881E+00  3.82493999E+00  1.46323511E+01  6.66616880E-01  4.30257298E-04  1.26821273E+00 -1.04235702E+01 -1.04235702E+01  0.00000000E+00
     501  1.95578107E+00  3.82522373E+00  1.46345385E+01  6.66616505E-01  4.33540974E-04  1.27983966E+00 -1.04233359E+01 -1.04233359E+01  0.00000000E+00
     511  1.95559320E+00  3.82448828E+00  1.46289029E+01  6.66616705E-01  4.31689316E-04  1.28458126E+00 -1.04229930E+01 -1.04229930E+01  0.00000000E+00
     521  1.95561042E+00  3.82455453E+00  1.46293928E+01  6.66617092E-01  4.28347619E-04  1.27487475E+00 -1.04229589E+01 -1.04229589E+01  0.00000000E+00
     531  1.95567880E+00  3.82482144E+00  1.46314263E+01  6.66617284E-01  4.26749871E-04  1.26507335E+00 -1.04233358E+01 -1.04233358E+01  0.00000000E+00
     541  1.95593840E+00  3.82583682E+00  1.46391940E+01  6.66617326E-01  4.26520015E-04  1.26335745E+00 -1.04235798E+01 -1.04235798E+01  0.00000000E+00
     551  1.95608966E+00  3.82642832E+00  1.46437169E+01  6.66617417E-01  4.25826879E-04  1.26256802E+00 -1.04232779E+01 -1.04232779E+01  0.00000000E+00
     561  1.95608351E+00  3.82640469E+00  1.46435420E+01  6.66617281E-01  4.27043304E-04  1.28061173E+00 -1.04241074E+01 -1.04241074E+01  0.00000000E+00
     571  1.95618772E+00  3.82681276E+00  1.46466715E+01  6.66617147E-01  4.28279492E-04  1.27179761E+00 -1.04239129E+01 -1.04239129E+01  0.00000000E+00
     581  1.95642604E+00  3.82774665E+00  1.46538425E+01  6.66616659E-01  4.32575435E-04  1.26993672E+00 -1.04243359E+01 -1.04243359E+01  0.00000000E+00
     591  1.95624166E+00  3.82703047E+00  1.46484388E+01  6.66614852E-01  4.48265764E-04  1.27237327E+00 -1.04243767E+01 -1.04243767E+01  0.00000000E+00
     601  1.95621120E+00  3.82691144E+00  1.46475305E+01  6.66614788E-01  4.48776567E-04  1.26754375E+00 -1.04244612E+01 -1.04244612E+01  0.00000000E+00
     611  1.95629996E+00  3.82725836E+00  1.46501805E+01  6.66614920E-01  4.47670457E-04  1.27598295E+00 -1.04245378E+01 -1.04245378E+01  0.00000000E+00
     621  1.95642277E+00  3.82773814E+00  1.46538420E+01  6.66615188E-01  4.45410292E-04  1.27461430E+00 -1.04244597E+01 -1.04244597E+01  0.00000000E+00
     631  1.95646840E+00  3.82791573E+00  1.46551873E+01  6.66615518E-01  4.42552271E-04  1.27810321E+00 -1.04244527E+01 -1.04244527E+01  0.00000000E+00
     641  1.95629531E+00  3.82723905E+00  1.46500158E+01  6.66615304E-01  4.44313221E-04  1.28375264E+00 -1.04237990E+01 -1.04237990E+01  0.00000000E+00
     651  1.95605238E+00  3.82628990E+00  1.46427706E+01  6.66614843E-01  4.48189565E-04  1.29728582E+00 -1.04234922E+01 -1.04234922E+01  0.00000000E+00
     661  1.95603431E+00  3.82621998E+00  1.46422471E+01  6.66614576E-01  4.50460129E-04  1.29063426E+00 -1.04234524E+01 -1.04234524E+01  0.00000000E+00
     671  1.95610538E+00  3.82649960E+00  1.46444114E+01  6.66614029E-01  4.55300844E-04  1.27603853E+00 -1.04234400E+01 -1.04234400E+01  0.00000000E+00
     681  1.95603615E+00  3.82622876E+00  1.46423382E+01  6.66614033E-01  4.55206909E-04  1.27387967E+00 -1.04234026E+01 -1.04234026E+01  0.00000000E+00
     691  1.95596991E+00  3.82597006E+00  1.46403654E+01  6.66613869E-01  4.56550155E-04  1.27155575E+00 -1.04232875E+01 -1.04232875E+01  0.00000000E+00
     701  1.95599201E+00  3.82605446E+00  1.46409797E+01  6.66614589E-01  4.50334270E-04  1.27073715E+00 -1.04232239E+01 -1.04232239E+01  0.00000000E+00
     711  1.95609944E+00  3.82647410E+00  1.46441815E+01  6.66614819E-01  4.48380976E-04  1.27145655E+00 -1.04233654E+01 -1.04233654E+01  0.00000000E+00
     721  1.95618381E+00  3.82680373E+00  1.46466977E+01  6.66614975E-01  4.47067581E-04  1.26791779E+00 -1.04237059E+01 -1.04237059E+01  0.00000000E+00
     731  1.95622125E+00  3.82695123E+00  1.46478423E+01  6.66614624E-01  4.50148825E-04  1.27147659E+00 -1.04238651E+01 -1.04238651E+01  0.00000000E+00
     741  1.95620372E+00  3.82688368E+00  1.46473411E+01  6.66614262E-01  4.53274697E-04  1.27948729E+00 -1.04239274E+01 -1.04239274E+01  0.00000000E+00
     751  1.95605029E+00  3.82628559E+00  1.46427962E+01  6.66613510E-01  4.59825470E-04  1.27008735E+00 -1.04239987E+01 -1.04239987E+01  0.00000000E+00
     761  1.95597019E+00  3.82597321E+00  1.46404199E+01  6.66613179E-01  4.62665644E-04  1.26832312E+00 -1.04237325E+01 -1.04237325E+01  0.00000000E+00
     771  1.95593668E+00  3.82584088E+00  1.46393883E+01  6.66613608E-01  4.58911292E-04  1.26733405E+00 -1.04236482E+01 -1.04236482E+01  0.00000000E+00
     781  1.95579934E+00  3.82530462E+00  1.46353001E+01  6.66613256E-01  4.61905133E-04  1.26381373E+00 -1.04234920E+01 -1.04234920E+01  0.00000000E+00
     791  1.95582446E+00  3.82540233E+00  1.46360393E+01  6.66613450E-01  4.60215776E-04  1.26234450E+00 -1.04235957E+01 -1.04235957E+01  0.00000000E+00
