   #Iter             <M>           <M^2>           <M^4>      U_{Binder}            \chi        C_v(tot)             <E>       <E_{exc}>       <E_{lsf}>
       1  1.34799149E+00  1.81731430E+00  3.30434840E+00  6.66493359E-01  2.76960759E-04  1.21901638E+00 -6.77169784E+00 -6.77169784E+00  0.00000000E+00
      11  1.33038920E+00  1.77282452E+00  3.16282052E+00  6.64554636E-01  3.43042222E-03  1.92756357E+00 -6.64508602E+00 -6.64508602E+00  0.00000000E+00
      21  1.32514196E+00  1.75901072E+00  3.11485790E+00  6.64432406E-01  3.57338227E-03  1.87148471E+00 -6.61381550E+00 -6.61381550E+00  0.00000000E+00
      31  1.33347145E+00  1.78082744E+00  3.19017652E+00  6.64687471E-01  3.18372893E-03  2.12438831E+00 -6.65439053E+00 -6.65439053E+00  0.00000000E+00
      41  1.32600812E+00  1.76082291E+00  3.11813083E+00  6.64770893E-01  2.99855953E-03  2.08735660E+00 -6.64955023E+00 -6.64955023E+00  0.00000000E+00
      51  1.32614205E+00  1.76127033E+00  3.12034992E+00  6.64702740E-01  3.10803439E-03  1.87383681E+00 -6.62900651E+00 -6.62900651E+00  0.00000000E+00
      61  1.32240090E+00  1.75125491E+00  3.08439349E+00  6.64764665E-01  2.98122212E-03  1.89819573E+00 -6.61969119E+00 -6.61969119E+00  0.00000000E+00
      71  1.32169930E+00  1.74926840E+00  3.07650897E+00  6.64861725E-01  2.82516262E-03  1.94509031E+00 -6.61210959E+00 -6.61210959E+00  0.00000000E+00
      81  1.32495290E+00  1.75779428E+00  3.10588689E+00  6.64935600E-01  2.72394356E-03  1.80208181E+00 -6.62477769E+00 -6.62477769E+00  0.00000000E+00
      91  1.32661933E+00  1.76228852E+00  3.12231084E+00  6.64879605E-01  2.81366643E-03  1.91579170E+00 -6.61890219E+00 -6.61890219E+00  0.00000000E+00
     101  1.32573935E+00  1.75989250E+00  3.11340925E+00  6.64924499E-01  2.74004340E-03  1.94277742E+00 -6.62033558E+00 -6.62033558E+00  0.00000000E+00
     111  1.32538136E+00  1.75901191E+00  3.11076226E+00  6.64874089E-01  2.82138720E-03  1.93197682E+00 -6.61937597E+00 -6.61937597E+00  0.00000000E+00
     121  1.32568853E+00  1.75988490E+00  3.11430304E+00  6.64825412E-01  2.89103793E-03  1.99626737E+00 -6.62822913E+00 -6.62822913E+00  0.00000000E+00
     131  1.32721481E+00  1.76391961E+00  3.12846606E+00  6.64839666E-01  2.87397165E-03  2.10020678E+00 -6.63091073E+00 -6.63091073E+00  0.00000000E+00
     141  1.32723154E+00  1.76409603E+00  3.12994948E+00  6.64747806E-01  3.03073056E-03  2.19642380E+00 -6.63735766E+00 -6.63735766E+00  0.00000000E+00
     151  1.32581445E+00  1.76036648E+00  3.11687685E+00  6.64731918E-01  3.06641771E-03  2.14033330E+00 -6.63465532E+00 -6.63465532E+00  0.00000000E+00
     161  1.32548028E+00  1.75966528E+00  3.11559915E+00  6.64602214E-01  3.28582955E-03  2.27119898E+00 -6.63031665E+00 -6.63031665E+00  0.00000000E+00
     171  1.32602200E+00  1.76099064E+00  3.11951209E+00  6.64686279E-01  3.15400664E-03  2.19834944E+00 -6.63519469E+00 -6.63519469E+00  0.00000000E+00
     181  1.32512660E+00  1.75859649E+00  3.11095415E+00  6.64695060E-01  3.12987175E-03  2.21717562E+00 -6.63655591E+00 -6.63655591E+00  0.00000000E+00
     191  1.32431681E+00  1.75644242E+00  3.10326380E+00  6.64703046E-01  3.11968794E-03  2.16442736E+00 -6.63618695E+00 -6.63618695E+00  0.00000000E+00
     201  1.32552132E+00  1.75964570E+00  3.11457281E+00  6.64705237E-01  3.13336996E-03  2.22640555E+00 -6.63628205E+00 -6.63628205E+00  0.00000000E+00
     211  1.32436606E+00  1.75660344E+00  3.10397395E+00  6.64687800E-01  3.15599203E-03  2.19734015E+00 -6.63861028E+00 -6.63861028E+00  0.00000000E+00
     221  1.32496362E+00  1.75818628E+00  3.10959306E+00  6.64685351E-01  3.15566395E-03  2.18703909E+00 -6.63867610E+00 -6.63867610E+00  0.00000000E+00
     231  1.32421596E+00  1.75617259E+00  3.10229142E+00  6.64705098E-01  3.11645494E-03  2.16647010E+00 -6.63616063E+00 -6.63616063E+00  0.00000000E+00
     241  1.32466675E+00  1.75740485E+00  3.10688082E+00  6.64679814E-01  3.16178057E-03  2.17604211E+00 -6.63454729E+00 -6.63454729E+00  0.00000000E+00
     251  1.32486709E+00  1.75787995E+00  3.10818165E+00  6.64720723E-01  3.09564979E-03  2.16258908E+00 -6.63521268E+00 -6.63521268E+00  0.00000000E+00
     261  1.32550295E+00  1.75950886E+00  3.11354156E+00  6.64764121E-01  3.02873853E-03  2.12088125E+00 -6.63882230E+00 -6.63882230E+00  0.00000000E+00
     271  1.32452180E+00  1.75697898E+00  3.10511968E+00  6.64707407E-01  3.11205268E-03  2.10871387E+00 -6.63540904E+00 -6.63540904E+00  0.00000000E+00
     281  1.32464354E+00  1.75728779E+00  3.10609384E+00  6.64720086E-01  3.09578784E-03  2.11128837E+00 -6.63391353E+00 -6.63391353E+00  0.00000000E+00
     291  1.32369040E+00  1.75480518E+00  3.09762590E+00  6.64687383E-01  3.14523421E-03  2.10905650E+00 -6.63430899E+00 -6.63430899E+00  0.00000000E+00
     301  1.32457793E+00  1.75709082E+00  3.10522253E+00  6.64738987E-01  3.06831722E-03  2.08318435E+00 -6.63551155E+00 -6.63551155E+00  0.00000000E+00
     311  1.32548319E+00  1.75944330E+00  3.11320979E+00  6.64774862E-01  3.01307055E-03  2.09834670E+00 -6.63961587E+00 -6.63961587E+00  0.00000000E+00
     321  1.32592079E+00  1.76058592E+00  3.11713589E+00  6.64787633E-01  2.99214438E-03  2.06780335E+00 -6.63920149E+00 -6.63920149E+00  0.00000000E+00
     331  1.32685089E+00  1.76303512E+00  3.12566037E+00  6.64804171E-01  2.97060796E-03  2.05713827E+00 -6.64086873E+00 -6.64086873E+00  0.00000000E+00
     341  1.32640267E+00  1.76185831E+00  3.12160462E+00  6.64791762E-01  2.98536829E-03  2.05145458E+00 -6.64005591E+00 -6.64005591E+00  0.00000000E+00
     351  1.32607875E+00  1.76096861E+00  3.11826490E+00  6.64811952E-01  2.94913226E-03  2.03771534E+00 -6.64082683E+00 -6.64082683E+00  0.00000000E+00
     361  1.32669300E+00  1.76258090E+00  3.12385215E+00  6.64825401E-01  2.92872477E-03  2.04815365E+00 -6.64177325E+00 -6.64177325E+00  0.00000000E+00
     371  1.32633156E+00  1.76160894E+00  3.12032981E+00  6.64833787E-01  2.91324086E-03  2.01955450E+00 -6.64140684E+00 -6.64140684E+00  0.00000000E+00
     381  1.32671187E+00  1.76263238E+00  3.12403658E+00  6.64825192E-01  2.93042061E-03  2.04422964E+00 -6.64436398E+00 -6.64436398E+00  0.00000000E+00
     391  1.32653438E+00  1.76215568E+00  3.12231232E+00  6.64828919E-01  2.92356276E-03  2.05193076E+00 -6.64371896E+00 -6.64371896E+00  0.00000000E+00
     401  1.32725516E+00  1.76408740E+00  3.12930478E+00  6.64813583E-01  2.94602837E-03  2.06449275E+00 -6.64424956E+00 -6.64424956E+00  0.00000000E+00
     411  1.32655598E+00  1.76224584E+00  3.12289489E+00  6.64800682E-01  2.96256567E-03  2.05522820E+00 -6.64297232E+00 -6.64297232E+00  0.00000000E+00
     421  1.32664550E+00  1.76250804E+00  3.12399689E+00  6.64782158E-01  2.99186538E-03  2.07067626E+00 -6.64137641E+00 -6.64137641E+00  0.00000000E+00
     431  1.32744454E+00  1.76460692E+00  3.13126375E+00  6.64801213E-01  2.96593283E-03  2.05871226E+00 -6.64307057E+00 -6.64307057E+00  0.00000000E+00
     441  1.32700032E+00  1.76346379E+00  3.12743955E+00  6.64776408E-01  3.00871261E-03  2.11074055E+00 -6.64073406E+00 -6.64073406E+00  0.00000000E+00
     451  1.32627355E+00  1.76152964E+00  3.12056716E+00  6.64778112E-01  3.00180594E-03  2.13876829E+00 -6.63725706E+00 -6.63725706E+00  0.00000000E+00
     461  1.32663894E+00  1.76249263E+00  3.12392546E+00  6.64783964E-01  2.99426179E-03  2.13762737E+00 -6.63798534E+00 -6.63798534E+00  0.00000000E+00
     471  1.32696118E+00  1.76331609E+00  3.12661197E+00  6.64808967E-01  2.95667555E-03  2.14862620E+00 -6.63692341E+00 -6.63692341E+00  0.00000000E+00
     481  1.32749411E+00  1.76477383E+00  3.13207127E+00  6.64778185E-01  3.00784518E-03  2.17310251E+00 -6.63831821E+00 -6.63831821E+00  0.00000000E+00
     491  1.32781343E+00  1.76561126E+00  3.13497366E+00  6.64785757E-01  2.99544747E-03  2.15542606E+00 -6.64143588E+00 -6.64143588E+00  0.00000000E+00
     501  1.32796626E+00  1.76602908E+00  3.13654303E+00  6.64776625E-01  3.00961065E-03  2.20464490E+00 -6.64202843E+00 -6.64202843E+00  0.00000000E+00
     511  1.32819825E+00  1.76664183E+00  3.13869022E+00  6.64779801E-01  3.00551836E-03  2.20502245E+00 -6.64236220E+00 -6.64236220E+00  0.00000000E+00
     521  1.32884241E+00  1.76834896E+00  3.14471510E+00  6.64784488E-01  3.00025788E-03  2.20601689E+00 -6.64444122E+00 -6.64444122E+00  0.00000000E+00
     531  1.32870454E+00  1.76798252E+00  3.14341372E+00  6.64784297E-01  3.00019189E-03  2.22019213E+00 -6.64494496E+00 -6.64494496E+00  0.00000000E+00
     541  1.32877729E+00  1.76816221E+00  3.14397334E+00  6.64792760E-01  2.98401816E-03  2.21433373E+00 -6.64433195E+00 -6.64433195E+00  0.00000000E+00
     551  1.32771673E+00  1.76541449E+00  3.13469120E+00  6.64741238E-01  3.06668871E-03  2.20903536E+00 -6.64246855E+00 -6.64246855E+00  0.00000000E+00
     561  1.32722404E+00  1.76416543E+00  3.13065889E+00  6.64698202E-01  3.13674814E-03  2.22058521E+00 -6.64283616E+00 -6.64283616E+00  0.00000000E+00
     571  1.32682236E+00  1.76312584E+00  3.12716652E+00  6.64677163E-01  3.16820738E-03  2.21267091E+00 -6.64172010E+00 -6.64172010E+00  0.00000000E+00
     581  1.32684906E+00  1.76319259E+00  3.12738316E+00  6.64679324E-01  3.16332874E-03  2.23355067E+00 -6.64258091E+00 -6.64258091E+00  0.00000000E+00
     591  1.32672174E+00  1.76286516E+00  3.12630293E+00  6.64670612E-01  3.17571170E-03  2.22795082E+00 -6.64346500E+00 -6.64346500E+00  0.00000000E+00
     601  1.32710262E+00  1.76385599E+00  3.12967045E+00  6.64686450E-01  3.15201555E-03  2.23868056E+00 -6.64438010E+00 -6.64438010E+00  0.00000000E+00
     611  1.32721670E+00  1.76412948E+00  3.13043646E+00  6.64708361E-01  3.11721891E-03  2.21597004E+00 -6.64508430E+00 -6.64508430E+00  0.00000000E+00
     621  1.32709129E+00  1.76377948E+00  3.12907853E+00  6.64720779E-01  3.09686178E-03  2.20657883E+00 -6.64447227E+00 -6.64447227E+00  0.00000000E+00
     631  1.32767795E+00  1.76533752E+00  3.13460703E+00  6.64721004E-01  3.09756284E-03  2.19731049E+00 -6.64553571E+00 -6.64553571E+00  0.00000000E+00
     641  1.32797232E+00  1.76608916E+00  3.13705405E+00  6.64744820E-01  3.06183763E-03  2.19251334E+00 -6.64616574E+00 -6.64616574E+00  0.00000000E+00
     651  1.32859523E+00  1.76773156E+00  3.14278366E+00  6.64756318E-01  3.04710693E-03  2.19181725E+00 -6.64696474E+00 -6.64696474E+00  0.00000000E+00
     661  1.32827174E+00  1.76686119E+00  3.13962438E+00  6.64763285E-01  3.03417200E-03  2.19771119E+00 -6.64713120E+00 -6.64713120E+00  0.00000000E+00
     671  1.32851576E+00  1.76750981E+00  3.14192718E+00  6.64763578E-01  3.03452050E-03  2.19064649E+00 -6.64796947E+00 -6.64796947E+00  0.00000000E+00
     681  1.32859112E+00  1.76770853E+00  3.14262031E+00  6.64765007E-01  3.03272060E-03  2.18205610E+00 -6.64752376E+00 -6.64752376E+00  0.00000000E+00
     691  1.32878979E+00  1.76821989E+00  3.14432258E+00  6.64777396E-01  3.01303589E-03  2.17389556E+00 -6.64751313E+00 -6.64751313E+00  0.00000000E+00
     701  1.32869082E+00  1.76797219E+00  3.14353965E+00  6.64766951E-01  3.03123269E-03  2.17301736E+00 -6.64726964E+00 -6.64726964E+00  0.00000000E+00
     711  1.32818242E+00  1.76664675E+00  3.13900772E+00  6.64747760E-01  3.06128566E-03  2.16578366E+00 -6.64659086E+00 -6.64659086E+00  0.00000000E+00
     721  1.32845727E+00  1.76735830E+00  3.14139427E+00  6.64762971E-01  3.03916617E-03  2.14615057E+00 -6.64650826E+00 -6.64650826E+00  0.00000000E+00
     731  1.32819161E+00  1.76662208E+00  3.13858417E+00  6.64783633E-01  3.00300359E-03  2.14923023E+00 -6.64568325E+00 -6.64568325E+00  0.00000000E+00
     741  1.32786840E+00  1.76578173E+00  3.13571860E+00  6.64770840E-01  3.02452568E-03  2.14817576E+00 -6.64494294E+00 -6.64494294E+00  0.00000000E+00
     751  1.32837569E+00  1.76714879E+00  3.14070413E+00  6.64757140E-01  3.04774720E-03  2.14941927E+00 -6.64520172E+00 -6.64520172E+00  0.00000000E+00
     761  1.32831875E+00  1.76701150E+00  3.14032335E+00  6.64745696E-01  3.06435561E-03  2.15063836E+00 -6.64507328E+00 -6.64507328E+00  0.00000000E+00
     771  1.32858363E+00  1.76770638E+00  3.14272334E+00  6.64753203E-01  3.05379707E-03  2.15662235E+00 -6.64391538E+00 -6.64391538E+00  0.00000000E+00
     781  1.32891499E+00  1.76855941E+00  3.14555338E+00  6.64774923E-01  3.02107373E-03  2.13847660E+00 -6.64401822E+00 -6.64401822E+00  0.00000000E+00
     791  1.32873491E+00  1.76810578E+00  3.14411694E+00  6.64756049E-01  3.05071121E-03  2.13423340E+00 -6.64355860E+00 -6.64355860E+00  0.00000000E+00
