   #Iter             <M>           <M^2>           <M^4>      U_{Binder}            \chi        C_v(tot)             <E>       <E_{exc}>       <E_{lsf}>
       1  1.81827163E+00  3.30615870E+00  1.09313073E+01  6.66647701E-01  9.63453025E-05  3.94677497E-01 -9.44912034E+00 -9.44912034E+00  0.00000000E+00
      11  1.81361318E+00  3.28939273E+00  1.08227194E+01  6.66586111E-01  4.10127156E-04  1.36436090E+00 -9.41482227E+00 -9.41482227E+00  0.00000000E+00
      21  1.80455435E+00  3.25674281E+00  1.06106098E+01  6.66533538E-01  6.69398367E-04  1.43818032E+00 -9.41155510E+00 -9.41155510E+00  0.00000000E+00
      31  1.80368563E+00  3.25363303E+00  1.05906858E+01  6.66523150E-01  7.20210538E-04  1.30101253E+00 -9.41705845E+00 -9.41705845E+00  0.00000000E+00
      41  1.80401946E+00  3.25483549E+00  1.05985018E+01  6.66523577E-01  7.16371662E-04  1.19911720E+00 -9.41154720E+00 -9.41154720E+00  0.00000000E+00
      51  1.80101276E+00  3.24410409E+00  1.05301309E+01  6.66479177E-01  9.37487455E-04  1.36331633E+00 -9.41467620E+00 -9.41467620E+00  0.00000000E+00
      61  1.80454705E+00  3.25684383E+00  1.06129303E+01  6.66481300E-01  9.30666617E-04  1.43933712E+00 -9.41616564E+00 -9.41616564E+00  0.00000000E+00
      71  1.80601628E+00  3.26211787E+00  1.06469213E+01  6.66494122E-01  8.67680672E-04  1.35310908E+00 -9.41646626E+00 -9.41646626E+00  0.00000000E+00
      81  1.80626276E+00  3.26300482E+00  1.06526624E+01  6.66495668E-01  8.60657591E-04  1.45189490E+00 -9.41829142E+00 -9.41829142E+00  0.00000000E+00
      91  1.80554313E+00  3.26037404E+00  1.06350899E+01  6.66508278E-01  7.95837798E-04  1.47692162E+00 -9.42028210E+00 -9.42028210E+00  0.00000000E+00
     101  1.80541844E+00  3.25991286E+00  1.06319405E+01  6.66512701E-01  7.73443971E-04  1.42168830E+00 -9.42095629E+00 -9.42095629E+00  0.00000000E+00
     111  1.80617497E+00  3.26266082E+00  1.06500831E+01  6.66506106E-01  8.05594665E-04  1.48148759E+00 -9.42101990E+00 -9.42101990E+00  0.00000000E+00
     121  1.80596070E+00  3.26189226E+00  1.06451287E+01  6.66504147E-01  8.16703396E-04  1.50399124E+00 -9.41473349E+00 -9.41473349E+00  0.00000000E+00
     131  1.80521308E+00  3.25917699E+00  1.06272139E+01  6.66510413E-01  7.84942587E-04  1.41935889E+00 -9.41094105E+00 -9.41094105E+00  0.00000000E+00
     141  1.80500876E+00  3.25845491E+00  1.06227074E+01  6.66504074E-01  8.16854583E-04  1.42893411E+00 -9.41137809E+00 -9.41137809E+00  0.00000000E+00
     151  1.80509377E+00  3.25877218E+00  1.06249014E+01  6.66500142E-01  8.38117987E-04  1.50619322E+00 -9.41210638E+00 -9.41210638E+00  0.00000000E+00
     161  1.80505831E+00  3.25865225E+00  1.06242244E+01  6.66496844E-01  8.54698033E-04  1.49996615E+00 -9.41167978E+00 -9.41167978E+00  0.00000000E+00
     171  1.80519282E+00  3.25913794E+00  1.06273907E+01  6.66496875E-01  8.54881092E-04  1.46891610E+00 -9.41132168E+00 -9.41132168E+00  0.00000000E+00
     181  1.80563377E+00  3.26072590E+00  1.06376971E+01  6.66498508E-01  8.46192711E-04  1.47058835E+00 -9.40951280E+00 -9.40951280E+00  0.00000000E+00
     191  1.80540059E+00  3.25987439E+00  1.06320196E+01  6.66502348E-01  8.26696284E-04  1.47922696E+00 -9.40993969E+00 -9.40993969E+00  0.00000000E+00
     201  1.80551681E+00  3.26028032E+00  1.06344891E+01  6.66507947E-01  7.98572032E-04  1.45577171E+00 -9.41145128E+00 -9.41145128E+00  0.00000000E+00
     211  1.80563707E+00  3.26071682E+00  1.06373663E+01  6.66507024E-01  8.03133446E-04  1.39924733E+00 -9.41139685E+00 -9.41139685E+00  0.00000000E+00
     221  1.80573048E+00  3.26104639E+00  1.06394165E+01  6.66510163E-01  7.87199546E-04  1.38116627E+00 -9.41358577E+00 -9.41358577E+00  0.00000000E+00
     231  1.80582097E+00  3.26136229E+00  1.06413345E+01  6.66514657E-01  7.64777872E-04  1.39939592E+00 -9.41349902E+00 -9.41349902E+00  0.00000000E+00
     241  1.80610517E+00  3.26238395E+00  1.06479372E+01  6.66516705E-01  7.54864907E-04  1.37942117E+00 -9.41324058E+00 -9.41324058E+00  0.00000000E+00
     251  1.80584914E+00  3.26145854E+00  1.06418917E+01  6.66516882E-01  7.53526248E-04  1.36531378E+00 -9.41095912E+00 -9.41095912E+00  0.00000000E+00
     261  1.80600600E+00  3.26202209E+00  1.06455290E+01  6.66518155E-01  7.47377597E-04  1.38411985E+00 -9.41005090E+00 -9.41005090E+00  0.00000000E+00
     271  1.80577922E+00  3.26120203E+00  1.06401664E+01  6.66518491E-01  7.45397522E-04  1.40437762E+00 -9.40846361E+00 -9.40846361E+00  0.00000000E+00
     281  1.80578498E+00  3.26122596E+00  1.06403621E+01  6.66517252E-01  7.51763877E-04  1.40564357E+00 -9.40758352E+00 -9.40758352E+00  0.00000000E+00
     291  1.80616575E+00  3.26259706E+00  1.06492542E+01  6.66519027E-01  7.43116387E-04  1.39587076E+00 -9.40801329E+00 -9.40801329E+00  0.00000000E+00
     301  1.80643903E+00  3.26358764E+00  1.06557640E+01  6.66517707E-01  7.49964096E-04  1.38558932E+00 -9.40888252E+00 -9.40888252E+00  0.00000000E+00
     311  1.80652008E+00  3.26388095E+00  1.06576865E+01  6.66517485E-01  7.50913451E-04  1.37727469E+00 -9.40922384E+00 -9.40922384E+00  0.00000000E+00
     321  1.80625758E+00  3.26293593E+00  1.06515605E+01  6.66516086E-01  7.57797517E-04  1.38372541E+00 -9.40923024E+00 -9.40923024E+00  0.00000000E+00
     331  1.80616013E+00  3.26258608E+00  1.06493061E+01  6.66515159E-01  7.62216968E-04  1.38297589E+00 -9.41000851E+00 -9.41000851E+00  0.00000000E+00
     341  1.80661521E+00  3.26423312E+00  1.06600953E+01  6.66514084E-01  7.68307375E-04  1.37403702E+00 -9.41034101E+00 -9.41034101E+00  0.00000000E+00
     351  1.80597198E+00  3.26191737E+00  1.06450812E+01  6.66510770E-01  7.84642580E-04  1.39273513E+00 -9.40951676E+00 -9.40951676E+00  0.00000000E+00
     361  1.80598213E+00  3.26197000E+00  1.06456323E+01  6.66504265E-01  8.17397402E-04  1.39767249E+00 -9.41060542E+00 -9.41060542E+00  0.00000000E+00
     371  1.80582053E+00  3.26139448E+00  1.06419825E+01  6.66500933E-01  8.34099391E-04  1.41320237E+00 -9.40984140E+00 -9.40984140E+00  0.00000000E+00
     381  1.80552041E+00  3.26030471E+00  1.06347975E+01  6.66503264E-01  8.21938536E-04  1.42101563E+00 -9.40987907E+00 -9.40987907E+00  0.00000000E+00
     391  1.80547190E+00  3.26012350E+00  1.06335377E+01  6.66505701E-01  8.09575799E-04  1.40132179E+00 -9.40941541E+00 -9.40941541E+00  0.00000000E+00
     401  1.80561335E+00  3.26063318E+00  1.06368478E+01  6.66506170E-01  8.07256028E-04  1.41954440E+00 -9.40951086E+00 -9.40951086E+00  0.00000000E+00
     411  1.80581987E+00  3.26137267E+00  1.06415883E+01  6.66508828E-01  7.94204361E-04  1.41026044E+00 -9.40967782E+00 -9.40967782E+00  0.00000000E+00
     421  1.80590079E+00  3.26166284E+00  1.06434536E+01  6.66509716E-01  7.89972847E-04  1.42053282E+00 -9.40906193E+00 -9.40906193E+00  0.00000000E+00
     431  1.80632074E+00  3.26317850E+00  1.06533291E+01  6.66510299E-01  7.87332319E-04  1.41193812E+00 -9.40966297E+00 -9.40966297E+00  0.00000000E+00
     441  1.80622100E+00  3.26281868E+00  1.06509858E+01  6.66510112E-01  7.88328031E-04  1.39508477E+00 -9.41006332E+00 -9.41006332E+00  0.00000000E+00
     451  1.80597862E+00  3.26194181E+00  1.06452460E+01  6.66510605E-01  7.85560359E-04  1.39817964E+00 -9.40923700E+00 -9.40923700E+00  0.00000000E+00
     461  1.80619828E+00  3.26272820E+00  1.06502863E+01  6.66513517E-01  7.71132582E-04  1.39879546E+00 -9.40950970E+00 -9.40950970E+00  0.00000000E+00
     471  1.80609641E+00  3.26236638E+00  1.06480052E+01  6.66510982E-01  7.83746846E-04  1.40542067E+00 -9.41018917E+00 -9.41018917E+00  0.00000000E+00
     481  1.80571940E+00  3.26101105E+00  1.06392430E+01  6.66508374E-01  7.96784991E-04  1.40185119E+00 -9.40897315E+00 -9.40897315E+00  0.00000000E+00
     491  1.80570593E+00  3.26095815E+00  1.06388423E+01  6.66510116E-01  7.88025198E-04  1.42860961E+00 -9.40984264E+00 -9.40984264E+00  0.00000000E+00
     501  1.80590335E+00  3.26167191E+00  1.06435087E+01  6.66509846E-01  7.89566625E-04  1.42067585E+00 -9.41045143E+00 -9.41045143E+00  0.00000000E+00
     511  1.80598274E+00  3.26195347E+00  1.06452789E+01  6.66511958E-01  7.78964110E-04  1.40763542E+00 -9.41079044E+00 -9.41079044E+00  0.00000000E+00
     521  1.80599630E+00  3.26200388E+00  1.06456273E+01  6.66511350E-01  7.81919439E-04  1.41794552E+00 -9.41057299E+00 -9.41057299E+00  0.00000000E+00
     531  1.80611132E+00  3.26241814E+00  1.06483154E+01  6.66511852E-01  7.79446189E-04  1.42265241E+00 -9.41107021E+00 -9.41107021E+00  0.00000000E+00
     541  1.80614245E+00  3.26252887E+00  1.06490151E+01  6.66512576E-01  7.75918326E-04  1.41776807E+00 -9.41110106E+00 -9.41110106E+00  0.00000000E+00
     551  1.80580494E+00  3.26131912E+00  1.06412409E+01  6.66508763E-01  7.94994359E-04  1.41090656E+00 -9.41165343E+00 -9.41165343E+00  0.00000000E+00
     561  1.80593322E+00  3.26178019E+00  1.06442188E+01  6.66509739E-01  7.90383278E-04  1.39712377E+00 -9.41204673E+00 -9.41204673E+00  0.00000000E+00
     571  1.80596660E+00  3.26189730E+00  1.06449392E+01  6.66511114E-01  7.83349801E-04  1.39601547E+00 -9.41161737E+00 -9.41161737E+00  0.00000000E+00
     581  1.80594428E+00  3.26181185E+00  1.06443189E+01  6.66513075E-01  7.73431858E-04  1.40021369E+00 -9.41102137E+00 -9.41102137E+00  0.00000000E+00
     591  1.80586337E+00  3.26151642E+00  1.06423493E+01  6.66514376E-01  7.66814890E-04  1.39753253E+00 -9.41098810E+00 -9.41098810E+00  0.00000000E+00
     601  1.80607515E+00  3.26227945E+00  1.06473031E+01  6.66515200E-01  7.62902783E-04  1.37758321E+00 -9.41054747E+00 -9.41054747E+00  0.00000000E+00
     611  1.80626376E+00  3.26296015E+00  1.06517389E+01  6.66515452E-01  7.61689709E-04  1.36660175E+00 -9.41088529E+00 -9.41088529E+00  0.00000000E+00
     621  1.80643091E+00  3.26356326E+00  1.06556659E+01  6.66515794E-01  7.60111141E-04  1.36921615E+00 -9.41066447E+00 -9.41066447E+00  0.00000000E+00
     631  1.80616232E+00  3.26259789E+00  1.06494263E+01  6.66513808E-01  7.70260282E-04  1.37240473E+00 -9.41063248E+00 -9.41063248E+00  0.00000000E+00
     641  1.80609854E+00  3.26236671E+00  1.06479070E+01  6.66514128E-01  7.68631772E-04  1.37318535E+00 -9.41057551E+00 -9.41057551E+00  0.00000000E+00
     651  1.80620505E+00  3.26274931E+00  1.06503761E+01  6.66515022E-01  7.64184968E-04  1.39191150E+00 -9.41080864E+00 -9.41080864E+00  0.00000000E+00
     661  1.80651028E+00  3.26385289E+00  1.06575926E+01  6.66514691E-01  7.66018224E-04  1.41075600E+00 -9.41090683E+00 -9.41090683E+00  0.00000000E+00
     671  1.80641303E+00  3.26350323E+00  1.06553308E+01  6.66514014E-01  7.69468975E-04  1.41169891E+00 -9.41115396E+00 -9.41115396E+00  0.00000000E+00
     681  1.80634214E+00  3.26324194E+00  1.06535583E+01  6.66516089E-01  7.58833609E-04  1.39171539E+00 -9.41092614E+00 -9.41092614E+00  0.00000000E+00
     691  1.80632517E+00  3.26317761E+00  1.06530995E+01  6.66517306E-01  7.52664310E-04  1.39596395E+00 -9.41061488E+00 -9.41061488E+00  0.00000000E+00
     701  1.80628637E+00  3.26303513E+00  1.06521397E+01  6.66518228E-01  7.47934578E-04  1.40491148E+00 -9.41034425E+00 -9.41034425E+00  0.00000000E+00
     711  1.80614785E+00  3.26253367E+00  1.06488534E+01  6.66518620E-01  7.45707184E-04  1.40163218E+00 -9.41029450E+00 -9.41029450E+00  0.00000000E+00
     721  1.80605095E+00  3.26218196E+00  1.06465367E+01  6.66519274E-01  7.42255248E-04  1.40703259E+00 -9.41080642E+00 -9.41080642E+00  0.00000000E+00
     731  1.80618334E+00  3.26266115E+00  1.06496765E+01  6.66518904E-01  7.44223692E-04  1.39930214E+00 -9.41103871E+00 -9.41103871E+00  0.00000000E+00
     741  1.80648789E+00  3.26376480E+00  1.06569266E+01  6.66517528E-01  7.51257953E-04  1.40728982E+00 -9.41200452E+00 -9.41200452E+00  0.00000000E+00
     751  1.80658844E+00  3.26412830E+00  1.06593026E+01  6.66517463E-01  7.51682436E-04  1.39972603E+00 -9.41201100E+00 -9.41201100E+00  0.00000000E+00
     761  1.80661568E+00  3.26422714E+00  1.06599539E+01  6.66517285E-01  7.52508657E-04  1.39126049E+00 -9.41227333E+00 -9.41227333E+00  0.00000000E+00
     771  1.80658881E+00  3.26413052E+00  1.06593286E+01  6.66517105E-01  7.53446773E-04  1.38860009E+00 -9.41175544E+00 -9.41175544E+00  0.00000000E+00
     781  1.80632763E+00  3.26319211E+00  1.06532693E+01  6.66514953E-01  7.64160382E-04  1.38062013E+00 -9.41135778E+00 -9.41135778E+00  0.00000000E+00
     791  1.80640369E+00  3.26346096E+00  1.06549471E+01  6.66517385E-01  7.51995083E-04  1.36767562E+00 -9.41149879E+00 -9.41149879E+00  0.00000000E+00
