   #Iter           <M>_x           <M>_y           <M>_z             <M>        M_{stdv}
       0 -2.36793927E-01 -1.15584918E-01 -2.29817497E-01  4.31770455E-01  1.79092140E-01
      50 -2.48942464E-01 -5.11682197E-02  1.75354976E-02  3.29546771E-01  1.06256754E-01
     100 -2.14463603E-01  1.51135150E-03  7.16837474E-02  3.98763765E-01  1.73526032E-01
     150 -7.52148050E-02  1.04660751E-02  9.74224277E-02  3.52662865E-01  1.40128231E-01
     200 -1.51746260E-01  6.74545611E-02  1.00326464E-01  4.39239753E-01  1.41965054E-01
     250 -3.67754511E-02  1.31960272E-01  4.67410217E-02  4.25112312E-01  1.39609220E-01
     300 -1.91853411E-01  1.29579616E-01 -4.60032994E-02  3.43349380E-01  7.76029334E-02
     350 -1.81520032E-01  1.49218411E-01  8.19273602E-02  3.40765773E-01  8.37288170E-02
     400 -2.17578664E-01  7.35438802E-02  8.64990694E-03  3.62583256E-01  1.00640698E-01
     450 -1.40730488E-01  3.10454442E-02  1.68524022E-01  2.77474109E-01  1.03954118E-01
     500 -1.48449952E-01  2.15800517E-02  2.36736206E-01  3.17831716E-01  1.57425616E-01
     550 -8.90000920E-02  1.10865574E-01  1.68993895E-01  3.32634626E-01  1.73660329E-01
     600  4.23442577E-02  6.07452414E-02  8.93076029E-02  3.46363275E-01  1.57630978E-01
     650 -9.49858254E-02 -2.41611645E-02  8.53174251E-02  2.69137207E-01  1.05735859E-01
     700 -7.96835038E-02 -9.99289136E-02  9.15788978E-02  3.05086082E-01  1.54431424E-01
     750 -1.02536503E-01 -1.09376064E-01  1.12942683E-01  4.22465956E-01  1.13623432E-01
     800 -6.79130503E-02 -1.44538156E-01 -7.23336692E-03  3.75876946E-01  1.31089865E-01
     850 -1.12786016E-01 -1.04009042E-01  1.14043937E-01  4.20499119E-01  1.20275092E-01
     900 -1.04771530E-02  3.55423435E-02  1.14962571E-01  3.16052696E-01  1.06067338E-01
     950 -9.13419867E-02 -1.19918643E-01  1.81878014E-01  3.52310107E-01  1.64205655E-01
    1000 -9.34169649E-02 -2.04313754E-01 -5.95776206E-02  4.06330365E-01  1.53482371E-01
    1050 -1.23618503E-01 -1.57645529E-01  6.70023746E-02  3.37631609E-01  1.38856165E-01
    1100  8.03770108E-02 -7.17495835E-02 -6.47331602E-02  3.04107283E-01  2.98754753E-02
    1150  1.71490268E-02 -2.26833486E-01  7.13902059E-02  3.24104092E-01  8.35858476E-02
    1200  4.10625837E-02 -1.45597883E-01 -4.37323378E-02  4.00237917E-01  1.18034928E-01
    1250 -7.01389417E-03 -1.05266774E-02 -1.44187622E-01  3.14857266E-01  2.20822015E-01
    1300 -1.09552637E-01 -1.51878755E-02 -2.45684935E-01  4.65707510E-01  1.67422703E-01
    1350 -4.29717195E-02  6.07854722E-02 -1.78167400E-01  3.21334309E-01  1.48239223E-01
    1400  1.83927303E-01 -1.51167967E-02 -1.98060949E-01  3.97263548E-01  1.14739248E-01
    1450  1.58974950E-01 -1.36721713E-01 -2.54824065E-01  4.77400054E-01  1.43300663E-01
    1500  2.40052552E-01 -1.11841920E-01 -1.70734128E-01  4.47093775E-01  6.07783570E-02
    1550  2.43964040E-01 -1.78160714E-01 -3.21637358E-01  5.57728891E-01  5.09858755E-02
    1600  2.17085816E-01 -1.36751432E-01 -2.42058205E-01  4.33256368E-01  2.20929551E-01
    1650  9.89141652E-02 -1.96319737E-01 -2.59292110E-02  3.72990370E-01  1.24876685E-01
    1700  1.20122007E-01 -1.79475851E-01 -4.11804270E-02  3.42983816E-01  1.06678627E-01
    1750  3.41943848E-02  6.44779739E-02 -4.62535132E-02  3.27145857E-01  8.77985544E-02
    1800 -4.75589053E-02 -7.24525674E-02 -1.41633045E-01  2.82556925E-01  1.59053638E-01
    1850  1.27110173E-01 -1.21497898E-01 -1.48468016E-01  3.38624564E-01  9.96170700E-02
    1900 -6.31229906E-02 -5.80499473E-02 -1.30572808E-01  2.37273844E-01  9.62145455E-02
    1950 -1.59758267E-01 -9.37561745E-02 -2.69708606E-01  3.93003334E-01  1.01116019E-01
    2000 -8.90889684E-02  1.13334455E-01 -1.75109079E-01  3.01791857E-01  6.63059344E-02
    2050 -1.58500485E-01  9.21968014E-02 -1.57124255E-01  3.40322933E-01  8.99313065E-02
    2100 -6.57315653E-02  1.76528439E-01 -2.25495703E-01  4.00406089E-01  1.06246823E-01
    2150 -1.07378146E-01  1.95237921E-01 -1.56957960E-01  3.40514797E-01  1.60655799E-01
    2200 -1.85026617E-01  1.65306864E-01 -7.21179474E-02  3.33328035E-01  1.27567593E-01
    2250 -3.49483191E-01  1.81761493E-01  4.70029317E-02  4.79666038E-01  1.05652608E-01
    2300 -8.42669446E-02  5.79629160E-02  1.89490939E-02  2.97447280E-01  4.28571757E-02
    2350 -5.14389809E-02  2.74320183E-02  2.04189170E-01  3.72015030E-01  1.82582379E-01
    2400 -4.77637080E-02  4.41039827E-02  4.91685922E-02  2.98924506E-01  1.46680371E-01
    2450 -9.42455154E-02  2.40103154E-01 -3.48365323E-02  4.26790586E-01  1.36580808E-01
    2500 -7.57560993E-02  8.53891130E-02 -1.76137077E-01  4.60834389E-01  1.22053888E-01
    2550 -1.99155023E-02 -7.00447763E-03 -1.09561669E-01  4.20353875E-01  9.13769911E-02
    2600 -7.26046453E-02 -8.83558846E-04 -1.49189396E-01  4.38190877E-01  9.81043322E-02
    2650 -1.67791380E-01 -3.24719770E-02 -2.04322189E-01  4.28344222E-01  1.37296003E-01
    2700 -1.12523951E-02  1.34965660E-01 -1.54154615E-01  3.61490985E-01  1.22961360E-01
    2750  8.44297123E-02 -3.93432361E-02 -1.42644359E-01  2.85045815E-01  1.15750134E-01
    2800  1.15607065E-01 -1.40584633E-01  8.01483308E-03  3.23675836E-01  9.17574983E-02
    2850  3.02976923E-02 -8.57862612E-02 -1.29059877E-01  3.35365412E-01  6.93695192E-02
    2900  4.34624089E-02 -1.20111985E-01 -7.41995784E-02  3.07676962E-01  8.88496093E-02
    2950  1.70187297E-01 -1.41534236E-01  5.19933968E-02  3.88932569E-01  7.03653914E-02
    3000  1.97651755E-01 -2.62423468E-01  9.68577413E-02  4.04699227E-01  2.00516191E-01
    3050  1.35104485E-01 -2.90110508E-01  2.44368770E-01  4.79852699E-01  1.10592089E-01
    3100 -5.68204961E-02 -1.25823611E-01  1.74394373E-01  3.54106409E-01  1.45004235E-01
    3150 -7.68710508E-02 -9.00678434E-02  9.81380822E-02  4.12817636E-01  1.08506153E-01
    3200 -1.34884718E-01 -5.84299184E-02 -4.49218796E-02  4.09032389E-01  5.69356615E-02
    3250 -1.07185685E-01 -1.21670070E-01 -7.02524237E-02  3.39067988E-01  1.43691627E-01
    3300 -4.28740667E-03  1.31275736E-04 -1.39345117E-02  2.29030950E-01  1.31570585E-01
    3350  5.87405497E-02 -4.97304418E-02 -1.85108513E-01  2.53384721E-01  4.93286787E-02
    3400  2.36337444E-01  6.38622866E-02 -4.04754268E-02  3.81755806E-01  1.14107042E-01
    3450  1.01549111E-01  1.30230775E-02  7.83112816E-02  3.66686446E-01  1.31113803E-01
    3500  2.90996247E-02  1.77220127E-02  1.97952810E-04  3.18152710E-01  7.35862128E-02
    3550  1.11105838E-01 -7.38690487E-02  5.08140637E-02  3.39624245E-01  9.05244347E-02
    3600  3.62880003E-02  2.69198187E-02  1.49005577E-02  2.39402745E-01  6.85003200E-02
    3650 -8.96134443E-02 -5.14997494E-02  6.73724257E-02  3.11347096E-01  9.96660114E-02
    3700 -2.18246541E-01 -1.14817111E-02  1.77783016E-01  4.30122328E-01  1.39052114E-01
    3750 -2.66932766E-01 -2.10884061E-01  1.90611471E-01  5.09320227E-01  1.21108199E-01
    3800 -2.32832693E-01 -1.49759553E-01  1.17316179E-01  4.44554170E-01  1.70352589E-01
    3850 -2.72623215E-01 -4.86225100E-02 -5.41884912E-03  4.12608103E-01  1.86803582E-01
    3900 -2.25772748E-01 -1.08437867E-01  1.62172194E-01  4.29049047E-01  1.29823004E-01
    3950 -2.59068210E-01 -1.19617705E-02  1.70015051E-01  4.12458031E-01  5.87982891E-02
    4000 -2.01666444E-01 -1.32911582E-01  1.66818088E-01  3.99280142E-01  1.14459769E-01
    4050 -2.00955549E-02 -9.81148294E-02 -9.90807657E-02  3.05922705E-01  1.86620911E-01
    4100 -1.54860347E-01 -7.58792971E-02 -2.72456791E-01  4.17714471E-01  1.74927917E-01
    4150 -2.46587625E-01 -1.59928836E-01 -1.38173705E-01  3.83768640E-01  1.29571796E-01
    4200 -1.68156588E-01 -1.15201280E-01 -6.56173409E-02  3.84108797E-01  1.00928348E-01
    4250 -3.91597393E-01  8.96221184E-02 -9.31529928E-02  5.32508407E-01  1.18388020E-01
    4300 -3.35947123E-01  7.36285782E-02 -8.74781367E-02  3.92041312E-01  1.52292800E-01
    4350 -3.49670745E-01  3.30198106E-02 -1.21596992E-02  4.34771413E-01  1.33462245E-01
    4400 -3.51373203E-01 -6.75686149E-02 -4.25451611E-02  5.26369779E-01  1.31023089E-01
    4450 -2.10097764E-01 -1.78230135E-01  7.67405018E-02  3.74861792E-01  1.13227571E-01
    4500 -2.47593475E-01 -7.14265705E-02  7.45338892E-02  4.06230161E-01  6.93934077E-02
    4550 -9.81359566E-02 -1.26394290E-01 -1.03286493E-01  4.05235770E-01  9.75056167E-02
    4600 -3.05751621E-01 -2.25487266E-01 -1.34842378E-01  4.86084570E-01  1.52094201E-01
    4650 -2.02040724E-01 -3.09429613E-01  1.33881221E-01  4.32584196E-01  1.54473711E-01
    4700 -1.27860261E-01 -2.15582984E-01  9.01881001E-02  3.31993322E-01  6.95169873E-02
    4750 -2.23663396E-01 -1.80164358E-01 -2.45050193E-02  3.79782835E-01  7.83144042E-02
    4800 -9.25698160E-02 -2.04343393E-01  2.75332654E-02  3.46992698E-01  1.43694551E-01
    4850 -2.58468627E-01 -1.48344353E-01  4.32427486E-03  4.75661368E-01  9.94276208E-02
    4900 -3.45301941E-01  8.55952324E-04 -4.20533903E-02  4.67277494E-01  6.41614463E-02
    4950 -2.54398536E-01  6.63447734E-02 -8.75013224E-03  3.78478700E-01  1.09007856E-01
    5000 -3.45385225E-01 -7.36135458E-02  9.34934219E-02  4.97389467E-01  1.27033122E-01
    5050 -3.54267131E-01  1.44913915E-01  6.81397669E-02  5.08937976E-01  8.18573623E-02
    5100 -3.27422628E-01  2.08290936E-01  4.53920503E-02  4.52249711E-01  1.41545347E-01
    5150 -1.09959128E-01  1.48518746E-01 -3.91984688E-02  3.71355027E-01  1.24204165E-01
    5200 -3.12352058E-02  1.10380901E-01 -3.45102542E-02  3.84523524E-01  8.57893443E-02
    5250 -2.34175898E-02  1.81242453E-01 -3.36742802E-02  4.17692834E-01  1.50338706E-01
    5300 -1.42012039E-01  3.22178315E-01 -4.24049589E-02  4.17923016E-01  1.64705439E-01
    5350 -1.44744709E-01  2.43691260E-01  1.83535301E-02  3.52202380E-01  1.53247021E-01
    5400  3.34754574E-02  3.15682976E-01  3.64556419E-02  4.13800212E-01  8.90988695E-02
    5450  1.31827654E-02  2.73316008E-01 -6.52099704E-03  3.54557960E-01  1.02422671E-01
    5500 -1.05691575E-01  1.36988099E-01  9.47965278E-02  3.21290173E-01  1.89861364E-01
    5550 -2.46107987E-02  8.71671017E-02  1.47845723E-02  3.44907529E-01  1.33224191E-01
    5600  8.06624726E-02 -6.84034932E-02  2.01142536E-01  3.95779916E-01  1.55798686E-01
    5650 -8.21074774E-02 -5.25619422E-02  7.82611322E-02  3.80720880E-01  1.16158089E-01
    5700 -1.37657602E-02  9.56265878E-02  1.43239317E-01  3.67026838E-01  1.30596710E-01
    5750  4.32651410E-02  1.11083270E-01 -3.81716329E-02  3.61457513E-01  1.17851649E-01
    5800  3.67680119E-02  1.10313260E-01 -1.57379754E-01  3.64465319E-01  1.30613967E-01
    5850  1.28126599E-01  2.94404152E-01 -1.41029082E-01  4.22168620E-01  1.29037474E-01
    5900  8.32847396E-02  1.43297224E-01 -2.43002894E-01  3.90181087E-01  1.20881437E-01
    5950  1.85284799E-01  1.61060461E-01 -1.57445891E-01  3.77698408E-01  2.31843539E-01
    6000 -2.78459287E-02  2.90529087E-01 -1.65222242E-02  3.49376799E-01  1.19365200E-01
    6050 -6.72279471E-02  2.08417194E-01 -1.94574358E-01  5.32300038E-01  1.64946415E-01
    6100 -1.70016623E-01  1.92571996E-01 -6.77832791E-02  4.62094660E-01  9.24635254E-02
    6150 -1.14867369E-01  2.46094159E-01  4.32504547E-02  5.00638879E-01  1.49373162E-01
    6200  1.83963499E-01  7.85690555E-03 -3.37177122E-03  3.52420971E-01  1.10704531E-01
    6250  1.22263811E-01  3.94525904E-02  3.81032780E-02  3.08467676E-01  1.50559940E-01
    6300  1.76180447E-01  9.57724476E-02 -3.05163167E-03  2.76416700E-01  1.38040458E-01
    6350  8.21317377E-04  1.21544982E-01  3.33069526E-02  2.76771718E-01  1.51328002E-01
    6400  6.17278438E-02 -9.71348374E-02  2.53559030E-02  3.15867760E-01  1.43045823E-01
    6450  1.12974050E-01 -1.11116441E-01  9.51348202E-02  3.82060316E-01  1.31855131E-01
    6500  6.84477281E-02 -1.58344279E-01  1.01624301E-01  3.40667265E-01  1.06845799E-01
    6550  5.99851350E-02  4.66530705E-02 -1.93492491E-02  2.31349378E-01  5.56459120E-02
    6600  1.25184358E-01  1.22404022E-01 -5.21385733E-02  2.53548503E-01  5.36434349E-02
    6650 -5.90106213E-03  2.84313168E-01 -1.79473681E-02  3.76268468E-01  1.48512043E-01
    6700  2.48379371E-01  1.89926730E-01  5.84204865E-02  4.25177061E-01  8.99228895E-02
    6750  1.52491680E-01  1.08611201E-01  9.26037526E-02  3.08807170E-01  9.86418859E-02
    6800  1.26269228E-01 -1.18094635E-01 -1.65722116E-02  3.73390754E-01  1.71282045E-01
    6850  2.83798299E-01 -1.61457968E-01  4.27488716E-03  4.55694551E-01  1.16167664E-01
    6900  1.26611920E-01 -1.47483093E-01  6.19246777E-02  4.25669937E-01  8.70184187E-02
    6950 -5.42203679E-03 -4.39206995E-02 -1.39605156E-01  2.81099602E-01  8.18795725E-02
    7000 -1.96446278E-02 -1.40716931E-01 -4.01023634E-02  3.48354598E-01  1.18477319E-01
    7050  1.65780423E-01 -2.12276614E-01 -9.75349604E-02  4.42064083E-01  9.87652146E-02
    7100  2.28833837E-01  1.24540096E-02 -2.00692691E-01  4.63074524E-01  1.42503924E-01
    7150  2.13524666E-01  1.18453642E-01 -2.60757969E-02  3.80092796E-01  1.84301903E-01
    7200  9.07136272E-02 -1.06074904E-01 -3.69097922E-02  3.77725667E-01  1.77681251E-01
    7250  3.39495311E-01 -5.27570314E-02 -1.40186476E-02  4.76160590E-01  2.13012909E-01
    7300  1.97523704E-01  1.25000843E-01  6.25152883E-02  4.57958708E-01  3.15459932E-02
    7350  1.38574913E-01  8.96024750E-02  2.36345204E-01  3.80000870E-01  6.69211370E-02
    7400  2.26078101E-01 -9.54056336E-02  2.07756559E-01  4.28760181E-01  1.86741823E-01
    7450  1.24107590E-01 -8.44464105E-02  2.38362053E-01  4.25317352E-01  1.46811326E-01
    7500  1.41496372E-01 -6.55914005E-02  3.00368473E-01  4.58686341E-01  1.55791930E-01
    7550  8.32799178E-02  1.16209897E-03  3.17728224E-01  4.73060510E-01  1.02496080E-01
    7600  2.43810515E-01 -9.17692885E-02  3.73903081E-01  5.70568562E-01  1.11779014E-01
    7650  2.87833928E-01  8.11251620E-03  2.20648942E-02  4.37585958E-01  9.62265627E-02
    7700  1.32190716E-01  2.17230017E-02 -1.50079626E-01  3.39795586E-01  1.34832644E-01
    7750  7.84830998E-02 -4.78707555E-02 -3.38590587E-03  3.26547693E-01  8.08276945E-02
    7800  1.20851395E-01  1.73537210E-04  7.41177625E-03  2.92641576E-01  1.33795040E-01
    7850  1.08251422E-01 -5.87907575E-02 -1.65227915E-02  3.39962545E-01  1.38075964E-01
    7900  1.63583470E-01 -1.55415518E-01 -7.66940688E-02  3.74804927E-01  1.51657805E-01
    7950  8.65669498E-02 -1.88961043E-01 -1.00374714E-01  3.24571980E-01  1.57266464E-01
    8000  1.36570768E-01 -1.79298750E-01 -6.32714756E-02  3.99426558E-01  1.35597768E-01
    8050  1.07361027E-01 -1.97329033E-01 -1.78001870E-01  4.33980792E-01  1.09560813E-01
    8100  2.34418697E-01 -2.01166974E-01 -4.36037713E-02  3.54342271E-01  1.31365082E-01
    8150  1.99029967E-01 -2.43385941E-01 -3.83555241E-02  3.97105605E-01  1.13128671E-01
    8200  2.26986350E-01 -7.13322310E-02  3.81534198E-02  2.84098737E-01  1.20744016E-01
    8250  1.75013740E-01 -1.15803129E-01  4.62129629E-02  2.80361037E-01  1.34691333E-01
    8300  9.12676329E-02  3.47096579E-02  4.06377853E-02  3.11367732E-01  9.02315056E-02
    8350  6.13292677E-02 -4.57525333E-02  1.62415513E-02  3.01028732E-01  7.44815571E-02
    8400  2.68437753E-01 -1.70681770E-01 -1.47371932E-01  4.62985586E-01  6.98222571E-02
    8450  3.20597145E-01 -1.45583345E-01 -8.52032419E-03  4.46922614E-01  5.27988018E-02
    8500  4.02518518E-01 -6.18471608E-02  8.11451758E-03  5.03107374E-01  3.25926834E-02
    8550  2.80302621E-01 -8.97007271E-02  5.38447499E-02  4.61709030E-01  1.56794408E-01
    8600  6.52476191E-02 -9.06860838E-02 -1.01269898E-02  4.13542474E-01  1.30469373E-01
    8650 -5.31847593E-03 -9.52763143E-03  1.08799404E-01  3.73507820E-01  4.92493027E-02
    8700  3.93853455E-02 -8.22843565E-02 -5.25257920E-02  4.10114384E-01  6.91598096E-02
    8750 -1.36140361E-02  4.14638994E-02 -1.71149912E-01  4.32564296E-01  1.07956785E-01
    8800 -1.70095951E-01  1.48279969E-01 -1.01588010E-01  3.88436908E-01  1.17956361E-01
    8850 -1.61026278E-01  1.64021088E-01 -1.68040308E-01  3.64076107E-01  1.29909459E-01
    8900  1.43659460E-02  1.85599345E-01 -1.14782177E-01  3.22232397E-01  1.64969384E-01
    8950 -2.66989536E-03  1.35595214E-01 -6.00275111E-02  2.87993815E-01  8.64741033E-02
    9000  2.65826697E-02  1.31727967E-02 -1.80577078E-01  3.01827433E-01  1.09412599E-01
    9050 -1.17409535E-01  5.02876111E-02 -6.93711623E-03  2.63204099E-01  1.38753569E-01
    9100 -1.71919715E-02  1.19463793E-01  2.02181915E-02  3.29931690E-01  1.47384471E-01
    9150 -1.06550649E-01  8.58603558E-02 -1.56934872E-01  4.63542931E-01  1.57782560E-01
    9200 -1.32694450E-01 -2.64349049E-03 -4.49171607E-02  3.94804879E-01  6.07009189E-02
    9250 -2.88357492E-01 -1.59766234E-01 -3.50999164E-02  4.80773275E-01  1.31666699E-01
    9300 -7.94872894E-02 -1.75500212E-01 -1.12273148E-01  4.62533283E-01  1.51023653E-01
    9350 -8.50829361E-03 -1.67972819E-01  3.03668403E-02  5.34386121E-01  7.30245893E-02
    9400  5.84734256E-02 -6.10514262E-02  3.90599507E-02  4.08192272E-01  4.47768196E-02
    9450  1.87155640E-01  1.05301679E-01 -5.28161327E-02  4.06683885E-01  1.01762069E-01
    9500  1.44689003E-01 -4.53411190E-02 -8.46706845E-02  3.72470727E-01  8.44772814E-02
    9550  7.26518391E-02 -5.81664635E-02 -1.51562444E-01  3.62363923E-01  1.32735829E-01
    9600  9.91480292E-02 -1.28066252E-01 -1.43631201E-01  3.67315030E-01  7.34600468E-02
    9650 -1.70887572E-02 -4.67650434E-02 -1.27140312E-01  3.63276477E-01  1.00395642E-01
    9700  4.77704090E-02 -8.85196088E-02 -1.70362218E-01  4.32300386E-01  5.57974438E-02
    9750 -8.73867990E-02  4.45235231E-02 -1.45647048E-02  4.62292047E-01  6.65504988E-02
    9800 -2.78727125E-02  1.44879553E-01  7.98081052E-02  4.29437226E-01  1.90540297E-01
    9850  1.36340200E-01  1.00931162E-01  1.84594408E-01  4.34398015E-01  1.62996302E-01
    9900  3.47962541E-01  1.01607832E-01 -9.82263486E-02  4.19694792E-01  1.39531538E-01
    9950  3.35342788E-01  6.37845630E-02 -9.44699330E-02  4.20982020E-01  1.29432535E-01
   10000  2.12683811E-01  8.62937537E-02 -9.86279935E-02  3.72296626E-01  4.54897318E-02
   10050  2.96023397E-01  8.03438836E-02 -1.99660968E-02  4.14525846E-01  7.71991877E-02
   10100  1.08840900E-02  1.16305022E-02 -8.61891205E-02  3.45442622E-01  6.80253410E-02
   10150  2.10211668E-01  1.03615398E-01 -3.44101872E-02  3.87828693E-01  8.83925529E-02
   10200  3.11095694E-01  6.40229187E-02 -6.20275939E-02  4.50876506E-01  1.02852233E-01
   10250  2.96775365E-01 -7.94578676E-02 -7.94488690E-02  4.60076727E-01  1.44123176E-01
   10300  2.22657401E-01  1.03610181E-01 -9.15915638E-02  3.79747021E-01  1.01411320E-01
   10350  2.07795805E-01  1.00954501E-01 -9.64688483E-02  3.85379278E-01  1.24200828E-01
   10400  1.35862994E-01  1.76088618E-01 -5.49127700E-02  3.69041594E-01  1.76366477E-01
   10450  3.32278960E-01  2.01035301E-01 -1.24101748E-01  4.93690468E-01  1.66202287E-01
   10500  2.86900148E-01  7.92856521E-02 -8.58792052E-02  4.25289913E-01  6.93159591E-02
   10550  2.98340057E-01  2.08328110E-02 -1.43223494E-02  3.82803042E-01  6.00226533E-02
   10600  2.09201076E-01  2.37767170E-02 -4.64732604E-02  3.65635963E-01  6.50215906E-02
   10650  1.37533490E-01  1.00198173E-02 -1.61222231E-01  3.27670743E-01  3.79909785E-02
   10700  1.75078492E-01  1.08112125E-01 -1.56843177E-01  4.48020155E-01  1.20906669E-01
   10750  3.66852226E-02  7.86858300E-02 -4.49986359E-02  3.86859576E-01  1.55920957E-01
   10800 -7.61403323E-02  2.51778553E-02  2.85311191E-02  3.53584122E-01  1.23454486E-01
   10850 -9.16898631E-02  1.84853300E-02 -1.22709240E-02  3.84612252E-01  1.02576756E-01
   10900  9.64995770E-02  4.50293455E-02 -1.29382449E-01  3.19817928E-01  1.06793509E-01
   10950  7.41738024E-02  7.69136261E-02 -2.94696779E-01  4.23586479E-01  1.60751787E-01
   11000 -2.87905337E-02  9.49029716E-02 -2.63094950E-02  3.41067964E-01  1.46206600E-01
   11050 -1.70180777E-02  1.46508991E-01 -2.15667486E-02  3.62956690E-01  1.11900361E-01
   11100  9.16800250E-02  2.19000381E-01 -8.37096369E-02  4.41977805E-01  1.18435774E-01
   11150  6.51034622E-03  5.29392146E-03 -7.83475364E-02  3.61488403E-01  9.42408352E-02
   11200  3.55831684E-02 -6.15155798E-02 -1.53857725E-01  4.75523981E-01  3.26783956E-02
   11250  1.91151483E-01 -2.53306403E-02 -2.01469478E-01  4.53498077E-01  6.38122206E-02
   11300  6.73030661E-02  1.12740192E-02 -8.81799244E-02  4.08670610E-01  8.75203710E-02
   11350 -4.19616000E-02 -1.01741567E-01 -1.48001358E-01  4.69183456E-01  1.58520304E-01
   11400 -9.39404330E-02 -1.68879864E-01 -1.43684592E-01  4.40457976E-01  1.03549390E-01
   11450 -7.08181743E-02  9.05993719E-02 -1.53504703E-01  3.65183142E-01  7.64897254E-02
   11500 -1.43964405E-01 -7.44642321E-03 -7.91193257E-02  3.29490747E-01  1.03646851E-01
   11550  5.56469500E-02 -5.01739282E-03 -9.74276351E-02  2.37028771E-01  7.93902666E-02
   11600  4.79101535E-02  9.65624020E-02 -1.45271712E-01  2.89554256E-01  1.46732308E-01
   11650  1.61290190E-01  5.82541650E-02  1.06265607E-01  3.18111375E-01  1.67619768E-01
   11700  9.08167028E-02  1.20180277E-01 -2.13921285E-01  4.52442545E-01  1.09420709E-01
   11750  8.08237697E-02  5.35965873E-02 -2.11039010E-01  3.78478845E-01  1.07271437E-01
   11800  1.20817682E-01  1.27612875E-01 -5.58318699E-02  4.29502451E-01  1.32622746E-01
   11850  1.81181765E-01  5.13625027E-02 -1.22154345E-01  4.77465131E-01  5.95182744E-02
   11900  3.52516351E-01  1.12570657E-01 -1.33703387E-01  5.60306282E-01  3.09195692E-02
   11950  3.04199947E-01  7.84542331E-02 -1.63982343E-01  4.78966236E-01  3.71961064E-02
   12000  2.50215427E-01 -9.90406162E-02 -1.16015284E-01  4.75982235E-01  1.60665272E-01
   12050  1.81380612E-01  3.34997973E-02 -2.67127173E-02  3.34184683E-01  1.67896412E-01
   12100  1.40043814E-01  1.51350385E-01  4.77287006E-02  2.79196998E-01  1.84435650E-01
   12150  6.08055030E-02  1.06652127E-01  6.52073030E-02  2.95477291E-01  1.03000600E-01
   12200  1.03483783E-01  3.40424817E-03  5.97695559E-02  4.02829395E-01  1.05724328E-01
   12250  1.29433297E-01 -8.97795762E-02  7.39438370E-02  3.07674630E-01  1.06549528E-01
   12300  1.78310099E-01 -1.27514335E-01  1.67882192E-01  3.80716192E-01  1.62582496E-01
   12350  6.59535410E-02  1.89566954E-02  1.73541810E-01  3.36966500E-01  1.04023362E-01
   12400 -5.72872070E-02  1.52000022E-01  7.30317242E-02  3.07488146E-01  4.98033366E-02
   12450  1.01290294E-02  3.21052925E-01 -8.20522502E-02  4.05600601E-01  1.74398891E-01
   12500  6.18609078E-02  1.51504966E-01 -1.34396105E-01  2.85362102E-01  1.52622668E-01
   12550  8.76238106E-02  8.44263414E-02  1.37604935E-01  3.77883124E-01  5.66906645E-02
   12600  2.68943739E-02  1.87922770E-01  1.47088467E-01  3.88462030E-01  1.18691073E-01
   12650 -1.60374752E-01  4.55670231E-02  2.20751674E-01  4.13543559E-01  4.56175420E-02
   12700  7.96802306E-02  2.66432592E-02 -1.03920254E-01  3.60004230E-01  1.37068822E-01
   12750  2.52349538E-02  5.40734556E-02 -4.72136342E-02  4.14034117E-01  2.20177683E-01
   12800  2.66593178E-02  5.27141662E-03  3.86047570E-02  3.86152082E-01  1.05631233E-01
   12850  2.92674072E-02  1.56600005E-02 -1.95231364E-02  4.12018954E-01  1.57776211E-01
   12900 -1.15642647E-01  8.85757220E-02 -5.85344761E-02  4.08234374E-01  1.51951978E-01
   12950 -5.82003227E-02  1.79314354E-01 -9.14342767E-02  3.35567508E-01  1.63334542E-01
   13000 -2.01994863E-02  1.59302746E-01 -3.02046707E-01  4.42144193E-01  5.35548115E-02
   13050 -5.45654570E-02  2.09806122E-01 -2.74056772E-01  4.67762543E-01  1.37446961E-01
   13100 -1.38458756E-01  4.60439977E-01 -2.24884254E-01  5.75320865E-01  1.45866946E-01
   13150 -2.53184907E-01  5.16424752E-01 -9.72459484E-02  6.24314531E-01  9.48055031E-02
   13200 -6.59503798E-02  2.80786603E-01 -1.30531968E-01  4.16186150E-01  2.61266782E-02
   13250 -1.96412387E-01  1.83660061E-01 -6.58911503E-02  3.91200787E-01  1.44735774E-01
   13300 -1.41897638E-01  1.84468348E-01 -7.28652518E-02  3.46803194E-01  1.85880574E-01
   13350 -2.32022143E-02 -4.43588495E-02 -1.02662437E-01  2.72934277E-01  1.28416281E-01
   13400  1.23175818E-01 -5.12014671E-02 -2.28982215E-01  3.85168008E-01  1.06185505E-01
   13450  3.22124803E-01 -2.69009782E-02 -2.64855626E-01  4.97810669E-01  1.08086306E-01
   13500  1.73366830E-03  1.88758421E-01 -9.43449620E-02  3.24786336E-01  1.11454018E-01
   13550  4.04142790E-02  1.20269897E-01 -1.26856385E-01  2.96503263E-01  5.18645645E-02
   13600  1.84051289E-02  7.34923685E-02 -2.86093909E-02  3.96735633E-01  5.61612237E-02
   13650  1.41830867E-01  2.97127472E-02 -1.22198714E-01  4.19792181E-01  7.41717979E-02
   13700 -1.22358520E-03  2.07639478E-02 -9.79794052E-02  3.88741040E-01  9.25015264E-02
   13750 -1.75829030E-02 -1.52818791E-01 -1.13431623E-01  4.46015348E-01  7.34336405E-02
   13800  1.38271226E-02 -1.35997122E-01 -3.02969917E-03  3.64688520E-01  1.42147152E-01
   13850 -1.54699112E-01 -2.92799139E-01 -1.09545392E-01  4.76526365E-01  1.32326891E-01
   13900 -9.99093683E-02 -1.87248990E-01 -1.02944542E-01  3.64389487E-01  1.30803696E-02
   13950 -2.93235577E-01 -1.68433688E-01 -8.54153934E-02  4.42090565E-01  3.99417445E-02
   14000 -2.38655088E-01 -1.65073263E-01 -8.84337431E-02  4.00507763E-01  9.42685560E-02
   14050 -1.37649656E-01 -4.25806483E-01  3.30778696E-02  4.92773540E-01  1.41422116E-01
   14100 -1.20092170E-01 -4.32415546E-01 -1.23185197E-01  5.51963826E-01  1.74686177E-01
   14150 -1.74035418E-02 -1.00773387E-01 -2.72731275E-01  4.32514523E-01  1.00141905E-01
   14200  9.11897940E-02 -1.27017152E-01 -1.92933668E-01  3.85867038E-01  1.24548010E-01
   14250 -2.75870600E-02 -1.38045941E-01 -1.36726402E-01  3.08780104E-01  1.14769616E-01
   14300 -1.11047714E-02 -1.05567102E-01 -1.11731921E-01  2.87615519E-01  6.86114189E-02
   14350 -1.79001308E-01 -1.58759544E-01  6.74404132E-03  3.44721009E-01  9.60655128E-02
   14400 -1.18488789E-01 -1.41206108E-01 -7.05769915E-03  3.28006287E-01  7.34441773E-02
   14450 -1.66166789E-01 -3.88602370E-01 -8.90399111E-02  4.94288597E-01  1.08200690E-01
   14500 -1.88425883E-01 -4.06689492E-01 -2.80431607E-02  4.96331114E-01  1.12196307E-01
   14550 -1.99362819E-01 -3.22195070E-01 -1.27100757E-02  4.77643900E-01  1.26209926E-01
   14600 -1.07703355E-01 -2.37702503E-01  1.34118226E-02  3.90153011E-01  1.05846780E-01
   14650 -1.39279810E-01 -6.55790562E-02  1.98976111E-01  4.06809851E-01  1.96344594E-01
   14700 -5.83866067E-02  8.39919351E-02 -5.62537264E-02  3.28163117E-01  1.19477198E-01
   14750 -8.50077115E-02  1.23701825E-01  7.88743409E-02  3.66562046E-01  1.86858475E-01
   14800  5.37808500E-03 -7.46152108E-02  9.44359896E-03  2.34521976E-01  1.34477957E-01
   14850  8.57227905E-02 -3.73476269E-02 -1.27539530E-01  3.23329139E-01  2.02471916E-01
   14900  4.14412396E-02  5.90200583E-02 -1.02164560E-01  3.48544848E-01  1.69674867E-01
   14950 -2.67177279E-02  3.50257228E-02  2.08586880E-02  4.19933662E-01  8.11869986E-02
   15000 -1.24824983E-01 -3.41623771E-02  1.34988442E-01  4.69230535E-01  1.46625508E-01
   15050 -3.67178903E-01 -1.11057651E-01  9.83774331E-02  5.01347188E-01  1.07793106E-01
   15100 -3.83038372E-01 -1.38038395E-01  4.29681855E-03  4.82463742E-01  8.14864059E-02
   15150 -2.01013827E-01 -3.12527515E-01 -7.46445965E-02  4.90718952E-01  8.38075855E-02
   15200 -2.71168819E-01 -2.03927489E-01 -9.15300791E-02  4.66010937E-01  7.51535934E-02
   15250 -1.18639728E-01 -1.78705695E-01 -1.39226684E-01  3.64591647E-01  9.60679387E-02
   15300 -2.18409224E-02 -2.02547463E-01 -5.83854244E-03  3.63098904E-01  7.70103423E-02
   15350 -8.17076874E-02 -2.87673051E-01  2.71820412E-02  4.19341696E-01  1.28235056E-01
   15400 -1.31752502E-01 -2.95925030E-01 -1.06460070E-01  4.22510361E-01  1.68501478E-01
   15450 -9.85053188E-02 -9.95107586E-02 -1.67020164E-01  3.71532365E-01  1.48607149E-01
   15500 -1.66419051E-01 -1.08739029E-01 -1.95111820E-01  4.66317991E-01  1.71369289E-01
   15550 -3.83588335E-02 -1.61233162E-02 -2.60355168E-01  4.04131483E-01  1.20824070E-01
   15600 -8.53943603E-02  1.84971486E-01 -2.72690548E-01  3.96730079E-01  1.25499328E-01
   15650 -5.06525534E-02  1.30518449E-02 -2.99356822E-01  3.60630534E-01  7.45467753E-02
   15700 -1.05664141E-01 -8.35366802E-02 -1.57249534E-01  3.51313239E-01  9.44951264E-02
   15750 -1.79023283E-01 -2.00835091E-01 -3.05706073E-01  4.60193793E-01  1.10215407E-01
   15800 -1.10647408E-01 -2.33025960E-01 -2.99260230E-01  4.18812559E-01  1.54923646E-01
   15850 -6.07003967E-03 -8.36864140E-02 -1.87438133E-01  3.31306238E-01  8.96329158E-02
   15900  6.92991495E-02 -7.65909263E-02 -1.48675145E-01  3.75420591E-01  1.13442248E-01
   15950 -4.27589436E-02 -8.49288791E-02 -1.26585504E-02  3.38005115E-01  7.96302332E-02
   16000  9.09437881E-02 -1.79994683E-02 -3.46590329E-02  3.00352634E-01  7.66101016E-02
   16050  2.58696656E-01 -4.78678502E-02  5.58803141E-02  3.52923502E-01  1.72117132E-01
   16100  9.15063698E-02  9.21076189E-02  7.33411018E-02  3.08090572E-01  1.23270243E-01
   16150  6.58213287E-02 -5.06805573E-02 -1.19679560E-02  2.65529330E-01  1.25784090E-01
   16200  4.44605391E-02 -1.70002080E-01 -3.48633041E-02  3.36231655E-01  7.28228070E-02
   16250  1.92000985E-02  9.60546675E-02  5.64740109E-02  2.93690292E-01  7.19410718E-02
   16300  1.16843813E-01 -3.16817133E-02  8.88007980E-03  2.08353935E-01  6.19665669E-02
   16350  1.67304153E-01 -1.40873900E-01 -1.96967176E-02  3.30645363E-01  1.14730754E-01
   16400  1.19930166E-01 -1.03633961E-01  1.55301618E-01  3.42731701E-01  1.39598479E-01
   16450 -1.70222173E-02 -1.68765012E-01  3.41595036E-02  3.53614130E-01  8.63197572E-02
   16500  6.89199476E-02 -8.41754335E-02 -5.44219763E-02  3.88202990E-01  5.37512164E-02
   16550  1.55345850E-01 -2.00333483E-01  5.66948071E-02  4.02455912E-01  4.83742252E-02
   16600 -3.26578901E-02 -1.17153927E-01  1.81828835E-01  3.26067201E-01  1.21024634E-01
   16650  8.54504261E-02 -2.03004673E-01  8.20106512E-02  3.47177112E-01  1.52927284E-01
   16700  1.90497420E-01 -2.02281701E-01  9.62744610E-02  3.99155208E-01  9.80162888E-02
   16750  1.33695181E-01 -2.45982046E-01  2.22375630E-01  5.06852900E-01  7.92888503E-02
   16800  2.54332823E-01 -4.12923880E-01  1.88129115E-01  5.75134225E-01  9.68347958E-02
   16850 -1.37732712E-02 -4.11498386E-01  3.56339570E-02  4.60448695E-01  7.32475382E-02
   16900 -1.42712283E-02 -3.75176897E-01  1.12602788E-01  4.36239135E-01  8.16599039E-02
   16950 -9.22386982E-02 -2.58756754E-01 -5.29477143E-02  3.61392940E-01  1.14546191E-01
   17000 -2.90298810E-02 -5.46871288E-03 -1.08328075E-01  2.96383240E-01  8.29260027E-02
   17050  1.31845643E-01 -3.89648201E-02 -7.82504190E-02  3.11571462E-01  1.47156954E-01
   17100  1.76750187E-01 -4.87752768E-02 -5.84978471E-02  3.15313031E-01  7.21957034E-02
   17150  1.78936481E-01 -1.80113782E-01  1.16753005E-01  3.59249162E-01  1.79068582E-01
   17200  2.51534504E-01  1.67381556E-02  2.21830588E-01  4.12952913E-01  6.88036046E-02
   17250 -5.95664736E-02 -6.45978059E-02  3.35029748E-01  4.24756079E-01  1.30893503E-01
   17300  1.05289243E-01  8.48678564E-02  3.19828713E-01  3.84417686E-01  8.84278352E-02
   17350  1.17480475E-01  5.99655387E-02  1.89420356E-01  2.97969124E-01  9.85616679E-02
   17400  1.29360384E-01  3.71269656E-02  1.99765300E-01  3.01326163E-01  1.19539223E-01
   17450  3.37825802E-02 -1.21145137E-03  6.16533062E-02  1.77801350E-01  4.46778232E-02
   17500 -3.26185759E-02 -4.57478234E-02  1.16204896E-01  3.19268279E-01  4.53571462E-02
   17550  1.16204387E-01  1.00574682E-02  1.37520281E-01  3.54049796E-01  9.12511838E-02
   17600  2.05827444E-01 -2.45180083E-02 -1.12576153E-02  3.16176867E-01  1.67322071E-01
   17650  4.38255793E-02  1.97817233E-02  1.08910942E-01  2.68068484E-01  1.11457607E-01
   17700 -9.55767004E-02  2.01791951E-01 -6.68546720E-02  3.84277636E-01  1.00693626E-01
   17750  9.32645832E-03  3.55909164E-02 -1.96446533E-01  3.66591445E-01  4.22755385E-02
   17800 -3.53538746E-02 -1.70650558E-01 -1.65008985E-01  4.49552263E-01  6.38590361E-02
   17850 -1.55277290E-01 -1.82255006E-01 -2.14368842E-01  5.01303687E-01  1.05069612E-01
   17900 -1.00764914E-02 -3.20501961E-02 -3.38364069E-01  4.54406500E-01  1.58727040E-01
   17950 -5.06679972E-02  3.05200443E-02 -2.94149570E-01  4.32695954E-01  1.96713391E-01
   18000 -2.23802518E-01 -1.12223925E-01 -1.48896582E-01  3.85126619E-01  1.14428512E-01
   18050 -2.62848793E-01  1.42803116E-01 -4.66558245E-02  4.08756295E-01  1.44390743E-01
   18100 -1.55950245E-01  1.18163035E-01 -5.55203180E-02  4.67402433E-01  1.02060211E-01
   18150 -1.55596952E-01  1.11635606E-01 -2.24349962E-02  4.35095058E-01  1.10165069E-01
   18200 -2.96212602E-02  1.47355679E-01 -8.36811357E-02  4.71101959E-01  8.38804000E-02
   18250 -1.59537290E-02  1.82249237E-01  1.21424942E-03  3.75693003E-01  1.66144812E-01
   18300  7.35760156E-02  1.47693219E-01  4.20954192E-02  2.88148123E-01  1.48591224E-01
   18350  5.34340668E-02  2.44302076E-01  1.81252906E-01  3.32959924E-01  1.35637912E-01
   18400  2.02501443E-03  1.92916463E-01  1.51159269E-01  2.90835527E-01  1.29544608E-01
   18450 -1.99091524E-01  1.20713538E-01  2.70606796E-01  4.15836800E-01  1.26543785E-01
   18500 -1.59917218E-02  1.89257532E-01  3.60044750E-01  4.54351360E-01  1.29688642E-01
   18550 -2.28950124E-02  1.07222378E-01  2.88180843E-01  4.76831881E-01  8.71595496E-02
   18600 -1.69076311E-01  1.75847338E-01  1.24696824E-01  3.99631909E-01  1.39628182E-01
   18650 -2.77035308E-01  1.33100164E-01 -1.11737936E-01  4.49284270E-01  1.49325497E-01
   18700 -9.41683937E-02  6.82059176E-02 -2.90543855E-02  3.11850545E-01  6.74679081E-02
   18750  5.99241432E-03  4.60637908E-02 -7.46166082E-02  2.61318019E-01  7.95714533E-02
   18800 -1.43736788E-02  1.35786566E-01 -2.36995450E-02  2.67868312E-01  9.04653691E-02
   18850  9.03355925E-02  9.74765751E-02  1.28191755E-01  4.41410004E-01  4.13578415E-02
   18900  1.04357520E-01  5.88792414E-02  2.60884536E-01  4.94537259E-01  1.57041874E-01
   18950 -7.24243737E-02  3.64939046E-02  1.95918211E-01  5.15523537E-01  1.34937998E-01
   19000 -7.46083302E-02  1.29551120E-01  1.58252851E-01  3.95036915E-01  1.97471047E-01
   19050  6.93596487E-02  8.61610478E-02  2.64879696E-01  4.23159236E-01  1.05544636E-01
   19100  8.39325302E-02 -6.43199441E-02  3.58325607E-01  5.07758243E-01  1.19674330E-01
   19150  4.72369893E-02 -1.21474319E-01  3.43568453E-01  4.02273298E-01  1.58664013E-01
   19200 -1.08287010E-01 -1.66718840E-01  2.38657684E-01  4.26290894E-01  6.74496095E-02
   19250  1.98845357E-02  8.54725813E-02  2.24994734E-01  3.19099080E-01  1.33050677E-01
   19300 -8.15003211E-03 -1.72156992E-02  3.89760238E-01  4.25928439E-01  1.42213247E-01
   19350 -1.75163400E-02 -7.33115637E-02  1.84902967E-01  2.99780080E-01  9.46721759E-02
   19400 -1.43864333E-01 -3.21078402E-02  6.35196706E-02  3.50743576E-01  1.51070707E-01
   19450 -1.16654159E-01  1.19232749E-02  1.30998364E-01  3.32417516E-01  1.62550262E-01
   19500  1.68008676E-01  6.08565430E-02  1.58968847E-01  3.60587084E-01  7.17810104E-02
   19550  8.60968564E-02 -1.24674690E-02  6.45259996E-02  3.24786464E-01  1.27395693E-01
   19600 -5.33468617E-02  2.76383724E-02  1.63728297E-01  3.12562870E-01  1.30552151E-01
   19650 -9.15727703E-02  1.56420556E-02  7.47656865E-02  3.35735299E-01  1.59061601E-01
   19700 -1.13514498E-01 -1.16920549E-01  6.90904732E-02  3.63318882E-01  1.76897510E-01
   19750 -7.14779014E-02 -1.24956487E-01 -2.38466378E-02  3.34536281E-01  1.64768912E-01
   19800  8.13348412E-02 -1.68565953E-01 -9.49192064E-02  4.16293876E-01  1.30665807E-01
   19850  3.57335674E-02 -5.56062894E-02  5.81283461E-02  2.95973906E-01  1.31716593E-01
   19900 -1.13052956E-02  1.00131705E-01 -1.31729504E-02  3.09740398E-01  1.51273836E-01
   19950 -7.60854066E-02  2.13699580E-01 -5.06992173E-02  4.12847620E-01  1.66715499E-01
   20000 -2.69971095E-02  4.35606082E-01 -6.45798019E-02  5.40619333E-01  1.87208833E-01
   20050 -2.42497849E-02  2.98230622E-01 -9.33678936E-02  4.47476580E-01  1.87346514E-01
   20100 -1.31131822E-01  2.96413443E-01 -1.42818511E-01  4.48756665E-01  2.19800727E-01
   20150  7.47700418E-02  3.95050863E-01 -2.72311150E-01  5.24748949E-01  8.61119839E-02
   20200  2.76460384E-02  3.87204908E-01 -7.18576965E-02  4.45009791E-01  8.42129179E-02
   20250 -6.41017297E-02  3.48062660E-01 -1.23065112E-01  4.45426155E-01  7.53105927E-02
   20300 -5.08406342E-02  3.52390904E-01 -1.88157571E-01  4.83892499E-01  8.19502628E-02
   20350 -6.29451246E-02  2.64993652E-01  4.52782232E-02  3.72343356E-01  6.32610358E-02
   20400  3.18142875E-02  2.94628083E-01  1.29437540E-02  3.77434941E-01  1.15034767E-01
   20450  9.49494961E-02  2.53303162E-01  1.08095690E-01  3.64648459E-01  9.19020311E-02
   20500  3.88012926E-02  7.99826538E-02  6.38316878E-02  2.97508601E-01  6.89547125E-02
   20550 -1.10655535E-02  5.57964780E-02 -1.88124821E-01  3.38209179E-01  1.54256136E-01
   20600  1.29150930E-01  1.28537044E-01 -1.40431575E-01  3.87452713E-01  1.05894578E-01
   20650  2.28844260E-01  1.08947714E-01 -1.28495634E-01  4.97431296E-01  6.23055276E-02
   20700  1.92399989E-01 -8.62170190E-03 -1.85478835E-01  4.50629401E-01  4.37892860E-02
   20750  1.82985317E-01 -4.16016364E-02 -5.00572254E-02  3.78167726E-01  2.81233251E-02
   20800  1.59827537E-01 -4.18316731E-02  1.86602200E-01  3.90500027E-01  1.60895190E-01
   20850  1.40420647E-01 -1.44482609E-01  3.10074814E-01  4.45667785E-01  6.43779839E-02
   20900  1.96120412E-01 -2.23572515E-01  3.03749965E-01  4.92007690E-01  4.73933842E-02
   20950 -6.20304869E-03 -7.50235860E-02  1.89088466E-01  4.07578709E-01  1.40839680E-01
   21000  3.85446515E-02 -7.96291341E-02  1.48452124E-01  3.89055225E-01  1.26486900E-01
   21050  4.26321157E-02  3.73887833E-02  1.57205954E-01  3.97317546E-01  8.10062007E-02
   21100  5.60862734E-02 -7.12837151E-04  3.94862782E-02  3.68986293E-01  5.74041313E-02
   21150 -3.22624576E-02 -1.12823673E-01  7.16112013E-02  3.88379919E-01  9.14102625E-02
   21200 -2.49848215E-02 -4.85126584E-02 -1.66074411E-02  2.91025638E-01  7.50480570E-02
   21250  1.12532847E-01 -3.33732850E-02 -7.47512784E-02  3.00583780E-01  8.16826383E-02
   21300  2.00364929E-01 -2.42742601E-01 -3.68749242E-02  4.15297321E-01  2.80726903E-02
   21350  1.86714932E-01 -2.30040394E-01 -3.90727067E-02  3.49266757E-01  3.82379354E-02
   21400  2.24549991E-01 -1.67013763E-01 -9.32215670E-02  3.86112260E-01  1.27417842E-01
   21450  3.15943657E-01 -2.72589117E-01 -2.02183138E-01  5.04876058E-01  9.96345473E-02
   21500  1.48868230E-01 -8.85449348E-02 -2.54790992E-01  3.84038717E-01  1.41964843E-01
   21550  9.37677987E-02 -1.30247878E-01 -1.73831158E-01  3.42395843E-01  8.61616500E-02
   21600  1.76710626E-01 -1.51397485E-01 -1.74582142E-01  3.94476816E-01  1.60483870E-01
   21650  8.30021681E-02 -8.07821084E-02 -1.05228042E-01  2.29099402E-01  7.05224621E-02
   21700  4.94318929E-02 -1.04812735E-01  1.19966777E-01  2.35404744E-01  6.03827501E-02
   21750  1.10496520E-01 -6.24968482E-02  4.53109501E-02  3.09507744E-01  3.53043023E-02
   21800  9.65639305E-02 -6.54796935E-02 -2.30133231E-01  4.18344910E-01  1.03878250E-01
   21850  2.15497200E-01 -1.05348372E-01 -1.90487776E-01  4.65011221E-01  9.91311414E-02
   21900  1.65348687E-01 -1.83193578E-01  9.19611613E-03  4.52955236E-01  1.00814176E-01
   21950  1.25811796E-01 -2.26831875E-01 -6.37633573E-03  4.74107739E-01  5.26984605E-02
   22000  1.61631912E-01 -8.09656213E-02  7.74617168E-02  4.09494589E-01  9.57768747E-02
   22050  3.88498289E-02 -2.43664673E-01  4.08385441E-02  4.10949565E-01  1.51234108E-01
   22100  2.40622585E-01 -1.08766399E-01  8.96546730E-02  3.95970456E-01  7.49819799E-02
   22150  1.10490469E-01  6.91412546E-04  1.10476571E-01  4.27944081E-01  7.25029346E-02
   22200  2.73509694E-03 -6.43335710E-02  2.05458527E-01  2.71553305E-01  1.32440796E-01
   22250 -3.10690247E-02 -5.15858975E-02  2.14339811E-01  3.56269780E-01  1.47052023E-01
   22300 -1.48932340E-01 -6.26612498E-02  2.42566352E-01  3.40090335E-01  1.50118071E-01
   22350 -1.36452485E-01  1.04900327E-01  1.46351456E-01  4.10792359E-01  1.77031635E-01
   22400 -1.33291119E-01 -5.18699249E-02  1.22002490E-01  3.48358818E-01  1.69828645E-01
   22450 -1.19259841E-01 -1.43076633E-01  1.15114747E-01  3.89037422E-01  1.49528718E-01
   22500 -2.15334609E-01 -1.30572975E-01  2.04773345E-01  4.68695790E-01  1.17825392E-01
   22550 -2.21568208E-01 -1.54279972E-01  1.56372266E-01  4.34270933E-01  1.39603327E-01
   22600 -1.11916646E-01 -2.11185259E-01  2.06033793E-01  4.66740146E-01  1.03216026E-01
   22650 -1.38945638E-01 -1.72619292E-01  9.50482450E-02  4.79290046E-01  1.08871001E-01
   22700 -1.96832781E-01 -1.11131679E-01 -9.94127082E-02  4.50155574E-01  1.32863963E-01
   22750 -3.06551507E-01 -4.70390192E-02 -3.98772325E-02  4.73250804E-01  1.04079922E-01
   22800 -2.20860357E-01 -6.33266668E-02 -1.17272609E-01  3.42614723E-01  1.41704909E-01
   22850 -1.37494513E-01 -1.94651764E-01 -3.41705505E-02  4.01883591E-01  1.11032702E-01
   22900  2.19900900E-02 -1.82296010E-01 -1.62222152E-04  3.55483731E-01  5.78039103E-02
   22950 -7.10741081E-02 -7.96582725E-02  6.97748892E-02  3.36550358E-01  4.84842873E-02
   23000 -2.51186688E-01 -9.24343856E-02  1.61642017E-01  4.08264092E-01  1.23498870E-01
   23050 -2.29638278E-01  4.33480107E-02  6.20898346E-02  3.89100700E-01  8.16273622E-02
   23100 -3.53750115E-02  4.40700510E-02  1.68851573E-01  3.93243400E-01  1.12709696E-01
   23150 -9.11225317E-02 -1.74306496E-01  8.50702818E-02  3.62033634E-01  7.50875028E-02
   23200  4.24428458E-02 -1.72948905E-01 -1.09633565E-01  3.45184543E-01  1.88777485E-01
   23250 -6.13459332E-02 -1.16676312E-01 -6.74347416E-02  3.38852625E-01  1.78523502E-01
   23300 -6.23231210E-02  3.09458794E-02 -4.62734243E-02  3.35417339E-01  1.37981498E-01
   23350  2.77116550E-02 -6.88578506E-03 -9.68152178E-02  3.33634459E-01  9.69869480E-02
   23400  1.65492824E-01 -2.80233772E-02 -1.30214954E-01  3.82707339E-01  1.92596644E-01
   23450 -4.34571492E-02 -1.17309431E-02 -1.01648312E-01  3.12739771E-01  1.00469406E-01
   23500 -1.27252715E-01 -7.77147836E-02 -9.07250426E-03  2.71095788E-01  9.43268197E-02
   23550 -6.21428280E-02 -3.24187565E-02 -7.02597612E-02  2.27068992E-01  3.03745499E-02
   23600 -1.33209589E-01  1.54020405E-02 -1.03781588E-01  3.09247269E-01  9.17370519E-02
   23650 -4.60166703E-02 -1.03858927E-02 -5.60945536E-02  2.56954682E-01  3.06183518E-02
   23700 -3.24686642E-02 -8.67504756E-02 -1.80096721E-01  3.48800349E-01  8.72129369E-02
   23750  5.90106508E-02  2.90394059E-02 -2.45152079E-01  3.26119120E-01  9.97211245E-02
   23800  1.18927039E-01 -3.97054902E-03 -2.06695831E-01  4.15505162E-01  1.14610689E-01
   23850  1.74410094E-01 -6.88919287E-02 -2.23236189E-01  5.43696597E-01  6.63180164E-02
   23900  2.04936813E-01 -1.09879321E-02 -1.86909919E-01  4.06458147E-01  7.30750757E-02
   23950  3.28545501E-01 -4.87092990E-02 -1.30063826E-01  4.70255806E-01  1.89104576E-01
   24000  2.34530044E-01  1.22651339E-01 -8.18651539E-02  4.75161315E-01  1.39603241E-01
   24050  1.75261116E-01  1.03770381E-01  1.13176339E-01  3.85790989E-01  9.35534597E-02
   24100  2.12531811E-01  1.91643074E-01  1.15980366E-01  4.70025328E-01  1.84633745E-01
   24150  1.34293940E-01  2.45109831E-01 -4.12818783E-03  4.47653849E-01  1.50838835E-01
   24200  1.91457603E-01  2.35118676E-01 -3.49808750E-02  4.03284567E-01  1.67376274E-01
   24250  1.62846978E-01  2.19414577E-01 -2.17432698E-01  3.89996970E-01  1.03106156E-01
   24300  3.66280622E-01  2.28062476E-01 -1.40818481E-01  4.63903880E-01  1.28135195E-01
   24350  3.68137684E-01  3.35160570E-02 -1.61772814E-01  4.34836003E-01  1.30875689E-01
   24400  2.97900693E-01 -4.36566417E-02 -1.40900818E-01  4.34359800E-01  9.96037280E-02
   24450  8.74799770E-02 -7.30746168E-02 -1.88209705E-01  3.67457587E-01  7.03992515E-02
   24500 -3.80192734E-02 -4.97765554E-02 -2.52974238E-01  4.61077588E-01  1.20843981E-01
   24550  4.25748203E-02  9.36989762E-03 -4.00421467E-02  3.68936572E-01  1.29845171E-01
   24600  1.96008724E-01  1.30887490E-01 -4.23784714E-02  4.01961199E-01  1.70414849E-01
   24650  9.35781362E-02  1.82663508E-01 -2.47547026E-02  3.43469948E-01  1.20531034E-01
   24700  1.09856024E-01  1.75852444E-01 -5.83523962E-02  3.26398033E-01  1.29122233E-01
   24750  8.22110542E-03  1.75137076E-01  1.84071255E-01  3.69910768E-01  5.17376148E-02
   24800 -5.38376201E-02 -3.61075554E-02  3.81094906E-02  2.48225951E-01  1.07472702E-01
   24850 -2.22655595E-01 -1.77362500E-01 -3.59064274E-02  3.64766921E-01  1.43121100E-01
   24900 -2.78746236E-01 -2.87657369E-01 -7.64240799E-02  4.62223068E-01  1.18284783E-01
   24950 -2.50647909E-01 -4.96167665E-02 -3.45363777E-02  3.58491457E-01  1.48494692E-01
   25000 -3.44034491E-01  1.17763052E-01  2.88562610E-04  4.58938377E-01  1.33856838E-01
   25050 -3.01611558E-01  9.02573246E-02 -1.09083499E-01  3.94798114E-01  1.15809452E-01
   25100 -2.19526546E-01 -7.28595753E-02 -1.53217351E-01  3.79886996E-01  1.57763041E-01
   25150  6.93376597E-02  7.12091307E-02 -1.52461214E-01  3.33072952E-01  1.58812993E-01
   25200  5.39371739E-02  1.50906395E-01 -2.08104045E-01  3.24786819E-01  1.24495521E-01
   25250 -6.49299395E-02  6.34425625E-02 -1.57337695E-01  2.66073409E-01  3.94269426E-02
   25300 -1.38332851E-01  6.30707304E-02 -1.37612366E-01  3.07630749E-01  1.16305628E-01
   25350 -1.65668425E-01  2.71633220E-01 -3.07966352E-01  4.83094424E-01  1.04056860E-01
   25400 -7.80365079E-02  1.68311574E-01 -2.69991398E-01  4.02242116E-01  1.63259997E-01
   25450  5.73254300E-02  4.46265227E-02 -1.90793918E-01  3.73108895E-01  8.98524713E-02
   25500  2.47314865E-02  7.58270929E-02 -1.35298174E-01  4.24165807E-01  1.21347158E-01
   25550  1.49005803E-01  4.95335178E-02 -3.09278557E-01  4.27686192E-01  2.22920213E-01
   25600  1.66118149E-01 -4.02907088E-03 -9.03792346E-02  2.41410431E-01  1.19076196E-01
   25650  1.26826126E-01 -1.70053789E-01 -2.09954907E-01  4.21135598E-01  1.48060823E-01
   25700  2.06790854E-01 -1.06159727E-01 -2.11805207E-01  4.27696238E-01  1.86272665E-01
   25750  1.91279536E-01  1.68016211E-02  2.36487163E-02  3.53067968E-01  9.86797107E-02
   25800  2.18098849E-01 -1.75301835E-03 -1.36429130E-01  3.36893957E-01  1.45081412E-01
   25850  1.40105863E-01  2.45838887E-01 -1.20725388E-01  3.96226156E-01  1.30550599E-01
   25900  2.58072431E-02  2.18706522E-01 -2.21589867E-01  3.98136840E-01  9.09387238E-02
   25950  2.30693471E-01  1.41170611E-01 -1.49483037E-01  3.76314685E-01  1.46359213E-01
   26000  1.24622551E-01  1.98901801E-01 -3.03097089E-01  4.59450047E-01  1.17579715E-01
   26050 -6.34317569E-02  1.15089265E-01 -2.55747151E-01  3.30041487E-01  1.89196701E-01
   26100 -3.16176666E-02  4.53378041E-02  1.29780161E-02  2.35754632E-01  8.38959356E-02
   26150  7.37481332E-02  3.71784970E-02  1.39773335E-01  3.86014989E-01  8.42964002E-02
   26200  1.19939772E-02  8.94952476E-02 -5.67157344E-02  3.00097801E-01  1.14394932E-01
   26250  2.06277837E-02  3.28238259E-02 -5.72960768E-02  3.22276162E-01  7.63368533E-02
   26300 -6.41943513E-02  2.47351025E-02 -5.68373166E-02  2.34286648E-01  1.04182724E-01
   26350 -6.33979255E-02  6.05703188E-02 -1.30435803E-01  2.36201659E-01  1.04684434E-01
   26400 -2.16870002E-01 -1.97290712E-02 -3.46374600E-02  2.87945523E-01  1.11644495E-01
   26450 -2.86215343E-01 -1.35832659E-01 -6.22305494E-02  4.32731359E-01  1.76675102E-01
   26500 -2.48689026E-01 -2.39988089E-02 -5.97208005E-02  3.19037730E-01  5.78116310E-02
   26550 -1.41733581E-01  1.07106775E-01 -1.97947426E-02  3.22779829E-01  1.18680853E-01
   26600  6.33733547E-02  1.33003976E-02  8.87503420E-02  3.18736209E-01  1.03019075E-01
   26650 -1.41899144E-01 -7.14209918E-02  8.98162304E-02  3.20342568E-01  1.37949496E-01
   26700 -1.07174447E-01 -1.15568502E-01  5.33519872E-02  3.77009567E-01  1.42438049E-01
   26750 -2.14165902E-02 -1.08480863E-01  4.44388006E-02  3.63981003E-01  1.25815507E-01
   26800 -2.51568528E-01 -1.43352369E-01 -5.12374089E-03  4.07748902E-01  1.55387843E-01
   26850 -1.36350105E-01 -4.39008482E-02 -4.36763433E-02  2.97422702E-01  1.01135067E-01
   26900 -7.80376919E-02  2.40253702E-02 -4.41932231E-02  3.19476684E-01  8.95404810E-02
   26950  6.74472481E-02 -1.57499313E-01 -9.33520592E-02  4.24725801E-01  9.17963668E-02
   27000  3.26237166E-02 -6.12285499E-02 -8.22070607E-02  3.28998892E-01  1.28967023E-01
   27050  8.66727802E-02 -2.04094264E-01 -1.08026384E-01  3.56799275E-01  1.07645012E-01
   27100  2.74861887E-02 -2.03438824E-01 -4.79898324E-02  3.59718744E-01  1.55531311E-01
   27150  1.74819323E-01 -1.29053193E-01 -1.72663316E-02  3.75412104E-01  1.57079973E-01
   27200  6.69202585E-02 -1.71238511E-01 -1.02856182E-01  3.87241618E-01  5.50644007E-02
   27250  1.02978641E-01 -1.37819381E-01 -1.25399033E-02  4.27284907E-01  1.61457114E-01
   27300  8.57090674E-02 -4.57704397E-02 -2.52520025E-01  4.37172494E-01  1.18192301E-01
   27350  5.72807489E-02 -1.16218840E-01 -2.58474205E-01  4.30970527E-01  1.64205319E-01
   27400 -2.05632117E-02 -2.89929252E-02 -2.55933913E-01  3.90343002E-01  1.80535331E-01
   27450  4.78219036E-02 -2.18014630E-01 -1.83639519E-01  3.53798288E-01  1.61745523E-01
   27500  3.01815115E-02 -2.09573963E-01 -2.16036633E-01  3.83923400E-01  1.55660504E-01
   27550  7.21054007E-03 -1.35446590E-01 -2.15788893E-01  4.20352373E-01  1.49347465E-01
   27600  8.68790370E-02 -3.44347220E-01 -2.52881811E-01  5.53314150E-01  1.18573113E-01
   27650 -1.79295097E-01 -3.77553395E-01 -1.44813570E-01  5.77690294E-01  7.65144325E-02
   27700 -1.71043181E-02 -1.32751838E-01 -1.36390349E-01  3.42270804E-01  1.20933105E-01
   27750  6.59505263E-02 -1.56408844E-01 -2.52977380E-01  4.01365096E-01  3.05934136E-02
   27800  2.28496102E-01 -1.34434353E-01 -2.97922724E-01  4.66388509E-01  7.76350810E-02
   27850  2.15408030E-01 -1.39452294E-01 -3.26231460E-01  4.69342938E-01  8.66866850E-02
   27900  3.34711516E-01 -7.59613004E-02 -1.56057594E-01  3.97378571E-01  5.60766523E-02
   27950  2.47833566E-01 -1.64336754E-01 -2.82177004E-01  4.65572567E-01  7.90766854E-02
   28000  3.48365312E-02 -3.06552842E-02 -2.68907661E-01  3.27053097E-01  8.12520254E-02
   28050 -3.85913802E-02  8.46316032E-02 -1.09073029E-02  2.67105933E-01  1.08386406E-01
   28100 -2.00054833E-01  2.06426663E-01  3.26626746E-02  3.80675562E-01  2.13762275E-01
   28150 -2.83542998E-01  1.56798303E-01 -6.90618756E-03  4.01785762E-01  1.74133570E-01
   28200 -1.21716353E-02  7.08165214E-02 -2.09549748E-02  3.04992791E-01  1.34479642E-01
   28250  9.43456139E-02  4.63700745E-02 -5.77269666E-02  3.48368332E-01  1.20561319E-01
   28300 -6.56827412E-03  1.14814816E-01 -1.73398397E-01  3.96913951E-01  2.05747254E-01
   28350  1.14963031E-01  1.65453604E-01 -1.20438443E-01  4.24525651E-01  1.33108744E-01
   28400  3.03345241E-01  2.42188312E-01 -4.41673919E-02  5.06934516E-01  1.01639125E-01
   28450  2.64175365E-01  1.61088749E-01 -6.17711387E-02  4.57266898E-01  1.07436147E-01
   28500  1.22029862E-01  2.39920200E-01  1.19151451E-01  3.78694710E-01  1.74123099E-01
   28550  1.16274492E-01  2.89360684E-01 -8.63486563E-02  4.03680378E-01  1.10086082E-01
   28600  9.37213443E-02  2.91142159E-01  1.20328127E-01  4.17096823E-01  1.15718741E-01
   28650  5.61883027E-03  1.66318727E-01  1.17854704E-01  3.92025566E-01  1.30554478E-01
   28700  1.57991810E-02  1.94879284E-01  9.13148514E-02  3.33225066E-01  1.66545406E-01
   28750 -2.71138007E-02  9.87296681E-02  8.85125040E-02  3.11323528E-01  1.42197899E-01
   28800 -7.87762649E-02  1.59095108E-01  1.84552744E-01  3.43123160E-01  2.52230948E-01
   28850 -7.07945050E-02  2.08585683E-01  3.31545574E-02  3.62018259E-01  1.93508937E-01
   28900 -9.51229629E-02  2.96002653E-01  3.91165143E-02  4.60813368E-01  6.80566272E-02
   28950 -3.02659186E-02  2.60470512E-01  1.81051911E-02  4.26443714E-01  7.87757878E-02
   29000 -3.15623048E-02  2.76795054E-01  3.64185383E-02  4.59631695E-01  1.62152269E-01
   29050 -1.99624220E-01  1.35322924E-01 -3.50419353E-02  4.59988963E-01  1.86797801E-01
   29100 -5.40031182E-02  1.03331049E-01 -8.50510006E-02  4.20533782E-01  1.21743239E-01
   29150 -5.14668493E-02 -6.93742391E-02 -2.34202745E-02  3.54421768E-01  1.66151515E-01
   29200  2.31954940E-02  1.49410734E-01 -1.18699558E-01  3.70396313E-01  1.61820310E-01
   29250 -3.65903314E-02  9.24695355E-02 -1.39290966E-01  3.93810914E-01  1.09151256E-01
   29300 -3.28965593E-02 -6.26490415E-02 -2.60599206E-01  4.38660909E-01  2.17926158E-01
   29350 -5.22033647E-02  4.87623298E-02 -1.58994094E-01  4.68041872E-01  9.71018581E-02
   29400 -1.36758626E-02 -1.24131346E-01 -7.34864829E-02  4.11472384E-01  1.62428301E-01
   29450 -1.47488946E-01 -9.59582450E-02 -4.22289929E-02  3.14053036E-01  7.54520920E-02
   29500 -5.51719675E-02 -7.90231345E-03  1.10193263E-01  2.21704358E-01  1.42886934E-01
   29550 -1.25975905E-02  2.66904652E-01  5.62811022E-02  3.42480973E-01  1.36914845E-01
   29600 -4.93581055E-02  8.24344651E-02 -2.98744024E-03  3.01116488E-01  1.61824195E-01
   29650 -1.00192106E-02 -1.01577022E-01  1.71394130E-01  3.62500973E-01  7.65744840E-02
   29700  5.89836244E-02 -1.78358917E-01  9.50100523E-02  4.29247803E-01  5.28712482E-02
   29750  1.01574834E-02 -3.24205336E-01  1.34350548E-01  5.37927037E-01  5.22792651E-02
   29800  1.50886527E-03 -1.80351585E-01  9.97791781E-02  4.00143890E-01  1.23582356E-01
   29850  2.00921604E-01 -2.20756987E-01  1.74117215E-01  4.19824359E-01  9.92960962E-02
   29900  6.26501272E-02 -6.84482468E-02  4.21974589E-02  2.91931394E-01  8.93291132E-02
   29950 -6.64571908E-02 -2.83646129E-01  6.96786504E-02  3.79956565E-01  1.11600587E-01
   30000 -1.15165546E-02 -2.76679153E-01  2.64656400E-01  4.35597160E-01  2.14005342E-01
   30050  3.62491404E-02 -2.26491834E-01  1.17263522E-01  3.51849479E-01  1.23045671E-01
   30100  4.55764518E-02 -4.17373713E-02  1.91536941E-01  3.37667066E-01  6.16058248E-02
   30150  1.89870373E-01 -8.09697819E-02  7.85921460E-02  4.07151091E-01  1.09848910E-01
   30200  3.27063951E-01 -1.47389181E-01  7.31349962E-03  4.78653272E-01  1.16561992E-01
   30250  1.81845928E-01  1.30105400E-01  1.64090511E-02  4.25237011E-01  1.69739220E-01
   30300  2.64836964E-01  4.67106782E-02  1.45514204E-01  4.16642473E-01  1.35574675E-01
   30350  2.69427606E-02  1.24945271E-01  5.53073590E-02  2.91846886E-01  1.35323185E-01
   30400 -8.63780332E-02  1.36174131E-02  3.45697287E-02  2.23364219E-01  4.95605999E-02
   30450 -2.54289446E-01  1.48318620E-01  1.18232146E-01  3.59825817E-01  1.18800765E-01
   30500 -2.05544988E-01  1.80580844E-01 -2.17563086E-02  3.31685514E-01  1.24040565E-01
   30550  3.01080401E-02  2.05299048E-01 -8.45961521E-02  2.80934736E-01  1.03077601E-01
   30600 -1.40515694E-01  6.63482963E-02 -5.22760530E-02  2.63195649E-01  1.18996806E-01
   30650 -3.18718574E-02 -1.33330955E-02  5.41937681E-02  2.17163361E-01  2.05298397E-02
   30700 -2.06915133E-01  1.06110349E-01  2.59198950E-01  3.74092422E-01  9.36204023E-02
   30750 -2.42506723E-01  3.68767740E-02  2.12702931E-01  3.67670368E-01  4.57328853E-02
   30800 -2.18382460E-01 -8.46670860E-02  8.18732982E-02  2.98372920E-01  1.83863979E-01
   30850 -2.01746672E-01  6.79675741E-02  6.17980351E-02  2.70232248E-01  6.45051618E-02
   30900 -2.42544193E-01  4.19232496E-02  5.59201811E-02  3.55780343E-01  6.67486371E-02
   30950 -1.21171506E-01 -3.71803892E-02  3.44624561E-02  2.72349956E-01  1.06199493E-01
   31000  1.40578524E-02 -8.28528443E-02  2.49141973E-02  2.61552354E-01  1.58311166E-01
   31050 -1.74496089E-01 -2.57504167E-01 -1.18562716E-01  4.08538467E-01  2.44175283E-02
   31100 -8.07583315E-02 -3.45164379E-02 -1.73638420E-01  3.03458083E-01  1.45830215E-01
   31150 -1.09631445E-01 -5.89551500E-02  7.11118288E-02  3.58534450E-01  1.38093256E-01
   31200  1.08305368E-01  1.18260244E-01 -4.70224399E-02  3.71311554E-01  1.15951151E-01
   31250  6.65774601E-02  4.94398685E-02  3.74315991E-02  4.19630169E-01  1.02696720E-01
   31300  7.08500728E-02 -9.59238642E-02  9.97816106E-02  3.94561996E-01  1.29896733E-01
   31350 -1.07694377E-01 -1.66162069E-01  2.25438544E-01  4.59389984E-01  1.07404650E-01
   31400 -7.57653777E-02 -1.25086192E-01  1.45713909E-01  3.42864829E-01  9.61381837E-02
   31450 -9.12721432E-03 -4.74811147E-02  2.09966175E-01  3.98835240E-01  1.34520576E-01
   31500 -1.59924289E-01  2.70461373E-02  2.21782033E-01  4.24297923E-01  7.79954714E-02
   31550 -1.88723760E-01 -3.21034664E-03  1.43907441E-01  3.53440002E-01  1.06645611E-01
   31600 -2.92967423E-01 -5.33372001E-02  1.88880348E-01  4.62308307E-01  1.47944346E-01
   31650 -2.53438183E-01 -1.98603427E-02  1.49153332E-01  3.68238719E-01  1.00423251E-01
   31700 -1.65954971E-01 -1.48599012E-01  5.37424528E-02  3.14226513E-01  6.45596516E-02
   31750 -1.19470476E-01  4.39658405E-02  1.55511031E-01  3.41276321E-01  1.84288959E-01
   31800  2.40622658E-02 -6.45570162E-02  2.38096285E-01  3.94692845E-01  1.74855799E-01
   31850  8.03541208E-02 -3.87961889E-02  2.73423568E-01  3.47792415E-01  1.65267934E-01
   31900  9.67702851E-02 -7.72094590E-02  2.21352556E-01  3.65451401E-01  1.48945615E-01
   31950 -3.03186010E-02  6.97966211E-04  2.34637375E-01  4.35089701E-01  1.77748598E-01
   32000  7.42688827E-02  1.21535075E-02  1.61165647E-01  3.71266886E-01  2.38225122E-01
   32050  1.46217747E-01  3.67353011E-02  2.87933711E-01  3.86375736E-01  2.05506822E-01
   32100  9.86172189E-02  8.80527336E-02  2.42413341E-01  3.87656272E-01  1.20118833E-01
   32150  1.10006072E-01 -4.29207883E-02  1.03823520E-01  3.16670439E-01  7.11923080E-02
   32200  6.73274636E-02 -1.87384170E-01  1.39802957E-01  2.92430763E-01  1.33604575E-01
   32250 -2.65133178E-02 -2.86996817E-01  1.28263057E-01  4.35577302E-01  1.56596977E-01
   32300 -1.52926357E-01 -2.15864196E-01  7.17833162E-02  3.89400026E-01  1.03112002E-01
   32350 -1.82225316E-01 -1.78876354E-01  7.68978789E-02  3.74815640E-01  9.26812867E-02
   32400 -1.07485126E-01 -2.74497947E-01  2.52809237E-01  4.67669549E-01  1.07322225E-01
   32450 -5.70910517E-02 -3.16243264E-01  2.76076831E-01  5.06651735E-01  1.16166272E-01
   32500  7.32755943E-02 -1.41098415E-01  2.80257968E-01  4.20700229E-01  1.52318452E-01
   32550  5.31988542E-02 -1.90680850E-01  2.99542663E-01  4.45026377E-01  1.15196234E-01
   32600  1.44566033E-01 -6.55574899E-02  3.20181026E-01  4.54966939E-01  1.17127950E-01
   32650  8.96398201E-02 -4.80469825E-03  2.09624496E-01  3.97181613E-01  8.36858888E-02
   32700  4.54421188E-02 -6.48319494E-02  6.90928314E-02  3.52898966E-01  1.18282613E-01
   32750 -6.79654793E-02 -1.04901566E-02  1.12851556E-01  3.47760109E-01  1.90136668E-01
   32800  4.59997696E-02  3.42652290E-02 -1.02844551E-02  3.12325238E-01  1.78545949E-01
   32850  2.50067789E-01  1.31938095E-03 -1.61801596E-01  3.68962497E-01  1.15329092E-01
   32900  9.76461749E-02  2.05330149E-02 -1.66636781E-01  3.42641250E-01  1.24126612E-01
   32950 -9.87429451E-02 -2.69652997E-03 -1.10742199E-01  3.38634335E-01  9.29919185E-02
   33000 -4.01706946E-02 -2.77679076E-02 -1.35678853E-01  3.56349537E-01  1.55467719E-01
   33050  1.16339577E-01 -5.19690012E-02 -6.15385725E-02  3.07607724E-01  1.38366761E-01
   33100 -4.72601605E-02 -2.88095011E-02 -7.03945412E-02  3.13336904E-01  1.23848019E-01
   33150 -9.64507146E-02 -9.91406186E-02  7.60608021E-02  3.62573496E-01  1.28614846E-01
   33200 -2.03273622E-01  7.21797431E-02 -8.24384263E-02  3.73119553E-01  1.22348159E-01
   33250 -3.40645824E-01 -2.38082166E-02 -8.77679644E-02  4.78656322E-01  6.40633013E-02
   33300 -2.22755212E-01 -8.52501210E-02 -5.59309876E-02  3.41269201E-01  1.00999873E-01
   33350 -2.17326482E-01  6.69672819E-02  3.93913068E-02  3.67683241E-01  4.60502186E-02
   33400 -6.73209472E-02  1.43473495E-01  2.99539157E-03  3.40409245E-01  8.62194262E-02
   33450 -7.56123129E-02  3.01011347E-01  1.21135989E-01  4.26802421E-01  4.98314053E-02
   33500 -6.08742784E-02  8.00154688E-02  7.01556872E-02  2.87493704E-01  8.69081071E-02
   33550  2.20351944E-02  8.27465521E-02  1.28563416E-01  3.25772228E-01  5.06553762E-02
   33600 -7.16276141E-02  1.04373723E-01 -2.43047293E-02  3.08872295E-01  1.61337056E-01
   33650 -2.65555425E-03  2.49418996E-01 -1.10388979E-01  3.73847519E-01  1.35213767E-01
   33700  2.77020104E-02  1.21327666E-01 -1.78013213E-02  3.30874314E-01  1.61909930E-01
   33750 -1.53507047E-03  1.83709738E-01 -7.45546327E-02  3.02533989E-01  9.80935834E-02
   33800 -7.30611960E-02  2.81905048E-01 -7.97575540E-02  4.53166629E-01  2.91631783E-02
   33850 -1.51476550E-01  3.24208311E-01 -4.59910716E-02  5.06122328E-01  1.22253369E-01
   33900 -2.30211608E-01  4.01708091E-01 -3.34621797E-02  5.55233269E-01  1.01986228E-01
   33950  3.07521376E-03  3.48763859E-01 -6.83358850E-02  5.04555174E-01  2.10182552E-01
   34000 -1.33466479E-01  8.81628631E-02 -5.47990648E-02  4.17561162E-01  7.02687353E-02
   34050  2.35252162E-02  3.18984840E-02  6.25183986E-02  3.61023455E-01  1.68742432E-01
   34100  7.71234161E-02  9.96786592E-02  3.54568810E-02  4.71481293E-01  1.95539966E-01
   34150  2.85767749E-02  2.15639402E-01  1.66842421E-01  4.31929087E-01  2.02571435E-01
   34200  1.69772944E-01  2.13205649E-01  2.71884863E-01  5.07954780E-01  1.54464157E-01
   34250  8.38969535E-02  8.16087184E-02  3.85726020E-01  5.12521576E-01  1.07612301E-01
   34300  5.38133797E-02  2.34799541E-01  1.72223299E-01  3.73142399E-01  9.37097415E-02
   34350  3.86268272E-02  3.84121791E-01  1.78048176E-01  4.86982686E-01  8.77830452E-02
   34400  1.77306329E-01  1.13498665E-01  1.08872715E-01  3.99043160E-01  8.66888467E-02
   34450  1.47010988E-01 -3.75071059E-02  9.93065527E-02  4.47019032E-01  1.09736257E-01
   34500  1.95703736E-01 -5.26561030E-02  2.02190738E-02  4.58565715E-01  1.35065880E-01
   34550  1.34291481E-01 -1.62808115E-02 -9.91538249E-02  4.10635220E-01  1.09655859E-01
   34600  1.39473963E-01 -5.77480791E-02  2.91019865E-02  2.86266719E-01  1.15398173E-01
   34650  2.02655233E-01  1.05384633E-01  1.74631803E-01  3.23503240E-01  1.86636494E-01
   34700  2.30137779E-01  1.41282883E-01  6.61988069E-02  4.17277649E-01  1.58229271E-01
   34750  2.01055170E-01  8.43325210E-02 -9.23621139E-02  4.19988846E-01  7.77008552E-02
   34800  1.28852491E-01 -2.85779750E-02 -2.82059989E-02  3.94097323E-01  9.70521415E-02
   34850  9.79790156E-02 -8.06623662E-02  1.65581214E-02  4.34198268E-01  1.35600508E-01
   34900 -1.30455241E-02 -8.62890819E-02 -1.10545411E-02  4.19391730E-01  1.65224186E-01
   34950  1.19358999E-01 -2.37038915E-01  5.47579595E-02  4.02995498E-01  1.01219378E-01
   35000  2.50192153E-01  4.29215047E-02 -1.55842806E-02  4.58939958E-01  7.21323744E-02
   35050  1.90304942E-01 -3.42566244E-02 -2.41974647E-01  5.21349807E-01  1.21241465E-01
   35100  2.21894072E-01 -6.46005993E-02 -4.71279968E-02  4.53804338E-01  1.08842437E-01
   35150  1.88069568E-02  1.89786894E-01 -5.80064983E-02  3.70166272E-01  6.83064296E-02
   35200  1.16765994E-01  5.58541464E-02 -2.29545489E-01  3.82103739E-01  1.16789439E-01
   35250 -5.37847264E-02 -8.05644913E-02 -2.37123764E-01  3.62139531E-01  4.54618993E-02
   35300  1.01605898E-01 -1.48914514E-01 -2.87635108E-01  4.08034203E-01  1.30756085E-01
   35350  9.28615540E-02 -9.75899409E-02 -7.28892006E-03  2.96922945E-01  7.41654878E-02
   35400 -5.00239030E-02  2.17072111E-02  5.21073003E-02  2.98230276E-01  1.27077120E-01
   35450  7.94064346E-02 -1.06852351E-03  7.02645085E-02  2.58607150E-01  5.78620142E-02
   35500 -5.37391146E-02 -1.34879224E-01  7.44457559E-02  2.85753259E-01  7.85595173E-02
   35550 -6.73143591E-02 -1.06778597E-01  8.05629266E-02  3.21823763E-01  1.19732321E-01
   35600  2.91780103E-02 -3.22673258E-01  1.66577537E-01  4.28576923E-01  1.09636281E-01
   35650  3.95414155E-02 -1.55450429E-01  8.64197094E-02  2.98462201E-01  9.16484131E-02
   35700  5.16699958E-02 -5.96894715E-02  5.27156019E-02  3.24928541E-01  9.26400830E-02
   35750 -1.62105294E-02  4.46423159E-02  2.67992612E-01  4.26375024E-01  1.60770941E-01
   35800 -1.73432385E-01  1.57875864E-02  1.35186899E-01  3.46190574E-01  1.35258621E-01
   35850 -9.68787681E-03 -2.23021565E-02  2.79174600E-01  3.55446958E-01  1.67082134E-01
   35900 -1.44176275E-02  1.04753785E-01  3.40680758E-01  4.21201107E-01  1.50214242E-01
   35950  9.08496495E-02  7.62458119E-04 -3.79885208E-02  3.21325654E-01  1.09105859E-01
   36000  1.47328102E-01 -4.27275570E-02 -1.17631192E-01  3.74760781E-01  1.37597303E-01
   36050  1.97842978E-01 -2.04353838E-04 -7.96966673E-02  3.70331956E-01  1.59911807E-01
   36100  2.54176049E-01  8.25738481E-03  1.07321748E-01  3.72422545E-01  1.11269476E-01
   36150  2.70835992E-01 -5.83921633E-03 -1.22171759E-01  3.56531526E-01  7.84577381E-02
   36200  3.14478603E-01  1.79642980E-02  9.60272305E-03  4.14273152E-01  1.62613674E-01
   36250  2.39006804E-01 -7.50431929E-02 -1.09723926E-01  3.34951136E-01  7.81393512E-02
   36300  2.49422633E-01 -2.62067488E-01  1.14736943E-01  4.43317559E-01  1.12108880E-01
   36350  1.18439330E-01 -1.60894361E-01  3.38246646E-02  3.44757447E-01  1.60564624E-01
   36400  1.15761521E-01 -1.36615465E-01  8.12522634E-02  4.43915527E-01  1.17127941E-01
   36450  1.04344040E-01 -5.70809793E-02 -2.12798362E-02  3.56614806E-01  8.04443820E-02
   36500  9.80794598E-02  4.88840320E-03 -8.56106275E-04  4.17642399E-01  1.48166182E-01
   36550  2.70217577E-01 -4.07757499E-02 -1.90837917E-02  3.47680568E-01  1.22146137E-01
   36600 -1.59487648E-02 -4.22024712E-02 -6.44455092E-02  2.90246146E-01  7.01194898E-02
   36650 -5.98777118E-02  2.62830607E-02 -8.47083662E-02  3.42528860E-01  1.19729875E-01
   36700 -2.30204650E-02  9.86366805E-02 -1.51322846E-01  3.68498802E-01  1.11829086E-01
   36750  3.67334386E-02  6.66572291E-02 -7.91578844E-02  4.14819036E-01  6.00941491E-02
   36800  1.23382831E-01 -3.12244950E-02 -3.55994881E-02  4.47777922E-01  9.22826608E-02
   36850  1.73807015E-02  1.19071168E-01 -7.28570110E-02  4.42633970E-01  1.18789661E-01
   36900  1.48809229E-01  6.80084058E-02 -2.25362836E-01  4.78549590E-01  1.03515132E-01
   36950  1.79095282E-01 -4.87293715E-02 -3.21367059E-01  4.35159056E-01  9.51948589E-02
   37000  1.53787594E-01  7.76153987E-02 -2.81059147E-01  4.15588915E-01  1.52458423E-01
   37050  7.95225281E-02  1.16336032E-01 -2.65119578E-01  3.59503542E-01  9.54324130E-02
   37100  6.43542091E-02  1.40562609E-01 -2.65743536E-01  3.66930176E-01  1.01705306E-01
   37150 -3.08554916E-02  7.01383120E-03 -2.20210851E-01  4.23854867E-01  1.53735969E-01
   37200  9.48409108E-02 -3.11172776E-02 -1.83157422E-01  3.41693714E-01  8.20486571E-02
   37250  2.43996852E-02  1.44741844E-01 -1.05863415E-01  3.65332945E-01  1.13287188E-01
   37300  8.20480472E-02  2.02714031E-02 -4.20442606E-02  3.09639881E-01  1.20988704E-01
   37350  2.71342059E-02  1.37902627E-02 -1.57294919E-01  3.32242174E-01  1.30311800E-01
   37400 -1.06760557E-01 -5.29726101E-02 -1.15432175E-01  3.30436348E-01  1.05368188E-01
   37450 -9.88225278E-02  2.17950293E-02 -1.05715709E-01  3.65500822E-01  6.69626142E-02
   37500  1.43285819E-02  7.11730195E-02 -3.55632254E-02  4.25322768E-01  1.39526049E-01
   37550  1.11154675E-01  6.96219093E-02 -1.45551218E-01  5.04671717E-01  5.31169604E-02
   37600  1.20831932E-01  2.01554928E-02 -1.70896339E-01  3.88862977E-01  6.00260597E-02
   37650  8.44928740E-02  1.44812557E-01 -6.75138032E-02  3.50865688E-01  2.08780619E-01
   37700  8.12805547E-02  1.18548521E-01  1.06022405E-02  2.69584577E-01  1.24685148E-01
   37750 -3.23501101E-02  2.60238121E-01  1.57218503E-01  4.04521401E-01  1.61786946E-01
   37800 -6.64934305E-02  3.89215309E-02  2.18491293E-01  4.42683824E-01  1.27257266E-01
   37850 -9.82223477E-02  1.18152018E-01 -2.97359984E-02  3.66403928E-01  4.38555035E-02
   37900 -7.89978323E-02  1.81765988E-01 -1.33336097E-01  3.49537465E-01  1.12878451E-01
   37950  2.58615439E-02  2.21458600E-01 -5.19924173E-02  3.48074834E-01  1.81637055E-01
   38000  2.36499941E-03  2.67575958E-01 -1.42314163E-01  3.73694791E-01  1.54955408E-01
   38050 -9.04497414E-02  1.10502416E-01  5.92042101E-02  3.85660860E-01  1.67477297E-01
   38100 -1.36102846E-01  1.16638240E-01  1.04853289E-01  3.90157853E-01  2.79769530E-02
   38150 -1.63275668E-01  1.25907713E-01  2.28640804E-01  3.86562274E-01  1.98242505E-01
   38200  2.23220391E-02  1.16598430E-01  2.14897067E-01  3.38784597E-01  1.49035614E-01
   38250 -1.62271972E-01  1.30084652E-01  2.22617399E-01  4.41396172E-01  6.77616348E-02
   38300 -2.10014159E-01  1.15196145E-01  6.77393337E-02  4.16530515E-01  9.31529202E-02
   38350  3.48727292E-02  1.98548564E-01 -6.92041450E-02  3.02456405E-01  2.02621411E-01
   38400  2.77070724E-02 -5.16935644E-02  1.69502317E-02  3.81646090E-01  1.08285749E-01
   38450  4.20901724E-03 -3.48859544E-02 -1.22196372E-02  3.37962381E-01  1.46545609E-01
   38500  1.15238900E-01  1.29322357E-01  2.29737484E-01  4.80217619E-01  1.08159722E-01
   38550  3.16919534E-03  1.46638337E-01  3.02118544E-01  4.38805749E-01  5.80662217E-02
   38600 -1.68169575E-01  2.44130946E-01  3.43041821E-01  5.03784291E-01  1.92647303E-01
   38650 -1.80662647E-01  2.13053294E-01  1.45238099E-01  3.92894671E-01  1.78009862E-01
   38700 -3.16129344E-02  2.84247883E-02  1.48515141E-01  3.59288523E-01  9.71450333E-02
   38750  1.32153892E-01  1.64290825E-01  1.82081067E-02  4.82525851E-01  1.49659285E-01
   38800 -7.38899177E-02  1.04982985E-01  2.73372447E-03  3.82375015E-01  1.16803819E-01
   38850  6.29165334E-02  1.10539708E-01 -7.94637515E-02  3.72019281E-01  1.36832049E-01
   38900 -4.25687264E-02  2.30470006E-01 -6.76977355E-02  3.65776751E-01  1.29665841E-01
   38950 -1.03963697E-01  2.42023537E-01  5.99151786E-02  4.88810541E-01  9.82047123E-02
   39000 -6.73370891E-02  1.57252890E-01  2.56970681E-01  4.13745466E-01  1.31535956E-01
   39050  1.19432114E-02  6.13364371E-02  3.06044726E-01  3.69480542E-01  1.53729017E-01
   39100  8.17650892E-02  4.78954967E-02  3.38879422E-01  4.28181559E-01  4.43831506E-02
   39150  1.45340862E-01 -2.42057186E-02  3.17953211E-01  4.58487514E-01  2.12503346E-01
   39200  1.76954659E-01  6.56066228E-02  3.68043566E-01  4.94544808E-01  1.55103702E-01
   39250  2.57498813E-01  2.42830852E-02  1.88024200E-01  4.07366650E-01  1.61307387E-01
   39300  2.29541303E-01  2.99031887E-02  2.54506771E-01  4.73995102E-01  1.55211313E-01
   39350  6.96979663E-02 -3.05537330E-02  2.88047803E-01  4.20007225E-01  1.16138680E-01
   39400  1.12396752E-01  3.24276957E-02  2.39457655E-01  4.17465605E-01  1.07479844E-01
   39450 -7.75967328E-02 -4.29254826E-02  2.27020281E-01  3.58214041E-01  1.13375456E-01
   39500 -1.63150519E-01 -1.16292012E-01  1.40191452E-01  3.41911252E-01  1.19778864E-01
   39550 -7.70603175E-02  1.45596711E-03  9.49662632E-02  2.57038908E-01  7.02183994E-02
   39600  2.04312905E-03  2.96688906E-02 -6.35967220E-02  3.19976855E-01  9.74699270E-02
   39650 -8.20079996E-02  1.09444897E-01 -6.66295092E-03  4.11096932E-01  1.45134292E-01
   39700 -1.24918796E-02  3.32604050E-02  1.06396700E-02  2.70149958E-01  1.24703239E-01
   39750 -8.50819644E-02  9.40061107E-02  6.02757143E-02  2.49206448E-01  6.57923413E-02
   39800 -1.85275380E-02 -6.11805234E-02  2.46508456E-01  3.80476772E-01  1.32697401E-01
   39850 -1.64773992E-01  3.89313477E-03  2.85665540E-01  4.32149843E-01  9.56507065E-02
   39900 -1.91345980E-01 -4.14998247E-02  8.95352319E-02  3.39602160E-01  9.39841735E-02
   39950 -2.38750499E-01  2.00048181E-02  6.10720771E-02  3.58866468E-01  1.01116520E-01
