   #Iter             <M>           <M^2>           <M^4>      U_{Binder}            \chi        C_v(tot)             <E>       <E_{exc}>       <E_{lsf}>
       1  3.97143932E-01  1.72845317E-01  3.75373208E-02  5.81180607E-01  1.39245901E-02  1.44769194E+00 -3.86403821E+00 -3.86403821E+00  0.00000000E+00
      11  3.41709834E-01  1.35341068E-01  2.87193948E-02  4.77369402E-01  1.71045752E-02  1.54908251E+00 -3.93288931E+00 -3.93288931E+00  0.00000000E+00
      21  3.54703178E-01  1.46832958E-01  3.24364488E-02  4.98506917E-01  1.93542722E-02  1.79115112E+00 -3.85290488E+00 -3.85290488E+00  0.00000000E+00
      31  3.81434979E-01  1.67808231E-01  4.09712904E-02  5.15011019E-01  2.05485462E-02  2.11426848E+00 -3.85301384E+00 -3.85301384E+00  0.00000000E+00
      41  3.58694894E-01  1.49854389E-01  3.44925257E-02  4.88006077E-01  1.95142624E-02  2.01127169E+00 -3.84919080E+00 -3.84919080E+00  0.00000000E+00
      51  3.68531489E-01  1.57416149E-01  3.77039416E-02  4.92814380E-01  1.98902581E-02  2.00780537E+00 -3.84974522E+00 -3.84974522E+00  0.00000000E+00
      61  3.70304366E-01  1.57184767E-01  3.65495238E-02  5.06894828E-01  1.84710527E-02  2.07228752E+00 -3.84468249E+00 -3.84468249E+00  0.00000000E+00
      71  3.63967841E-01  1.51197338E-01  3.36032888E-02  5.10026899E-01  1.72420448E-02  1.92875985E+00 -3.84150252E+00 -3.84150252E+00  0.00000000E+00
      81  3.72134327E-01  1.58616398E-01  3.70444636E-02  5.09198492E-01  1.85382704E-02  1.94222084E+00 -3.82753195E+00 -3.82753195E+00  0.00000000E+00
      91  3.83382374E-01  1.67212372E-01  4.04166759E-02  5.18160364E-01  1.86284057E-02  1.82574772E+00 -3.83459626E+00 -3.83459626E+00  0.00000000E+00
     101  3.94176238E-01  1.75427697E-01  4.35039317E-02  5.28793874E-01  1.84649268E-02  1.96178690E+00 -3.84144711E+00 -3.84144711E+00  0.00000000E+00
     111  3.92500750E-01  1.74325255E-01  4.31586773E-02  5.26602183E-01  1.86634786E-02  1.90855573E+00 -3.84299362E+00 -3.84299362E+00  0.00000000E+00
     121  3.93145683E-01  1.75074641E-01  4.37667418E-02  5.24033406E-01  1.88869574E-02  1.82163915E+00 -3.84045695E+00 -3.84045695E+00  0.00000000E+00
     131  3.85935989E-01  1.70127505E-01  4.21713199E-02  5.14323744E-01  1.95037244E-02  1.86360064E+00 -3.83207936E+00 -3.83207936E+00  0.00000000E+00
     141  3.83477551E-01  1.67606720E-01  4.09194865E-02  5.14458825E-01  1.89243199E-02  1.84713677E+00 -3.82879737E+00 -3.82879737E+00  0.00000000E+00
     151  3.90307873E-01  1.73776930E-01  4.43060693E-02  5.10944976E-01  1.97392480E-02  1.84010571E+00 -3.83385060E+00 -3.83385060E+00  0.00000000E+00
     161  3.89686576E-01  1.73341214E-01  4.40935347E-02  5.10841064E-01  1.97842685E-02  1.75533173E+00 -3.84204258E+00 -3.84204258E+00  0.00000000E+00
     171  3.89251768E-01  1.72560498E-01  4.34867016E-02  5.13197902E-01  1.93772425E-02  1.72515472E+00 -3.84125277E+00 -3.84125277E+00  0.00000000E+00
     181  3.85805147E-01  1.69490888E-01  4.20133444E-02  5.12501493E-01  1.90104976E-02  1.70266066E+00 -3.84142273E+00 -3.84142273E+00  0.00000000E+00
     191  3.89990816E-01  1.72635969E-01  4.31460212E-02  5.17433772E-01  1.89164415E-02  1.75114877E+00 -3.84408191E+00 -3.84408191E+00  0.00000000E+00
     201  3.91558194E-01  1.73264836E-01  4.30081682E-02  5.22461018E-01  1.83675283E-02  1.68537019E+00 -3.84460468E+00 -3.84460468E+00  0.00000000E+00
     211  3.92690247E-01  1.73629048E-01  4.28894130E-02  5.25775400E-01  1.78853903E-02  1.70201831E+00 -3.84635065E+00 -3.84635065E+00  0.00000000E+00
     221  3.91361306E-01  1.72260493E-01  4.22299862E-02  5.25617877E-01  1.75846550E-02  1.67687672E+00 -3.84928655E+00 -3.84928655E+00  0.00000000E+00
     231  3.91928047E-01  1.72241763E-01  4.19245727E-02  5.28946249E-01  1.71586378E-02  1.65823439E+00 -3.85343807E+00 -3.85343807E+00  0.00000000E+00
     241  3.94188012E-01  1.74450408E-01  4.28845528E-02  5.30283675E-01  1.75564762E-02  1.67996411E+00 -3.85679449E+00 -3.85679449E+00  0.00000000E+00
     251  3.89479545E-01  1.70805501E-01  4.14296133E-02  5.26646145E-01  1.75978815E-02  1.69038532E+00 -3.84693021E+00 -3.84693021E+00  0.00000000E+00
     261  3.91141634E-01  1.72106061E-01  4.18783814E-02  5.28722939E-01  1.76007349E-02  1.65325445E+00 -3.84771894E+00 -3.84771894E+00  0.00000000E+00
     271  3.93151225E-01  1.74250674E-01  4.31878688E-02  5.25876386E-01  1.81242226E-02  1.71281049E+00 -3.85090919E+00 -3.85090919E+00  0.00000000E+00
     281  3.94918230E-01  1.75075493E-01  4.31483860E-02  5.30762636E-01  1.76014722E-02  1.69504612E+00 -3.85496328E+00 -3.85496328E+00  0.00000000E+00
     291  3.96036201E-01  1.76022230E-01  4.37178060E-02  5.29670665E-01  1.76589983E-02  1.73449190E+00 -3.85524891E+00 -3.85524891E+00  0.00000000E+00
     301  3.94645683E-01  1.75569963E-01  4.39115888E-02  5.25148888E-01  1.82549417E-02  1.78721148E+00 -3.85515441E+00 -3.85515441E+00  0.00000000E+00
     311  3.96210365E-01  1.76698269E-01  4.43221276E-02  5.26810873E-01  1.81544506E-02  1.83338349E+00 -3.86057281E+00 -3.86057281E+00  0.00000000E+00
     321  3.94687495E-01  1.75286419E-01  4.36633811E-02  5.26304160E-01  1.79634596E-02  1.82199702E+00 -3.86008733E+00 -3.86008733E+00  0.00000000E+00
     331  3.90698634E-01  1.71995697E-01  4.22417183E-02  5.24023890E-01  1.78180395E-02  1.80221189E+00 -3.85732245E+00 -3.85732245E+00  0.00000000E+00
     341  3.91594156E-01  1.72820608E-01  4.25759250E-02  5.24826973E-01  1.79325429E-02  1.79877997E+00 -3.85492168E+00 -3.85492168E+00  0.00000000E+00
     351  3.88467012E-01  1.70365038E-01  4.16940227E-02  5.21158707E-01  1.79176198E-02  1.81180942E+00 -3.85132511E+00 -3.85132511E+00  0.00000000E+00
     361  3.88937082E-01  1.70773593E-01  4.19392258E-02  5.20644488E-01  1.79573258E-02  1.80555278E+00 -3.85291269E+00 -3.85291269E+00  0.00000000E+00
     371  3.89624352E-01  1.71303578E-01  4.20859207E-02  5.21939668E-01  1.79526331E-02  1.78650075E+00 -3.85552993E+00 -3.85552993E+00  0.00000000E+00
     381  3.90065319E-01  1.71810593E-01  4.24304127E-02  5.20866949E-01  1.81029071E-02  1.82894516E+00 -3.85453530E+00 -3.85453530E+00  0.00000000E+00
     391  3.89367059E-01  1.71357894E-01  4.22874203E-02  5.19955273E-01  1.81872060E-02  1.85555687E+00 -3.85431684E+00 -3.85431684E+00  0.00000000E+00
     401  3.88769862E-01  1.71455625E-01  4.28102361E-02  5.14574161E-01  1.87051025E-02  1.90545494E+00 -3.85162490E+00 -3.85162490E+00  0.00000000E+00
     411  3.89600546E-01  1.71961917E-01  4.28596876E-02  5.16870905E-01  1.85759228E-02  1.90768992E+00 -3.85292582E+00 -3.85292582E+00  0.00000000E+00
     421  3.91205218E-01  1.72797204E-01  4.29435956E-02  5.20593711E-01  1.81913443E-02  1.89310723E+00 -3.85430089E+00 -3.85430089E+00  0.00000000E+00
     431  3.90268604E-01  1.71649012E-01  4.22476434E-02  5.22032224E-01  1.78080519E-02  1.89443473E+00 -3.85577599E+00 -3.85577599E+00  0.00000000E+00
     441  3.89671761E-01  1.71173179E-01  4.20163076E-02  5.22002970E-01  1.77985389E-02  1.89280388E+00 -3.85636132E+00 -3.85636132E+00  0.00000000E+00
     451  3.89427423E-01  1.71112498E-01  4.20439060E-02  5.21349699E-01  1.79179535E-02  1.90019515E+00 -3.85673716E+00 -3.85673716E+00  0.00000000E+00
     461  3.90455455E-01  1.71758634E-01  4.21939400E-02  5.23248937E-01  1.77746662E-02  1.89712936E+00 -3.85927014E+00 -3.85927014E+00  0.00000000E+00
     471  3.87769504E-01  1.69854724E-01  4.15149491E-02  5.20346082E-01  1.79462731E-02  1.90032161E+00 -3.85676925E+00 -3.85676925E+00  0.00000000E+00
     481  3.88236455E-01  1.70182756E-01  4.16879881E-02  5.20201843E-01  1.79146664E-02  1.92142142E+00 -3.85620387E+00 -3.85620387E+00  0.00000000E+00
     491  3.89867707E-01  1.71522941E-01  4.23156615E-02  5.20558690E-01  1.79799530E-02  1.90673175E+00 -3.85724499E+00 -3.85724499E+00  0.00000000E+00
     501  3.89043582E-01  1.70880717E-01  4.20217053E-02  5.20303773E-01  1.79796733E-02  1.89344754E+00 -3.85590946E+00 -3.85590946E+00  0.00000000E+00
     511  3.88572243E-01  1.70674750E-01  4.20781648E-02  5.18499230E-01  1.81275133E-02  1.88882163E+00 -3.85697593E+00 -3.85697593E+00  0.00000000E+00
     521  3.88017075E-01  1.70358720E-01  4.19729459E-02  5.17919613E-01  1.82335060E-02  1.88389916E+00 -3.85618447E+00 -3.85618447E+00  0.00000000E+00
     531  3.84968805E-01  1.68053408E-01  4.11035661E-02  5.14863891E-01  1.82804292E-02  1.89342217E+00 -3.85331782E+00 -3.85331782E+00  0.00000000E+00
     541  3.83638265E-01  1.66895418E-01  4.05617782E-02  5.14592031E-01  1.81558176E-02  1.89094939E+00 -3.85272384E+00 -3.85272384E+00  0.00000000E+00
     551  3.84247783E-01  1.67494789E-01  4.09194640E-02  5.13809934E-01  1.82767490E-02  1.91016289E+00 -3.85183278E+00 -3.85183278E+00  0.00000000E+00
     561  3.86026044E-01  1.68822586E-01  4.14496296E-02  5.15227132E-01  1.82381192E-02  1.91225365E+00 -3.85259699E+00 -3.85259699E+00  0.00000000E+00
     571  3.86392593E-01  1.69387363E-01  4.19722304E-02  5.12383067E-01  1.84974657E-02  1.92198137E+00 -3.85464021E+00 -3.85464021E+00  0.00000000E+00
     581  3.86478106E-01  1.69722181E-01  4.22288429E-02  5.11335582E-01  1.87449144E-02  1.93142198E+00 -3.85610742E+00 -3.85610742E+00  0.00000000E+00
     591  3.86090822E-01  1.69688123E-01  4.23675080E-02  5.09534149E-01  1.89890637E-02  1.92649428E+00 -3.85515692E+00 -3.85515692E+00  0.00000000E+00
     601  3.86293447E-01  1.69871309E-01  4.24725186E-02  5.09378368E-01  1.90136329E-02  1.91845264E+00 -3.85649350E+00 -3.85649350E+00  0.00000000E+00
     611  3.85380418E-01  1.69130734E-01  4.21496685E-02  5.08834512E-01  1.89804698E-02  1.89794125E+00 -3.85630163E+00 -3.85630163E+00  0.00000000E+00
     621  3.83019297E-01  1.67243241E-01  4.13627940E-02  5.07062951E-01  1.89130591E-02  1.89971037E+00 -3.85427757E+00 -3.85427757E+00  0.00000000E+00
     631  3.83078403E-01  1.67159557E-01  4.12246591E-02  5.08217134E-01  1.87943066E-02  1.90146665E+00 -3.85479954E+00 -3.85479954E+00  0.00000000E+00
     641  3.82979160E-01  1.67357891E-01  4.14735382E-02  5.06420126E-01  1.90469416E-02  1.90857316E+00 -3.85513574E+00 -3.85513574E+00  0.00000000E+00
     651  3.83436316E-01  1.67670206E-01  4.15888263E-02  5.06890224E-01  1.90118981E-02  1.90043710E+00 -3.85583855E+00 -3.85583855E+00  0.00000000E+00
     661  3.82534050E-01  1.66990612E-01  4.12539099E-02  5.06871904E-01  1.90225015E-02  1.90369369E+00 -3.85452037E+00 -3.85452037E+00  0.00000000E+00
     671  3.81989802E-01  1.66318779E-01  4.08246275E-02  5.08052908E-01  1.87870100E-02  1.87528460E+00 -3.85412031E+00 -3.85412031E+00  0.00000000E+00
     681  3.82792923E-01  1.67038811E-01  4.11808199E-02  5.08029622E-01  1.88844494E-02  1.86109470E+00 -3.85511495E+00 -3.85511495E+00  0.00000000E+00
     691  3.84670713E-01  1.68563452E-01  4.18584309E-02  5.08939665E-01  1.89613426E-02  1.86538873E+00 -3.85599543E+00 -3.85599543E+00  0.00000000E+00
     701  3.85193484E-01  1.68990035E-01  4.20380720E-02  5.09318885E-01  1.89835530E-02  1.86138825E+00 -3.85500635E+00 -3.85500635E+00  0.00000000E+00
     711  3.84146746E-01  1.68062868E-01  4.16178305E-02  5.08849441E-01  1.88713336E-02  1.85998379E+00 -3.85382489E+00 -3.85382489E+00  0.00000000E+00
     721  3.83559256E-01  1.67633565E-01  4.14459340E-02  5.08369618E-01  1.88913308E-02  1.86547802E+00 -3.85400821E+00 -3.85400821E+00  0.00000000E+00
     731  3.83501817E-01  1.67447944E-01  4.12729103E-02  5.09335994E-01  1.87609781E-02  1.87595957E+00 -3.85378479E+00 -3.85378479E+00  0.00000000E+00
     741  3.83924839E-01  1.67597323E-01  4.12153274E-02  5.10893600E-01  1.85995968E-02  1.87036326E+00 -3.85335103E+00 -3.85335103E+00  0.00000000E+00
     751  3.83627498E-01  1.67216542E-01  4.09757492E-02  5.11519567E-01  1.84591205E-02  1.87361691E+00 -3.85122283E+00 -3.85122283E+00  0.00000000E+00
     761  3.83106830E-01  1.66849050E-01  4.08277229E-02  5.11137835E-01  1.84883308E-02  1.87745798E+00 -3.85075360E+00 -3.85075360E+00  0.00000000E+00
     771  3.83106554E-01  1.66791004E-01  4.07113767E-02  5.12191584E-01  1.84350758E-02  1.87315611E+00 -3.85156289E+00 -3.85156289E+00  0.00000000E+00
     781  3.83861952E-01  1.67452013E-01  4.10835582E-02  5.11610804E-01  1.85102541E-02  1.88466867E+00 -3.85354927E+00 -3.85354927E+00  0.00000000E+00
     791  3.84448311E-01  1.67925915E-01  4.13428116E-02  5.11298910E-01  1.85317968E-02  1.89852368E+00 -3.85438499E+00 -3.85438499E+00  0.00000000E+00
