   #Iter           <M>_x           <M>_y           <M>_z             <M>        M_{stdv}
       0  4.79261712E-02  3.95060178E-01 -1.12116226E+00  1.66733798E+00  3.23195453E-02
      50  8.17961127E-02  3.90658234E-01 -1.12992289E+00  1.67852124E+00  2.93966169E-02
     100  1.09194866E-01  4.70649556E-01 -1.09441936E+00  1.67553385E+00  2.81270505E-02
     150  1.19727433E-01  5.14076823E-01 -1.05166411E+00  1.68928269E+00  1.33128153E-02
     200  9.48754848E-02  4.58570719E-01 -1.05293557E+00  1.67771432E+00  1.99745153E-02
     250  1.71986677E-01  4.42354728E-01 -1.03302699E+00  1.68735485E+00  3.64407565E-02
     300  1.69791841E-01  4.98363865E-01 -1.00526759E+00  1.67800418E+00  2.11494635E-02
     350  1.50384876E-01  5.01229510E-01 -9.97218864E-01  1.68288754E+00  3.10164510E-02
     400  1.46915818E-01  4.58147477E-01 -1.01924602E+00  1.68792527E+00  2.26663389E-02
     450  1.46182540E-01  4.29343943E-01 -9.95088132E-01  1.66551244E+00  3.87950156E-02
     500  1.24162954E-01  4.78800277E-01 -9.81906828E-01  1.68395873E+00  4.34093441E-02
     550  1.03786994E-01  4.95587620E-01 -9.67173137E-01  1.67737563E+00  4.20667989E-02
     600  8.19939049E-02  4.61946186E-01 -1.00168557E+00  1.69059973E+00  3.18318897E-02
     650  7.85745032E-02  4.67077230E-01 -9.56119827E-01  1.69481086E+00  1.89797811E-02
     700  9.82571376E-02  4.52259025E-01 -9.47404888E-01  1.68786878E+00  2.23501048E-02
     750  7.54934447E-02  4.92129660E-01 -9.04824902E-01  1.69273095E+00  1.33060218E-02
     800  2.47892758E-02  4.98867660E-01 -9.50293572E-01  1.69327544E+00  1.16667461E-02
     850  3.68023330E-02  4.58707680E-01 -8.88996855E-01  1.68035983E+00  1.33509315E-02
     900  2.62338513E-02  4.54812970E-01 -8.58330348E-01  1.69115632E+00  1.90642577E-02
     950  9.85228415E-02  4.15055138E-01 -8.31862110E-01  1.70099420E+00  1.81651046E-02
    1000  1.10559735E-01  4.11487968E-01 -8.38715914E-01  1.69750976E+00  2.28992770E-02
    1050  1.28458967E-01  4.21232377E-01 -8.46870482E-01  1.69982656E+00  1.36662177E-02
    1100  1.31650598E-01  4.81312728E-01 -8.61796871E-01  1.72617205E+00  2.45183622E-02
    1150  1.24543859E-01  5.70096055E-01 -8.30033198E-01  1.69908832E+00  1.80121638E-02
    1200  5.99859322E-02  5.35098439E-01 -8.37469534E-01  1.68687958E+00  1.85335960E-02
    1250  1.08795191E-01  5.31247552E-01 -8.35387426E-01  1.66403479E+00  5.72369102E-02
    1300  1.28457630E-01  4.91257414E-01 -8.28508312E-01  1.67734745E+00  2.34941709E-02
    1350  9.65097118E-02  5.31339954E-01 -8.26770716E-01  1.65950454E+00  2.83380822E-03
    1400  1.47655103E-01  5.39575698E-01 -8.04534235E-01  1.67233524E+00  2.43980436E-02
    1450  1.39859377E-01  5.12253029E-01 -7.98070938E-01  1.64702320E+00  2.09540079E-02
    1500  1.24175699E-01  4.99242199E-01 -8.33271007E-01  1.66602681E+00  9.34988756E-03
    1550  1.12472158E-01  4.79490621E-01 -8.51251681E-01  1.67874628E+00  2.89722993E-02
    1600  7.91601713E-02  4.59523613E-01 -8.96569884E-01  1.68995538E+00  2.20390493E-02
    1650  1.08843011E-01  4.31721280E-01 -9.09735313E-01  1.66531496E+00  2.30276939E-02
    1700  9.43909081E-02  4.34195627E-01 -9.95971923E-01  1.70613160E+00  3.54730165E-02
    1750  6.90155305E-02  4.47957167E-01 -9.98008412E-01  1.70151662E+00  3.08625664E-02
    1800  7.88091703E-02  3.92092722E-01 -1.00672206E+00  1.69808271E+00  2.60415318E-02
    1850  1.44075046E-01  3.72094169E-01 -1.01949137E+00  1.69930374E+00  3.05392276E-02
    1900  1.16645991E-01  3.81611052E-01 -1.00627485E+00  1.66624064E+00  3.92818297E-02
    1950  6.81129751E-02  3.37539004E-01 -9.89968822E-01  1.66951718E+00  1.48410858E-02
    2000  9.28231116E-02  3.76964772E-01 -1.00178387E+00  1.68551636E+00  2.04799378E-02
    2050  7.41749464E-02  3.85822308E-01 -9.71385528E-01  1.69190404E+00  2.65822988E-02
    2100  1.21241371E-01  4.22109864E-01 -9.86132458E-01  1.68673921E+00  3.24031172E-02
    2150  1.42827226E-01  3.84013723E-01 -9.82253413E-01  1.68802427E+00  2.15049777E-02
    2200  1.29456706E-01  3.43903261E-01 -9.64996062E-01  1.66529531E+00  2.81021069E-02
    2250  1.45050493E-01  3.55984819E-01 -9.68778836E-01  1.68788679E+00  3.25704727E-02
    2300  1.87700893E-01  3.77595958E-01 -9.24764557E-01  1.69395978E+00  2.06215904E-02
    2350  1.78498772E-01  4.27139867E-01 -9.31308803E-01  1.70205919E+00  1.81969610E-02
    2400  1.64107325E-01  4.25797713E-01 -9.00814700E-01  1.66627193E+00  1.75797506E-02
    2450  2.00792057E-01  3.82617974E-01 -8.94781661E-01  1.68107873E+00  1.24390337E-02
    2500  2.00745695E-01  4.64695926E-01 -8.74641532E-01  1.69229083E+00  1.11879630E-02
    2550  1.54939194E-01  4.74342507E-01 -8.56714156E-01  1.68416199E+00  2.79114903E-02
    2600  1.42885598E-01  4.59285907E-01 -9.07160612E-01  1.69911557E+00  1.71642073E-02
    2650  2.03044181E-01  4.47245879E-01 -8.39087237E-01  1.66583881E+00  2.01121869E-02
    2700  2.21970838E-01  4.60088977E-01 -8.37286424E-01  1.68636055E+00  2.18075880E-02
    2750  1.11084896E-01  5.03006814E-01 -8.83148738E-01  1.68663836E+00  3.17393607E-02
    2800  9.06192133E-02  4.66295304E-01 -9.23797194E-01  1.68959394E+00  2.17632449E-02
    2850  6.98414309E-02  4.86822929E-01 -9.12898239E-01  1.67796724E+00  1.67113318E-02
    2900  4.39328759E-02  4.18011861E-01 -9.61787101E-01  1.68257235E+00  3.15597780E-02
    2950  5.11074703E-02  4.47122908E-01 -9.64493905E-01  1.69970502E+00  1.05959273E-02
    3000  4.35224239E-02  4.44571222E-01 -9.77392114E-01  1.70186579E+00  2.91368384E-02
    3050  5.49236638E-02  4.02416435E-01 -9.65869583E-01  1.69436603E+00  2.03923287E-02
    3100  3.99414862E-02  3.57866556E-01 -9.72890905E-01  1.68647713E+00  2.67781827E-02
    3150  8.19991975E-02  3.19271619E-01 -9.63621482E-01  1.67131356E+00  1.33481042E-02
    3200  1.25100458E-01  2.72999991E-01 -9.26487929E-01  1.67952184E+00  2.10384248E-02
    3250  1.57304116E-01  2.64367312E-01 -9.66294492E-01  1.69438569E+00  2.82265981E-02
    3300  1.69537044E-01  2.79962592E-01 -9.58589622E-01  1.68701427E+00  2.22299116E-02
    3350  1.80277955E-01  2.45024347E-01 -9.80947046E-01  1.69922399E+00  1.39732270E-02
    3400  1.94120708E-01  2.04251022E-01 -9.61608544E-01  1.68417747E+00  1.81037556E-02
    3450  2.48243049E-01  1.94557428E-01 -9.29047155E-01  1.69455159E+00  1.93325633E-02
    3500  3.01299382E-01  2.64094875E-01 -8.75339141E-01  1.70482914E+00  2.35103650E-02
    3550  2.85853147E-01  3.27099483E-01 -8.52444417E-01  1.70301092E+00  1.93781878E-02
    3600  3.28708479E-01  2.96622855E-01 -7.87785345E-01  1.70209377E+00  1.27452004E-02
    3650  3.02645926E-01  2.84069417E-01 -7.65372844E-01  1.66066702E+00  2.78341553E-02
    3700  2.43205577E-01  3.13117276E-01 -7.81861742E-01  1.67231348E+00  1.35122576E-02
    3750  2.50506973E-01  3.57994230E-01 -7.42568140E-01  1.67950096E+00  1.66484122E-02
    3800  2.69292306E-01  3.37370109E-01 -7.38778461E-01  1.69287369E+00  1.62997310E-02
    3850  2.62961045E-01  2.99899880E-01 -7.71510074E-01  1.68263009E+00  2.60380029E-02
    3900  2.32064889E-01  3.26995168E-01 -7.78318254E-01  1.68522428E+00  2.51401393E-02
    3950  2.54177894E-01  3.18443591E-01 -7.67421118E-01  1.69940014E+00  3.88363853E-02
    4000  2.35976738E-01  3.50465649E-01 -7.33756549E-01  1.66623159E+00  2.02283736E-02
    4050  1.90612444E-01  2.89267018E-01 -8.43304068E-01  1.68179683E+00  2.37608698E-02
    4100  1.73102299E-01  3.10756564E-01 -8.50931628E-01  1.69199346E+00  2.77889607E-02
    4150  1.59127047E-01  3.48026123E-01 -8.56661372E-01  1.68926466E+00  1.96167825E-02
    4200  1.89940989E-01  4.02353021E-01 -8.51225540E-01  1.68533045E+00  6.80561189E-03
    4250  1.86340449E-01  3.58721481E-01 -8.34639677E-01  1.67723619E+00  2.17432626E-02
    4300  2.56102413E-01  3.37758645E-01 -7.95231642E-01  1.67556287E+00  3.43628872E-02
    4350  2.73773141E-01  3.24273595E-01 -8.22496860E-01  1.68654565E+00  1.27447668E-02
    4400  2.33718452E-01  4.12687052E-01 -7.84753706E-01  1.69353414E+00  1.17920845E-02
    4450  2.42332334E-01  4.05126170E-01 -8.00592119E-01  1.68791961E+00  1.25417873E-02
    4500  2.41706739E-01  3.75441645E-01 -8.80345976E-01  1.68499416E+00  1.98156722E-02
    4550  2.44637001E-01  3.65006019E-01 -8.83393961E-01  1.68117044E+00  2.95555727E-02
    4600  2.23029031E-01  3.72935516E-01 -8.88557394E-01  1.69025326E+00  1.49058983E-02
    4650  2.29309001E-01  3.39039432E-01 -8.54897946E-01  1.67348319E+00  2.47921238E-02
    4700  1.99197214E-01  3.43689022E-01 -8.82410651E-01  1.70424999E+00  1.20383174E-02
    4750  1.80376295E-01  3.15334794E-01 -8.60667835E-01  1.68746774E+00  2.17230374E-02
    4800  1.84321164E-01  3.11793974E-01 -8.22471323E-01  1.69581131E+00  1.58380798E-02
    4850  2.00930184E-01  3.13696910E-01 -8.24651446E-01  1.70996117E+00  1.90358172E-02
    4900  1.53161259E-01  3.54929814E-01 -8.08309557E-01  1.68306766E+00  2.65988576E-02
    4950  1.57799153E-01  3.48115491E-01 -7.96130032E-01  1.68938747E+00  1.98039437E-02
    5000  1.51452020E-01  3.22708570E-01 -7.89625714E-01  1.67164798E+00  2.10496005E-02
    5050  1.66504728E-01  3.56106385E-01 -7.77252781E-01  1.68867701E+00  3.51520374E-02
    5100  1.38036982E-01  3.27860679E-01 -7.26344476E-01  1.68013363E+00  2.90784226E-02
    5150  1.54853192E-01  2.96881398E-01 -6.97338904E-01  1.69369717E+00  2.04835451E-02
    5200  1.80653704E-01  2.71331137E-01 -6.85673209E-01  1.68236052E+00  2.74476116E-02
    5250  1.96916465E-01  2.94928989E-01 -6.95627819E-01  1.68456537E+00  8.38634857E-03
    5300  2.15718453E-01  2.89990708E-01 -6.39401327E-01  1.67286327E+00  1.67029556E-02
    5350  2.53821110E-01  2.99850657E-01 -6.52177904E-01  1.66347168E+00  1.27798953E-02
    5400  2.81117204E-01  2.56697957E-01 -7.10095665E-01  1.67323641E+00  2.02432083E-02
    5450  2.60820280E-01  2.75008311E-01 -6.96739028E-01  1.68152173E+00  1.81634479E-02
    5500  2.44373964E-01  2.66106875E-01 -6.64525241E-01  1.67725981E+00  1.05047092E-02
    5550  2.40207549E-01  2.51759588E-01 -6.53118995E-01  1.66976777E+00  3.22412042E-02
    5600  2.21924467E-01  2.80185615E-01 -6.19616791E-01  1.66661219E+00  2.86799392E-02
    5650  1.52376796E-01  3.20429023E-01 -6.33906868E-01  1.68177175E+00  1.33114002E-02
    5700  1.69298643E-01  3.50039758E-01 -6.05735690E-01  1.69951494E+00  1.77702868E-02
    5750  1.20880493E-01  3.62714515E-01 -5.81093513E-01  1.65969516E+00  2.11790232E-02
    5800  1.03356727E-01  3.47791172E-01 -5.79737445E-01  1.68448553E+00  2.61074893E-02
    5850  1.48426791E-01  3.16316758E-01 -6.01252430E-01  1.69003501E+00  2.76546038E-02
    5900  9.79814861E-02  3.43418687E-01 -5.85669523E-01  1.68026720E+00  2.99167154E-02
    5950  6.85436445E-02  3.62783097E-01 -5.79009466E-01  1.67550923E+00  2.17217641E-02
    6000  6.26175763E-02  3.81195927E-01 -6.02753091E-01  1.71766892E+00  1.44540495E-02
    6050  4.52281445E-02  3.70381561E-01 -6.13081851E-01  1.69315676E+00  1.91702568E-02
    6100  7.21922063E-03  3.87758518E-01 -5.77603012E-01  1.69515070E+00  2.13981131E-02
    6150  3.73419736E-02  3.98228106E-01 -5.90100717E-01  1.69830075E+00  1.41451126E-02
    6200  3.56788141E-02  3.61047386E-01 -6.33407434E-01  1.68213140E+00  1.74582443E-02
    6250  6.83056838E-02  3.47596079E-01 -6.42649211E-01  1.69120273E+00  2.49529648E-02
    6300  6.74020074E-02  3.80625741E-01 -6.34271942E-01  1.69917682E+00  2.23592147E-02
    6350  6.94980059E-02  3.65990654E-01 -6.17580071E-01  1.69535868E+00  2.61971725E-02
    6400  9.26272025E-02  3.66946101E-01 -6.09748068E-01  1.69679252E+00  2.81933538E-02
    6450  1.01103780E-01  3.43297397E-01 -5.42577339E-01  1.68194380E+00  2.57230335E-02
    6500  9.89181858E-02  3.60177131E-01 -5.51962184E-01  1.69256400E+00  1.83090930E-02
    6550  5.42593203E-02  3.36430911E-01 -5.54459951E-01  1.68917593E+00  4.15867255E-02
    6600  6.80033042E-02  3.47484693E-01 -6.08121248E-01  1.68773969E+00  1.10774252E-02
    6650  1.02371552E-01  3.37195610E-01 -5.53543688E-01  1.66968136E+00  2.91671038E-02
    6700  1.00682094E-01  3.45239374E-01 -5.33711948E-01  1.69410416E+00  1.38108312E-02
    6750  7.09765909E-02  3.42311861E-01 -5.60492116E-01  1.69229356E+00  1.34526215E-02
    6800  9.73320411E-02  3.31564965E-01 -5.26150700E-01  1.67819649E+00  1.69078193E-02
    6850  1.12356811E-01  3.27624999E-01 -5.48712437E-01  1.67660670E+00  3.58504466E-02
    6900  1.43279040E-01  3.03854428E-01 -5.47694477E-01  1.65996633E+00  4.17811240E-02
    6950  1.35874084E-01  3.21214149E-01 -5.23164342E-01  1.67003279E+00  2.68000632E-02
    7000  7.64715572E-02  3.42962983E-01 -4.99242123E-01  1.68112894E+00  1.85167486E-02
    7050  7.11166044E-02  3.64464987E-01 -5.26276847E-01  1.69344175E+00  2.45140137E-02
    7100  7.99896471E-02  3.65706469E-01 -5.47794443E-01  1.69667990E+00  1.44676208E-02
    7150  1.28152600E-01  4.03090546E-01 -5.89309344E-01  1.68199583E+00  3.31682639E-02
    7200  9.56062388E-02  3.97771281E-01 -5.68313016E-01  1.64475955E+00  1.13728619E-02
    7250  9.40998897E-02  3.96317412E-01 -6.22475247E-01  1.67892113E+00  2.44868784E-02
    7300  3.39887206E-02  4.20715561E-01 -6.11004470E-01  1.67965990E+00  1.56969223E-02
    7350  1.68153764E-02  3.60470774E-01 -6.26877632E-01  1.70679526E+00  3.12463312E-02
    7400  3.77801568E-02  3.45971213E-01 -6.06168352E-01  1.68177303E+00  1.93431639E-02
    7450  6.49402591E-02  3.41268010E-01 -6.02928835E-01  1.65138688E+00  2.43120934E-02
    7500  4.43935845E-02  3.19961425E-01 -5.65462247E-01  1.66941298E+00  4.02017136E-02
    7550  3.64673959E-02  3.05378532E-01 -6.14436223E-01  1.68086878E+00  4.44588635E-02
    7600  8.12399813E-02  3.38695914E-01 -6.23650977E-01  1.68380830E+00  3.43789210E-02
    7650  8.36475747E-02  3.59580747E-01 -6.35571209E-01  1.68537940E+00  3.00159782E-02
    7700  1.17132943E-01  3.60553897E-01 -6.37194371E-01  1.68488220E+00  3.38969669E-02
    7750  9.23263944E-02  3.38048977E-01 -6.60757229E-01  1.67096640E+00  4.89078427E-02
    7800  9.05654741E-02  3.27571756E-01 -6.31869292E-01  1.67853958E+00  3.86477820E-02
    7850  7.56346555E-02  3.43442833E-01 -6.29315475E-01  1.66629349E+00  3.27618269E-02
    7900  9.40651479E-02  3.03696990E-01 -6.77032101E-01  1.69536943E+00  2.46723969E-02
    7950  7.60003719E-02  3.22311827E-01 -6.96071747E-01  1.68345649E+00  9.93971116E-03
    8000  6.06514095E-02  3.12001882E-01 -6.51484914E-01  1.69148967E+00  1.94653174E-02
    8050  5.52175530E-02  3.37583038E-01 -6.66156433E-01  1.68480369E+00  3.05114759E-02
    8100  3.88460534E-02  3.46291328E-01 -6.62697166E-01  1.68113733E+00  1.57379859E-02
    8150  5.53230005E-02  3.46180030E-01 -6.80333238E-01  1.65642200E+00  1.29274454E-02
    8200  4.29792309E-02  3.48795215E-01 -7.36027243E-01  1.67678461E+00  2.50297300E-02
    8250  6.57401335E-02  3.77423785E-01 -7.59252727E-01  1.65879062E+00  2.30469609E-02
    8300  1.09940706E-01  3.70252828E-01 -7.34571143E-01  1.66977339E+00  2.44485233E-02
    8350  1.40936040E-01  3.54242993E-01 -7.18494378E-01  1.66870941E+00  1.46498044E-02
    8400  9.49256353E-02  3.92049581E-01 -7.63497614E-01  1.68184747E+00  1.54880786E-02
    8450  8.13698483E-02  4.26190759E-01 -7.47013628E-01  1.68287619E+00  1.94891755E-02
    8500  1.28243801E-01  3.95050508E-01 -7.67802504E-01  1.69100232E+00  1.90467849E-02
    8550  1.19516123E-01  3.84558159E-01 -7.63306629E-01  1.68843019E+00  2.27912196E-02
    8600  1.04381073E-01  3.89609641E-01 -7.35774196E-01  1.68200699E+00  1.97813810E-02
    8650  1.25846944E-01  2.92579023E-01 -7.63792085E-01  1.67325449E+00  3.04247194E-02
    8700  1.21449583E-01  3.14572302E-01 -7.22464336E-01  1.69534165E+00  1.49148022E-02
    8750  8.63317528E-02  3.01454669E-01 -7.10409731E-01  1.69557764E+00  2.23989938E-02
    8800  6.40911728E-02  3.42270419E-01 -7.02365341E-01  1.67791915E+00  2.42724901E-02
    8850  5.07666165E-02  3.34532862E-01 -6.81874968E-01  1.67965093E+00  1.51948085E-02
    8900  8.63057473E-02  3.18162916E-01 -7.03046023E-01  1.67864970E+00  1.97245678E-02
    8950  8.12958607E-02  4.00113559E-01 -6.75850989E-01  1.68963186E+00  3.05616157E-02
    9000  9.82867341E-02  3.96739256E-01 -6.97168192E-01  1.67257333E+00  2.76183257E-02
    9050  4.80705824E-02  4.35272883E-01 -6.80787919E-01  1.68192172E+00  1.96472240E-02
    9100  9.53355359E-02  4.43266118E-01 -7.39176356E-01  1.68656677E+00  1.85874312E-02
    9150  8.05326582E-02  3.93144648E-01 -7.41797748E-01  1.68978133E+00  3.49829135E-02
    9200  9.04305931E-02  3.98623405E-01 -7.39315631E-01  1.68401744E+00  2.31915028E-02
    9250  1.16659599E-01  4.03921651E-01 -7.58104300E-01  1.68199910E+00  1.09796101E-02
    9300  1.13501722E-01  4.04409229E-01 -7.34194288E-01  1.68294283E+00  2.29093369E-02
    9350  5.25962680E-02  4.03801473E-01 -7.30645670E-01  1.67567870E+00  3.29087516E-02
    9400  4.90706526E-02  4.48012156E-01 -7.40022703E-01  1.68689204E+00  3.31495326E-02
    9450  3.50375731E-02  4.31276533E-01 -7.92947488E-01  1.68121765E+00  4.13892652E-02
    9500  1.53493461E-02  4.26533959E-01 -7.96104204E-01  1.68501745E+00  2.70353647E-02
    9550  7.40144972E-03  4.41446183E-01 -8.02349949E-01  1.67825018E+00  2.03037718E-02
    9600 -3.99869227E-02  4.19186650E-01 -7.91832663E-01  1.67006818E+00  2.94007807E-02
    9650 -2.64692275E-02  3.97622458E-01 -8.08534361E-01  1.67724580E+00  1.27360898E-02
    9700 -3.32418268E-02  3.83655375E-01 -8.29050828E-01  1.67977493E+00  2.49835624E-02
    9750 -4.04697328E-02  3.45930849E-01 -8.79046046E-01  1.68428326E+00  1.23539233E-02
    9800 -1.71602129E-02  3.64737598E-01 -8.44952394E-01  1.66139666E+00  1.26659272E-02
    9850 -7.02772935E-02  3.79266220E-01 -8.75914598E-01  1.69746870E+00  1.99576247E-02
    9900 -2.95344143E-02  3.44490347E-01 -8.58703387E-01  1.67301344E+00  3.93884371E-02
    9950  2.19971210E-02  2.94067753E-01 -8.62683939E-01  1.68277001E+00  3.55195178E-02
   10000  9.61303505E-03  2.40308217E-01 -8.66355484E-01  1.68848197E+00  3.51877593E-02
   10050 -3.67012230E-02  2.86016217E-01 -8.46228127E-01  1.70312461E+00  6.85745445E-03
   10100 -3.12288079E-02  2.97510771E-01 -8.41314306E-01  1.69604904E+00  3.31265198E-02
   10150  2.04343051E-02  2.76364129E-01 -8.42562147E-01  1.68594424E+00  1.38989175E-02
   10200  1.36501545E-02  2.63474922E-01 -7.99118397E-01  1.68953580E+00  1.85546046E-02
   10250 -1.44932880E-02  2.98791038E-01 -8.11859806E-01  1.66302092E+00  2.52032575E-02
   10300 -2.42877199E-02  2.91006948E-01 -8.74918658E-01  1.66827268E+00  1.94654574E-02
   10350 -2.09724612E-02  3.07976101E-01 -8.48711014E-01  1.65343611E+00  2.63971541E-02
   10400 -4.20250208E-04  3.16271131E-01 -8.10178590E-01  1.66992245E+00  3.54563969E-02
   10450 -1.58056350E-02  2.57887828E-01 -8.18061385E-01  1.66200473E+00  2.19049420E-02
   10500  4.76188719E-02  2.40655345E-01 -8.11201349E-01  1.69564389E+00  7.21926829E-03
   10550  1.08402783E-02  2.86454153E-01 -8.36860811E-01  1.69796196E+00  2.42160301E-02
   10600  9.10566765E-03  2.64812972E-01 -8.44481572E-01  1.68581948E+00  1.33086641E-02
   10650  2.71996326E-02  2.90567885E-01 -8.09236545E-01  1.67514714E+00  1.69838605E-02
   10700  7.79140230E-02  2.33705017E-01 -8.24282637E-01  1.67652107E+00  1.03815870E-02
   10750  8.09084602E-02  2.55776113E-01 -8.47673047E-01  1.68182970E+00  1.40848852E-02
   10800  1.17073329E-01  2.57802092E-01 -8.30058837E-01  1.68556549E+00  2.63014396E-02
   10850  1.53452034E-01  2.83531989E-01 -8.45644326E-01  1.67182631E+00  3.04687269E-02
   10900  1.91462792E-01  2.58214943E-01 -8.51258385E-01  1.68584720E+00  1.10666506E-02
   10950  1.65210817E-01  2.78294766E-01 -8.77463200E-01  1.67317185E+00  1.03434423E-02
   11000  1.90532664E-01  2.46709882E-01 -9.22089642E-01  1.68045011E+00  1.94916600E-02
   11050  2.43174877E-01  2.54169286E-01 -8.86070566E-01  1.68003283E+00  2.30633146E-02
   11100  2.35107514E-01  2.35336218E-01 -8.25073763E-01  1.66996132E+00  1.13680179E-02
   11150  1.85913830E-01  2.48630162E-01 -8.71270402E-01  1.69766774E+00  1.29905521E-02
   11200  2.03113871E-01  1.96259816E-01 -8.58088854E-01  1.68182234E+00  2.83174229E-02
   11250  2.48833303E-01  1.79148569E-01 -8.48732258E-01  1.70107720E+00  2.09535905E-02
   11300  1.75865931E-01  1.84362475E-01 -8.81327294E-01  1.70630669E+00  1.00785783E-02
   11350  1.40792397E-01  1.91106330E-01 -8.61833200E-01  1.67806165E+00  3.21805703E-02
   11400  1.21088803E-01  1.49600855E-01 -8.90881446E-01  1.67354990E+00  2.13030169E-02
   11450  1.19763969E-01  1.21643190E-01 -8.86468801E-01  1.68401389E+00  1.56239504E-02
   11500  1.53156679E-01  1.93109130E-01 -9.32923301E-01  1.69843579E+00  1.72086032E-02
   11550  1.30322110E-01  2.07660661E-01 -9.07545275E-01  1.70149950E+00  1.47129828E-02
   11600  1.30612880E-01  2.05327166E-01 -9.01060145E-01  1.69234292E+00  3.33225404E-02
   11650  1.27331346E-01  2.24384582E-01 -8.91557198E-01  1.68374543E+00  1.84351456E-02
   11700  9.33834784E-02  2.13985543E-01 -8.90082831E-01  1.68695434E+00  2.39357825E-02
   11750  1.02822759E-01  2.05635104E-01 -8.72692604E-01  1.68992629E+00  4.24824345E-02
   11800  7.47276173E-02  1.97097371E-01 -9.17155695E-01  1.68693409E+00  3.42994330E-02
   11850  1.21669522E-01  1.10586573E-01 -8.80577311E-01  1.68157782E+00  2.13546450E-02
   11900  1.20184704E-01  7.51002725E-02 -8.56584013E-01  1.68848903E+00  1.36753668E-02
   11950  1.22917375E-01  9.90876932E-02 -8.78264293E-01  1.68862991E+00  2.19402691E-02
   12000  1.41610446E-01  1.12777728E-01 -9.30045442E-01  1.69384693E+00  4.43710597E-02
   12050  1.27822522E-01  1.25850405E-01 -9.41398921E-01  1.69385158E+00  2.25501562E-02
   12100  1.41854758E-01  9.10371197E-02 -9.58454487E-01  1.69185451E+00  3.40094602E-02
   12150  9.05972256E-02  1.05574968E-01 -9.65424404E-01  1.70209494E+00  1.56752843E-02
   12200  9.76812706E-02  1.69028836E-01 -9.38477603E-01  1.68745447E+00  1.90835277E-02
   12250  9.68744140E-02  1.51291796E-01 -9.53228628E-01  1.69907193E+00  2.38080955E-02
   12300  5.38511813E-02  2.30043139E-01 -1.01871985E+00  1.71046471E+00  2.43368190E-02
   12350  1.74483860E-02  2.42390958E-01 -9.55442978E-01  1.68753055E+00  4.42687138E-02
   12400  2.03936631E-02  2.22991816E-01 -9.76568395E-01  1.69961723E+00  3.99934899E-02
   12450  2.16483308E-02  2.42746286E-01 -1.02074365E+00  1.69549686E+00  3.27524127E-02
   12500  3.84191403E-02  2.29487983E-01 -9.54732857E-01  1.69487743E+00  2.74307017E-02
   12550  8.60044348E-02  2.20080643E-01 -9.59636931E-01  1.68614367E+00  1.66192426E-02
   12600  1.03320659E-01  1.85331651E-01 -9.58689421E-01  1.69113291E+00  1.10152002E-02
   12650  1.57677615E-01  1.41432454E-01 -9.57156963E-01  1.67027753E+00  1.53490795E-02
   12700  1.91816391E-01  1.38054885E-01 -9.15716478E-01  1.65899864E+00  2.53596541E-02
   12750  2.04245537E-01  1.03357164E-01 -8.83007238E-01  1.65979694E+00  1.32901172E-02
   12800  1.54824311E-01  1.38426992E-01 -9.08153328E-01  1.67602260E+00  3.02697530E-02
   12850  1.34638683E-01  1.49134391E-01 -8.90948182E-01  1.66678121E+00  2.34122021E-02
   12900  1.38823567E-01  1.84318789E-01 -8.86076644E-01  1.66748785E+00  2.81392751E-02
   12950  1.59290568E-01  1.84472253E-01 -8.61948743E-01  1.67692710E+00  3.80193546E-02
   13000  1.42759686E-01  1.75156548E-01 -8.54317848E-01  1.69848424E+00  3.44146080E-02
   13050  1.85219014E-01  1.78958849E-01 -8.46672183E-01  1.69503938E+00  3.57615274E-02
   13100  1.70493636E-01  2.23811978E-01 -7.80216179E-01  1.69015351E+00  4.31091305E-02
   13150  1.39272037E-01  2.49687627E-01 -7.37937868E-01  1.67466569E+00  2.57973417E-02
   13200  1.70183788E-01  2.44634854E-01 -7.44752676E-01  1.68623567E+00  2.38768813E-02
   13250  1.66533251E-01  2.52671962E-01 -7.25015113E-01  1.67673511E+00  2.13218471E-02
   13300  1.43431716E-01  2.48618563E-01 -6.55817902E-01  1.66237115E+00  2.04985600E-02
   13350  1.14749462E-01  2.65608507E-01 -6.37990935E-01  1.68885824E+00  2.52365680E-02
   13400  1.23139711E-01  2.01963971E-01 -6.91890972E-01  1.69385269E+00  2.29284416E-02
   13450  1.47898874E-01  2.27163643E-01 -7.19738325E-01  1.68726993E+00  1.99036302E-02
   13500  1.55825091E-01  1.88987056E-01 -7.09044387E-01  1.68798996E+00  1.79252391E-02
   13550  1.70154085E-01  1.70229316E-01 -6.93913206E-01  1.69455637E+00  1.54084398E-02
   13600  1.68778830E-01  1.20986465E-01 -6.78019176E-01  1.69373364E+00  1.83410681E-02
   13650  1.45215809E-01  1.24835408E-01 -6.68411891E-01  1.69175811E+00  2.64483547E-02
   13700  1.45136209E-01  1.28639165E-01 -7.02328505E-01  1.70601478E+00  1.18682360E-02
   13750  1.70167759E-01  7.37630808E-02 -6.58372402E-01  1.69611747E+00  3.02300982E-02
   13800  1.64334533E-01  6.54771104E-02 -6.06633198E-01  1.69229635E+00  3.03270199E-02
   13850  1.63449522E-01  7.58082062E-02 -5.75006534E-01  1.67761058E+00  3.03678793E-02
   13900  1.33525727E-01  8.74867794E-03 -6.17180977E-01  1.70555935E+00  1.88911805E-02
   13950  8.96478398E-02 -2.87254257E-03 -6.70993918E-01  1.68363168E+00  3.09804701E-02
   14000  4.85775440E-02 -3.48914388E-02 -6.25448531E-01  1.70391740E+00  3.38721849E-02
   14050  4.62520161E-02 -4.05865378E-02 -6.01862155E-01  1.70194165E+00  1.32247846E-02
   14100  2.83669127E-02 -9.19909706E-02 -6.53606620E-01  1.69990775E+00  1.90761245E-02
   14150  6.29054849E-02 -8.28756310E-02 -6.41795410E-01  1.68399333E+00  7.37250514E-03
   14200  8.48253679E-02 -8.60388366E-02 -6.38365066E-01  1.68492602E+00  2.52024408E-02
   14250  5.68946157E-02 -9.14922777E-02 -6.26772773E-01  1.68785633E+00  2.07052740E-02
   14300  5.87714217E-02 -9.46493692E-02 -5.88235833E-01  1.69787837E+00  3.32621834E-02
   14350  1.03666066E-01 -8.44255600E-02 -5.69623261E-01  1.71518293E+00  2.59497448E-02
   14400  1.18539460E-01 -1.02293684E-01 -5.54508252E-01  1.70152223E+00  1.74659169E-02
   14450  1.67002679E-01 -1.23449720E-01 -6.05374737E-01  1.72755643E+00  1.27483676E-02
   14500  1.65629286E-01 -9.59979298E-02 -5.12684272E-01  1.70982575E+00  1.93086561E-02
   14550  2.02848104E-01 -6.30758333E-02 -4.84614605E-01  1.70375025E+00  2.26117398E-02
   14600  2.13614987E-01 -4.63441041E-02 -4.94793900E-01  1.69109072E+00  1.90504989E-02
   14650  2.31247915E-01 -6.19522588E-02 -5.02711905E-01  1.70002421E+00  2.86331694E-02
   14700  2.31970837E-01 -3.33296653E-02 -4.59071058E-01  1.70040887E+00  2.17151279E-02
   14750  2.48474047E-01 -8.83349471E-02 -4.70194158E-01  1.69870625E+00  3.71567881E-02
   14800  2.51147108E-01 -1.55532308E-01 -4.43045459E-01  1.67851136E+00  2.87299567E-02
   14850  2.51506617E-01 -1.52651213E-01 -3.84430307E-01  1.68921017E+00  2.16613956E-02
   14900  2.32397565E-01 -1.94792288E-01 -3.88334484E-01  1.70611114E+00  2.68094715E-02
   14950  2.47764183E-01 -1.84134866E-01 -4.06157073E-01  1.71073929E+00  1.97342750E-02
   15000  2.75408244E-01 -1.53649092E-01 -3.69835825E-01  1.69291406E+00  1.85011714E-02
   15050  2.80398832E-01 -1.31564940E-01 -3.79165408E-01  1.69217770E+00  1.64755579E-02
   15100  2.63935672E-01 -1.97937513E-01 -3.66349391E-01  1.68664958E+00  2.69687192E-02
   15150  2.60439145E-01 -2.40362776E-01 -3.88555915E-01  1.68203342E+00  2.93937328E-02
   15200  2.69065371E-01 -2.23316973E-01 -3.70154399E-01  1.66816825E+00  2.42279975E-02
   15250  2.86446403E-01 -2.17816267E-01 -3.61547697E-01  1.67768902E+00  3.86603763E-02
   15300  2.44219791E-01 -2.72816764E-01 -3.57835904E-01  1.68231221E+00  8.94616547E-03
   15350  2.11358942E-01 -3.09982233E-01 -3.08714153E-01  1.69734566E+00  2.17930721E-02
   15400  1.78398877E-01 -3.95731885E-01 -2.59652791E-01  1.68032025E+00  2.77997451E-02
   15450  1.86454093E-01 -3.33283574E-01 -3.43238520E-01  1.69446200E+00  1.09365934E-02
   15500  1.74887323E-01 -4.33893109E-01 -2.65948684E-01  1.69879952E+00  1.52144596E-02
   15550  1.51342525E-01 -4.53000409E-01 -2.28035263E-01  1.68285719E+00  2.47920764E-02
   15600  1.59843679E-01 -4.17535400E-01 -2.26141334E-01  1.70996702E+00  1.26476338E-02
   15650  1.78199916E-01 -4.46146170E-01 -2.03760142E-01  1.68053503E+00  1.83822176E-02
   15700  1.34019870E-01 -4.00730658E-01 -2.13031539E-01  1.70583691E+00  2.48887224E-02
   15750  1.37506795E-01 -3.99159678E-01 -2.19658466E-01  1.67805444E+00  4.15360990E-02
   15800  1.44678805E-01 -3.31780922E-01 -1.96472305E-01  1.69498320E+00  1.13603220E-02
   15850  1.89359058E-01 -3.01689225E-01 -2.77539893E-01  1.69011155E+00  1.84751753E-02
   15900  1.82482935E-01 -2.82518449E-01 -2.59138392E-01  1.67982937E+00  2.08260461E-02
   15950  2.02756231E-01 -2.40263906E-01 -2.59443307E-01  1.67641135E+00  2.02208826E-02
   16000  2.09509141E-01 -2.61620660E-01 -2.55149339E-01  1.68451100E+00  1.68825915E-02
   16050  1.82218076E-01 -3.25398926E-01 -2.27536517E-01  1.69796133E+00  2.07885012E-02
   16100  2.20584453E-01 -3.45565191E-01 -2.10615663E-01  1.68687315E+00  3.06912787E-02
   16150  2.23369723E-01 -2.76832027E-01 -1.54422364E-01  1.69597174E+00  1.48687099E-02
   16200  2.04388805E-01 -2.27965061E-01 -1.53145387E-01  1.69509656E+00  1.89229480E-02
   16250  1.98198880E-01 -2.47253652E-01 -1.75580660E-01  1.68689153E+00  2.92164603E-02
   16300  1.86261379E-01 -2.66021422E-01 -2.04139824E-01  1.69340540E+00  1.54506202E-02
   16350  1.92959196E-01 -3.18752135E-01 -2.09657650E-01  1.69684827E+00  1.89541478E-02
   16400  1.72001334E-01 -3.03913783E-01 -1.90190885E-01  1.69113507E+00  1.15212284E-02
   16450  1.41846150E-01 -2.79033080E-01 -2.02079945E-01  1.68316500E+00  2.29943480E-02
   16500  1.40067597E-01 -2.64923356E-01 -1.86309263E-01  1.69242072E+00  2.36466551E-02
   16550  1.44934931E-01 -2.72287021E-01 -1.32425999E-01  1.68288545E+00  2.65482002E-02
   16600  1.69602373E-01 -2.56489216E-01 -1.01602801E-01  1.68157617E+00  4.53851330E-02
   16650  1.50670163E-01 -2.64357027E-01 -1.21906872E-01  1.66716473E+00  3.86030223E-02
   16700  1.11991481E-01 -2.48905100E-01 -1.43956455E-01  1.68613062E+00  2.40584205E-02
   16750  1.61141492E-01 -2.89932180E-01 -2.13055967E-01  1.65489218E+00  1.92500412E-02
   16800  1.61607128E-01 -2.77394319E-01 -2.25949828E-01  1.66881525E+00  3.14586143E-02
   16850  1.79898044E-01 -2.41868782E-01 -2.01438810E-01  1.68026355E+00  2.25636716E-02
   16900  1.81795891E-01 -2.96222207E-01 -2.00409790E-01  1.67773850E+00  3.76156776E-02
   16950  1.87270648E-01 -2.61594340E-01 -1.88470359E-01  1.67430882E+00  2.94817147E-02
   17000  1.77024415E-01 -3.09337795E-01 -2.10141864E-01  1.68518582E+00  2.19216182E-02
   17050  1.83701421E-01 -3.14663092E-01 -1.59949273E-01  1.66624162E+00  1.76075900E-02
   17100  2.05414305E-01 -3.39864696E-01 -1.38285798E-01  1.67727869E+00  2.62928003E-02
   17150  1.89785499E-01 -3.77661272E-01 -1.55336823E-01  1.68156351E+00  2.52243798E-02
   17200  1.99708018E-01 -3.31598052E-01 -1.49147329E-01  1.68687763E+00  2.88299363E-02
   17250  1.92834931E-01 -2.60140520E-01 -1.48606654E-01  1.67966677E+00  1.53458718E-02
   17300  2.10530212E-01 -2.62317787E-01 -1.71171634E-01  1.67708277E+00  2.73790014E-02
   17350  1.90015173E-01 -2.56754002E-01 -1.96823397E-01  1.65622093E+00  2.18529195E-02
   17400  1.94976718E-01 -1.85330969E-01 -1.85163319E-01  1.66876105E+00  2.77781595E-02
   17450  1.90182778E-01 -1.66790657E-01 -2.01798425E-01  1.66323183E+00  2.48300636E-02
   17500  1.46874995E-01 -1.77813974E-01 -2.26054571E-01  1.67689817E+00  2.25723290E-02
   17550  1.41956527E-01 -1.60164525E-01 -1.74792994E-01  1.67372429E+00  1.68415178E-02
   17600  1.26104719E-01 -1.75909920E-01 -1.35072825E-01  1.69643446E+00  2.10812838E-02
   17650  1.07777418E-01 -1.97600907E-01 -1.43897830E-01  1.68346663E+00  1.95307855E-02
   17700  1.33311521E-01 -2.00919880E-01 -2.04317159E-01  1.68091593E+00  1.66208912E-02
   17750  1.06194833E-01 -2.20250883E-01 -1.63538295E-01  1.68264012E+00  2.18718054E-02
   17800  5.19746087E-02 -2.46843846E-01 -1.45394457E-01  1.67829844E+00  1.71663223E-02
   17850  5.56515178E-02 -2.28829581E-01 -1.53667660E-01  1.68240564E+00  2.63408387E-02
   17900  7.54550626E-02 -2.20308528E-01 -1.73539333E-01  1.69734839E+00  1.48550419E-02
   17950  4.11984514E-02 -2.18176583E-01 -1.73263228E-01  1.71808162E+00  2.33774163E-02
   18000  4.68730404E-02 -2.01120462E-01 -1.68761191E-01  1.70067038E+00  1.77133237E-02
   18050  7.31917618E-02 -1.55685652E-01 -1.82388353E-01  1.69428831E+00  1.43697490E-02
   18100  7.24073055E-02 -1.35856814E-01 -1.65582887E-01  1.68540932E+00  1.07763327E-02
   18150  6.79498695E-02 -1.05476191E-01 -1.98864737E-01  1.67860503E+00  8.33197037E-03
   18200  7.11320876E-02 -1.38980452E-01 -2.03836638E-01  1.68414674E+00  2.49537609E-02
   18250  6.65635226E-02 -1.47652503E-01 -2.23401470E-01  1.67240959E+00  1.66549354E-02
   18300  3.99274203E-02 -1.05186092E-01 -2.26839429E-01  1.67362816E+00  1.19674853E-02
   18350  4.57820064E-02 -9.95210265E-02 -2.09227070E-01  1.67918443E+00  1.53241842E-02
   18400  6.81215449E-02 -6.86343671E-02 -1.62509053E-01  1.69391456E+00  2.99106979E-02
   18450  7.52935286E-02 -2.69087419E-02 -1.95050820E-01  1.67650359E+00  2.35603841E-02
   18500  6.71977278E-02  2.75080638E-02 -2.21170990E-01  1.67713901E+00  8.12627320E-03
   18550  7.34002995E-02 -1.52734581E-02 -1.91976240E-01  1.68313507E+00  1.56238635E-02
   18600  1.03302487E-01  3.22945672E-02 -1.72104324E-01  1.69094195E+00  1.26675644E-02
   18650  7.45117329E-02  2.24960935E-02 -1.78287788E-01  1.70697129E+00  1.49863291E-02
   18700  8.66301065E-02  2.68637092E-02 -1.61093360E-01  1.69345955E+00  9.12676217E-03
   18750  6.77855425E-02  7.76233187E-03 -1.18286776E-01  1.69440072E+00  2.33832956E-02
   18800  4.05605673E-02  4.38203968E-02 -1.01976089E-01  1.67911073E+00  9.38322594E-03
   18850  4.03576300E-02  8.89910696E-02 -8.26293950E-02  1.70153182E+00  1.64478119E-02
   18900  3.26743102E-02  9.04630187E-02 -7.06869512E-02  1.67896337E+00  2.39106456E-02
   18950 -1.69797477E-02  8.34217995E-02 -6.14097392E-02  1.68619729E+00  1.23429390E-02
   19000  1.18755641E-02  1.14125594E-01 -1.02543758E-01  1.68412422E+00  1.67477183E-02
   19050  1.68853619E-03  1.17857908E-01 -9.24444986E-02  1.67789477E+00  1.33543958E-02
   19100 -1.77466633E-02  4.63146247E-02 -8.64955839E-02  1.66660486E+00  1.28930971E-02
   19150 -3.55079736E-02  4.99273799E-02 -9.40110836E-02  1.69164238E+00  1.74186093E-02
   19200 -4.27862881E-02  1.03255680E-01 -1.01528327E-01  1.68487658E+00  1.99477537E-02
   19250 -8.35473729E-02  1.51964117E-01 -8.46626009E-02  1.66988737E+00  2.74708968E-02
   19300 -1.04306571E-01  1.32089604E-01 -8.41214515E-02  1.67166194E+00  1.72275989E-02
   19350 -1.15636938E-01  1.60955738E-01 -4.95135390E-02  1.66611103E+00  2.17668503E-02
   19400 -7.80120944E-02  1.75811366E-01 -6.43639682E-02  1.67856981E+00  1.60470822E-02
   19450 -4.43360862E-02  1.41197980E-01 -1.30635591E-01  1.66264069E+00  2.00518111E-02
   19500 -2.80517257E-02  2.06489714E-01 -1.84857387E-01  1.65187581E+00  1.35287052E-02
   19550  7.70261192E-03  2.73634667E-01 -1.73762078E-01  1.68899376E+00  1.65456940E-02
   19600  1.02222466E-02  3.54375450E-01 -1.48733430E-01  1.69169879E+00  1.26176873E-02
   19650 -1.51873855E-02  3.56428613E-01 -1.17003525E-01  1.67782295E+00  1.98470531E-02
   19700  7.08401511E-03  3.63811386E-01 -1.67177647E-01  1.67920988E+00  1.74388956E-02
   19750 -1.20151309E-02  3.43184276E-01 -1.40946709E-01  1.68590490E+00  1.99788247E-02
   19800 -2.53404816E-02  3.18977682E-01 -1.24588100E-01  1.68477447E+00  2.43080764E-02
   19850 -3.27348625E-03  3.33125085E-01 -1.87254343E-01  1.66550582E+00  1.22137413E-02
   19900  4.09427951E-02  3.77642214E-01 -2.02028930E-01  1.67144563E+00  2.45482742E-02
   19950  7.54240462E-02  3.75066674E-01 -2.16816319E-01  1.67122427E+00  1.17175844E-02
   20000  1.08898795E-01  3.26027019E-01 -2.77211698E-01  1.65439128E+00  1.87041997E-02
   20050  5.51313620E-02  3.17740227E-01 -2.48418750E-01  1.68935800E+00  1.15919270E-02
   20100  8.78092022E-02  3.22790543E-01 -2.32183622E-01  1.69131211E+00  1.37842032E-02
   20150  8.77475819E-02  3.33601344E-01 -2.72799326E-01  1.67670414E+00  3.16421731E-02
   20200  7.25399992E-02  2.74035100E-01 -3.36640596E-01  1.69265548E+00  5.63918171E-02
   20250  5.98981397E-02  2.11866591E-01 -3.18503981E-01  1.69527204E+00  3.30756865E-02
   20300  8.09838412E-02  2.19871308E-01 -3.33112846E-01  1.68804682E+00  2.90496006E-02
   20350  7.74931380E-02  2.04352201E-01 -3.34097535E-01  1.66948282E+00  2.66987031E-02
   20400  1.10241406E-01  2.00162551E-01 -3.67130720E-01  1.68768315E+00  1.85473210E-02
   20450  8.15314223E-02  1.44715800E-01 -3.51535137E-01  1.69157962E+00  1.83954475E-02
   20500  7.43172975E-02  1.27054837E-01 -3.02495431E-01  1.68775945E+00  3.41914337E-02
   20550  6.88829755E-02  1.52787563E-01 -2.79054058E-01  1.69476946E+00  1.08519710E-02
   20600  1.14163003E-01  2.29416343E-01 -3.78557967E-01  1.69806327E+00  3.39086833E-02
   20650  1.06345016E-01  2.39328613E-01 -3.99218842E-01  1.69426931E+00  2.98929697E-02
   20700  1.54764287E-01  2.56222165E-01 -4.21250249E-01  1.67944468E+00  1.90143342E-02
   20750  1.24539083E-01  2.91191130E-01 -3.76441927E-01  1.69664602E+00  1.88975789E-02
   20800  1.16139907E-01  2.58356594E-01 -3.37477326E-01  1.66502829E+00  1.69417276E-02
   20850  8.90490711E-02  2.19633667E-01 -3.19258710E-01  1.69307112E+00  1.66368968E-02
   20900  4.87115487E-02  1.94425413E-01 -2.99400411E-01  1.67337441E+00  7.66180914E-03
   20950  5.00223479E-02  1.79241422E-01 -3.12197221E-01  1.69058076E+00  1.03170146E-02
   21000  3.75448979E-02  1.71780889E-01 -2.48271521E-01  1.67014972E+00  2.35035567E-02
   21050  3.39009134E-02  2.12408650E-01 -2.60560708E-01  1.70235648E+00  2.09191831E-02
   21100  5.62407321E-02  1.64403287E-01 -2.71903034E-01  1.69057067E+00  1.86388193E-02
   21150  7.12113682E-02  1.65273504E-01 -3.08741255E-01  1.69853468E+00  2.53649083E-02
   21200  1.07122538E-01  1.82081362E-01 -3.13859398E-01  1.69096763E+00  3.50289983E-02
   21250  1.06155724E-01  1.76184704E-01 -3.84286851E-01  1.68465050E+00  3.87437156E-02
   21300  9.24425902E-02  2.11317322E-01 -3.20320438E-01  1.68706624E+00  2.11556452E-02
   21350  9.02428747E-02  1.66465852E-01 -3.07839586E-01  1.70171608E+00  2.89790851E-02
   21400  9.54818545E-02  1.82748373E-01 -3.39086789E-01  1.69771919E+00  1.44735611E-02
   21450  8.55167592E-02  2.19971060E-01 -3.42703268E-01  1.68664201E+00  2.60388974E-02
   21500  7.09275831E-02  2.11120320E-01 -3.20767912E-01  1.70048664E+00  2.05245784E-02
   21550  1.08995504E-01  2.33034069E-01 -3.33897128E-01  1.70247414E+00  1.38711011E-02
   21600  1.25344012E-01  2.16688102E-01 -3.65948586E-01  1.68753321E+00  2.99456752E-02
   21650  1.55391107E-01  1.74958418E-01 -4.03601408E-01  1.69432411E+00  1.26163065E-02
   21700  1.65763836E-01  1.76480597E-01 -3.97929504E-01  1.68859548E+00  8.31013902E-03
   21750  1.91733126E-01  1.79058950E-01 -4.18942234E-01  1.68833392E+00  1.17104262E-02
   21800  1.39592340E-01  1.49351662E-01 -4.02760993E-01  1.69988738E+00  2.23052152E-02
   21850  1.59734457E-01  1.70901149E-01 -4.23322526E-01  1.70862832E+00  2.34301932E-02
   21900  1.47641722E-01  1.85423855E-01 -3.97014392E-01  1.67125112E+00  2.32099982E-02
   21950  1.54420888E-01  2.20498147E-01 -4.35529819E-01  1.66839239E+00  1.70667029E-02
   22000  1.42409631E-01  1.93994040E-01 -4.02046203E-01  1.68045362E+00  3.39605143E-02
   22050  1.47869012E-01  1.62167103E-01 -3.79568199E-01  1.69382731E+00  3.46466863E-02
   22100  1.80762661E-01  1.27107078E-01 -3.52218621E-01  1.70595197E+00  1.44970642E-02
   22150  2.23745774E-01  9.62370927E-02 -3.70560377E-01  1.67245477E+00  1.82924355E-02
   22200  2.47669032E-01  6.45465209E-02 -4.25982245E-01  1.69581144E+00  1.57603077E-02
   22250  2.32446708E-01  3.18496546E-02 -4.09997852E-01  1.69351664E+00  4.07008908E-02
   22300  2.34618685E-01  6.42694104E-02 -4.47456249E-01  1.68338138E+00  2.23804294E-02
   22350  2.57073132E-01  5.10585539E-02 -4.26536216E-01  1.69554393E+00  2.12453354E-02
   22400  2.63654385E-01  3.65125248E-02 -4.58356177E-01  1.69766380E+00  1.65149857E-02
   22450  2.18608509E-01  6.87340265E-02 -3.84988110E-01  1.67768220E+00  1.41047300E-02
   22500  1.96826677E-01  1.14356251E-01 -3.68462354E-01  1.70812041E+00  2.01050830E-02
   22550  2.00982523E-01  9.84449741E-02 -4.18116263E-01  1.70949399E+00  1.41330358E-02
   22600  1.91776507E-01  1.17712523E-01 -3.76968784E-01  1.70142472E+00  1.83339820E-02
   22650  1.75898681E-01  1.51534945E-01 -3.29348264E-01  1.69111951E+00  2.06739475E-02
   22700  1.81384269E-01  1.13876955E-01 -2.98227344E-01  1.68780645E+00  1.83464326E-02
   22750  1.56060520E-01  1.07644061E-01 -3.30614453E-01  1.68908729E+00  3.18639639E-02
   22800  1.66590821E-01  2.01019751E-01 -3.35048947E-01  1.68789645E+00  9.80222063E-03
   22850  1.59547214E-01  2.13982110E-01 -3.60678596E-01  1.68718915E+00  2.04495048E-02
   22900  1.43258474E-01  2.34896270E-01 -4.13094713E-01  1.70395411E+00  7.18427835E-03
   22950  9.46306987E-02  2.11244138E-01 -3.76785101E-01  1.70187797E+00  1.66172320E-02
   23000  1.18443229E-01  2.03488509E-01 -3.77625732E-01  1.69486229E+00  1.16856878E-03
   23050  1.33788026E-01  2.13265961E-01 -3.65189729E-01  1.69729104E+00  1.13974813E-02
   23100  1.42110423E-01  2.99401810E-01 -4.24048432E-01  1.68195271E+00  1.46447137E-02
   23150  1.38479397E-01  3.17717423E-01 -3.85763784E-01  1.67146147E+00  2.21436501E-02
   23200  1.29890791E-01  3.17387274E-01 -3.76377244E-01  1.69174317E+00  1.53656391E-02
   23250  1.37078812E-01  3.57609229E-01 -3.89622197E-01  1.69747514E+00  1.41707075E-02
   23300  1.50609268E-01  3.51272740E-01 -3.74980430E-01  1.67477403E+00  3.03214756E-02
   23350  1.55633452E-01  2.92079800E-01 -3.80950606E-01  1.68755703E+00  2.11609092E-02
   23400  1.67596632E-01  2.89875182E-01 -3.11775407E-01  1.68059767E+00  2.48489256E-02
   23450  1.58845694E-01  2.81820648E-01 -3.37769480E-01  1.68296326E+00  3.24241081E-02
   23500  1.52124666E-01  2.59362384E-01 -3.03044128E-01  1.67495321E+00  1.80722321E-02
   23550  1.63673237E-01  2.50283615E-01 -2.84922434E-01  1.69088161E+00  2.01891830E-02
   23600  1.70038220E-01  3.07944226E-01 -2.57561455E-01  1.69648990E+00  1.25559645E-02
   23650  1.66024699E-01  3.03736324E-01 -2.32359991E-01  1.70632434E+00  1.84305570E-02
   23700  1.27637410E-01  2.85792502E-01 -1.53198062E-01  1.70216902E+00  2.93502900E-02
   23750  1.17565552E-01  2.65302793E-01 -1.84029203E-01  1.69597234E+00  3.47576626E-02
   23800  1.09161425E-01  2.62685275E-01 -2.06039627E-01  1.66763983E+00  2.68778085E-02
   23850  1.28061480E-01  2.80566509E-01 -2.59671026E-01  1.66396622E+00  3.52391308E-02
   23900  1.18299421E-01  2.81812785E-01 -2.53706452E-01  1.68930733E+00  1.11503351E-02
   23950  9.87768465E-02  3.25633783E-01 -2.57273746E-01  1.68959425E+00  1.32517946E-02
   24000  1.24972623E-01  3.47305284E-01 -2.75101006E-01  1.67472961E+00  1.87965846E-02
   24050  1.21397418E-01  3.50570838E-01 -2.88430551E-01  1.68226852E+00  1.80076044E-02
   24100  1.27326388E-01  3.32817072E-01 -2.60626802E-01  1.68985078E+00  2.53036453E-02
   24150  1.08986280E-01  3.39612553E-01 -2.76000161E-01  1.69254564E+00  2.29906825E-02
   24200  1.07414068E-01  2.93905997E-01 -2.80126258E-01  1.66858431E+00  2.68260522E-02
   24250  1.17457323E-01  3.11447261E-01 -3.14416541E-01  1.69323245E+00  1.53953341E-02
   24300  9.23909550E-02  2.82571051E-01 -2.33562715E-01  1.67827563E+00  2.49028001E-02
   24350  7.65371490E-02  2.68766796E-01 -2.22142353E-01  1.69663271E+00  1.50680655E-02
   24400  5.78002399E-02  2.89946363E-01 -2.14364994E-01  1.68431413E+00  1.93193997E-02
   24450  6.93209955E-02  3.26445243E-01 -2.03762762E-01  1.69574014E+00  4.51070770E-03
   24500  4.75194337E-02  3.40801779E-01 -2.15874335E-01  1.68575927E+00  1.61431337E-02
   24550  4.50021891E-02  3.65433627E-01 -2.11112814E-01  1.67896742E+00  8.33633059E-03
   24600  5.23493041E-02  3.52039277E-01 -1.92417847E-01  1.67319682E+00  1.88055245E-02
   24650  7.15256932E-02  3.46341344E-01 -1.97408211E-01  1.68286770E+00  3.41598572E-02
   24700  6.25749183E-02  3.74428902E-01 -2.26219588E-01  1.67704944E+00  3.90789456E-02
   24750  4.81217893E-02  4.38008045E-01 -1.68575479E-01  1.67208300E+00  1.80234482E-02
   24800  9.59344354E-03  4.32670009E-01 -1.44168368E-01  1.68372046E+00  1.52371818E-02
   24850  5.38345405E-03  3.97916083E-01 -1.78354125E-01  1.68137205E+00  8.06220840E-03
   24900  1.83536437E-02  4.35926109E-01 -1.98811132E-01  1.68294233E+00  1.86746457E-02
   24950 -2.26339656E-02  4.48376711E-01 -1.53224569E-01  1.68966148E+00  1.22584819E-02
   25000 -3.00862612E-02  4.36666279E-01 -1.21424595E-01  1.70097967E+00  1.53065703E-02
   25050 -3.23349690E-02  4.61716620E-01 -1.86684440E-01  1.69978929E+00  1.54978145E-02
   25100 -8.71228065E-02  5.01635155E-01 -2.01165130E-01  1.70964595E+00  2.25580162E-02
   25150 -1.08515446E-01  5.00021943E-01 -1.47428059E-01  1.71384479E+00  2.00275033E-02
   25200 -3.78618074E-02  4.73197293E-01 -1.94835686E-01  1.68514710E+00  2.00061959E-02
   25250 -8.74016985E-02  4.62925574E-01 -1.76490665E-01  1.69506259E+00  2.39417642E-02
   25300 -1.07178800E-01  4.67578091E-01 -1.23704658E-01  1.69166156E+00  2.59651799E-02
   25350 -1.01102955E-01  4.99247451E-01 -6.18912049E-02  1.68459055E+00  3.41802009E-02
   25400 -7.84024820E-02  5.34392077E-01 -5.18161388E-03  1.66261573E+00  3.11721390E-02
   25450 -1.42394622E-01  5.21714607E-01  4.54943609E-02  1.66754432E+00  3.10838946E-02
   25500 -1.65407111E-01  4.92941967E-01  3.85274845E-02  1.67434746E+00  2.90192897E-02
   25550 -2.07788607E-01  5.04631003E-01  5.29095600E-02  1.66162439E+00  1.63347178E-02
   25600 -1.96059797E-01  5.07665636E-01  8.61743951E-02  1.66969130E+00  2.84508293E-02
   25650 -1.84106213E-01  5.32621624E-01  4.60837746E-02  1.66499950E+00  4.27531535E-02
   25700 -1.70709511E-01  5.52267844E-01  2.97130326E-02  1.65517026E+00  4.97290086E-02
   25750 -1.97631656E-01  5.59654737E-01  5.23870695E-02  1.66894454E+00  3.27512792E-02
   25800 -1.86463134E-01  4.79895956E-01  8.85945123E-02  1.65742277E+00  4.35806975E-02
   25850 -2.16361857E-01  4.89592231E-01  7.90470086E-02  1.68265536E+00  3.87853743E-02
   25900 -1.93478690E-01  5.05371128E-01  6.48719648E-02  1.68313895E+00  4.05734867E-02
   25950 -2.09354975E-01  4.72765579E-01  6.33970298E-02  1.66168012E+00  3.65835143E-02
   26000 -1.86093641E-01  4.72519066E-01  8.47663353E-02  1.65846361E+00  6.22457106E-02
   26050 -1.32728084E-01  4.87498832E-01  1.22669473E-01  1.66632965E+00  2.89584127E-02
   26100 -1.21668188E-01  4.95305052E-01  1.06376805E-01  1.68326458E+00  3.20644595E-02
   26150 -9.60878482E-02  5.30719416E-01  5.94787885E-02  1.68299866E+00  2.88988336E-02
   26200 -1.03814269E-01  5.44900624E-01  6.39977765E-02  1.67395571E+00  1.68578730E-02
   26250 -1.65436888E-01  5.13622424E-01  4.70388596E-02  1.69043009E+00  1.10503906E-02
   26300 -1.64749740E-01  5.68775051E-01  4.86575199E-02  1.69804310E+00  2.55190175E-02
   26350 -9.63397892E-02  5.82381875E-01  7.16803164E-02  1.69359384E+00  2.71682863E-02
   26400 -6.26044573E-02  5.05823790E-01  1.26033283E-01  1.68259530E+00  3.63967687E-02
   26450 -8.70801061E-02  5.45067441E-01  8.21339926E-02  1.67722694E+00  9.15645474E-03
   26500 -1.16567330E-01  5.89971919E-01  7.36076932E-02  1.67411907E+00  2.15771282E-02
   26550 -7.88557740E-02  6.26486049E-01  5.24174012E-02  1.67228255E+00  1.75614455E-02
   26600 -9.65730115E-02  6.20639916E-01  2.42434087E-02  1.65951555E+00  3.18989389E-02
   26650 -4.88730095E-02  6.03737055E-01 -1.38697897E-02  1.65711180E+00  1.50119452E-02
   26700 -7.85964137E-02  5.81458671E-01 -2.22954323E-02  1.66418613E+00  2.33670143E-02
   26750 -9.71342587E-02  5.67740544E-01 -1.41515634E-02  1.67268256E+00  3.16907888E-02
   26800 -1.12216162E-01  6.04080888E-01 -6.00896139E-02  1.69137221E+00  2.38453958E-02
   26850 -8.33991609E-02  6.03612849E-01 -8.51728562E-02  1.68310550E+00  2.50608483E-02
   26900 -8.40576022E-02  6.26768950E-01 -1.10594965E-01  1.68421371E+00  1.51911730E-02
   26950 -7.23621055E-02  6.27333753E-01 -9.05032413E-02  1.68835088E+00  1.15119326E-02
   27000 -6.84391239E-02  6.82310094E-01 -1.07205865E-01  1.68063972E+00  1.80033929E-02
   27050 -6.03291357E-02  6.25134616E-01 -6.27923022E-02  1.67315552E+00  1.45729950E-02
   27100 -2.43050724E-02  6.42215937E-01 -6.44664362E-02  1.69168168E+00  1.94733118E-02
   27150 -2.48981553E-02  5.90477581E-01 -1.27004858E-01  1.69680555E+00  1.34168042E-02
   27200 -4.83796429E-02  5.87925044E-01 -1.20168576E-01  1.68470311E+00  1.65178561E-02
   27250 -2.55380060E-02  5.60675446E-01 -1.93395538E-01  1.68234813E+00  2.02642080E-02
   27300 -6.14151627E-02  5.57741547E-01 -1.68422891E-01  1.69402294E+00  3.66009518E-02
   27350 -5.42260426E-02  5.70726989E-01 -1.50599986E-01  1.69597556E+00  1.07280452E-02
   27400 -4.50660190E-02  5.12352554E-01 -1.36296234E-01  1.66862015E+00  6.58746836E-03
   27450 -4.83715469E-02  5.50718075E-01 -1.75644010E-01  1.69211206E+00  1.73737200E-02
   27500 -9.28422127E-02  5.38234542E-01 -1.65089104E-01  1.67150286E+00  2.61712953E-02
   27550 -9.75679130E-02  5.41010741E-01 -1.48316436E-01  1.68307864E+00  1.42573828E-02
   27600 -6.26419958E-02  4.91945880E-01 -1.29900056E-01  1.67279025E+00  2.12946614E-02
   27650 -8.31631952E-02  4.84925905E-01 -1.02038828E-01  1.67970513E+00  1.49333680E-02
   27700 -9.44849221E-02  4.65581464E-01 -1.10987078E-01  1.69318002E+00  1.99811703E-02
   27750 -5.71048042E-02  4.89304879E-01 -1.28965595E-01  1.67306390E+00  1.86583514E-02
   27800 -6.45064217E-02  5.17042949E-01 -1.48875621E-01  1.67444024E+00  2.53243907E-02
   27850 -6.33443933E-02  4.85852486E-01 -1.51268902E-01  1.68885542E+00  2.57842615E-02
   27900 -1.65898384E-02  4.69240420E-01 -1.54335478E-01  1.68588954E+00  3.12152351E-02
   27950 -6.78084364E-02  5.19302262E-01 -2.06905610E-01  1.69446140E+00  2.31326388E-02
   28000 -5.85713056E-02  5.09741821E-01 -1.90048004E-01  1.68685966E+00  2.17544972E-02
   28050 -8.44399972E-02  4.79579442E-01 -1.74863233E-01  1.68017429E+00  2.94905013E-02
   28100 -5.89023112E-02  4.63655415E-01 -1.81082072E-01  1.69853429E+00  2.08783243E-02
   28150 -6.99295796E-02  4.70124923E-01 -1.94023103E-01  1.68185764E+00  2.24643414E-02
   28200 -3.92708354E-02  4.72290487E-01 -2.06327486E-01  1.69436678E+00  1.80615333E-02
   28250 -4.49009847E-02  4.75275291E-01 -1.68548820E-01  1.68507975E+00  2.10152962E-02
   28300 -5.09456043E-02  4.19218911E-01 -1.68957443E-01  1.68886953E+00  2.16003151E-02
   28350 -3.33311115E-02  3.68912495E-01 -1.62571294E-01  1.68929225E+00  2.89957673E-02
   28400 -4.09865468E-02  4.08844008E-01 -1.31758088E-01  1.67149202E+00  1.65742283E-02
   28450 -7.04876664E-02  4.29742352E-01 -1.57103383E-01  1.68702670E+00  2.53840190E-02
   28500 -4.71913377E-03  3.98884022E-01 -1.67569697E-01  1.67733232E+00  1.66611264E-02
   28550 -1.45755622E-02  3.72570999E-01 -1.48073367E-01  1.68301144E+00  1.50501216E-02
   28600 -3.16205197E-02  3.02334070E-01 -1.06002151E-01  1.67103688E+00  2.01779867E-02
   28650 -4.23082451E-02  2.76263019E-01 -1.14586799E-01  1.69900514E+00  2.27754413E-02
   28700 -2.26028422E-02  2.57224551E-01 -1.09022601E-01  1.67583474E+00  1.73129277E-02
   28750 -5.02405047E-02  2.16948114E-01 -6.67427737E-02  1.69113522E+00  1.59731396E-02
   28800 -4.10033830E-02  1.98665024E-01 -1.33111661E-01  1.70415904E+00  1.77007520E-02
   28850 -3.98550081E-02  2.39313170E-01 -1.69656251E-01  1.69900311E+00  2.73477349E-02
   28900 -2.09198806E-02  2.45690180E-01 -1.65183608E-01  1.69567809E+00  3.23731683E-02
   28950 -3.23521863E-02  2.66076332E-01 -1.71994531E-01  1.70140504E+00  3.82208362E-02
   29000 -3.08609267E-02  2.32106884E-01 -1.56301062E-01  1.70218690E+00  2.35799522E-02
   29050 -2.09298117E-02  2.41607639E-01 -1.74413825E-01  1.67604248E+00  2.82078337E-02
   29100  2.09111781E-03  2.69782219E-01 -1.86222354E-01  1.66963542E+00  2.89108307E-02
   29150  9.62578870E-03  3.17847191E-01 -2.03139332E-01  1.69014608E+00  1.89655128E-02
   29200  2.25845423E-02  3.55389102E-01 -1.79734248E-01  1.66550506E+00  2.22018243E-02
   29250 -8.26063705E-03  3.06844706E-01 -1.88651592E-01  1.66250167E+00  2.91052367E-02
   29300  1.55232814E-02  3.11392568E-01 -1.99536805E-01  1.66790681E+00  2.50038908E-02
   29350  7.70650639E-02  2.83581912E-01 -2.36042696E-01  1.66377399E+00  3.61259062E-02
   29400  3.80518217E-02  2.72519647E-01 -2.44990036E-01  1.66437394E+00  2.20365104E-02
   29450  4.47638705E-02  2.64975064E-01 -2.85907551E-01  1.66845888E+00  1.88486249E-02
   29500  3.17996429E-02  2.43385957E-01 -2.69095023E-01  1.68267513E+00  2.56443444E-02
   29550  1.21380805E-02  2.06559512E-01 -2.57395218E-01  1.67912715E+00  3.19445401E-02
   29600 -4.64999103E-02  2.24018688E-01 -2.21635574E-01  1.68781515E+00  3.22931964E-02
   29650 -4.24052451E-02  2.40624490E-01 -2.50775498E-01  1.67758688E+00  3.17238344E-02
   29700 -3.32338988E-02  2.64588010E-01 -2.73642261E-01  1.66365388E+00  1.87714898E-02
   29750 -2.08267237E-02  3.07716400E-01 -2.50743086E-01  1.67633205E+00  2.07921301E-02
   29800 -3.74704027E-02  2.94138034E-01 -2.73078359E-01  1.68619522E+00  3.53926450E-02
   29850 -2.80307801E-02  2.80524076E-01 -2.88550828E-01  1.67923810E+00  2.09435823E-02
   29900 -5.37010086E-02  2.89164400E-01 -2.83659783E-01  1.67578262E+00  2.03269487E-02
   29950 -5.06677162E-02  2.50182552E-01 -3.14517832E-01  1.66581099E+00  2.79022091E-02
   30000 -8.10772591E-02  3.29386380E-01 -3.33387636E-01  1.68551334E+00  1.39331192E-02
   30050 -7.68587846E-02  3.15418391E-01 -2.96604449E-01  1.66184588E+00  1.01575203E-02
   30100 -8.16880519E-02  2.70074517E-01 -3.21358905E-01  1.69022346E+00  2.17345086E-02
   30150 -8.52647538E-02  3.64510998E-01 -3.31589071E-01  1.67755460E+00  1.90454975E-02
   30200 -8.70669361E-02  3.57488662E-01 -3.60655655E-01  1.65648322E+00  2.99255415E-03
   30250 -8.49139460E-02  3.42507701E-01 -4.10847804E-01  1.66887169E+00  1.70214139E-02
   30300 -8.97363851E-02  3.25975249E-01 -4.07880028E-01  1.68714107E+00  1.26979898E-02
   30350 -5.78600486E-02  3.47575567E-01 -4.07057912E-01  1.68664275E+00  1.76246564E-02
   30400 -5.23418548E-02  3.19299892E-01 -4.11307163E-01  1.66835218E+00  1.26973020E-02
   30450 -9.05069212E-02  3.23836891E-01 -3.71325310E-01  1.70038196E+00  1.45202049E-02
   30500 -7.93661750E-02  3.16603470E-01 -3.73759049E-01  1.68478702E+00  2.99818946E-02
   30550 -1.10317688E-01  3.10207203E-01 -3.79685910E-01  1.68754816E+00  1.73618476E-02
   30600 -1.13922972E-01  3.22718012E-01 -3.90631508E-01  1.69508706E+00  2.03861954E-02
   30650 -1.50879574E-01  3.03868914E-01 -4.00586502E-01  1.69048898E+00  1.74351619E-02
   30700 -1.49410190E-01  3.28678861E-01 -3.75355844E-01  1.68578805E+00  2.34114593E-02
   30750 -1.37696561E-01  2.88325900E-01 -3.98090817E-01  1.67840578E+00  2.41487001E-02
   30800 -1.44741760E-01  2.75684569E-01 -4.18415826E-01  1.66850975E+00  3.02475312E-02
   30850 -1.57958094E-01  2.44433638E-01 -4.55040202E-01  1.67659858E+00  1.24803043E-02
   30900 -1.87268858E-01  2.66806052E-01 -4.66500700E-01  1.70658775E+00  2.01025883E-02
   30950 -1.77340148E-01  2.52725919E-01 -4.66790427E-01  1.69384744E+00  1.90139619E-02
   31000 -1.87280565E-01  3.24426614E-01 -4.52068083E-01  1.69495618E+00  3.80789620E-02
   31050 -1.97736119E-01  3.69134492E-01 -4.60894832E-01  1.69302320E+00  3.14735211E-02
   31100 -1.70120502E-01  3.74785057E-01 -4.87535315E-01  1.69304201E+00  1.82052380E-02
   31150 -1.11506427E-01  3.70851095E-01 -4.68200301E-01  1.66066434E+00  3.26994536E-02
   31200 -9.13867182E-02  3.83645215E-01 -4.99238925E-01  1.67665807E+00  3.20759232E-02
   31250 -1.01028528E-01  3.54438952E-01 -4.76188437E-01  1.67760974E+00  2.80133039E-02
   31300 -1.54982792E-01  3.12651404E-01 -4.79812789E-01  1.70637790E+00  2.15975917E-02
   31350 -1.01138192E-01  3.14835302E-01 -4.47362439E-01  1.68423806E+00  3.11961248E-02
   31400 -8.99015040E-02  3.29670151E-01 -4.03191572E-01  1.71382108E+00  1.89444540E-02
   31450 -1.16920930E-01  3.15801437E-01 -3.73628737E-01  1.69183617E+00  2.43169020E-02
   31500 -9.14451073E-02  3.14272025E-01 -3.59617573E-01  1.69888198E+00  1.04432614E-02
   31550 -9.47040044E-02  2.90950593E-01 -3.27867860E-01  1.69053214E+00  1.89331974E-02
   31600 -4.60970478E-02  3.16619876E-01 -3.48797615E-01  1.68980859E+00  2.02410327E-02
   31650 -7.80963658E-03  3.23472826E-01 -3.53180250E-01  1.68939271E+00  2.23106185E-02
   31700 -4.78162411E-02  3.33859585E-01 -3.28158889E-01  1.68094771E+00  1.50960439E-02
   31750 -2.13746801E-02  3.30472211E-01 -3.49287738E-01  1.69354931E+00  2.54554868E-02
   31800 -4.46091069E-02  3.83648877E-01 -3.15908155E-01  1.69041492E+00  2.73520624E-02
   31850 -5.03110380E-02  3.74003750E-01 -3.05369776E-01  1.67495526E+00  2.71984504E-02
   31900 -6.59523827E-02  3.90293199E-01 -2.88037747E-01  1.67843005E+00  2.34528772E-02
   31950 -7.58651314E-02  3.75131449E-01 -2.52217502E-01  1.68406837E+00  3.19087641E-02
   32000 -8.82707461E-02  3.95521344E-01 -2.14036969E-01  1.66460322E+00  4.40540995E-02
   32050 -4.50557538E-02  3.91906445E-01 -2.03704845E-01  1.68258327E+00  2.40691617E-02
   32100 -3.94972741E-02  4.08926223E-01 -1.75440676E-01  1.69794787E+00  2.19126229E-02
   32150 -6.71517628E-02  3.68758988E-01 -1.39957765E-01  1.67892122E+00  2.63500169E-02
   32200 -7.11848215E-02  3.60386106E-01 -1.26871881E-01  1.67795288E+00  2.13849312E-02
   32250 -5.84157218E-02  3.48723975E-01 -1.12922059E-01  1.68391876E+00  2.28219023E-02
   32300 -5.77226961E-02  3.25890279E-01 -1.32869516E-01  1.67727470E+00  1.90534971E-02
   32350 -7.59204891E-02  3.19792360E-01 -1.38079492E-01  1.68700445E+00  1.70017964E-02
   32400 -8.46422569E-02  3.15271679E-01 -1.38028144E-01  1.68958507E+00  1.93608945E-02
   32450 -8.61172544E-02  2.69150966E-01 -1.60121840E-01  1.68973474E+00  1.77654891E-02
   32500 -7.26710960E-02  2.26402336E-01 -1.60191671E-01  1.68476010E+00  1.30972379E-02
   32550 -8.90101047E-02  2.61450980E-01 -1.89066777E-01  1.68641489E+00  2.22420165E-02
   32600 -6.66361306E-02  2.90261971E-01 -1.94572233E-01  1.67973522E+00  2.72105278E-02
   32650 -1.07597438E-01  2.48047956E-01 -2.26863405E-01  1.70599748E+00  2.19433150E-02
   32700 -7.29324453E-02  2.60820892E-01 -2.55746159E-01  1.68045084E+00  3.41553752E-02
   32750 -3.08006072E-02  2.40187475E-01 -2.47003340E-01  1.67249004E+00  1.62778240E-02
   32800 -6.96627923E-02  2.26186712E-01 -2.27962565E-01  1.68122762E+00  1.97585243E-02
   32850 -1.03400075E-01  2.15899446E-01 -2.19241206E-01  1.67522483E+00  2.84066248E-02
   32900 -6.22711439E-02  2.45847048E-01 -2.40326015E-01  1.68180292E+00  1.91946365E-02
   32950 -8.40905479E-02  2.31527656E-01 -2.33394775E-01  1.67066896E+00  2.46072760E-02
   33000 -1.08604472E-01  2.36626409E-01 -2.27276656E-01  1.68435815E+00  3.24381175E-02
   33050 -1.29933534E-01  2.41961157E-01 -2.33945330E-01  1.69529365E+00  3.22692941E-02
   33100 -1.48467358E-01  2.18796862E-01 -2.19918844E-01  1.66345141E+00  3.89493619E-02
   33150 -1.63413591E-01  2.48834298E-01 -2.12730576E-01  1.66819368E+00  4.61087516E-02
   33200 -1.27238940E-01  2.40488508E-01 -2.13455975E-01  1.66465370E+00  3.30815797E-02
   33250 -9.42080022E-02  2.59176705E-01 -1.83648287E-01  1.67382614E+00  2.78166849E-02
   33300 -1.22387315E-01  2.85691424E-01 -1.83242120E-01  1.69706640E+00  1.78456069E-02
   33350 -1.04474352E-01  2.96710523E-01 -2.16560592E-01  1.68953719E+00  2.02194409E-02
   33400 -5.51541131E-02  2.52993345E-01 -1.99273997E-01  1.68242395E+00  2.45423658E-02
   33450 -3.01695065E-02  1.96636959E-01 -1.83482692E-01  1.69685111E+00  2.06583560E-02
   33500 -7.83900052E-02  2.06033761E-01 -1.41961978E-01  1.68481178E+00  1.84535509E-02
   33550 -2.21007589E-02  2.55350657E-01 -1.40929049E-01  1.66172053E+00  3.18870681E-02
   33600 -2.42208111E-02  2.25114001E-01 -1.51667580E-01  1.66402825E+00  2.55510307E-02
   33650  4.14114338E-03  1.88099226E-01 -1.78510633E-01  1.69471845E+00  2.07277791E-02
   33700 -4.37518779E-03  1.66012480E-01 -1.75776147E-01  1.66318939E+00  1.02946934E-02
   33750  1.43354403E-02  2.04227687E-01 -1.67063030E-01  1.68446665E+00  2.93678293E-02
   33800  2.04047114E-02  1.68807986E-01 -9.14548301E-02  1.66165786E+00  2.57594862E-02
   33850  2.80039781E-02  1.36598519E-01 -7.40188189E-02  1.66986858E+00  2.54556895E-02
   33900  3.69421496E-02  1.42949240E-01 -1.19688039E-01  1.68098676E+00  3.16116376E-02
   33950  1.69093639E-02  1.00227049E-01 -6.42541588E-02  1.68256742E+00  3.16135286E-02
   34000 -1.16894300E-02  1.23318331E-01 -7.95089831E-02  1.67841981E+00  3.81416598E-02
   34050 -2.92595185E-02  1.49221717E-01 -6.97895361E-02  1.68226405E+00  4.29607786E-02
   34100 -7.90551072E-02  1.41792491E-01 -4.89855804E-02  1.68320888E+00  3.03034947E-02
   34150 -8.62564988E-02  3.77425483E-02 -7.46166083E-02  1.66177598E+00  1.42262620E-02
   34200 -6.04553196E-02  1.74608367E-02 -6.37533345E-02  1.65227604E+00  2.28164085E-02
   34250 -6.36691229E-02  5.92128384E-02 -9.85117786E-02  1.67818436E+00  2.10366212E-02
   34300 -5.81642769E-02 -6.20054147E-03 -1.12877457E-01  1.66646042E+00  1.76916067E-02
   34350 -8.01673503E-02  2.26272736E-02 -1.06563642E-01  1.66866829E+00  3.84817049E-02
   34400 -1.12739067E-01  4.69030308E-02 -1.14709362E-01  1.68188612E+00  2.46033335E-02
   34450 -5.93819360E-02  2.99040442E-02 -1.01659195E-01  1.67346800E+00  1.75086742E-02
   34500 -1.23467317E-01  1.03659444E-03 -1.06072442E-01  1.67576703E+00  2.21178410E-02
   34550 -9.90679767E-02  3.14792439E-02 -4.77108215E-02  1.68469110E+00  2.78360539E-02
   34600 -7.27372947E-02  6.62658602E-02 -6.55729358E-02  1.68060273E+00  2.54856800E-02
   34650 -6.95925278E-02  7.40640112E-02 -9.07645836E-02  1.69200207E+00  1.44130129E-02
   34700 -3.65539747E-02  1.04596607E-01 -1.12826450E-01  1.68530454E+00  2.13896793E-02
   34750 -6.89094253E-02  1.90561148E-01 -1.74945072E-01  1.68972387E+00  2.87620551E-02
   34800 -6.91328115E-02  2.21650507E-01 -1.93274496E-01  1.69670866E+00  1.93018013E-02
   34850 -6.84354725E-02  1.78523004E-01 -1.69658670E-01  1.67302639E+00  2.72196555E-02
   34900 -6.31441996E-02  1.84320795E-01 -1.26688667E-01  1.68935725E+00  3.00799618E-02
   34950 -5.87763150E-02  1.34080795E-01 -1.16477949E-01  1.67276825E+00  1.39850451E-02
   35000 -5.99684209E-02  1.17123318E-01 -1.16984426E-01  1.67240675E+00  2.57716307E-02
   35050 -6.02088821E-02  1.21697843E-01 -1.20670001E-01  1.65988812E+00  3.12466956E-02
   35100 -1.12060342E-01  1.43610892E-01 -1.67543271E-01  1.68947119E+00  2.74493680E-02
   35150 -9.78576229E-02  1.33717504E-01 -1.70532705E-01  1.66565737E+00  2.20787777E-02
   35200 -5.59375925E-02  1.64112487E-01 -1.58260462E-01  1.69259295E+00  9.97734549E-03
   35250 -3.61664242E-02  1.20493284E-01 -1.37578846E-01  1.68264406E+00  1.87363350E-02
   35300 -9.31612274E-02  1.56425772E-01 -1.16020980E-01  1.66485004E+00  2.61381838E-02
   35350 -6.11839853E-02  1.20361966E-01 -1.21981491E-01  1.67596106E+00  2.26602584E-02
   35400 -4.44901816E-02  9.77772411E-02 -1.02332381E-01  1.68962559E+00  1.56722713E-02
   35450 -6.04682879E-02  1.40589717E-01 -1.10643545E-01  1.70749817E+00  2.40228643E-02
   35500 -5.92560827E-02  9.40551850E-02 -1.08758635E-01  1.68338816E+00  2.64604518E-02
   35550 -1.05669043E-01  8.20555265E-02 -9.77477474E-02  1.67727302E+00  4.36186014E-02
   35600 -1.13589349E-01  1.23191885E-01 -1.08275553E-01  1.69616824E+00  2.68190957E-02
   35650 -7.31871111E-02  1.55421499E-01 -7.19700647E-02  1.69244160E+00  8.49539314E-03
   35700 -1.74440731E-02  1.00928154E-01 -7.12449202E-02  1.69155135E+00  1.88226282E-02
   35750 -2.83738403E-02  7.58913445E-02 -5.96221323E-02  1.68729534E+00  2.74427076E-02
   35800 -5.12099966E-02  6.45324667E-02 -7.37801148E-02  1.67621113E+00  1.02835380E-02
   35850 -4.78478323E-02  7.41115725E-02 -4.13600934E-02  1.67797930E+00  2.92928367E-02
   35900 -4.14425628E-02  3.02659410E-02 -1.29491152E-02  1.66534114E+00  1.97658709E-02
   35950 -2.52224260E-02  1.71303498E-02 -5.81559034E-02  1.67361097E+00  1.64015931E-02
   36000 -2.34173856E-02  5.00257836E-02 -1.43117207E-01  1.67184403E+00  2.93810121E-02
   36050 -2.19108886E-02  3.87134816E-02 -1.52661696E-01  1.67768569E+00  2.70195371E-02
   36100 -2.03109283E-02  2.42992681E-02 -1.36588524E-01  1.67392632E+00  3.25363674E-02
   36150  1.75930531E-02  1.42646675E-02 -1.38480449E-01  1.67931740E+00  1.90950569E-02
   36200  3.83461493E-02 -5.17950929E-02 -7.14203645E-02  1.69049191E+00  2.58502134E-02
   36250  8.04573037E-02 -6.12498542E-02 -5.56177938E-02  1.69094491E+00  2.96049639E-02
   36300  6.94265624E-02 -7.97104211E-02 -6.52093492E-02  1.67673640E+00  1.85715099E-02
   36350  3.08264709E-02 -8.20515596E-02 -1.00505052E-01  1.68796160E+00  1.74403956E-02
   36400  3.01417963E-02 -5.10166543E-02 -1.54943597E-01  1.69373797E+00  7.82665970E-03
   36450  7.32948375E-02 -1.92028782E-02 -1.68714640E-01  1.67484482E+00  3.99979551E-02
   36500  7.86714934E-03 -2.34828650E-02 -2.17567049E-01  1.68682224E+00  1.33916181E-02
   36550  8.87902298E-03 -7.98349524E-03 -2.20334381E-01  1.68967310E+00  2.74418071E-02
   36600  3.37107354E-02 -3.24306873E-02 -1.80531522E-01  1.70046715E+00  1.83015865E-02
   36650  6.63481915E-02 -2.11742585E-02 -2.22134963E-01  1.67848679E+00  2.79719029E-02
   36700  5.09301276E-02 -8.99818295E-03 -2.41117183E-01  1.69508373E+00  2.12789139E-02
   36750  6.03267431E-02 -4.38787507E-02 -1.90727100E-01  1.69526257E+00  2.17962450E-02
   36800  1.04326052E-01 -9.34645720E-03 -1.90586854E-01  1.67229039E+00  9.58492198E-03
   36850  1.05999023E-01 -5.74602630E-02 -1.58271943E-01  1.68475506E+00  1.94068207E-02
   36900  1.01955079E-01 -4.34023405E-02 -1.10856011E-01  1.69163617E+00  1.74259714E-02
   36950  1.19380615E-01 -5.98318951E-02 -1.41877608E-01  1.68719692E+00  1.10503957E-02
   37000  1.28175491E-01 -1.97416443E-02 -1.98221355E-01  1.66851367E+00  1.95104032E-02
   37050  1.73581191E-01 -4.35009721E-02 -2.05804246E-01  1.68003415E+00  2.53332180E-02
   37100  1.84596690E-01 -2.86107290E-02 -2.11718879E-01  1.67566422E+00  1.78048355E-02
   37150  2.15555833E-01 -5.59809941E-02 -2.03831151E-01  1.68100267E+00  1.64768285E-02
   37200  1.74769390E-01 -3.90303387E-02 -2.39626381E-01  1.66055058E+00  2.52373927E-02
   37250  1.44302284E-01 -3.11112187E-02 -2.04737142E-01  1.66515521E+00  1.28677975E-02
   37300  1.44165141E-01 -1.02029504E-02 -2.27555225E-01  1.67681334E+00  1.60306883E-02
   37350  1.87050014E-01 -9.63340037E-02 -2.77718374E-01  1.68297370E+00  1.88333572E-02
   37400  1.56865706E-01 -1.06174651E-01 -2.72323389E-01  1.69302279E+00  1.21680376E-02
   37450  1.30760395E-01 -9.87385294E-02 -1.86955992E-01  1.67388302E+00  1.58809266E-02
   37500  1.65825302E-01 -1.17822164E-01 -1.75618098E-01  1.69833902E+00  1.07317386E-02
   37550  1.42065618E-01 -1.14223633E-01 -1.53987900E-01  1.69567089E+00  1.30245109E-02
   37600  2.17950868E-01 -1.91506824E-01 -1.63642718E-01  1.69537590E+00  3.24448329E-02
   37650  1.80455068E-01 -1.82840001E-01 -2.06194466E-01  1.70224801E+00  2.02900081E-02
   37700  1.54574986E-01 -2.02848626E-01 -1.47069763E-01  1.68796740E+00  2.50674102E-02
   37750  9.79510595E-02 -1.93737982E-01 -1.69407961E-01  1.67858753E+00  2.27118010E-02
   37800  1.16104298E-01 -2.03288762E-01 -1.72410206E-01  1.67512845E+00  8.55750840E-03
   37850  1.20058083E-01 -1.99201295E-01 -1.45274614E-01  1.68569600E+00  1.58383767E-02
   37900  1.31759943E-01 -2.40370947E-01 -9.67326578E-02  1.68263844E+00  2.31271266E-02
   37950  1.14168059E-01 -2.13915119E-01 -1.30959479E-01  1.68418117E+00  1.42381501E-02
   38000  1.18771157E-01 -2.47733271E-01 -1.03842135E-01  1.70111574E+00  2.34590612E-02
   38050  1.36104429E-01 -2.31867356E-01 -1.08217912E-01  1.68446633E+00  1.14337949E-02
   38100  1.32860367E-01 -2.02814980E-01 -1.40817833E-01  1.68658970E+00  1.91001818E-02
   38150  1.00748702E-01 -1.47581376E-01 -1.02539313E-01  1.66480556E+00  1.37155892E-02
   38200  1.02665247E-01 -1.63472122E-01 -7.54183558E-02  1.66601462E+00  1.68187402E-02
   38250  1.07595146E-01 -2.01921906E-01 -4.68988057E-02  1.69018817E+00  1.40211158E-02
   38300  1.13883659E-01 -1.87897769E-01 -7.39857092E-02  1.67934940E+00  2.16793300E-02
   38350  1.06704686E-01 -2.23792506E-01 -1.01238182E-01  1.68156283E+00  2.16010176E-02
   38400  1.20158543E-01 -2.52393066E-01 -1.23620922E-01  1.68999262E+00  3.63753420E-02
   38450  1.30929325E-01 -2.96320402E-01 -1.11104733E-01  1.68658935E+00  2.64318972E-02
   38500  1.26375695E-01 -2.69559324E-01 -1.03387738E-01  1.68211689E+00  2.61986172E-02
   38550  1.28115399E-01 -2.70425325E-01 -1.01369300E-01  1.69868751E+00  8.09651105E-03
   38600  1.35989954E-01 -2.43214665E-01 -1.18123804E-01  1.69009321E+00  6.84711032E-03
   38650  1.78406196E-01 -2.68592011E-01 -1.07701845E-01  1.68762881E+00  1.93637776E-02
   38700  1.51172906E-01 -3.02942365E-01 -1.19559199E-01  1.68148233E+00  2.08266964E-02
   38750  1.16945643E-01 -2.63920143E-01 -9.90535933E-02  1.69166343E+00  2.50095560E-02
   38800  1.04586863E-01 -2.41845328E-01 -9.26496098E-02  1.69353702E+00  1.11159426E-02
   38850  1.40978050E-01 -2.74793482E-01 -7.97430014E-02  1.68828555E+00  2.44798267E-02
   38900  1.50369150E-01 -2.88770342E-01 -3.95537784E-02  1.69808482E+00  2.75307109E-02
   38950  1.55357568E-01 -2.72456563E-01 -7.44723143E-02  1.68760632E+00  1.40052302E-02
   39000  9.80171357E-02 -2.26365037E-01 -7.31061359E-02  1.68176760E+00  1.69909415E-02
   39050  6.03534764E-02 -2.56045904E-01 -6.20304507E-02  1.67263150E+00  1.99104553E-02
   39100  9.21912369E-02 -2.54905877E-01 -4.26679801E-02  1.65422310E+00  2.77681219E-02
   39150  9.46746091E-02 -2.92799229E-01 -1.01035326E-02  1.66283886E+00  3.24267531E-02
   39200  1.36899778E-01 -2.81182309E-01  1.23793182E-04  1.67236872E+00  1.15933026E-02
   39250  1.29564893E-01 -2.45955406E-01 -4.24420258E-02  1.68865217E+00  2.42139672E-02
   39300  1.35110858E-01 -2.52746124E-01 -6.06876356E-02  1.69335886E+00  2.67344998E-02
   39350  1.13900405E-01 -2.42864343E-01 -1.17053476E-02  1.68650099E+00  1.21280484E-02
   39400  9.31435206E-02 -2.27715018E-01 -2.70326867E-03  1.67373675E+00  2.08791438E-02
   39450  1.49116071E-01 -2.57686789E-01  5.47604505E-03  1.68631958E+00  2.67985226E-02
   39500  1.25211753E-01 -2.68846132E-01  3.94291497E-02  1.66545042E+00  2.54703211E-02
   39550  1.13697732E-01 -2.82146212E-01  5.63460646E-02  1.66878880E+00  3.75190853E-02
   39600  1.06079220E-01 -2.51443999E-01  3.72143602E-02  1.64267700E+00  4.11063133E-02
   39650  9.92460832E-02 -2.54412541E-01  1.72215164E-02  1.65596311E+00  1.96030623E-02
   39700  1.14856735E-01 -2.62677481E-01 -7.55512409E-03  1.68261350E+00  2.94221373E-02
   39750  1.47796873E-01 -2.72320291E-01  1.63906998E-02  1.68469382E+00  2.30207835E-02
   39800  1.45011595E-01 -3.30890877E-01  1.84878051E-02  1.69241513E+00  1.53104712E-02
   39850  7.95325856E-02 -3.10995850E-01  1.52617484E-02  1.68455650E+00  2.52388918E-02
   39900  6.54285213E-02 -3.03545302E-01  2.27847297E-02  1.67997683E+00  2.82951835E-02
   39950  6.85717007E-02 -3.08100312E-01  6.43473279E-03  1.69718022E+00  3.57787851E-02
