   #Iter             <M>           <M^2>           <M^4>      U_{Binder}            \chi        C_v(tot)             <E>       <E_{exc}>       <E_{lsf}>
       1  1.67223669E+00  2.79730203E+00  7.83526001E+00  6.66225283E-01  1.54826055E-03  1.13493401E+00 -8.62191361E+00 -8.62191361E+00  0.00000000E+00
      11  1.68013592E+00  2.82398015E+00  7.98746571E+00  6.66139936E-01  1.87738305E-03  1.39237958E+00 -8.63309501E+00 -8.63309501E+00  0.00000000E+00
      21  1.68942874E+00  2.85481427E+00  8.15723448E+00  6.66369324E-01  1.07754463E-03  1.15747035E+00 -8.63205789E+00 -8.63205789E+00  0.00000000E+00
      31  1.68177446E+00  2.82920107E+00  8.01375329E+00  6.66276272E-01  1.39661817E-03  1.47795586E+00 -8.62574586E+00 -8.62574586E+00  0.00000000E+00
      41  1.68411471E+00  2.83711970E+00  8.05915686E+00  6.66256331E-01  1.46611248E-03  1.57521247E+00 -8.62975510E+00 -8.62975510E+00  0.00000000E+00
      51  1.68372137E+00  2.83568021E+00  8.04969547E+00  6.66309616E-01  1.27433315E-03  1.64343723E+00 -8.63010399E+00 -8.63010399E+00  0.00000000E+00
      61  1.68502232E+00  2.84003892E+00  8.07417380E+00  6.66321477E-01  1.23444025E-03  1.71429365E+00 -8.63670419E+00 -8.63670419E+00  0.00000000E+00
      71  1.68643521E+00  2.84476146E+00  8.10057387E+00  6.66341017E-01  1.16601949E-03  1.66592649E+00 -8.64418711E+00 -8.64418711E+00  0.00000000E+00
      81  1.68587120E+00  2.84285974E+00  8.08976108E+00  6.66340438E-01  1.16647638E-03  1.68860501E+00 -8.63764131E+00 -8.63764131E+00  0.00000000E+00
      91  1.68534832E+00  2.84105033E+00  8.07893882E+00  6.66362229E-01  1.08850481E-03  1.57594260E+00 -8.64019242E+00 -8.64019242E+00  0.00000000E+00
     101  1.68585617E+00  2.84276040E+00  8.08863654E+00  6.66363505E-01  1.08520420E-03  1.62503414E+00 -8.63980285E+00 -8.63980285E+00  0.00000000E+00
     111  1.68453364E+00  2.83827159E+00  8.06277620E+00  6.66377409E-01  1.03276639E-03  1.56319207E+00 -8.63893960E+00 -8.63893960E+00  0.00000000E+00
     121  1.68472564E+00  2.83892915E+00  8.06663208E+00  6.66372466E-01  1.05059992E-03  1.55120488E+00 -8.63929458E+00 -8.63929458E+00  0.00000000E+00
     131  1.68591269E+00  2.84294264E+00  8.08957997E+00  6.66367366E-01  1.07122660E-03  1.49153988E+00 -8.64029776E+00 -8.64029776E+00  0.00000000E+00
     141  1.68515078E+00  2.84039353E+00  8.07530872E+00  6.66357897E-01  1.10356930E-03  1.50713948E+00 -8.63905525E+00 -8.63905525E+00  0.00000000E+00
     151  1.68420973E+00  2.83727987E+00  8.05826243E+00  6.66331046E-01  1.19896040E-03  1.48806881E+00 -8.63721468E+00 -8.63721468E+00  0.00000000E+00
     161  1.68401672E+00  2.83667500E+00  8.05532223E+00  6.66310530E-01  1.27454780E-03  1.50926536E+00 -8.64011087E+00 -8.64011087E+00  0.00000000E+00
     171  1.68308249E+00  2.83350037E+00  8.03699388E+00  6.66323336E-01  1.22607307E-03  1.59530510E+00 -8.63635105E+00 -8.63635105E+00  0.00000000E+00
     181  1.68315670E+00  2.83374072E+00  8.03825234E+00  6.66327696E-01  1.21026572E-03  1.56736236E+00 -8.63618165E+00 -8.63618165E+00  0.00000000E+00
     191  1.68319265E+00  2.83386855E+00  8.03904548E+00  6.66324878E-01  1.22164009E-03  1.58956706E+00 -8.63545569E+00 -8.63545569E+00  0.00000000E+00
     201  1.68317715E+00  2.83382160E+00  8.03884393E+00  6.66322188E-01  1.23038777E-03  1.60017457E+00 -8.63772538E+00 -8.63772538E+00  0.00000000E+00
     211  1.68267867E+00  2.83215775E+00  8.02957579E+00  6.66315168E-01  1.25374670E-03  1.59872754E+00 -8.63656584E+00 -8.63656584E+00  0.00000000E+00
     221  1.68241712E+00  2.83124569E+00  8.02405075E+00  6.66329897E-01  1.20042553E-03  1.56742392E+00 -8.63618549E+00 -8.63618549E+00  0.00000000E+00
     231  1.68313025E+00  2.83363759E+00  8.03751280E+00  6.66334110E-01  1.18675191E-03  1.55344188E+00 -8.63505922E+00 -8.63505922E+00  0.00000000E+00
     241  1.68338875E+00  2.83452376E+00  8.04272310E+00  6.66326546E-01  1.21338199E-03  1.58255287E+00 -8.63324197E+00 -8.63324197E+00  0.00000000E+00
     251  1.68432756E+00  2.83770958E+00  8.06108253E+00  6.66315358E-01  1.25375090E-03  1.58763138E+00 -8.63451373E+00 -8.63451373E+00  0.00000000E+00
     261  1.68375686E+00  2.83580102E+00  8.05040784E+00  6.66308519E-01  1.27648240E-03  1.59652618E+00 -8.63365622E+00 -8.63365622E+00  0.00000000E+00
     271  1.68388716E+00  2.83623767E+00  8.05285961E+00  6.66309662E-01  1.27289283E-03  1.57695299E+00 -8.63322948E+00 -8.63322948E+00  0.00000000E+00
     281  1.68474933E+00  2.83915189E+00  8.06951792E+00  6.66305475E-01  1.28939835E-03  1.60241660E+00 -8.63467233E+00 -8.63467233E+00  0.00000000E+00
     291  1.68589521E+00  2.84301964E+00  8.09156815E+00  6.66303446E-01  1.29839201E-03  1.59816224E+00 -8.63650858E+00 -8.63650858E+00  0.00000000E+00
     301  1.68651721E+00  2.84511677E+00  8.10349916E+00  6.66303890E-01  1.29756913E-03  1.59533002E+00 -8.63916569E+00 -8.63916569E+00  0.00000000E+00
     311  1.68647659E+00  2.84497598E+00  8.10265648E+00  6.66305565E-01  1.29126082E-03  1.58678550E+00 -8.63940209E+00 -8.63940209E+00  0.00000000E+00
     321  1.68667016E+00  2.84562107E+00  8.10623513E+00  6.66309528E-01  1.27813784E-03  1.57596002E+00 -8.63844076E+00 -8.63844076E+00  0.00000000E+00
     331  1.68681118E+00  2.84608538E+00  8.10874900E+00  6.66314946E-01  1.25906648E-03  1.55245791E+00 -8.63942306E+00 -8.63942306E+00  0.00000000E+00
     341  1.68594728E+00  2.84320410E+00  8.09270834E+00  6.66299729E-01  1.31325271E-03  1.55197877E+00 -8.63898327E+00 -8.63898327E+00  0.00000000E+00
     351  1.68527485E+00  2.84094298E+00  8.07991490E+00  6.66296703E-01  1.32296310E-03  1.55478153E+00 -8.63867143E+00 -8.63867143E+00  0.00000000E+00
     361  1.68543645E+00  2.84147281E+00  8.08275905E+00  6.66303718E-01  1.29806863E-03  1.55955635E+00 -8.63970265E+00 -8.63970265E+00  0.00000000E+00
     371  1.68528190E+00  2.84092915E+00  8.07941405E+00  6.66314139E-01  1.26014082E-03  1.55140744E+00 -8.63816171E+00 -8.63816171E+00  0.00000000E+00
     381  1.68546913E+00  2.84153764E+00  8.08261689E+00  6.66324812E-01  1.22233531E-03  1.54591731E+00 -8.63837306E+00 -8.63837306E+00  0.00000000E+00
     391  1.68482452E+00  2.83936121E+00  8.07020756E+00  6.66326159E-01  1.21580874E-03  1.54336819E+00 -8.63716717E+00 -8.63716717E+00  0.00000000E+00
     401  1.68448337E+00  2.83819671E+00  8.06342477E+00  6.66332968E-01  1.19067183E-03  1.53448387E+00 -8.63667841E+00 -8.63667841E+00  0.00000000E+00
     411  1.68463275E+00  2.83871128E+00  8.06647221E+00  6.66327865E-01  1.20951656E-03  1.53132117E+00 -8.63691126E+00 -8.63691126E+00  0.00000000E+00
     421  1.68467603E+00  2.83884839E+00  8.06715318E+00  6.66331930E-01  1.19494569E-03  1.54032579E+00 -8.63667991E+00 -8.63667991E+00  0.00000000E+00
     431  1.68510448E+00  2.84029461E+00  8.07539734E+00  6.66330995E-01  1.19902086E-03  1.53536022E+00 -8.63718524E+00 -8.63718524E+00  0.00000000E+00
     441  1.68526673E+00  2.84083777E+00  8.07844391E+00  6.66332742E-01  1.19289439E-03  1.52017634E+00 -8.63673585E+00 -8.63673585E+00  0.00000000E+00
     451  1.68563700E+00  2.84208273E+00  8.08548488E+00  6.66334438E-01  1.18753381E-03  1.52233592E+00 -8.63713956E+00 -8.63713956E+00  0.00000000E+00
     461  1.68591044E+00  2.84298806E+00  8.09044413E+00  6.66342387E-01  1.15984796E-03  1.49782500E+00 -8.63792073E+00 -8.63792073E+00  0.00000000E+00
     471  1.68581985E+00  2.84267661E+00  8.08860286E+00  6.66345224E-01  1.14980266E-03  1.50059073E+00 -8.63783284E+00 -8.63783284E+00  0.00000000E+00
     481  1.68579438E+00  2.84259388E+00  8.08816783E+00  6.66343749E-01  1.15506299E-03  1.50034311E+00 -8.63729277E+00 -8.63729277E+00  0.00000000E+00
     491  1.68573657E+00  2.84238961E+00  8.08689977E+00  6.66348107E-01  1.13939684E-03  1.49850085E+00 -8.63689770E+00 -8.63689770E+00  0.00000000E+00
     501  1.68566176E+00  2.84213343E+00  8.08539708E+00  6.66349967E-01  1.13279462E-03  1.49132996E+00 -8.63804425E+00 -8.63804425E+00  0.00000000E+00
     511  1.68556966E+00  2.84183650E+00  8.08386168E+00  6.66343611E-01  1.15545544E-03  1.51096914E+00 -8.63914537E+00 -8.63914537E+00  0.00000000E+00
     521  1.68484982E+00  2.83946736E+00  8.07101172E+00  6.66317861E-01  1.25075630E-03  1.50978940E+00 -8.63876102E+00 -8.63876102E+00  0.00000000E+00
     531  1.68481489E+00  2.83934511E+00  8.07026705E+00  6.66319915E-01  1.24314794E-03  1.50288005E+00 -8.63892892E+00 -8.63892892E+00  0.00000000E+00
     541  1.68450021E+00  2.83828219E+00  8.06419994E+00  6.66320991E-01  1.23865885E-03  1.50296590E+00 -8.63760582E+00 -8.63760582E+00  0.00000000E+00
     551  1.68449462E+00  2.83825369E+00  8.06392949E+00  6.66325480E-01  1.22252179E-03  1.49548303E+00 -8.63846554E+00 -8.63846554E+00  0.00000000E+00
     561  1.68444114E+00  2.83807069E+00  8.06286003E+00  6.66326705E-01  1.21780010E-03  1.49266053E+00 -8.63863730E+00 -8.63863730E+00  0.00000000E+00
     571  1.68447646E+00  2.83818129E+00  8.06339565E+00  6.66330546E-01  1.20377466E-03  1.49088181E+00 -8.63835302E+00 -8.63835302E+00  0.00000000E+00
     581  1.68468327E+00  2.83888103E+00  8.06740546E+00  6.66329167E-01  1.20873768E-03  1.49716062E+00 -8.63918153E+00 -8.63918153E+00  0.00000000E+00
     591  1.68422234E+00  2.83733714E+00  8.05873933E+00  6.66324772E-01  1.22370291E-03  1.50442654E+00 -8.63816951E+00 -8.63816951E+00  0.00000000E+00
     601  1.68397943E+00  2.83651842E+00  8.05408783E+00  6.66324830E-01  1.22272009E-03  1.50053710E+00 -8.63788959E+00 -8.63788959E+00  0.00000000E+00
     611  1.68382713E+00  2.83599598E+00  8.05101723E+00  6.66329140E-01  1.20683595E-03  1.49998194E+00 -8.63803911E+00 -8.63803911E+00  0.00000000E+00
     621  1.68395229E+00  2.83641463E+00  8.05336099E+00  6.66330524E-01  1.20204038E-03  1.50833975E+00 -8.63765018E+00 -8.63765018E+00  0.00000000E+00
     631  1.68413445E+00  2.83703138E+00  8.05689870E+00  6.66329070E-01  1.20740004E-03  1.51081059E+00 -8.63809696E+00 -8.63809696E+00  0.00000000E+00
     641  1.68411881E+00  2.83697997E+00  8.05662005E+00  6.66328520E-01  1.20956136E-03  1.51576073E+00 -8.63769732E+00 -8.63769732E+00  0.00000000E+00
     651  1.68414882E+00  2.83707412E+00  8.05707733E+00  6.66331726E-01  1.19798696E-03  1.51256721E+00 -8.63751471E+00 -8.63751471E+00  0.00000000E+00
     661  1.68408014E+00  2.83684549E+00  8.05581142E+00  6.66330377E-01  1.20247361E-03  1.50684551E+00 -8.63733105E+00 -8.63733105E+00  0.00000000E+00
     671  1.68393728E+00  2.83637417E+00  8.05324313E+00  6.66325890E-01  1.21894191E-03  1.49407384E+00 -8.63733836E+00 -8.63733836E+00  0.00000000E+00
     681  1.68373249E+00  2.83569347E+00  8.04948148E+00  6.66321608E-01  1.23387453E-03  1.50555034E+00 -8.63731787E+00 -8.63731787E+00  0.00000000E+00
     691  1.68346384E+00  2.83479095E+00  8.04438590E+00  6.66320470E-01  1.23737490E-03  1.50171605E+00 -8.63665084E+00 -8.63665084E+00  0.00000000E+00
     701  1.68337552E+00  2.83449227E+00  8.04267931E+00  6.66320947E-01  1.23516553E-03  1.49769395E+00 -8.63647802E+00 -8.63647802E+00  0.00000000E+00
     711  1.68335686E+00  2.83443034E+00  8.04233708E+00  6.66320565E-01  1.23663904E-03  1.52013725E+00 -8.63613465E+00 -8.63613465E+00  0.00000000E+00
     721  1.68327213E+00  2.83414019E+00  8.04063776E+00  6.66322759E-01  1.22848532E-03  1.53161424E+00 -8.63634643E+00 -8.63634643E+00  0.00000000E+00
     731  1.68331768E+00  2.83429171E+00  8.04147516E+00  6.66323688E-01  1.22541893E-03  1.51733486E+00 -8.63634278E+00 -8.63634278E+00  0.00000000E+00
     741  1.68343038E+00  2.83466546E+00  8.04353151E+00  6.66326369E-01  1.21592673E-03  1.52410525E+00 -8.63542125E+00 -8.63542125E+00  0.00000000E+00
     751  1.68333798E+00  2.83434571E+00  8.04162132E+00  6.66330339E-01  1.20146194E-03  1.51184314E+00 -8.63518412E+00 -8.63518412E+00  0.00000000E+00
     761  1.68346050E+00  2.83475529E+00  8.04391224E+00  6.66331721E-01  1.19655687E-03  1.50127263E+00 -8.63535918E+00 -8.63535918E+00  0.00000000E+00
     771  1.68339749E+00  2.83453879E+00  8.04263619E+00  6.66333688E-01  1.18929072E-03  1.49428731E+00 -8.63501738E+00 -8.63501738E+00  0.00000000E+00
     781  1.68350094E+00  2.83488026E+00  8.04449544E+00  6.66336951E-01  1.17785858E-03  1.49118284E+00 -8.63571496E+00 -8.63571496E+00  0.00000000E+00
     791  1.68327223E+00  2.83411410E+00  8.04019409E+00  6.66335027E-01  1.18432875E-03  1.50121505E+00 -8.63536055E+00 -8.63536055E+00  0.00000000E+00
