   #Iter           <M>_x           <M>_y           <M>_z             <M>        M_{stdv}
       0 -2.45373358E-01 -3.48163974E-02  5.39726676E-01  1.47891006E+00  2.19194530E-02
      50 -2.45377357E-01  3.84383496E-02  5.98586537E-01  1.46219380E+00  5.35660303E-02
     100 -2.28005908E-01  4.10608498E-02  6.26663104E-01  1.47972477E+00  4.45384547E-02
     150 -2.05568166E-01  8.58952160E-02  6.07758622E-01  1.43804475E+00  4.49796804E-02
     200 -1.92674846E-01  7.45306111E-02  6.15040412E-01  1.43715476E+00  4.20192904E-02
     250 -2.20010432E-01  1.41962629E-01  5.29710628E-01  1.44291856E+00  3.98961869E-02
     300 -1.88506594E-01  1.49211077E-01  5.46641985E-01  1.42535316E+00  2.44372463E-02
     350 -1.21101391E-01  1.52358693E-01  5.18044230E-01  1.46874682E+00  3.62391283E-02
     400 -9.30914975E-02  1.56800649E-01  5.52912642E-01  1.44609450E+00  4.17001334E-02
     450 -1.09175667E-01  1.00589914E-01  5.57578080E-01  1.45397119E+00  2.66991515E-02
     500 -1.48422715E-01  1.75902344E-01  5.26692785E-01  1.44266121E+00  1.57774624E-02
     550 -7.42252767E-02  1.53682146E-01  4.59136057E-01  1.38968791E+00  2.63260769E-02
     600 -4.79922459E-02  1.08155941E-01  5.30211783E-01  1.45216490E+00  1.91280929E-02
     650 -1.09101486E-01  6.99208016E-02  4.56894319E-01  1.43424056E+00  2.37233239E-02
     700 -1.07180240E-01  3.48927092E-02  4.16120507E-01  1.46090608E+00  4.19395366E-02
     750 -1.08126007E-01  3.62160536E-02  4.89858399E-01  1.49628531E+00  2.52822423E-02
     800 -9.62104166E-02  6.73873785E-02  4.72047706E-01  1.46127875E+00  4.48914983E-02
     850 -1.34860821E-01  7.88173711E-02  4.08880784E-01  1.46693922E+00  3.99270974E-02
     900 -1.64941330E-01  3.50843765E-02  3.95104989E-01  1.43811555E+00  4.54188885E-02
     950 -1.69271065E-01  4.24226686E-02  4.51816660E-01  1.43215799E+00  3.73487059E-02
    1000 -2.55144964E-01  7.74144662E-02  4.84697854E-01  1.49342425E+00  3.21863391E-02
    1050 -3.01833147E-01  4.73653259E-02  5.53519901E-01  1.43315736E+00  4.35429828E-02
    1100 -2.99632040E-01  7.10605852E-02  5.46434189E-01  1.43581994E+00  5.15967604E-02
    1150 -2.52750331E-01  7.90144601E-02  5.85721786E-01  1.44161643E+00  3.14026936E-02
    1200 -2.79777849E-01  3.58962246E-02  5.81912413E-01  1.41174731E+00  3.01967576E-02
    1250 -3.37889445E-01  3.43794100E-02  6.03631174E-01  1.42584649E+00  2.07701138E-02
    1300 -3.00569693E-01  4.78492425E-02  5.25375653E-01  1.46086183E+00  3.00265313E-02
    1350 -2.25915375E-01 -5.55679728E-03  4.68037393E-01  1.46822958E+00  3.96276950E-02
    1400 -2.05610470E-01  1.14476860E-02  5.40706266E-01  1.46736260E+00  2.40188425E-02
    1450 -1.84198769E-01  4.34798490E-02  5.25099645E-01  1.44716917E+00  4.55015346E-02
    1500 -9.01087933E-02  7.37545883E-02  4.51970175E-01  1.43784370E+00  4.67493930E-02
    1550 -8.83262015E-02 -6.46602490E-03  4.18536124E-01  1.44002202E+00  3.32843285E-02
    1600 -8.41829218E-03 -4.30317357E-02  3.32780958E-01  1.45262217E+00  3.25900903E-02
    1650  5.63764198E-02 -5.98677446E-02  3.51837848E-01  1.46536065E+00  1.87632037E-02
    1700  8.95601084E-02 -5.00284606E-02  2.74866496E-01  1.45676307E+00  4.16648327E-02
    1750  1.51208935E-01 -6.14479765E-02  2.59274199E-01  1.46504600E+00  3.67242166E-02
    1800  1.73653303E-01 -8.49043175E-02  2.74188446E-01  1.44256313E+00  3.97640903E-02
    1850  2.05663741E-01 -3.52888037E-02  2.21276063E-01  1.42935121E+00  3.15336160E-02
    1900  2.41059220E-01 -4.00776338E-02  2.15419585E-01  1.40914928E+00  4.60505613E-02
    1950  2.69128146E-01 -8.91338961E-02  1.97085764E-01  1.45499336E+00  2.68052758E-02
    2000  2.53049606E-01 -5.53632012E-02  1.75422911E-01  1.43773938E+00  3.85198974E-02
    2050  2.37000929E-01 -3.17130320E-02  2.57878016E-01  1.42823420E+00  2.99935956E-02
    2100  2.60307426E-01  2.06389681E-02  2.28292906E-01  1.44517496E+00  4.81309531E-02
    2150  2.90106854E-01  7.26528664E-02  2.50498200E-01  1.43167100E+00  4.72858119E-02
    2200  3.11602326E-01  9.33229359E-02  1.40633427E-01  1.46267178E+00  4.67456520E-02
    2250  2.96159534E-01  7.78361359E-02  8.25557100E-02  1.46892448E+00  4.88304406E-02
    2300  3.05605940E-01  3.68197002E-02  1.40297877E-02  1.46137793E+00  2.15230296E-02
    2350  2.37309781E-01  4.25348837E-03  2.23806483E-02  1.45145641E+00  3.48204627E-02
    2400  2.50950347E-01  4.95180397E-02  4.83931231E-02  1.47563682E+00  2.44144840E-02
    2450  2.27258949E-01  1.50611744E-02  7.06208906E-02  1.44159171E+00  1.30420679E-02
    2500  2.13494782E-01  1.87295786E-03  1.35956030E-01  1.46318759E+00  3.31168261E-02
    2550  1.84908280E-01 -6.77199345E-02  9.76080547E-02  1.45593710E+00  5.30158033E-02
    2600  2.34604942E-01 -3.05944934E-02  5.55434193E-02  1.45926361E+00  3.21832482E-02
    2650  2.62578295E-01  2.30147694E-02  4.91507777E-02  1.45313501E+00  3.87174717E-02
    2700  3.17908678E-01 -1.31484130E-02 -7.36026101E-02  1.47204593E+00  3.25475130E-02
    2750  2.57767069E-01 -8.58198937E-03 -2.07833005E-02  1.44999713E+00  3.49523327E-02
    2800  2.88452181E-01 -1.12728958E-02  2.30630144E-02  1.46483341E+00  3.45066251E-02
    2850  2.70988069E-01 -1.21044798E-02 -8.65494997E-03  1.48073545E+00  3.13160288E-02
    2900  2.63351365E-01  5.63674682E-02 -2.17029604E-02  1.46560379E+00  4.67714360E-02
    2950  2.91827313E-01  6.74675754E-03 -3.37251179E-02  1.45234922E+00  3.31872803E-02
    3000  2.92065209E-01 -6.67025217E-02 -1.45375896E-01  1.42604642E+00  7.57209712E-02
    3050  3.14890559E-01 -1.33481422E-02 -1.18895266E-01  1.44185702E+00  4.61657522E-02
    3100  2.92256154E-01  4.46164911E-02 -1.74511083E-01  1.45344094E+00  4.31249901E-02
    3150  3.31358825E-01  3.43105700E-02 -1.89174329E-01  1.43350674E+00  3.85274950E-02
    3200  3.27853496E-01 -9.26806715E-03 -1.95842351E-01  1.47154527E+00  2.13362339E-02
    3250  3.85946537E-01  5.98407342E-02 -1.24248727E-01  1.45241079E+00  2.95081140E-02
    3300  4.08860629E-01  8.50860760E-02 -6.86550285E-02  1.43498094E+00  3.37390240E-02
    3350  4.25675280E-01  1.05535348E-01 -1.13715905E-01  1.45601608E+00  3.16935069E-02
    3400  4.08582861E-01  8.81225542E-02 -7.80121709E-02  1.47628770E+00  5.47975103E-02
    3450  4.27836653E-01  8.47444341E-02 -1.15821985E-01  1.46985124E+00  2.08659057E-02
    3500  3.98432090E-01  1.39499856E-02 -1.47555609E-01  1.42423182E+00  2.96002359E-02
    3550  3.05820990E-01 -3.87669924E-02 -1.78789791E-01  1.49391442E+00  2.52320711E-02
    3600  2.10159021E-01 -1.29737697E-01 -8.67047698E-02  1.46919119E+00  1.74728841E-02
    3650  2.51739121E-01 -6.57110311E-02 -9.40855999E-02  1.45027273E+00  1.91726578E-02
    3700  2.39065740E-01 -5.46862464E-02 -1.63490822E-01  1.45046643E+00  3.75903423E-02
    3750  2.78013993E-01 -7.30134187E-03 -1.65077216E-01  1.49247723E+00  1.27052809E-02
    3800  2.26497547E-01 -1.11789627E-01 -7.64593413E-02  1.45545387E+00  3.39840141E-02
    3850  2.81906168E-01 -1.11263353E-01 -1.46733971E-01  1.45093907E+00  1.71985998E-02
    3900  2.94739158E-01 -7.79241759E-02 -1.64536955E-01  1.44463970E+00  1.01939324E-02
    3950  3.21874836E-01  2.12086349E-03 -1.13717582E-01  1.43438605E+00  1.22569232E-02
    4000  3.33232822E-01  8.24082635E-03 -1.48029579E-01  1.42714375E+00  2.86355215E-02
    4050  3.63462699E-01  3.17994464E-02 -2.31866168E-01  1.48784098E+00  2.20365838E-02
    4100  3.51888994E-01  3.50908989E-02 -1.33063438E-01  1.46122445E+00  5.22550929E-02
    4150  3.65733252E-01  1.43337575E-02 -1.37869883E-01  1.45973741E+00  3.37293860E-02
    4200  3.65922044E-01 -2.71874417E-02 -1.22316020E-01  1.43690586E+00  3.20884415E-02
    4250  3.16586263E-01 -1.40376130E-02 -1.32053336E-01  1.45870779E+00  1.81962161E-02
    4300  2.61967509E-01 -1.67991301E-02 -1.00997359E-01  1.44952073E+00  1.23862993E-02
    4350  3.19182246E-01 -3.24943751E-02 -1.34303563E-01  1.41846652E+00  2.91904316E-02
    4400  4.22638784E-01  2.80056494E-02 -2.14698090E-01  1.45737747E+00  3.84089178E-02
    4450  4.32212954E-01 -3.64139506E-03 -1.14892364E-01  1.45978673E+00  4.91676745E-02
    4500  4.37798461E-01 -6.83765086E-03 -1.89572260E-01  1.45050593E+00  5.75704366E-02
    4550  4.23243522E-01  5.50995189E-02 -1.80119075E-01  1.42465597E+00  3.57072229E-02
    4600  4.44541334E-01  5.48792380E-02 -1.70298296E-01  1.44449586E+00  4.66107986E-02
    4650  4.35699705E-01  8.12125823E-03 -1.37750338E-01  1.47309535E+00  3.77675847E-02
    4700  4.71105874E-01  5.12774413E-02 -7.85021687E-02  1.44602955E+00  3.89939067E-02
    4750  4.64846261E-01  1.12272466E-01 -5.97059879E-02  1.45036369E+00  5.62541542E-02
    4800  5.03512933E-01  2.00287443E-01 -6.09295960E-02  1.43883814E+00  5.23606903E-02
    4850  5.16680333E-01  2.28863441E-01 -1.20928301E-01  1.43028900E+00  1.94705605E-02
    4900  4.75090760E-01  1.19659605E-01 -1.85951490E-01  1.44731758E+00  1.65593877E-02
    4950  4.81580751E-01  1.56856776E-02 -1.56171332E-01  1.44131470E+00  2.09396848E-02
    5000  4.32749348E-01 -6.58274922E-02 -1.34569615E-01  1.47625505E+00  1.99663690E-02
    5050  4.33353444E-01 -4.32026944E-02 -1.39514981E-01  1.42577276E+00  3.47353624E-02
    5100  5.04007960E-01 -2.99625941E-02 -1.61292905E-01  1.45148636E+00  2.72775798E-02
    5150  4.30757744E-01 -7.96308044E-02 -1.54631197E-01  1.46073440E+00  3.11577608E-02
    5200  4.86568187E-01 -6.76047651E-02 -3.40185376E-02  1.43545716E+00  2.62770502E-02
    5250  4.39620182E-01 -1.15360518E-01  8.00514220E-03  1.45048233E+00  4.33446322E-02
    5300  3.87997025E-01 -1.41395819E-01  4.54296005E-02  1.44635930E+00  4.83030347E-02
    5350  3.49662555E-01 -1.86647470E-01  7.48004726E-02  1.46399356E+00  2.49432448E-02
    5400  3.73634649E-01 -1.54810637E-01 -2.26597430E-03  1.48702137E+00  2.86410149E-02
    5450  4.11323195E-01 -1.63593794E-01  3.56183228E-02  1.49560947E+00  2.34672403E-02
    5500  4.29644073E-01 -8.29567773E-02  8.66222957E-02  1.44138650E+00  2.61059362E-02
    5550  4.20459633E-01 -9.29518778E-02  1.21903074E-01  1.46003425E+00  1.76536747E-02
    5600  3.98126682E-01 -8.13559725E-02  1.44977605E-01  1.45413217E+00  3.92118482E-02
    5650  4.17992019E-01 -5.02900858E-02  1.52965903E-01  1.50021923E+00  3.02086862E-02
    5700  3.16671614E-01 -6.68210151E-02  1.56522040E-01  1.44388922E+00  3.30283883E-02
    5750  2.73671077E-01 -3.01837295E-02  1.15920049E-01  1.45344002E+00  4.50977995E-02
    5800  2.71181215E-01 -5.53471341E-02  1.37878273E-01  1.45232729E+00  5.83606588E-02
    5850  2.87186639E-01 -1.06003127E-01  9.90701396E-02  1.47915805E+00  3.80711406E-02
    5900  3.21150777E-01 -1.64457975E-01  1.23676313E-01  1.44131906E+00  1.45796508E-02
    5950  3.02029499E-01 -1.83919092E-01  1.10899198E-01  1.46585453E+00  3.29003356E-02
    6000  2.86847872E-01 -1.30446681E-01  8.82292012E-02  1.47234419E+00  3.77480824E-02
    6050  2.88843261E-01 -1.65108541E-01  1.12904375E-01  1.48468268E+00  2.39385298E-02
    6100  2.34780851E-01 -1.49313645E-01  1.29889188E-01  1.44335192E+00  1.48550583E-02
    6150  1.91858418E-01 -2.16196630E-01  8.34662361E-02  1.44001079E+00  2.46336139E-02
    6200  2.05587346E-01 -1.83310779E-01  1.71864139E-02  1.45208988E+00  2.76292423E-02
    6250  1.85439921E-01 -2.40145341E-01  5.60508869E-02  1.44941082E+00  4.02777841E-02
    6300  1.52858244E-01 -2.87641255E-01  3.01098885E-02  1.47414184E+00  3.74943903E-02
    6350  1.13543808E-01 -2.59860592E-01  7.31636660E-02  1.46071405E+00  6.98972499E-02
    6400  7.39079075E-02 -2.20612439E-01  1.59392878E-02  1.42262721E+00  2.53283495E-02
    6450  5.58376492E-02 -2.46753087E-01  6.30753218E-02  1.43862540E+00  3.61548084E-02
    6500  7.70181443E-02 -2.29353299E-01  4.54797431E-02  1.47217732E+00  1.99133937E-02
    6550  4.01189032E-02 -2.71009553E-01  7.12583265E-02  1.48948532E+00  5.21658758E-02
    6600  1.31494519E-01 -2.24698835E-01  3.83216435E-02  1.46198955E+00  4.89961116E-02
    6650  5.60869491E-02 -1.87154763E-01  4.34082264E-02  1.41351653E+00  2.03044241E-02
    6700  3.91428707E-03 -2.15494231E-01  7.99643474E-02  1.44951868E+00  1.84410863E-02
    6750  3.65687771E-02 -2.63767467E-01  7.53153873E-02  1.45649041E+00  3.72741538E-02
    6800 -7.68174555E-03 -2.81411213E-01  1.07866201E-01  1.41848629E+00  4.62988565E-02
    6850 -2.78201892E-02 -2.39991047E-01  1.26406569E-01  1.42500142E+00  4.15701559E-02
    6900 -8.65868359E-02 -3.04317210E-01  1.23578371E-01  1.39664017E+00  1.36846078E-02
    6950 -1.70844515E-01 -2.70751141E-01  1.41646439E-01  1.44307705E+00  3.12940677E-02
    7000 -2.14469130E-01 -3.13013330E-01  1.63851019E-01  1.43450830E+00  4.68504400E-02
    7050 -1.72406006E-01 -3.47164732E-01  1.19121991E-01  1.39479035E+00  4.73021322E-02
    7100 -1.76663385E-01 -2.95201017E-01  1.37153554E-01  1.43562314E+00  4.73137943E-02
    7150 -1.86432474E-01 -2.57552455E-01  1.14695931E-01  1.45984909E+00  4.41836157E-02
    7200 -1.93482947E-01 -1.92730465E-01  1.08767119E-01  1.40481589E+00  6.57931676E-02
    7250 -1.80113582E-01 -1.67735205E-01  1.14698324E-01  1.42982999E+00  3.68593812E-02
    7300 -1.41241071E-01 -1.89925759E-01  7.85080025E-02  1.40457617E+00  3.84910231E-02
    7350 -1.31166424E-01 -2.17220618E-01  7.15983239E-02  1.45538084E+00  2.81290772E-02
    7400 -6.46137557E-02 -2.52458425E-01  1.29088177E-01  1.46990423E+00  2.80850716E-02
    7450 -1.03407773E-01 -2.67842195E-01  1.64778496E-01  1.42316548E+00  3.24793477E-02
    7500 -1.25413468E-01 -2.72995040E-01  1.50425919E-01  1.42866247E+00  2.37212814E-02
    7550 -1.00665054E-01 -1.94208656E-01  1.42670940E-01  1.41806958E+00  3.90150879E-02
    7600 -1.39951263E-01 -1.81390877E-01  1.62800920E-01  1.42776110E+00  2.61712855E-02
    7650 -8.56762873E-02 -1.64967177E-01  1.94134066E-01  1.45966522E+00  2.88146223E-02
    7700 -6.27800200E-02 -1.59837831E-01  1.49859948E-01  1.43946900E+00  4.25550390E-02
    7750 -4.13809635E-02 -1.39721643E-01  5.26839659E-02  1.41943452E+00  3.88565016E-02
    7800 -4.81196391E-02 -9.57822206E-02  8.83129140E-03  1.43419638E+00  3.65974789E-02
    7850 -4.28350296E-02 -1.07085248E-01  6.54976405E-02  1.45600810E+00  4.07486951E-02
    7900 -7.23733413E-02 -2.87089938E-02  1.20878081E-01  1.44488745E+00  3.81356786E-02
    7950 -3.69879407E-02  1.48212487E-02  8.66989080E-02  1.44591167E+00  4.30703503E-02
    8000 -1.57983296E-02  1.09114013E-02  7.99488560E-02  1.41212845E+00  1.72313623E-02
    8050 -7.76391818E-02 -3.00511225E-02  1.19088491E-01  1.43597638E+00  3.77860329E-02
    8100 -9.53648520E-02  1.66425362E-02  1.53046320E-01  1.43530208E+00  3.73320781E-02
    8150 -1.14318821E-01  7.03113168E-02  8.30981337E-02  1.51173952E+00  2.35347626E-02
    8200 -4.32733501E-02  4.54270284E-02 -2.63100530E-02  1.44855514E+00  4.52661780E-02
    8250 -2.23534945E-02  1.58468136E-01 -3.41022075E-02  1.43138924E+00  4.35416444E-02
    8300 -2.45273144E-02  2.10641877E-01 -4.31214870E-03  1.47121733E+00  2.09429247E-02
    8350  4.53945590E-02  1.98642261E-01 -7.44115356E-02  1.45981938E+00  3.51114024E-02
    8400  2.62379486E-02  2.01136144E-01 -3.58130088E-02  1.43826442E+00  5.53753262E-02
    8450  1.64686877E-02  2.16036608E-01 -6.53132807E-02  1.42267604E+00  5.02363980E-02
    8500 -5.68739337E-02  1.65705779E-01 -2.45557090E-02  1.43902025E+00  2.47822264E-02
    8550 -5.35399724E-02  1.61068216E-01 -7.31235957E-02  1.43107729E+00  4.36559779E-02
    8600  6.76197205E-02  1.44956179E-01 -9.92191069E-02  1.40147429E+00  2.94170813E-02
    8650  5.14152134E-02  2.40417413E-01 -7.31825062E-02  1.41854159E+00  3.41903723E-02
    8700  1.22938469E-01  1.62330675E-01 -1.09901900E-01  1.45956927E+00  2.09987494E-02
    8750  3.18049191E-02  1.14677134E-01 -8.70171049E-02  1.42820861E+00  3.15722402E-02
    8800  6.25118102E-02  1.16331731E-01 -1.03968754E-01  1.40648396E+00  5.23819738E-02
    8850  3.44432244E-02  1.55625529E-01 -1.24473775E-01  1.48815205E+00  4.03509092E-02
    8900 -2.83896439E-02  1.41562254E-01 -8.42106039E-02  1.44102125E+00  2.55402841E-02
    8950  1.41381040E-02  1.57800419E-01 -9.62748215E-02  1.42757824E+00  2.69424275E-02
    9000  3.99263937E-02  9.42988701E-02 -1.47060548E-01  1.43014906E+00  2.34090171E-02
    9050  1.22135097E-01  1.15508945E-01 -1.71756349E-01  1.45058228E+00  2.95972855E-02
    9100  9.53731524E-02  1.74948829E-01 -2.11772591E-01  1.45302761E+00  3.97054791E-02
    9150  5.19158958E-02  1.65338076E-01 -1.55652558E-01  1.43238005E+00  3.83684703E-02
    9200  3.76859934E-02  2.03846362E-01 -1.58242948E-01  1.44179190E+00  3.05381953E-02
    9250  6.27406404E-03  2.93799841E-01 -1.98555211E-01  1.44116700E+00  3.80601654E-02
    9300 -1.72634503E-02  2.89555623E-01 -1.88417204E-01  1.45576583E+00  2.03909621E-02
    9350  2.07615219E-03  2.33250924E-01 -1.73623294E-01  1.45917754E+00  2.58121076E-02
    9400  6.81029362E-04  1.39754660E-01 -1.75575993E-01  1.45911244E+00  3.19389977E-02
    9450  8.29545099E-03  7.55172546E-02 -1.49702964E-01  1.47157408E+00  2.58239967E-02
    9500 -3.60551075E-02  5.88614446E-02 -1.58916614E-01  1.44092073E+00  3.79334413E-02
    9550 -1.00622935E-01  1.44381449E-01 -1.55649651E-01  1.40542705E+00  3.74822927E-02
    9600 -4.35573645E-02  1.57465220E-01 -1.88594752E-01  1.42947473E+00  4.81265253E-02
    9650 -3.53174884E-02  1.87818473E-01 -1.91294590E-01  1.45608040E+00  1.85483083E-02
    9700 -1.03711927E-01  2.00681372E-01 -1.99319719E-01  1.47936749E+00  2.56410065E-02
    9750 -1.00298759E-01  1.93605644E-01 -1.47464864E-01  1.45683702E+00  2.03695939E-02
    9800 -1.66963213E-01  1.64055069E-01 -1.62589484E-01  1.49649394E+00  2.14558685E-02
    9850 -1.12687925E-01  1.61803678E-01 -1.86694681E-01  1.46719144E+00  1.60554605E-02
    9900 -5.63538542E-02  1.43785563E-01 -1.91210918E-01  1.47077859E+00  2.31690053E-02
    9950 -3.13965606E-02  1.51557150E-01 -1.53197147E-01  1.43684343E+00  2.01356110E-02
   10000 -4.92497977E-02  1.34944705E-01 -1.93313250E-01  1.44687104E+00  1.49301096E-02
   10050 -8.29652502E-02  7.33840277E-02 -1.59472231E-01  1.44213536E+00  3.14076060E-02
   10100 -3.19321149E-02  1.09592499E-01 -9.70497192E-02  1.46150662E+00  3.13527443E-02
   10150 -1.26958002E-02  1.02998832E-01 -1.59825992E-01  1.42654636E+00  1.54889665E-02
   10200 -2.79529326E-02  7.01590908E-02 -2.56201886E-01  1.39820800E+00  2.89737560E-02
   10250  6.26647918E-03  1.03113261E-01 -2.46064517E-01  1.43588857E+00  1.49628260E-02
   10300  2.61894841E-02  1.89327858E-02 -1.84080641E-01  1.44106652E+00  2.96521063E-02
   10350  3.15244392E-02 -1.02160822E-02 -2.19481866E-01  1.44510170E+00  1.98246901E-02
   10400  1.68175058E-02 -2.12532972E-03 -2.47714653E-01  1.42485548E+00  4.33275794E-02
   10450  3.77324564E-02  2.14960264E-04 -1.51524507E-01  1.42993213E+00  5.43550375E-02
   10500  3.96915923E-02 -3.02586047E-02 -1.82720165E-01  1.41091652E+00  3.15632287E-02
   10550  1.89836936E-02 -1.26633973E-02 -1.17648692E-01  1.41778066E+00  2.64220603E-02
   10600  1.21055415E-01 -3.86481984E-03 -1.57952015E-01  1.43792257E+00  4.10110974E-02
   10650  6.10718935E-02  7.58130326E-02 -1.04210988E-01  1.46546497E+00  3.42221173E-02
   10700 -2.95757092E-03  7.34178024E-02 -1.25126662E-01  1.46633344E+00  3.97235073E-02
   10750 -2.47062517E-02  8.82362099E-02 -9.52233948E-02  1.45109537E+00  1.27699444E-02
   10800  4.12849157E-03  1.19712220E-01 -7.01573072E-02  1.43910148E+00  2.92576678E-02
   10850 -5.19310240E-03  1.94700839E-01 -3.57882848E-02  1.44791646E+00  5.03518610E-02
   10900 -5.12945433E-03  1.86050655E-01 -2.40942484E-02  1.42868019E+00  5.01815844E-02
   10950  4.01045701E-02  1.48038172E-01  9.42879590E-03  1.44420124E+00  3.94339431E-02
   11000  4.25289032E-02  1.91226823E-01 -2.22424340E-02  1.43206267E+00  2.41287506E-02
   11050  3.23657566E-02  2.48108285E-01  1.08515341E-01  1.43997737E+00  4.68506193E-02
   11100 -5.39112572E-03  3.03536236E-01  1.09509860E-01  1.46912900E+00  3.40582360E-02
   11150  1.96063861E-03  2.55465227E-01  7.27141686E-02  1.46641059E+00  3.00245240E-02
   11200 -7.52662955E-02  2.61102875E-01  1.21847509E-01  1.48429345E+00  2.20959184E-02
   11250 -9.91761886E-02  1.95458252E-01  5.53567096E-02  1.43101014E+00  3.95067176E-02
   11300 -3.79048360E-02  2.19608801E-01  5.24785687E-02  1.42398879E+00  2.45611516E-02
   11350 -3.56828182E-02  2.06304254E-01  1.38297025E-02  1.44754492E+00  2.61258926E-02
   11400 -1.23848699E-02  2.35864280E-01 -4.80660387E-04  1.45479729E+00  2.86724269E-02
   11450 -4.27316410E-02  2.16162103E-01  1.90676007E-02  1.47531013E+00  4.00122870E-02
   11500 -7.35551773E-02  2.39938312E-01  5.85882677E-03  1.48781848E+00  1.65043325E-02
   11550 -7.22157059E-02  2.28470189E-01  6.18720609E-03  1.46435321E+00  1.50261474E-02
   11600 -2.18067573E-02  2.30417920E-01  7.01342927E-03  1.44627841E+00  2.53586369E-02
   11650 -3.30410256E-02  1.99808345E-01  1.92582156E-02  1.44371211E+00  3.58414067E-02
   11700 -7.81289625E-03  2.04147683E-01  3.42607459E-02  1.44893495E+00  4.36001666E-02
   11750 -1.27473371E-02  2.29703173E-01 -2.69447355E-02  1.43925814E+00  2.22225646E-02
   11800 -1.01744708E-03  2.46105921E-01 -2.37389933E-03  1.45592239E+00  5.05629849E-02
   11850  1.71351371E-03  2.91553281E-01 -3.78885447E-02  1.47133220E+00  2.46067246E-02
   11900  3.24231068E-02  2.79455210E-01 -1.10150613E-01  1.44887759E+00  2.52653126E-02
   11950  4.21128637E-02  2.29852061E-01 -5.32173885E-02  1.44110112E+00  4.88377442E-02
   12000 -3.05821324E-03  2.00064943E-01 -3.38003461E-02  1.43845730E+00  2.73337859E-02
   12050 -2.60967733E-02  2.26133646E-01 -3.64317126E-02  1.43331834E+00  3.67060111E-02
   12100  1.50772706E-04  2.20644084E-01 -2.46976703E-02  1.43483139E+00  1.18393658E-02
   12150  1.33108575E-02  2.18997477E-01  1.88336873E-03  1.42865349E+00  3.76475676E-02
   12200 -4.32071066E-02  2.69198943E-01 -1.10838042E-02  1.43580043E+00  2.23060372E-02
   12250 -6.13859755E-02  3.00039308E-01  1.62124222E-02  1.45292740E+00  1.63681276E-02
   12300 -6.42044989E-02  3.54363626E-01  1.01179621E-01  1.44904971E+00  2.09005678E-02
   12350 -6.73129410E-02  3.75434925E-01  1.63462945E-01  1.45342198E+00  3.84559281E-02
   12400 -6.26543801E-02  3.44544416E-01  2.41490743E-01  1.44036656E+00  3.12870153E-02
   12450 -7.61422814E-02  4.51485729E-01  2.05853673E-01  1.44144920E+00  4.91269683E-02
   12500 -7.01200438E-02  4.46001567E-01  1.73583080E-01  1.43398489E+00  4.04995604E-02
   12550 -2.79512269E-02  4.60997258E-01  1.82302451E-01  1.45898616E+00  3.02244536E-02
   12600  2.72093532E-02  5.23829572E-01  1.99802115E-01  1.45417436E+00  2.81962640E-02
   12650  1.38141993E-02  5.62700787E-01  1.86898970E-01  1.48708301E+00  2.21112233E-02
   12700 -1.72392221E-02  5.54148540E-01  2.57247135E-01  1.44730030E+00  2.59537463E-02
   12750 -1.02604721E-02  5.54646633E-01  2.87737477E-01  1.45989592E+00  3.25935080E-02
   12800  5.04873097E-02  5.32258655E-01  3.39379330E-01  1.44937924E+00  3.02193892E-02
   12850  4.24897569E-02  5.38598281E-01  3.64837915E-01  1.42181364E+00  6.19657376E-02
   12900 -1.83452934E-02  5.81102010E-01  3.53245459E-01  1.46131201E+00  2.31327045E-02
   12950 -6.87193023E-02  5.89667135E-01  3.20007934E-01  1.44929316E+00  2.75845180E-02
   13000 -9.08657147E-02  5.53627342E-01  3.72604227E-01  1.43551773E+00  1.91376861E-02
   13050 -1.21584809E-01  5.35717911E-01  3.53776582E-01  1.43955870E+00  4.28344441E-02
   13100 -1.15906791E-01  5.50349870E-01  3.43194300E-01  1.44398966E+00  4.21656558E-02
   13150 -1.49654765E-01  5.50319353E-01  3.86741928E-01  1.42844021E+00  3.65043175E-02
   13200 -1.47032792E-01  5.01614201E-01  3.54834200E-01  1.42057140E+00  3.60586736E-02
   13250 -1.56253112E-01  4.79754852E-01  4.53509741E-01  1.46395188E+00  3.27463426E-02
   13300 -1.62207928E-01  4.14940333E-01  4.46105932E-01  1.44580188E+00  4.23585101E-02
   13350 -1.79106515E-01  4.28469398E-01  4.36752746E-01  1.44901747E+00  3.85099133E-02
   13400 -2.54482034E-01  4.15894532E-01  4.95489571E-01  1.45179044E+00  2.86669982E-02
   13450 -2.69288306E-01  3.92659078E-01  4.78335148E-01  1.45876214E+00  2.55360026E-02
   13500 -2.21460732E-01  3.89949454E-01  4.92859528E-01  1.47189957E+00  2.63707929E-02
   13550 -1.39012579E-01  3.84283676E-01  4.58087555E-01  1.44688747E+00  3.71484700E-02
   13600 -1.01991431E-01  4.14633261E-01  4.52349567E-01  1.43719979E+00  2.03163877E-02
   13650 -7.78573938E-02  4.32386234E-01  3.94376664E-01  1.46164367E+00  3.14138131E-02
   13700 -6.57964611E-02  3.43346555E-01  4.25562365E-01  1.44700744E+00  1.13964581E-02
   13750 -8.46118023E-02  3.71860112E-01  4.29413647E-01  1.45511901E+00  3.59315770E-02
   13800 -7.89045788E-02  3.87582916E-01  4.21690353E-01  1.43635903E+00  3.78593308E-02
   13850 -1.27683787E-01  3.49290184E-01  4.58304251E-01  1.42578650E+00  4.74443080E-02
   13900 -1.26505560E-01  3.26495832E-01  4.56891749E-01  1.43537787E+00  2.31030602E-02
   13950 -1.15071127E-01  2.69252416E-01  4.85799558E-01  1.45099703E+00  4.26946852E-02
   14000 -1.60464824E-01  1.96591137E-01  4.32357404E-01  1.40691762E+00  4.27076072E-02
   14050 -1.52987616E-01  1.67807305E-01  4.51167597E-01  1.44870852E+00  3.86992084E-02
   14100 -1.48638464E-01  1.65726859E-01  3.83002132E-01  1.43114879E+00  2.15327296E-02
   14150 -1.18387412E-01  1.56634540E-01  4.26270695E-01  1.45798082E+00  2.21073165E-03
   14200 -1.79857978E-01  1.91335314E-01  4.05522735E-01  1.42040263E+00  2.83553201E-02
   14250 -1.43153497E-01  2.49297465E-01  3.38974634E-01  1.39831444E+00  6.94745495E-02
   14300 -9.14388876E-02  2.69889653E-01  2.89298094E-01  1.43459351E+00  2.74527463E-02
   14350 -1.11662788E-01  2.28062423E-01  2.70867525E-01  1.44323985E+00  2.65757197E-02
   14400 -9.77433341E-02  2.01365807E-01  2.27076756E-01  1.46516489E+00  3.51462979E-02
   14450 -1.73729678E-01  2.53058783E-01  2.13473232E-01  1.45541793E+00  3.63796013E-02
   14500 -1.50025096E-01  2.34663046E-01  2.66703203E-01  1.45355173E+00  5.70862802E-02
   14550 -1.82109221E-01  2.79526106E-01  2.66667997E-01  1.47040711E+00  3.24348987E-02
   14600 -2.01053839E-01  1.49372654E-01  2.51686907E-01  1.46517491E+00  2.42975837E-02
   14650 -2.25305282E-01  9.93988997E-02  2.76052803E-01  1.47111793E+00  3.35119137E-02
   14700 -2.18264151E-01  1.18834814E-01  2.90151138E-01  1.45553778E+00  3.10648456E-02
   14750 -2.58189550E-01  1.40733290E-01  3.22364038E-01  1.45962417E+00  3.96888804E-02
   14800 -2.01536599E-01  1.66918688E-01  2.88732279E-01  1.41792698E+00  5.03685452E-02
   14850 -2.06993874E-01  1.50955718E-01  2.69684084E-01  1.44478811E+00  5.14831118E-02
   14900 -2.40770747E-01  1.57806175E-01  2.47809951E-01  1.45159598E+00  3.66415482E-02
   14950 -2.63581027E-01  1.78309644E-01  2.41198289E-01  1.47224672E+00  3.78574680E-02
   15000 -2.03448402E-01  1.43605274E-01  2.20866292E-01  1.44685337E+00  2.21933650E-02
   15050 -2.51619539E-01  1.33456538E-01  2.00615253E-01  1.45361626E+00  6.35143629E-02
   15100 -2.57161300E-01  1.39867178E-01  1.61039490E-01  1.45540920E+00  7.41082924E-02
   15150 -1.99287722E-01  1.73668721E-01  2.12323459E-01  1.43060658E+00  4.08389847E-02
   15200 -2.17520341E-01  1.83337292E-01  2.90337893E-01  1.46564500E+00  2.82983476E-02
   15250 -2.09137222E-01  1.98073930E-01  2.88974902E-01  1.43018772E+00  2.05040544E-02
   15300 -1.74257001E-01  3.09170533E-01  3.41484292E-01  1.44587758E+00  5.05184765E-02
   15350 -1.40037904E-01  3.22346207E-01  2.65359062E-01  1.43114028E+00  5.00070230E-02
   15400 -1.31618168E-01  3.48312344E-01  2.65119524E-01  1.45090840E+00  3.06410639E-02
   15450 -1.86841906E-01  3.33811367E-01  2.36967110E-01  1.45318570E+00  3.10008554E-02
   15500 -2.04849717E-01  3.85333446E-01  2.32452159E-01  1.42848881E+00  3.39301864E-02
   15550 -1.77125662E-01  4.30483154E-01  2.01173326E-01  1.44212566E+00  4.33617054E-02
   15600 -1.11620323E-01  4.32188161E-01  1.54141176E-01  1.43598336E+00  2.63397343E-02
   15650 -3.91811567E-02  4.21571261E-01  1.77409023E-01  1.42966836E+00  3.07942196E-02
   15700 -1.14360024E-02  3.76924277E-01  1.24516030E-01  1.44008437E+00  5.05941469E-02
   15750 -9.12882718E-02  4.12054776E-01  1.01499842E-01  1.46201400E+00  3.47597715E-02
   15800 -1.49288251E-01  4.06839307E-01  1.22254858E-01  1.45497803E+00  5.01005139E-02
   15850 -1.73271955E-01  4.05278622E-01  2.85068437E-02  1.47890306E+00  5.06737578E-02
   15900 -2.04748028E-01  3.79529528E-01  3.56771309E-02  1.46198555E+00  9.94777998E-03
   15950 -1.58033195E-01  4.37786900E-01  3.72653743E-02  1.45676383E+00  2.43449227E-02
   16000 -2.06523105E-01  3.81138195E-01  8.90186875E-02  1.46282965E+00  3.68595416E-02
   16050 -1.73858520E-01  4.40230198E-01  7.23916393E-02  1.46949622E+00  3.52513384E-02
   16100 -1.85808993E-01  4.55219248E-01  3.31548143E-02  1.43760715E+00  1.87700714E-02
   16150 -1.72210663E-01  4.75199614E-01  8.39379465E-03  1.45279913E+00  1.18370412E-02
   16200 -1.00475997E-01  5.99853735E-01  3.70604314E-02  1.43326748E+00  1.87567301E-02
   16250 -1.13581158E-01  5.94440384E-01  5.30032625E-02  1.43589418E+00  4.68971017E-02
   16300 -1.11668326E-01  5.63166129E-01 -1.04138092E-02  1.43349397E+00  4.86144050E-02
   16350 -1.24927261E-01  5.25063898E-01  1.58096982E-02  1.44036706E+00  1.61437638E-02
   16400 -5.17758116E-02  5.50236325E-01  1.04275837E-02  1.44626834E+00  2.09438789E-02
   16450 -8.41800498E-02  5.36892209E-01  9.01630360E-02  1.41219882E+00  1.05575248E-02
   16500 -3.24632498E-02  5.23595667E-01  1.47475191E-01  1.41638234E+00  7.17004767E-02
   16550 -8.62376815E-02  5.51716269E-01  6.74612672E-02  1.38261427E+00  4.53383736E-02
   16600 -6.90627523E-02  6.02688941E-01  8.03708446E-02  1.35054441E+00  6.38486070E-02
   16650 -4.79376774E-02  6.37301155E-01  5.32685055E-02  1.41049674E+00  3.49254601E-02
   16700 -1.19504429E-02  6.73999389E-01  7.10969171E-02  1.41486196E+00  3.28655249E-02
   16750 -7.96309649E-02  6.53899883E-01  5.13485140E-02  1.44058456E+00  1.96167649E-02
   16800 -6.03927929E-02  6.99698870E-01  7.51459112E-02  1.46152343E+00  3.08412485E-02
   16850 -6.42161515E-02  7.23029234E-01  5.03852176E-02  1.46594254E+00  1.59305257E-02
   16900 -7.78429092E-02  7.02550283E-01  8.17949455E-02  1.46306963E+00  2.39003115E-02
   16950 -9.49328042E-02  7.34362528E-01  8.32977605E-02  1.43402981E+00  2.20484959E-02
   17000 -1.16125364E-01  6.97147987E-01  1.67130279E-01  1.45167467E+00  3.08410168E-02
   17050 -6.29956430E-02  7.49440079E-01  1.37409306E-01  1.45587720E+00  4.18514658E-02
   17100 -1.14762229E-01  7.68833046E-01  1.17078048E-01  1.44554065E+00  1.89892588E-02
   17150 -1.42336834E-01  7.81923847E-01  1.40743573E-01  1.45193452E+00  3.19792055E-02
   17200 -1.40447773E-01  7.90653425E-01  8.11358337E-02  1.44636367E+00  2.66656587E-02
   17250 -1.37581346E-01  8.02889758E-01  4.59263019E-02  1.45362191E+00  2.23996082E-02
   17300 -7.11040507E-02  8.41022440E-01  8.92593693E-03  1.45982693E+00  1.66461477E-02
   17350 -9.26702591E-02  8.12362324E-01  4.75936855E-02  1.44588383E+00  3.35483869E-02
   17400 -1.44549939E-01  7.86534564E-01 -6.89670897E-02  1.44024722E+00  2.86165711E-02
   17450 -1.28092334E-01  7.87827628E-01 -5.42211562E-02  1.44661937E+00  3.81911117E-02
   17500 -5.79842782E-02  8.17566239E-01 -1.32690380E-01  1.46199912E+00  2.76427088E-02
   17550 -8.20023572E-02  7.96183943E-01 -1.61061079E-01  1.45352489E+00  2.12585068E-02
   17600 -6.66028308E-02  8.07289005E-01 -1.64312086E-01  1.40521251E+00  5.42370004E-02
   17650 -1.98930493E-02  7.99306286E-01 -1.56059941E-01  1.40897025E+00  4.99748816E-02
   17700  1.10721357E-02  8.26086734E-01 -1.09751820E-01  1.44662763E+00  3.99162467E-02
   17750 -8.11452048E-03  8.09128608E-01 -1.13596247E-01  1.43630318E+00  4.59338925E-02
   17800  7.32265676E-02  8.11206920E-01 -1.18420311E-01  1.44771066E+00  1.69849133E-02
   17850  7.24160039E-02  8.08939326E-01 -3.38662377E-02  1.43222482E+00  3.29928114E-02
   17900  1.05242028E-01  7.95190606E-01 -1.41232397E-02  1.42706652E+00  2.99355737E-02
   17950  1.27414428E-01  8.43288694E-01 -6.75021461E-02  1.39909831E+00  6.10043618E-02
   18000  2.52430562E-01  8.84631502E-01 -8.56266042E-02  1.47504617E+00  3.16160291E-02
   18050  1.90756704E-01  8.67307890E-01 -3.09436871E-02  1.45702082E+00  4.04871162E-02
   18100  1.37275101E-01  7.98052748E-01 -4.96002208E-02  1.45216820E+00  2.08729713E-02
   18150  7.67574794E-02  8.02046825E-01 -1.21197794E-01  1.43137270E+00  3.49578348E-02
   18200  6.55799759E-02  7.92736296E-01 -1.57212357E-01  1.44961732E+00  2.37186903E-02
   18250  9.99968000E-02  8.18517237E-01 -2.05850677E-01  1.43377933E+00  1.90404806E-02
   18300  4.77198827E-04  7.58868401E-01 -1.96049209E-01  1.45033508E+00  2.72331514E-02
   18350  3.77591224E-02  7.85372878E-01 -1.79103119E-01  1.46461044E+00  1.72914567E-02
   18400  3.82678150E-02  7.92781592E-01 -1.58721854E-01  1.43717833E+00  2.95295929E-02
   18450  6.20851887E-02  7.82962055E-01 -2.71648062E-01  1.44770820E+00  3.50286437E-02
   18500  5.16095700E-02  7.82496833E-01 -2.70952784E-01  1.45647799E+00  3.04200952E-02
   18550  1.00124049E-01  8.56374367E-01 -3.09754728E-01  1.47093793E+00  2.75289896E-02
   18600  1.38553731E-01  8.30152810E-01 -3.05703656E-01  1.44105129E+00  3.37043425E-02
   18650  4.98954492E-02  7.93852554E-01 -2.14128777E-01  1.44425707E+00  1.68522149E-02
   18700  4.87097701E-02  7.92955235E-01 -1.91293108E-01  1.46613339E+00  3.00920647E-02
   18750 -1.62675670E-02  7.41113383E-01 -1.81635665E-01  1.45570376E+00  3.26046203E-02
   18800  1.17455490E-03  7.18393519E-01 -1.78907601E-01  1.42798119E+00  2.36731579E-02
   18850  2.59998160E-02  7.25061651E-01 -1.16813774E-01  1.44739007E+00  4.18352458E-02
   18900  1.20535452E-01  7.54574766E-01 -1.26680898E-01  1.45134588E+00  6.41418572E-02
   18950  1.75346585E-01  7.17069920E-01 -1.46354286E-01  1.45970028E+00  2.11623503E-02
   19000  2.08955413E-01  6.21463763E-01 -7.79584986E-02  1.42376027E+00  4.60919840E-02
   19050  1.77940901E-01  5.88869280E-01 -1.28396838E-01  1.42370680E+00  3.57515019E-02
   19100  1.51247699E-01  6.00899684E-01 -1.13721000E-01  1.44407623E+00  3.61914740E-02
   19150  8.60851574E-02  6.34051741E-01 -1.71133599E-01  1.42862829E+00  1.64096853E-02
   19200  9.61359488E-02  6.86530626E-01 -8.07759711E-02  1.45605865E+00  3.85149187E-02
   19250  1.14446024E-01  6.66182691E-01 -1.01020589E-01  1.41396072E+00  4.98783680E-02
   19300  1.45500065E-01  6.60320440E-01 -1.07830709E-01  1.43874591E+00  2.92315042E-02
   19350  1.89868699E-01  6.32540961E-01 -1.01422206E-01  1.43996478E+00  2.60656263E-02
   19400  2.45563937E-01  7.29735756E-01 -1.08887907E-01  1.44942652E+00  3.03853478E-02
   19450  2.76544471E-01  7.32217734E-01 -7.79873790E-02  1.45829166E+00  3.66318482E-02
   19500  3.21340844E-01  7.37719478E-01 -6.61772834E-02  1.44771495E+00  2.67077682E-02
   19550  3.18005864E-01  7.05040052E-01 -8.12300761E-02  1.44139518E+00  2.21847985E-02
   19600  3.81189293E-01  6.87947385E-01 -8.26513052E-02  1.44831900E+00  1.40288401E-02
   19650  3.84579423E-01  6.63902055E-01 -4.27188683E-02  1.45229537E+00  2.84853245E-02
   19700  4.14972736E-01  5.99108340E-01 -1.07558486E-01  1.42868740E+00  5.47376438E-02
   19750  3.99011661E-01  7.00249139E-01 -1.96397254E-01  1.47956505E+00  1.40881742E-02
   19800  3.59891656E-01  6.48122200E-01 -1.34910410E-01  1.43424189E+00  3.41803637E-02
   19850  3.60151135E-01  6.86248931E-01 -2.81214345E-02  1.44602394E+00  3.21331984E-02
   19900  3.29505398E-01  6.35085335E-01 -8.34344268E-02  1.39490767E+00  4.82049596E-02
   19950  3.02118661E-01  7.22295496E-01 -1.20284419E-01  1.43370300E+00  5.07552840E-02
   20000  2.86167922E-01  7.22408219E-01 -1.25605500E-01  1.44151143E+00  3.07827927E-02
   20050  2.95470087E-01  7.29773549E-01 -1.60998845E-01  1.47280369E+00  2.86945145E-02
   20100  2.21931171E-01  7.35851767E-01 -2.03312801E-01  1.44748877E+00  1.74131467E-02
   20150  2.53700127E-01  7.42794677E-01 -2.13541277E-01  1.43690343E+00  1.99916409E-02
   20200  2.29159144E-01  7.78221835E-01 -1.38239224E-01  1.44749435E+00  3.01496610E-02
   20250  2.70210254E-01  7.04944387E-01 -1.99556875E-01  1.42820799E+00  3.80391126E-02
   20300  2.73461490E-01  7.73285795E-01 -1.73993060E-01  1.46556007E+00  6.15688553E-02
   20350  3.14331904E-01  6.98141102E-01 -1.74181273E-01  1.45165509E+00  9.78674665E-03
   20400  3.50773417E-01  7.49224086E-01 -1.66098818E-01  1.46608593E+00  2.46597252E-02
   20450  3.21018804E-01  7.12492075E-01 -1.88895475E-01  1.43268062E+00  2.10057591E-02
   20500  3.27934365E-01  6.86077309E-01 -1.81497677E-01  1.45543100E+00  2.23713822E-02
   20550  3.43046296E-01  6.79127737E-01 -1.09695637E-01  1.43699453E+00  2.05392405E-02
   20600  4.22524018E-01  6.99984294E-01 -1.52840407E-01  1.46100042E+00  5.32653875E-02
   20650  3.41098800E-01  6.84727939E-01 -1.79393629E-01  1.45290348E+00  3.15399868E-02
   20700  3.49432257E-01  6.63303056E-01 -1.92117235E-01  1.44802024E+00  2.32600079E-02
   20750  3.15559072E-01  7.13781924E-01 -2.72954231E-01  1.43800584E+00  2.51414559E-02
   20800  2.91469017E-01  7.65640088E-01 -3.15130443E-01  1.47898202E+00  4.09511373E-02
   20850  3.52051182E-01  7.36676074E-01 -3.50012894E-01  1.47238449E+00  2.64986710E-02
   20900  3.48352329E-01  6.86233229E-01 -3.33323198E-01  1.45361769E+00  5.40696956E-02
   20950  3.23532329E-01  6.87566793E-01 -2.81387569E-01  1.44094202E+00  3.43536814E-02
   21000  1.95139976E-01  6.56516031E-01 -3.54443726E-01  1.43946525E+00  3.50971083E-02
   21050  2.50076722E-01  6.91211636E-01 -3.26576459E-01  1.44615336E+00  5.15122775E-02
   21100  2.07460274E-01  6.30746185E-01 -3.13441290E-01  1.44747804E+00  4.75458133E-02
   21150  1.79288897E-01  5.98693604E-01 -2.79531350E-01  1.43148577E+00  1.65951016E-02
   21200  1.18203821E-01  6.17568028E-01 -2.65207776E-01  1.47003654E+00  2.06639157E-02
   21250  1.39023668E-01  6.43268382E-01 -2.13655322E-01  1.44597952E+00  2.95330393E-02
   21300  1.38852701E-01  6.46435658E-01 -2.00101634E-01  1.48248847E+00  2.80933082E-02
   21350  1.19863215E-01  6.54624350E-01 -1.67192391E-01  1.47800092E+00  1.45003656E-02
   21400  1.14432901E-01  5.75013584E-01 -1.64163091E-01  1.44884974E+00  5.81274121E-02
   21450  1.16144253E-01  6.27604192E-01 -1.74740195E-01  1.47852010E+00  1.98412271E-02
   21500  2.14079180E-01  6.33993595E-01 -2.17604164E-01  1.46518509E+00  2.87124080E-02
   21550  2.28293116E-01  6.36795601E-01 -1.28395873E-01  1.44678519E+00  1.86078809E-02
   21600  2.11500725E-01  6.09543829E-01 -8.73288872E-02  1.44408946E+00  1.81683960E-02
   21650  2.39484511E-01  6.66874026E-01 -1.38043569E-01  1.45717630E+00  2.99780961E-02
   21700  2.06693469E-01  6.83796247E-01 -1.64696689E-01  1.47680752E+00  2.28042718E-02
   21750  1.53947117E-01  6.03968579E-01 -1.72210672E-01  1.42567966E+00  2.41642778E-02
   21800  7.72004745E-02  5.71661015E-01 -1.57322715E-01  1.42743949E+00  2.87511146E-02
   21850  3.77330659E-02  6.26099883E-01 -1.66082007E-01  1.44828604E+00  2.81300888E-02
   21900  2.49833614E-02  6.25062383E-01 -1.95209004E-01  1.44646709E+00  2.16906811E-02
   21950  1.60910460E-03  5.53011236E-01 -2.53625064E-01  1.43964372E+00  1.80374746E-02
   22000 -9.29495578E-03  4.90427504E-01 -1.65023676E-01  1.41333109E+00  2.89471826E-02
   22050 -1.95021682E-02  4.45859799E-01 -1.27859235E-01  1.42811268E+00  5.07063212E-02
   22100 -1.58688117E-02  3.83230642E-01 -1.34541656E-01  1.43017802E+00  3.14407787E-02
   22150 -2.77669078E-02  4.18155761E-01 -6.74834375E-02  1.42382198E+00  2.76902727E-02
   22200 -5.08942832E-02  3.91960882E-01 -1.07386096E-01  1.43245642E+00  4.33103932E-02
   22250 -4.29038733E-02  4.18525891E-01 -7.68619362E-02  1.43687134E+00  3.25434358E-02
   22300 -5.35737617E-02  3.40385722E-01 -1.15338423E-01  1.45863919E+00  1.50577927E-02
   22350 -5.80318543E-02  3.34540436E-01 -1.40961096E-01  1.46204707E+00  3.01252696E-02
   22400 -2.53919759E-02  3.04935699E-01 -1.95630671E-01  1.46309596E+00  2.73203435E-02
   22450 -4.55761837E-02  3.45979978E-01 -1.85691813E-01  1.44505413E+00  2.50053792E-02
   22500 -3.86983771E-02  3.12538192E-01 -1.09518317E-01  1.42335463E+00  3.45272819E-02
   22550 -3.52845959E-02  4.09506860E-01 -1.69220090E-01  1.45469091E+00  2.06022970E-02
   22600  7.86355963E-03  3.72015487E-01 -1.83332639E-01  1.39747495E+00  3.70528689E-02
   22650  6.31233579E-02  4.17125279E-01 -1.30110986E-01  1.44795029E+00  3.63827282E-02
   22700  2.73177061E-03  3.84020444E-01 -1.42963403E-01  1.46763138E+00  3.98231314E-02
   22750  3.10084466E-02  3.36156740E-01 -1.48590010E-01  1.47099254E+00  3.42866827E-02
   22800  2.87791683E-02  3.33739893E-01 -1.37234166E-01  1.45229317E+00  3.48856537E-02
   22850  3.66084640E-02  3.20383313E-01 -1.66850678E-01  1.42550497E+00  3.70508722E-02
   22900  2.30966013E-02  2.61682249E-01 -2.01582818E-01  1.44344030E+00  3.69314320E-02
   22950 -1.23203938E-03  2.48107184E-01 -1.25064775E-01  1.45718997E+00  3.07944894E-02
   23000 -2.16280075E-02  1.21670499E-01 -9.75694859E-02  1.44037307E+00  3.77052427E-02
   23050  1.43705334E-02  1.82442249E-01 -1.35764460E-01  1.44106617E+00  4.12035617E-02
   23100  7.32107279E-03  1.50971823E-01 -1.67720714E-01  1.42244085E+00  8.64105005E-02
   23150  5.23642213E-02  1.83645909E-01 -1.27995911E-01  1.40190430E+00  7.06756772E-02
   23200  3.79216536E-02  1.26608993E-01 -1.43697233E-01  1.45182514E+00  4.99180470E-02
   23250  4.37650569E-02  1.59876879E-01 -1.18643805E-01  1.42788270E+00  4.75618184E-02
   23300 -2.43144551E-02  9.40578579E-02 -1.64340453E-01  1.42730355E+00  5.57175838E-02
   23350 -2.87626753E-02  6.12795069E-02 -2.23151994E-01  1.41326277E+00  5.37855633E-02
   23400 -6.64071270E-03  9.27475049E-02 -2.70180646E-01  1.42569802E+00  3.22035046E-02
   23450 -6.52536691E-02  2.36249459E-02 -3.01594840E-01  1.43672616E+00  3.55132095E-02
   23500 -1.32380213E-01 -2.88210481E-02 -3.35198453E-01  1.44495048E+00  1.66239329E-02
   23550 -1.52095418E-01 -3.11561723E-02 -3.47207205E-01  1.46510558E+00  3.68647898E-02
   23600 -8.34954076E-02  3.28641235E-02 -3.13426122E-01  1.45828606E+00  3.80853950E-02
   23650 -8.20073465E-02  2.93793123E-02 -3.13332678E-01  1.46483133E+00  4.59815625E-02
   23700 -6.89782575E-02  1.48349970E-02 -3.23087971E-01  1.46596339E+00  4.69908434E-02
   23750 -6.74492982E-02  3.12988102E-02 -3.48107970E-01  1.45798225E+00  2.91165596E-02
   23800 -3.08410727E-02  9.02318915E-02 -3.76628430E-01  1.43510695E+00  2.33222825E-02
   23850 -2.61730479E-02  1.05857498E-01 -4.15104031E-01  1.42324143E+00  4.03835214E-02
   23900 -3.71526105E-02  9.14713480E-02 -4.20606435E-01  1.45394753E+00  5.61313360E-02
   23950 -7.93203683E-02  7.92328239E-02 -3.67152452E-01  1.44787834E+00  3.55649037E-02
   24000 -6.53739151E-02  9.74403086E-02 -3.45429012E-01  1.45617358E+00  3.45920108E-02
   24050 -8.84827672E-02  6.77118636E-02 -2.65339808E-01  1.45577578E+00  5.31846614E-02
   24100 -1.71226850E-01  6.89690338E-02 -3.32874907E-01  1.42740982E+00  3.54432048E-02
   24150 -1.95440342E-01  3.00939521E-02 -3.31494849E-01  1.42600035E+00  3.07987633E-02
   24200 -2.43202005E-01  9.16947618E-03 -3.17557078E-01  1.40810892E+00  4.76404629E-02
   24250 -2.14789709E-01 -3.75155880E-03 -4.13783631E-01  1.43513305E+00  7.21176635E-02
   24300 -1.30500648E-01 -3.07071708E-02 -3.45168061E-01  1.47082102E+00  1.37497975E-02
   24350 -1.54738607E-01 -2.94865680E-03 -3.90312146E-01  1.45209370E+00  3.45886903E-02
   24400 -1.28800458E-01  4.32049012E-02 -3.79705734E-01  1.43819085E+00  5.09927775E-02
   24450 -1.22426831E-01  9.00220203E-03 -3.32756384E-01  1.42843780E+00  1.59089244E-02
   24500 -1.69707846E-01 -6.23327645E-02 -3.27389113E-01  1.44838105E+00  2.63598013E-02
   24550 -1.29054729E-01 -6.17653394E-02 -3.48701718E-01  1.46657403E+00  2.98286415E-02
   24600 -2.05638181E-01 -1.63196105E-02 -3.14918003E-01  1.45399275E+00  2.55395412E-02
   24650 -1.98399987E-01 -4.67144574E-02 -3.00280912E-01  1.44410451E+00  4.47499235E-02
   24700 -2.12596369E-01 -4.84478278E-02 -3.09344475E-01  1.44037347E+00  4.62119500E-02
   24750 -2.61782810E-01 -1.04701505E-01 -2.68752580E-01  1.44153463E+00  3.25241311E-02
   24800 -2.87661509E-01 -8.45365016E-02 -3.10796219E-01  1.45039840E+00  9.57846731E-03
   24850 -2.78243400E-01 -1.73801753E-01 -3.20048059E-01  1.42263642E+00  2.26940246E-02
   24900 -2.11725921E-01 -1.20386406E-01 -4.03321405E-01  1.44906976E+00  2.83701653E-02
   24950 -3.29490243E-01 -1.44416912E-01 -3.72424654E-01  1.46022002E+00  4.41452002E-02
   25000 -3.32599211E-01 -1.22375601E-01 -3.08572528E-01  1.45676507E+00  2.88985019E-02
   25050 -3.04110727E-01 -2.22741592E-01 -3.64460258E-01  1.44987994E+00  4.01541381E-02
   25100 -3.07471126E-01 -2.91748645E-01 -3.85054250E-01  1.50395557E+00  2.43446271E-02
   25150 -2.75910933E-01 -2.13619375E-01 -3.53316738E-01  1.44805452E+00  2.89873164E-02
   25200 -3.02797250E-01 -2.31362586E-01 -3.54840284E-01  1.43491471E+00  2.59029770E-02
   25250 -2.75698750E-01 -1.92917295E-01 -3.10562943E-01  1.41996420E+00  5.89108640E-02
   25300 -2.76635167E-01 -2.08691386E-01 -2.62111778E-01  1.43652876E+00  8.05484812E-02
   25350 -2.11980506E-01 -1.53220172E-01 -2.89680509E-01  1.42790822E+00  4.17284425E-02
   25400 -2.09845088E-01 -1.55689413E-01 -3.12907386E-01  1.47362673E+00  1.38702682E-02
   25450 -1.07923079E-01 -1.49141030E-01 -3.29285883E-01  1.47443532E+00  1.75205742E-02
   25500 -1.74930821E-01 -8.93562106E-02 -3.24748949E-01  1.44830435E+00  2.39360897E-02
   25550 -2.05288359E-01 -1.31855748E-01 -3.53524671E-01  1.43290266E+00  2.85966751E-02
   25600 -1.82290804E-01 -1.61436170E-01 -4.11627116E-01  1.44361050E+00  3.52826003E-02
   25650 -1.61828700E-01 -9.97119746E-02 -3.96122792E-01  1.46633008E+00  1.89709864E-02
   25700 -2.48169117E-01 -1.84133034E-01 -3.61453672E-01  1.46402693E+00  2.78728226E-02
   25750 -1.75428135E-01 -1.76879069E-01 -3.30313351E-01  1.43564284E+00  1.16301751E-02
   25800 -2.31021059E-01 -1.88458535E-01 -3.98810069E-01  1.43384300E+00  3.72885908E-02
   25850 -2.59717662E-01 -1.57864077E-01 -3.63395600E-01  1.45676851E+00  2.28551437E-02
   25900 -3.07671524E-01 -1.57659652E-01 -3.36049034E-01  1.46553116E+00  2.18101553E-02
   25950 -2.85678036E-01 -1.34419577E-01 -3.36751335E-01  1.45524198E+00  3.25426183E-02
   26000 -3.15922479E-01 -1.35083146E-01 -2.84847710E-01  1.43299721E+00  5.69009626E-02
   26050 -3.36051921E-01 -1.48034998E-01 -4.30307634E-01  1.44320948E+00  3.53567135E-02
   26100 -4.00833483E-01 -1.60857171E-01 -4.21815388E-01  1.43708482E+00  3.04293327E-02
   26150 -4.06042737E-01 -2.08883141E-01 -4.20082488E-01  1.44091665E+00  2.75399332E-02
   26200 -3.85086935E-01 -1.87637346E-01 -4.74843238E-01  1.46194462E+00  2.54539798E-02
   26250 -3.91003850E-01 -2.41601522E-01 -5.15623607E-01  1.48088334E+00  2.86337865E-02
   26300 -3.68196809E-01 -1.78056573E-01 -4.95348137E-01  1.42736917E+00  1.44891541E-02
   26350 -4.23326179E-01 -2.03843951E-01 -4.01512408E-01  1.45197178E+00  1.75019612E-02
   26400 -3.94267975E-01 -1.69592000E-01 -4.47799043E-01  1.44222624E+00  3.99750140E-02
   26450 -3.86015141E-01 -1.52420936E-01 -4.48111929E-01  1.43886052E+00  4.42749500E-02
   26500 -3.59372886E-01 -1.94180784E-01 -4.09564836E-01  1.43431940E+00  3.46758516E-02
   26550 -4.05176663E-01 -1.72737721E-01 -4.03210339E-01  1.45989405E+00  3.71674952E-02
   26600 -3.84054966E-01 -2.48276415E-01 -4.13312461E-01  1.45684603E+00  2.39974442E-02
   26650 -2.56730582E-01 -2.71010113E-01 -4.36800032E-01  1.42943473E+00  4.32167804E-02
   26700 -2.87636748E-01 -2.79064707E-01 -4.81596660E-01  1.40074304E+00  2.43636660E-02
   26750 -2.93341093E-01 -3.46261454E-01 -4.20178856E-01  1.43142119E+00  3.85213023E-02
   26800 -2.98786649E-01 -3.82459980E-01 -4.46830051E-01  1.43505671E+00  2.93047706E-02
   26850 -2.66571291E-01 -4.23899025E-01 -4.42764950E-01  1.45226731E+00  4.10503638E-02
   26900 -2.37422068E-01 -4.22116652E-01 -4.43622368E-01  1.46145244E+00  7.28605292E-03
   26950 -2.81144953E-01 -4.17205435E-01 -4.32734075E-01  1.42045081E+00  2.25341539E-02
   27000 -3.40946768E-01 -5.12518616E-01 -4.43849746E-01  1.44782679E+00  6.08997333E-02
   27050 -3.66962172E-01 -5.49970845E-01 -4.35380947E-01  1.45603281E+00  9.54956305E-03
   27100 -2.98295279E-01 -4.83804025E-01 -4.80945632E-01  1.46067738E+00  4.71355948E-02
   27150 -2.87631625E-01 -4.95364293E-01 -4.48477217E-01  1.43340582E+00  3.25095994E-02
   27200 -3.64240168E-01 -5.15856025E-01 -4.40658444E-01  1.45331262E+00  4.24965354E-03
   27250 -3.67658268E-01 -4.86619066E-01 -4.62346709E-01  1.41074512E+00  3.28718777E-02
   27300 -3.45037290E-01 -5.91101360E-01 -4.39450885E-01  1.44054634E+00  3.86156940E-02
   27350 -2.82424883E-01 -5.94627497E-01 -3.74503926E-01  1.45049308E+00  3.26038534E-02
   27400 -2.98543905E-01 -6.22906192E-01 -3.79814657E-01  1.43776604E+00  3.05085163E-02
   27450 -2.76663371E-01 -6.66403989E-01 -3.73577946E-01  1.43257482E+00  4.10729926E-02
   27500 -3.28222298E-01 -6.43207574E-01 -3.33891940E-01  1.41555536E+00  5.94050953E-02
   27550 -3.41706254E-01 -6.70877828E-01 -3.96989407E-01  1.44277606E+00  4.00796427E-02
   27600 -3.22992158E-01 -6.90063883E-01 -2.89437028E-01  1.42274357E+00  4.96744097E-02
   27650 -2.83821886E-01 -6.75265608E-01 -3.47780996E-01  1.46965681E+00  5.14265218E-02
   27700 -2.98642400E-01 -7.12008654E-01 -2.75595203E-01  1.45152843E+00  2.40321114E-02
   27750 -3.09213780E-01 -6.69843309E-01 -3.09640921E-01  1.45189078E+00  5.15474147E-02
   27800 -3.94137581E-01 -6.02012817E-01 -2.76216277E-01  1.42322419E+00  3.39598829E-02
   27850 -4.54135048E-01 -5.49335302E-01 -3.13967393E-01  1.43787133E+00  3.22092626E-02
   27900 -4.51305778E-01 -4.84455759E-01 -3.19626474E-01  1.47830542E+00  2.54985186E-02
   27950 -5.24756728E-01 -5.08464691E-01 -3.68126530E-01  1.44786679E+00  4.86188979E-02
   28000 -5.20547865E-01 -4.17980245E-01 -3.51435344E-01  1.42512728E+00  2.85427474E-02
   28050 -5.85152726E-01 -4.71381175E-01 -3.62348025E-01  1.44783525E+00  3.00532092E-02
   28100 -4.97150969E-01 -4.56621865E-01 -3.52745804E-01  1.48469779E+00  2.73360268E-02
   28150 -3.69289365E-01 -5.57458814E-01 -3.73454510E-01  1.44306022E+00  2.67855122E-02
   28200 -3.77069909E-01 -5.70849976E-01 -3.45220735E-01  1.45124033E+00  3.60396598E-02
   28250 -4.74091560E-01 -4.98892373E-01 -3.52528129E-01  1.47462362E+00  1.78771527E-02
   28300 -4.35440693E-01 -5.21534656E-01 -3.24066790E-01  1.44773453E+00  1.20570151E-02
   28350 -4.74754681E-01 -5.09067626E-01 -3.37596703E-01  1.46367251E+00  1.69396216E-02
   28400 -4.64463708E-01 -4.68605279E-01 -3.27709575E-01  1.43280701E+00  2.62805126E-02
   28450 -4.60326564E-01 -4.80257137E-01 -3.28124607E-01  1.42138711E+00  1.12066935E-02
   28500 -4.43429166E-01 -4.95014740E-01 -3.26924205E-01  1.41295902E+00  2.05762261E-02
   28550 -4.72811696E-01 -4.30155869E-01 -3.35972792E-01  1.45113571E+00  4.01787527E-02
   28600 -5.13891714E-01 -4.12955993E-01 -3.85399443E-01  1.43471652E+00  5.77620513E-02
   28650 -5.50492497E-01 -4.45900622E-01 -3.44302641E-01  1.44499543E+00  2.58416158E-02
   28700 -3.91515897E-01 -4.30259131E-01 -4.01445398E-01  1.44240042E+00  3.85148358E-02
   28750 -4.64472730E-01 -3.64347604E-01 -4.01690813E-01  1.46037447E+00  1.99609343E-02
   28800 -4.34818985E-01 -3.78764053E-01 -3.46180325E-01  1.46451154E+00  2.50912070E-02
   28850 -4.29857700E-01 -3.99945505E-01 -3.40949593E-01  1.46498249E+00  2.92449025E-02
   28900 -3.84810098E-01 -4.52909530E-01 -3.19810377E-01  1.44471999E+00  3.07938520E-02
   28950 -4.15744284E-01 -4.93305066E-01 -2.99296895E-01  1.43495419E+00  2.14199743E-02
   29000 -3.87032442E-01 -5.06958697E-01 -3.38115830E-01  1.44777412E+00  1.82687308E-02
   29050 -3.47459088E-01 -4.61029657E-01 -3.47196008E-01  1.45200747E+00  2.45640325E-02
   29100 -3.56975492E-01 -4.37874945E-01 -3.56601411E-01  1.45259326E+00  2.79825456E-02
   29150 -3.30652857E-01 -4.23658106E-01 -3.46953211E-01  1.43583500E+00  3.58065553E-02
   29200 -3.18348309E-01 -4.63494250E-01 -2.90612475E-01  1.45854536E+00  2.76407651E-02
   29250 -2.96310192E-01 -4.16893381E-01 -3.27198991E-01  1.45732955E+00  1.45974573E-02
   29300 -3.21875848E-01 -3.94842040E-01 -2.75448556E-01  1.45070149E+00  1.57628490E-02
   29350 -3.70815971E-01 -4.23452807E-01 -2.08906481E-01  1.45522239E+00  3.64486560E-02
   29400 -2.60988578E-01 -4.25024470E-01 -1.93554129E-01  1.42827032E+00  5.42691919E-02
   29450 -3.24449156E-01 -3.76170529E-01 -1.66334772E-01  1.40729995E+00  3.46364893E-02
   29500 -2.75260268E-01 -3.19530300E-01 -1.87266518E-01  1.41793830E+00  3.89064427E-02
   29550 -2.58995003E-01 -3.06313085E-01 -2.07773905E-01  1.43914783E+00  4.17808531E-02
   29600 -3.18605793E-01 -3.21438161E-01 -2.03962274E-01  1.43055994E+00  2.22646289E-02
   29650 -2.58061271E-01 -3.66486236E-01 -2.62795896E-01  1.47397174E+00  2.42038926E-02
   29700 -2.14943226E-01 -3.72862592E-01 -2.18170152E-01  1.47369172E+00  3.44838018E-02
   29750 -1.43035972E-01 -4.38226587E-01 -2.61510178E-01  1.48019371E+00  1.38135758E-02
   29800 -2.08577990E-01 -4.32352509E-01 -2.52135576E-01  1.49086327E+00  3.84611005E-02
   29850 -2.65996318E-01 -4.20246756E-01 -2.18240887E-01  1.45755316E+00  2.46141207E-02
   29900 -2.90946254E-01 -4.17507139E-01 -2.03150713E-01  1.44640291E+00  4.27644213E-02
   29950 -2.83184743E-01 -3.99401505E-01 -2.11174319E-01  1.47922179E+00  1.35058003E-02
   30000 -3.39788660E-01 -4.06012500E-01 -2.32217846E-01  1.45126799E+00  2.71995133E-02
   30050 -3.25252834E-01 -4.07496555E-01 -2.53639514E-01  1.42553628E+00  1.00874915E-02
   30100 -4.08188393E-01 -4.44120278E-01 -2.88946871E-01  1.44947823E+00  1.31277553E-02
   30150 -4.69425525E-01 -3.95176340E-01 -3.47273522E-01  1.44447541E+00  3.74074107E-02
   30200 -4.83716385E-01 -3.82240705E-01 -3.60020590E-01  1.45161421E+00  3.71616309E-02
   30250 -4.44796575E-01 -4.73847394E-01 -3.49655590E-01  1.48683216E+00  3.13803560E-02
   30300 -4.65293121E-01 -3.80462313E-01 -3.24372134E-01  1.47681466E+00  3.22248032E-02
   30350 -4.61970884E-01 -3.61368807E-01 -3.14197797E-01  1.46965632E+00  1.83497301E-02
   30400 -4.37969822E-01 -3.41836319E-01 -2.90128107E-01  1.48570365E+00  2.52184744E-02
   30450 -4.32866469E-01 -3.09519456E-01 -2.52249302E-01  1.45672971E+00  4.01381762E-02
   30500 -3.51026844E-01 -2.69342072E-01 -2.78101006E-01  1.46470871E+00  3.35528057E-02
   30550 -3.56040159E-01 -3.19099768E-01 -2.36824426E-01  1.47135994E+00  4.78230049E-02
   30600 -3.45077421E-01 -2.77226682E-01 -2.45356454E-01  1.44478258E+00  3.54253969E-02
   30650 -4.55599743E-01 -2.95131687E-01 -2.85198401E-01  1.42467295E+00  4.33632616E-02
   30700 -5.33624550E-01 -2.76187008E-01 -3.08412129E-01  1.46454687E+00  3.89196780E-02
   30750 -5.11308009E-01 -3.19151646E-01 -2.90717946E-01  1.42509322E+00  2.31321255E-02
   30800 -5.62035317E-01 -2.91241429E-01 -3.61067173E-01  1.44845028E+00  3.90902031E-02
   30850 -5.17105304E-01 -3.00497111E-01 -3.95275298E-01  1.44750894E+00  4.67333653E-02
   30900 -5.56052939E-01 -3.14189399E-01 -4.44596404E-01  1.44022100E+00  4.84423927E-02
   30950 -5.70160676E-01 -3.55559571E-01 -4.34706682E-01  1.44848179E+00  2.97165537E-02
   31000 -5.96325581E-01 -3.36892579E-01 -4.19478633E-01  1.45536909E+00  1.93227709E-02
   31050 -6.50319152E-01 -3.26250401E-01 -4.21740222E-01  1.46745907E+00  2.85472199E-02
   31100 -6.27050854E-01 -3.94210757E-01 -4.42287868E-01  1.47620451E+00  2.80823223E-02
   31150 -6.34625527E-01 -4.41287301E-01 -4.62278847E-01  1.46629473E+00  3.81559230E-02
   31200 -7.19827026E-01 -4.15296703E-01 -4.83484454E-01  1.47424640E+00  1.59614240E-02
   31250 -7.67205542E-01 -3.96432925E-01 -4.35857375E-01  1.46979798E+00  1.92533712E-02
   31300 -8.14521164E-01 -4.25233937E-01 -4.67198350E-01  1.47094443E+00  3.92718717E-02
   31350 -8.46395485E-01 -4.74051442E-01 -3.98154484E-01  1.44263520E+00  3.23582814E-02
   31400 -8.29434718E-01 -4.32582528E-01 -3.86826150E-01  1.43712433E+00  3.37995579E-02
   31450 -7.98970797E-01 -5.24128202E-01 -3.48372640E-01  1.46445136E+00  4.63313788E-02
   31500 -7.49366724E-01 -4.59081125E-01 -3.43098236E-01  1.41453299E+00  2.82068331E-02
   31550 -7.15463999E-01 -4.71440311E-01 -3.90009177E-01  1.42342114E+00  1.58367963E-02
   31600 -7.64844841E-01 -4.87785355E-01 -4.64575092E-01  1.43592918E+00  4.25180487E-02
   31650 -8.16670269E-01 -5.47200328E-01 -4.61139402E-01  1.44549237E+00  2.83171046E-02
   31700 -7.59075606E-01 -5.59216312E-01 -4.72080324E-01  1.43146673E+00  3.59074271E-02
   31750 -7.75706161E-01 -5.30506253E-01 -5.31176304E-01  1.46320395E+00  3.75075339E-02
   31800 -7.03508782E-01 -5.47158426E-01 -5.23601681E-01  1.46296109E+00  3.22090919E-02
   31850 -7.31676761E-01 -5.40724076E-01 -5.44919244E-01  1.45753995E+00  3.43464871E-02
   31900 -6.25216371E-01 -6.09378551E-01 -4.90970527E-01  1.42639349E+00  4.29521535E-02
   31950 -6.19387377E-01 -5.71155049E-01 -5.13519535E-01  1.41603470E+00  2.27565744E-02
   32000 -6.29563294E-01 -6.63032200E-01 -5.24517731E-01  1.46150496E+00  2.56579770E-02
   32050 -6.07170767E-01 -5.70717985E-01 -4.94822939E-01  1.42866047E+00  3.33678561E-02
   32100 -5.64165197E-01 -5.88736643E-01 -4.78818072E-01  1.42546179E+00  5.37916134E-02
   32150 -4.43669649E-01 -5.67887074E-01 -4.96296960E-01  1.46076566E+00  3.66569304E-02
   32200 -4.54624446E-01 -5.40356541E-01 -4.85346754E-01  1.46149951E+00  2.71539626E-02
   32250 -4.42375471E-01 -5.71871123E-01 -4.84814364E-01  1.45823817E+00  2.46467981E-02
   32300 -5.67940435E-01 -4.93546481E-01 -4.47587123E-01  1.46620688E+00  3.30766874E-02
   32350 -5.01742187E-01 -5.14897282E-01 -3.95233936E-01  1.45843110E+00  3.95476609E-02
   32400 -5.24482871E-01 -6.13512240E-01 -4.21523990E-01  1.46770457E+00  3.65450341E-02
   32450 -5.49114955E-01 -6.19483509E-01 -3.93597667E-01  1.47215172E+00  4.78966417E-02
   32500 -5.68019077E-01 -6.11635764E-01 -4.36302391E-01  1.46473120E+00  3.94403224E-02
   32550 -6.27367584E-01 -6.73705611E-01 -4.20704445E-01  1.48073917E+00  2.59311212E-02
   32600 -5.93509119E-01 -6.68959300E-01 -3.73746599E-01  1.45627997E+00  2.86895578E-02
   32650 -6.28600863E-01 -6.32667134E-01 -3.33184750E-01  1.43899337E+00  3.93587766E-02
   32700 -7.12862397E-01 -5.91113529E-01 -3.27230332E-01  1.44802727E+00  2.53101585E-02
   32750 -7.46854079E-01 -5.64377495E-01 -3.22634705E-01  1.42563731E+00  1.84545796E-02
   32800 -6.89761277E-01 -5.62085444E-01 -3.15608144E-01  1.42841578E+00  3.47311462E-02
   32850 -6.73450444E-01 -5.79512041E-01 -3.88771653E-01  1.43606312E+00  2.79431051E-02
   32900 -6.90788259E-01 -6.53296370E-01 -4.00825126E-01  1.45671526E+00  2.49925755E-02
   32950 -7.09861021E-01 -6.59907070E-01 -3.38245136E-01  1.45592522E+00  4.10219007E-02
   33000 -6.36151815E-01 -5.28776047E-01 -3.95897590E-01  1.42598818E+00  5.01311523E-02
   33050 -6.64291875E-01 -5.28541302E-01 -3.98503068E-01  1.43266042E+00  3.97429355E-02
   33100 -6.73155484E-01 -5.12757259E-01 -4.02979790E-01  1.44802814E+00  2.19234787E-02
   33150 -6.67195738E-01 -6.18286791E-01 -3.06087381E-01  1.43767033E+00  3.53853060E-02
   33200 -6.81259901E-01 -5.59520489E-01 -2.62163837E-01  1.45150942E+00  3.22282425E-02
   33250 -6.80902632E-01 -5.34530331E-01 -3.36289050E-01  1.44364168E+00  4.35993964E-02
   33300 -6.22594475E-01 -5.26514876E-01 -3.65430811E-01  1.43024490E+00  2.70566397E-02
   33350 -6.56373480E-01 -5.99099639E-01 -4.16176371E-01  1.45733269E+00  1.64061932E-02
   33400 -6.02736835E-01 -6.00869358E-01 -4.28686231E-01  1.45365958E+00  3.52630605E-02
   33450 -5.66607309E-01 -5.63071922E-01 -4.06221085E-01  1.41771373E+00  2.23836670E-02
   33500 -5.40699775E-01 -5.02853466E-01 -4.63269826E-01  1.43044454E+00  3.33048444E-02
   33550 -5.69552743E-01 -4.31668557E-01 -4.58776469E-01  1.42534092E+00  3.24757567E-02
   33600 -5.41097949E-01 -3.34996511E-01 -5.19575722E-01  1.41248578E+00  6.67840637E-02
   33650 -5.95878676E-01 -2.81992726E-01 -5.74151566E-01  1.45535441E+00  4.12857479E-02
   33700 -5.63371002E-01 -3.37914404E-01 -5.41867038E-01  1.45047290E+00  3.48112351E-02
   33750 -6.13151942E-01 -4.00088218E-01 -5.85290994E-01  1.46615939E+00  3.34707354E-02
   33800 -5.34387709E-01 -3.84817444E-01 -5.79643683E-01  1.44993212E+00  2.61176978E-02
   33850 -5.04595087E-01 -3.65376640E-01 -5.84976296E-01  1.43659932E+00  2.96077566E-02
   33900 -5.32645109E-01 -3.76290811E-01 -4.52288722E-01  1.42697800E+00  6.25225997E-02
   33950 -4.68274960E-01 -3.42287414E-01 -5.02718607E-01  1.43511996E+00  4.22876342E-02
   34000 -4.35351733E-01 -3.47702201E-01 -4.92193658E-01  1.43285827E+00  4.72341728E-02
   34050 -4.50112501E-01 -4.11662207E-01 -5.18103565E-01  1.44087323E+00  5.28378115E-02
   34100 -4.61003169E-01 -4.81081230E-01 -4.66672087E-01  1.44484888E+00  3.08823009E-02
   34150 -4.48938370E-01 -4.16176280E-01 -4.91540421E-01  1.45324899E+00  4.29957130E-02
   34200 -4.65339996E-01 -5.02992785E-01 -6.19652203E-01  1.46610197E+00  2.89530988E-02
   34250 -4.21037564E-01 -4.67658310E-01 -6.17112079E-01  1.45097216E+00  3.96437710E-02
   34300 -4.53393548E-01 -3.86814162E-01 -6.22186456E-01  1.47617130E+00  4.19304475E-02
   34350 -4.37442604E-01 -3.97263008E-01 -6.76028402E-01  1.48410506E+00  3.81610414E-02
   34400 -3.95674131E-01 -4.44048252E-01 -6.68112974E-01  1.46341127E+00  2.89097621E-02
   34450 -3.86050758E-01 -3.54039095E-01 -6.74973459E-01  1.45042932E+00  2.78778235E-02
   34500 -3.47722873E-01 -3.59816686E-01 -6.69638927E-01  1.44263890E+00  3.18597046E-02
   34550 -3.56682314E-01 -3.63615737E-01 -6.64488129E-01  1.45045457E+00  2.64484026E-02
   34600 -3.74053868E-01 -4.06402763E-01 -6.59320558E-01  1.48022659E+00  3.09102027E-02
   34650 -3.36877230E-01 -4.08408947E-01 -6.45728988E-01  1.46400173E+00  4.47877707E-02
   34700 -3.62812494E-01 -4.28763337E-01 -6.12206935E-01  1.42578599E+00  4.10720436E-02
   34750 -3.60981318E-01 -4.23640912E-01 -6.81972626E-01  1.45579210E+00  4.18089461E-02
   34800 -3.89380627E-01 -3.90632288E-01 -6.67596982E-01  1.44121893E+00  4.79582163E-02
   34850 -3.90654172E-01 -3.11000414E-01 -7.02057444E-01  1.44312666E+00  4.65475798E-02
   34900 -3.27790895E-01 -3.95172372E-01 -7.42295312E-01  1.41069729E+00  3.72095901E-02
   34950 -3.00515571E-01 -4.35877180E-01 -7.38446445E-01  1.41640767E+00  4.03607449E-02
   35000 -3.10089443E-01 -5.11215849E-01 -7.74520749E-01  1.44825926E+00  4.19285352E-02
   35050 -2.89597338E-01 -5.02112914E-01 -7.94828601E-01  1.42778736E+00  4.93903873E-02
   35100 -3.18912713E-01 -5.51627192E-01 -7.84246657E-01  1.44132949E+00  2.45082502E-02
   35150 -3.09990212E-01 -5.94445997E-01 -7.86841097E-01  1.45333045E+00  5.76115292E-02
   35200 -3.02959649E-01 -6.13446515E-01 -8.25421201E-01  1.45777093E+00  4.53357176E-02
   35250 -2.67890318E-01 -6.44046904E-01 -8.48310281E-01  1.44912092E+00  2.84036648E-02
   35300 -1.80351147E-01 -6.68198130E-01 -7.89231445E-01  1.43331614E+00  2.36154304E-02
   35350 -1.73408138E-01 -6.58180805E-01 -7.75809068E-01  1.43564940E+00  2.92578699E-02
   35400 -5.30603977E-02 -6.35451292E-01 -8.07569916E-01  1.46610920E+00  3.47840059E-02
   35450 -7.33189206E-02 -5.80278011E-01 -8.02046179E-01  1.42628067E+00  2.69719294E-02
   35500 -4.66942200E-02 -5.87855226E-01 -7.78200547E-01  1.42578724E+00  2.01332091E-02
   35550 -1.26134505E-01 -5.51852893E-01 -7.80664178E-01  1.40026196E+00  4.56237537E-02
   35600 -6.97113092E-02 -4.97719077E-01 -8.40533701E-01  1.42194683E+00  2.79125557E-02
   35650 -1.36630599E-01 -5.35510067E-01 -8.14537104E-01  1.42616382E+00  4.68812882E-02
   35700 -1.15465659E-01 -5.45810991E-01 -7.87168184E-01  1.42561637E+00  4.85786264E-02
   35750 -1.09652217E-01 -5.56310774E-01 -7.64118123E-01  1.42555808E+00  4.59629848E-02
   35800 -1.43688681E-01 -6.03029519E-01 -7.61479503E-01  1.43975899E+00  2.89000291E-02
   35850 -1.16023050E-01 -5.98915644E-01 -6.49289321E-01  1.43266353E+00  4.68433293E-02
   35900 -1.50038837E-01 -5.01441881E-01 -7.21630850E-01  1.41621374E+00  2.63322300E-02
   35950 -1.75009545E-01 -5.31282445E-01 -7.47228769E-01  1.44008486E+00  1.78645445E-02
   36000 -1.43654451E-01 -5.79539127E-01 -7.20215734E-01  1.45050863E+00  1.55801534E-02
   36050 -1.79601875E-01 -5.59901873E-01 -7.34279458E-01  1.45550566E+00  1.65057749E-02
   36100 -1.71458276E-01 -5.69114849E-01 -8.06521120E-01  1.44862542E+00  2.79389616E-02
   36150 -1.62433558E-01 -5.63748605E-01 -8.46900421E-01  1.47659719E+00  1.42444031E-02
   36200 -1.95285426E-01 -4.78750703E-01 -8.07011672E-01  1.41694099E+00  3.26235098E-02
   36250 -2.43738104E-01 -4.97972147E-01 -8.43428734E-01  1.43554303E+00  4.75801011E-02
   36300 -2.45590409E-01 -5.95299894E-01 -7.73841860E-01  1.41334725E+00  2.73318244E-02
   36350 -2.24329669E-01 -6.35074255E-01 -7.66345260E-01  1.43874182E+00  1.74637704E-02
   36400 -1.81593371E-01 -6.24311877E-01 -7.29630227E-01  1.45622772E+00  7.11637457E-03
   36450 -2.17769523E-01 -6.81743901E-01 -7.23626967E-01  1.44358545E+00  3.26918938E-02
   36500 -2.25324324E-01 -8.13898752E-01 -7.08209703E-01  1.45798853E+00  2.55677121E-02
   36550 -2.08705494E-01 -8.36521092E-01 -6.79311101E-01  1.44304556E+00  4.69223490E-02
   36600 -2.83376740E-01 -7.89420264E-01 -6.31702299E-01  1.43958203E+00  2.51564386E-02
   36650 -2.33075675E-01 -7.65194862E-01 -6.93652511E-01  1.45720276E+00  2.40437578E-02
   36700 -1.54229682E-01 -8.42112916E-01 -6.63037605E-01  1.48308874E+00  2.31655751E-02
   36750 -5.73970397E-02 -8.13859455E-01 -6.18929444E-01  1.45433028E+00  2.59937117E-02
   36800 -5.65818929E-02 -8.31060296E-01 -5.20295959E-01  1.42425983E+00  1.36251735E-02
   36850 -8.80011329E-02 -7.45267961E-01 -5.65051303E-01  1.43381116E+00  3.45521133E-02
   36900 -7.59639770E-02 -6.93472447E-01 -4.96659173E-01  1.42825646E+00  1.66083102E-02
   36950 -2.38494522E-02 -6.34737498E-01 -4.61112221E-01  1.42870653E+00  2.49845303E-02
   37000  7.56311393E-02 -6.58500514E-01 -4.31662473E-01  1.44642508E+00  2.26977181E-02
   37050  9.12606361E-02 -6.35670465E-01 -4.16820711E-01  1.42363530E+00  2.23982344E-02
   37100  9.65052900E-02 -6.16849799E-01 -4.06495949E-01  1.43210155E+00  2.00763611E-02
   37150  1.14159736E-01 -6.31495821E-01 -3.74190169E-01  1.40553550E+00  3.04243026E-02
   37200  1.15425583E-01 -5.68435295E-01 -3.99483297E-01  1.45330984E+00  2.00224510E-02
   37250  1.03899007E-01 -5.73447319E-01 -4.06301763E-01  1.45990941E+00  2.37895602E-02
   37300  5.86985441E-02 -5.56682967E-01 -3.91862750E-01  1.42286716E+00  3.60735980E-02
   37350  1.60437915E-01 -5.85797639E-01 -3.76931659E-01  1.41814996E+00  2.17471559E-02
   37400  1.22756746E-01 -5.83213680E-01 -3.60801869E-01  1.41520686E+00  2.14841711E-02
   37450  1.74762613E-01 -6.59102209E-01 -3.66583831E-01  1.44006502E+00  3.08406379E-02
   37500  1.50179310E-01 -6.58551996E-01 -3.28052871E-01  1.41841984E+00  2.61147158E-02
   37550  9.20455769E-02 -6.56184618E-01 -3.22589504E-01  1.43981460E+00  2.69529113E-02
   37600  1.05434454E-01 -6.63792253E-01 -2.96789716E-01  1.43724525E+00  4.36689995E-02
   37650  4.71866201E-02 -6.17715132E-01 -2.99777195E-01  1.43830035E+00  2.74271858E-02
   37700  3.68823081E-02 -5.92159593E-01 -3.46565647E-01  1.46920257E+00  2.02037654E-02
   37750  5.97109344E-02 -5.86230306E-01 -3.29337857E-01  1.44705578E+00  5.27178997E-02
   37800  9.95135989E-02 -5.84525103E-01 -2.47412363E-01  1.49461160E+00  1.80552978E-02
   37850  7.74312277E-02 -5.96962268E-01 -2.92895153E-01  1.43935955E+00  4.04806449E-02
   37900  2.81585624E-02 -5.99507218E-01 -3.00377739E-01  1.45198858E+00  2.96432796E-02
   37950  8.91935914E-03 -5.76303394E-01 -3.32259971E-01  1.45089185E+00  3.12324419E-02
   38000  1.37904170E-02 -5.85585034E-01 -2.86309535E-01  1.46742188E+00  2.77769799E-02
   38050  3.39642907E-03 -5.12584538E-01 -3.03917297E-01  1.40496208E+00  1.49587465E-02
   38100  4.58006394E-02 -5.51925801E-01 -3.01126766E-01  1.42699682E+00  3.14279646E-02
   38150  3.43845859E-02 -5.45215863E-01 -3.36188836E-01  1.43724284E+00  4.82661104E-02
   38200 -7.19907407E-03 -5.58729514E-01 -3.62103179E-01  1.45194698E+00  3.99877220E-02
   38250  7.20256233E-03 -5.53974857E-01 -3.49435375E-01  1.44557712E+00  2.91708968E-02
   38300 -1.55460395E-02 -5.21080118E-01 -3.52040386E-01  1.44192132E+00  3.18363145E-02
   38350 -4.27573894E-02 -6.00540766E-01 -3.37960757E-01  1.44669078E+00  3.03369694E-02
   38400 -6.65545351E-02 -6.71109709E-01 -3.95329534E-01  1.45517461E+00  3.71832325E-02
   38450 -1.07563055E-01 -6.29386574E-01 -4.18685813E-01  1.46777053E+00  3.66653472E-02
   38500 -1.16924712E-01 -6.76784255E-01 -4.06079049E-01  1.44066285E+00  4.61243554E-02
   38550 -5.01553470E-02 -7.07953057E-01 -4.05874404E-01  1.43824239E+00  2.62767339E-02
   38600 -4.46316185E-02 -7.06886172E-01 -3.61192736E-01  1.41263021E+00  2.71970176E-02
   38650 -3.26576106E-02 -6.74524578E-01 -4.12163983E-01  1.43946216E+00  3.67156168E-02
   38700 -5.02023928E-02 -6.82927864E-01 -4.51942783E-01  1.45861580E+00  2.29880234E-02
   38750 -4.75139065E-02 -6.74283339E-01 -3.45706251E-01  1.43429950E+00  4.73184991E-02
   38800 -9.26149003E-03 -7.34264935E-01 -3.77874468E-01  1.46518797E+00  4.43493400E-02
   38850 -6.08135491E-02 -7.47503685E-01 -3.99581662E-01  1.44355630E+00  3.85345128E-02
   38900 -1.12844777E-01 -7.15830714E-01 -4.80512613E-01  1.43433107E+00  3.02110104E-02
   38950 -1.21147329E-01 -7.90220473E-01 -4.43044684E-01  1.45113334E+00  4.55801901E-02
   39000 -9.22877600E-02 -8.65999287E-01 -3.75581229E-01  1.46833834E+00  3.71784601E-02
   39050  2.73971429E-03 -8.89803357E-01 -3.35104421E-01  1.47084792E+00  4.73260256E-02
   39100 -1.33510407E-02 -8.51909496E-01 -3.65358640E-01  1.47338797E+00  1.75221513E-02
   39150 -3.74381028E-02 -8.70805159E-01 -3.27266126E-01  1.49692103E+00  2.66113612E-02
   39200 -5.11532255E-02 -8.80030943E-01 -3.03658158E-01  1.47115134E+00  1.68442743E-02
   39250 -9.31415477E-02 -9.24661385E-01 -3.47336433E-01  1.46873638E+00  2.84713801E-02
   39300 -1.73553729E-01 -8.37160489E-01 -3.67862227E-01  1.44212679E+00  1.47207246E-02
   39350 -1.39378450E-01 -8.71299979E-01 -3.78441072E-01  1.44373392E+00  4.36180406E-02
   39400 -1.50387480E-01 -8.44351362E-01 -4.15447618E-01  1.45184721E+00  2.28052083E-02
   39450 -9.69567943E-02 -8.83057848E-01 -4.02537607E-01  1.42537397E+00  2.05011643E-02
   39500 -1.37518212E-01 -9.16942758E-01 -5.04597174E-01  1.46605961E+00  2.27396294E-02
   39550 -1.01219795E-01 -9.28501671E-01 -4.52961076E-01  1.43321813E+00  4.47194779E-02
   39600 -7.59822740E-02 -9.35896555E-01 -3.83463591E-01  1.44207329E+00  2.82693099E-02
   39650 -6.79246189E-02 -9.45700023E-01 -3.91343323E-01  1.48435707E+00  6.07296205E-02
   39700 -1.43454406E-01 -8.55603126E-01 -3.90724359E-01  1.43784873E+00  3.52403918E-02
   39750 -1.14026490E-01 -8.30431655E-01 -4.28929316E-01  1.42875944E+00  3.18889533E-02
   39800 -1.67912070E-01 -8.47841980E-01 -4.36173285E-01  1.44724265E+00  2.31839280E-02
   39850 -1.26234980E-01 -7.78711692E-01 -4.90096686E-01  1.42046066E+00  2.46852041E-02
   39900 -1.48916831E-01 -7.18662103E-01 -5.19809049E-01  1.42504959E+00  3.01511346E-02
   39950 -1.90493874E-01 -7.23646336E-01 -5.05051636E-01  1.45600259E+00  2.94930814E-02
