   #Iter             <M>           <M^2>           <M^4>      U_{Binder}            \chi        C_v(tot)             <E>       <E_{exc}>       <E_{lsf}>
       1  1.46897254E+00  2.16057352E+00  4.69127297E+00  6.65010379E-01  3.47193084E-03  2.12913192E-01 -7.22013965E+00 -7.22013965E+00  0.00000000E+00
      11  1.43722517E+00  2.06715216E+00  4.28590177E+00  6.65669447E-01  1.98009628E-03  1.58152669E+00 -7.27756108E+00 -7.27756108E+00  0.00000000E+00
      21  1.45076636E+00  2.10661286E+00  4.45360381E+00  6.65480944E-01  2.43626810E-03  1.75002630E+00 -7.29133271E+00 -7.29133271E+00  0.00000000E+00
      31  1.44629046E+00  2.09351601E+00  4.39748191E+00  6.65550745E-01  2.26878101E-03  1.92703479E+00 -7.27560473E+00 -7.27560473E+00  0.00000000E+00
      41  1.44452226E+00  2.08834588E+00  4.37527492E+00  6.65590017E-01  2.19325115E-03  1.60252835E+00 -7.27614937E+00 -7.27614937E+00  0.00000000E+00
      51  1.44806654E+00  2.09863594E+00  4.41877785E+00  6.65568867E-01  2.24212910E-03  1.50565727E+00 -7.26499376E+00 -7.26499376E+00  0.00000000E+00
      61  1.45038611E+00  2.10549718E+00  4.44867490E+00  6.65496946E-01  2.42012797E-03  1.78030110E+00 -7.26457629E+00 -7.26457629E+00  0.00000000E+00
      71  1.45266822E+00  2.11211890E+00  4.47669573E+00  6.65497323E-01  2.41577180E-03  1.68684800E+00 -7.26021859E+00 -7.26021859E+00  0.00000000E+00
      81  1.45256573E+00  2.11159408E+00  4.47259800E+00  6.65637366E-01  2.12307110E-03  1.59949978E+00 -7.25632343E+00 -7.25632343E+00  0.00000000E+00
      91  1.45092200E+00  2.10690560E+00  4.45353609E+00  6.65578980E-01  2.23142106E-03  1.71900644E+00 -7.25254387E+00 -7.25254387E+00  0.00000000E+00
     101  1.45070519E+00  2.10624470E+00  4.45049145E+00  6.65597845E-01  2.19045037E-03  1.79506303E+00 -7.25166016E+00 -7.25166016E+00  0.00000000E+00
     111  1.45216710E+00  2.11039983E+00  4.46727529E+00  6.65657199E-01  2.07622102E-03  1.77644168E+00 -7.25862330E+00 -7.25862330E+00  0.00000000E+00
     121  1.45404524E+00  2.11587757E+00  4.49063419E+00  6.65646900E-01  2.10132545E-03  1.87990400E+00 -7.26261951E+00 -7.26261951E+00  0.00000000E+00
     131  1.45421485E+00  2.11637983E+00  4.49285608E+00  6.65640225E-01  2.11290804E-03  1.95115905E+00 -7.26288397E+00 -7.26288397E+00  0.00000000E+00
     141  1.45111022E+00  2.10745487E+00  4.45590042E+00  6.65575833E-01  2.23536059E-03  1.94536188E+00 -7.25823282E+00 -7.25823282E+00  0.00000000E+00
     151  1.44872224E+00  2.10060279E+00  4.42760073E+00  6.65528344E-01  2.32906078E-03  2.10233868E+00 -7.25587860E+00 -7.25587860E+00  0.00000000E+00
     161  1.44709546E+00  2.09587428E+00  4.40759939E+00  6.65535210E-01  2.30629252E-03  2.04851175E+00 -7.25067360E+00 -7.25067360E+00  0.00000000E+00
     171  1.44730085E+00  2.09650772E+00  4.41056998E+00  6.65512008E-01  2.35652505E-03  2.09802856E+00 -7.25362996E+00 -7.25362996E+00  0.00000000E+00
     181  1.44568145E+00  2.09182651E+00  4.39096104E+00  6.65507023E-01  2.36124760E-03  2.12620725E+00 -7.24840059E+00 -7.24840059E+00  0.00000000E+00
     191  1.44602499E+00  2.09278048E+00  4.39461761E+00  6.65533609E-01  2.31041726E-03  2.12172187E+00 -7.24764962E+00 -7.24764962E+00  0.00000000E+00
     201  1.44709268E+00  2.09579212E+00  4.40658731E+00  6.65585793E-01  2.21075256E-03  2.08695973E+00 -7.24962995E+00 -7.24962995E+00  0.00000000E+00
     211  1.44548484E+00  2.09113533E+00  4.38701561E+00  6.65586618E-01  2.20303802E-03  2.13719696E+00 -7.24505177E+00 -7.24505177E+00  0.00000000E+00
     221  1.44562273E+00  2.09152320E+00  4.38855638E+00  6.65593233E-01  2.18911959E-03  2.17488367E+00 -7.24411950E+00 -7.24411950E+00  0.00000000E+00
     231  1.44695564E+00  2.09536166E+00  4.40450286E+00  6.65606632E-01  2.16708842E-03  2.15372066E+00 -7.24424795E+00 -7.24424795E+00  0.00000000E+00
     241  1.44699820E+00  2.09548062E+00  4.40497377E+00  6.65608850E-01  2.16168396E-03  2.11724555E+00 -7.24199543E+00 -7.24199543E+00  0.00000000E+00
     251  1.44651402E+00  2.09403801E+00  4.39857415E+00  6.65634439E-01  2.10800919E-03  2.06284320E+00 -7.24105294E+00 -7.24105294E+00  0.00000000E+00
     261  1.44697544E+00  2.09536001E+00  4.40401162E+00  6.65643402E-01  2.09109145E-03  2.02523952E+00 -7.24225008E+00 -7.24225008E+00  0.00000000E+00
     271  1.44702940E+00  2.09550142E+00  4.40448793E+00  6.65652368E-01  2.07209092E-03  2.03942647E+00 -7.24275395E+00 -7.24275395E+00  0.00000000E+00
     281  1.44650339E+00  2.09396368E+00  4.39791585E+00  6.65660745E-01  2.05184158E-03  2.01353190E+00 -7.24138063E+00 -7.24138063E+00  0.00000000E+00
     291  1.44612397E+00  2.09288360E+00  4.39351829E+00  6.65650227E-01  2.07429661E-03  2.01574624E+00 -7.24484473E+00 -7.24484473E+00  0.00000000E+00
     301  1.44663122E+00  2.09437911E+00  4.40002771E+00  6.65632881E-01  2.11062318E-03  1.99762572E+00 -7.24864304E+00 -7.24864304E+00  0.00000000E+00
     311  1.44632773E+00  2.09351732E+00  4.39654150E+00  6.65622686E-01  2.13148657E-03  2.02172493E+00 -7.24838516E+00 -7.24838516E+00  0.00000000E+00
     321  1.44677849E+00  2.09482038E+00  4.40199631E+00  6.65624199E-01  2.13015451E-03  2.00063149E+00 -7.24943494E+00 -7.24943494E+00  0.00000000E+00
     331  1.44558282E+00  2.09138924E+00  4.38781457E+00  6.65606927E-01  2.16518324E-03  1.98421349E+00 -7.24872350E+00 -7.24872350E+00  0.00000000E+00
     341  1.44509035E+00  2.08999708E+00  4.38220847E+00  6.65589104E-01  2.20566444E-03  1.95051450E+00 -7.24564029E+00 -7.24564029E+00  0.00000000E+00
     351  1.44548428E+00  2.09109281E+00  4.38644098E+00  6.65616824E-01  2.15029450E-03  1.93153389E+00 -7.24528085E+00 -7.24528085E+00  0.00000000E+00
     361  1.44504571E+00  2.08985127E+00  4.38145628E+00  6.65599845E-01  2.18402037E-03  1.94884916E+00 -7.24391238E+00 -7.24391238E+00  0.00000000E+00
     371  1.44546396E+00  2.09101989E+00  4.38601644E+00  6.65625868E-01  2.13201774E-03  1.90904002E+00 -7.24359799E+00 -7.24359799E+00  0.00000000E+00
     381  1.44539322E+00  2.09082292E+00  4.38525049E+00  6.65621267E-01  2.14173596E-03  1.88946411E+00 -7.24405270E+00 -7.24405270E+00  0.00000000E+00
     391  1.44524527E+00  2.09037923E+00  4.38326613E+00  6.65630680E-01  2.12107562E-03  1.88047489E+00 -7.24400438E+00 -7.24400438E+00  0.00000000E+00
     401  1.44510576E+00  2.08998948E+00  4.38174545E+00  6.65622007E-01  2.13844555E-03  1.93970758E+00 -7.24315722E+00 -7.24315722E+00  0.00000000E+00
     411  1.44501986E+00  2.08971988E+00  4.38045898E+00  6.65633920E-01  2.11094914E-03  1.92753736E+00 -7.24357819E+00 -7.24357819E+00  0.00000000E+00
     421  1.44535281E+00  2.09068430E+00  4.38451320E+00  6.65633152E-01  2.11362442E-03  1.91260789E+00 -7.24418547E+00 -7.24418547E+00  0.00000000E+00
     431  1.44589756E+00  2.09225268E+00  4.39102706E+00  6.65638249E-01  2.10509533E-03  1.90329904E+00 -7.24623117E+00 -7.24623117E+00  0.00000000E+00
     441  1.44555283E+00  2.09123709E+00  4.38662036E+00  6.65649290E-01  2.08082485E-03  1.90528791E+00 -7.24649704E+00 -7.24649704E+00  0.00000000E+00
     451  1.44538764E+00  2.09073461E+00  4.38431428E+00  6.65664414E-01  2.04867113E-03  1.87604263E+00 -7.24574203E+00 -7.24574203E+00  0.00000000E+00
     461  1.44524615E+00  2.09033405E+00  4.38270942E+00  6.65658697E-01  2.05954607E-03  1.90404433E+00 -7.24618885E+00 -7.24618885E+00  0.00000000E+00
     471  1.44474937E+00  2.08896444E+00  4.37749057E+00  6.65618785E-01  2.14472750E-03  1.91494551E+00 -7.24467397E+00 -7.24467397E+00  0.00000000E+00
     481  1.44487445E+00  2.08934207E+00  4.37921866E+00  6.65607692E-01  2.16561890E-03  1.88344833E+00 -7.24639229E+00 -7.24639229E+00  0.00000000E+00
     491  1.44470072E+00  2.08884775E+00  4.37720819E+00  6.65602997E-01  2.17552577E-03  1.90890405E+00 -7.24620576E+00 -7.24620576E+00  0.00000000E+00
     501  1.44469279E+00  2.08881124E+00  4.37695038E+00  6.65611004E-01  2.15800421E-03  1.89195169E+00 -7.24771232E+00 -7.24771232E+00  0.00000000E+00
     511  1.44508747E+00  2.08996889E+00  4.38193432E+00  6.65601003E-01  2.18004263E-03  1.88783425E+00 -7.24841393E+00 -7.24841393E+00  0.00000000E+00
     521  1.44524323E+00  2.09040356E+00  4.38362332E+00  6.65611218E-01  2.16006301E-03  1.87493383E+00 -7.24851302E+00 -7.24851302E+00  0.00000000E+00
     531  1.44546057E+00  2.09101067E+00  4.38599338E+00  6.65624675E-01  2.13275993E-03  1.85513086E+00 -7.24744577E+00 -7.24744577E+00  0.00000000E+00
     541  1.44531894E+00  2.09059682E+00  4.38422663E+00  6.65627026E-01  2.12707732E-03  1.85502222E+00 -7.24827183E+00 -7.24827183E+00  0.00000000E+00
     551  1.44510338E+00  2.08997944E+00  4.38168952E+00  6.65623060E-01  2.13436588E-03  1.88446750E+00 -7.24710439E+00 -7.24710439E+00  0.00000000E+00
     561  1.44519236E+00  2.09024128E+00  4.38283248E+00  6.65619628E-01  2.14040288E-03  1.89161761E+00 -7.24867542E+00 -7.24867542E+00  0.00000000E+00
     571  1.44525475E+00  2.09040578E+00  4.38339228E+00  6.65629549E-01  2.11998523E-03  1.89012668E+00 -7.24844062E+00 -7.24844062E+00  0.00000000E+00
     581  1.44550577E+00  2.09111229E+00  4.38619125E+00  6.65642090E-01  2.09530138E-03  1.88865868E+00 -7.24749963E+00 -7.24749963E+00  0.00000000E+00
     591  1.44538608E+00  2.09076739E+00  4.38475146E+00  6.65641561E-01  2.09676978E-03  1.88070933E+00 -7.24659403E+00 -7.24659403E+00  0.00000000E+00
     601  1.44594815E+00  2.09238275E+00  4.39143555E+00  6.65648714E-01  2.08414636E-03  1.86515565E+00 -7.24733325E+00 -7.24733325E+00  0.00000000E+00
     611  1.44659309E+00  2.09424565E+00  4.39922454E+00  6.65651308E-01  2.08078114E-03  1.85523288E+00 -7.24794740E+00 -7.24794740E+00  0.00000000E+00
     621  1.44652213E+00  2.09403969E+00  4.39835633E+00  6.65651531E-01  2.07993338E-03  1.85060679E+00 -7.24812121E+00 -7.24812121E+00  0.00000000E+00
     631  1.44671898E+00  2.09460432E+00  4.40068837E+00  6.65654586E-01  2.07362326E-03  1.83117256E+00 -7.24866865E+00 -7.24866865E+00  0.00000000E+00
     641  1.44658715E+00  2.09421689E+00  4.39901764E+00  6.65657849E-01  2.06588259E-03  1.81815614E+00 -7.24857797E+00 -7.24857797E+00  0.00000000E+00
     651  1.44713388E+00  2.09581009E+00  4.40579652E+00  6.65651540E-01  2.08017153E-03  1.83599318E+00 -7.24838027E+00 -7.24838027E+00  0.00000000E+00
     661  1.44687191E+00  2.09504955E+00  4.40258569E+00  6.65652588E-01  2.07709627E-03  1.82889784E+00 -7.24778475E+00 -7.24778475E+00  0.00000000E+00
     671  1.44667671E+00  2.09447666E+00  4.40012034E+00  6.65656989E-01  2.06670014E-03  1.83696776E+00 -7.24774965E+00 -7.24774965E+00  0.00000000E+00
     681  1.44650773E+00  2.09400838E+00  4.39832298E+00  6.65644067E-01  2.09326402E-03  1.84030948E+00 -7.24730632E+00 -7.24730632E+00  0.00000000E+00
     691  1.44686020E+00  2.09502671E+00  4.40258797E+00  6.65645127E-01  2.09132663E-03  1.83350972E+00 -7.24800948E+00 -7.24800948E+00  0.00000000E+00
     701  1.44673867E+00  2.09469013E+00  4.40130207E+00  6.65635357E-01  2.11080219E-03  1.84899814E+00 -7.24788902E+00 -7.24788902E+00  0.00000000E+00
     711  1.44652087E+00  2.09405984E+00  4.39865733E+00  6.65635087E-01  2.11062175E-03  1.84215379E+00 -7.24753778E+00 -7.24753778E+00  0.00000000E+00
     721  1.44614208E+00  2.09296550E+00  4.39407730E+00  6.65633856E-01  2.11237232E-03  1.82309682E+00 -7.24681965E+00 -7.24681965E+00  0.00000000E+00
     731  1.44596343E+00  2.09244153E+00  4.39182199E+00  6.65638077E-01  2.10296067E-03  1.80982118E+00 -7.24703154E+00 -7.24703154E+00  0.00000000E+00
     741  1.44589960E+00  2.09223864E+00  4.39082384E+00  6.65649235E-01  2.07938572E-03  1.80064021E+00 -7.24674624E+00 -7.24674624E+00  0.00000000E+00
     751  1.44546072E+00  2.09096122E+00  4.38540804E+00  6.65653489E-01  2.06847906E-03  1.81360587E+00 -7.24471073E+00 -7.24471073E+00  0.00000000E+00
     761  1.44563515E+00  2.09146778E+00  4.38755004E+00  6.65652199E-01  2.07140367E-03  1.81632582E+00 -7.24543162E+00 -7.24543162E+00  0.00000000E+00
     771  1.44563494E+00  2.09145589E+00  4.38740991E+00  6.65659075E-01  2.05682575E-03  1.82371450E+00 -7.24530641E+00 -7.24530641E+00  0.00000000E+00
     781  1.44570522E+00  2.09166536E+00  4.38833839E+00  6.65655299E-01  2.06492190E-03  1.80459946E+00 -7.24550292E+00 -7.24550292E+00  0.00000000E+00
     791  1.44601431E+00  2.09255567E+00  4.39204152E+00  6.65657841E-01  2.06040403E-03  1.81001725E+00 -7.24668496E+00 -7.24668496E+00  0.00000000E+00
